#
# There is insufficient memory for the Java Runtime Environment to continue.
# Native memory allocation (malloc) failed to allocate 952816 bytes. Error detail: Chunk::new
# Possible reasons:
#   The system is out of physical RAM or swap space
#   This process is running with CompressedOops enabled, and the Java Heap may be blocking the growth of the native heap
# Possible solutions:
#   Reduce memory load on the system
#   Increase physical memory or swap space
#   Check if swap backing store is full
#   Decrease Java heap size (-Xmx/-Xms)
#   Decrease number of Java threads
#   Decrease Java thread stack sizes (-Xss)
#   Set larger code cache with -XX:ReservedCodeCacheSize=
#   JVM is running with Unscaled Compressed Oops mode in which the Java heap is
#     placed in the first 4GB address space. The Java Heap base address is the
#     maximum limit for the native heap growth. Please use -XX:HeapBaseMinAddress
#     to set the Java Heap base and to place the Java Heap above 4GB virtual address.
# This output file may be truncated or incomplete.
#
#  Out of Memory Error (arena.cpp:168), pid=6744, tid=1504
#
# JRE version: OpenJDK Runtime Environment Temurin-21.0.9+10 (21.0.9+10) (build 21.0.9+10-LTS)
# Java VM: OpenJDK 64-Bit Server VM Temurin-21.0.9+10 (21.0.9+10-LTS, mixed mode, sharing, tiered, compressed oops, compressed class ptrs, parallel gc, windows-amd64)
# No core dump will be written. Minidumps are not enabled by default on client versions of Windows
#

---------------  S U M M A R Y ------------

Command Line: --add-modules=ALL-SYSTEM --add-opens=java.base/java.util=ALL-UNNAMED --add-opens=java.base/java.lang=ALL-UNNAMED --add-opens=java.base/sun.nio.fs=ALL-UNNAMED -Declipse.application=org.eclipse.jdt.ls.core.id1 -Dosgi.bundles.defaultStartLevel=4 -Declipse.product=org.eclipse.jdt.ls.core.product -Djava.import.generatesMetadataFilesAtProjectRoot=false -DDetectVMInstallationsJob.disabled=true -Dfile.encoding=utf8 -XX:+UseParallelGC -XX:GCTimeRatio=4 -XX:AdaptiveSizePolicyWeight=90 -Dsun.zip.disableMemoryMapping=true -Xmx2G -Xms100m -Xlog:disable -javaagent:c:\Users\Administrator\.antigravity\extensions\redhat.java-1.51.0-win32-x64\lombok\lombok-1.18.39-4050.jar -XX:+HeapDumpOnOutOfMemoryError -XX:HeapDumpPath=c:\Users\Administrator\AppData\Roaming\Antigravity\User\workspaceStorage\9dc1cad281cafc8938dd036e9dabeaab\redhat.java -Daether.dependencyCollector.impl=bf c:\Users\Administrator\.antigravity\extensions\redhat.java-1.51.0-win32-x64\server\plugins\org.eclipse.equinox.launcher_1.7.100.v20251111-0406.jar -configuration c:\Users\Administrator\AppData\Roaming\Antigravity\User\globalStorage\redhat.java\1.51.0\config_win -data c:\Users\Administrator\AppData\Roaming\Antigravity\User\workspaceStorage\9dc1cad281cafc8938dd036e9dabeaab\redhat.java\jdt_ws --pipe=\\.\pipe\lsp-4b86d8473bae55ac918134035dab72a1-sock

Host: Intel(R) Core(TM) i5-8265U CPU @ 1.60GHz, 8 cores, 3G,  Windows 10 , 64 bit Build 18362 (10.0.18362.1500)
Time: Sun Jan 25 17:35:02 2026 SE Asia Standard Time elapsed time: 10.521884 seconds (0d 0h 0m 10s)

---------------  T H R E A D  ---------------

Current thread (0x0000010f324067f0):  JavaThread "C2 CompilerThread0" daemon [_thread_in_native, id=1504, stack(0x0000000327a00000,0x0000000327b00000) (1024K)]


Current CompileTask:
C2:10521 3201       4       java.lang.invoke.MethodType::makeImpl (109 bytes)

Stack: [0x0000000327a00000,0x0000000327b00000]
Native frames: (J=compiled Java code, j=interpreted, Vv=VM code, C=native code)
V  [jvm.dll+0x6d6e29]
V  [jvm.dll+0x8b4b76]
V  [jvm.dll+0x8b712e]
V  [jvm.dll+0x8b7813]
V  [jvm.dll+0x283d86]
V  [jvm.dll+0xc66ed]
V  [jvm.dll+0xc6c31]
V  [jvm.dll+0x2facee]
V  [jvm.dll+0x5fde44]
V  [jvm.dll+0x255557]
V  [jvm.dll+0x25591d]
V  [jvm.dll+0x24df40]
V  [jvm.dll+0x24b482]
V  [jvm.dll+0x1cb13e]
V  [jvm.dll+0x25b29d]
V  [jvm.dll+0x25982a]
V  [jvm.dll+0x3f7ea6]
V  [jvm.dll+0x85e9ad]
V  [jvm.dll+0x6d565d]
C  [ucrtbase.dll+0x210b2]
C  [KERNEL32.DLL+0x17c24]
C  [ntdll.dll+0x6d721]


---------------  P R O C E S S  ---------------

Threads class SMR info:
_java_thread_list=0x0000010f90d7e540, length=21, elements={
0x0000010f32490920, 0x0000010f324005c0, 0x0000010f32401480, 0x0000010f324026a0,
0x0000010f324033b0, 0x0000010f32404f70, 0x0000010f324059c0, 0x0000010f324067f0,
0x0000010f8b7b4040, 0x0000010f8b963f40, 0x0000010f8ba11ad0, 0x0000010f903368f0,
0x0000010f903cfdd0, 0x0000010f903951f0, 0x0000010f903a3360, 0x0000010f3243bb90,
0x0000010f9034c7b0, 0x0000010f90b365a0, 0x0000010f90a99060, 0x0000010f90a460f0,
0x0000010f90a46780
}

Java Threads: ( => current thread )
  0x0000010f32490920 JavaThread "main"                              [_thread_blocked, id=14012, stack(0x0000000327000000,0x0000000327100000) (1024K)]
  0x0000010f324005c0 JavaThread "Reference Handler"          daemon [_thread_blocked, id=5680, stack(0x0000000327400000,0x0000000327500000) (1024K)]
  0x0000010f32401480 JavaThread "Finalizer"                  daemon [_thread_blocked, id=20248, stack(0x0000000327500000,0x0000000327600000) (1024K)]
  0x0000010f324026a0 JavaThread "Signal Dispatcher"          daemon [_thread_blocked, id=1556, stack(0x0000000327600000,0x0000000327700000) (1024K)]
  0x0000010f324033b0 JavaThread "Attach Listener"            daemon [_thread_blocked, id=17024, stack(0x0000000327700000,0x0000000327800000) (1024K)]
  0x0000010f32404f70 JavaThread "Service Thread"             daemon [_thread_blocked, id=3524, stack(0x0000000327800000,0x0000000327900000) (1024K)]
  0x0000010f324059c0 JavaThread "Monitor Deflation Thread"   daemon [_thread_blocked, id=16664, stack(0x0000000327900000,0x0000000327a00000) (1024K)]
=>0x0000010f324067f0 JavaThread "C2 CompilerThread0"         daemon [_thread_in_native, id=1504, stack(0x0000000327a00000,0x0000000327b00000) (1024K)]
  0x0000010f8b7b4040 JavaThread "C1 CompilerThread0"         daemon [_thread_blocked, id=14796, stack(0x0000000327b00000,0x0000000327c00000) (1024K)]
  0x0000010f8b963f40 JavaThread "Common-Cleaner"             daemon [_thread_blocked, id=20420, stack(0x0000000327c00000,0x0000000327d00000) (1024K)]
  0x0000010f8ba11ad0 JavaThread "Notification Thread"        daemon [_thread_blocked, id=19712, stack(0x0000000327d00000,0x0000000327e00000) (1024K)]
  0x0000010f903368f0 JavaThread "Active Thread: Equinox Container: 6521f2cd-fa12-4432-b01d-d8ee2323533b"        [_thread_blocked, id=19620, stack(0x0000000328400000,0x0000000328500000) (1024K)]
  0x0000010f903cfdd0 JavaThread "Refresh Thread: Equinox Container: 6521f2cd-fa12-4432-b01d-d8ee2323533b" daemon [_thread_blocked, id=848, stack(0x0000000328600000,0x0000000328700000) (1024K)]
  0x0000010f903951f0 JavaThread "Framework Event Dispatcher: Equinox Container: 6521f2cd-fa12-4432-b01d-d8ee2323533b" daemon [_thread_blocked, id=19504, stack(0x0000000328700000,0x0000000328800000) (1024K)]
  0x0000010f903a3360 JavaThread "Start Level: Equinox Container: 6521f2cd-fa12-4432-b01d-d8ee2323533b" daemon [_thread_in_native, id=20452, stack(0x0000000328800000,0x0000000328900000) (1024K)]
  0x0000010f3243bb90 JavaThread "Bundle File Closer"         daemon [_thread_blocked, id=12900, stack(0x0000000328900000,0x0000000328a00000) (1024K)]
  0x0000010f9034c7b0 JavaThread "SCR Component Actor"        daemon [_thread_blocked, id=10908, stack(0x0000000328a00000,0x0000000328b00000) (1024K)]
  0x0000010f90b365a0 JavaThread "Worker-JM"                         [_thread_blocked, id=16736, stack(0x0000000328b00000,0x0000000328c00000) (1024K)]
  0x0000010f90a99060 JavaThread "JNA Cleaner"                daemon [_thread_blocked, id=12684, stack(0x0000000328c00000,0x0000000328d00000) (1024K)]
  0x0000010f90a460f0 JavaThread "Worker-0: Checking project encoding"        [_thread_blocked, id=8928, stack(0x0000000328d00000,0x0000000328e00000) (1024K)]
  0x0000010f90a46780 JavaThread "Worker-1"                          [_thread_blocked, id=11616, stack(0x0000000328e00000,0x0000000328f00000) (1024K)]
Total: 21

Other Threads:
  0x0000010f323e2680 VMThread "VM Thread"                           [id=17008, stack(0x0000000327300000,0x0000000327400000) (1024K)]
  0x0000010f324fb310 WatcherThread "VM Periodic Task Thread"        [id=16396, stack(0x0000000327200000,0x0000000327300000) (1024K)]
  0x0000010f324afe90 WorkerThread "GC Thread#0"                     [id=3068, stack(0x0000000327100000,0x0000000327200000) (1024K)]
  0x0000010f90132220 WorkerThread "GC Thread#1"                     [id=16676, stack(0x0000000327e00000,0x0000000327f00000) (1024K)]
  0x0000010f9036b510 WorkerThread "GC Thread#2"                     [id=17348, stack(0x0000000327f00000,0x0000000328000000) (1024K)]
  0x0000010f9036b8b0 WorkerThread "GC Thread#3"                     [id=12332, stack(0x0000000328000000,0x0000000328100000) (1024K)]
  0x0000010f9036bc50 WorkerThread "GC Thread#4"                     [id=20192, stack(0x0000000328100000,0x0000000328200000) (1024K)]
  0x0000010f90244b90 WorkerThread "GC Thread#5"                     [id=9508, stack(0x0000000328200000,0x0000000328300000) (1024K)]
  0x0000010f90244f30 WorkerThread "GC Thread#6"                     [id=16720, stack(0x0000000328300000,0x0000000328400000) (1024K)]
  0x0000010f90271210 WorkerThread "GC Thread#7"                     [id=15116, stack(0x0000000328500000,0x0000000328600000) (1024K)]
Total: 10

Threads with active compile tasks:
C2 CompilerThread0  10579 3201       4       java.lang.invoke.MethodType::makeImpl (109 bytes)
Total: 1

VM state: not at safepoint (normal execution)

VM Mutex/Monitor currently owned by a thread: None

Heap address: 0x0000000080000000, size: 2048 MB, Compressed Oops mode: 32-bit

CDS archive(s) mapped at: [0x0000010f49000000-0x0000010f49ba0000-0x0000010f49ba0000), size 12189696, SharedBaseAddress: 0x0000010f49000000, ArchiveRelocationMode: 1.
Compressed class space mapped at: 0x0000010f4a000000-0x0000010f8a000000, reserved size: 1073741824
Narrow klass base: 0x0000010f49000000, Narrow klass shift: 0, Narrow klass range: 0x100000000

GC Precious Log:
 CardTable entry size: 512
 CPUs: 8 total, 8 available
 Memory: 3889M
 Large Page Support: Disabled
 NUMA Support: Disabled
 Compressed Oops: Enabled (32-bit)
 Alignments: Space 512K, Generation 512K, Heap 2M
 Heap Min Capacity: 100M
 Heap Initial Capacity: 100M
 Heap Max Capacity: 2G
 Pre-touch: Disabled
 Parallel Workers: 8

Heap:
 PSYoungGen      total 29184K, used 18236K [0x00000000d5580000, 0x00000000d7a00000, 0x0000000100000000)
  eden space 25088K, 56% used [0x00000000d5580000,0x00000000d63513a0,0x00000000d6e00000)
  from space 4096K, 99% used [0x00000000d6e80000,0x00000000d727dde0,0x00000000d7280000)
  to   space 6144K, 0% used [0x00000000d7400000,0x00000000d7400000,0x00000000d7a00000)
 ParOldGen       total 68608K, used 8073K [0x0000000080000000, 0x0000000084300000, 0x00000000d5580000)
  object space 68608K, 11% used [0x0000000080000000,0x00000000807e24e8,0x0000000084300000)
 Metaspace       used 17734K, committed 18432K, reserved 1114112K
  class space    used 1858K, committed 2176K, reserved 1048576K

Card table byte_map: [0x0000010f31e30000,0x0000010f32240000] _byte_map_base: 0x0000010f31a30000

Marking Bits: (ParMarkBitMap*) 0x00007ffc9de42460
 Begin Bits: [0x0000010f44940000, 0x0000010f46940000)
 End Bits:   [0x0000010f46940000, 0x0000010f48940000)

Polling page: 0x0000010f302b0000

Metaspace:

Usage:
  Non-class:     15.50 MB used.
      Class:      1.81 MB used.
       Both:     17.32 MB used.

Virtual space:
  Non-class space:       64.00 MB reserved,      15.88 MB ( 25%) committed,  1 nodes.
      Class space:        1.00 GB reserved,       2.13 MB ( <1%) committed,  1 nodes.
             Both:        1.06 GB reserved,      18.00 MB (  2%) committed. 

Chunk freelists:
   Non-Class:  15.50 MB
       Class:  13.85 MB
        Both:  29.36 MB

MaxMetaspaceSize: unlimited
CompressedClassSpaceSize: 1.00 GB
Initial GC threshold: 21.00 MB
Current GC threshold: 21.00 MB
CDS: on
 - commit_granule_bytes: 65536.
 - commit_granule_words: 8192.
 - virtual_space_node_default_size: 8388608.
 - enlarge_chunks_in_place: 1.
 - use_allocation_guard: 0.


Internal statistics:

num_allocs_failed_limit: 0.
num_arena_births: 554.
num_arena_deaths: 0.
num_vsnodes_births: 2.
num_vsnodes_deaths: 0.
num_space_committed: 288.
num_space_uncommitted: 0.
num_chunks_returned_to_freelist: 0.
num_chunks_taken_from_freelist: 1214.
num_chunk_merges: 0.
num_chunk_splits: 770.
num_chunks_enlarged: 490.
num_inconsistent_stats: 0.

CodeHeap 'non-profiled nmethods': size=120000Kb used=1403Kb max_used=1403Kb free=118596Kb
 bounds [0x0000010f3d160000, 0x0000010f3d3d0000, 0x0000010f44690000]
CodeHeap 'profiled nmethods': size=120000Kb used=6725Kb max_used=6725Kb free=113274Kb
 bounds [0x0000010f35690000, 0x0000010f35d30000, 0x0000010f3cbc0000]
CodeHeap 'non-nmethods': size=5760Kb used=1279Kb max_used=1292Kb free=4481Kb
 bounds [0x0000010f3cbc0000, 0x0000010f3ce30000, 0x0000010f3d160000]
CodeCache: size=245760Kb, used=9407Kb, max_used=9420Kb, free=236351Kb
 total_blobs=3866, nmethods=3308, adapters=464, full_count=0
Compilation: enabled, stopped_count=0, restarted_count=0

Compilation events (20 events):
Event: 10.496 Thread 0x0000010f8b7b4040 nmethod 3290 0x0000010f35d17390 code [0x0000010f35d17580, 0x0000010f35d17b08]
Event: 10.496 Thread 0x0000010f8b7b4040 3292       3       org.apache.felix.scr.impl.manager.DependencyManager::hasGetPermission (37 bytes)
Event: 10.496 Thread 0x0000010f8b7b4040 nmethod 3292 0x0000010f35d17d10 code [0x0000010f35d17ec0, 0x0000010f35d180b8]
Event: 10.496 Thread 0x0000010f8b7b4040 3291       3       org.apache.felix.scr.impl.logger.ScrLogManager$ScrLoggerFacade::log (16 bytes)
Event: 10.496 Thread 0x0000010f8b7b4040 nmethod 3291 0x0000010f35d18190 code [0x0000010f35d18360, 0x0000010f35d18560]
Event: 10.496 Thread 0x0000010f8b7b4040 3295       3       jdk.internal.misc.Unsafe::weakCompareAndSetLong (11 bytes)
Event: 10.496 Thread 0x0000010f8b7b4040 nmethod 3295 0x0000010f35d18690 code [0x0000010f35d18820, 0x0000010f35d18948]
Event: 10.496 Thread 0x0000010f8b7b4040 3294       3       org.apache.felix.scr.impl.manager.DependencyManager::cardinalitySatisfied (14 bytes)
Event: 10.496 Thread 0x0000010f8b7b4040 nmethod 3294 0x0000010f35d18a10 code [0x0000010f35d18ba0, 0x0000010f35d18d00]
Event: 10.496 Thread 0x0000010f8b7b4040 3293       3       java.util.concurrent.locks.AbstractQueuedSynchronizer$ConditionObject::signalAll (34 bytes)
Event: 10.497 Thread 0x0000010f8b7b4040 nmethod 3293 0x0000010f35d18d90 code [0x0000010f35d18f60, 0x0000010f35d192b0]
Event: 10.504 Thread 0x0000010f8b7b4040 3296       3       java.lang.invoke.InvokerBytecodeGenerator::<init> (80 bytes)
Event: 10.505 Thread 0x0000010f8b7b4040 nmethod 3296 0x0000010f35d19410 code [0x0000010f35d195e0, 0x0000010f35d19978]
Event: 10.505 Thread 0x0000010f8b7b4040 3297       3       jdk.internal.org.objectweb.asm.FieldVisitor::<init> (78 bytes)
Event: 10.506 Thread 0x0000010f8b7b4040 nmethod 3297 0x0000010f35d19c10 code [0x0000010f35d19e40, 0x0000010f35d1a598]
Event: 10.506 Thread 0x0000010f8b7b4040 3300       3       java.lang.invoke.LambdaFormBuffer::insertName (106 bytes)
Event: 10.506 Thread 0x0000010f8b7b4040 nmethod 3300 0x0000010f35d1a890 code [0x0000010f35d1aa60, 0x0000010f35d1ac88]
Event: 10.508 Thread 0x0000010f8b7b4040 3303       3       jdk.internal.org.objectweb.asm.Type::getSort (19 bytes)
Event: 10.508 Thread 0x0000010f8b7b4040 nmethod 3303 0x0000010f35d1ad90 code [0x0000010f35d1af20, 0x0000010f35d1b070]
Event: 10.508 Thread 0x0000010f8b7b4040 3306       3       jdk.internal.org.objectweb.asm.SymbolTable::addConstant (330 bytes)

GC Heap History (10 events):
Event: 3.071 GC heap before
{Heap before GC invocations=1 (full 0):
 PSYoungGen      total 29696K, used 25600K [0x00000000d5580000, 0x00000000d7680000, 0x0000000100000000)
  eden space 25600K, 100% used [0x00000000d5580000,0x00000000d6e80000,0x00000000d6e80000)
  from space 4096K, 0% used [0x00000000d7280000,0x00000000d7280000,0x00000000d7680000)
  to   space 4096K, 0% used [0x00000000d6e80000,0x00000000d6e80000,0x00000000d7280000)
 ParOldGen       total 68608K, used 0K [0x0000000080000000, 0x0000000084300000, 0x00000000d5580000)
  object space 68608K, 0% used [0x0000000080000000,0x0000000080000000,0x0000000084300000)
 Metaspace       used 4333K, committed 4608K, reserved 1114112K
  class space    used 472K, committed 576K, reserved 1048576K
}
Event: 3.089 GC heap after
{Heap after GC invocations=1 (full 0):
 PSYoungGen      total 29696K, used 3335K [0x00000000d5580000, 0x00000000d7680000, 0x0000000100000000)
  eden space 25600K, 0% used [0x00000000d5580000,0x00000000d5580000,0x00000000d6e80000)
  from space 4096K, 81% used [0x00000000d6e80000,0x00000000d71c1e98,0x00000000d7280000)
  to   space 4096K, 0% used [0x00000000d7280000,0x00000000d7280000,0x00000000d7680000)
 ParOldGen       total 68608K, used 8K [0x0000000080000000, 0x0000000084300000, 0x00000000d5580000)
  object space 68608K, 0% used [0x0000000080000000,0x0000000080002000,0x0000000084300000)
 Metaspace       used 4333K, committed 4608K, reserved 1114112K
  class space    used 472K, committed 576K, reserved 1048576K
}
Event: 6.072 GC heap before
{Heap before GC invocations=2 (full 0):
 PSYoungGen      total 29696K, used 28935K [0x00000000d5580000, 0x00000000d7680000, 0x0000000100000000)
  eden space 25600K, 100% used [0x00000000d5580000,0x00000000d6e80000,0x00000000d6e80000)
  from space 4096K, 81% used [0x00000000d6e80000,0x00000000d71c1e98,0x00000000d7280000)
  to   space 4096K, 0% used [0x00000000d7280000,0x00000000d7280000,0x00000000d7680000)
 ParOldGen       total 68608K, used 8K [0x0000000080000000, 0x0000000084300000, 0x00000000d5580000)
  object space 68608K, 0% used [0x0000000080000000,0x0000000080002000,0x0000000084300000)
 Metaspace       used 7973K, committed 8256K, reserved 1114112K
  class space    used 829K, committed 960K, reserved 1048576K
}
Event: 6.087 GC heap after
{Heap after GC invocations=2 (full 0):
 PSYoungGen      total 29696K, used 4086K [0x00000000d5580000, 0x00000000d7680000, 0x0000000100000000)
  eden space 25600K, 0% used [0x00000000d5580000,0x00000000d5580000,0x00000000d6e80000)
  from space 4096K, 99% used [0x00000000d7280000,0x00000000d767d810,0x00000000d7680000)
  to   space 4096K, 0% used [0x00000000d6e80000,0x00000000d6e80000,0x00000000d7280000)
 ParOldGen       total 68608K, used 1981K [0x0000000080000000, 0x0000000084300000, 0x00000000d5580000)
  object space 68608K, 2% used [0x0000000080000000,0x00000000801ef6b8,0x0000000084300000)
 Metaspace       used 7973K, committed 8256K, reserved 1114112K
  class space    used 829K, committed 960K, reserved 1048576K
}
Event: 7.334 GC heap before
{Heap before GC invocations=3 (full 0):
 PSYoungGen      total 29696K, used 29686K [0x00000000d5580000, 0x00000000d7680000, 0x0000000100000000)
  eden space 25600K, 100% used [0x00000000d5580000,0x00000000d6e80000,0x00000000d6e80000)
  from space 4096K, 99% used [0x00000000d7280000,0x00000000d767d810,0x00000000d7680000)
  to   space 4096K, 0% used [0x00000000d6e80000,0x00000000d6e80000,0x00000000d7280000)
 ParOldGen       total 68608K, used 1981K [0x0000000080000000, 0x0000000084300000, 0x00000000d5580000)
  object space 68608K, 2% used [0x0000000080000000,0x00000000801ef6b8,0x0000000084300000)
 Metaspace       used 9436K, committed 9792K, reserved 1114112K
  class space    used 1007K, committed 1152K, reserved 1048576K
}
Event: 7.345 GC heap after
{Heap after GC invocations=3 (full 0):
 PSYoungGen      total 29696K, used 4071K [0x00000000d5580000, 0x00000000d7680000, 0x0000000100000000)
  eden space 25600K, 0% used [0x00000000d5580000,0x00000000d5580000,0x00000000d6e80000)
  from space 4096K, 99% used [0x00000000d6e80000,0x00000000d7279e00,0x00000000d7280000)
  to   space 4096K, 0% used [0x00000000d7280000,0x00000000d7280000,0x00000000d7680000)
 ParOldGen       total 68608K, used 4773K [0x0000000080000000, 0x0000000084300000, 0x00000000d5580000)
  object space 68608K, 6% used [0x0000000080000000,0x00000000804a9730,0x0000000084300000)
 Metaspace       used 9436K, committed 9792K, reserved 1114112K
  class space    used 1007K, committed 1152K, reserved 1048576K
}
Event: 8.780 GC heap before
{Heap before GC invocations=4 (full 0):
 PSYoungGen      total 29696K, used 29671K [0x00000000d5580000, 0x00000000d7680000, 0x0000000100000000)
  eden space 25600K, 100% used [0x00000000d5580000,0x00000000d6e80000,0x00000000d6e80000)
  from space 4096K, 99% used [0x00000000d6e80000,0x00000000d7279e00,0x00000000d7280000)
  to   space 4096K, 0% used [0x00000000d7280000,0x00000000d7280000,0x00000000d7680000)
 ParOldGen       total 68608K, used 4773K [0x0000000080000000, 0x0000000084300000, 0x00000000d5580000)
  object space 68608K, 6% used [0x0000000080000000,0x00000000804a9730,0x0000000084300000)
 Metaspace       used 11691K, committed 12096K, reserved 1114112K
  class space    used 1237K, committed 1408K, reserved 1048576K
}
Event: 8.790 GC heap after
{Heap after GC invocations=4 (full 0):
 PSYoungGen      total 29696K, used 4092K [0x00000000d5580000, 0x00000000d7680000, 0x0000000100000000)
  eden space 25600K, 0% used [0x00000000d5580000,0x00000000d5580000,0x00000000d6e80000)
  from space 4096K, 99% used [0x00000000d7280000,0x00000000d767f008,0x00000000d7680000)
  to   space 4096K, 0% used [0x00000000d6e80000,0x00000000d6e80000,0x00000000d7280000)
 ParOldGen       total 68608K, used 6632K [0x0000000080000000, 0x0000000084300000, 0x00000000d5580000)
  object space 68608K, 9% used [0x0000000080000000,0x000000008067a2c0,0x0000000084300000)
 Metaspace       used 11691K, committed 12096K, reserved 1114112K
  class space    used 1237K, committed 1408K, reserved 1048576K
}
Event: 9.863 GC heap before
{Heap before GC invocations=5 (full 0):
 PSYoungGen      total 29696K, used 29692K [0x00000000d5580000, 0x00000000d7680000, 0x0000000100000000)
  eden space 25600K, 100% used [0x00000000d5580000,0x00000000d6e80000,0x00000000d6e80000)
  from space 4096K, 99% used [0x00000000d7280000,0x00000000d767f008,0x00000000d7680000)
  to   space 4096K, 0% used [0x00000000d6e80000,0x00000000d6e80000,0x00000000d7280000)
 ParOldGen       total 68608K, used 6632K [0x0000000080000000, 0x0000000084300000, 0x00000000d5580000)
  object space 68608K, 9% used [0x0000000080000000,0x000000008067a2c0,0x0000000084300000)
 Metaspace       used 15594K, committed 16256K, reserved 1114112K
  class space    used 1612K, committed 1920K, reserved 1048576K
}
Event: 9.872 GC heap after
{Heap after GC invocations=5 (full 0):
 PSYoungGen      total 29184K, used 4087K [0x00000000d5580000, 0x00000000d7a00000, 0x0000000100000000)
  eden space 25088K, 0% used [0x00000000d5580000,0x00000000d5580000,0x00000000d6e00000)
  from space 4096K, 99% used [0x00000000d6e80000,0x00000000d727dde0,0x00000000d7280000)
  to   space 6144K, 0% used [0x00000000d7400000,0x00000000d7400000,0x00000000d7a00000)
 ParOldGen       total 68608K, used 8073K [0x0000000080000000, 0x0000000084300000, 0x00000000d5580000)
  object space 68608K, 11% used [0x0000000080000000,0x00000000807e24e8,0x0000000084300000)
 Metaspace       used 15594K, committed 16256K, reserved 1114112K
  class space    used 1612K, committed 1920K, reserved 1048576K
}

Dll operation events (10 events):
Event: 0.016 Loaded shared library c:\Users\Administrator\.antigravity\extensions\redhat.java-1.51.0-win32-x64\jre\21.0.9-win32-x86_64\bin\java.dll
Event: 0.272 Loaded shared library c:\Users\Administrator\.antigravity\extensions\redhat.java-1.51.0-win32-x64\jre\21.0.9-win32-x86_64\bin\zip.dll
Event: 0.311 Loaded shared library C:\Users\Administrator\.antigravity\extensions\redhat.java-1.51.0-win32-x64\jre\21.0.9-win32-x86_64\bin\instrument.dll
Event: 0.402 Loaded shared library C:\Users\Administrator\.antigravity\extensions\redhat.java-1.51.0-win32-x64\jre\21.0.9-win32-x86_64\bin\net.dll
Event: 0.408 Loaded shared library C:\Users\Administrator\.antigravity\extensions\redhat.java-1.51.0-win32-x64\jre\21.0.9-win32-x86_64\bin\nio.dll
Event: 0.414 Loaded shared library C:\Users\Administrator\.antigravity\extensions\redhat.java-1.51.0-win32-x64\jre\21.0.9-win32-x86_64\bin\zip.dll
Event: 0.575 Loaded shared library C:\Users\Administrator\.antigravity\extensions\redhat.java-1.51.0-win32-x64\jre\21.0.9-win32-x86_64\bin\jimage.dll
Event: 1.091 Loaded shared library c:\Users\Administrator\.antigravity\extensions\redhat.java-1.51.0-win32-x64\jre\21.0.9-win32-x86_64\bin\verify.dll
Event: 6.306 Loaded shared library C:\Users\Administrator\AppData\Roaming\Antigravity\User\globalStorage\redhat.java\1.51.0\config_win\org.eclipse.equinox.launcher\org.eclipse.equinox.launcher.win32.win32.x86_64_1.2.1400.v20250801-0854\eclipse_11916.dll
Event: 10.263 Loaded shared library C:\Users\Administrator\AppData\Local\Temp\jna-146731693\jna3761737092572807687.dll

Deoptimization events (20 events):
Event: 10.010 Thread 0x0000010f903a3360 Uncommon trap: trap_request=0xffffff45 fr.pc=0x0000010f3d21eeb0 relative=0x0000000000000250
Event: 10.010 Thread 0x0000010f903a3360 Uncommon trap: reason=unstable_if action=reinterpret pc=0x0000010f3d21eeb0 method=java.io.WinNTFileSystem.normalize(Ljava/lang/String;)Ljava/lang/String; @ 128 c2
Event: 10.010 Thread 0x0000010f903a3360 DEOPT PACKING pc=0x0000010f3d21eeb0 sp=0x00000003288f7630
Event: 10.010 Thread 0x0000010f903a3360 DEOPT UNPACKING pc=0x0000010f3cc13aa2 sp=0x00000003288f75a8 mode 2
Event: 10.017 Thread 0x0000010f903a3360 Uncommon trap: trap_request=0xffffff45 fr.pc=0x0000010f3d197538 relative=0x00000000000006f8
Event: 10.017 Thread 0x0000010f903a3360 Uncommon trap: reason=unstable_if action=reinterpret pc=0x0000010f3d197538 method=java.lang.String.replace(Ljava/lang/CharSequence;Ljava/lang/CharSequence;)Ljava/lang/String; @ 42 c2
Event: 10.017 Thread 0x0000010f903a3360 DEOPT PACKING pc=0x0000010f3d197538 sp=0x00000003288f7730
Event: 10.017 Thread 0x0000010f903a3360 DEOPT UNPACKING pc=0x0000010f3cc13aa2 sp=0x00000003288f76a0 mode 2
Event: 10.396 Thread 0x0000010f903a3360 Uncommon trap: trap_request=0xffffffc6 fr.pc=0x0000010f3d21768c relative=0x0000000000000c0c
Event: 10.396 Thread 0x0000010f903a3360 Uncommon trap: reason=bimorphic_or_optimized_type_check action=maybe_recompile pc=0x0000010f3d21768c method=java.util.HashMap.putVal(ILjava/lang/Object;Ljava/lang/Object;ZZ)Ljava/lang/Object; @ 91 c2
Event: 10.396 Thread 0x0000010f903a3360 DEOPT PACKING pc=0x0000010f3d21768c sp=0x00000003288f7da0
Event: 10.396 Thread 0x0000010f903a3360 DEOPT UNPACKING pc=0x0000010f3cc13aa2 sp=0x00000003288f7cc8 mode 2
Event: 10.448 Thread 0x0000010f903a3360 Uncommon trap: trap_request=0xffffff45 fr.pc=0x0000010f3d2a53a8 relative=0x0000000000000088
Event: 10.448 Thread 0x0000010f903a3360 Uncommon trap: reason=unstable_if action=reinterpret pc=0x0000010f3d2a53a8 method=java.lang.ref.SoftReference.get()Ljava/lang/Object; @ 6 c2
Event: 10.448 Thread 0x0000010f903a3360 DEOPT PACKING pc=0x0000010f3d2a53a8 sp=0x00000003288f9620
Event: 10.448 Thread 0x0000010f903a3360 DEOPT UNPACKING pc=0x0000010f3cc13aa2 sp=0x00000003288f95b8 mode 2
Event: 10.472 Thread 0x0000010f90a460f0 Uncommon trap: trap_request=0xffffff45 fr.pc=0x0000010f3d258e60 relative=0x00000000000000c0
Event: 10.472 Thread 0x0000010f90a460f0 Uncommon trap: reason=unstable_if action=reinterpret pc=0x0000010f3d258e60 method=java.util.concurrent.locks.ReentrantLock$NonfairSync.initialTryLock()Z @ 25 c2
Event: 10.472 Thread 0x0000010f90a460f0 DEOPT PACKING pc=0x0000010f3d258e60 sp=0x0000000328dfded0
Event: 10.472 Thread 0x0000010f90a460f0 DEOPT UNPACKING pc=0x0000010f3cc13aa2 sp=0x0000000328dfde58 mode 2

Classes loaded (20 events):
Event: 10.308 Loading class java/lang/reflect/UndeclaredThrowableException
Event: 10.309 Loading class java/lang/reflect/UndeclaredThrowableException done
Event: 10.311 Loading class java/lang/Class$AnnotationData
Event: 10.315 Loading class java/lang/Class$AnnotationData done
Event: 10.317 Loading class jdk/internal/reflect/MethodHandleIntegerFieldAccessorImpl
Event: 10.318 Loading class jdk/internal/reflect/MethodHandleIntegerFieldAccessorImpl done
Event: 10.380 Loading class java/io/PrintWriter
Event: 10.380 Loading class java/io/PrintWriter done
Event: 10.393 Loading class jdk/internal/reflect/MethodHandleShortFieldAccessorImpl
Event: 10.393 Loading class jdk/internal/reflect/MethodHandleShortFieldAccessorImpl done
Event: 10.394 Loading class java/lang/Short$ShortCache
Event: 10.394 Loading class java/lang/Short$ShortCache done
Event: 10.438 Loading class java/util/function/LongUnaryOperator
Event: 10.438 Loading class java/util/function/LongUnaryOperator done
Event: 10.439 Loading class java/lang/ThreadDeath
Event: 10.439 Loading class java/lang/ThreadDeath done
Event: 10.452 Loading class java/util/stream/SortedOps$SizedRefSortingSink
Event: 10.452 Loading class java/util/stream/SortedOps$SizedRefSortingSink done
Event: 10.490 Loading class java/util/concurrent/atomic/Striped64$1
Event: 10.490 Loading class java/util/concurrent/atomic/Striped64$1 done

Classes unloaded (0 events):
No events

Classes redefined (0 events):
No events

Internal exceptions (20 events):
Event: 9.729 Thread 0x0000010f903a3360 Exception <a 'java/io/FileNotFoundException'{0x00000000d6a72f90}> (0x00000000d6a72f90) 
thrown [s\src\hotspot\share\prims\jni.cpp, line 520]
Event: 9.973 Thread 0x0000010f903a3360 Exception <a 'java/lang/NoSuchMethodError'{0x00000000d58118b8}: 'java.lang.Object java.lang.invoke.DirectMethodHandle$Holder.invokeStaticInit(java.lang.Object, int)'> (0x00000000d58118b8) 
thrown [s\src\hotspot\share\interpreter\linkResolver.cpp, line 773]
Event: 10.026 Thread 0x0000010f903a3360 Exception <a 'java/lang/NoSuchMethodError'{0x00000000d5a90e28}: 'java.lang.Object java.lang.invoke.DirectMethodHandle$Holder.invokeStaticInit(java.lang.Object, int, int, int, int)'> (0x00000000d5a90e28) 
thrown [s\src\hotspot\share\interpreter\linkResolver.cpp, line 773]
Event: 10.074 Thread 0x0000010f903a3360 Exception <a 'java/lang/NoSuchMethodError'{0x00000000d5b6e968}: 'java.lang.Object java.lang.invoke.DirectMethodHandle$Holder.invokeStaticInit(java.lang.Object, java.lang.Object, int, int, int, int)'> (0x00000000d5b6e968) 
thrown [s\src\hotspot\share\interpreter\linkResolver.cpp, line 773]
Event: 10.318 Thread 0x0000010f903a3360 Exception <a 'java/lang/NoSuchMethodError'{0x00000000d5c82750}: 'void java.lang.invoke.DirectMethodHandle$Holder.invokeSpecial(java.lang.Object, java.lang.Object, java.lang.Object, int)'> (0x00000000d5c82750) 
thrown [s\src\hotspot\share\interpreter\linkResolver.cpp, line 773]
Event: 10.321 Thread 0x0000010f903a3360 Exception <a 'java/lang/NoSuchMethodError'{0x00000000d5c860e0}: 'void java.lang.invoke.DelegatingMethodHandle$Holder.reinvoke_L(java.lang.Object, java.lang.Object, int)'> (0x00000000d5c860e0) 
thrown [s\src\hotspot\share\interpreter\linkResolver.cpp, line 773]
Event: 10.323 Thread 0x0000010f903a3360 Exception <a 'java/lang/NoSuchMethodError'{0x00000000d5c8d020}: 'int java.lang.invoke.Invokers$Holder.invokeExact_MT(java.lang.Object, java.lang.Object, java.lang.Object)'> (0x00000000d5c8d020) 
thrown [s\src\hotspot\share\interpreter\linkResolver.cpp, line 773]
Event: 10.403 Thread 0x0000010f903a3360 Exception <a 'java/lang/NoSuchMethodError'{0x00000000d5db1670}: 'void java.lang.invoke.Invokers$Holder.invokeExact_MT(java.lang.Object, java.lang.Object, int, java.lang.Object)'> (0x00000000d5db1670) 
thrown [s\src\hotspot\share\interpreter\linkResolver.cpp, line 773]
Event: 10.435 Thread 0x0000010f903a3360 Exception <a 'java/lang/NoSuchMethodError'{0x00000000d5ec1d00}: 'java.lang.Object java.lang.invoke.DirectMethodHandle$Holder.invokeSpecial(java.lang.Object, java.lang.Object, java.lang.Object, long, java.lang.Object)'> (0x00000000d5ec1d00) 
thrown [s\src\hotspot\share\interpreter\linkResolver.cpp, line 773]
Event: 10.437 Thread 0x0000010f903a3360 Exception <a 'java/lang/NoSuchMethodError'{0x00000000d5ec9548}: 'java.lang.Object java.lang.invoke.DirectMethodHandle$Holder.newInvokeSpecial(java.lang.Object, java.lang.Object, java.lang.Object, long)'> (0x00000000d5ec9548) 
thrown [s\src\hotspot\share\interpreter\linkResolver.cpp, line 773]
Event: 10.437 Thread 0x0000010f903a3360 Exception <a 'java/lang/NoSuchMethodError'{0x00000000d5ecd8f8}: 'java.lang.Object java.lang.invoke.DirectMethodHandle$Holder.invokeSpecial(java.lang.Object, java.lang.Object, java.lang.Object, java.lang.Object, long)'> (0x00000000d5ecd8f8) 
thrown [s\src\hotspot\share\interpreter\linkResolver.cpp, line 773]
Event: 10.437 Thread 0x0000010f903a3360 Exception <a 'java/lang/NoSuchMethodError'{0x00000000d5ed1518}: 'java.lang.Object java.lang.invoke.Invokers$Holder.linkToTargetMethod(java.lang.Object, java.lang.Object, long, java.lang.Object)'> (0x00000000d5ed1518) 
thrown [s\src\hotspot\share\interpreter\linkResolver.cpp, line 773]
Event: 10.450 Thread 0x0000010f903a3360 Exception <a 'java/lang/NoSuchMethodError'{0x00000000d5f4bd50}: 'int java.lang.invoke.DirectMethodHandle$Holder.invokeStaticInit(java.lang.Object, java.lang.Object, java.lang.Object)'> (0x00000000d5f4bd50) 
thrown [s\src\hotspot\share\interpreter\linkResolver.cpp, line 773]
Event: 10.463 Thread 0x0000010f903a3360 Exception <a 'java/lang/IncompatibleClassChangeError'{0x00000000d5ffb540}: Found class java.lang.Object, but interface was expected> (0x00000000d5ffb540) 
thrown [s\src\hotspot\share\interpreter\linkResolver.cpp, line 840]
Event: 10.467 Thread 0x0000010f903a3360 Exception <a 'java/lang/NoSuchMethodError'{0x00000000d600b3e0}: 'java.lang.Object java.lang.invoke.DirectMethodHandle$Holder.invokeSpecial(java.lang.Object, java.lang.Object, java.lang.Object, int, java.lang.Object, java.lang.Object)'> (0x00000000d600b3e0) 
thrown [s\src\hotspot\share\interpreter\linkResolver.cpp, line 773]
Event: 10.467 Thread 0x0000010f903a3360 Exception <a 'java/lang/NoSuchMethodError'{0x00000000d6012e70}: 'java.lang.Object java.lang.invoke.DirectMethodHandle$Holder.newInvokeSpecial(java.lang.Object, java.lang.Object, java.lang.Object, int, java.lang.Object)'> (0x00000000d6012e70) 
thrown [s\src\hotspot\share\interpreter\linkResolver.cpp, line 773]
Event: 10.468 Thread 0x0000010f903a3360 Exception <a 'java/lang/NoSuchMethodError'{0x00000000d6016df0}: 'java.lang.Object java.lang.invoke.DirectMethodHandle$Holder.invokeSpecial(java.lang.Object, java.lang.Object, java.lang.Object, java.lang.Object, int, java.lang.Object)'> (0x00000000d6016df0) 
thrown [s\src\hotspot\share\interpreter\linkResolver.cpp, line 773]
Event: 10.468 Thread 0x0000010f903a3360 Exception <a 'java/lang/NoSuchMethodError'{0x00000000d601a930}: 'java.lang.Object java.lang.invoke.Invokers$Holder.linkToTargetMethod(java.lang.Object, java.lang.Object, int, java.lang.Object, java.lang.Object)'> (0x00000000d601a930) 
thrown [s\src\hotspot\share\interpreter\linkResolver.cpp, line 773]
Event: 10.469 Thread 0x0000010f90a460f0 Exception <a 'java/lang/NoSuchMethodError'{0x00000000d5f1b840}: 'java.lang.Object java.lang.invoke.DirectMethodHandle$Holder.invokeSpecial(java.lang.Object, java.lang.Object, int, java.lang.Object, java.lang.Object)'> (0x00000000d5f1b840) 
thrown [s\src\hotspot\share\interpreter\linkResolver.cpp, line 773]
Event: 10.493 Thread 0x0000010f903a3360 Exception <a 'java/lang/NoSuchMethodError'{0x00000000d61174d8}: 'void java.lang.invoke.DirectMethodHandle$Holder.invokeSpecial(java.lang.Object, java.lang.Object, java.lang.Object, java.lang.Object, java.lang.Object)'> (0x00000000d61174d8) 
thrown [s\src\hotspot\share\interpreter\linkResolver.cpp, line 773]

ZGC Phase Switch (0 events):
No events

VM Operations (20 events):
Event: 7.334 Executing VM operation: ParallelGCFailedAllocation (Allocation Failure)
Event: 7.345 Executing VM operation: ParallelGCFailedAllocation (Allocation Failure) done
Event: 7.558 Executing VM operation: HandshakeAllThreads (Deoptimize)
Event: 7.558 Executing VM operation: HandshakeAllThreads (Deoptimize) done
Event: 8.559 Executing VM operation: Cleanup
Event: 8.559 Executing VM operation: Cleanup done
Event: 8.752 Executing VM operation: HandshakeAllThreads (Deoptimize)
Event: 8.752 Executing VM operation: HandshakeAllThreads (Deoptimize) done
Event: 8.780 Executing VM operation: ParallelGCFailedAllocation (Allocation Failure)
Event: 8.790 Executing VM operation: ParallelGCFailedAllocation (Allocation Failure) done
Event: 9.746 Executing VM operation: HandshakeAllThreads (Deoptimize)
Event: 9.746 Executing VM operation: HandshakeAllThreads (Deoptimize) done
Event: 9.748 Executing VM operation: ICBufferFull
Event: 9.748 Executing VM operation: ICBufferFull done
Event: 9.863 Executing VM operation: ParallelGCFailedAllocation (Allocation Failure)
Event: 9.872 Executing VM operation: ParallelGCFailedAllocation (Allocation Failure) done
Event: 10.067 Executing VM operation: HandshakeAllThreads (Deoptimize)
Event: 10.068 Executing VM operation: HandshakeAllThreads (Deoptimize) done
Event: 10.285 Executing VM operation: HandshakeAllThreads (Deoptimize)
Event: 10.285 Executing VM operation: HandshakeAllThreads (Deoptimize) done

Memory protections (0 events):
No events

Nmethod flushes (0 events):
No events

Events (20 events):
Event: 0.105 Thread 0x0000010f32490920 Thread added: 0x0000010f324005c0
Event: 0.153 Thread 0x0000010f32490920 Thread added: 0x0000010f32401480
Event: 0.157 Thread 0x0000010f32490920 Thread added: 0x0000010f324026a0
Event: 0.157 Thread 0x0000010f32490920 Thread added: 0x0000010f324033b0
Event: 0.157 Thread 0x0000010f32490920 Thread added: 0x0000010f32404f70
Event: 0.157 Thread 0x0000010f32490920 Thread added: 0x0000010f324059c0
Event: 0.157 Thread 0x0000010f32490920 Thread added: 0x0000010f324067f0
Event: 0.170 Thread 0x0000010f32490920 Thread added: 0x0000010f8b7b4040
Event: 0.343 Thread 0x0000010f32490920 Thread added: 0x0000010f8b963f40
Event: 1.585 Thread 0x0000010f32490920 Thread added: 0x0000010f8ba11ad0
Event: 5.307 Thread 0x0000010f32490920 Thread added: 0x0000010f903368f0
Event: 6.209 Thread 0x0000010f32490920 Thread added: 0x0000010f903cfdd0
Event: 6.302 Thread 0x0000010f903cfdd0 Thread added: 0x0000010f903951f0
Event: 6.314 Thread 0x0000010f32490920 Thread added: 0x0000010f903a3360
Event: 7.538 Thread 0x0000010f903a3360 Thread added: 0x0000010f3243bb90
Event: 8.734 Thread 0x0000010f903a3360 Thread added: 0x0000010f9034c7b0
Event: 9.402 Thread 0x0000010f903a3360 Thread added: 0x0000010f90b365a0
Event: 10.374 Thread 0x0000010f903a3360 Thread added: 0x0000010f90a99060
Event: 10.441 Thread 0x0000010f903a3360 Thread added: 0x0000010f90a460f0
Event: 10.469 Thread 0x0000010f903a3360 Thread added: 0x0000010f90a46780


Dynamic libraries:
0x00007ff72feb0000 - 0x00007ff72febe000 	c:\Users\Administrator\.antigravity\extensions\redhat.java-1.51.0-win32-x64\jre\21.0.9-win32-x86_64\bin\java.exe
0x00007ffd13080000 - 0x00007ffd13270000 	C:\Windows\SYSTEM32\ntdll.dll
0x00007ffd116a0000 - 0x00007ffd11752000 	C:\Windows\System32\KERNEL32.DLL
0x00007ffd10c00000 - 0x00007ffd10ea5000 	C:\Windows\System32\KERNELBASE.dll
0x00007ffd10b00000 - 0x00007ffd10bfa000 	C:\Windows\System32\ucrtbase.dll
0x00007ffd03280000 - 0x00007ffd03298000 	c:\Users\Administrator\.antigravity\extensions\redhat.java-1.51.0-win32-x64\jre\21.0.9-win32-x86_64\bin\jli.dll
0x00007ffd12600000 - 0x00007ffd12794000 	C:\Windows\System32\USER32.dll
0x00007ffd0fff0000 - 0x00007ffd10011000 	C:\Windows\System32\win32u.dll
0x00007ffcf5db0000 - 0x00007ffcf5dce000 	c:\Users\Administrator\.antigravity\extensions\redhat.java-1.51.0-win32-x64\jre\21.0.9-win32-x86_64\bin\VCRUNTIME140.dll
0x00007ffd11670000 - 0x00007ffd11696000 	C:\Windows\System32\GDI32.dll
0x00007ffd108b0000 - 0x00007ffd10a48000 	C:\Windows\System32\gdi32full.dll
0x00007ffd10810000 - 0x00007ffd108ae000 	C:\Windows\System32\msvcp_win.dll
0x00007ffcf7250000 - 0x00007ffcf74d4000 	C:\Windows\WinSxS\amd64_microsoft.windows.common-controls_6595b64144ccf1df_6.0.18362.1556_none_9e7e372fe45e41d5\COMCTL32.dll
0x00007ffd11760000 - 0x00007ffd117fe000 	C:\Windows\System32\msvcrt.dll
0x00007ffd12940000 - 0x00007ffd12c76000 	C:\Windows\System32\combase.dll
0x00007ffd12820000 - 0x00007ffd1293f000 	C:\Windows\System32\RPCRT4.dll
0x00007ffd10eb0000 - 0x00007ffd10f31000 	C:\Windows\System32\bcryptPrimitives.dll
0x00007ffd12dc0000 - 0x00007ffd12dee000 	C:\Windows\System32\IMM32.DLL
0x00007ffd09360000 - 0x00007ffd0936c000 	c:\Users\Administrator\.antigravity\extensions\redhat.java-1.51.0-win32-x64\jre\21.0.9-win32-x86_64\bin\vcruntime140_1.dll
0x00007ffcc8270000 - 0x00007ffcc82fd000 	c:\Users\Administrator\.antigravity\extensions\redhat.java-1.51.0-win32-x64\jre\21.0.9-win32-x86_64\bin\msvcp140.dll
0x00007ffc9d180000 - 0x00007ffc9df20000 	c:\Users\Administrator\.antigravity\extensions\redhat.java-1.51.0-win32-x64\jre\21.0.9-win32-x86_64\bin\server\jvm.dll
0x00007ffd12470000 - 0x00007ffd12513000 	C:\Windows\System32\ADVAPI32.dll
0x00007ffd12df0000 - 0x00007ffd12e87000 	C:\Windows\System32\sechost.dll
0x00007ffd0ff40000 - 0x00007ffd0ff8a000 	C:\Windows\System32\POWRPROF.dll
0x00007ffd0ff30000 - 0x00007ffd0ff40000 	C:\Windows\System32\UMPDC.dll
0x00007ffd12e90000 - 0x00007ffd12eff000 	C:\Windows\System32\WS2_32.dll
0x00007ffd08fa0000 - 0x00007ffd08fc4000 	C:\Windows\SYSTEM32\WINMM.dll
0x00007ffd08f70000 - 0x00007ffd08f9d000 	C:\Windows\SYSTEM32\WINMMBASE.dll
0x00007ffd10020000 - 0x00007ffd1006a000 	C:\Windows\System32\cfgmgr32.dll
0x00007ffd06660000 - 0x00007ffd0666a000 	C:\Windows\SYSTEM32\VERSION.dll
0x00007ffd0ffb0000 - 0x00007ffd0ffc1000 	C:\Windows\System32\kernel.appcore.dll
0x00007ffd02c80000 - 0x00007ffd02c8a000 	c:\Users\Administrator\.antigravity\extensions\redhat.java-1.51.0-win32-x64\jre\21.0.9-win32-x86_64\bin\jimage.dll
0x00007ffd0e840000 - 0x00007ffd0ea34000 	C:\Windows\SYSTEM32\DBGHELP.DLL
0x00007ffcf46e0000 - 0x00007ffcf470a000 	C:\Windows\SYSTEM32\dbgcore.DLL
0x00007ffd01700000 - 0x00007ffd0170f000 	c:\Users\Administrator\.antigravity\extensions\redhat.java-1.51.0-win32-x64\jre\21.0.9-win32-x86_64\bin\instrument.dll
0x00007ffce2010000 - 0x00007ffce2030000 	c:\Users\Administrator\.antigravity\extensions\redhat.java-1.51.0-win32-x64\jre\21.0.9-win32-x86_64\bin\java.dll
0x00007ffd11c40000 - 0x00007ffd12327000 	C:\Windows\System32\SHELL32.dll
0x00007ffd12d10000 - 0x00007ffd12db8000 	C:\Windows\System32\shcore.dll
0x00007ffd10090000 - 0x00007ffd1080b000 	C:\Windows\System32\windows.storage.dll
0x00007ffd0ff90000 - 0x00007ffd0ffae000 	C:\Windows\System32\profapi.dll
0x00007ffd11be0000 - 0x00007ffd11c32000 	C:\Windows\System32\shlwapi.dll
0x00007ffd10070000 - 0x00007ffd10087000 	C:\Windows\System32\cryptsp.dll
0x00007ffce0790000 - 0x00007ffce07a8000 	c:\Users\Administrator\.antigravity\extensions\redhat.java-1.51.0-win32-x64\jre\21.0.9-win32-x86_64\bin\zip.dll
0x00007ffcf6cf0000 - 0x00007ffcf6d00000 	C:\Users\Administrator\.antigravity\extensions\redhat.java-1.51.0-win32-x64\jre\21.0.9-win32-x86_64\bin\net.dll
0x00007ffd08d40000 - 0x00007ffd08e3a000 	C:\Windows\SYSTEM32\WINHTTP.dll
0x00007ffd0f770000 - 0x00007ffd0f7d7000 	C:\Windows\system32\mswsock.dll
0x00007ffce06d0000 - 0x00007ffce06e6000 	C:\Users\Administrator\.antigravity\extensions\redhat.java-1.51.0-win32-x64\jre\21.0.9-win32-x86_64\bin\nio.dll
0x00007ffcf47d0000 - 0x00007ffcf47e0000 	c:\Users\Administrator\.antigravity\extensions\redhat.java-1.51.0-win32-x64\jre\21.0.9-win32-x86_64\bin\verify.dll
0x00007ffcc59a0000 - 0x00007ffcc59e4000 	C:\Users\Administrator\AppData\Roaming\Antigravity\User\globalStorage\redhat.java\1.51.0\config_win\org.eclipse.equinox.launcher\org.eclipse.equinox.launcher.win32.win32.x86_64_1.2.1400.v20250801-0854\eclipse_11916.dll
0x00007ffd119b0000 - 0x00007ffd11b07000 	C:\Windows\System32\ole32.dll
0x00007ffd0f2f0000 - 0x00007ffd0f323000 	C:\Windows\system32\rsaenh.dll
0x00007ffd10f40000 - 0x00007ffd10f66000 	C:\Windows\System32\bcrypt.dll
0x00007ffd0fe20000 - 0x00007ffd0fe45000 	C:\Windows\SYSTEM32\USERENV.dll
0x00007ffd0f940000 - 0x00007ffd0f94c000 	C:\Windows\SYSTEM32\CRYPTBASE.dll
0x00007ffd0f480000 - 0x00007ffd0f4ba000 	C:\Windows\SYSTEM32\IPHLPAPI.DLL
0x00007ffd125f0000 - 0x00007ffd125f8000 	C:\Windows\System32\NSI.dll
0x00007ffcc4e90000 - 0x00007ffcc4ed9000 	C:\Users\Administrator\AppData\Local\Temp\jna-146731693\jna3761737092572807687.dll
0x00007ffd12c80000 - 0x00007ffd12c88000 	C:\Windows\System32\PSAPI.DLL

JVMTI agents:
c:\Users\Administrator\.antigravity\extensions\redhat.java-1.51.0-win32-x64\lombok\lombok-1.18.39-4050.jar path:c:\Users\Administrator\.antigravity\extensions\redhat.java-1.51.0-win32-x64\jre\21.0.9-win32-x86_64\bin\instrument.dll, loaded, initialized, instrumentlib options:none

dbghelp: loaded successfully - version: 4.0.5 - missing functions: none
symbol engine: initialized successfully - sym options: 0x614 - pdb path: .;c:\Users\Administrator\.antigravity\extensions\redhat.java-1.51.0-win32-x64\jre\21.0.9-win32-x86_64\bin;C:\Windows\SYSTEM32;C:\Windows\WinSxS\amd64_microsoft.windows.common-controls_6595b64144ccf1df_6.0.18362.1556_none_9e7e372fe45e41d5;c:\Users\Administrator\.antigravity\extensions\redhat.java-1.51.0-win32-x64\jre\21.0.9-win32-x86_64\bin\server;C:\Users\Administrator\AppData\Roaming\Antigravity\User\globalStorage\redhat.java\1.51.0\config_win\org.eclipse.equinox.launcher\org.eclipse.equinox.launcher.win32.win32.x86_64_1.2.1400.v20250801-0854;C:\Users\Administrator\AppData\Local\Temp\jna-146731693

VM Arguments:
jvm_args: --add-modules=ALL-SYSTEM --add-opens=java.base/java.util=ALL-UNNAMED --add-opens=java.base/java.lang=ALL-UNNAMED --add-opens=java.base/sun.nio.fs=ALL-UNNAMED -Declipse.application=org.eclipse.jdt.ls.core.id1 -Dosgi.bundles.defaultStartLevel=4 -Declipse.product=org.eclipse.jdt.ls.core.product -Djava.import.generatesMetadataFilesAtProjectRoot=false -DDetectVMInstallationsJob.disabled=true -Dfile.encoding=utf8 -XX:+UseParallelGC -XX:GCTimeRatio=4 -XX:AdaptiveSizePolicyWeight=90 -Dsun.zip.disableMemoryMapping=true -Xmx2G -Xms100m -Xlog:disable -javaagent:c:\Users\Administrator\.antigravity\extensions\redhat.java-1.51.0-win32-x64\lombok\lombok-1.18.39-4050.jar -XX:+HeapDumpOnOutOfMemoryError -XX:HeapDumpPath=c:\Users\Administrator\AppData\Roaming\Antigravity\User\workspaceStorage\9dc1cad281cafc8938dd036e9dabeaab\redhat.java -Daether.dependencyCollector.impl=bf 
java_command: c:\Users\Administrator\.antigravity\extensions\redhat.java-1.51.0-win32-x64\server\plugins\org.eclipse.equinox.launcher_1.7.100.v20251111-0406.jar -configuration c:\Users\Administrator\AppData\Roaming\Antigravity\User\globalStorage\redhat.java\1.51.0\config_win -data c:\Users\Administrator\AppData\Roaming\Antigravity\User\workspaceStorage\9dc1cad281cafc8938dd036e9dabeaab\redhat.java\jdt_ws --pipe=\\.\pipe\lsp-4b86d8473bae55ac918134035dab72a1-sock
java_class_path (initial): c:\Users\Administrator\.antigravity\extensions\redhat.java-1.51.0-win32-x64\server\plugins\org.eclipse.equinox.launcher_1.7.100.v20251111-0406.jar
Launcher Type: SUN_STANDARD

[Global flags]
    uintx AdaptiveSizePolicyWeight                 = 90                                        {product} {command line}
     intx CICompilerCount                          = 4                                         {product} {ergonomic}
    uintx GCTimeRatio                              = 4                                         {product} {command line}
     bool HeapDumpOnOutOfMemoryError               = true                                   {manageable} {command line}
    ccstr HeapDumpPath                             = c:\Users\Administrator\AppData\Roaming\Antigravity\User\workspaceStorage\9dc1cad281cafc8938dd036e9dabeaab\redhat.java         {manageable} {command line}
   size_t InitialHeapSize                          = 104857600                                 {product} {command line}
   size_t MaxHeapSize                              = 2147483648                                {product} {command line}
   size_t MaxNewSize                               = 715653120                                 {product} {ergonomic}
   size_t MinHeapDeltaBytes                        = 524288                                    {product} {ergonomic}
   size_t MinHeapSize                              = 104857600                                 {product} {command line}
   size_t NewSize                                  = 34603008                                  {product} {ergonomic}
    uintx NonNMethodCodeHeapSize                   = 5839372                                {pd product} {ergonomic}
    uintx NonProfiledCodeHeapSize                  = 122909434                              {pd product} {ergonomic}
   size_t OldSize                                  = 70254592                                  {product} {ergonomic}
    uintx ProfiledCodeHeapSize                     = 122909434                              {pd product} {ergonomic}
    uintx ReservedCodeCacheSize                    = 251658240                              {pd product} {ergonomic}
     bool SegmentedCodeCache                       = true                                      {product} {ergonomic}
   size_t SoftMaxHeapSize                          = 2147483648                             {manageable} {ergonomic}
     bool UseCompressedOops                        = true                           {product lp64_product} {ergonomic}
     bool UseLargePagesIndividualAllocation        = false                                  {pd product} {ergonomic}
     bool UseParallelGC                            = true                                      {product} {command line}

Logging:
Log output configuration:
 #0: stdout all=off uptime,level,tags foldmultilines=false
 #1: stderr all=off uptime,level,tags foldmultilines=false

Release file:
JAVA_VERSION="21.0.9" 
MODULES="java.base java.compiler java.datatransfer java.xml java.prefs java.desktop java.instrument java.logging java.management java.security.sasl java.naming java.rmi java.management.rmi java.net.http java.scripting java.security.jgss java.transaction.xa java.sql java.sql.rowset java.xml.crypto java.se java.smartcardio jdk.accessibility jdk.internal.jvmstat jdk.attach jdk.charsets jdk.internal.opt jdk.zipfs jdk.compiler jdk.crypto.ec jdk.crypto.cryptoki jdk.crypto.mscapi jdk.dynalink jdk.internal.ed jdk.editpad jdk.hotspot.agent jdk.httpserver jdk.internal.le jdk.internal.vm.ci jdk.internal.vm.compiler jdk.internal.vm.compiler.management jdk.jartool jdk.javadoc jdk.jcmd jdk.management jdk.management.agent jdk.jconsole jdk.jdeps jdk.jdwp.agent jdk.jdi jdk.jfr jdk.jshell jdk.jsobject jdk.jstatd jdk.localedata jdk.management.jfr jdk.naming.dns jdk.naming.rmi jdk.net jdk.nio.mapmode jdk.random jdk.sctp jdk.security.auth jdk.security.jgss jdk.unsupported jdk.unsupported.desktop jdk.xml.dom" 

Environment Variables:
JAVA_HOME=D:\datn\jdk-17.0.16+8
PATH=d:\cursor\resources\app\bin;C:\Program Files\Python313\Scripts\;C:\Program Files\Python313\;C:\php-8.3.14-nts-Win32-vs16-x64;C:\Windows\system32;C:\Windows;C:\Windows\System32\Wbem;C:\Windows\System32\WindowsPowerShell\v1.0\;C:\Windows\System32\OpenSSH\;C:\Program Files\Microsoft SQL Server\Client SDK\ODBC\170\Tools\Binn\;C:\Program Files (x86)\Microsoft SQL Server\150\Tools\Binn\;C:\Program Files\Microsoft SQL Server\150\Tools\Binn\;C:\Program Files\Microsoft SQL Server\150\DTS\Binn\;C:\Program Files\Azure Data Studio\bin;C:\Program Files\dotnet\;D:\Git\cmd;C:\php-8.4.0-nts-Win32-vs17-x64;C:\ProgramData\ComposerSetup\bin;D:\datn\jdk-17.0.16+8\bin;C:\axis2-1.8.2\bin;D:\datn\apache-maven-3.9.11\bin;C:\Program Files\nodejs\;C:\php-8.4.0-nts-Win32-vs17-x64;C:\Users\Administrator\AppData\Local\Microsoft\WindowsApps;C:\Program Files\Azure Data Studio\bin;C:\Users\Administrator\.dotnet\tools;C:\php-8.3.14-nts-Win32-vs16-x64;C:\Users\Administrator\AppData\Roaming\Composer\vendor\bin;D:\datn\jdk-17.0.16+8;C:\axis2-1.;C:\php-8.4.0-nts-Win32-vs17-x64;C:\Users\Administrator\AppData\Local\Microsoft\WindowsApps;C:\Program Files\Azure Data Studio\bin;C:\Users\Administrator\AppData\Local\Programs\Microsoft VS Code\bin;C:\Users\Administrator\.dotnet\tools;C:\php-8.3.14-nts-Win32-vs16-x64;C:\Users\Administrator\AppData\Roaming\Composer\vendor\bin;D:\datn\jdk-17.0.16+8;C:\axis2-1.8.2;D:\cursor\resources\app\bin;D:\datn\apache-maven-3.9.11\bin;C:\Users\Administrator\AppData\Roaming\npm;C:\Users\Administrator\AppData\Local\Programs\Antigravity\bin
USERNAME=Administrator
OS=Windows_NT
PROCESSOR_IDENTIFIER=Intel64 Family 6 Model 142 Stepping 12, GenuineIntel
TMP=C:\Users\ADMINI~1\AppData\Local\Temp
TEMP=C:\Users\ADMINI~1\AppData\Local\Temp




Periodic native trim disabled

---------------  S Y S T E M  ---------------

OS:
 Windows 10 , 64 bit Build 18362 (10.0.18362.1500)
OS uptime: 22 days 0:33 hours

CPU: total 8 (initial active 8) (4 cores per cpu, 2 threads per core) family 6 model 142 stepping 12 microcode 0xde, cx8, cmov, fxsr, ht, mmx, 3dnowpref, sse, sse2, sse3, ssse3, sse4.1, sse4.2, popcnt, lzcnt, tsc, tscinvbit, avx, avx2, aes, erms, clmul, bmi1, bmi2, adx, fma, vzeroupper, clflush, clflushopt, rdtscp, f16c
Processor Information for the first 8 processors :
  Max Mhz: 1800, Current Mhz: 1600, Mhz Limit: 1584

Memory: 4k page, system-wide physical 3889M (115M free)
TotalPageFile size 15665M (AvailPageFile size 2M)
current process WorkingSet (physical memory assigned to process): 130M, peak: 130M
current process commit charge ("private bytes"): 272M, peak: 272M

vm_info: OpenJDK 64-Bit Server VM (21.0.9+10-LTS) for windows-amd64 JRE (21.0.9+10-LTS), built on 2025-10-21T00:00:00Z by "admin" with unknown MS VC++:1942

END.
