#
# There is insufficient memory for the Java Runtime Environment to continue.
# Native memory allocation (malloc) failed to allocate 32744 bytes. Error detail: Chunk::new
# Possible reasons:
#   The system is out of physical RAM or swap space
#   This process is running with CompressedOops enabled, and the Java Heap may be blocking the growth of the native heap
# Possible solutions:
#   Reduce memory load on the system
#   Increase physical memory or swap space
#   Check if swap backing store is full
#   Decrease Java heap size (-Xmx/-Xms)
#   Decrease number of Java threads
#   Decrease Java thread stack sizes (-Xss)
#   Set larger code cache with -XX:ReservedCodeCacheSize=
#   JVM is running with Unscaled Compressed Oops mode in which the Java heap is
#     placed in the first 4GB address space. The Java Heap base address is the
#     maximum limit for the native heap growth. Please use -XX:HeapBaseMinAddress
#     to set the Java Heap base and to place the Java Heap above 4GB virtual address.
# This output file may be truncated or incomplete.
#
#  Out of Memory Error (arena.cpp:168), pid=14944, tid=15348
#
# JRE version: OpenJDK Runtime Environment Temurin-21.0.7+6 (21.0.7+6) (build 21.0.7+6-LTS)
# Java VM: OpenJDK 64-Bit Server VM Temurin-21.0.7+6 (21.0.7+6-LTS, mixed mode, sharing, tiered, compressed oops, compressed class ptrs, parallel gc, windows-amd64)
# No core dump will be written. Minidumps are not enabled by default on client versions of Windows
#

---------------  S U M M A R Y ------------

Command Line: --add-modules=ALL-SYSTEM --add-opens=java.base/java.util=ALL-UNNAMED --add-opens=java.base/java.lang=ALL-UNNAMED --add-opens=java.base/sun.nio.fs=ALL-UNNAMED -Declipse.application=org.eclipse.jdt.ls.core.id1 -Dosgi.bundles.defaultStartLevel=4 -Declipse.product=org.eclipse.jdt.ls.core.product -Djava.import.generatesMetadataFilesAtProjectRoot=false -DDetectVMInstallationsJob.disabled=true -Dfile.encoding=utf8 -XX:+UseParallelGC -XX:GCTimeRatio=4 -XX:AdaptiveSizePolicyWeight=90 -Dsun.zip.disableMemoryMapping=true -Xmx1G -Xms100m -Xlog:disable -javaagent:c:\Users\Administrator\.cursor\extensions\redhat.java-1.42.0-win32-x64\lombok\lombok-1.18.36.jar -XX:+HeapDumpOnOutOfMemoryError -XX:HeapDumpPath=c:\Users\Administrator\AppData\Roaming\Cursor\User\workspaceStorage\9dc1cad281cafc8938dd036e9dabeaab\redhat.java -Daether.dependencyCollector.impl=bf c:\Users\Administrator\.cursor\extensions\redhat.java-1.42.0-win32-x64\server\plugins\org.eclipse.equinox.launcher_1.7.0.v20250424-1814.jar -configuration c:\Users\Administrator\AppData\Roaming\Cursor\User\globalStorage\redhat.java\1.42.0\config_win -data c:\Users\Administrator\AppData\Roaming\Cursor\User\workspaceStorage\9dc1cad281cafc8938dd036e9dabeaab\redhat.java\jdt_ws --pipe=\\.\pipe\lsp-acaab692d2ba369f80970e1699371ddf-sock

Host: Intel(R) Core(TM) i5-8265U CPU @ 1.60GHz, 8 cores, 3G,  Windows 10 , 64 bit Build 18362 (10.0.18362.1500)
Time: Mon Dec 22 16:19:22 2025 SE Asia Standard Time elapsed time: 8.803739 seconds (0d 0h 0m 8s)

---------------  T H R E A D  ---------------

Current thread (0x000001e220e1da50):  JavaThread "C1 CompilerThread0" daemon [_thread_in_native, id=15348, stack(0x0000006bf0b00000,0x0000006bf0c00000) (1024K)]


Current CompileTask:
C1:8804 2500       2       jdk.internal.org.objectweb.asm.ClassWriter::toByteArray (1517 bytes)

Stack: [0x0000006bf0b00000,0x0000006bf0c00000]
Native frames: (J=compiled Java code, j=interpreted, Vv=VM code, C=native code)
V  [jvm.dll+0x6ce119]
V  [jvm.dll+0x8a84a1]
V  [jvm.dll+0x8aa9ce]
V  [jvm.dll+0x8ab0b3]
V  [jvm.dll+0x27f8a6]
V  [jvm.dll+0xc507d]
V  [jvm.dll+0xc55b3]
V  [jvm.dll+0x1324df]
V  [jvm.dll+0x17c84a]
V  [jvm.dll+0x16aa00]
V  [jvm.dll+0x1537e7]
V  [jvm.dll+0x1530b8]
V  [jvm.dll+0x153304]
V  [jvm.dll+0x152736]
V  [jvm.dll+0x15450d]
V  [jvm.dll+0x25695a]
V  [jvm.dll+0x254efa]
V  [jvm.dll+0x3f03f6]
V  [jvm.dll+0x851f6b]
V  [jvm.dll+0x6cc7dd]
C  [ucrtbase.dll+0x210b2]
C  [KERNEL32.DLL+0x17c24]
C  [ntdll.dll+0x6d721]


---------------  P R O C E S S  ---------------

Threads class SMR info:
_java_thread_list=0x000001e2684031c0, length=23, elements={
0x000001e20ca47f20, 0x000001e220dfe5c0, 0x000001e220dffc20, 0x000001e220e01500,
0x000001e220e02210, 0x000001e220e03dd0, 0x000001e220e04820, 0x000001e220e05650,
0x000001e220e1da50, 0x000001e20cab88a0, 0x000001e263a8da80, 0x000001e2682cf770,
0x000001e2682ce940, 0x000001e2682d82b0, 0x000001e2682d8bb0, 0x000001e2682d9210,
0x000001e2682e02d0, 0x000001e26840a270, 0x000001e2683faf10, 0x000001e263c1e4e0,
0x000001e263c1f200, 0x000001e263c1f890, 0x000001e263c1eb70
}

Java Threads: ( => current thread )
  0x000001e20ca47f20 JavaThread "main"                              [_thread_blocked, id=6016, stack(0x0000006bf0000000,0x0000006bf0100000) (1024K)]
  0x000001e220dfe5c0 JavaThread "Reference Handler"          daemon [_thread_blocked, id=1516, stack(0x0000006bf0400000,0x0000006bf0500000) (1024K)]
  0x000001e220dffc20 JavaThread "Finalizer"                  daemon [_thread_blocked, id=14576, stack(0x0000006bf0500000,0x0000006bf0600000) (1024K)]
  0x000001e220e01500 JavaThread "Signal Dispatcher"          daemon [_thread_blocked, id=15168, stack(0x0000006bf0600000,0x0000006bf0700000) (1024K)]
  0x000001e220e02210 JavaThread "Attach Listener"            daemon [_thread_blocked, id=14732, stack(0x0000006bf0700000,0x0000006bf0800000) (1024K)]
  0x000001e220e03dd0 JavaThread "Service Thread"             daemon [_thread_blocked, id=14972, stack(0x0000006bf0800000,0x0000006bf0900000) (1024K)]
  0x000001e220e04820 JavaThread "Monitor Deflation Thread"   daemon [_thread_blocked, id=11996, stack(0x0000006bf0900000,0x0000006bf0a00000) (1024K)]
  0x000001e220e05650 JavaThread "C2 CompilerThread0"         daemon [_thread_in_native, id=14960, stack(0x0000006bf0a00000,0x0000006bf0b00000) (1024K)]
=>0x000001e220e1da50 JavaThread "C1 CompilerThread0"         daemon [_thread_in_native, id=15348, stack(0x0000006bf0b00000,0x0000006bf0c00000) (1024K)]
  0x000001e20cab88a0 JavaThread "Common-Cleaner"             daemon [_thread_blocked, id=14980, stack(0x0000006bf0c00000,0x0000006bf0d00000) (1024K)]
  0x000001e263a8da80 JavaThread "Notification Thread"        daemon [_thread_blocked, id=15200, stack(0x0000006bf0d00000,0x0000006bf0e00000) (1024K)]
  0x000001e2682cf770 JavaThread "Equinox resolver thread - Equinox Container: c1c08bc8-dbc6-4a2c-b9a2-f5b3bd181709" daemon [_thread_blocked, id=15236, stack(0x0000006bf1400000,0x0000006bf1500000) (1024K)]
  0x000001e2682ce940 JavaThread "Equinox resolver thread - Equinox Container: c1c08bc8-dbc6-4a2c-b9a2-f5b3bd181709" daemon [_thread_blocked, id=14940, stack(0x0000006bf1500000,0x0000006bf1600000) (1024K)]
  0x000001e2682d82b0 JavaThread "Equinox resolver thread - Equinox Container: c1c08bc8-dbc6-4a2c-b9a2-f5b3bd181709" daemon [_thread_blocked, id=14928, stack(0x0000006bf1600000,0x0000006bf1700000) (1024K)]
  0x000001e2682d8bb0 JavaThread "Equinox resolver thread - Equinox Container: c1c08bc8-dbc6-4a2c-b9a2-f5b3bd181709" daemon [_thread_blocked, id=9388, stack(0x0000006bf1700000,0x0000006bf1800000) (1024K)]
  0x000001e2682d9210 JavaThread "Equinox resolver thread - Equinox Container: c1c08bc8-dbc6-4a2c-b9a2-f5b3bd181709" daemon [_thread_blocked, id=14912, stack(0x0000006bf1800000,0x0000006bf1900000) (1024K)]
  0x000001e2682e02d0 JavaThread "Equinox resolver thread - Equinox Container: c1c08bc8-dbc6-4a2c-b9a2-f5b3bd181709" daemon [_thread_blocked, id=15108, stack(0x0000006bf1900000,0x0000006bf1a00000) (1024K)]
  0x000001e26840a270 JavaThread "Active Thread: Equinox Container: c1c08bc8-dbc6-4a2c-b9a2-f5b3bd181709"        [_thread_blocked, id=14296, stack(0x0000006bf1a00000,0x0000006bf1b00000) (1024K)]
  0x000001e2683faf10 JavaThread "Framework Event Dispatcher: Equinox Container: c1c08bc8-dbc6-4a2c-b9a2-f5b3bd181709" daemon [_thread_blocked, id=4960, stack(0x0000006bf1b00000,0x0000006bf1c00000) (1024K)]
  0x000001e263c1e4e0 JavaThread "Start Level: Equinox Container: c1c08bc8-dbc6-4a2c-b9a2-f5b3bd181709" daemon [_thread_in_Java, id=2536, stack(0x0000006bf1c00000,0x0000006bf1d00000) (1024K)]
  0x000001e263c1f200 JavaThread "Refresh Thread: Equinox Container: c1c08bc8-dbc6-4a2c-b9a2-f5b3bd181709" daemon [_thread_blocked, id=14500, stack(0x0000006bf1e00000,0x0000006bf1f00000) (1024K)]
  0x000001e263c1f890 JavaThread "Equinox resolver thread - Equinox Container: c1c08bc8-dbc6-4a2c-b9a2-f5b3bd181709" daemon [_thread_blocked, id=14580, stack(0x0000006bf1f00000,0x0000006bf2000000) (1024K)]
  0x000001e263c1eb70 JavaThread "Equinox resolver thread - Equinox Container: c1c08bc8-dbc6-4a2c-b9a2-f5b3bd181709" daemon [_thread_blocked, id=8408, stack(0x0000006bf2000000,0x0000006bf2100000) (1024K)]
Total: 23

Other Threads:
  0x000001e220de28f0 VMThread "VM Thread"                           [id=15264, stack(0x0000006bf0300000,0x0000006bf0400000) (1024K)]
  0x000001e220d1cb20 WatcherThread "VM Periodic Task Thread"        [id=8144, stack(0x0000006bf0200000,0x0000006bf0300000) (1024K)]
  0x000001e20ca66590 WorkerThread "GC Thread#0"                     [id=14348, stack(0x0000006bf0100000,0x0000006bf0200000) (1024K)]
  0x000001e26802e4f0 WorkerThread "GC Thread#1"                     [id=5952, stack(0x0000006bf0e00000,0x0000006bf0f00000) (1024K)]
  0x000001e26802eca0 WorkerThread "GC Thread#2"                     [id=14416, stack(0x0000006bf0f00000,0x0000006bf1000000) (1024K)]
  0x000001e26802f040 WorkerThread "GC Thread#3"                     [id=6292, stack(0x0000006bf1000000,0x0000006bf1100000) (1024K)]
  0x000001e26802f3e0 WorkerThread "GC Thread#4"                     [id=2864, stack(0x0000006bf1100000,0x0000006bf1200000) (1024K)]
  0x000001e268215e50 WorkerThread "GC Thread#5"                     [id=12520, stack(0x0000006bf1200000,0x0000006bf1300000) (1024K)]
  0x000001e2682161f0 WorkerThread "GC Thread#6"                     [id=3216, stack(0x0000006bf1300000,0x0000006bf1400000) (1024K)]
  0x000001e220e06e20 WorkerThread "GC Thread#7"                     [id=15148, stack(0x0000006bf1d00000,0x0000006bf1e00000) (1024K)]
Total: 10

Threads with active compile tasks:
C2 CompilerThread0  8893 2371       4       org.eclipse.osgi.container.ModuleResolver$$Lambda/0x000001e222126ad8::test (16 bytes)
C1 CompilerThread0  8893 2500       2       jdk.internal.org.objectweb.asm.ClassWriter::toByteArray (1517 bytes)
Total: 2

VM state: not at safepoint (normal execution)

VM Mutex/Monitor currently owned by a thread: None

Heap address: 0x00000000c0000000, size: 1024 MB, Compressed Oops mode: 32-bit

CDS archive(s) mapped at: [0x000001e221000000-0x000001e221ba0000-0x000001e221ba0000), size 12189696, SharedBaseAddress: 0x000001e221000000, ArchiveRelocationMode: 1.
Compressed class space mapped at: 0x000001e222000000-0x000001e262000000, reserved size: 1073741824
Narrow klass base: 0x000001e221000000, Narrow klass shift: 0, Narrow klass range: 0x100000000

GC Precious Log:
 CardTable entry size: 512
 CPUs: 8 total, 8 available
 Memory: 3889M
 Large Page Support: Disabled
 NUMA Support: Disabled
 Compressed Oops: Enabled (32-bit)
 Alignments: Space 512K, Generation 512K, Heap 2M
 Heap Min Capacity: 100M
 Heap Initial Capacity: 100M
 Heap Max Capacity: 1G
 Pre-touch: Disabled
 Parallel Workers: 8

Heap:
 PSYoungGen      total 29696K, used 22542K [0x00000000eab00000, 0x00000000ecc00000, 0x0000000100000000)
  eden space 25600K, 72% used [0x00000000eab00000,0x00000000ebd08330,0x00000000ec400000)
  from space 4096K, 99% used [0x00000000ec400000,0x00000000ec7fb8b0,0x00000000ec800000)
  to   space 4096K, 0% used [0x00000000ec800000,0x00000000ec800000,0x00000000ecc00000)
 ParOldGen       total 68608K, used 4743K [0x00000000c0000000, 0x00000000c4300000, 0x00000000eab00000)
  object space 68608K, 6% used [0x00000000c0000000,0x00000000c04a1c78,0x00000000c4300000)
 Metaspace       used 9888K, committed 10240K, reserved 1114112K
  class space    used 1005K, committed 1152K, reserved 1048576K

Card table byte_map: [0x000001e20c3f0000,0x000001e20c600000] _byte_map_base: 0x000001e20bdf0000

Marking Bits: (ParMarkBitMap*) 0x00007fff4a1731f0
 Begin Bits: [0x000001e21ec40000, 0x000001e21fc40000)
 End Bits:   [0x000001e21fc40000, 0x000001e220c40000)

Polling page: 0x000001e20a910000

Metaspace:

Usage:
  Non-class:      8.67 MB used.
      Class:   1005.84 KB used.
       Both:      9.66 MB used.

Virtual space:
  Non-class space:       64.00 MB reserved,       8.88 MB ( 14%) committed,  1 nodes.
      Class space:        1.00 GB reserved,       1.13 MB ( <1%) committed,  1 nodes.
             Both:        1.06 GB reserved,      10.00 MB ( <1%) committed. 

Chunk freelists:
   Non-Class:  6.23 MB
       Class:  14.76 MB
        Both:  20.99 MB

MaxMetaspaceSize: unlimited
CompressedClassSpaceSize: 1.00 GB
Initial GC threshold: 21.00 MB
Current GC threshold: 21.00 MB
CDS: on
 - commit_granule_bytes: 65536.
 - commit_granule_words: 8192.
 - virtual_space_node_default_size: 8388608.
 - enlarge_chunks_in_place: 1.
 - use_allocation_guard: 0.


Internal statistics:

num_allocs_failed_limit: 0.
num_arena_births: 280.
num_arena_deaths: 0.
num_vsnodes_births: 2.
num_vsnodes_deaths: 0.
num_space_committed: 160.
num_space_uncommitted: 0.
num_chunks_returned_to_freelist: 0.
num_chunks_taken_from_freelist: 513.
num_chunk_merges: 0.
num_chunk_splits: 348.
num_chunks_enlarged: 242.
num_inconsistent_stats: 0.

CodeHeap 'non-profiled nmethods': size=120000Kb used=935Kb max_used=935Kb free=119064Kb
 bounds [0x000001e217710000, 0x000001e217980000, 0x000001e21ec40000]
CodeHeap 'profiled nmethods': size=120000Kb used=4820Kb max_used=4820Kb free=115179Kb
 bounds [0x000001e20fc40000, 0x000001e210100000, 0x000001e217170000]
CodeHeap 'non-nmethods': size=5760Kb used=1231Kb max_used=1269Kb free=4528Kb
 bounds [0x000001e217170000, 0x000001e2173e0000, 0x000001e217710000]
 total_blobs=2984 nmethods=2489 adapters=401
 compilation: enabled
              stopped_count=0, restarted_count=0
 full_count=0

Compilation events (20 events):
Event: 8.760 Thread 0x000001e220e1da50 nmethod 2489 0x000001e2100f1b10 code [0x000001e2100f1ca0, 0x000001e2100f1de8]
Event: 8.761 Thread 0x000001e220e1da50 2490       2       java.util.regex.Matcher::reset (128 bytes)
Event: 8.761 Thread 0x000001e220e1da50 nmethod 2490 0x000001e2100f1f10 code [0x000001e2100f20e0, 0x000001e2100f2430]
Event: 8.761 Thread 0x000001e220e1da50 2491       2       aQute.bnd.header.OSGiHeader::quote (203 bytes)
Event: 8.764 Thread 0x000001e220e1da50 nmethod 2491 0x000001e2100f2690 code [0x000001e2100f2940, 0x000001e2100f3208]
Event: 8.764 Thread 0x000001e220e1da50 2492       2       java.util.regex.Matcher::match (154 bytes)
Event: 8.765 Thread 0x000001e220e1da50 nmethod 2492 0x000001e2100f3990 code [0x000001e2100f3b60, 0x000001e2100f3e78]
Event: 8.765 Thread 0x000001e220e1da50 2494       1       org.eclipse.osgi.internal.loader.sources.PackageSource::getId (5 bytes)
Event: 8.765 Thread 0x000001e220e1da50 nmethod 2494 0x000001e2177ee690 code [0x000001e2177ee820, 0x000001e2177ee8e8]
Event: 8.765 Thread 0x000001e220e1da50 2493       1       org.eclipse.osgi.internal.hookregistry.ClassLoaderHook::preFindClass (2 bytes)
Event: 8.765 Thread 0x000001e220e1da50 nmethod 2493 0x000001e2177ee990 code [0x000001e2177eeb20, 0x000001e2177eebf0]
Event: 8.765 Thread 0x000001e220e1da50 2495       2       java.lang.StringBuilder::append (9 bytes)
Event: 8.765 Thread 0x000001e220e1da50 nmethod 2495 0x000001e2100f4090 code [0x000001e2100f4240, 0x000001e2100f43c8]
Event: 8.765 Thread 0x000001e220e1da50 2496       1       org.eclipse.osgi.internal.hookregistry.HookRegistry::getClassLoaderHooks (5 bytes)
Event: 8.765 Thread 0x000001e220e1da50 nmethod 2496 0x000001e2177eec90 code [0x000001e2177eee20, 0x000001e2177eeee8]
Event: 8.774 Thread 0x000001e220e1da50 2497   !   2       org.eclipse.osgi.internal.serviceregistry.ServiceRegistrationImpl::getRanking (17 bytes)
Event: 8.775 Thread 0x000001e220e1da50 nmethod 2497 0x000001e2100f4490 code [0x000001e2100f4640, 0x000001e2100f4838]
Event: 8.780 Thread 0x000001e220e1da50 2498       2       jdk.internal.org.objectweb.asm.ClassWriter::visit (160 bytes)
Event: 8.782 Thread 0x000001e220e1da50 nmethod 2498 0x000001e2100f4910 code [0x000001e2100f4b00, 0x000001e2100f4f50]
Event: 8.782 Thread 0x000001e220e1da50 2500       2       jdk.internal.org.objectweb.asm.ClassWriter::toByteArray (1517 bytes)

GC Heap History (6 events):
Event: 1.385 GC heap before
{Heap before GC invocations=1 (full 0):
 PSYoungGen      total 29696K, used 25600K [0x00000000eab00000, 0x00000000ecc00000, 0x0000000100000000)
  eden space 25600K, 100% used [0x00000000eab00000,0x00000000ec400000,0x00000000ec400000)
  from space 4096K, 0% used [0x00000000ec800000,0x00000000ec800000,0x00000000ecc00000)
  to   space 4096K, 0% used [0x00000000ec400000,0x00000000ec400000,0x00000000ec800000)
 ParOldGen       total 68608K, used 0K [0x00000000c0000000, 0x00000000c4300000, 0x00000000eab00000)
  object space 68608K, 0% used [0x00000000c0000000,0x00000000c0000000,0x00000000c4300000)
 Metaspace       used 4480K, committed 4736K, reserved 1114112K
  class space    used 479K, committed 576K, reserved 1048576K
}
Event: 1.402 GC heap after
{Heap after GC invocations=1 (full 0):
 PSYoungGen      total 29696K, used 3270K [0x00000000eab00000, 0x00000000ecc00000, 0x0000000100000000)
  eden space 25600K, 0% used [0x00000000eab00000,0x00000000eab00000,0x00000000ec400000)
  from space 4096K, 79% used [0x00000000ec400000,0x00000000ec731870,0x00000000ec800000)
  to   space 4096K, 0% used [0x00000000ec800000,0x00000000ec800000,0x00000000ecc00000)
 ParOldGen       total 68608K, used 16K [0x00000000c0000000, 0x00000000c4300000, 0x00000000eab00000)
  object space 68608K, 0% used [0x00000000c0000000,0x00000000c0004000,0x00000000c4300000)
 Metaspace       used 4480K, committed 4736K, reserved 1114112K
  class space    used 479K, committed 576K, reserved 1048576K
}
Event: 7.742 GC heap before
{Heap before GC invocations=2 (full 0):
 PSYoungGen      total 29696K, used 28870K [0x00000000eab00000, 0x00000000ecc00000, 0x0000000100000000)
  eden space 25600K, 100% used [0x00000000eab00000,0x00000000ec400000,0x00000000ec400000)
  from space 4096K, 79% used [0x00000000ec400000,0x00000000ec731870,0x00000000ec800000)
  to   space 4096K, 0% used [0x00000000ec800000,0x00000000ec800000,0x00000000ecc00000)
 ParOldGen       total 68608K, used 16K [0x00000000c0000000, 0x00000000c4300000, 0x00000000eab00000)
  object space 68608K, 0% used [0x00000000c0000000,0x00000000c0004000,0x00000000c4300000)
 Metaspace       used 8293K, committed 8576K, reserved 1114112K
  class space    used 851K, committed 960K, reserved 1048576K
}
Event: 7.749 GC heap after
{Heap after GC invocations=2 (full 0):
 PSYoungGen      total 29696K, used 4077K [0x00000000eab00000, 0x00000000ecc00000, 0x0000000100000000)
  eden space 25600K, 0% used [0x00000000eab00000,0x00000000eab00000,0x00000000ec400000)
  from space 4096K, 99% used [0x00000000ec800000,0x00000000ecbfb428,0x00000000ecc00000)
  to   space 4096K, 0% used [0x00000000ec400000,0x00000000ec400000,0x00000000ec800000)
 ParOldGen       total 68608K, used 112K [0x00000000c0000000, 0x00000000c4300000, 0x00000000eab00000)
  object space 68608K, 0% used [0x00000000c0000000,0x00000000c001c000,0x00000000c4300000)
 Metaspace       used 8293K, committed 8576K, reserved 1114112K
  class space    used 851K, committed 960K, reserved 1048576K
}
Event: 8.348 GC heap before
{Heap before GC invocations=3 (full 0):
 PSYoungGen      total 29696K, used 29677K [0x00000000eab00000, 0x00000000ecc00000, 0x0000000100000000)
  eden space 25600K, 100% used [0x00000000eab00000,0x00000000ec400000,0x00000000ec400000)
  from space 4096K, 99% used [0x00000000ec800000,0x00000000ecbfb428,0x00000000ecc00000)
  to   space 4096K, 0% used [0x00000000ec400000,0x00000000ec400000,0x00000000ec800000)
 ParOldGen       total 68608K, used 112K [0x00000000c0000000, 0x00000000c4300000, 0x00000000eab00000)
  object space 68608K, 0% used [0x00000000c0000000,0x00000000c001c000,0x00000000c4300000)
 Metaspace       used 8740K, committed 9024K, reserved 1114112K
  class space    used 883K, committed 1024K, reserved 1048576K
}
Event: 8.360 GC heap after
{Heap after GC invocations=3 (full 0):
 PSYoungGen      total 29696K, used 4078K [0x00000000eab00000, 0x00000000ecc00000, 0x0000000100000000)
  eden space 25600K, 0% used [0x00000000eab00000,0x00000000eab00000,0x00000000ec400000)
  from space 4096K, 99% used [0x00000000ec400000,0x00000000ec7fb8b0,0x00000000ec800000)
  to   space 4096K, 0% used [0x00000000ec800000,0x00000000ec800000,0x00000000ecc00000)
 ParOldGen       total 68608K, used 4743K [0x00000000c0000000, 0x00000000c4300000, 0x00000000eab00000)
  object space 68608K, 6% used [0x00000000c0000000,0x00000000c04a1c78,0x00000000c4300000)
 Metaspace       used 8740K, committed 9024K, reserved 1114112K
  class space    used 883K, committed 1024K, reserved 1048576K
}

Dll operation events (9 events):
Event: 0.011 Loaded shared library c:\Users\Administrator\.cursor\extensions\redhat.java-1.42.0-win32-x64\jre\21.0.7-win32-x86_64\bin\java.dll
Event: 0.207 Loaded shared library c:\Users\Administrator\.cursor\extensions\redhat.java-1.42.0-win32-x64\jre\21.0.7-win32-x86_64\bin\zip.dll
Event: 0.253 Loaded shared library C:\Users\Administrator\.cursor\extensions\redhat.java-1.42.0-win32-x64\jre\21.0.7-win32-x86_64\bin\instrument.dll
Event: 0.265 Loaded shared library C:\Users\Administrator\.cursor\extensions\redhat.java-1.42.0-win32-x64\jre\21.0.7-win32-x86_64\bin\net.dll
Event: 0.270 Loaded shared library C:\Users\Administrator\.cursor\extensions\redhat.java-1.42.0-win32-x64\jre\21.0.7-win32-x86_64\bin\nio.dll
Event: 0.277 Loaded shared library C:\Users\Administrator\.cursor\extensions\redhat.java-1.42.0-win32-x64\jre\21.0.7-win32-x86_64\bin\zip.dll
Event: 0.318 Loaded shared library C:\Users\Administrator\.cursor\extensions\redhat.java-1.42.0-win32-x64\jre\21.0.7-win32-x86_64\bin\jimage.dll
Event: 0.453 Loaded shared library c:\Users\Administrator\.cursor\extensions\redhat.java-1.42.0-win32-x64\jre\21.0.7-win32-x86_64\bin\verify.dll
Event: 8.321 Loaded shared library C:\Users\Administrator\AppData\Roaming\Cursor\User\globalStorage\redhat.java\1.42.0\config_win\org.eclipse.equinox.launcher\org.eclipse.equinox.launcher.win32.win32.x86_64_1.2.1300.v20250331-1702\eclipse_11911.dll

Deoptimization events (20 events):
Event: 8.279 Thread 0x000001e263c1f200 Uncommon trap: trap_request=0xffffff3d fr.pc=0x000001e2177d3c8c relative=0x000000000000006c
Event: 8.279 Thread 0x000001e263c1f200 Uncommon trap: reason=unstable_fused_if action=reinterpret pc=0x000001e2177d3c8c method=java.lang.CharacterDataLatin1.equalsIgnoreCase(BB)Z @ 16 c2
Event: 8.279 Thread 0x000001e263c1f200 DEOPT PACKING pc=0x000001e2177d3c8c sp=0x0000006bf1efe180
Event: 8.279 Thread 0x000001e263c1f200 DEOPT UNPACKING pc=0x000001e2171c3aa2 sp=0x0000006bf1efe100 mode 2
Event: 8.447 Thread 0x000001e263c1f200 Uncommon trap: trap_request=0xffffff45 fr.pc=0x000001e21776e2b4 relative=0x0000000000000274
Event: 8.447 Thread 0x000001e263c1f200 Uncommon trap: reason=unstable_if action=reinterpret pc=0x000001e21776e2b4 method=java.util.concurrent.ConcurrentHashMap.get(Ljava/lang/Object;)Ljava/lang/Object; @ 86 c2
Event: 8.447 Thread 0x000001e263c1f200 DEOPT PACKING pc=0x000001e21776e2b4 sp=0x0000006bf1efe250
Event: 8.447 Thread 0x000001e263c1f200 DEOPT UNPACKING pc=0x000001e2171c3aa2 sp=0x0000006bf1efe1b8 mode 2
Event: 8.586 Thread 0x000001e263c1f200 DEOPT PACKING pc=0x000001e20fdb8e08 sp=0x0000006bf1efc9f0
Event: 8.586 Thread 0x000001e263c1f200 DEOPT UNPACKING pc=0x000001e2171c4242 sp=0x0000006bf1efbe70 mode 0
Event: 8.587 Thread 0x000001e263c1f200 DEOPT PACKING pc=0x000001e20fdb8e08 sp=0x0000006bf1efcd00
Event: 8.587 Thread 0x000001e263c1f200 DEOPT UNPACKING pc=0x000001e2171c4242 sp=0x0000006bf1efc180 mode 0
Event: 8.589 Thread 0x000001e263c1f200 DEOPT PACKING pc=0x000001e20fdb8e08 sp=0x0000006bf1efcc50
Event: 8.589 Thread 0x000001e263c1f200 DEOPT UNPACKING pc=0x000001e2171c4242 sp=0x0000006bf1efc0d0 mode 0
Event: 8.591 Thread 0x000001e263c1f200 DEOPT PACKING pc=0x000001e20fdb8e08 sp=0x0000006bf1efcf50
Event: 8.591 Thread 0x000001e263c1f200 DEOPT UNPACKING pc=0x000001e2171c4242 sp=0x0000006bf1efc3d0 mode 0
Event: 8.646 Thread 0x000001e263c1e4e0 Uncommon trap: trap_request=0xffffff6e fr.pc=0x000001e217788be8 relative=0x00000000000003a8
Event: 8.646 Thread 0x000001e263c1e4e0 Uncommon trap: reason=loop_limit_check action=maybe_recompile pc=0x000001e217788be8 method=java.lang.StringLatin1.indexOf([BI[BII)I @ 37 c2
Event: 8.646 Thread 0x000001e263c1e4e0 DEOPT PACKING pc=0x000001e217788be8 sp=0x0000006bf1cfd110
Event: 8.646 Thread 0x000001e263c1e4e0 DEOPT UNPACKING pc=0x000001e2171c3aa2 sp=0x0000006bf1cfd070 mode 2

Classes loaded (20 events):
Event: 8.775 Loading class java/util/logging/LogRecord
Event: 8.776 Loading class java/util/logging/LogRecord done
Event: 8.778 Loading class java/util/logging/ConsoleHandler
Event: 8.779 Loading class java/util/logging/StreamHandler
Event: 8.779 Loading class java/util/logging/StreamHandler done
Event: 8.779 Loading class java/util/logging/ConsoleHandler done
Event: 8.780 Loading class java/util/logging/SimpleFormatter
Event: 8.780 Loading class java/util/logging/Formatter
Event: 8.780 Loading class java/util/logging/Formatter done
Event: 8.780 Loading class java/util/logging/SimpleFormatter done
Event: 8.782 Loading class jdk/internal/logger/SimpleConsoleLogger$Formatting
Event: 8.783 Loading class jdk/internal/logger/SimpleConsoleLogger$Formatting done
Event: 8.783 Loading class java/util/logging/ErrorManager
Event: 8.784 Loading class java/util/logging/ErrorManager done
Event: 8.784 Loading class java/util/logging/Handler$1
Event: 8.784 Loading class java/util/logging/Handler$1 done
Event: 8.785 Loading class java/util/logging/StreamHandler$1
Event: 8.785 Loading class java/util/logging/StreamHandler$1 done
Event: 8.786 Loading class java/util/logging/LogManager$CloseOnReset
Event: 8.786 Loading class java/util/logging/LogManager$CloseOnReset done

Classes unloaded (0 events):
No events

Classes redefined (0 events):
No events

Internal exceptions (20 events):
Event: 1.411 Thread 0x000001e20ca47f20 Exception <a 'java/lang/ClassNotFoundException'{0x00000000eab13e60}: sun/net/www/protocol/c/Handler> (0x00000000eab13e60) 
thrown [s\src\hotspot\share\classfile\systemDictionary.cpp, line 312]
Event: 1.412 Thread 0x000001e20ca47f20 Exception <a 'java/lang/ClassNotFoundException'{0x00000000eab151d8}: sun/net/www/protocol/d/Handler> (0x00000000eab151d8) 
thrown [s\src\hotspot\share\classfile\systemDictionary.cpp, line 312]
Event: 1.412 Thread 0x000001e20ca47f20 Exception <a 'java/lang/ClassNotFoundException'{0x00000000eab16350}: sun/net/www/protocol/c/Handler> (0x00000000eab16350) 
thrown [s\src\hotspot\share\classfile\systemDictionary.cpp, line 312]
Event: 1.424 Thread 0x000001e20ca47f20 Exception <a 'java/io/FileNotFoundException'{0x00000000eab3ee08}> (0x00000000eab3ee08) 
thrown [s\src\hotspot\share\prims\jni.cpp, line 520]
Event: 1.512 Thread 0x000001e20ca47f20 Implicit null exception at 0x000001e21776caa9 to 0x000001e21776d5c0
Event: 1.522 Thread 0x000001e20ca47f20 Exception <a 'java/lang/NoSuchMethodError'{0x00000000eaced2d8}: 'void java.lang.invoke.DirectMethodHandle$Holder.invokeStatic(java.lang.Object, java.lang.Object, java.lang.Object, java.lang.Object)'> (0x00000000eaced2d8) 
thrown [s\src\hotspot\share\interpreter\linkResolver.cpp, line 773]
Event: 1.644 Thread 0x000001e20ca47f20 Exception <a 'java/lang/NoSuchMethodError'{0x00000000eaeaa168}: 'long java.lang.invoke.DirectMethodHandle$Holder.invokeStatic(java.lang.Object, java.lang.Object, int)'> (0x00000000eaeaa168) 
thrown [s\src\hotspot\share\interpreter\linkResolver.cpp, line 773]
Event: 1.645 Thread 0x000001e20ca47f20 Exception <a 'java/lang/NoSuchMethodError'{0x00000000eaeb1b58}: 'java.lang.Object java.lang.invoke.DirectMethodHandle$Holder.invokeSpecial(java.lang.Object, java.lang.Object, java.lang.Object, java.lang.Object, long)'> (0x00000000eaeb1b58) 
thrown [s\src\hotspot\share\interpreter\linkResolver.cpp, line 773]
Event: 1.650 Thread 0x000001e20ca47f20 Exception <a 'java/lang/NoSuchMethodError'{0x00000000eaebf7d8}: 'java.lang.Object java.lang.invoke.DirectMethodHandle$Holder.invokeSpecial(java.lang.Object, java.lang.Object, java.lang.Object, int, java.lang.Object)'> (0x00000000eaebf7d8) 
thrown [s\src\hotspot\share\interpreter\linkResolver.cpp, line 773]
Event: 1.659 Thread 0x000001e20ca47f20 Exception <a 'java/lang/NoSuchMethodError'{0x00000000eaee9068}: 'int java.lang.invoke.DirectMethodHandle$Holder.invokeStaticInit(java.lang.Object, java.lang.Object, java.lang.Object, java.lang.Object)'> (0x00000000eaee9068) 
thrown [s\src\hotspot\share\interpreter\linkResolver.cpp, line 773]
Event: 1.661 Thread 0x000001e20ca47f20 Exception <a 'java/lang/IncompatibleClassChangeError'{0x00000000eaef1568}: Found class java.lang.Object, but interface was expected> (0x00000000eaef1568) 
thrown [s\src\hotspot\share\interpreter\linkResolver.cpp, line 840]
Event: 1.663 Thread 0x000001e20ca47f20 Exception <a 'java/lang/NoSuchMethodError'{0x00000000eaef5708}: 'void java.lang.invoke.DirectMethodHandle$Holder.invokeStaticInit(java.lang.Object, java.lang.Object)'> (0x00000000eaef5708) 
thrown [s\src\hotspot\share\interpreter\linkResolver.cpp, line 773]
Event: 1.664 Thread 0x000001e20ca47f20 Exception <a 'java/lang/NoSuchMethodError'{0x00000000eaefc5e0}: 'int java.lang.invoke.DirectMethodHandle$Holder.invokeStaticInit(java.lang.Object, java.lang.Object)'> (0x00000000eaefc5e0) 
thrown [s\src\hotspot\share\interpreter\linkResolver.cpp, line 773]
Event: 1.790 Thread 0x000001e20ca47f20 Exception <a 'java/lang/NoSuchMethodError'{0x00000000eb1c2cf0}: 'int java.lang.invoke.DirectMethodHandle$Holder.invokeVirtual(java.lang.Object, java.lang.Object)'> (0x00000000eb1c2cf0) 
thrown [s\src\hotspot\share\interpreter\linkResolver.cpp, line 773]
Event: 2.275 Thread 0x000001e20ca47f20 Exception <a 'java/lang/NoSuchMethodError'{0x00000000ebfbddd8}: 'java.lang.Object java.lang.invoke.DirectMethodHandle$Holder.newInvokeSpecial(java.lang.Object, int, java.lang.Object)'> (0x00000000ebfbddd8) 
thrown [s\src\hotspot\share\interpreter\linkResolver.cpp, line 773]
Event: 2.318 Thread 0x000001e20ca47f20 Exception <a 'java/lang/NoSuchMethodError'{0x00000000ec0a9b98}: 'java.lang.Object java.lang.invoke.DirectMethodHandle$Holder.newInvokeSpecial(java.lang.Object, java.lang.Object, java.lang.Object, java.lang.Object, int, java.lang.Object)'> (0x00000000ec0a9b98) 
thrown [s\src\hotspot\share\interpreter\linkResolver.cpp, line 773]
Event: 8.214 Thread 0x000001e20ca47f20 Exception <a 'java/lang/NoSuchMethodError'{0x00000000ebfd59e8}: 'void java.lang.invoke.DirectMethodHandle$Holder.invokeSpecial(java.lang.Object, java.lang.Object, java.lang.Object)'> (0x00000000ebfd59e8) 
thrown [s\src\hotspot\share\interpreter\linkResolver.cpp, line 773]
Event: 8.216 Thread 0x000001e20ca47f20 Exception <a 'java/lang/UnsatisfiedLinkError'{0x00000000ebfdf108}: 'void org.eclipse.equinox.launcher.JNIBridge._update_splash()'> (0x00000000ebfdf108) 
thrown [s\src\hotspot\share\prims\nativeLookup.cpp, line 415]
Event: 8.740 Thread 0x000001e263c1e4e0 Exception <a 'java/lang/NoSuchMethodError'{0x00000000eb9ba768}: 'java.lang.Object java.lang.invoke.DirectMethodHandle$Holder.newInvokeSpecial(java.lang.Object, java.lang.Object, int, java.lang.Object)'> (0x00000000eb9ba768) 
thrown [s\src\hotspot\share\interpreter\linkResolver.cpp, line 773]
Event: 8.766 Thread 0x000001e263c1e4e0 Exception <a 'java/lang/NoClassDefFoundError'{0x00000000eba5e6e0}: jakarta/servlet/ServletContainerInitializer> (0x00000000eba5e6e0) 
thrown [s\src\hotspot\share\classfile\systemDictionary.cpp, line 301]

ZGC Phase Switch (0 events):
No events

VM Operations (20 events):
Event: 2.247 Executing VM operation: HandshakeAllThreads (Deoptimize)
Event: 2.247 Executing VM operation: HandshakeAllThreads (Deoptimize) done
Event: 3.247 Executing VM operation: Cleanup
Event: 3.247 Executing VM operation: Cleanup done
Event: 7.742 Executing VM operation: ParallelGCFailedAllocation (Allocation Failure)
Event: 7.749 Executing VM operation: ParallelGCFailedAllocation (Allocation Failure) done
Event: 8.230 Executing VM operation: HandshakeAllThreads (Deoptimize)
Event: 8.230 Executing VM operation: HandshakeAllThreads (Deoptimize) done
Event: 8.328 Executing VM operation: HandshakeAllThreads (Deoptimize)
Event: 8.328 Executing VM operation: HandshakeAllThreads (Deoptimize) done
Event: 8.331 Executing VM operation: HandshakeAllThreads (Deoptimize)
Event: 8.331 Executing VM operation: HandshakeAllThreads (Deoptimize) done
Event: 8.348 Executing VM operation: ParallelGCFailedAllocation (Allocation Failure)
Event: 8.360 Executing VM operation: ParallelGCFailedAllocation (Allocation Failure) done
Event: 8.566 Executing VM operation: HandshakeAllThreads (Deoptimize)
Event: 8.566 Executing VM operation: HandshakeAllThreads (Deoptimize) done
Event: 8.765 Executing VM operation: ICBufferFull
Event: 8.766 Executing VM operation: ICBufferFull done
Event: 8.772 Executing VM operation: HandshakeAllThreads (Deoptimize)
Event: 8.772 Executing VM operation: HandshakeAllThreads (Deoptimize) done

Memory protections (0 events):
No events

Nmethod flushes (0 events):
No events

Events (20 events):
Event: 0.077 Thread 0x000001e20ca47f20 Thread added: 0x000001e220e01500
Event: 0.077 Thread 0x000001e20ca47f20 Thread added: 0x000001e220e02210
Event: 0.077 Thread 0x000001e20ca47f20 Thread added: 0x000001e220e03dd0
Event: 0.077 Thread 0x000001e20ca47f20 Thread added: 0x000001e220e04820
Event: 0.077 Thread 0x000001e20ca47f20 Thread added: 0x000001e220e05650
Event: 0.078 Thread 0x000001e20ca47f20 Thread added: 0x000001e220e1da50
Event: 0.146 Thread 0x000001e20ca47f20 Thread added: 0x000001e20cab88a0
Event: 0.595 Thread 0x000001e20ca47f20 Thread added: 0x000001e263a8da80
Event: 2.153 Thread 0x000001e20ca47f20 Thread added: 0x000001e2682cf770
Event: 2.155 Thread 0x000001e2682cf770 Thread added: 0x000001e2682ce940
Event: 2.163 Thread 0x000001e20ca47f20 Thread added: 0x000001e2682d82b0
Event: 2.167 Thread 0x000001e20ca47f20 Thread added: 0x000001e2682d8bb0
Event: 2.170 Thread 0x000001e20ca47f20 Thread added: 0x000001e2682d9210
Event: 2.176 Thread 0x000001e20ca47f20 Thread added: 0x000001e2682e02d0
Event: 2.231 Thread 0x000001e20ca47f20 Thread added: 0x000001e26840a270
Event: 7.732 Thread 0x000001e20ca47f20 Thread added: 0x000001e2683faf10
Event: 7.735 Thread 0x000001e20ca47f20 Thread added: 0x000001e263c1e4e0
Event: 8.213 Thread 0x000001e20ca47f20 Thread added: 0x000001e263c1f200
Event: 8.341 Thread 0x000001e263c1f200 Thread added: 0x000001e263c1f890
Event: 8.342 Thread 0x000001e263c1f200 Thread added: 0x000001e263c1eb70


Dynamic libraries:
0x00007ff700220000 - 0x00007ff70022e000 	c:\Users\Administrator\.cursor\extensions\redhat.java-1.42.0-win32-x64\jre\21.0.7-win32-x86_64\bin\java.exe
0x00007fffa7700000 - 0x00007fffa78f0000 	C:\Windows\SYSTEM32\ntdll.dll
0x00007fffa57b0000 - 0x00007fffa5862000 	C:\Windows\System32\KERNEL32.DLL
0x00007fffa4a50000 - 0x00007fffa4cf5000 	C:\Windows\System32\KERNELBASE.dll
0x00007fffa4f00000 - 0x00007fffa4ffa000 	C:\Windows\System32\ucrtbase.dll
0x00007fff54fa0000 - 0x00007fff54fb8000 	c:\Users\Administrator\.cursor\extensions\redhat.java-1.42.0-win32-x64\jre\21.0.7-win32-x86_64\bin\jli.dll
0x00007fffa64e0000 - 0x00007fffa6674000 	C:\Windows\System32\USER32.dll
0x00007fffa4670000 - 0x00007fffa4691000 	C:\Windows\System32\win32u.dll
0x00007fffa74d0000 - 0x00007fffa74f6000 	C:\Windows\System32\GDI32.dll
0x00007fffa4730000 - 0x00007fffa48c8000 	C:\Windows\System32\gdi32full.dll
0x00007fffa4d00000 - 0x00007fffa4d9e000 	C:\Windows\System32\msvcp_win.dll
0x00007fff54f80000 - 0x00007fff54f9e000 	c:\Users\Administrator\.cursor\extensions\redhat.java-1.42.0-win32-x64\jre\21.0.7-win32-x86_64\bin\VCRUNTIME140.dll
0x00007fff92270000 - 0x00007fff924f4000 	C:\Windows\WinSxS\amd64_microsoft.windows.common-controls_6595b64144ccf1df_6.0.18362.1556_none_9e7e372fe45e41d5\COMCTL32.dll
0x00007fffa70a0000 - 0x00007fffa713e000 	C:\Windows\System32\msvcrt.dll
0x00007fffa6130000 - 0x00007fffa6466000 	C:\Windows\System32\combase.dll
0x00007fffa6000000 - 0x00007fffa611f000 	C:\Windows\System32\RPCRT4.dll
0x00007fffa46a0000 - 0x00007fffa4721000 	C:\Windows\System32\bcryptPrimitives.dll
0x00007fffa7140000 - 0x00007fffa716e000 	C:\Windows\System32\IMM32.DLL
0x00007fff92070000 - 0x00007fff9207c000 	c:\Users\Administrator\.cursor\extensions\redhat.java-1.42.0-win32-x64\jre\21.0.7-win32-x86_64\bin\vcruntime140_1.dll
0x00007fff518b0000 - 0x00007fff5193d000 	c:\Users\Administrator\.cursor\extensions\redhat.java-1.42.0-win32-x64\jre\21.0.7-win32-x86_64\bin\msvcp140.dll
0x00007fff494c0000 - 0x00007fff4a250000 	c:\Users\Administrator\.cursor\extensions\redhat.java-1.42.0-win32-x64\jre\21.0.7-win32-x86_64\bin\server\jvm.dll
0x00007fffa6ad0000 - 0x00007fffa6b73000 	C:\Windows\System32\ADVAPI32.dll
0x00007fffa7430000 - 0x00007fffa74c7000 	C:\Windows\System32\sechost.dll
0x00007fffa45e0000 - 0x00007fffa462a000 	C:\Windows\System32\POWRPROF.dll
0x00007fffa45b0000 - 0x00007fffa45c0000 	C:\Windows\System32\UMPDC.dll
0x00007fffa7170000 - 0x00007fffa71df000 	C:\Windows\System32\WS2_32.dll
0x00007fff92510000 - 0x00007fff92534000 	C:\Windows\SYSTEM32\WINMM.dll
0x00007fff9c3f0000 - 0x00007fff9c3fa000 	C:\Windows\SYSTEM32\VERSION.dll
0x00007fff92240000 - 0x00007fff9226d000 	C:\Windows\SYSTEM32\winmmbase.dll
0x00007fffa4950000 - 0x00007fffa499a000 	C:\Windows\System32\cfgmgr32.dll
0x00007fffa4650000 - 0x00007fffa4661000 	C:\Windows\System32\kernel.appcore.dll
0x00007fff86d80000 - 0x00007fff86d8a000 	c:\Users\Administrator\.cursor\extensions\redhat.java-1.42.0-win32-x64\jre\21.0.7-win32-x86_64\bin\jimage.dll
0x00007fffa2eb0000 - 0x00007fffa30a4000 	C:\Windows\SYSTEM32\DBGHELP.DLL
0x00007fff9a7e0000 - 0x00007fff9a80a000 	C:\Windows\SYSTEM32\dbgcore.DLL
0x00007fff805a0000 - 0x00007fff805af000 	c:\Users\Administrator\.cursor\extensions\redhat.java-1.42.0-win32-x64\jre\21.0.7-win32-x86_64\bin\instrument.dll
0x00007fff53210000 - 0x00007fff5322f000 	c:\Users\Administrator\.cursor\extensions\redhat.java-1.42.0-win32-x64\jre\21.0.7-win32-x86_64\bin\java.dll
0x00007fffa58f0000 - 0x00007fffa5fd7000 	C:\Windows\System32\SHELL32.dll
0x00007fffa66e0000 - 0x00007fffa6788000 	C:\Windows\System32\shcore.dll
0x00007fffa5000000 - 0x00007fffa577b000 	C:\Windows\System32\windows.storage.dll
0x00007fffa4630000 - 0x00007fffa464e000 	C:\Windows\System32\profapi.dll
0x00007fffa68d0000 - 0x00007fffa6922000 	C:\Windows\System32\shlwapi.dll
0x00007fffa48d0000 - 0x00007fffa48e7000 	C:\Windows\System32\cryptsp.dll
0x00007fff519e0000 - 0x00007fff519f8000 	c:\Users\Administrator\.cursor\extensions\redhat.java-1.42.0-win32-x64\jre\21.0.7-win32-x86_64\bin\zip.dll
0x00007fff7f2b0000 - 0x00007fff7f2c0000 	C:\Users\Administrator\.cursor\extensions\redhat.java-1.42.0-win32-x64\jre\21.0.7-win32-x86_64\bin\net.dll
0x00007fff9d670000 - 0x00007fff9d76a000 	C:\Windows\SYSTEM32\WINHTTP.dll
0x00007fffa3df0000 - 0x00007fffa3e57000 	C:\Windows\system32\mswsock.dll
0x00007fff519c0000 - 0x00007fff519d6000 	C:\Users\Administrator\.cursor\extensions\redhat.java-1.42.0-win32-x64\jre\21.0.7-win32-x86_64\bin\nio.dll
0x00007fff7ded0000 - 0x00007fff7dee0000 	c:\Users\Administrator\.cursor\extensions\redhat.java-1.42.0-win32-x64\jre\21.0.7-win32-x86_64\bin\verify.dll
0x00007fff4f520000 - 0x00007fff4f565000 	C:\Users\Administrator\AppData\Roaming\Cursor\User\globalStorage\redhat.java\1.42.0\config_win\org.eclipse.equinox.launcher\org.eclipse.equinox.launcher.win32.win32.x86_64_1.2.1300.v20250331-1702\eclipse_11911.dll
0x00007fffa7500000 - 0x00007fffa7657000 	C:\Windows\System32\ole32.dll

dbghelp: loaded successfully - version: 4.0.5 - missing functions: none
symbol engine: initialized successfully - sym options: 0x614 - pdb path: .;c:\Users\Administrator\.cursor\extensions\redhat.java-1.42.0-win32-x64\jre\21.0.7-win32-x86_64\bin;C:\Windows\SYSTEM32;C:\Windows\WinSxS\amd64_microsoft.windows.common-controls_6595b64144ccf1df_6.0.18362.1556_none_9e7e372fe45e41d5;c:\Users\Administrator\.cursor\extensions\redhat.java-1.42.0-win32-x64\jre\21.0.7-win32-x86_64\bin\server;C:\Users\Administrator\AppData\Roaming\Cursor\User\globalStorage\redhat.java\1.42.0\config_win\org.eclipse.equinox.launcher\org.eclipse.equinox.launcher.win32.win32.x86_64_1.2.1300.v20250331-1702

VM Arguments:
jvm_args: --add-modules=ALL-SYSTEM --add-opens=java.base/java.util=ALL-UNNAMED --add-opens=java.base/java.lang=ALL-UNNAMED --add-opens=java.base/sun.nio.fs=ALL-UNNAMED -Declipse.application=org.eclipse.jdt.ls.core.id1 -Dosgi.bundles.defaultStartLevel=4 -Declipse.product=org.eclipse.jdt.ls.core.product -Djava.import.generatesMetadataFilesAtProjectRoot=false -DDetectVMInstallationsJob.disabled=true -Dfile.encoding=utf8 -XX:+UseParallelGC -XX:GCTimeRatio=4 -XX:AdaptiveSizePolicyWeight=90 -Dsun.zip.disableMemoryMapping=true -Xmx1G -Xms100m -Xlog:disable -javaagent:c:\Users\Administrator\.cursor\extensions\redhat.java-1.42.0-win32-x64\lombok\lombok-1.18.36.jar -XX:+HeapDumpOnOutOfMemoryError -XX:HeapDumpPath=c:\Users\Administrator\AppData\Roaming\Cursor\User\workspaceStorage\9dc1cad281cafc8938dd036e9dabeaab\redhat.java -Daether.dependencyCollector.impl=bf 
java_command: c:\Users\Administrator\.cursor\extensions\redhat.java-1.42.0-win32-x64\server\plugins\org.eclipse.equinox.launcher_1.7.0.v20250424-1814.jar -configuration c:\Users\Administrator\AppData\Roaming\Cursor\User\globalStorage\redhat.java\1.42.0\config_win -data c:\Users\Administrator\AppData\Roaming\Cursor\User\workspaceStorage\9dc1cad281cafc8938dd036e9dabeaab\redhat.java\jdt_ws --pipe=\\.\pipe\lsp-acaab692d2ba369f80970e1699371ddf-sock
java_class_path (initial): c:\Users\Administrator\.cursor\extensions\redhat.java-1.42.0-win32-x64\server\plugins\org.eclipse.equinox.launcher_1.7.0.v20250424-1814.jar
Launcher Type: SUN_STANDARD

[Global flags]
    uintx AdaptiveSizePolicyWeight                 = 90                                        {product} {command line}
     intx CICompilerCount                          = 4                                         {product} {ergonomic}
    uintx GCTimeRatio                              = 4                                         {product} {command line}
     bool HeapDumpOnOutOfMemoryError               = true                                   {manageable} {command line}
    ccstr HeapDumpPath                             = c:\Users\Administrator\AppData\Roaming\Cursor\User\workspaceStorage\9dc1cad281cafc8938dd036e9dabeaab\redhat.java         {manageable} {command line}
   size_t InitialHeapSize                          = 104857600                                 {product} {command line}
   size_t MaxHeapSize                              = 1073741824                                {product} {command line}
   size_t MaxNewSize                               = 357564416                                 {product} {ergonomic}
   size_t MinHeapDeltaBytes                        = 524288                                    {product} {ergonomic}
   size_t MinHeapSize                              = 104857600                                 {product} {command line}
   size_t NewSize                                  = 34603008                                  {product} {ergonomic}
    uintx NonNMethodCodeHeapSize                   = 5839372                                {pd product} {ergonomic}
    uintx NonProfiledCodeHeapSize                  = 122909434                              {pd product} {ergonomic}
   size_t OldSize                                  = 70254592                                  {product} {ergonomic}
    uintx ProfiledCodeHeapSize                     = 122909434                              {pd product} {ergonomic}
    uintx ReservedCodeCacheSize                    = 251658240                              {pd product} {ergonomic}
     bool SegmentedCodeCache                       = true                                      {product} {ergonomic}
   size_t SoftMaxHeapSize                          = 1073741824                             {manageable} {ergonomic}
     bool UseCompressedOops                        = true                           {product lp64_product} {ergonomic}
     bool UseLargePagesIndividualAllocation        = false                                  {pd product} {ergonomic}
     bool UseParallelGC                            = true                                      {product} {command line}

Logging:
Log output configuration:
 #0: stdout all=off uptime,level,tags foldmultilines=false
 #1: stderr all=off uptime,level,tags foldmultilines=false

Environment Variables:
JAVA_HOME=D:\datn\jdk-17.0.16+8
PATH=C:\Program Files\Python313\Scripts\;C:\Program Files\Python313\;C:\php-8.3.14-nts-Win32-vs16-x64;C:\Windows\system32;C:\Windows;C:\Windows\System32\Wbem;C:\Windows\System32\WindowsPowerShell\v1.0\;C:\Windows\System32\OpenSSH\;C:\Program Files\Microsoft SQL Server\Client SDK\ODBC\170\Tools\Binn\;C:\Program Files (x86)\Microsoft SQL Server\150\Tools\Binn\;C:\Program Files\Microsoft SQL Server\150\Tools\Binn\;C:\Program Files\Microsoft SQL Server\150\DTS\Binn\;C:\Program Files\Azure Data Studio\bin;C:\Program Files\dotnet\;D:\Git\cmd;C:\php-8.4.0-nts-Win32-vs17-x64;C:\ProgramData\ComposerSetup\bin;D:\datn\jdk-17.0.16+8\bin;C:\axis2-1.8.2\bin;D:\datn\apache-maven-3.9.11\bin;C:\Program Files\nodejs\;C:\php-8.4.0-nts-Win32-vs17-x64;C:\Users\Administrator\AppData\Local\Microsoft\WindowsApps;C:\Program Files\Azure Data Studio\bin;C:\Users\Administrator\AppData\Local\Programs\Microsoft VS Code\bin;C:\Users\Administrator\.dotnet\tools;C:\php-8.3.14-nts-Win32-vs16-x64;C:\Users\Administrator\AppData\Roaming\Composer\vendor\bin;D:\datn\jdk-17.0.16+8;C:\axis2-1.8.2;D:\cursor\resources\app\bin;D:\datn\apache-maven-3.9.11\bin;C:\Users\Administrator\AppData\Roaming\npm
USERNAME=Administrator
OS=Windows_NT
PROCESSOR_IDENTIFIER=Intel64 Family 6 Model 142 Stepping 12, GenuineIntel
TMP=C:\Users\ADMINI~1\AppData\Local\Temp
TEMP=C:\Users\ADMINI~1\AppData\Local\Temp




Periodic native trim disabled

---------------  S Y S T E M  ---------------

OS:
 Windows 10 , 64 bit Build 18362 (10.0.18362.1500)
OS uptime: 3 days 5:27 hours

CPU: total 8 (initial active 8) (4 cores per cpu, 2 threads per core) family 6 model 142 stepping 12 microcode 0xde, cx8, cmov, fxsr, ht, mmx, 3dnowpref, sse, sse2, sse3, ssse3, sse4.1, sse4.2, popcnt, lzcnt, tsc, tscinvbit, avx, avx2, aes, erms, clmul, bmi1, bmi2, adx, fma, vzeroupper, clflush, clflushopt, rdtscp, f16c
Processor Information for the first 8 processors :
  Max Mhz: 1800, Current Mhz: 1600, Mhz Limit: 1584

Memory: 4k page, system-wide physical 3889M (68M free)
TotalPageFile size 15665M (AvailPageFile size 3M)
current process WorkingSet (physical memory assigned to process): 92M, peak: 92M
current process commit charge ("private bytes"): 217M, peak: 218M

vm_info: OpenJDK 64-Bit Server VM (21.0.7+6-LTS) for windows-amd64 JRE (21.0.7+6-LTS), built on 2025-04-15T00:00:00Z by "admin" with MS VC++ 17.7 (VS2022)

END.
