#
# There is insufficient memory for the Java Runtime Environment to continue.
# Native memory allocation (malloc) failed to allocate 1126416 bytes. Error detail: Chunk::new
# Possible reasons:
#   The system is out of physical RAM or swap space
#   This process is running with CompressedOops enabled, and the Java Heap may be blocking the growth of the native heap
# Possible solutions:
#   Reduce memory load on the system
#   Increase physical memory or swap space
#   Check if swap backing store is full
#   Decrease Java heap size (-Xmx/-Xms)
#   Decrease number of Java threads
#   Decrease Java thread stack sizes (-Xss)
#   Set larger code cache with -XX:ReservedCodeCacheSize=
#   JVM is running with Unscaled Compressed Oops mode in which the Java heap is
#     placed in the first 4GB address space. The Java Heap base address is the
#     maximum limit for the native heap growth. Please use -XX:HeapBaseMinAddress
#     to set the Java Heap base and to place the Java Heap above 4GB virtual address.
# This output file may be truncated or incomplete.
#
#  Out of Memory Error (arena.cpp:168), pid=16404, tid=5308
#
# JRE version: OpenJDK Runtime Environment Temurin-21.0.9+10 (21.0.9+10) (build 21.0.9+10-LTS)
# Java VM: OpenJDK 64-Bit Server VM Temurin-21.0.9+10 (21.0.9+10-LTS, mixed mode, sharing, tiered, compressed oops, compressed class ptrs, parallel gc, windows-amd64)
# No core dump will be written. Minidumps are not enabled by default on client versions of Windows
#

---------------  S U M M A R Y ------------

Command Line: --add-modules=ALL-SYSTEM --add-opens=java.base/java.util=ALL-UNNAMED --add-opens=java.base/java.lang=ALL-UNNAMED --add-opens=java.base/sun.nio.fs=ALL-UNNAMED -Declipse.application=org.eclipse.jdt.ls.core.id1 -Dosgi.bundles.defaultStartLevel=4 -Declipse.product=org.eclipse.jdt.ls.core.product -Djava.import.generatesMetadataFilesAtProjectRoot=false -DDetectVMInstallationsJob.disabled=true -Dfile.encoding=utf8 -XX:+UseParallelGC -XX:GCTimeRatio=4 -XX:AdaptiveSizePolicyWeight=90 -Dsun.zip.disableMemoryMapping=true -Xmx2G -Xms100m -Xlog:disable -javaagent:c:\Users\Administrator\.vscode\extensions\redhat.java-1.51.0-win32-x64\lombok\lombok-1.18.39-4050.jar -XX:+HeapDumpOnOutOfMemoryError -XX:HeapDumpPath=c:\Users\Administrator\AppData\Roaming\Code\User\workspaceStorage\9dc1cad281cafc8938dd036e9dabeaab\redhat.java -Daether.dependencyCollector.impl=bf c:\Users\Administrator\.vscode\extensions\redhat.java-1.51.0-win32-x64\server\plugins\org.eclipse.equinox.launcher_1.7.100.v20251111-0406.jar -configuration c:\Users\Administrator\AppData\Roaming\Code\User\globalStorage\redhat.java\1.51.0\config_win -data c:\Users\Administrator\AppData\Roaming\Code\User\workspaceStorage\9dc1cad281cafc8938dd036e9dabeaab\redhat.java\jdt_ws --pipe=\\.\pipe\lsp-61187601fabba026608cd4854ac848fc-sock

Host: Intel(R) Core(TM) i5-8265U CPU @ 1.60GHz, 8 cores, 3G,  Windows 10 , 64 bit Build 18362 (10.0.18362.1500)
Time: Sun Jan 25 17:24:59 2026 SE Asia Standard Time elapsed time: 2482.151071 seconds (0d 0h 41m 22s)

---------------  T H R E A D  ---------------

Current thread (0x00000228e21d4a70):  JavaThread "C2 CompilerThread0" daemon [_thread_in_native, id=5308, stack(0x000000e3ed400000,0x000000e3ed500000) (1024K)]


Current CompileTask:
C2:2482151 18572       4       org.eclipse.jdt.internal.compiler.lookup.AnnotatableTypeSystem::getParameterizedType (11 bytes)

Stack: [0x000000e3ed400000,0x000000e3ed500000]
Native frames: (J=compiled Java code, j=interpreted, Vv=VM code, C=native code)
V  [jvm.dll+0x6d6e29]
V  [jvm.dll+0x8b4b76]
V  [jvm.dll+0x8b712e]
V  [jvm.dll+0x8b7813]
V  [jvm.dll+0x283d86]
V  [jvm.dll+0xc66ed]
V  [jvm.dll+0xc6c31]
V  [jvm.dll+0x3be53b]
V  [jvm.dll+0x1e3b52]
V  [jvm.dll+0x24c0f3]
V  [jvm.dll+0x24b580]
V  [jvm.dll+0x1cb13e]
V  [jvm.dll+0x25b29d]
V  [jvm.dll+0x25982a]
V  [jvm.dll+0x3f7ea6]
V  [jvm.dll+0x85e9ad]
V  [jvm.dll+0x6d565d]
C  [ucrtbase.dll+0x210b2]
C  [KERNEL32.DLL+0x17c24]
C  [ntdll.dll+0x6d721]


---------------  P R O C E S S  ---------------

Threads class SMR info:
_java_thread_list=0x00000228f4309ea0, length=41, elements={
0x000002288a5b95a0, 0x00000228e21bd4d0, 0x00000228e21c02f0, 0x00000228e21c4530,
0x00000228e21c53f0, 0x00000228e21c68a0, 0x00000228e21cb140, 0x00000228e21d4a70,
0x00000228e21d8740, 0x00000228e3b55c10, 0x00000228e3b58370, 0x00000228e3b562a0,
0x00000228e3b55580, 0x00000228e3b56930, 0x00000228e3b56fc0, 0x00000228e3b57650,
0x00000228e3b57ce0, 0x00000228e3b54ef0, 0x00000228e8dc6b40, 0x00000228e8dca650,
0x00000228e8dc92a0, 0x00000228e8dc8c10, 0x00000228e8dc3d50, 0x00000228e8dc8580,
0x00000228e8dc7860, 0x00000228e8dc9930, 0x00000228e8dc9fc0, 0x00000228e8dc43e0,
0x00000228e8dc7ef0, 0x00000228e8dc64b0, 0x00000228e8dc4a70, 0x00000228e8dc5790,
0x00000228ea307450, 0x00000228eb5c36c0, 0x00000228eb5bfbb0, 0x00000228ea307ae0,
0x00000228ea30d6c0, 0x00000228ea30a240, 0x00000228ea30a8d0, 0x00000228ea30dd50,
0x00000228ea30e3e0
}

Java Threads: ( => current thread )
  0x000002288a5b95a0 JavaThread "main"                              [_thread_blocked, id=18100, stack(0x000000e3eca00000,0x000000e3ecb00000) (1024K)]
  0x00000228e21bd4d0 JavaThread "Reference Handler"          daemon [_thread_blocked, id=15592, stack(0x000000e3ece00000,0x000000e3ecf00000) (1024K)]
  0x00000228e21c02f0 JavaThread "Finalizer"                  daemon [_thread_blocked, id=1796, stack(0x000000e3ecf00000,0x000000e3ed000000) (1024K)]
  0x00000228e21c4530 JavaThread "Signal Dispatcher"          daemon [_thread_blocked, id=15520, stack(0x000000e3ed000000,0x000000e3ed100000) (1024K)]
  0x00000228e21c53f0 JavaThread "Attach Listener"            daemon [_thread_blocked, id=13768, stack(0x000000e3ed100000,0x000000e3ed200000) (1024K)]
  0x00000228e21c68a0 JavaThread "Service Thread"             daemon [_thread_blocked, id=2224, stack(0x000000e3ed200000,0x000000e3ed300000) (1024K)]
  0x00000228e21cb140 JavaThread "Monitor Deflation Thread"   daemon [_thread_blocked, id=14252, stack(0x000000e3ed300000,0x000000e3ed400000) (1024K)]
=>0x00000228e21d4a70 JavaThread "C2 CompilerThread0"         daemon [_thread_in_native, id=5308, stack(0x000000e3ed400000,0x000000e3ed500000) (1024K)]
  0x00000228e21d8740 JavaThread "C1 CompilerThread0"         daemon [_thread_blocked, id=14232, stack(0x000000e3ed500000,0x000000e3ed600000) (1024K)]
  0x00000228e3b55c10 JavaThread "Common-Cleaner"             daemon [_thread_blocked, id=15728, stack(0x000000e3ed600000,0x000000e3ed700000) (1024K)]
  0x00000228e3b58370 JavaThread "Notification Thread"        daemon [_thread_blocked, id=9044, stack(0x000000e3ed700000,0x000000e3ed800000) (1024K)]
  0x00000228e3b562a0 JavaThread "Active Thread: Equinox Container: fa42044b-6bf9-4865-b100-b6fb96ecbd07"        [_thread_blocked, id=11516, stack(0x000000e3ede00000,0x000000e3edf00000) (1024K)]
  0x00000228e3b55580 JavaThread "Refresh Thread: Equinox Container: fa42044b-6bf9-4865-b100-b6fb96ecbd07" daemon [_thread_blocked, id=17076, stack(0x000000e3ee000000,0x000000e3ee100000) (1024K)]
  0x00000228e3b56930 JavaThread "Framework Event Dispatcher: Equinox Container: fa42044b-6bf9-4865-b100-b6fb96ecbd07" daemon [_thread_blocked, id=7840, stack(0x000000e3ee100000,0x000000e3ee200000) (1024K)]
  0x00000228e3b56fc0 JavaThread "Start Level: Equinox Container: fa42044b-6bf9-4865-b100-b6fb96ecbd07" daemon [_thread_blocked, id=2776, stack(0x000000e3ee200000,0x000000e3ee300000) (1024K)]
  0x00000228e3b57650 JavaThread "Bundle File Closer"         daemon [_thread_blocked, id=6332, stack(0x000000e3ee300000,0x000000e3ee400000) (1024K)]
  0x00000228e3b57ce0 JavaThread "SCR Component Actor"        daemon [_thread_blocked, id=3352, stack(0x000000e3ee400000,0x000000e3ee500000) (1024K)]
  0x00000228e3b54ef0 JavaThread "Worker-JM"                         [_thread_blocked, id=19240, stack(0x000000e3ee500000,0x000000e3ee600000) (1024K)]
  0x00000228e8dc6b40 JavaThread "JNA Cleaner"                daemon [_thread_blocked, id=18368, stack(0x000000e3ee600000,0x000000e3ee700000) (1024K)]
  0x00000228e8dca650 JavaThread "Java indexing"              daemon [_thread_in_native, id=19432, stack(0x000000e3ee900000,0x000000e3eea00000) (1024K)]
  0x00000228e8dc92a0 JavaThread "Worker-4: Java indexing... "        [_thread_blocked, id=5148, stack(0x000000e3eec00000,0x000000e3eed00000) (1024K)]
  0x00000228e8dc8c10 JavaThread "Thread-1"                   daemon [_thread_in_native, id=10680, stack(0x000000e3eed00000,0x000000e3eee00000) (1024K)]
  0x00000228e8dc3d50 JavaThread "Thread-2"                   daemon [_thread_in_native, id=17480, stack(0x000000e3eee00000,0x000000e3eef00000) (1024K)]
  0x00000228e8dc8580 JavaThread "Thread-3"                   daemon [_thread_in_native, id=14696, stack(0x000000e3eef00000,0x000000e3ef000000) (1024K)]
  0x00000228e8dc7860 JavaThread "Thread-4"                   daemon [_thread_in_native, id=5448, stack(0x000000e3ef000000,0x000000e3ef100000) (1024K)]
  0x00000228e8dc9930 JavaThread "Thread-5"                   daemon [_thread_in_native, id=11896, stack(0x000000e3ef100000,0x000000e3ef200000) (1024K)]
  0x00000228e8dc9fc0 JavaThread "Thread-6"                   daemon [_thread_in_native, id=3964, stack(0x000000e3ef200000,0x000000e3ef300000) (1024K)]
  0x00000228e8dc43e0 JavaThread "Thread-7"                   daemon [_thread_in_native, id=19168, stack(0x000000e3ef300000,0x000000e3ef400000) (1024K)]
  0x00000228e8dc7ef0 JavaThread "Thread-8"                   daemon [_thread_in_native, id=12184, stack(0x000000e3ef400000,0x000000e3ef500000) (1024K)]
  0x00000228e8dc64b0 JavaThread "Thread-9"                   daemon [_thread_in_native, id=12056, stack(0x000000e3ef500000,0x000000e3ef600000) (1024K)]
  0x00000228e8dc4a70 JavaThread "pool-2-thread-1"                   [_thread_blocked, id=17756, stack(0x000000e3ef600000,0x000000e3ef700000) (1024K)]
  0x00000228e8dc5790 JavaThread "WorkspaceEventsHandler"            [_thread_blocked, id=17416, stack(0x000000e3ef800000,0x000000e3ef900000) (1024K)]
  0x00000228ea307450 JavaThread "pool-1-thread-1"                   [_thread_blocked, id=12304, stack(0x000000e3ef900000,0x000000e3efa00000) (1024K)]
  0x00000228eb5c36c0 JavaThread "Cleaner-0"                  daemon [_thread_blocked, id=10440, stack(0x000000e3f0200000,0x000000e3f0300000) (1024K)]
  0x00000228eb5bfbb0 JavaThread "Worker-7: Building"                [_thread_blocked, id=19728, stack(0x000000e3ec800000,0x000000e3ec900000) (1024K)]
  0x00000228ea307ae0 JavaThread "Worker-9"                          [_thread_blocked, id=5424, stack(0x000000e3ec700000,0x000000e3ec800000) (1024K)]
  0x00000228ea30d6c0 JavaThread "Compiler Source File Reader" daemon [_thread_blocked, id=5504, stack(0x000000e3ec900000,0x000000e3eca00000) (1024K)]
  0x00000228ea30a240 JavaThread "Compiler Processing Task"   daemon [_thread_blocked, id=8168, stack(0x000000e3ee700000,0x000000e3ee800000) (1024K)]
  0x00000228ea30a8d0 JavaThread "Worker-10"                         [_thread_blocked, id=7732, stack(0x000000e3ee800000,0x000000e3ee900000) (1024K)]
  0x00000228ea30dd50 JavaThread "Worker-11"                         [_thread_blocked, id=7496, stack(0x000000e3eea00000,0x000000e3eeb00000) (1024K)]
  0x00000228ea30e3e0 JavaThread "Worker-12"                         [_thread_blocked, id=4844, stack(0x000000e3eeb00000,0x000000e3eec00000) (1024K)]
Total: 41

Other Threads:
  0x00000228e21a2650 VMThread "VM Thread"                           [id=236, stack(0x000000e3ecd00000,0x000000e3ece00000) (1024K)]
  0x000002288a627d80 WatcherThread "VM Periodic Task Thread"        [id=14596, stack(0x000000e3ecc00000,0x000000e3ecd00000) (1024K)]
  0x000002288a5d8040 WorkerThread "GC Thread#0"                     [id=3068, stack(0x000000e3ecb00000,0x000000e3ecc00000) (1024K)]
  0x00000228e805b6e0 WorkerThread "GC Thread#1"                     [id=8936, stack(0x000000e3ed800000,0x000000e3ed900000) (1024K)]
  0x00000228e805ba80 WorkerThread "GC Thread#2"                     [id=12336, stack(0x000000e3ed900000,0x000000e3eda00000) (1024K)]
  0x00000228e805be20 WorkerThread "GC Thread#3"                     [id=18020, stack(0x000000e3eda00000,0x000000e3edb00000) (1024K)]
  0x00000228e805c1c0 WorkerThread "GC Thread#4"                     [id=17136, stack(0x000000e3edb00000,0x000000e3edc00000) (1024K)]
  0x00000228e808f9d0 WorkerThread "GC Thread#5"                     [id=10740, stack(0x000000e3edc00000,0x000000e3edd00000) (1024K)]
  0x00000228e808fd70 WorkerThread "GC Thread#6"                     [id=4176, stack(0x000000e3edd00000,0x000000e3ede00000) (1024K)]
  0x00000228e851fa00 WorkerThread "GC Thread#7"                     [id=17008, stack(0x000000e3edf00000,0x000000e3ee000000) (1024K)]
Total: 10

Threads with active compile tasks:
C2 CompilerThread0  2482243 18572       4       org.eclipse.jdt.internal.compiler.lookup.AnnotatableTypeSystem::getParameterizedType (11 bytes)
Total: 1

VM state: at safepoint (normal execution)

VM Mutex/Monitor currently owned by a thread:  ([mutex/lock_event])
[0x00007ffcb01bd570] Threads_lock - owner thread: 0x00000228e21a2650
[0x00007ffcb01bd670] Heap_lock - owner thread: 0x00000228eb5bfbb0

Heap address: 0x0000000080000000, size: 2048 MB, Compressed Oops mode: 32-bit

CDS archive(s) mapped at: [0x00000228a1000000-0x00000228a1ba0000-0x00000228a1ba0000), size 12189696, SharedBaseAddress: 0x00000228a1000000, ArchiveRelocationMode: 1.
Compressed class space mapped at: 0x00000228a2000000-0x00000228e2000000, reserved size: 1073741824
Narrow klass base: 0x00000228a1000000, Narrow klass shift: 0, Narrow klass range: 0x100000000

GC Precious Log:
 CardTable entry size: 512
 CPUs: 8 total, 8 available
 Memory: 3889M
 Large Page Support: Disabled
 NUMA Support: Disabled
 Compressed Oops: Enabled (32-bit)
 Alignments: Space 512K, Generation 512K, Heap 2M
 Heap Min Capacity: 100M
 Heap Initial Capacity: 100M
 Heap Max Capacity: 2G
 Pre-touch: Disabled
 Parallel Workers: 8

Heap:
 PSYoungGen      total 8704K, used 0K [0x00000000d5580000, 0x00000000d6300000, 0x0000000100000000)
  eden space 8192K, 0% used [0x00000000d5580000,0x00000000d5580000,0x00000000d5d80000)
  from space 512K, 0% used [0x00000000d6280000,0x00000000d6280000,0x00000000d6300000)
  to   space 512K, 0% used [0x00000000d6200000,0x00000000d6200000,0x00000000d6280000)
 ParOldGen       total 431616K, used 431566K [0x0000000080000000, 0x000000009a580000, 0x00000000d5580000)
  object space 431616K, 99% used [0x0000000080000000,0x000000009a573a38,0x000000009a580000)
 Metaspace       used 80363K, committed 82112K, reserved 1179648K
  class space    used 8278K, committed 9024K, reserved 1048576K

Card table byte_map: [0x0000022889f70000,0x000002288a380000] _byte_map_base: 0x0000022889b70000

Marking Bits: (ParMarkBitMap*) 0x00007ffcb01c2460
 Begin Bits: [0x000002289ca70000, 0x000002289ea70000)
 End Bits:   [0x000002289ea70000, 0x00000228a0a70000)

Polling page: 0x00000228883b0000

Metaspace:

Usage:
  Non-class:     70.40 MB used.
      Class:      8.08 MB used.
       Both:     78.48 MB used.

Virtual space:
  Non-class space:      128.00 MB reserved,      71.38 MB ( 56%) committed,  2 nodes.
      Class space:        1.00 GB reserved,       8.81 MB ( <1%) committed,  1 nodes.
             Both:        1.13 GB reserved,      80.19 MB (  7%) committed. 

Chunk freelists:
   Non-Class:  8.41 MB
       Class:  7.17 MB
        Both:  15.58 MB

MaxMetaspaceSize: unlimited
CompressedClassSpaceSize: 1.00 GB
Initial GC threshold: 21.00 MB
Current GC threshold: 97.31 MB
CDS: on
 - commit_granule_bytes: 65536.
 - commit_granule_words: 8192.
 - virtual_space_node_default_size: 8388608.
 - enlarge_chunks_in_place: 1.
 - use_allocation_guard: 0.


Internal statistics:

num_allocs_failed_limit: 11.
num_arena_births: 1650.
num_arena_deaths: 14.
num_vsnodes_births: 3.
num_vsnodes_deaths: 0.
num_space_committed: 1283.
num_space_uncommitted: 0.
num_chunks_returned_to_freelist: 25.
num_chunks_taken_from_freelist: 5470.
num_chunk_merges: 9.
num_chunk_splits: 3306.
num_chunks_enlarged: 1788.
num_inconsistent_stats: 0.

CodeHeap 'non-profiled nmethods': size=120000Kb used=10389Kb max_used=10389Kb free=109610Kb
 bounds [0x0000022895290000, 0x0000022895cc0000, 0x000002289c7c0000]
CodeHeap 'profiled nmethods': size=120000Kb used=41293Kb max_used=41293Kb free=78706Kb
 bounds [0x000002288d7c0000, 0x0000022890020000, 0x0000022894cf0000]
CodeHeap 'non-nmethods': size=5760Kb used=1516Kb max_used=1669Kb free=4243Kb
 bounds [0x0000022894cf0000, 0x0000022894f60000, 0x0000022895290000]
CodeCache: size=245760Kb, used=53198Kb, max_used=53351Kb, free=192559Kb
 total_blobs=18707, nmethods=17872, adapters=736, full_count=0
Compilation: enabled, stopped_count=0, restarted_count=0

Compilation events (20 events):
Event: 2482.101 Thread 0x00000228e21d8740 18673       2       jdk.internal.reflect.Reflection::isCallerSensitive (24 bytes)
Event: 2482.103 Thread 0x00000228e21d8740 nmethod 18673 0x000002289000e710 code [0x000002289000e900, 0x000002289000ec80]
Event: 2482.103 Thread 0x00000228e21d8740 18672       2       java.util.HashMap::comparableClassFor (115 bytes)
Event: 2482.105 Thread 0x00000228e21d8740 nmethod 18672 0x000002289000ee90 code [0x000002289000f0c0, 0x000002289000f628]
Event: 2482.120 Thread 0x00000228e21d8740 18675       2       java.util.Calendar::getDisplayName (165 bytes)
Event: 2482.122 Thread 0x00000228e21d8740 nmethod 18675 0x000002289000f910 code [0x000002289000fb40, 0x0000022890010090]
Event: 2482.122 Thread 0x00000228e21d8740 18676       1       java.text.DontCareFieldPosition::getFieldDelegate (5 bytes)
Event: 2482.122 Thread 0x00000228e21d8740 nmethod 18676 0x0000022895cb5410 code [0x0000022895cb55a0, 0x0000022895cb5668]
Event: 2482.123 Thread 0x00000228e21d8740 18677       3       java.lang.Math::floorDiv (30 bytes)
Event: 2482.123 Thread 0x00000228e21d8740 nmethod 18677 0x0000022890010390 code [0x0000022890010540, 0x0000022890010720]
Event: 2482.123 Thread 0x00000228e21d8740 18678       3       java.lang.Math::floorMod (28 bytes)
Event: 2482.123 Thread 0x00000228e21d8740 nmethod 18678 0x0000022890010810 code [0x00000228900109c0, 0x0000022890010b90]
Event: 2482.123 Thread 0x00000228e21d8740 18679       3       java.time.Instant::create (49 bytes)
Event: 2482.124 Thread 0x00000228e21d8740 nmethod 18679 0x0000022890010c90 code [0x0000022890010e60, 0x0000022890011230]
Event: 2482.124 Thread 0x00000228e21d8740 18680       3       java.time.Instant::ofEpochSecond (31 bytes)
Event: 2482.125 Thread 0x00000228e21d8740 nmethod 18680 0x0000022890011390 code [0x0000022890011560, 0x0000022890011750]
Event: 2482.132 Thread 0x00000228e21d8740 18682       2       org.codehaus.plexus.util.SelectorUtils::matchAntPathPattern (423 bytes)
Event: 2482.135 Thread 0x00000228e21d8740 nmethod 18682 0x0000022890011890 code [0x0000022890011b00, 0x0000022890012848]
Event: 2482.135 Thread 0x00000228e21d8740 18681       2       org.codehaus.plexus.util.MatchPattern::matchPath (26 bytes)
Event: 2482.135 Thread 0x00000228e21d8740 nmethod 18681 0x0000022890013010 code [0x0000022890013200, 0x0000022890013488]

GC Heap History (20 events):
Event: 2480.258 GC heap after
{Heap after GC invocations=268 (full 3):
 PSYoungGen      total 7680K, used 1007K [0x00000000d5580000, 0x00000000d6c00000, 0x0000000100000000)
  eden space 6656K, 0% used [0x00000000d5580000,0x00000000d5580000,0x00000000d5c00000)
  from space 1024K, 98% used [0x00000000d5f00000,0x00000000d5ffbc40,0x00000000d6000000)
  to   space 8192K, 0% used [0x00000000d6400000,0x00000000d6400000,0x00000000d6c00000)
 ParOldGen       total 391680K, used 391342K [0x0000000080000000, 0x0000000097e80000, 0x00000000d5580000)
  object space 391680K, 99% used [0x0000000080000000,0x0000000097e2b9e8,0x0000000097e80000)
 Metaspace       used 80206K, committed 81920K, reserved 1179648K
  class space    used 8270K, committed 9024K, reserved 1048576K
}
Event: 2480.285 GC heap before
{Heap before GC invocations=269 (full 3):
 PSYoungGen      total 7680K, used 7663K [0x00000000d5580000, 0x00000000d6c00000, 0x0000000100000000)
  eden space 6656K, 100% used [0x00000000d5580000,0x00000000d5c00000,0x00000000d5c00000)
  from space 1024K, 98% used [0x00000000d5f00000,0x00000000d5ffbc40,0x00000000d6000000)
  to   space 8192K, 0% used [0x00000000d6400000,0x00000000d6400000,0x00000000d6c00000)
 ParOldGen       total 391680K, used 391342K [0x0000000080000000, 0x0000000097e80000, 0x00000000d5580000)
  object space 391680K, 99% used [0x0000000080000000,0x0000000097e2b9e8,0x0000000097e80000)
 Metaspace       used 80206K, committed 81920K, reserved 1179648K
  class space    used 8270K, committed 9024K, reserved 1048576K
}
Event: 2480.296 GC heap after
{Heap after GC invocations=269 (full 3):
 PSYoungGen      total 13824K, used 6720K [0x00000000d5580000, 0x00000000d6b00000, 0x0000000100000000)
  eden space 6656K, 0% used [0x00000000d5580000,0x00000000d5580000,0x00000000d5c00000)
  from space 7168K, 93% used [0x00000000d6400000,0x00000000d6a90000,0x00000000d6b00000)
  to   space 7168K, 0% used [0x00000000d5d00000,0x00000000d5d00000,0x00000000d6400000)
 ParOldGen       total 392704K, used 392381K [0x0000000080000000, 0x0000000097f80000, 0x00000000d5580000)
  object space 392704K, 99% used [0x0000000080000000,0x0000000097f2f628,0x0000000097f80000)
 Metaspace       used 80206K, committed 81920K, reserved 1179648K
  class space    used 8270K, committed 9024K, reserved 1048576K
}
Event: 2480.374 GC heap before
{Heap before GC invocations=270 (full 3):
 PSYoungGen      total 13824K, used 13356K [0x00000000d5580000, 0x00000000d6b00000, 0x0000000100000000)
  eden space 6656K, 99% used [0x00000000d5580000,0x00000000d5bfb248,0x00000000d5c00000)
  from space 7168K, 93% used [0x00000000d6400000,0x00000000d6a90000,0x00000000d6b00000)
  to   space 7168K, 0% used [0x00000000d5d00000,0x00000000d5d00000,0x00000000d6400000)
 ParOldGen       total 392704K, used 392381K [0x0000000080000000, 0x0000000097f80000, 0x00000000d5580000)
  object space 392704K, 99% used [0x0000000080000000,0x0000000097f2f628,0x0000000097f80000)
 Metaspace       used 80206K, committed 81920K, reserved 1179648K
  class space    used 8270K, committed 9024K, reserved 1048576K
}
Event: 2480.396 GC heap after
{Heap after GC invocations=270 (full 3):
 PSYoungGen      total 12800K, used 5906K [0x00000000d5580000, 0x00000000d6900000, 0x0000000100000000)
  eden space 6656K, 0% used [0x00000000d5580000,0x00000000d5580000,0x00000000d5c00000)
  from space 6144K, 96% used [0x00000000d5d00000,0x00000000d62c4800,0x00000000d6300000)
  to   space 6144K, 0% used [0x00000000d6300000,0x00000000d6300000,0x00000000d6900000)
 ParOldGen       total 399360K, used 399085K [0x0000000080000000, 0x0000000098600000, 0x00000000d5580000)
  object space 399360K, 99% used [0x0000000080000000,0x00000000985bb628,0x0000000098600000)
 Metaspace       used 80206K, committed 81920K, reserved 1179648K
  class space    used 8270K, committed 9024K, reserved 1048576K
}
Event: 2480.565 GC heap before
{Heap before GC invocations=271 (full 3):
 PSYoungGen      total 12800K, used 12562K [0x00000000d5580000, 0x00000000d6900000, 0x0000000100000000)
  eden space 6656K, 100% used [0x00000000d5580000,0x00000000d5c00000,0x00000000d5c00000)
  from space 6144K, 96% used [0x00000000d5d00000,0x00000000d62c4800,0x00000000d6300000)
  to   space 6144K, 0% used [0x00000000d6300000,0x00000000d6300000,0x00000000d6900000)
 ParOldGen       total 399360K, used 399085K [0x0000000080000000, 0x0000000098600000, 0x00000000d5580000)
  object space 399360K, 99% used [0x0000000080000000,0x00000000985bb628,0x0000000098600000)
 Metaspace       used 80209K, committed 81920K, reserved 1179648K
  class space    used 8270K, committed 9024K, reserved 1048576K
}
Event: 2480.577 GC heap after
{Heap after GC invocations=271 (full 3):
 PSYoungGen      total 12800K, used 5969K [0x00000000d5580000, 0x00000000d6900000, 0x0000000100000000)
  eden space 6656K, 0% used [0x00000000d5580000,0x00000000d5580000,0x00000000d5c00000)
  from space 6144K, 97% used [0x00000000d6300000,0x00000000d68d4530,0x00000000d6900000)
  to   space 6144K, 0% used [0x00000000d5d00000,0x00000000d5d00000,0x00000000d6300000)
 ParOldGen       total 404480K, used 404134K [0x0000000080000000, 0x0000000098b00000, 0x00000000d5580000)
  object space 404480K, 99% used [0x0000000080000000,0x0000000098aa9a28,0x0000000098b00000)
 Metaspace       used 80209K, committed 81920K, reserved 1179648K
  class space    used 8270K, committed 9024K, reserved 1048576K
}
Event: 2480.737 GC heap before
{Heap before GC invocations=272 (full 3):
 PSYoungGen      total 12800K, used 12589K [0x00000000d5580000, 0x00000000d6900000, 0x0000000100000000)
  eden space 6656K, 99% used [0x00000000d5580000,0x00000000d5bf6ef8,0x00000000d5c00000)
  from space 6144K, 97% used [0x00000000d6300000,0x00000000d68d4530,0x00000000d6900000)
  to   space 6144K, 0% used [0x00000000d5d00000,0x00000000d5d00000,0x00000000d6300000)
 ParOldGen       total 404480K, used 404134K [0x0000000080000000, 0x0000000098b00000, 0x00000000d5580000)
  object space 404480K, 99% used [0x0000000080000000,0x0000000098aa9a28,0x0000000098b00000)
 Metaspace       used 80214K, committed 81984K, reserved 1179648K
  class space    used 8270K, committed 9024K, reserved 1048576K
}
Event: 2480.749 GC heap after
{Heap after GC invocations=272 (full 3):
 PSYoungGen      total 12800K, used 6113K [0x00000000d5580000, 0x00000000d7800000, 0x0000000100000000)
  eden space 6656K, 0% used [0x00000000d5580000,0x00000000d5580000,0x00000000d5c00000)
  from space 6144K, 99% used [0x00000000d5d00000,0x00000000d62f8640,0x00000000d6300000)
  to   space 14336K, 0% used [0x00000000d6a00000,0x00000000d6a00000,0x00000000d7800000)
 ParOldGen       total 411136K, used 410832K [0x0000000080000000, 0x0000000099180000, 0x00000000d5580000)
  object space 411136K, 99% used [0x0000000080000000,0x0000000099134088,0x0000000099180000)
 Metaspace       used 80214K, committed 81984K, reserved 1179648K
  class space    used 8270K, committed 9024K, reserved 1048576K
}
Event: 2480.814 GC heap before
{Heap before GC invocations=273 (full 3):
 PSYoungGen      total 12800K, used 12655K [0x00000000d5580000, 0x00000000d7800000, 0x0000000100000000)
  eden space 6656K, 98% used [0x00000000d5580000,0x00000000d5be3948,0x00000000d5c00000)
  from space 6144K, 99% used [0x00000000d5d00000,0x00000000d62f8640,0x00000000d6300000)
  to   space 14336K, 0% used [0x00000000d6a00000,0x00000000d6a00000,0x00000000d7800000)
 ParOldGen       total 411136K, used 410832K [0x0000000080000000, 0x0000000099180000, 0x00000000d5580000)
  object space 411136K, 99% used [0x0000000080000000,0x0000000099134088,0x0000000099180000)
 Metaspace       used 80214K, committed 81984K, reserved 1179648K
  class space    used 8270K, committed 9024K, reserved 1048576K
}
Event: 2480.826 GC heap after
{Heap after GC invocations=273 (full 3):
 PSYoungGen      total 12800K, used 6122K [0x00000000d5580000, 0x00000000d7000000, 0x0000000100000000)
  eden space 6656K, 0% used [0x00000000d5580000,0x00000000d5580000,0x00000000d5c00000)
  from space 6144K, 99% used [0x00000000d6a00000,0x00000000d6ffa838,0x00000000d7000000)
  to   space 8704K, 0% used [0x00000000d5f00000,0x00000000d5f00000,0x00000000d6780000)
 ParOldGen       total 416768K, used 416673K [0x0000000080000000, 0x0000000099700000, 0x00000000d5580000)
  object space 416768K, 99% used [0x0000000080000000,0x00000000996e86d8,0x0000000099700000)
 Metaspace       used 80214K, committed 81984K, reserved 1179648K
  class space    used 8270K, committed 9024K, reserved 1048576K
}
Event: 2481.124 GC heap before
{Heap before GC invocations=274 (full 3):
 PSYoungGen      total 12800K, used 12778K [0x00000000d5580000, 0x00000000d7000000, 0x0000000100000000)
  eden space 6656K, 100% used [0x00000000d5580000,0x00000000d5c00000,0x00000000d5c00000)
  from space 6144K, 99% used [0x00000000d6a00000,0x00000000d6ffa838,0x00000000d7000000)
  to   space 8704K, 0% used [0x00000000d5f00000,0x00000000d5f00000,0x00000000d6780000)
 ParOldGen       total 416768K, used 416673K [0x0000000080000000, 0x0000000099700000, 0x00000000d5580000)
  object space 416768K, 99% used [0x0000000080000000,0x00000000996e86d8,0x0000000099700000)
 Metaspace       used 80245K, committed 81984K, reserved 1179648K
  class space    used 8274K, committed 9024K, reserved 1048576K
}
Event: 2481.136 GC heap after
{Heap after GC invocations=274 (full 3):
 PSYoungGen      total 11264K, used 4118K [0x00000000d5580000, 0x00000000d6a80000, 0x0000000100000000)
  eden space 6656K, 0% used [0x00000000d5580000,0x00000000d5580000,0x00000000d5c00000)
  from space 4608K, 89% used [0x00000000d5f00000,0x00000000d6305ae8,0x00000000d6380000)
  to   space 5632K, 0% used [0x00000000d6500000,0x00000000d6500000,0x00000000d6a80000)
 ParOldGen       total 422400K, used 422017K [0x0000000080000000, 0x0000000099c80000, 0x00000000d5580000)
  object space 422400K, 99% used [0x0000000080000000,0x0000000099c20660,0x0000000099c80000)
 Metaspace       used 80245K, committed 81984K, reserved 1179648K
  class space    used 8274K, committed 9024K, reserved 1048576K
}
Event: 2481.234 GC heap before
{Heap before GC invocations=275 (full 3):
 PSYoungGen      total 11264K, used 10774K [0x00000000d5580000, 0x00000000d6a80000, 0x0000000100000000)
  eden space 6656K, 100% used [0x00000000d5580000,0x00000000d5c00000,0x00000000d5c00000)
  from space 4608K, 89% used [0x00000000d5f00000,0x00000000d6305ae8,0x00000000d6380000)
  to   space 5632K, 0% used [0x00000000d6500000,0x00000000d6500000,0x00000000d6a80000)
 ParOldGen       total 422400K, used 422017K [0x0000000080000000, 0x0000000099c80000, 0x00000000d5580000)
  object space 422400K, 99% used [0x0000000080000000,0x0000000099c20660,0x0000000099c80000)
 Metaspace       used 80273K, committed 82048K, reserved 1179648K
  class space    used 8274K, committed 9024K, reserved 1048576K
}
Event: 2481.240 GC heap after
{Heap after GC invocations=275 (full 3):
 PSYoungGen      total 9728K, used 2988K [0x00000000d5580000, 0x00000000d6800000, 0x0000000100000000)
  eden space 6656K, 0% used [0x00000000d5580000,0x00000000d5580000,0x00000000d5c00000)
  from space 3072K, 97% used [0x00000000d6500000,0x00000000d67eb230,0x00000000d6800000)
  to   space 4096K, 0% used [0x00000000d6000000,0x00000000d6000000,0x00000000d6400000)
 ParOldGen       total 425984K, used 425959K [0x0000000080000000, 0x000000009a000000, 0x00000000d5580000)
  object space 425984K, 99% used [0x0000000080000000,0x0000000099ff9ff0,0x000000009a000000)
 Metaspace       used 80273K, committed 82048K, reserved 1179648K
  class space    used 8274K, committed 9024K, reserved 1048576K
}
Event: 2481.406 GC heap before
{Heap before GC invocations=276 (full 3):
 PSYoungGen      total 9728K, used 9644K [0x00000000d5580000, 0x00000000d6800000, 0x0000000100000000)
  eden space 6656K, 100% used [0x00000000d5580000,0x00000000d5c00000,0x00000000d5c00000)
  from space 3072K, 97% used [0x00000000d6500000,0x00000000d67eb230,0x00000000d6800000)
  to   space 4096K, 0% used [0x00000000d6000000,0x00000000d6000000,0x00000000d6400000)
 ParOldGen       total 425984K, used 425959K [0x0000000080000000, 0x000000009a000000, 0x00000000d5580000)
  object space 425984K, 99% used [0x0000000080000000,0x0000000099ff9ff0,0x000000009a000000)
 Metaspace       used 80282K, committed 82048K, reserved 1179648K
  class space    used 8274K, committed 9024K, reserved 1048576K
}
Event: 2481.419 GC heap after
{Heap after GC invocations=276 (full 3):
 PSYoungGen      total 8704K, used 1861K [0x00000000d5580000, 0x00000000d6580000, 0x0000000100000000)
  eden space 6656K, 0% used [0x00000000d5580000,0x00000000d5580000,0x00000000d5c00000)
  from space 2048K, 90% used [0x00000000d6000000,0x00000000d61d14d8,0x00000000d6200000)
  to   space 2560K, 0% used [0x00000000d6300000,0x00000000d6300000,0x00000000d6580000)
 ParOldGen       total 429056K, used 428821K [0x0000000080000000, 0x000000009a300000, 0x00000000d5580000)
  object space 429056K, 99% used [0x0000000080000000,0x000000009a2c54a0,0x000000009a300000)
 Metaspace       used 80282K, committed 82048K, reserved 1179648K
  class space    used 8274K, committed 9024K, reserved 1048576K
}
Event: 2482.021 GC heap before
{Heap before GC invocations=277 (full 3):
 PSYoungGen      total 8704K, used 8486K [0x00000000d5580000, 0x00000000d6580000, 0x0000000100000000)
  eden space 6656K, 99% used [0x00000000d5580000,0x00000000d5bf8698,0x00000000d5c00000)
  from space 2048K, 90% used [0x00000000d6000000,0x00000000d61d14d8,0x00000000d6200000)
  to   space 2560K, 0% used [0x00000000d6300000,0x00000000d6300000,0x00000000d6580000)
 ParOldGen       total 429056K, used 428821K [0x0000000080000000, 0x000000009a300000, 0x00000000d5580000)
  object space 429056K, 99% used [0x0000000080000000,0x000000009a2c54a0,0x000000009a300000)
 Metaspace       used 80333K, committed 82048K, reserved 1179648K
  class space    used 8277K, committed 9024K, reserved 1048576K
}
Event: 2482.035 GC heap after
{Heap after GC invocations=277 (full 3):
 PSYoungGen      total 8192K, used 1164K [0x00000000d5580000, 0x00000000d6480000, 0x0000000100000000)
  eden space 6656K, 0% used [0x00000000d5580000,0x00000000d5580000,0x00000000d5c00000)
  from space 1536K, 75% used [0x00000000d6300000,0x00000000d64230a8,0x00000000d6480000)
  to   space 1536K, 0% used [0x00000000d6180000,0x00000000d6180000,0x00000000d6300000)
 ParOldGen       total 430592K, used 430419K [0x0000000080000000, 0x000000009a480000, 0x00000000d5580000)
  object space 430592K, 99% used [0x0000000080000000,0x000000009a454c10,0x000000009a480000)
 Metaspace       used 80333K, committed 82048K, reserved 1179648K
  class space    used 8277K, committed 9024K, reserved 1048576K
}
Event: 2482.139 GC heap before
{Heap before GC invocations=278 (full 3):
 PSYoungGen      total 8192K, used 3489K [0x00000000d5580000, 0x00000000d6480000, 0x0000000100000000)
  eden space 6656K, 34% used [0x00000000d5580000,0x00000000d57c5470,0x00000000d5c00000)
  from space 1536K, 75% used [0x00000000d6300000,0x00000000d64230a8,0x00000000d6480000)
  to   space 1536K, 0% used [0x00000000d6180000,0x00000000d6180000,0x00000000d6300000)
 ParOldGen       total 430592K, used 430419K [0x0000000080000000, 0x000000009a480000, 0x00000000d5580000)
  object space 430592K, 99% used [0x0000000080000000,0x000000009a454c10,0x000000009a480000)
 Metaspace       used 80363K, committed 82112K, reserved 1179648K
  class space    used 8278K, committed 9024K, reserved 1048576K
}

Dll operation events (12 events):
Event: 0.016 Loaded shared library c:\Users\Administrator\.vscode\extensions\redhat.java-1.51.0-win32-x64\jre\21.0.9-win32-x86_64\bin\java.dll
Event: 0.163 Loaded shared library c:\Users\Administrator\.vscode\extensions\redhat.java-1.51.0-win32-x64\jre\21.0.9-win32-x86_64\bin\zip.dll
Event: 0.198 Loaded shared library C:\Users\Administrator\.vscode\extensions\redhat.java-1.51.0-win32-x64\jre\21.0.9-win32-x86_64\bin\instrument.dll
Event: 0.207 Loaded shared library C:\Users\Administrator\.vscode\extensions\redhat.java-1.51.0-win32-x64\jre\21.0.9-win32-x86_64\bin\net.dll
Event: 0.214 Loaded shared library C:\Users\Administrator\.vscode\extensions\redhat.java-1.51.0-win32-x64\jre\21.0.9-win32-x86_64\bin\nio.dll
Event: 0.220 Loaded shared library C:\Users\Administrator\.vscode\extensions\redhat.java-1.51.0-win32-x64\jre\21.0.9-win32-x86_64\bin\zip.dll
Event: 0.274 Loaded shared library C:\Users\Administrator\.vscode\extensions\redhat.java-1.51.0-win32-x64\jre\21.0.9-win32-x86_64\bin\jimage.dll
Event: 0.395 Loaded shared library c:\Users\Administrator\.vscode\extensions\redhat.java-1.51.0-win32-x64\jre\21.0.9-win32-x86_64\bin\verify.dll
Event: 8.717 Loaded shared library C:\Users\Administrator\AppData\Roaming\Code\User\globalStorage\redhat.java\1.51.0\config_win\org.eclipse.equinox.launcher\org.eclipse.equinox.launcher.win32.win32.x86_64_1.2.1400.v20250801-0854\eclipse_11916.dll
Event: 26.820 Loaded shared library C:\Users\Administrator\AppData\Local\Temp\jna-146731693\jna14792105323673850027.dll
Event: 28.872 Loaded shared library C:\Users\Administrator\.vscode\extensions\redhat.java-1.51.0-win32-x64\jre\21.0.9-win32-x86_64\bin\sunmscapi.dll
Event: 29.522 Loaded shared library C:\Users\Administrator\.vscode\extensions\redhat.java-1.51.0-win32-x64\jre\21.0.9-win32-x86_64\bin\extnet.dll

Deoptimization events (20 events):
Event: 2482.080 Thread 0x00000228ea307450 DEOPT PACKING pc=0x00000228953b2a4c sp=0x000000e3ef9fe4d0
Event: 2482.080 Thread 0x00000228ea307450 DEOPT UNPACKING pc=0x0000022894d43aa2 sp=0x000000e3ef9fe308 mode 2
Event: 2482.081 Thread 0x00000228ea307450 DEOPT PACKING pc=0x000002288e2748de sp=0x000000e3ef9fe150
Event: 2482.081 Thread 0x00000228ea307450 DEOPT UNPACKING pc=0x0000022894d44242 sp=0x000000e3ef9fd680 mode 0
Event: 2482.081 Thread 0x00000228ea307450 Uncommon trap: trap_request=0xffffff45 fr.pc=0x000002289556ccb0 relative=0x0000000000000270
Event: 2482.081 Thread 0x00000228ea307450 Uncommon trap: reason=unstable_if action=reinterpret pc=0x000002289556ccb0 method=java.lang.String.getChars(II[CI)V @ 24 c2
Event: 2482.081 Thread 0x00000228ea307450 DEOPT PACKING pc=0x000002289556ccb0 sp=0x000000e3ef9fe880
Event: 2482.081 Thread 0x00000228ea307450 DEOPT UNPACKING pc=0x0000022894d43aa2 sp=0x000000e3ef9fe840 mode 2
Event: 2482.081 Thread 0x00000228ea307450 Uncommon trap: trap_request=0xffffff45 fr.pc=0x0000022895c6d0d4 relative=0x00000000000001b4
Event: 2482.081 Thread 0x00000228ea307450 Uncommon trap: reason=unstable_if action=reinterpret pc=0x0000022895c6d0d4 method=java.lang.StringCoding.implEncodeAsciiArray([CI[BII)I @ 23 c2
Event: 2482.081 Thread 0x00000228ea307450 DEOPT PACKING pc=0x0000022895c6d0d4 sp=0x000000e3ef9fe450
Event: 2482.081 Thread 0x00000228ea307450 DEOPT UNPACKING pc=0x0000022894d43aa2 sp=0x000000e3ef9fe3e8 mode 2
Event: 2482.081 Thread 0x00000228ea307450 Uncommon trap: trap_request=0xffffff45 fr.pc=0x0000022895af66d0 relative=0x00000000000002b0
Event: 2482.081 Thread 0x00000228ea307450 Uncommon trap: reason=unstable_if action=reinterpret pc=0x0000022895af66d0 method=java.lang.StringCoding.implEncodeAsciiArray([CI[BII)I @ 23 c2
Event: 2482.081 Thread 0x00000228ea307450 DEOPT PACKING pc=0x0000022895af66d0 sp=0x000000e3ef9fe420
Event: 2482.081 Thread 0x00000228ea307450 DEOPT UNPACKING pc=0x0000022894d43aa2 sp=0x000000e3ef9fe3e8 mode 2
Event: 2482.093 Thread 0x00000228ea307ae0 Uncommon trap: trap_request=0xffffff45 fr.pc=0x00000228957f047c relative=0x000000000000037c
Event: 2482.093 Thread 0x00000228ea307ae0 Uncommon trap: reason=unstable_if action=reinterpret pc=0x00000228957f047c method=java.util.HashMap.removeNode(ILjava/lang/Object;Ljava/lang/Object;ZZ)Ljava/util/HashMap$Node; @ 211 c2
Event: 2482.093 Thread 0x00000228ea307ae0 DEOPT PACKING pc=0x00000228957f047c sp=0x000000e3ec7fed40
Event: 2482.093 Thread 0x00000228ea307ae0 DEOPT UNPACKING pc=0x0000022894d43aa2 sp=0x000000e3ec7fecc0 mode 2

Classes loaded (20 events):
Event: 1199.281 Loading class java/util/stream/Nodes$CollectorTask done
Event: 1199.281 Loading class java/util/stream/Nodes$CollectorTask$OfRef done
Event: 1199.284 Loading class java/util/function/LongFunction
Event: 1199.285 Loading class java/util/function/LongFunction done
Event: 1199.288 Loading class java/util/stream/Nodes$ConcNode
Event: 1199.292 Loading class java/util/stream/Nodes$AbstractConcNode
Event: 1199.294 Loading class java/util/stream/Nodes$AbstractConcNode done
Event: 1199.294 Loading class java/util/stream/Nodes$ConcNode done
Event: 1199.442 Loading class java/io/ObjectOutputStream$BlockDataOutputStream
Event: 1199.445 Loading class java/io/ObjectOutputStream$BlockDataOutputStream done
Event: 1199.445 Loading class java/io/ObjectOutputStream$HandleTable
Event: 1199.446 Loading class java/io/ObjectOutputStream$HandleTable done
Event: 1199.447 Loading class java/io/ObjectOutputStream$ReplaceTable
Event: 1199.448 Loading class java/io/ObjectOutputStream$ReplaceTable done
Event: 2481.203 Loading class jdk/internal/module/IllegalAccessLogger
Event: 2481.207 Loading class jdk/internal/module/IllegalAccessLogger done
Event: 2482.041 Loading class java/lang/Throwable$WrappedPrintWriter
Event: 2482.046 Loading class java/lang/Throwable$PrintStreamOrWriter
Event: 2482.049 Loading class java/lang/Throwable$PrintStreamOrWriter done
Event: 2482.050 Loading class java/lang/Throwable$WrappedPrintWriter done

Classes unloaded (7 events):
Event: 27.431 Thread 0x00000228e21a2650 Unloading class 0x00000228a21a9400 'java/lang/invoke/LambdaForm$MH+0x00000228a21a9400'
Event: 27.431 Thread 0x00000228e21a2650 Unloading class 0x00000228a21a9000 'java/lang/invoke/LambdaForm$MH+0x00000228a21a9000'
Event: 27.431 Thread 0x00000228e21a2650 Unloading class 0x00000228a21a8c00 'java/lang/invoke/LambdaForm$MH+0x00000228a21a8c00'
Event: 27.431 Thread 0x00000228e21a2650 Unloading class 0x00000228a21a8800 'java/lang/invoke/LambdaForm$MH+0x00000228a21a8800'
Event: 27.431 Thread 0x00000228e21a2650 Unloading class 0x00000228a21a8400 'java/lang/invoke/LambdaForm$BMH+0x00000228a21a8400'
Event: 27.431 Thread 0x00000228e21a2650 Unloading class 0x00000228a21a8000 'java/lang/invoke/LambdaForm$DMH+0x00000228a21a8000'
Event: 27.431 Thread 0x00000228e21a2650 Unloading class 0x00000228a21a6c00 'java/lang/invoke/LambdaForm$DMH+0x00000228a21a6c00'

Classes redefined (0 events):
No events

Internal exceptions (20 events):
Event: 901.801 Thread 0x00000228e8dca650 Implicit null exception at 0x0000022895aba295 to 0x0000022895aba790
Event: 902.026 Thread 0x00000228e8dca650 Implicit null exception at 0x00000228959955d6 to 0x0000022895995a80
Event: 902.431 Thread 0x00000228ea308e90 Exception <a 'java/lang/NoSuchMethodError'{0x00000000d5580698}: 'void java.lang.invoke.DirectMethodHandle$Holder.invokeStatic(java.lang.Object, int, java.lang.Object)'> (0x00000000d5580698) 
thrown [s\src\hotspot\share\interpreter\linkResolver.cpp, line 773]
Event: 903.062 Thread 0x00000228eb5be170 Exception <a 'java/lang/NoSuchMethodError'{0x00000000d5a902e0}: 'java.lang.Object java.lang.invoke.DirectMethodHandle$Holder.newInvokeSpecial(java.lang.Object, java.lang.Object, int, java.lang.Object, java.lang.Object)'> (0x00000000d5a902e0) 
thrown [s\src\hotspot\share\interpreter\linkResolver.cpp, line 773]
Event: 903.065 Thread 0x00000228eb5be170 Exception <a 'java/lang/NoSuchMethodError'{0x00000000d5a93d68}: 'java.lang.Object java.lang.invoke.Invokers$Holder.linkToTargetMethod(java.lang.Object, int, java.lang.Object, java.lang.Object, java.lang.Object)'> (0x00000000d5a93d68) 
thrown [s\src\hotspot\share\interpreter\linkResolver.cpp, line 773]
Event: 903.098 Thread 0x00000228eb5be170 Exception <a 'java/lang/NoSuchMethodError'{0x00000000d5aa9e20}: 'java.lang.Object java.lang.invoke.DirectMethodHandle$Holder.invokeSpecial(java.lang.Object, java.lang.Object, java.lang.Object, int, java.lang.Object, java.lang.Object, java.lang.Object)'> (0x00000000d5aa9e20) 
thrown [s\src\hotspot\share\interpreter\linkResolver.cpp, line 773]
Event: 903.263 Thread 0x00000228eb5be170 Exception <a 'java/lang/NoSuchMethodError'{0x00000000d5b2d240}: 'void java.lang.invoke.DirectMethodHandle$Holder.invokeStatic(java.lang.Object, int)'> (0x00000000d5b2d240) 
thrown [s\src\hotspot\share\interpreter\linkResolver.cpp, line 773]
Event: 903.682 Thread 0x00000228eb5be170 Exception <a 'java/io/FileNotFoundException'{0x00000000d5bb1de0}> (0x00000000d5bb1de0) 
thrown [s\src\hotspot\share\prims\jni.cpp, line 520]
Event: 903.684 Thread 0x00000228eb5be170 Exception <a 'java/io/FileNotFoundException'{0x00000000d5bb30b8}> (0x00000000d5bb30b8) 
thrown [s\src\hotspot\share\prims\jni.cpp, line 520]
Event: 903.686 Thread 0x00000228eb5be170 Exception <a 'java/io/FileNotFoundException'{0x00000000d5bb40e8}> (0x00000000d5bb40e8) 
thrown [s\src\hotspot\share\prims\jni.cpp, line 520]
Event: 905.262 Thread 0x00000228e8dca650 Exception <a 'sun/nio/fs/WindowsException'{0x00000000d58e41a0}> (0x00000000d58e41a0) 
thrown [s\src\hotspot\share\prims\jni.cpp, line 520]
Event: 906.633 Thread 0x00000228e8dca650 Exception <a 'sun/nio/fs/WindowsException'{0x00000000d5a6eae0}> (0x00000000d5a6eae0) 
thrown [s\src\hotspot\share\prims\jni.cpp, line 520]
Event: 907.208 Thread 0x00000228e8dca650 Implicit null exception at 0x0000022895c155b6 to 0x0000022895c19624
Event: 1199.404 Thread 0x00000228eb5bfbb0 Exception <a 'sun/nio/fs/WindowsException'{0x00000000d581dfa8}> (0x00000000d581dfa8) 
thrown [s\src\hotspot\share\prims\jni.cpp, line 520]
Event: 1199.406 Thread 0x00000228eb5bfbb0 Exception <a 'sun/nio/fs/WindowsException'{0x00000000d581eab0}> (0x00000000d581eab0) 
thrown [s\src\hotspot\share\prims\jni.cpp, line 520]
Event: 1199.412 Thread 0x00000228eb5bfbb0 Implicit null exception at 0x00000228958d4394 to 0x00000228958d463c
Event: 1199.565 Thread 0x00000228eb5bfbb0 Exception <a 'java/lang/NoSuchMethodError'{0x00000000d58d8f50}: static [J.<clinit>()V> (0x00000000d58d8f50) 
thrown [s\src\hotspot\share\prims\jni.cpp, line 1111]
Event: 1199.735 Thread 0x00000228eb5bfbb0 Exception <a 'java/lang/NoSuchMethodError'{0x00000000d591a300}: 'java.lang.Object java.lang.invoke.DirectMethodHandle$Holder.newInvokeSpecial(java.lang.Object, java.lang.Object, java.lang.Object, java.lang.Object, java.lang.Object, java.lang.Object, java.lang.Object, java.lang.Object)'> (0x00000000d591a300) 
thrown [s\src\hotspot\share\interpreter\linkResolver.cpp, line 773]
Event: 2479.852 Thread 0x00000228e8dca650 Exception <a 'sun/nio/fs/WindowsException'{0x00000000d5bd8338}> (0x00000000d5bd8338) 
thrown [s\src\hotspot\share\prims\jni.cpp, line 520]
Event: 2480.942 Thread 0x00000228e8dca650 Exception <a 'sun/nio/fs/WindowsException'{0x00000000d56dfa08}> (0x00000000d56dfa08) 
thrown [s\src\hotspot\share\prims\jni.cpp, line 520]

ZGC Phase Switch (0 events):
No events

VM Operations (20 events):
Event: 2480.258 Executing VM operation: ParallelGCFailedAllocation (Allocation Failure) done
Event: 2480.285 Executing VM operation: ParallelGCFailedAllocation (Allocation Failure)
Event: 2480.296 Executing VM operation: ParallelGCFailedAllocation (Allocation Failure) done
Event: 2480.371 Executing VM operation: ParallelGCFailedAllocation (Allocation Failure)
Event: 2480.396 Executing VM operation: ParallelGCFailedAllocation (Allocation Failure) done
Event: 2480.565 Executing VM operation: ParallelGCFailedAllocation (Allocation Failure)
Event: 2480.577 Executing VM operation: ParallelGCFailedAllocation (Allocation Failure) done
Event: 2480.737 Executing VM operation: ParallelGCFailedAllocation (Allocation Failure)
Event: 2480.749 Executing VM operation: ParallelGCFailedAllocation (Allocation Failure) done
Event: 2480.813 Executing VM operation: ParallelGCFailedAllocation (Allocation Failure)
Event: 2480.827 Executing VM operation: ParallelGCFailedAllocation (Allocation Failure) done
Event: 2481.124 Executing VM operation: ParallelGCFailedAllocation (Allocation Failure)
Event: 2481.136 Executing VM operation: ParallelGCFailedAllocation (Allocation Failure) done
Event: 2481.234 Executing VM operation: ParallelGCFailedAllocation (Allocation Failure)
Event: 2481.240 Executing VM operation: ParallelGCFailedAllocation (Allocation Failure) done
Event: 2481.406 Executing VM operation: ParallelGCFailedAllocation (Allocation Failure)
Event: 2481.419 Executing VM operation: ParallelGCFailedAllocation (Allocation Failure) done
Event: 2482.020 Executing VM operation: ParallelGCFailedAllocation (Allocation Failure)
Event: 2482.035 Executing VM operation: ParallelGCFailedAllocation (Allocation Failure) done
Event: 2482.139 Executing VM operation: ParallelGCFailedAllocation (Allocation Failure)

Memory protections (0 events):
No events

Nmethod flushes (20 events):
Event: 34.304 Thread 0x00000228e21a2650 flushing  nmethod 0x000002288df48690
Event: 34.304 Thread 0x00000228e21a2650 flushing  nmethod 0x000002288df56d10
Event: 34.304 Thread 0x00000228e21a2650 flushing  nmethod 0x000002288df85510
Event: 34.304 Thread 0x00000228e21a2650 flushing  nmethod 0x000002288df96410
Event: 34.304 Thread 0x00000228e21a2650 flushing  nmethod 0x000002288df96c90
Event: 34.304 Thread 0x00000228e21a2650 flushing  nmethod 0x000002288df97890
Event: 34.304 Thread 0x00000228e21a2650 flushing  nmethod 0x000002288df98310
Event: 34.304 Thread 0x00000228e21a2650 flushing  nmethod 0x000002288dfa7710
Event: 34.304 Thread 0x00000228e21a2650 flushing  nmethod 0x000002288dfa8d10
Event: 34.304 Thread 0x00000228e21a2650 flushing  nmethod 0x000002288dfab710
Event: 34.304 Thread 0x00000228e21a2650 flushing  nmethod 0x000002288dfb1310
Event: 34.304 Thread 0x00000228e21a2650 flushing  nmethod 0x000002288dfd4210
Event: 34.304 Thread 0x00000228e21a2650 flushing osr nmethod 0x000002288e02fa10
Event: 34.304 Thread 0x00000228e21a2650 flushing  nmethod 0x000002288e086310
Event: 34.304 Thread 0x00000228e21a2650 flushing  nmethod 0x000002288e086e10
Event: 34.304 Thread 0x00000228e21a2650 flushing  nmethod 0x000002288e095210
Event: 34.304 Thread 0x00000228e21a2650 flushing  nmethod 0x000002288e09d090
Event: 34.304 Thread 0x00000228e21a2650 flushing  nmethod 0x000002288e0a9f10
Event: 34.304 Thread 0x00000228e21a2650 flushing  nmethod 0x000002288e0aa810
Event: 34.304 Thread 0x00000228e21a2650 flushing  nmethod 0x000002288e0aab90

Events (20 events):
Event: 903.898 Thread 0x00000228ea30a8d0 Thread exited: 0x00000228ea30a8d0
Event: 903.898 Thread 0x00000228ea309520 Thread exited: 0x00000228ea309520
Event: 903.898 Thread 0x00000228ea30dd50 Thread exited: 0x00000228ea30dd50
Event: 903.899 Thread 0x00000228ea30a240 Thread exited: 0x00000228ea30a240
Event: 904.072 Thread 0x00000228e8dc92a0 Thread added: 0x00000228ea30dd50
Event: 966.461 Thread 0x00000228ea308e90 Thread exited: 0x00000228ea308e90
Event: 966.589 Thread 0x00000228ea30dd50 Thread exited: 0x00000228ea30dd50
Event: 966.617 Thread 0x00000228eb5be170 Thread exited: 0x00000228eb5be170
Event: 966.656 Thread 0x00000228e8dc71d0 Thread exited: 0x00000228e8dc71d0
Event: 1199.246 Thread 0x00000228eb5bfbb0 Thread added: 0x00000228ea308e90
Event: 1199.300 Thread 0x00000228ea308e90 Thread exited: 0x00000228ea308e90
Event: 1199.421 Thread 0x00000228eb5bfbb0 Thread added: 0x00000228ea309bb0
Event: 1199.426 Thread 0x00000228ea309bb0 Thread exited: 0x00000228ea309bb0
Event: 1200.688 Thread 0x00000228ea307ae0 Thread exited: 0x00000228ea307ae0
Event: 2479.262 Thread 0x00000228e8dc92a0 Thread added: 0x00000228ea307ae0
Event: 2480.612 Thread 0x00000228eb5bfbb0 Thread added: 0x00000228ea30d6c0
Event: 2481.215 Thread 0x00000228eb5bfbb0 Thread added: 0x00000228ea30a240
Event: 2481.946 Thread 0x00000228ea307ae0 Thread added: 0x00000228ea30a8d0
Event: 2481.960 Thread 0x00000228ea30a8d0 Thread added: 0x00000228ea30dd50
Event: 2481.962 Thread 0x00000228ea30dd50 Thread added: 0x00000228ea30e3e0


Dynamic libraries:
0x00007ff6751a0000 - 0x00007ff6751ae000 	c:\Users\Administrator\.vscode\extensions\redhat.java-1.51.0-win32-x64\jre\21.0.9-win32-x86_64\bin\java.exe
0x00007ffd13080000 - 0x00007ffd13270000 	C:\Windows\SYSTEM32\ntdll.dll
0x00007ffd116a0000 - 0x00007ffd11752000 	C:\Windows\System32\KERNEL32.DLL
0x00007ffd10c00000 - 0x00007ffd10ea5000 	C:\Windows\System32\KERNELBASE.dll
0x00007ffd10b00000 - 0x00007ffd10bfa000 	C:\Windows\System32\ucrtbase.dll
0x00007ffcef190000 - 0x00007ffcef1ae000 	c:\Users\Administrator\.vscode\extensions\redhat.java-1.51.0-win32-x64\jre\21.0.9-win32-x86_64\bin\VCRUNTIME140.dll
0x00007ffce8f10000 - 0x00007ffce8f28000 	c:\Users\Administrator\.vscode\extensions\redhat.java-1.51.0-win32-x64\jre\21.0.9-win32-x86_64\bin\jli.dll
0x00007ffd12600000 - 0x00007ffd12794000 	C:\Windows\System32\USER32.dll
0x00007ffd0fff0000 - 0x00007ffd10011000 	C:\Windows\System32\win32u.dll
0x00007ffd11670000 - 0x00007ffd11696000 	C:\Windows\System32\GDI32.dll
0x00007ffcf7250000 - 0x00007ffcf74d4000 	C:\Windows\WinSxS\amd64_microsoft.windows.common-controls_6595b64144ccf1df_6.0.18362.1556_none_9e7e372fe45e41d5\COMCTL32.dll
0x00007ffd108b0000 - 0x00007ffd10a48000 	C:\Windows\System32\gdi32full.dll
0x00007ffd11760000 - 0x00007ffd117fe000 	C:\Windows\System32\msvcrt.dll
0x00007ffd10810000 - 0x00007ffd108ae000 	C:\Windows\System32\msvcp_win.dll
0x00007ffd12940000 - 0x00007ffd12c76000 	C:\Windows\System32\combase.dll
0x00007ffd12820000 - 0x00007ffd1293f000 	C:\Windows\System32\RPCRT4.dll
0x00007ffd10eb0000 - 0x00007ffd10f31000 	C:\Windows\System32\bcryptPrimitives.dll
0x00007ffd12dc0000 - 0x00007ffd12dee000 	C:\Windows\System32\IMM32.DLL
0x00007ffd04010000 - 0x00007ffd0401c000 	c:\Users\Administrator\.vscode\extensions\redhat.java-1.51.0-win32-x64\jre\21.0.9-win32-x86_64\bin\vcruntime140_1.dll
0x00007ffcca610000 - 0x00007ffcca69d000 	c:\Users\Administrator\.vscode\extensions\redhat.java-1.51.0-win32-x64\jre\21.0.9-win32-x86_64\bin\msvcp140.dll
0x00007ffcaf500000 - 0x00007ffcb02a0000 	c:\Users\Administrator\.vscode\extensions\redhat.java-1.51.0-win32-x64\jre\21.0.9-win32-x86_64\bin\server\jvm.dll
0x00007ffd12470000 - 0x00007ffd12513000 	C:\Windows\System32\ADVAPI32.dll
0x00007ffd12df0000 - 0x00007ffd12e87000 	C:\Windows\System32\sechost.dll
0x00007ffd0ff40000 - 0x00007ffd0ff8a000 	C:\Windows\System32\POWRPROF.dll
0x00007ffd0ff30000 - 0x00007ffd0ff40000 	C:\Windows\System32\UMPDC.dll
0x00007ffd12e90000 - 0x00007ffd12eff000 	C:\Windows\System32\WS2_32.dll
0x00007ffd08fa0000 - 0x00007ffd08fc4000 	C:\Windows\SYSTEM32\WINMM.dll
0x00007ffd06660000 - 0x00007ffd0666a000 	C:\Windows\SYSTEM32\VERSION.dll
0x00007ffd08f70000 - 0x00007ffd08f9d000 	C:\Windows\SYSTEM32\winmmbase.dll
0x00007ffd10020000 - 0x00007ffd1006a000 	C:\Windows\System32\cfgmgr32.dll
0x00007ffd0ffb0000 - 0x00007ffd0ffc1000 	C:\Windows\System32\kernel.appcore.dll
0x00007ffd036d0000 - 0x00007ffd036da000 	c:\Users\Administrator\.vscode\extensions\redhat.java-1.51.0-win32-x64\jre\21.0.9-win32-x86_64\bin\jimage.dll
0x00007ffd0e840000 - 0x00007ffd0ea34000 	C:\Windows\SYSTEM32\DBGHELP.DLL
0x00007ffcf46e0000 - 0x00007ffcf470a000 	C:\Windows\SYSTEM32\dbgcore.DLL
0x00007ffd036b0000 - 0x00007ffd036bf000 	c:\Users\Administrator\.vscode\extensions\redhat.java-1.51.0-win32-x64\jre\21.0.9-win32-x86_64\bin\instrument.dll
0x00007ffce8ae0000 - 0x00007ffce8b00000 	c:\Users\Administrator\.vscode\extensions\redhat.java-1.51.0-win32-x64\jre\21.0.9-win32-x86_64\bin\java.dll
0x00007ffd11c40000 - 0x00007ffd12327000 	C:\Windows\System32\SHELL32.dll
0x00007ffd12d10000 - 0x00007ffd12db8000 	C:\Windows\System32\shcore.dll
0x00007ffd10090000 - 0x00007ffd1080b000 	C:\Windows\System32\windows.storage.dll
0x00007ffd0ff90000 - 0x00007ffd0ffae000 	C:\Windows\System32\profapi.dll
0x00007ffd11be0000 - 0x00007ffd11c32000 	C:\Windows\System32\shlwapi.dll
0x00007ffd10070000 - 0x00007ffd10087000 	C:\Windows\System32\cryptsp.dll
0x00007ffce8570000 - 0x00007ffce8588000 	c:\Users\Administrator\.vscode\extensions\redhat.java-1.51.0-win32-x64\jre\21.0.9-win32-x86_64\bin\zip.dll
0x00007ffd02ec0000 - 0x00007ffd02ed0000 	C:\Users\Administrator\.vscode\extensions\redhat.java-1.51.0-win32-x64\jre\21.0.9-win32-x86_64\bin\net.dll
0x00007ffd08d40000 - 0x00007ffd08e3a000 	C:\Windows\SYSTEM32\WINHTTP.dll
0x00007ffd0f770000 - 0x00007ffd0f7d7000 	C:\Windows\system32\mswsock.dll
0x00007ffce7980000 - 0x00007ffce7996000 	C:\Users\Administrator\.vscode\extensions\redhat.java-1.51.0-win32-x64\jre\21.0.9-win32-x86_64\bin\nio.dll
0x00007ffd01d80000 - 0x00007ffd01d90000 	c:\Users\Administrator\.vscode\extensions\redhat.java-1.51.0-win32-x64\jre\21.0.9-win32-x86_64\bin\verify.dll
0x00007ffccc060000 - 0x00007ffccc0a4000 	C:\Users\Administrator\AppData\Roaming\Code\User\globalStorage\redhat.java\1.51.0\config_win\org.eclipse.equinox.launcher\org.eclipse.equinox.launcher.win32.win32.x86_64_1.2.1400.v20250801-0854\eclipse_11916.dll
0x00007ffd119b0000 - 0x00007ffd11b07000 	C:\Windows\System32\ole32.dll
0x00007ffd0f2f0000 - 0x00007ffd0f323000 	C:\Windows\system32\rsaenh.dll
0x00007ffd10f40000 - 0x00007ffd10f66000 	C:\Windows\System32\bcrypt.dll
0x00007ffd0fe20000 - 0x00007ffd0fe45000 	C:\Windows\SYSTEM32\USERENV.dll
0x00007ffd0f940000 - 0x00007ffd0f94c000 	C:\Windows\SYSTEM32\CRYPTBASE.dll
0x00007ffd0f480000 - 0x00007ffd0f4ba000 	C:\Windows\SYSTEM32\IPHLPAPI.DLL
0x00007ffd125f0000 - 0x00007ffd125f8000 	C:\Windows\System32\NSI.dll
0x00007ffccb920000 - 0x00007ffccb969000 	C:\Users\Administrator\AppData\Local\Temp\jna-146731693\jna14792105323673850027.dll
0x00007ffd12c80000 - 0x00007ffd12c88000 	C:\Windows\System32\PSAPI.DLL
0x00007ffd04fe0000 - 0x00007ffd04ff6000 	C:\Windows\SYSTEM32\dhcpcsvc6.DLL
0x00007ffd06180000 - 0x00007ffd0619c000 	C:\Windows\SYSTEM32\dhcpcsvc.DLL
0x00007ffd09360000 - 0x00007ffd0936e000 	C:\Users\Administrator\.vscode\extensions\redhat.java-1.51.0-win32-x64\jre\21.0.9-win32-x86_64\bin\sunmscapi.dll
0x00007ffd10fd0000 - 0x00007ffd11121000 	C:\Windows\System32\CRYPT32.dll
0x00007ffd0ffd0000 - 0x00007ffd0ffe2000 	C:\Windows\System32\MSASN1.dll
0x00007ffd0fa50000 - 0x00007ffd0fa76000 	C:\Windows\SYSTEM32\ncrypt.dll
0x00007ffd0fa10000 - 0x00007ffd0fa4b000 	C:\Windows\SYSTEM32\NTASN1.dll
0x00007ffd0f4c0000 - 0x00007ffd0f58b000 	C:\Windows\SYSTEM32\DNSAPI.dll
0x00007ffd04160000 - 0x00007ffd0416a000 	C:\Windows\System32\rasadhlp.dll
0x00007ffd040e0000 - 0x00007ffd04157000 	C:\Windows\System32\fwpuclnt.dll
0x00007ffd05890000 - 0x00007ffd05899000 	C:\Users\Administrator\.vscode\extensions\redhat.java-1.51.0-win32-x64\jre\21.0.9-win32-x86_64\bin\extnet.dll

JVMTI agents:
c:\Users\Administrator\.vscode\extensions\redhat.java-1.51.0-win32-x64\lombok\lombok-1.18.39-4050.jar path:c:\Users\Administrator\.vscode\extensions\redhat.java-1.51.0-win32-x64\jre\21.0.9-win32-x86_64\bin\instrument.dll, loaded, initialized, instrumentlib options:none

dbghelp: loaded successfully - version: 4.0.5 - missing functions: none
symbol engine: initialized successfully - sym options: 0x614 - pdb path: .;c:\Users\Administrator\.vscode\extensions\redhat.java-1.51.0-win32-x64\jre\21.0.9-win32-x86_64\bin;C:\Windows\SYSTEM32;C:\Windows\WinSxS\amd64_microsoft.windows.common-controls_6595b64144ccf1df_6.0.18362.1556_none_9e7e372fe45e41d5;c:\Users\Administrator\.vscode\extensions\redhat.java-1.51.0-win32-x64\jre\21.0.9-win32-x86_64\bin\server;C:\Users\Administrator\AppData\Roaming\Code\User\globalStorage\redhat.java\1.51.0\config_win\org.eclipse.equinox.launcher\org.eclipse.equinox.launcher.win32.win32.x86_64_1.2.1400.v20250801-0854;C:\Users\Administrator\AppData\Local\Temp\jna-146731693

VM Arguments:
jvm_args: --add-modules=ALL-SYSTEM --add-opens=java.base/java.util=ALL-UNNAMED --add-opens=java.base/java.lang=ALL-UNNAMED --add-opens=java.base/sun.nio.fs=ALL-UNNAMED -Declipse.application=org.eclipse.jdt.ls.core.id1 -Dosgi.bundles.defaultStartLevel=4 -Declipse.product=org.eclipse.jdt.ls.core.product -Djava.import.generatesMetadataFilesAtProjectRoot=false -DDetectVMInstallationsJob.disabled=true -Dfile.encoding=utf8 -XX:+UseParallelGC -XX:GCTimeRatio=4 -XX:AdaptiveSizePolicyWeight=90 -Dsun.zip.disableMemoryMapping=true -Xmx2G -Xms100m -Xlog:disable -javaagent:c:\Users\Administrator\.vscode\extensions\redhat.java-1.51.0-win32-x64\lombok\lombok-1.18.39-4050.jar -XX:+HeapDumpOnOutOfMemoryError -XX:HeapDumpPath=c:\Users\Administrator\AppData\Roaming\Code\User\workspaceStorage\9dc1cad281cafc8938dd036e9dabeaab\redhat.java -Daether.dependencyCollector.impl=bf 
java_command: c:\Users\Administrator\.vscode\extensions\redhat.java-1.51.0-win32-x64\server\plugins\org.eclipse.equinox.launcher_1.7.100.v20251111-0406.jar -configuration c:\Users\Administrator\AppData\Roaming\Code\User\globalStorage\redhat.java\1.51.0\config_win -data c:\Users\Administrator\AppData\Roaming\Code\User\workspaceStorage\9dc1cad281cafc8938dd036e9dabeaab\redhat.java\jdt_ws --pipe=\\.\pipe\lsp-61187601fabba026608cd4854ac848fc-sock
java_class_path (initial): c:\Users\Administrator\.vscode\extensions\redhat.java-1.51.0-win32-x64\server\plugins\org.eclipse.equinox.launcher_1.7.100.v20251111-0406.jar
Launcher Type: SUN_STANDARD

[Global flags]
    uintx AdaptiveSizePolicyWeight                 = 90                                        {product} {command line}
     intx CICompilerCount                          = 4                                         {product} {ergonomic}
    uintx GCTimeRatio                              = 4                                         {product} {command line}
     bool HeapDumpOnOutOfMemoryError               = true                                   {manageable} {command line}
    ccstr HeapDumpPath                             = c:\Users\Administrator\AppData\Roaming\Code\User\workspaceStorage\9dc1cad281cafc8938dd036e9dabeaab\redhat.java         {manageable} {command line}
   size_t InitialHeapSize                          = 104857600                                 {product} {command line}
   size_t MaxHeapSize                              = 2147483648                                {product} {command line}
   size_t MaxNewSize                               = 715653120                                 {product} {ergonomic}
   size_t MinHeapDeltaBytes                        = 524288                                    {product} {ergonomic}
   size_t MinHeapSize                              = 104857600                                 {product} {command line}
   size_t NewSize                                  = 34603008                                  {product} {ergonomic}
    uintx NonNMethodCodeHeapSize                   = 5839372                                {pd product} {ergonomic}
    uintx NonProfiledCodeHeapSize                  = 122909434                              {pd product} {ergonomic}
   size_t OldSize                                  = 70254592                                  {product} {ergonomic}
    uintx ProfiledCodeHeapSize                     = 122909434                              {pd product} {ergonomic}
    uintx ReservedCodeCacheSize                    = 251658240                              {pd product} {ergonomic}
     bool SegmentedCodeCache                       = true                                      {product} {ergonomic}
   size_t SoftMaxHeapSize                          = 2147483648                             {manageable} {ergonomic}
     bool UseCompressedOops                        = true                           {product lp64_product} {ergonomic}
     bool UseLargePagesIndividualAllocation        = false                                  {pd product} {ergonomic}
     bool UseParallelGC                            = true                                      {product} {command line}

Logging:
Log output configuration:
 #0: stdout all=off uptime,level,tags foldmultilines=false
 #1: stderr all=off uptime,level,tags foldmultilines=false

Release file:
JAVA_VERSION="21.0.9" 
MODULES="java.base java.compiler java.datatransfer java.xml java.prefs java.desktop java.instrument java.logging java.management java.security.sasl java.naming java.rmi java.management.rmi java.net.http java.scripting java.security.jgss java.transaction.xa java.sql java.sql.rowset java.xml.crypto java.se java.smartcardio jdk.accessibility jdk.internal.jvmstat jdk.attach jdk.charsets jdk.internal.opt jdk.zipfs jdk.compiler jdk.crypto.ec jdk.crypto.cryptoki jdk.crypto.mscapi jdk.dynalink jdk.internal.ed jdk.editpad jdk.hotspot.agent jdk.httpserver jdk.internal.le jdk.internal.vm.ci jdk.internal.vm.compiler jdk.internal.vm.compiler.management jdk.jartool jdk.javadoc jdk.jcmd jdk.management jdk.management.agent jdk.jconsole jdk.jdeps jdk.jdwp.agent jdk.jdi jdk.jfr jdk.jshell jdk.jsobject jdk.jstatd jdk.localedata jdk.management.jfr jdk.naming.dns jdk.naming.rmi jdk.net jdk.nio.mapmode jdk.random jdk.sctp jdk.security.auth jdk.security.jgss jdk.unsupported jdk.unsupported.desktop jdk.xml.dom" 

Environment Variables:
JAVA_HOME=D:\datn\jdk-17.0.16+8
PATH=d:\cursor\resources\app\bin;C:\Program Files\Python313\Scripts\;C:\Program Files\Python313\;C:\php-8.3.14-nts-Win32-vs16-x64;C:\Windows\system32;C:\Windows;C:\Windows\System32\Wbem;C:\Windows\System32\WindowsPowerShell\v1.0\;C:\Windows\System32\OpenSSH\;C:\Program Files\Microsoft SQL Server\Client SDK\ODBC\170\Tools\Binn\;C:\Program Files (x86)\Microsoft SQL Server\150\Tools\Binn\;C:\Program Files\Microsoft SQL Server\150\Tools\Binn\;C:\Program Files\Microsoft SQL Server\150\DTS\Binn\;C:\Program Files\Azure Data Studio\bin;C:\Program Files\dotnet\;D:\Git\cmd;C:\php-8.4.0-nts-Win32-vs17-x64;C:\ProgramData\ComposerSetup\bin;D:\datn\jdk-17.0.16+8\bin;C:\axis2-1.8.2\bin;D:\datn\apache-maven-3.9.11\bin;C:\Program Files\nodejs\;C:\php-8.4.0-nts-Win32-vs17-x64;C:\Users\Administrator\AppData\Local\Microsoft\WindowsApps;C:\Program Files\Azure Data Studio\bin;C:\Users\Administrator\.dotnet\tools;C:\php-8.3.14-nts-Win32-vs16-x64;C:\Users\Administrator\AppData\Roaming\Composer\vendor\bin;D:\datn\jdk-17.0.16+8;C:\axis2-1.;C:\php-8.4.0-nts-Win32-vs17-x64;C:\Users\Administrator\AppData\Local\Microsoft\WindowsApps;C:\Program Files\Azure Data Studio\bin;C:\Users\Administrator\AppData\Local\Programs\Microsoft VS Code\bin;C:\Users\Administrator\.dotnet\tools;C:\php-8.3.14-nts-Win32-vs16-x64;C:\Users\Administrator\AppData\Roaming\Composer\vendor\bin;D:\datn\jdk-17.0.16+8;C:\axis2-1.8.2;D:\cursor\resources\app\bin;D:\datn\apache-maven-3.9.11\bin;C:\Users\Administrator\AppData\Roaming\npm;C:\Users\Administrator\AppData\Local\Programs\Antigravity\bin
USERNAME=Administrator
OS=Windows_NT
PROCESSOR_IDENTIFIER=Intel64 Family 6 Model 142 Stepping 12, GenuineIntel
TMP=C:\Users\ADMINI~1\AppData\Local\Temp
TEMP=C:\Users\ADMINI~1\AppData\Local\Temp




Periodic native trim disabled

---------------  S Y S T E M  ---------------

OS:
 Windows 10 , 64 bit Build 18362 (10.0.18362.1500)
OS uptime: 22 days 0:23 hours

CPU: total 8 (initial active 8) (4 cores per cpu, 2 threads per core) family 6 model 142 stepping 12 microcode 0xde, cx8, cmov, fxsr, ht, mmx, 3dnowpref, sse, sse2, sse3, ssse3, sse4.1, sse4.2, popcnt, lzcnt, tsc, tscinvbit, avx, avx2, aes, erms, clmul, bmi1, bmi2, adx, fma, vzeroupper, clflush, clflushopt, rdtscp, f16c
Processor Information for the first 8 processors :
  Max Mhz: 1800, Current Mhz: 1600, Mhz Limit: 1584

Memory: 4k page, system-wide physical 3889M (161M free)
TotalPageFile size 15665M (AvailPageFile size 5M)
current process WorkingSet (physical memory assigned to process): 192M, peak: 332M
current process commit charge ("private bytes"): 765M, peak: 1710M

vm_info: OpenJDK 64-Bit Server VM (21.0.9+10-LTS) for windows-amd64 JRE (21.0.9+10-LTS), built on 2025-10-21T00:00:00Z by "admin" with unknown MS VC++:1942

END.
