#
# There is insufficient memory for the Java Runtime Environment to continue.
# Native memory allocation (malloc) failed to allocate 2100928 bytes. Error detail: Chunk::new
# Possible reasons:
#   The system is out of physical RAM or swap space
#   This process is running with CompressedOops enabled, and the Java Heap may be blocking the growth of the native heap
# Possible solutions:
#   Reduce memory load on the system
#   Increase physical memory or swap space
#   Check if swap backing store is full
#   Decrease Java heap size (-Xmx/-Xms)
#   Decrease number of Java threads
#   Decrease Java thread stack sizes (-Xss)
#   Set larger code cache with -XX:ReservedCodeCacheSize=
#   JVM is running with Unscaled Compressed Oops mode in which the Java heap is
#     placed in the first 4GB address space. The Java Heap base address is the
#     maximum limit for the native heap growth. Please use -XX:HeapBaseMinAddress
#     to set the Java Heap base and to place the Java Heap above 4GB virtual address.
# This output file may be truncated or incomplete.
#
#  Out of Memory Error (arena.cpp:168), pid=11452, tid=20104
#
# JRE version: OpenJDK Runtime Environment Temurin-21.0.9+10 (21.0.9+10) (build 21.0.9+10-LTS)
# Java VM: OpenJDK 64-Bit Server VM Temurin-21.0.9+10 (21.0.9+10-LTS, mixed mode, sharing, tiered, compressed oops, compressed class ptrs, parallel gc, windows-amd64)
# No core dump will be written. Minidumps are not enabled by default on client versions of Windows
#

---------------  S U M M A R Y ------------

Command Line: --add-modules=ALL-SYSTEM --add-opens=java.base/java.util=ALL-UNNAMED --add-opens=java.base/java.lang=ALL-UNNAMED --add-opens=java.base/sun.nio.fs=ALL-UNNAMED -Declipse.application=org.eclipse.jdt.ls.core.id1 -Dosgi.bundles.defaultStartLevel=4 -Declipse.product=org.eclipse.jdt.ls.core.product -Djava.import.generatesMetadataFilesAtProjectRoot=false -DDetectVMInstallationsJob.disabled=true -Dfile.encoding=utf8 -XX:+UseParallelGC -XX:GCTimeRatio=4 -XX:AdaptiveSizePolicyWeight=90 -Dsun.zip.disableMemoryMapping=true -Xmx2G -Xms100m -Xlog:disable -javaagent:c:\Users\Administrator\.antigravity\extensions\redhat.java-1.51.0-win32-x64\lombok\lombok-1.18.39-4050.jar c:\Users\Administrator\.antigravity\extensions\redhat.java-1.51.0-win32-x64\server\plugins\org.eclipse.equinox.launcher_1.7.100.v20251111-0406.jar -configuration c:\Users\Administrator\AppData\Roaming\Antigravity\User\globalStorage\redhat.java\1.51.0\config_ss_win -data c:\Users\Administrator\AppData\Roaming\Antigravity\User\workspaceStorage\9dc1cad281cafc8938dd036e9dabeaab\redhat.java\ss_ws --pipe=\\.\pipe\lsp-8dfa96500c971fe61ba334aab1ad7664-sock

Host: Intel(R) Core(TM) i5-8265U CPU @ 1.60GHz, 8 cores, 3G,  Windows 10 , 64 bit Build 18362 (10.0.18362.1500)
Time: Sun Jan 25 17:35:02 2026 SE Asia Standard Time elapsed time: 13.583488 seconds (0d 0h 0m 13s)

---------------  T H R E A D  ---------------

Current thread (0x0000022348e364e0):  JavaThread "C2 CompilerThread0" daemon [_thread_in_native, id=20104, stack(0x000000db23b00000,0x000000db23c00000) (1024K)]


Current CompileTask:
C2:13583 2794       4       org.lombokweb.asm.ClassReader::readMethod (1070 bytes)

Stack: [0x000000db23b00000,0x000000db23c00000]
Native frames: (J=compiled Java code, j=interpreted, Vv=VM code, C=native code)
V  [jvm.dll+0x6d6e29]
V  [jvm.dll+0x8b4b76]
V  [jvm.dll+0x8b712e]
V  [jvm.dll+0x8b7813]
V  [jvm.dll+0x283d86]
V  [jvm.dll+0xc66ed]
V  [jvm.dll+0xc6c31]
V  [jvm.dll+0x3be53b]
V  [jvm.dll+0x1e3d59]
V  [jvm.dll+0x24c0f3]
V  [jvm.dll+0x24b580]
V  [jvm.dll+0x1cb13e]
V  [jvm.dll+0x25b29d]
V  [jvm.dll+0x25982a]
V  [jvm.dll+0x3f7ea6]
V  [jvm.dll+0x85e9ad]
V  [jvm.dll+0x6d565d]
C  [ucrtbase.dll+0x210b2]
C  [KERNEL32.DLL+0x17c24]
C  [ntdll.dll+0x6d721]


---------------  P R O C E S S  ---------------

Threads class SMR info:
_java_thread_list=0x000002236192f3c0, length=20, elements={
0x0000022348ebfd20, 0x0000022348e2f450, 0x0000022348e30ab0, 0x0000022348e32390,
0x0000022348e330a0, 0x0000022348e34c60, 0x0000022348e356b0, 0x0000022348e364e0,
0x0000022348e4f590, 0x000002236133ed40, 0x000002236146f730, 0x000002236166d910,
0x000002236171c220, 0x000002236171c880, 0x0000022361a99e80, 0x0000022361c1e200,
0x00000223665fb530, 0x00000223618ee920, 0x0000022361449090, 0x0000022366b5e6e0
}

Java Threads: ( => current thread )
  0x0000022348ebfd20 JavaThread "main"                              [_thread_blocked, id=20408, stack(0x000000db23100000,0x000000db23200000) (1024K)]
  0x0000022348e2f450 JavaThread "Reference Handler"          daemon [_thread_blocked, id=19876, stack(0x000000db23500000,0x000000db23600000) (1024K)]
  0x0000022348e30ab0 JavaThread "Finalizer"                  daemon [_thread_blocked, id=15192, stack(0x000000db23600000,0x000000db23700000) (1024K)]
  0x0000022348e32390 JavaThread "Signal Dispatcher"          daemon [_thread_blocked, id=16340, stack(0x000000db23700000,0x000000db23800000) (1024K)]
  0x0000022348e330a0 JavaThread "Attach Listener"            daemon [_thread_blocked, id=19428, stack(0x000000db23800000,0x000000db23900000) (1024K)]
  0x0000022348e34c60 JavaThread "Service Thread"             daemon [_thread_blocked, id=16044, stack(0x000000db23900000,0x000000db23a00000) (1024K)]
  0x0000022348e356b0 JavaThread "Monitor Deflation Thread"   daemon [_thread_blocked, id=16624, stack(0x000000db23a00000,0x000000db23b00000) (1024K)]
=>0x0000022348e364e0 JavaThread "C2 CompilerThread0"         daemon [_thread_in_native, id=20104, stack(0x000000db23b00000,0x000000db23c00000) (1024K)]
  0x0000022348e4f590 JavaThread "C1 CompilerThread0"         daemon [_thread_in_vm, id=20308, stack(0x000000db23c00000,0x000000db23d00000) (1024K)]
  0x000002236133ed40 JavaThread "Common-Cleaner"             daemon [_thread_blocked, id=19740, stack(0x000000db23d00000,0x000000db23e00000) (1024K)]
  0x000002236146f730 JavaThread "Notification Thread"        daemon [_thread_blocked, id=7632, stack(0x000000db23e00000,0x000000db23f00000) (1024K)]
  0x000002236166d910 JavaThread "Active Thread: Equinox Container: bf018ea5-87db-4d03-86e1-4e02df00bb67"        [_thread_blocked, id=2128, stack(0x000000db24500000,0x000000db24600000) (1024K)]
  0x000002236171c220 JavaThread "Framework Event Dispatcher: Equinox Container: bf018ea5-87db-4d03-86e1-4e02df00bb67" daemon [_thread_blocked, id=15496, stack(0x000000db24600000,0x000000db24700000) (1024K)]
  0x000002236171c880 JavaThread "Start Level: Equinox Container: bf018ea5-87db-4d03-86e1-4e02df00bb67" daemon [_thread_in_native, id=12212, stack(0x000000db24700000,0x000000db24800000) (1024K)]
  0x0000022361a99e80 JavaThread "SCR Component Actor"        daemon [_thread_blocked, id=9940, stack(0x000000db24900000,0x000000db24a00000) (1024K)]
  0x0000022361c1e200 JavaThread "Worker-JM"                         [_thread_blocked, id=18484, stack(0x000000db24a00000,0x000000db24b00000) (1024K)]
  0x00000223665fb530 JavaThread "JNA Cleaner"                daemon [_thread_blocked, id=2176, stack(0x000000db24b00000,0x000000db24c00000) (1024K)]
  0x00000223618ee920 JavaThread "Worker-0"                          [_thread_blocked, id=18772, stack(0x000000db24c00000,0x000000db24d00000) (1024K)]
  0x0000022361449090 JavaThread "Worker-1"                          [_thread_blocked, id=2876, stack(0x000000db24d00000,0x000000db24e00000) (1024K)]
  0x0000022366b5e6e0 JavaThread "Worker-2"                          [_thread_blocked, id=16732, stack(0x000000db24e00000,0x000000db24f00000) (1024K)]
Total: 20

Other Threads:
  0x0000022348e11ab0 VMThread "VM Thread"                           [id=19320, stack(0x000000db23400000,0x000000db23500000) (1024K)]
  0x0000022348f2dd90 WatcherThread "VM Periodic Task Thread"        [id=8776, stack(0x000000db23300000,0x000000db23400000) (1024K)]
  0x0000022348edf830 WorkerThread "GC Thread#0"                     [id=3888, stack(0x000000db23200000,0x000000db23300000) (1024K)]
  0x000002236158a430 WorkerThread "GC Thread#1"                     [id=9676, stack(0x000000db23f00000,0x000000db24000000) (1024K)]
  0x00000223615351b0 WorkerThread "GC Thread#2"                     [id=9588, stack(0x000000db24000000,0x000000db24100000) (1024K)]
  0x0000022361535550 WorkerThread "GC Thread#3"                     [id=7420, stack(0x000000db24100000,0x000000db24200000) (1024K)]
  0x000002236158e810 WorkerThread "GC Thread#4"                     [id=5092, stack(0x000000db24200000,0x000000db24300000) (1024K)]
  0x000002236158ebb0 WorkerThread "GC Thread#5"                     [id=10284, stack(0x000000db24300000,0x000000db24400000) (1024K)]
  0x000002236158ef50 WorkerThread "GC Thread#6"                     [id=19004, stack(0x000000db24400000,0x000000db24500000) (1024K)]
  0x0000022361971ec0 WorkerThread "GC Thread#7"                     [id=19556, stack(0x000000db24800000,0x000000db24900000) (1024K)]
Total: 10

Threads with active compile tasks:
C2 CompilerThread0  13722 2794       4       org.lombokweb.asm.ClassReader::readMethod (1070 bytes)
C1 CompilerThread0  13722 3164   !   2       org.eclipse.osgi.internal.loader.classpath.ClasspathManager::findClassImpl (328 bytes)
Total: 2

VM state: not at safepoint (normal execution)

VM Mutex/Monitor currently owned by a thread: None

Heap address: 0x0000000080000000, size: 2048 MB, Compressed Oops mode: 32-bit

CDS archive(s) mapped at: [0x0000022300000000-0x0000022300ba0000-0x0000022300ba0000), size 12189696, SharedBaseAddress: 0x0000022300000000, ArchiveRelocationMode: 1.
Compressed class space mapped at: 0x0000022301000000-0x0000022341000000, reserved size: 1073741824
Narrow klass base: 0x0000022300000000, Narrow klass shift: 0, Narrow klass range: 0x100000000

GC Precious Log:
 CardTable entry size: 512
 CPUs: 8 total, 8 available
 Memory: 3889M
 Large Page Support: Disabled
 NUMA Support: Disabled
 Compressed Oops: Enabled (32-bit)
 Alignments: Space 512K, Generation 512K, Heap 2M
 Heap Min Capacity: 100M
 Heap Initial Capacity: 100M
 Heap Max Capacity: 2G
 Pre-touch: Disabled
 Parallel Workers: 8

Heap:
 PSYoungGen      total 27136K, used 15618K [0x00000000d5580000, 0x00000000d7480000, 0x0000000100000000)
  eden space 24576K, 53% used [0x00000000d5580000,0x00000000d6254540,0x00000000d6d80000)
  from space 2560K, 96% used [0x00000000d6f00000,0x00000000d716c458,0x00000000d7180000)
  to   space 3072K, 0% used [0x00000000d7180000,0x00000000d7180000,0x00000000d7480000)
 ParOldGen       total 68608K, used 12265K [0x0000000080000000, 0x0000000084300000, 0x00000000d5580000)
  object space 68608K, 17% used [0x0000000080000000,0x0000000080bfa660,0x0000000084300000)
 Metaspace       used 25096K, committed 25856K, reserved 1114112K
  class space    used 2446K, committed 2752K, reserved 1048576K

Card table byte_map: [0x0000022348860000,0x0000022348c70000] _byte_map_base: 0x0000022348460000

Marking Bits: (ParMarkBitMap*) 0x00007ffc9de42460
 Begin Bits: [0x000002235b370000, 0x000002235d370000)
 End Bits:   [0x000002235d370000, 0x000002235f370000)

Polling page: 0x0000022346e50000

Metaspace:

Usage:
  Non-class:     22.12 MB used.
      Class:      2.39 MB used.
       Both:     24.51 MB used.

Virtual space:
  Non-class space:       64.00 MB reserved,      22.56 MB ( 35%) committed,  1 nodes.
      Class space:        1.00 GB reserved,       2.69 MB ( <1%) committed,  1 nodes.
             Both:        1.06 GB reserved,      25.25 MB (  2%) committed. 

Chunk freelists:
   Non-Class:  9.34 MB
       Class:  13.28 MB
        Both:  22.63 MB

MaxMetaspaceSize: unlimited
CompressedClassSpaceSize: 1.00 GB
Initial GC threshold: 21.00 MB
Current GC threshold: 35.00 MB
CDS: on
 - commit_granule_bytes: 65536.
 - commit_granule_words: 8192.
 - virtual_space_node_default_size: 8388608.
 - enlarge_chunks_in_place: 1.
 - use_allocation_guard: 0.


Internal statistics:

num_allocs_failed_limit: 3.
num_arena_births: 532.
num_arena_deaths: 14.
num_vsnodes_births: 2.
num_vsnodes_deaths: 0.
num_space_committed: 404.
num_space_uncommitted: 0.
num_chunks_returned_to_freelist: 17.
num_chunks_taken_from_freelist: 1467.
num_chunk_merges: 9.
num_chunk_splits: 952.
num_chunks_enlarged: 623.
num_inconsistent_stats: 0.

CodeHeap 'non-profiled nmethods': size=120000Kb used=1356Kb max_used=1356Kb free=118643Kb
 bounds [0x0000022353b90000, 0x0000022353e00000, 0x000002235b0c0000]
CodeHeap 'profiled nmethods': size=120000Kb used=6155Kb max_used=6155Kb free=113844Kb
 bounds [0x000002234c0c0000, 0x000002234c6d0000, 0x00000223535f0000]
CodeHeap 'non-nmethods': size=5760Kb used=1328Kb max_used=1345Kb free=4431Kb
 bounds [0x00000223535f0000, 0x0000022353860000, 0x0000022353b90000]
CodeCache: size=245760Kb, used=8839Kb, max_used=8856Kb, free=236918Kb
 total_blobs=3752, nmethods=3136, adapters=522, full_count=0
Compilation: enabled, stopped_count=0, restarted_count=0

Compilation events (20 events):
Event: 13.519 Thread 0x0000022348e4f590 3095       2       jdk.internal.reflect.ReflectionFactory::getExecutableSharedParameterTypes (11 bytes)
Event: 13.520 Thread 0x0000022348e4f590 nmethod 3095 0x000002234c6aea10 code [0x000002234c6aebc0, 0x000002234c6aed38]
Event: 13.520 Thread 0x0000022348e4f590 3096       2       java.lang.reflect.ReflectAccess::getExecutableSharedParameterTypes (5 bytes)
Event: 13.520 Thread 0x0000022348e4f590 nmethod 3096 0x000002234c6aee10 code [0x000002234c6aefc0, 0x000002234c6af0f8]
Event: 13.536 Thread 0x0000022348e4f590 3097       2       jdk.internal.reflect.ReflectionFactory::copyConstructor (11 bytes)
Event: 13.536 Thread 0x0000022348e4f590 nmethod 3097 0x000002234c6af190 code [0x000002234c6af340, 0x000002234c6af4b0]
Event: 13.536 Thread 0x0000022348e4f590 3098       2       java.lang.reflect.ReflectAccess::copyConstructor (5 bytes)
Event: 13.536 Thread 0x0000022348e4f590 nmethod 3098 0x000002234c6af610 code [0x000002234c6af7c0, 0x000002234c6af8e8]
Event: 13.536 Thread 0x0000022348e4f590 3099       2       java.lang.reflect.Constructor::copy (72 bytes)
Event: 13.537 Thread 0x0000022348e4f590 nmethod 3099 0x000002234c6af990 code [0x000002234c6afb60, 0x000002234c6afe38]
Event: 13.541 Thread 0x0000022348e4f590 3100       2       java.nio.ByteBuffer::limit (8 bytes)
Event: 13.542 Thread 0x0000022348e4f590 nmethod 3100 0x000002234c6aff90 code [0x000002234c6b0140, 0x000002234c6b0270]
Event: 13.543 Thread 0x0000022348e4f590 3101       1       java.nio.Buffer::capacity (5 bytes)
Event: 13.543 Thread 0x0000022348e4f590 nmethod 3101 0x0000022353ce1590 code [0x0000022353ce1720, 0x0000022353ce17e8]
Event: 13.547 Thread 0x0000022348e4f590 3102       2       java.nio.Buffer::<init> (105 bytes)
Event: 13.548 Thread 0x0000022348e4f590 nmethod 3102 0x000002234c6b0310 code [0x000002234c6b0560, 0x000002234c6b0a38]
Event: 13.552 Thread 0x0000022348e4f590 3103       2       java.nio.charset.Charset::checkName (157 bytes)
Event: 13.553 Thread 0x0000022348e4f590 nmethod 3103 0x000002234c6b0d10 code [0x000002234c6b0f00, 0x000002234c6b13a0]
Event: 13.553 Thread 0x0000022348e4f590 3104       2       java.lang.reflect.Constructor::getParameterTypes (11 bytes)
Event: 13.554 Thread 0x0000022348e4f590 nmethod 3104 0x000002234c6b1690 code [0x000002234c6b1840, 0x000002234c6b19b0]

GC Heap History (16 events):
Event: 2.758 GC heap before
{Heap before GC invocations=1 (full 0):
 PSYoungGen      total 29696K, used 25600K [0x00000000d5580000, 0x00000000d7680000, 0x0000000100000000)
  eden space 25600K, 100% used [0x00000000d5580000,0x00000000d6e80000,0x00000000d6e80000)
  from space 4096K, 0% used [0x00000000d7280000,0x00000000d7280000,0x00000000d7680000)
  to   space 4096K, 0% used [0x00000000d6e80000,0x00000000d6e80000,0x00000000d7280000)
 ParOldGen       total 68608K, used 0K [0x0000000080000000, 0x0000000084300000, 0x00000000d5580000)
  object space 68608K, 0% used [0x0000000080000000,0x0000000080000000,0x0000000084300000)
 Metaspace       used 4343K, committed 4608K, reserved 1114112K
  class space    used 472K, committed 576K, reserved 1048576K
}
Event: 2.781 GC heap after
{Heap after GC invocations=1 (full 0):
 PSYoungGen      total 29696K, used 3303K [0x00000000d5580000, 0x00000000d7680000, 0x0000000100000000)
  eden space 25600K, 0% used [0x00000000d5580000,0x00000000d5580000,0x00000000d6e80000)
  from space 4096K, 80% used [0x00000000d6e80000,0x00000000d71b9e98,0x00000000d7280000)
  to   space 4096K, 0% used [0x00000000d7280000,0x00000000d7280000,0x00000000d7680000)
 ParOldGen       total 68608K, used 8K [0x0000000080000000, 0x0000000084300000, 0x00000000d5580000)
  object space 68608K, 0% used [0x0000000080000000,0x0000000080002000,0x0000000084300000)
 Metaspace       used 4343K, committed 4608K, reserved 1114112K
  class space    used 472K, committed 576K, reserved 1048576K
}
Event: 5.024 GC heap before
{Heap before GC invocations=2 (full 0):
 PSYoungGen      total 29696K, used 28903K [0x00000000d5580000, 0x00000000d7680000, 0x0000000100000000)
  eden space 25600K, 100% used [0x00000000d5580000,0x00000000d6e80000,0x00000000d6e80000)
  from space 4096K, 80% used [0x00000000d6e80000,0x00000000d71b9e98,0x00000000d7280000)
  to   space 4096K, 0% used [0x00000000d7280000,0x00000000d7280000,0x00000000d7680000)
 ParOldGen       total 68608K, used 8K [0x0000000080000000, 0x0000000084300000, 0x00000000d5580000)
  object space 68608K, 0% used [0x0000000080000000,0x0000000080002000,0x0000000084300000)
 Metaspace       used 8131K, committed 8448K, reserved 1114112K
  class space    used 862K, committed 960K, reserved 1048576K
}
Event: 5.033 GC heap after
{Heap after GC invocations=2 (full 0):
 PSYoungGen      total 29696K, used 4075K [0x00000000d5580000, 0x00000000d7680000, 0x0000000100000000)
  eden space 25600K, 0% used [0x00000000d5580000,0x00000000d5580000,0x00000000d6e80000)
  from space 4096K, 99% used [0x00000000d7280000,0x00000000d767aff8,0x00000000d7680000)
  to   space 4096K, 0% used [0x00000000d6e80000,0x00000000d6e80000,0x00000000d7280000)
 ParOldGen       total 68608K, used 1091K [0x0000000080000000, 0x0000000084300000, 0x00000000d5580000)
  object space 68608K, 1% used [0x0000000080000000,0x0000000080110ec8,0x0000000084300000)
 Metaspace       used 8131K, committed 8448K, reserved 1114112K
  class space    used 862K, committed 960K, reserved 1048576K
}
Event: 6.704 GC heap before
{Heap before GC invocations=3 (full 0):
 PSYoungGen      total 29696K, used 29675K [0x00000000d5580000, 0x00000000d7680000, 0x0000000100000000)
  eden space 25600K, 100% used [0x00000000d5580000,0x00000000d6e80000,0x00000000d6e80000)
  from space 4096K, 99% used [0x00000000d7280000,0x00000000d767aff8,0x00000000d7680000)
  to   space 4096K, 0% used [0x00000000d6e80000,0x00000000d6e80000,0x00000000d7280000)
 ParOldGen       total 68608K, used 1091K [0x0000000080000000, 0x0000000084300000, 0x00000000d5580000)
  object space 68608K, 1% used [0x0000000080000000,0x0000000080110ec8,0x0000000084300000)
 Metaspace       used 12961K, committed 13440K, reserved 1114112K
  class space    used 1371K, committed 1600K, reserved 1048576K
}
Event: 6.715 GC heap after
{Heap after GC invocations=3 (full 0):
 PSYoungGen      total 29696K, used 4089K [0x00000000d5580000, 0x00000000d7680000, 0x0000000100000000)
  eden space 25600K, 0% used [0x00000000d5580000,0x00000000d5580000,0x00000000d6e80000)
  from space 4096K, 99% used [0x00000000d6e80000,0x00000000d727e758,0x00000000d7280000)
  to   space 4096K, 0% used [0x00000000d7280000,0x00000000d7280000,0x00000000d7680000)
 ParOldGen       total 68608K, used 2861K [0x0000000080000000, 0x0000000084300000, 0x00000000d5580000)
  object space 68608K, 4% used [0x0000000080000000,0x00000000802cb790,0x0000000084300000)
 Metaspace       used 12961K, committed 13440K, reserved 1114112K
  class space    used 1371K, committed 1600K, reserved 1048576K
}
Event: 11.194 GC heap before
{Heap before GC invocations=4 (full 0):
 PSYoungGen      total 29696K, used 29689K [0x00000000d5580000, 0x00000000d7680000, 0x0000000100000000)
  eden space 25600K, 100% used [0x00000000d5580000,0x00000000d6e80000,0x00000000d6e80000)
  from space 4096K, 99% used [0x00000000d6e80000,0x00000000d727e758,0x00000000d7280000)
  to   space 4096K, 0% used [0x00000000d7280000,0x00000000d7280000,0x00000000d7680000)
 ParOldGen       total 68608K, used 2861K [0x0000000080000000, 0x0000000084300000, 0x00000000d5580000)
  object space 68608K, 4% used [0x0000000080000000,0x00000000802cb790,0x0000000084300000)
 Metaspace       used 16049K, committed 16704K, reserved 1114112K
  class space    used 1712K, committed 1984K, reserved 1048576K
}
Event: 11.202 GC heap after
{Heap after GC invocations=4 (full 0):
 PSYoungGen      total 29696K, used 4083K [0x00000000d5580000, 0x00000000d7680000, 0x0000000100000000)
  eden space 25600K, 0% used [0x00000000d5580000,0x00000000d5580000,0x00000000d6e80000)
  from space 4096K, 99% used [0x00000000d7280000,0x00000000d767cfb0,0x00000000d7680000)
  to   space 4096K, 0% used [0x00000000d6e80000,0x00000000d6e80000,0x00000000d7280000)
 ParOldGen       total 68608K, used 7532K [0x0000000080000000, 0x0000000084300000, 0x00000000d5580000)
  object space 68608K, 10% used [0x0000000080000000,0x000000008075b330,0x0000000084300000)
 Metaspace       used 16049K, committed 16704K, reserved 1114112K
  class space    used 1712K, committed 1984K, reserved 1048576K
}
Event: 12.005 GC heap before
{Heap before GC invocations=5 (full 0):
 PSYoungGen      total 29696K, used 29683K [0x00000000d5580000, 0x00000000d7680000, 0x0000000100000000)
  eden space 25600K, 100% used [0x00000000d5580000,0x00000000d6e80000,0x00000000d6e80000)
  from space 4096K, 99% used [0x00000000d7280000,0x00000000d767cfb0,0x00000000d7680000)
  to   space 4096K, 0% used [0x00000000d6e80000,0x00000000d6e80000,0x00000000d7280000)
 ParOldGen       total 68608K, used 7532K [0x0000000080000000, 0x0000000084300000, 0x00000000d5580000)
  object space 68608K, 10% used [0x0000000080000000,0x000000008075b330,0x0000000084300000)
 Metaspace       used 19323K, committed 20032K, reserved 1114112K
  class space    used 1930K, committed 2240K, reserved 1048576K
}
Event: 12.010 GC heap after
{Heap after GC invocations=5 (full 0):
 PSYoungGen      total 29184K, used 4078K [0x00000000d5580000, 0x00000000d7a00000, 0x0000000100000000)
  eden space 25088K, 0% used [0x00000000d5580000,0x00000000d5580000,0x00000000d6e00000)
  from space 4096K, 99% used [0x00000000d6e80000,0x00000000d727bb40,0x00000000d7280000)
  to   space 6144K, 0% used [0x00000000d7400000,0x00000000d7400000,0x00000000d7a00000)
 ParOldGen       total 68608K, used 8083K [0x0000000080000000, 0x0000000084300000, 0x00000000d5580000)
  object space 68608K, 11% used [0x0000000080000000,0x00000000807e4d08,0x0000000084300000)
 Metaspace       used 19323K, committed 20032K, reserved 1114112K
  class space    used 1930K, committed 2240K, reserved 1048576K
}
Event: 12.362 GC heap before
{Heap before GC invocations=6 (full 0):
 PSYoungGen      total 29184K, used 15369K [0x00000000d5580000, 0x00000000d7a00000, 0x0000000100000000)
  eden space 25088K, 45% used [0x00000000d5580000,0x00000000d60868d0,0x00000000d6e00000)
  from space 4096K, 99% used [0x00000000d6e80000,0x00000000d727bb40,0x00000000d7280000)
  to   space 6144K, 0% used [0x00000000d7400000,0x00000000d7400000,0x00000000d7a00000)
 ParOldGen       total 68608K, used 8083K [0x0000000080000000, 0x0000000084300000, 0x00000000d5580000)
  object space 68608K, 11% used [0x0000000080000000,0x00000000807e4d08,0x0000000084300000)
 Metaspace       used 20816K, committed 21504K, reserved 1114112K
  class space    used 2056K, committed 2368K, reserved 1048576K
}
Event: 12.372 GC heap after
{Heap after GC invocations=6 (full 0):
 PSYoungGen      total 30208K, used 4758K [0x00000000d5580000, 0x00000000d7900000, 0x0000000100000000)
  eden space 25088K, 0% used [0x00000000d5580000,0x00000000d5580000,0x00000000d6e00000)
  from space 5120K, 92% used [0x00000000d7400000,0x00000000d78a59c0,0x00000000d7900000)
  to   space 5120K, 0% used [0x00000000d6f00000,0x00000000d6f00000,0x00000000d7400000)
 ParOldGen       total 68608K, used 8091K [0x0000000080000000, 0x0000000084300000, 0x00000000d5580000)
  object space 68608K, 11% used [0x0000000080000000,0x00000000807e6d08,0x0000000084300000)
 Metaspace       used 20816K, committed 21504K, reserved 1114112K
  class space    used 2056K, committed 2368K, reserved 1048576K
}
Event: 12.372 GC heap before
{Heap before GC invocations=7 (full 1):
 PSYoungGen      total 30208K, used 4758K [0x00000000d5580000, 0x00000000d7900000, 0x0000000100000000)
  eden space 25088K, 0% used [0x00000000d5580000,0x00000000d5580000,0x00000000d6e00000)
  from space 5120K, 92% used [0x00000000d7400000,0x00000000d78a59c0,0x00000000d7900000)
  to   space 5120K, 0% used [0x00000000d6f00000,0x00000000d6f00000,0x00000000d7400000)
 ParOldGen       total 68608K, used 8091K [0x0000000080000000, 0x0000000084300000, 0x00000000d5580000)
  object space 68608K, 11% used [0x0000000080000000,0x00000000807e6d08,0x0000000084300000)
 Metaspace       used 20816K, committed 21504K, reserved 1114112K
  class space    used 2056K, committed 2368K, reserved 1048576K
}
Event: 12.431 GC heap after
{Heap after GC invocations=7 (full 1):
 PSYoungGen      total 30208K, used 0K [0x00000000d5580000, 0x00000000d7900000, 0x0000000100000000)
  eden space 25088K, 0% used [0x00000000d5580000,0x00000000d5580000,0x00000000d6e00000)
  from space 5120K, 0% used [0x00000000d7400000,0x00000000d7400000,0x00000000d7900000)
  to   space 5120K, 0% used [0x00000000d6f00000,0x00000000d6f00000,0x00000000d7400000)
 ParOldGen       total 68608K, used 12257K [0x0000000080000000, 0x0000000084300000, 0x00000000d5580000)
  object space 68608K, 17% used [0x0000000080000000,0x0000000080bf8660,0x0000000084300000)
 Metaspace       used 20804K, committed 21504K, reserved 1114112K
  class space    used 2052K, committed 2368K, reserved 1048576K
}
Event: 13.020 GC heap before
{Heap before GC invocations=8 (full 1):
 PSYoungGen      total 30208K, used 25088K [0x00000000d5580000, 0x00000000d7900000, 0x0000000100000000)
  eden space 25088K, 100% used [0x00000000d5580000,0x00000000d6e00000,0x00000000d6e00000)
  from space 5120K, 0% used [0x00000000d7400000,0x00000000d7400000,0x00000000d7900000)
  to   space 5120K, 0% used [0x00000000d6f00000,0x00000000d6f00000,0x00000000d7400000)
 ParOldGen       total 68608K, used 12257K [0x0000000080000000, 0x0000000084300000, 0x00000000d5580000)
  object space 68608K, 17% used [0x0000000080000000,0x0000000080bf8660,0x0000000084300000)
 Metaspace       used 22980K, committed 23616K, reserved 1114112K
  class space    used 2232K, committed 2496K, reserved 1048576K
}
Event: 13.024 GC heap after
{Heap after GC invocations=8 (full 1):
 PSYoungGen      total 27136K, used 2481K [0x00000000d5580000, 0x00000000d7480000, 0x0000000100000000)
  eden space 24576K, 0% used [0x00000000d5580000,0x00000000d5580000,0x00000000d6d80000)
  from space 2560K, 96% used [0x00000000d6f00000,0x00000000d716c458,0x00000000d7180000)
  to   space 3072K, 0% used [0x00000000d7180000,0x00000000d7180000,0x00000000d7480000)
 ParOldGen       total 68608K, used 12265K [0x0000000080000000, 0x0000000084300000, 0x00000000d5580000)
  object space 68608K, 17% used [0x0000000080000000,0x0000000080bfa660,0x0000000084300000)
 Metaspace       used 22980K, committed 23616K, reserved 1114112K
  class space    used 2232K, committed 2496K, reserved 1048576K
}

Dll operation events (10 events):
Event: 0.179 Loaded shared library c:\Users\Administrator\.antigravity\extensions\redhat.java-1.51.0-win32-x64\jre\21.0.9-win32-x86_64\bin\java.dll
Event: 0.593 Loaded shared library c:\Users\Administrator\.antigravity\extensions\redhat.java-1.51.0-win32-x64\jre\21.0.9-win32-x86_64\bin\zip.dll
Event: 0.651 Loaded shared library C:\Users\Administrator\.antigravity\extensions\redhat.java-1.51.0-win32-x64\jre\21.0.9-win32-x86_64\bin\instrument.dll
Event: 0.663 Loaded shared library C:\Users\Administrator\.antigravity\extensions\redhat.java-1.51.0-win32-x64\jre\21.0.9-win32-x86_64\bin\net.dll
Event: 0.668 Loaded shared library C:\Users\Administrator\.antigravity\extensions\redhat.java-1.51.0-win32-x64\jre\21.0.9-win32-x86_64\bin\nio.dll
Event: 0.673 Loaded shared library C:\Users\Administrator\.antigravity\extensions\redhat.java-1.51.0-win32-x64\jre\21.0.9-win32-x86_64\bin\zip.dll
Event: 0.782 Loaded shared library C:\Users\Administrator\.antigravity\extensions\redhat.java-1.51.0-win32-x64\jre\21.0.9-win32-x86_64\bin\jimage.dll
Event: 1.004 Loaded shared library c:\Users\Administrator\.antigravity\extensions\redhat.java-1.51.0-win32-x64\jre\21.0.9-win32-x86_64\bin\verify.dll
Event: 5.029 Loaded shared library C:\Users\Administrator\AppData\Roaming\Antigravity\User\globalStorage\redhat.java\1.51.0\config_ss_win\org.eclipse.equinox.launcher\org.eclipse.equinox.launcher.win32.win32.x86_64_1.2.1400.v20250801-0854\eclipse_11916.dll
Event: 10.848 Loaded shared library C:\Users\Administrator\AppData\Local\Temp\jna-146731693\jna11326477421467500838.dll

Deoptimization events (20 events):
Event: 13.122 Thread 0x000002236171c880 DEOPT PACKING pc=0x0000022353c0678c sp=0x000000db247fe850
Event: 13.122 Thread 0x000002236171c880 DEOPT UNPACKING pc=0x0000022353643aa2 sp=0x000000db247fe7e0 mode 2
Event: 13.136 Thread 0x000002236171c880 Uncommon trap: trap_request=0xffffffc6 fr.pc=0x0000022353c34844 relative=0x0000000000000a84
Event: 13.136 Thread 0x000002236171c880 Uncommon trap: reason=bimorphic_or_optimized_type_check action=maybe_recompile pc=0x0000022353c34844 method=java.util.HashMap.putVal(ILjava/lang/Object;Ljava/lang/Object;ZZ)Ljava/lang/Object; @ 56 c2
Event: 13.136 Thread 0x000002236171c880 DEOPT PACKING pc=0x0000022353c34844 sp=0x000000db247fe040
Event: 13.136 Thread 0x000002236171c880 DEOPT UNPACKING pc=0x0000022353643aa2 sp=0x000000db247fdf40 mode 2
Event: 13.136 Thread 0x000002236171c880 Uncommon trap: trap_request=0xffffffc6 fr.pc=0x0000022353c34844 relative=0x0000000000000a84
Event: 13.136 Thread 0x000002236171c880 Uncommon trap: reason=bimorphic_or_optimized_type_check action=maybe_recompile pc=0x0000022353c34844 method=java.util.HashMap.putVal(ILjava/lang/Object;Ljava/lang/Object;ZZ)Ljava/lang/Object; @ 56 c2
Event: 13.136 Thread 0x000002236171c880 DEOPT PACKING pc=0x0000022353c34844 sp=0x000000db247fe040
Event: 13.136 Thread 0x000002236171c880 DEOPT UNPACKING pc=0x0000022353643aa2 sp=0x000000db247fdf40 mode 2
Event: 13.136 Thread 0x000002236171c880 Uncommon trap: trap_request=0xffffffc6 fr.pc=0x0000022353c34844 relative=0x0000000000000a84
Event: 13.136 Thread 0x000002236171c880 Uncommon trap: reason=bimorphic_or_optimized_type_check action=maybe_recompile pc=0x0000022353c34844 method=java.util.HashMap.putVal(ILjava/lang/Object;Ljava/lang/Object;ZZ)Ljava/lang/Object; @ 56 c2
Event: 13.136 Thread 0x000002236171c880 DEOPT PACKING pc=0x0000022353c34844 sp=0x000000db247fe040
Event: 13.136 Thread 0x000002236171c880 DEOPT UNPACKING pc=0x0000022353643aa2 sp=0x000000db247fdf40 mode 2
Event: 13.136 Thread 0x000002236171c880 Uncommon trap: trap_request=0xffffffc6 fr.pc=0x0000022353c34844 relative=0x0000000000000a84
Event: 13.136 Thread 0x000002236171c880 Uncommon trap: reason=bimorphic_or_optimized_type_check action=maybe_recompile pc=0x0000022353c34844 method=java.util.HashMap.putVal(ILjava/lang/Object;Ljava/lang/Object;ZZ)Ljava/lang/Object; @ 56 c2
Event: 13.136 Thread 0x000002236171c880 DEOPT PACKING pc=0x0000022353c34844 sp=0x000000db247fe040
Event: 13.136 Thread 0x000002236171c880 DEOPT UNPACKING pc=0x0000022353643aa2 sp=0x000000db247fdf40 mode 2
Event: 13.349 Thread 0x000002236171c880 DEOPT PACKING pc=0x000002234c1f66a6 sp=0x000000db247fdbe0
Event: 13.349 Thread 0x000002236171c880 DEOPT UNPACKING pc=0x0000022353644242 sp=0x000000db247fd0d8 mode 0

Classes loaded (20 events):
Event: 13.460 Loading class sun/nio/cs/ISO_8859_13
Event: 13.460 Loading class sun/nio/cs/ISO_8859_13 done
Event: 13.503 Loading class sun/nio/cs/DelegatableDecoder
Event: 13.505 Loading class sun/nio/cs/DelegatableDecoder done
Event: 13.509 Loading class sun/nio/cs/ISO_8859_15
Event: 13.509 Loading class sun/nio/cs/ISO_8859_15 done
Event: 13.520 Loading class sun/nio/cs/DoubleByte$Decoder
Event: 13.526 Loading class sun/nio/cs/DoubleByte$Decoder done
Event: 13.529 Loading class sun/nio/cs/DoubleByte$Encoder
Event: 13.530 Loading class sun/nio/cs/DoubleByte$Encoder done
Event: 13.530 Loading class sun/nio/cs/MS1251
Event: 13.533 Loading class sun/nio/cs/MS1251 done
Event: 13.536 Loading class sun/nio/cs/MS1250
Event: 13.536 Loading class sun/nio/cs/MS1250 done
Event: 13.540 Loading class sun/nio/cs/ISO_8859_2
Event: 13.541 Loading class sun/nio/cs/ISO_8859_2 done
Event: 13.552 Loading class sun/nio/cs/ISO_8859_4
Event: 13.552 Loading class sun/nio/cs/ISO_8859_4 done
Event: 13.553 Loading class sun/nio/cs/ISO_8859_5
Event: 13.553 Loading class sun/nio/cs/ISO_8859_5 done

Classes unloaded (7 events):
Event: 12.383 Thread 0x0000022348e11ab0 Unloading class 0x000002230118d400 'java/lang/invoke/LambdaForm$MH+0x000002230118d400'
Event: 12.383 Thread 0x0000022348e11ab0 Unloading class 0x000002230118d000 'java/lang/invoke/LambdaForm$MH+0x000002230118d000'
Event: 12.383 Thread 0x0000022348e11ab0 Unloading class 0x000002230118cc00 'java/lang/invoke/LambdaForm$MH+0x000002230118cc00'
Event: 12.383 Thread 0x0000022348e11ab0 Unloading class 0x000002230118c800 'java/lang/invoke/LambdaForm$MH+0x000002230118c800'
Event: 12.383 Thread 0x0000022348e11ab0 Unloading class 0x000002230118c400 'java/lang/invoke/LambdaForm$BMH+0x000002230118c400'
Event: 12.383 Thread 0x0000022348e11ab0 Unloading class 0x000002230118c000 'java/lang/invoke/LambdaForm$DMH+0x000002230118c000'
Event: 12.383 Thread 0x0000022348e11ab0 Unloading class 0x000002230118ac00 'java/lang/invoke/LambdaForm$DMH+0x000002230118ac00'

Classes redefined (0 events):
No events

Internal exceptions (20 events):
Event: 11.037 Thread 0x000002236171c880 Exception <a 'java/lang/NoSuchMethodError'{0x00000000d6bb59e8}: 'java.lang.Object java.lang.invoke.Invokers$Holder.linkToTargetMethod(java.lang.Object, java.lang.Object, long, java.lang.Object)'> (0x00000000d6bb59e8) 
thrown [s\src\hotspot\share\interpreter\linkResolver.cpp, line 773]
Event: 11.097 Thread 0x000002236171c880 Exception <a 'java/lang/NoSuchMethodError'{0x00000000d6c0df80}: 'int java.lang.invoke.DirectMethodHandle$Holder.invokeStaticInit(java.lang.Object, java.lang.Object, java.lang.Object)'> (0x00000000d6c0df80) 
thrown [s\src\hotspot\share\interpreter\linkResolver.cpp, line 773]
Event: 11.114 Thread 0x000002236171c880 Exception <a 'java/lang/IncompatibleClassChangeError'{0x00000000d6cb7158}: Found class java.lang.Object, but interface was expected> (0x00000000d6cb7158) 
thrown [s\src\hotspot\share\interpreter\linkResolver.cpp, line 840]
Event: 11.132 Thread 0x000002236171c880 Exception <a 'java/lang/NoSuchMethodError'{0x00000000d6ccd7d0}: 'java.lang.Object java.lang.invoke.DirectMethodHandle$Holder.invokeSpecial(java.lang.Object, java.lang.Object, java.lang.Object, int, java.lang.Object, java.lang.Object)'> (0x00000000d6ccd7d0) 
thrown [s\src\hotspot\share\interpreter\linkResolver.cpp, line 773]
Event: 11.135 Thread 0x000002236171c880 Exception <a 'java/lang/NoSuchMethodError'{0x00000000d6cd52a8}: 'java.lang.Object java.lang.invoke.DirectMethodHandle$Holder.newInvokeSpecial(java.lang.Object, java.lang.Object, java.lang.Object, int, java.lang.Object)'> (0x00000000d6cd52a8) 
thrown [s\src\hotspot\share\interpreter\linkResolver.cpp, line 773]
Event: 11.136 Thread 0x000002236171c880 Exception <a 'java/lang/NoSuchMethodError'{0x00000000d6cd9228}: 'java.lang.Object java.lang.invoke.DirectMethodHandle$Holder.invokeSpecial(java.lang.Object, java.lang.Object, java.lang.Object, java.lang.Object, int, java.lang.Object)'> (0x00000000d6cd9228) 
thrown [s\src\hotspot\share\interpreter\linkResolver.cpp, line 773]
Event: 11.137 Thread 0x000002236171c880 Exception <a 'java/lang/NoSuchMethodError'{0x00000000d6cdcd68}: 'java.lang.Object java.lang.invoke.Invokers$Holder.linkToTargetMethod(java.lang.Object, java.lang.Object, int, java.lang.Object, java.lang.Object)'> (0x00000000d6cdcd68) 
thrown [s\src\hotspot\share\interpreter\linkResolver.cpp, line 773]
Event: 11.139 Thread 0x00000223618ee920 Exception <a 'java/lang/NoSuchMethodError'{0x00000000d6c17070}: 'java.lang.Object java.lang.invoke.DirectMethodHandle$Holder.invokeSpecial(java.lang.Object, java.lang.Object, int, java.lang.Object, java.lang.Object)'> (0x00000000d6c17070) 
thrown [s\src\hotspot\share\interpreter\linkResolver.cpp, line 773]
Event: 11.140 Thread 0x00000223618ee920 Exception <a 'java/lang/NoSuchMethodError'{0x00000000d6c1dda8}: 'java.lang.Object java.lang.invoke.DirectMethodHandle$Holder.newInvokeSpecial(java.lang.Object, java.lang.Object, int, java.lang.Object)'> (0x00000000d6c1dda8) 
thrown [s\src\hotspot\share\interpreter\linkResolver.cpp, line 773]
Event: 11.141 Thread 0x00000223618ee920 Exception <a 'java/lang/NoSuchMethodError'{0x00000000d6c21688}: 'java.lang.Object java.lang.invoke.DirectMethodHandle$Holder.invokeSpecial(java.lang.Object, java.lang.Object, java.lang.Object, int, java.lang.Object)'> (0x00000000d6c21688) 
thrown [s\src\hotspot\share\interpreter\linkResolver.cpp, line 773]
Event: 11.182 Thread 0x000002236171c880 Exception <a 'java/lang/NoSuchMethodError'{0x00000000d6dfc140}: 'void java.lang.invoke.DirectMethodHandle$Holder.invokeSpecial(java.lang.Object, java.lang.Object, java.lang.Object, java.lang.Object, java.lang.Object)'> (0x00000000d6dfc140) 
thrown [s\src\hotspot\share\interpreter\linkResolver.cpp, line 773]
Event: 11.297 Thread 0x000002236171c880 Exception <a 'java/lang/NoSuchMethodError'{0x00000000d5761160}: 'double java.lang.invoke.DirectMethodHandle$Holder.invokeStatic(java.lang.Object, java.lang.Object)'> (0x00000000d5761160) 
thrown [s\src\hotspot\share\interpreter\linkResolver.cpp, line 773]
Event: 11.298 Thread 0x000002236171c880 Exception <a 'java/lang/NoSuchMethodError'{0x00000000d5764820}: 'double java.lang.invoke.DirectMethodHandle$Holder.invokeStaticInit(java.lang.Object, java.lang.Object)'> (0x00000000d5764820) 
thrown [s\src\hotspot\share\interpreter\linkResolver.cpp, line 773]
Event: 12.262 Thread 0x000002236171c880 Implicit null exception at 0x0000022353cd7c75 to 0x0000022353cd7d68
Event: 12.935 Thread 0x000002236171c880 Exception <a 'java/lang/ClassNotFoundException'{0x00000000d6c5cca8}: com/sun/org/apache/xerces/internal/impl/msg/spi/DOMMessagesProvider> (0x00000000d6c5cca8) 
thrown [s\src\hotspot\share\classfile\systemDictionary.cpp, line 312]
Event: 12.938 Thread 0x000002236171c880 Exception <a 'java/lang/ClassNotFoundException'{0x00000000d6c77f48}: com/sun/org/apache/xerces/internal/impl/msg/spi/XMLSerializerMessagesProvider> (0x00000000d6c77f48) 
thrown [s\src\hotspot\share\classfile\systemDictionary.cpp, line 312]
Event: 12.944 Thread 0x000002236171c880 Exception <a 'java/lang/ClassNotFoundException'{0x00000000d6c85218}: com/sun/org/apache/xerces/internal/impl/msg/spi/XMLMessagesProvider> (0x00000000d6c85218) 
thrown [s\src\hotspot\share\classfile\systemDictionary.cpp, line 312]
Event: 13.060 Thread 0x000002236171c880 Exception <a 'java/lang/NoSuchMethodError'{0x00000000d55f40d0}: 'java.lang.Object java.lang.invoke.DirectMethodHandle$Holder.newInvokeSpecial(java.lang.Object, int, java.lang.Object, java.lang.Object)'> (0x00000000d55f40d0) 
thrown [s\src\hotspot\share\interpreter\linkResolver.cpp, line 773]
Event: 13.151 Thread 0x000002236171c880 Exception <a 'sun/nio/fs/WindowsException'{0x00000000d582bd78}> (0x00000000d582bd78) 
thrown [s\src\hotspot\share\prims\jni.cpp, line 520]
Event: 13.409 Thread 0x000002236171c880 Exception <a 'java/lang/ClassNotFoundException'{0x00000000d5e06ed0}: com/sun/org/apache/xml/internal/serializer/spi/XMLEntitiesProvider> (0x00000000d5e06ed0) 
thrown [s\src\hotspot\share\classfile\systemDictionary.cpp, line 312]

ZGC Phase Switch (0 events):
No events

VM Operations (20 events):
Event: 8.112 Executing VM operation: Cleanup
Event: 8.113 Executing VM operation: Cleanup done
Event: 10.113 Executing VM operation: Cleanup
Event: 10.113 Executing VM operation: Cleanup done
Event: 10.888 Executing VM operation: HandshakeAllThreads (Deoptimize)
Event: 10.888 Executing VM operation: HandshakeAllThreads (Deoptimize) done
Event: 11.194 Executing VM operation: ParallelGCFailedAllocation (Allocation Failure)
Event: 11.202 Executing VM operation: ParallelGCFailedAllocation (Allocation Failure) done
Event: 12.005 Executing VM operation: ParallelGCFailedAllocation (Allocation Failure)
Event: 12.010 Executing VM operation: ParallelGCFailedAllocation (Allocation Failure) done
Event: 12.362 Executing VM operation: CollectForMetadataAllocation (Metadata GC Threshold)
Event: 12.431 Executing VM operation: CollectForMetadataAllocation (Metadata GC Threshold) done
Event: 13.020 Executing VM operation: ParallelGCFailedAllocation (Allocation Failure)
Event: 13.024 Executing VM operation: ParallelGCFailedAllocation (Allocation Failure) done
Event: 13.135 Executing VM operation: HandshakeAllThreads (Deoptimize)
Event: 13.135 Executing VM operation: HandshakeAllThreads (Deoptimize) done
Event: 13.244 Executing VM operation: HandshakeAllThreads (Deoptimize)
Event: 13.244 Executing VM operation: HandshakeAllThreads (Deoptimize) done
Event: 13.528 Executing VM operation: HandshakeAllThreads (Deoptimize)
Event: 13.528 Executing VM operation: HandshakeAllThreads (Deoptimize) done

Memory protections (0 events):
No events

Nmethod flushes (0 events):
No events

Events (20 events):
Event: 0.485 Thread 0x0000022348ebfd20 Thread added: 0x0000022348e30ab0
Event: 0.486 Thread 0x0000022348ebfd20 Thread added: 0x0000022348e32390
Event: 0.486 Thread 0x0000022348ebfd20 Thread added: 0x0000022348e330a0
Event: 0.486 Thread 0x0000022348ebfd20 Thread added: 0x0000022348e34c60
Event: 0.486 Thread 0x0000022348ebfd20 Thread added: 0x0000022348e356b0
Event: 0.486 Thread 0x0000022348ebfd20 Thread added: 0x0000022348e364e0
Event: 0.491 Thread 0x0000022348ebfd20 Thread added: 0x0000022348e4f590
Event: 0.655 Thread 0x0000022348ebfd20 Thread added: 0x000002236133ed40
Event: 1.209 Thread 0x0000022348ebfd20 Thread added: 0x000002236146f730
Event: 3.878 Thread 0x0000022348ebfd20 Thread added: 0x000002236166d910
Event: 4.922 Thread 0x0000022348ebfd20 Thread added: 0x000002236171c220
Event: 4.931 Thread 0x0000022348ebfd20 Thread added: 0x000002236171c880
Event: 5.775 Thread 0x000002236171c880 Thread added: 0x0000022361a99e80
Event: 6.494 Thread 0x000002236171c880 Thread added: 0x0000022361c1e200
Event: 10.939 Thread 0x000002236171c880 Thread added: 0x00000223665fb530
Event: 11.050 Thread 0x000002236171c880 Thread added: 0x00000223618ee920
Event: 11.139 Thread 0x000002236171c880 Thread added: 0x0000022361449090
Event: 12.432 Thread 0x00000223618ee920 Thread added: 0x0000022366b5e6e0
Event: 12.986 Thread 0x000002236171c880 Thread added: 0x0000022366b5b260
Event: 13.189 Thread 0x0000022366b5b260 Thread exited: 0x0000022366b5b260


Dynamic libraries:
0x00007ff72feb0000 - 0x00007ff72febe000 	c:\Users\Administrator\.antigravity\extensions\redhat.java-1.51.0-win32-x64\jre\21.0.9-win32-x86_64\bin\java.exe
0x00007ffd13080000 - 0x00007ffd13270000 	C:\Windows\SYSTEM32\ntdll.dll
0x00007ffd116a0000 - 0x00007ffd11752000 	C:\Windows\System32\KERNEL32.DLL
0x00007ffd10c00000 - 0x00007ffd10ea5000 	C:\Windows\System32\KERNELBASE.dll
0x00007ffd10b00000 - 0x00007ffd10bfa000 	C:\Windows\System32\ucrtbase.dll
0x00007ffd03280000 - 0x00007ffd03298000 	c:\Users\Administrator\.antigravity\extensions\redhat.java-1.51.0-win32-x64\jre\21.0.9-win32-x86_64\bin\jli.dll
0x00007ffcf5db0000 - 0x00007ffcf5dce000 	c:\Users\Administrator\.antigravity\extensions\redhat.java-1.51.0-win32-x64\jre\21.0.9-win32-x86_64\bin\VCRUNTIME140.dll
0x00007ffcf7250000 - 0x00007ffcf74d4000 	C:\Windows\WinSxS\amd64_microsoft.windows.common-controls_6595b64144ccf1df_6.0.18362.1556_none_9e7e372fe45e41d5\COMCTL32.dll
0x00007ffd12600000 - 0x00007ffd12794000 	C:\Windows\System32\USER32.dll
0x00007ffd0fff0000 - 0x00007ffd10011000 	C:\Windows\System32\win32u.dll
0x00007ffd11670000 - 0x00007ffd11696000 	C:\Windows\System32\GDI32.dll
0x00007ffd108b0000 - 0x00007ffd10a48000 	C:\Windows\System32\gdi32full.dll
0x00007ffd10810000 - 0x00007ffd108ae000 	C:\Windows\System32\msvcp_win.dll
0x00007ffd11760000 - 0x00007ffd117fe000 	C:\Windows\System32\msvcrt.dll
0x00007ffd12940000 - 0x00007ffd12c76000 	C:\Windows\System32\combase.dll
0x00007ffd12820000 - 0x00007ffd1293f000 	C:\Windows\System32\RPCRT4.dll
0x00007ffd10eb0000 - 0x00007ffd10f31000 	C:\Windows\System32\bcryptPrimitives.dll
0x00007ffd12dc0000 - 0x00007ffd12dee000 	C:\Windows\System32\IMM32.DLL
0x00007ffd09360000 - 0x00007ffd0936c000 	c:\Users\Administrator\.antigravity\extensions\redhat.java-1.51.0-win32-x64\jre\21.0.9-win32-x86_64\bin\vcruntime140_1.dll
0x00007ffcc8270000 - 0x00007ffcc82fd000 	c:\Users\Administrator\.antigravity\extensions\redhat.java-1.51.0-win32-x64\jre\21.0.9-win32-x86_64\bin\msvcp140.dll
0x00007ffc9d180000 - 0x00007ffc9df20000 	c:\Users\Administrator\.antigravity\extensions\redhat.java-1.51.0-win32-x64\jre\21.0.9-win32-x86_64\bin\server\jvm.dll
0x00007ffd12470000 - 0x00007ffd12513000 	C:\Windows\System32\ADVAPI32.dll
0x00007ffd12df0000 - 0x00007ffd12e87000 	C:\Windows\System32\sechost.dll
0x00007ffd0ff40000 - 0x00007ffd0ff8a000 	C:\Windows\System32\POWRPROF.dll
0x00007ffd0ff30000 - 0x00007ffd0ff40000 	C:\Windows\System32\UMPDC.dll
0x00007ffd12e90000 - 0x00007ffd12eff000 	C:\Windows\System32\WS2_32.dll
0x00007ffd06660000 - 0x00007ffd0666a000 	C:\Windows\SYSTEM32\VERSION.dll
0x00007ffd08fa0000 - 0x00007ffd08fc4000 	C:\Windows\SYSTEM32\WINMM.dll
0x00007ffd08f70000 - 0x00007ffd08f9d000 	C:\Windows\SYSTEM32\winmmbase.dll
0x00007ffd10020000 - 0x00007ffd1006a000 	C:\Windows\System32\cfgmgr32.dll
0x00007ffd0ffb0000 - 0x00007ffd0ffc1000 	C:\Windows\System32\kernel.appcore.dll
0x00007ffd02c80000 - 0x00007ffd02c8a000 	c:\Users\Administrator\.antigravity\extensions\redhat.java-1.51.0-win32-x64\jre\21.0.9-win32-x86_64\bin\jimage.dll
0x00007ffd0e840000 - 0x00007ffd0ea34000 	C:\Windows\SYSTEM32\DBGHELP.DLL
0x00007ffcf46e0000 - 0x00007ffcf470a000 	C:\Windows\SYSTEM32\dbgcore.DLL
0x00007ffd01700000 - 0x00007ffd0170f000 	c:\Users\Administrator\.antigravity\extensions\redhat.java-1.51.0-win32-x64\jre\21.0.9-win32-x86_64\bin\instrument.dll
0x00007ffce2010000 - 0x00007ffce2030000 	c:\Users\Administrator\.antigravity\extensions\redhat.java-1.51.0-win32-x64\jre\21.0.9-win32-x86_64\bin\java.dll
0x00007ffd11c40000 - 0x00007ffd12327000 	C:\Windows\System32\SHELL32.dll
0x00007ffd12d10000 - 0x00007ffd12db8000 	C:\Windows\System32\shcore.dll
0x00007ffd10090000 - 0x00007ffd1080b000 	C:\Windows\System32\windows.storage.dll
0x00007ffd0ff90000 - 0x00007ffd0ffae000 	C:\Windows\System32\profapi.dll
0x00007ffd11be0000 - 0x00007ffd11c32000 	C:\Windows\System32\shlwapi.dll
0x00007ffd10070000 - 0x00007ffd10087000 	C:\Windows\System32\cryptsp.dll
0x00007ffce0790000 - 0x00007ffce07a8000 	c:\Users\Administrator\.antigravity\extensions\redhat.java-1.51.0-win32-x64\jre\21.0.9-win32-x86_64\bin\zip.dll
0x00007ffcf6cf0000 - 0x00007ffcf6d00000 	C:\Users\Administrator\.antigravity\extensions\redhat.java-1.51.0-win32-x64\jre\21.0.9-win32-x86_64\bin\net.dll
0x00007ffd08d40000 - 0x00007ffd08e3a000 	C:\Windows\SYSTEM32\WINHTTP.dll
0x00007ffd0f770000 - 0x00007ffd0f7d7000 	C:\Windows\system32\mswsock.dll
0x00007ffce06d0000 - 0x00007ffce06e6000 	C:\Users\Administrator\.antigravity\extensions\redhat.java-1.51.0-win32-x64\jre\21.0.9-win32-x86_64\bin\nio.dll
0x00007ffcf47d0000 - 0x00007ffcf47e0000 	c:\Users\Administrator\.antigravity\extensions\redhat.java-1.51.0-win32-x64\jre\21.0.9-win32-x86_64\bin\verify.dll
0x00007ffccb920000 - 0x00007ffccb964000 	C:\Users\Administrator\AppData\Roaming\Antigravity\User\globalStorage\redhat.java\1.51.0\config_ss_win\org.eclipse.equinox.launcher\org.eclipse.equinox.launcher.win32.win32.x86_64_1.2.1400.v20250801-0854\eclipse_11916.dll
0x00007ffd119b0000 - 0x00007ffd11b07000 	C:\Windows\System32\ole32.dll
0x00007ffd0f2f0000 - 0x00007ffd0f323000 	C:\Windows\system32\rsaenh.dll
0x00007ffd10f40000 - 0x00007ffd10f66000 	C:\Windows\System32\bcrypt.dll
0x00007ffd0fe20000 - 0x00007ffd0fe45000 	C:\Windows\SYSTEM32\USERENV.dll
0x00007ffd0f940000 - 0x00007ffd0f94c000 	C:\Windows\SYSTEM32\CRYPTBASE.dll
0x00007ffd0f480000 - 0x00007ffd0f4ba000 	C:\Windows\SYSTEM32\IPHLPAPI.DLL
0x00007ffd125f0000 - 0x00007ffd125f8000 	C:\Windows\System32\NSI.dll
0x00007ffcc5950000 - 0x00007ffcc5999000 	C:\Users\Administrator\AppData\Local\Temp\jna-146731693\jna11326477421467500838.dll
0x00007ffd12c80000 - 0x00007ffd12c88000 	C:\Windows\System32\PSAPI.DLL

JVMTI agents:
c:\Users\Administrator\.antigravity\extensions\redhat.java-1.51.0-win32-x64\lombok\lombok-1.18.39-4050.jar path:c:\Users\Administrator\.antigravity\extensions\redhat.java-1.51.0-win32-x64\jre\21.0.9-win32-x86_64\bin\instrument.dll, loaded, initialized, instrumentlib options:none

dbghelp: loaded successfully - version: 4.0.5 - missing functions: none
symbol engine: initialized successfully - sym options: 0x614 - pdb path: .;c:\Users\Administrator\.antigravity\extensions\redhat.java-1.51.0-win32-x64\jre\21.0.9-win32-x86_64\bin;C:\Windows\SYSTEM32;C:\Windows\WinSxS\amd64_microsoft.windows.common-controls_6595b64144ccf1df_6.0.18362.1556_none_9e7e372fe45e41d5;c:\Users\Administrator\.antigravity\extensions\redhat.java-1.51.0-win32-x64\jre\21.0.9-win32-x86_64\bin\server;C:\Users\Administrator\AppData\Roaming\Antigravity\User\globalStorage\redhat.java\1.51.0\config_ss_win\org.eclipse.equinox.launcher\org.eclipse.equinox.launcher.win32.win32.x86_64_1.2.1400.v20250801-0854;C:\Users\Administrator\AppData\Local\Temp\jna-146731693

VM Arguments:
jvm_args: --add-modules=ALL-SYSTEM --add-opens=java.base/java.util=ALL-UNNAMED --add-opens=java.base/java.lang=ALL-UNNAMED --add-opens=java.base/sun.nio.fs=ALL-UNNAMED -Declipse.application=org.eclipse.jdt.ls.core.id1 -Dosgi.bundles.defaultStartLevel=4 -Declipse.product=org.eclipse.jdt.ls.core.product -Djava.import.generatesMetadataFilesAtProjectRoot=false -DDetectVMInstallationsJob.disabled=true -Dfile.encoding=utf8 -XX:+UseParallelGC -XX:GCTimeRatio=4 -XX:AdaptiveSizePolicyWeight=90 -Dsun.zip.disableMemoryMapping=true -Xmx2G -Xms100m -Xlog:disable -javaagent:c:\Users\Administrator\.antigravity\extensions\redhat.java-1.51.0-win32-x64\lombok\lombok-1.18.39-4050.jar 
java_command: c:\Users\Administrator\.antigravity\extensions\redhat.java-1.51.0-win32-x64\server\plugins\org.eclipse.equinox.launcher_1.7.100.v20251111-0406.jar -configuration c:\Users\Administrator\AppData\Roaming\Antigravity\User\globalStorage\redhat.java\1.51.0\config_ss_win -data c:\Users\Administrator\AppData\Roaming\Antigravity\User\workspaceStorage\9dc1cad281cafc8938dd036e9dabeaab\redhat.java\ss_ws --pipe=\\.\pipe\lsp-8dfa96500c971fe61ba334aab1ad7664-sock
java_class_path (initial): c:\Users\Administrator\.antigravity\extensions\redhat.java-1.51.0-win32-x64\server\plugins\org.eclipse.equinox.launcher_1.7.100.v20251111-0406.jar
Launcher Type: SUN_STANDARD

[Global flags]
    uintx AdaptiveSizePolicyWeight                 = 90                                        {product} {command line}
     intx CICompilerCount                          = 4                                         {product} {ergonomic}
    uintx GCTimeRatio                              = 4                                         {product} {command line}
   size_t InitialHeapSize                          = 104857600                                 {product} {command line}
   size_t MaxHeapSize                              = 2147483648                                {product} {command line}
   size_t MaxNewSize                               = 715653120                                 {product} {ergonomic}
   size_t MinHeapDeltaBytes                        = 524288                                    {product} {ergonomic}
   size_t MinHeapSize                              = 104857600                                 {product} {command line}
   size_t NewSize                                  = 34603008                                  {product} {ergonomic}
    uintx NonNMethodCodeHeapSize                   = 5839372                                {pd product} {ergonomic}
    uintx NonProfiledCodeHeapSize                  = 122909434                              {pd product} {ergonomic}
   size_t OldSize                                  = 70254592                                  {product} {ergonomic}
    uintx ProfiledCodeHeapSize                     = 122909434                              {pd product} {ergonomic}
    uintx ReservedCodeCacheSize                    = 251658240                              {pd product} {ergonomic}
     bool SegmentedCodeCache                       = true                                      {product} {ergonomic}
   size_t SoftMaxHeapSize                          = 2147483648                             {manageable} {ergonomic}
     bool UseCompressedOops                        = true                           {product lp64_product} {ergonomic}
     bool UseLargePagesIndividualAllocation        = false                                  {pd product} {ergonomic}
     bool UseParallelGC                            = true                                      {product} {command line}

Logging:
Log output configuration:
 #0: stdout all=off uptime,level,tags foldmultilines=false
 #1: stderr all=off uptime,level,tags foldmultilines=false

Release file:
JAVA_VERSION="21.0.9" 
MODULES="java.base java.compiler java.datatransfer java.xml java.prefs java.desktop java.instrument java.logging java.management java.security.sasl java.naming java.rmi java.management.rmi java.net.http java.scripting java.security.jgss java.transaction.xa java.sql java.sql.rowset java.xml.crypto java.se java.smartcardio jdk.accessibility jdk.internal.jvmstat jdk.attach jdk.charsets jdk.internal.opt jdk.zipfs jdk.compiler jdk.crypto.ec jdk.crypto.cryptoki jdk.crypto.mscapi jdk.dynalink jdk.internal.ed jdk.editpad jdk.hotspot.agent jdk.httpserver jdk.internal.le jdk.internal.vm.ci jdk.internal.vm.compiler jdk.internal.vm.compiler.management jdk.jartool jdk.javadoc jdk.jcmd jdk.management jdk.management.agent jdk.jconsole jdk.jdeps jdk.jdwp.agent jdk.jdi jdk.jfr jdk.jshell jdk.jsobject jdk.jstatd jdk.localedata jdk.management.jfr jdk.naming.dns jdk.naming.rmi jdk.net jdk.nio.mapmode jdk.random jdk.sctp jdk.security.auth jdk.security.jgss jdk.unsupported jdk.unsupported.desktop jdk.xml.dom" 

Environment Variables:
JAVA_HOME=D:\datn\jdk-17.0.16+8
PATH=d:\cursor\resources\app\bin;C:\Program Files\Python313\Scripts\;C:\Program Files\Python313\;C:\php-8.3.14-nts-Win32-vs16-x64;C:\Windows\system32;C:\Windows;C:\Windows\System32\Wbem;C:\Windows\System32\WindowsPowerShell\v1.0\;C:\Windows\System32\OpenSSH\;C:\Program Files\Microsoft SQL Server\Client SDK\ODBC\170\Tools\Binn\;C:\Program Files (x86)\Microsoft SQL Server\150\Tools\Binn\;C:\Program Files\Microsoft SQL Server\150\Tools\Binn\;C:\Program Files\Microsoft SQL Server\150\DTS\Binn\;C:\Program Files\Azure Data Studio\bin;C:\Program Files\dotnet\;D:\Git\cmd;C:\php-8.4.0-nts-Win32-vs17-x64;C:\ProgramData\ComposerSetup\bin;D:\datn\jdk-17.0.16+8\bin;C:\axis2-1.8.2\bin;D:\datn\apache-maven-3.9.11\bin;C:\Program Files\nodejs\;C:\php-8.4.0-nts-Win32-vs17-x64;C:\Users\Administrator\AppData\Local\Microsoft\WindowsApps;C:\Program Files\Azure Data Studio\bin;C:\Users\Administrator\.dotnet\tools;C:\php-8.3.14-nts-Win32-vs16-x64;C:\Users\Administrator\AppData\Roaming\Composer\vendor\bin;D:\datn\jdk-17.0.16+8;C:\axis2-1.;C:\php-8.4.0-nts-Win32-vs17-x64;C:\Users\Administrator\AppData\Local\Microsoft\WindowsApps;C:\Program Files\Azure Data Studio\bin;C:\Users\Administrator\AppData\Local\Programs\Microsoft VS Code\bin;C:\Users\Administrator\.dotnet\tools;C:\php-8.3.14-nts-Win32-vs16-x64;C:\Users\Administrator\AppData\Roaming\Composer\vendor\bin;D:\datn\jdk-17.0.16+8;C:\axis2-1.8.2;D:\cursor\resources\app\bin;D:\datn\apache-maven-3.9.11\bin;C:\Users\Administrator\AppData\Roaming\npm;C:\Users\Administrator\AppData\Local\Programs\Antigravity\bin
USERNAME=Administrator
OS=Windows_NT
PROCESSOR_IDENTIFIER=Intel64 Family 6 Model 142 Stepping 12, GenuineIntel
TMP=C:\Users\ADMINI~1\AppData\Local\Temp
TEMP=C:\Users\ADMINI~1\AppData\Local\Temp




Periodic native trim disabled

---------------  S Y S T E M  ---------------

OS:
 Windows 10 , 64 bit Build 18362 (10.0.18362.1500)
OS uptime: 22 days 0:33 hours

CPU: total 8 (initial active 8) (4 cores per cpu, 2 threads per core) family 6 model 142 stepping 12 microcode 0xde, cx8, cmov, fxsr, ht, mmx, 3dnowpref, sse, sse2, sse3, ssse3, sse4.1, sse4.2, popcnt, lzcnt, tsc, tscinvbit, avx, avx2, aes, erms, clmul, bmi1, bmi2, adx, fma, vzeroupper, clflush, clflushopt, rdtscp, f16c
Processor Information for the first 8 processors :
  Max Mhz: 1800, Current Mhz: 1600, Mhz Limit: 1584

Memory: 4k page, system-wide physical 3889M (114M free)
TotalPageFile size 15665M (AvailPageFile size 2M)
current process WorkingSet (physical memory assigned to process): 140M, peak: 142M
current process commit charge ("private bytes"): 285M, peak: 286M

vm_info: OpenJDK 64-Bit Server VM (21.0.9+10-LTS) for windows-amd64 JRE (21.0.9+10-LTS), built on 2025-10-21T00:00:00Z by "admin" with unknown MS VC++:1942

END.
