#
# There is insufficient memory for the Java Runtime Environment to continue.
# Native memory allocation (malloc) failed to allocate 1643376 bytes. Error detail: Chunk::new
# Possible reasons:
#   The system is out of physical RAM or swap space
#   This process is running with CompressedOops enabled, and the Java Heap may be blocking the growth of the native heap
# Possible solutions:
#   Reduce memory load on the system
#   Increase physical memory or swap space
#   Check if swap backing store is full
#   Decrease Java heap size (-Xmx/-Xms)
#   Decrease number of Java threads
#   Decrease Java thread stack sizes (-Xss)
#   Set larger code cache with -XX:ReservedCodeCacheSize=
#   JVM is running with Unscaled Compressed Oops mode in which the Java heap is
#     placed in the first 4GB address space. The Java Heap base address is the
#     maximum limit for the native heap growth. Please use -XX:HeapBaseMinAddress
#     to set the Java Heap base and to place the Java Heap above 4GB virtual address.
# This output file may be truncated or incomplete.
#
#  Out of Memory Error (arena.cpp:168), pid=17016, tid=18000
#
# JRE version: OpenJDK Runtime Environment Temurin-21.0.9+10 (21.0.9+10) (build 21.0.9+10-LTS)
# Java VM: OpenJDK 64-Bit Server VM Temurin-21.0.9+10 (21.0.9+10-LTS, mixed mode, sharing, tiered, compressed oops, compressed class ptrs, parallel gc, windows-amd64)
# No core dump will be written. Minidumps are not enabled by default on client versions of Windows
#

---------------  S U M M A R Y ------------

Command Line: --add-modules=ALL-SYSTEM --add-opens=java.base/java.util=ALL-UNNAMED --add-opens=java.base/java.lang=ALL-UNNAMED --add-opens=java.base/sun.nio.fs=ALL-UNNAMED -Declipse.application=org.eclipse.jdt.ls.core.id1 -Dosgi.bundles.defaultStartLevel=4 -Declipse.product=org.eclipse.jdt.ls.core.product -Djava.import.generatesMetadataFilesAtProjectRoot=false -DDetectVMInstallationsJob.disabled=true -Dfile.encoding=utf8 -XX:+UseParallelGC -XX:GCTimeRatio=4 -XX:AdaptiveSizePolicyWeight=90 -Dsun.zip.disableMemoryMapping=true -Xmx2G -Xms100m -Xlog:disable -javaagent:c:\Users\Administrator\.vscode\extensions\redhat.java-1.51.0-win32-x64\lombok\lombok-1.18.39-4050.jar -XX:+HeapDumpOnOutOfMemoryError -XX:HeapDumpPath=c:\Users\Administrator\AppData\Roaming\Code\User\workspaceStorage\9dc1cad281cafc8938dd036e9dabeaab\redhat.java -Daether.dependencyCollector.impl=bf c:\Users\Administrator\.vscode\extensions\redhat.java-1.51.0-win32-x64\server\plugins\org.eclipse.equinox.launcher_1.7.100.v20251111-0406.jar -configuration c:\Users\Administrator\AppData\Roaming\Code\User\globalStorage\redhat.java\1.51.0\config_win -data c:\Users\Administrator\AppData\Roaming\Code\User\workspaceStorage\9dc1cad281cafc8938dd036e9dabeaab\redhat.java\jdt_ws --pipe=\\.\pipe\lsp-bc5be1d6a13c710b70c3ec426b8f9b90-sock

Host: Intel(R) Core(TM) i5-8265U CPU @ 1.60GHz, 8 cores, 3G,  Windows 10 , 64 bit Build 18362 (10.0.18362.1500)
Time: Tue Jan 20 22:59:07 2026 SE Asia Standard Time elapsed time: 30.952613 seconds (0d 0h 0m 30s)

---------------  T H R E A D  ---------------

Current thread (0x0000022bfc9f4f70):  JavaThread "C2 CompilerThread0" daemon [_thread_in_native, id=18000, stack(0x0000007492a00000,0x0000007492b00000) (1024K)]


Current CompileTask:
C2:30952 10357   !   4       org.eclipse.jdt.internal.core.JarPackageFragmentRoot::computeChildren (605 bytes)

Stack: [0x0000007492a00000,0x0000007492b00000]
Native frames: (J=compiled Java code, j=interpreted, Vv=VM code, C=native code)
V  [jvm.dll+0x6d6e29]
V  [jvm.dll+0x8b4b76]
V  [jvm.dll+0x8b712e]
V  [jvm.dll+0x8b7813]
V  [jvm.dll+0x283d86]
V  [jvm.dll+0xc66ed]
V  [jvm.dll+0xc6c31]
V  [jvm.dll+0x3be501]
V  [jvm.dll+0x1e3d59]
V  [jvm.dll+0x24c0f3]
V  [jvm.dll+0x24b580]
V  [jvm.dll+0x1cb13e]
V  [jvm.dll+0x25b29d]
V  [jvm.dll+0x25982a]
V  [jvm.dll+0x3f7ea6]
V  [jvm.dll+0x85e9ad]
V  [jvm.dll+0x6d565d]
C  [ucrtbase.dll+0x210b2]
C  [KERNEL32.DLL+0x17c24]
C  [ntdll.dll+0x6d721]


---------------  P R O C E S S  ---------------

Threads class SMR info:
_java_thread_list=0x0000022be25d51f0, length=44, elements={
0x0000022bf6d17da0, 0x0000022bfc9e0010, 0x0000022bfc9e1670, 0x0000022bfc9e5040,
0x0000022bfc9e5f00, 0x0000022bfc9eb570, 0x0000022bfc9f39b0, 0x0000022bfc9f4f70,
0x0000022bfc9f5ab0, 0x0000022bfc9f0530, 0x0000022bfc9f0bc0, 0x0000022bfc9f1250,
0x0000022bfc9f18e0, 0x0000022bfc9f2600, 0x0000022bfc9f1f70, 0x0000022bfc9f2c90,
0x0000022bfc9f3320, 0x0000022bff1540c0, 0x0000022bff157bd0, 0x0000022bff153a30,
0x0000022bff154750, 0x0000022bff156eb0, 0x0000022bff1533a0, 0x0000022bff154de0,
0x0000022bff158260, 0x0000022bff1512d0, 0x0000022bff155470, 0x0000022bff152d10,
0x0000022bff1588f0, 0x0000022bff151ff0, 0x0000022bff151960, 0x0000022bff155b00,
0x0000022bff157540, 0x0000022bff156190, 0x0000022bff152680, 0x0000022bff156820,
0x0000022bd96c1610, 0x0000022bd96be820, 0x0000022bd96c0f80, 0x0000022bd96be190,
0x0000022bd96c4400, 0x0000022bd96c1ca0, 0x0000022bd96c2330, 0x0000022bd96c4a90
}

Java Threads: ( => current thread )
  0x0000022bf6d17da0 JavaThread "main"                              [_thread_blocked, id=7912, stack(0x0000007492000000,0x0000007492100000) (1024K)]
  0x0000022bfc9e0010 JavaThread "Reference Handler"          daemon [_thread_blocked, id=11896, stack(0x0000007492400000,0x0000007492500000) (1024K)]
  0x0000022bfc9e1670 JavaThread "Finalizer"                  daemon [_thread_blocked, id=3936, stack(0x0000007492500000,0x0000007492600000) (1024K)]
  0x0000022bfc9e5040 JavaThread "Signal Dispatcher"          daemon [_thread_blocked, id=7768, stack(0x0000007492600000,0x0000007492700000) (1024K)]
  0x0000022bfc9e5f00 JavaThread "Attach Listener"            daemon [_thread_blocked, id=15296, stack(0x0000007492700000,0x0000007492800000) (1024K)]
  0x0000022bfc9eb570 JavaThread "Service Thread"             daemon [_thread_blocked, id=9780, stack(0x0000007492800000,0x0000007492900000) (1024K)]
  0x0000022bfc9f39b0 JavaThread "Monitor Deflation Thread"   daemon [_thread_blocked, id=9292, stack(0x0000007492900000,0x0000007492a00000) (1024K)]
=>0x0000022bfc9f4f70 JavaThread "C2 CompilerThread0"         daemon [_thread_in_native, id=18000, stack(0x0000007492a00000,0x0000007492b00000) (1024K)]
  0x0000022bfc9f5ab0 JavaThread "C1 CompilerThread0"         daemon [_thread_blocked, id=17924, stack(0x0000007492b00000,0x0000007492c00000) (1024K)]
  0x0000022bfc9f0530 JavaThread "Common-Cleaner"             daemon [_thread_blocked, id=14064, stack(0x0000007492c00000,0x0000007492d00000) (1024K)]
  0x0000022bfc9f0bc0 JavaThread "Notification Thread"        daemon [_thread_blocked, id=16604, stack(0x0000007492d00000,0x0000007492e00000) (1024K)]
  0x0000022bfc9f1250 JavaThread "Active Thread: Equinox Container: b2274096-db0c-4256-a086-c5b08e18d680"        [_thread_blocked, id=17520, stack(0x0000007493400000,0x0000007493500000) (1024K)]
  0x0000022bfc9f18e0 JavaThread "Refresh Thread: Equinox Container: b2274096-db0c-4256-a086-c5b08e18d680" daemon [_thread_blocked, id=18516, stack(0x0000007493600000,0x0000007493700000) (1024K)]
  0x0000022bfc9f2600 JavaThread "Framework Event Dispatcher: Equinox Container: b2274096-db0c-4256-a086-c5b08e18d680" daemon [_thread_blocked, id=18792, stack(0x0000007493700000,0x0000007493800000) (1024K)]
  0x0000022bfc9f1f70 JavaThread "Start Level: Equinox Container: b2274096-db0c-4256-a086-c5b08e18d680" daemon [_thread_blocked, id=18848, stack(0x0000007493800000,0x0000007493900000) (1024K)]
  0x0000022bfc9f2c90 JavaThread "Bundle File Closer"         daemon [_thread_blocked, id=18600, stack(0x0000007493900000,0x0000007493a00000) (1024K)]
  0x0000022bfc9f3320 JavaThread "SCR Component Actor"        daemon [_thread_blocked, id=16260, stack(0x0000007493a00000,0x0000007493b00000) (1024K)]
  0x0000022bff1540c0 JavaThread "Worker-JM"                         [_thread_blocked, id=4348, stack(0x0000007493b00000,0x0000007493c00000) (1024K)]
  0x0000022bff157bd0 JavaThread "JNA Cleaner"                daemon [_thread_blocked, id=12504, stack(0x0000007493c00000,0x0000007493d00000) (1024K)]
  0x0000022bff153a30 JavaThread "Worker-0: Initialize workspace"        [_thread_in_Java, id=8968, stack(0x0000007493d00000,0x0000007493e00000) (1024K)]
  0x0000022bff154750 JavaThread "Worker-1: Initialize Workspace"        [_thread_blocked, id=1368, stack(0x0000007493e00000,0x0000007493f00000) (1024K)]
  0x0000022bff156eb0 JavaThread "Java indexing"              daemon [_thread_blocked, id=13688, stack(0x0000007493f00000,0x0000007494000000) (1024K)]
  0x0000022bff1533a0 JavaThread "Worker-2"                          [_thread_blocked, id=12444, stack(0x0000007494000000,0x0000007494100000) (1024K)]
  0x0000022bff154de0 JavaThread "Worker-3"                          [_thread_blocked, id=16596, stack(0x0000007494100000,0x0000007494200000) (1024K)]
  0x0000022bff158260 JavaThread "Worker-4: Publish Diagnostics"        [_thread_blocked, id=15104, stack(0x0000007494200000,0x0000007494300000) (1024K)]
  0x0000022bff1512d0 JavaThread "Thread-1"                   daemon [_thread_in_native, id=19312, stack(0x0000007494300000,0x0000007494400000) (1024K)]
  0x0000022bff155470 JavaThread "Thread-2"                   daemon [_thread_in_native, id=7564, stack(0x0000007494400000,0x0000007494500000) (1024K)]
  0x0000022bff152d10 JavaThread "Thread-3"                   daemon [_thread_in_native, id=7816, stack(0x0000007494500000,0x0000007494600000) (1024K)]
  0x0000022bff1588f0 JavaThread "Thread-4"                   daemon [_thread_in_native, id=2608, stack(0x0000007494600000,0x0000007494700000) (1024K)]
  0x0000022bff151ff0 JavaThread "Thread-5"                   daemon [_thread_in_native, id=3068, stack(0x0000007494700000,0x0000007494800000) (1024K)]
  0x0000022bff151960 JavaThread "Thread-6"                   daemon [_thread_in_native, id=18264, stack(0x0000007494800000,0x0000007494900000) (1024K)]
  0x0000022bff155b00 JavaThread "Thread-7"                   daemon [_thread_in_native, id=18936, stack(0x0000007494900000,0x0000007494a00000) (1024K)]
  0x0000022bff157540 JavaThread "Thread-8"                   daemon [_thread_in_native, id=17508, stack(0x0000007494a00000,0x0000007494b00000) (1024K)]
  0x0000022bff156190 JavaThread "Thread-9"                   daemon [_thread_in_native, id=16884, stack(0x0000007494b00000,0x0000007494c00000) (1024K)]
  0x0000022bff152680 JavaThread "pool-2-thread-1"                   [_thread_blocked, id=15540, stack(0x0000007494c00000,0x0000007494d00000) (1024K)]
  0x0000022bff156820 JavaThread "WorkspaceEventsHandler"            [_thread_blocked, id=18356, stack(0x0000007494d00000,0x0000007494e00000) (1024K)]
  0x0000022bd96c1610 JavaThread "pool-1-thread-1"                   [_thread_blocked, id=12804, stack(0x0000007494e00000,0x0000007494f00000) (1024K)]
  0x0000022bd96be820 JavaThread "ForkJoinPool.commonPool-worker-1" daemon [_thread_in_Java, id=18460, stack(0x0000007494f00000,0x0000007495000000) (1024K)]
  0x0000022bd96c0f80 JavaThread "ForkJoinPool.commonPool-worker-2" daemon [_thread_blocked, id=8000, stack(0x0000007495000000,0x0000007495100000) (1024K)]
  0x0000022bd96be190 JavaThread "ForkJoinPool.commonPool-worker-3" daemon [_thread_blocked, id=3772, stack(0x0000007495100000,0x0000007495200000) (1024K)]
  0x0000022bd96c4400 JavaThread "ForkJoinPool.commonPool-worker-4" daemon [_thread_in_native, id=3896, stack(0x0000007495200000,0x0000007495300000) (1024K)]
  0x0000022bd96c1ca0 JavaThread "ForkJoinPool.commonPool-worker-5" daemon [_thread_blocked, id=16452, stack(0x0000007495300000,0x0000007495400000) (1024K)]
  0x0000022bd96c2330 JavaThread "ForkJoinPool.commonPool-worker-6" daemon [_thread_blocked, id=18384, stack(0x0000007495400000,0x0000007495500000) (1024K)]
  0x0000022bd96c4a90 JavaThread "ForkJoinPool.commonPool-worker-7" daemon [_thread_blocked, id=10064, stack(0x0000007495500000,0x0000007495600000) (1024K)]
Total: 44

Other Threads:
  0x0000022bfc9c2530 VMThread "VM Thread"                           [id=580, stack(0x0000007492300000,0x0000007492400000) (1024K)]
  0x0000022bfc8fcb20 WatcherThread "VM Periodic Task Thread"        [id=10528, stack(0x0000007492200000,0x0000007492300000) (1024K)]
  0x0000022bf8f8ddf0 WorkerThread "GC Thread#0"                     [id=17876, stack(0x0000007492100000,0x0000007492200000) (1024K)]
  0x0000022bfe5bca20 WorkerThread "GC Thread#1"                     [id=12332, stack(0x0000007492e00000,0x0000007492f00000) (1024K)]
  0x0000022bfe998cc0 WorkerThread "GC Thread#2"                     [id=12140, stack(0x0000007492f00000,0x0000007493000000) (1024K)]
  0x0000022bfe999060 WorkerThread "GC Thread#3"                     [id=6188, stack(0x0000007493000000,0x0000007493100000) (1024K)]
  0x0000022bfe747d60 WorkerThread "GC Thread#4"                     [id=5104, stack(0x0000007493100000,0x0000007493200000) (1024K)]
  0x0000022bfe748100 WorkerThread "GC Thread#5"                     [id=18080, stack(0x0000007493200000,0x0000007493300000) (1024K)]
  0x0000022bfe9ae360 WorkerThread "GC Thread#6"                     [id=9472, stack(0x0000007493300000,0x0000007493400000) (1024K)]
  0x0000022bfeadd080 WorkerThread "GC Thread#7"                     [id=11508, stack(0x0000007493500000,0x0000007493600000) (1024K)]
Total: 10

Threads with active compile tasks:
C2 CompilerThread0  31024 10357   !   4       org.eclipse.jdt.internal.core.JarPackageFragmentRoot::computeChildren (605 bytes)
Total: 1

VM state: not at safepoint (normal execution)

VM Mutex/Monitor currently owned by a thread: None

Heap address: 0x0000000080000000, size: 2048 MB, Compressed Oops mode: 32-bit

CDS archive(s) mapped at: [0x0000022b93000000-0x0000022b93ba0000-0x0000022b93ba0000), size 12189696, SharedBaseAddress: 0x0000022b93000000, ArchiveRelocationMode: 1.
Compressed class space mapped at: 0x0000022b94000000-0x0000022bd4000000, reserved size: 1073741824
Narrow klass base: 0x0000022b93000000, Narrow klass shift: 0, Narrow klass range: 0x100000000

GC Precious Log:
 CardTable entry size: 512
 CPUs: 8 total, 8 available
 Memory: 3889M
 Large Page Support: Disabled
 NUMA Support: Disabled
 Compressed Oops: Enabled (32-bit)
 Alignments: Space 512K, Generation 512K, Heap 2M
 Heap Min Capacity: 100M
 Heap Initial Capacity: 100M
 Heap Max Capacity: 2G
 Pre-touch: Disabled
 Parallel Workers: 8

Heap:
 PSYoungGen      total 35328K, used 9125K [0x00000000d5580000, 0x00000000d7f80000, 0x0000000100000000)
  eden space 33792K, 22% used [0x00000000d5580000,0x00000000d5cef450,0x00000000d7680000)
  from space 1536K, 100% used [0x00000000d7680000,0x00000000d7800000,0x00000000d7800000)
  to   space 3584K, 0% used [0x00000000d7c00000,0x00000000d7c00000,0x00000000d7f80000)
 ParOldGen       total 150528K, used 121515K [0x0000000080000000, 0x0000000089300000, 0x00000000d5580000)
  object space 150528K, 80% used [0x0000000080000000,0x00000000876aaf98,0x0000000089300000)
 Metaspace       used 62060K, committed 63616K, reserved 1114112K
  class space    used 6606K, committed 7232K, reserved 1048576K

Card table byte_map: [0x0000022bf8910000,0x0000022bf8d20000] _byte_map_base: 0x0000022bf8510000

Marking Bits: (ParMarkBitMap*) 0x00007ffcb9612460
 Begin Bits: [0x0000022b8f000000, 0x0000022b91000000)
 End Bits:   [0x0000022b91000000, 0x0000022b93000000)

Polling page: 0x0000022bf6e30000

Metaspace:

Usage:
  Non-class:     54.15 MB used.
      Class:      6.45 MB used.
       Both:     60.61 MB used.

Virtual space:
  Non-class space:       64.00 MB reserved,      55.06 MB ( 86%) committed,  1 nodes.
      Class space:        1.00 GB reserved,       7.06 MB ( <1%) committed,  1 nodes.
             Both:        1.06 GB reserved,      62.13 MB (  6%) committed. 

Chunk freelists:
   Non-Class:  8.36 MB
       Class:  8.88 MB
        Both:  17.24 MB

MaxMetaspaceSize: unlimited
CompressedClassSpaceSize: 1.00 GB
Initial GC threshold: 21.00 MB
Current GC threshold: 100.94 MB
CDS: on
 - commit_granule_bytes: 65536.
 - commit_granule_words: 8192.
 - virtual_space_node_default_size: 8388608.
 - enlarge_chunks_in_place: 1.
 - use_allocation_guard: 0.


Internal statistics:

num_allocs_failed_limit: 9.
num_arena_births: 1206.
num_arena_deaths: 22.
num_vsnodes_births: 2.
num_vsnodes_deaths: 0.
num_space_committed: 994.
num_space_uncommitted: 0.
num_chunks_returned_to_freelist: 32.
num_chunks_taken_from_freelist: 4081.
num_chunk_merges: 14.
num_chunk_splits: 2537.
num_chunks_enlarged: 1471.
num_inconsistent_stats: 0.

CodeHeap 'non-profiled nmethods': size=120000Kb used=3668Kb max_used=3869Kb free=116331Kb
 bounds [0x0000022b87ad0000, 0x0000022b87ea0000, 0x0000022b8f000000]
CodeHeap 'profiled nmethods': size=120000Kb used=18230Kb max_used=19734Kb free=101769Kb
 bounds [0x0000022b80000000, 0x0000022b81350000, 0x0000022b87530000]
CodeHeap 'non-nmethods': size=5760Kb used=1423Kb max_used=1478Kb free=4336Kb
 bounds [0x0000022b87530000, 0x0000022b877a0000, 0x0000022b87ad0000]
CodeCache: size=245760Kb, used=23321Kb, max_used=25081Kb, free=222436Kb
 total_blobs=9698, nmethods=8958, adapters=646, full_count=0
Compilation: enabled, stopped_count=0, restarted_count=0

Compilation events (20 events):
Event: 30.866 Thread 0x0000022bfc9f5ab0 10636       2       org.eclipse.jdt.internal.core.search.matching.JavaSearchNameEnvironment::indexPackageNames (117 bytes)
Event: 30.876 Thread 0x0000022bfc9f5ab0 nmethod 10636 0x0000022b803f7710 code [0x0000022b803f7940, 0x0000022b803f7ea0]
Event: 30.876 Thread 0x0000022bfc9f5ab0 10637  s    2       sun.nio.ch.ChannelInputStream::read (77 bytes)
Event: 30.884 Thread 0x0000022bfc9f5ab0 nmethod 10637 0x0000022b81048e10 code [0x0000022b81049000, 0x0000022b81049418]
Event: 30.887 Thread 0x0000022bfc9f5ab0 10638       3       org.eclipse.jdt.internal.core.JavaElement::getElementInfo (18 bytes)
Event: 30.887 Thread 0x0000022bfc9f5ab0 nmethod 10638 0x0000022b80429e90 code [0x0000022b8042a060, 0x0000022b8042a308]
Event: 30.890 Thread 0x0000022bfc9f5ab0 10639       2       java.lang.invoke.MethodHandles::argumentsWithCombinerChecks (197 bytes)
Event: 30.893 Thread 0x0000022bfc9f5ab0 nmethod 10639 0x0000022b80988f90 code [0x0000022b80989280, 0x0000022b80989b38]
Event: 30.900 Thread 0x0000022bfc9f5ab0 10640       3       org.eclipse.jdt.internal.core.JavaModelManager::getOption (113 bytes)
Event: 30.903 Thread 0x0000022bfc9f5ab0 nmethod 10640 0x0000022b80161f10 code [0x0000022b801622e0, 0x0000022b80163990]
Event: 30.903 Thread 0x0000022bfc9f5ab0 10642       1       org.apache.maven.artifact.DefaultArtifact::getScope (5 bytes)
Event: 30.904 Thread 0x0000022bfc9f5ab0 nmethod 10642 0x0000022b87b60b90 code [0x0000022b87b60d20, 0x0000022b87b60de8]
Event: 30.904 Thread 0x0000022bfc9f5ab0 10641       2       org.apache.maven.artifact.DefaultArtifact::getBaseVersion (27 bytes)
Event: 30.904 Thread 0x0000022bfc9f5ab0 nmethod 10641 0x0000022b80429910 code [0x0000022b80429ac0, 0x0000022b80429c28]
Event: 30.914 Thread 0x0000022bfc9f5ab0 10643       2       java.lang.Class::getMethod0 (31 bytes)
Event: 30.915 Thread 0x0000022bfc9f5ab0 nmethod 10643 0x0000022b8045a790 code [0x0000022b8045a940, 0x0000022b8045aac0]
Event: 30.926 Thread 0x0000022bfc9f5ab0 10644   !   3       org.eclipse.osgi.storage.bundlefile.CloseableBundleFile::lockOpen (113 bytes)
Event: 30.930 Thread 0x0000022bfc9f5ab0 nmethod 10644 0x0000022b80956010 code [0x0000022b809562e0, 0x0000022b80957560]
Event: 30.931 Thread 0x0000022bfc9f5ab0 10645       2       org.eclipse.jdt.internal.compiler.classfmt.MethodInfo::getSelector (49 bytes)
Event: 30.931 Thread 0x0000022bfc9f5ab0 nmethod 10645 0x0000022b8045a090 code [0x0000022b8045a260, 0x0000022b8045a538]

GC Heap History (20 events):
Event: 30.146 GC heap before
{Heap before GC invocations=220 (full 4):
 PSYoungGen      total 23040K, used 22816K [0x00000000d5580000, 0x00000000d6f80000, 0x0000000100000000)
  eden space 21504K, 100% used [0x00000000d5580000,0x00000000d6a80000,0x00000000d6a80000)
  from space 1536K, 85% used [0x00000000d6a80000,0x00000000d6bc8000,0x00000000d6c00000)
  to   space 1536K, 0% used [0x00000000d6e00000,0x00000000d6e00000,0x00000000d6f80000)
 ParOldGen       total 150528K, used 118173K [0x0000000080000000, 0x0000000089300000, 0x00000000d5580000)
  object space 150528K, 78% used [0x0000000080000000,0x0000000087367738,0x0000000089300000)
 Metaspace       used 60821K, committed 62336K, reserved 1114112K
  class space    used 6467K, committed 7104K, reserved 1048576K
}
Event: 30.149 GC heap after
{Heap after GC invocations=220 (full 4):
 PSYoungGen      total 25088K, used 1472K [0x00000000d5580000, 0x00000000d6f80000, 0x0000000100000000)
  eden space 23552K, 0% used [0x00000000d5580000,0x00000000d5580000,0x00000000d6c80000)
  from space 1536K, 95% used [0x00000000d6e00000,0x00000000d6f70000,0x00000000d6f80000)
  to   space 1536K, 0% used [0x00000000d6c80000,0x00000000d6c80000,0x00000000d6e00000)
 ParOldGen       total 150528K, used 118173K [0x0000000080000000, 0x0000000089300000, 0x00000000d5580000)
  object space 150528K, 78% used [0x0000000080000000,0x0000000087367738,0x0000000089300000)
 Metaspace       used 60821K, committed 62336K, reserved 1114112K
  class space    used 6467K, committed 7104K, reserved 1048576K
}
Event: 30.174 GC heap before
{Heap before GC invocations=221 (full 4):
 PSYoungGen      total 25088K, used 25024K [0x00000000d5580000, 0x00000000d6f80000, 0x0000000100000000)
  eden space 23552K, 100% used [0x00000000d5580000,0x00000000d6c80000,0x00000000d6c80000)
  from space 1536K, 95% used [0x00000000d6e00000,0x00000000d6f70000,0x00000000d6f80000)
  to   space 1536K, 0% used [0x00000000d6c80000,0x00000000d6c80000,0x00000000d6e00000)
 ParOldGen       total 150528K, used 118173K [0x0000000080000000, 0x0000000089300000, 0x00000000d5580000)
  object space 150528K, 78% used [0x0000000080000000,0x0000000087367738,0x0000000089300000)
 Metaspace       used 60830K, committed 62336K, reserved 1114112K
  class space    used 6467K, committed 7104K, reserved 1048576K
}
Event: 30.178 GC heap after
{Heap after GC invocations=221 (full 4):
 PSYoungGen      total 25088K, used 1536K [0x00000000d5580000, 0x00000000d7280000, 0x0000000100000000)
  eden space 23552K, 0% used [0x00000000d5580000,0x00000000d5580000,0x00000000d6c80000)
  from space 1536K, 100% used [0x00000000d6c80000,0x00000000d6e00000,0x00000000d6e00000)
  to   space 2048K, 0% used [0x00000000d7080000,0x00000000d7080000,0x00000000d7280000)
 ParOldGen       total 150528K, used 118269K [0x0000000080000000, 0x0000000089300000, 0x00000000d5580000)
  object space 150528K, 78% used [0x0000000080000000,0x000000008737f738,0x0000000089300000)
 Metaspace       used 60830K, committed 62336K, reserved 1114112K
  class space    used 6467K, committed 7104K, reserved 1048576K
}
Event: 30.199 GC heap before
{Heap before GC invocations=222 (full 4):
 PSYoungGen      total 25088K, used 25088K [0x00000000d5580000, 0x00000000d7280000, 0x0000000100000000)
  eden space 23552K, 100% used [0x00000000d5580000,0x00000000d6c80000,0x00000000d6c80000)
  from space 1536K, 100% used [0x00000000d6c80000,0x00000000d6e00000,0x00000000d6e00000)
  to   space 2048K, 0% used [0x00000000d7080000,0x00000000d7080000,0x00000000d7280000)
 ParOldGen       total 150528K, used 118269K [0x0000000080000000, 0x0000000089300000, 0x00000000d5580000)
  object space 150528K, 78% used [0x0000000080000000,0x000000008737f738,0x0000000089300000)
 Metaspace       used 60834K, committed 62336K, reserved 1114112K
  class space    used 6467K, committed 7104K, reserved 1048576K
}
Event: 30.203 GC heap after
{Heap after GC invocations=222 (full 4):
 PSYoungGen      total 27648K, used 1632K [0x00000000d5580000, 0x00000000d7280000, 0x0000000100000000)
  eden space 25600K, 0% used [0x00000000d5580000,0x00000000d5580000,0x00000000d6e80000)
  from space 2048K, 79% used [0x00000000d7080000,0x00000000d7218000,0x00000000d7280000)
  to   space 2048K, 0% used [0x00000000d6e80000,0x00000000d6e80000,0x00000000d7080000)
 ParOldGen       total 150528K, used 118689K [0x0000000080000000, 0x0000000089300000, 0x00000000d5580000)
  object space 150528K, 78% used [0x0000000080000000,0x00000000873e8748,0x0000000089300000)
 Metaspace       used 60834K, committed 62336K, reserved 1114112K
  class space    used 6467K, committed 7104K, reserved 1048576K
}
Event: 30.228 GC heap before
{Heap before GC invocations=223 (full 4):
 PSYoungGen      total 27648K, used 27232K [0x00000000d5580000, 0x00000000d7280000, 0x0000000100000000)
  eden space 25600K, 100% used [0x00000000d5580000,0x00000000d6e80000,0x00000000d6e80000)
  from space 2048K, 79% used [0x00000000d7080000,0x00000000d7218000,0x00000000d7280000)
  to   space 2048K, 0% used [0x00000000d6e80000,0x00000000d6e80000,0x00000000d7080000)
 ParOldGen       total 150528K, used 118689K [0x0000000080000000, 0x0000000089300000, 0x00000000d5580000)
  object space 150528K, 78% used [0x0000000080000000,0x00000000873e8748,0x0000000089300000)
 Metaspace       used 60844K, committed 62400K, reserved 1114112K
  class space    used 6467K, committed 7104K, reserved 1048576K
}
Event: 30.232 GC heap after
{Heap after GC invocations=223 (full 4):
 PSYoungGen      total 27648K, used 2048K [0x00000000d5580000, 0x00000000d7580000, 0x0000000100000000)
  eden space 25600K, 0% used [0x00000000d5580000,0x00000000d5580000,0x00000000d6e80000)
  from space 2048K, 100% used [0x00000000d6e80000,0x00000000d7080000,0x00000000d7080000)
  to   space 2560K, 0% used [0x00000000d7300000,0x00000000d7300000,0x00000000d7580000)
 ParOldGen       total 150528K, used 118761K [0x0000000080000000, 0x0000000089300000, 0x00000000d5580000)
  object space 150528K, 78% used [0x0000000080000000,0x00000000873fa748,0x0000000089300000)
 Metaspace       used 60844K, committed 62400K, reserved 1114112K
  class space    used 6467K, committed 7104K, reserved 1048576K
}
Event: 30.265 GC heap before
{Heap before GC invocations=224 (full 4):
 PSYoungGen      total 27648K, used 27648K [0x00000000d5580000, 0x00000000d7580000, 0x0000000100000000)
  eden space 25600K, 100% used [0x00000000d5580000,0x00000000d6e80000,0x00000000d6e80000)
  from space 2048K, 100% used [0x00000000d6e80000,0x00000000d7080000,0x00000000d7080000)
  to   space 2560K, 0% used [0x00000000d7300000,0x00000000d7300000,0x00000000d7580000)
 ParOldGen       total 150528K, used 118761K [0x0000000080000000, 0x0000000089300000, 0x00000000d5580000)
  object space 150528K, 78% used [0x0000000080000000,0x00000000873fa748,0x0000000089300000)
 Metaspace       used 60851K, committed 62400K, reserved 1114112K
  class space    used 6467K, committed 7104K, reserved 1048576K
}
Event: 30.269 GC heap after
{Heap after GC invocations=224 (full 4):
 PSYoungGen      total 29184K, used 1152K [0x00000000d5580000, 0x00000000d7480000, 0x0000000100000000)
  eden space 27648K, 0% used [0x00000000d5580000,0x00000000d5580000,0x00000000d7080000)
  from space 1536K, 75% used [0x00000000d7300000,0x00000000d7420000,0x00000000d7480000)
  to   space 1536K, 0% used [0x00000000d7180000,0x00000000d7180000,0x00000000d7300000)
 ParOldGen       total 150528K, used 119113K [0x0000000080000000, 0x0000000089300000, 0x00000000d5580000)
  object space 150528K, 79% used [0x0000000080000000,0x0000000087452748,0x0000000089300000)
 Metaspace       used 60851K, committed 62400K, reserved 1114112K
  class space    used 6467K, committed 7104K, reserved 1048576K
}
Event: 30.290 GC heap before
{Heap before GC invocations=225 (full 4):
 PSYoungGen      total 29184K, used 28800K [0x00000000d5580000, 0x00000000d7480000, 0x0000000100000000)
  eden space 27648K, 100% used [0x00000000d5580000,0x00000000d7080000,0x00000000d7080000)
  from space 1536K, 75% used [0x00000000d7300000,0x00000000d7420000,0x00000000d7480000)
  to   space 1536K, 0% used [0x00000000d7180000,0x00000000d7180000,0x00000000d7300000)
 ParOldGen       total 150528K, used 119113K [0x0000000080000000, 0x0000000089300000, 0x00000000d5580000)
  object space 150528K, 79% used [0x0000000080000000,0x0000000087452748,0x0000000089300000)
 Metaspace       used 60851K, committed 62400K, reserved 1114112K
  class space    used 6467K, committed 7104K, reserved 1048576K
}
Event: 30.293 GC heap after
{Heap after GC invocations=225 (full 4):
 PSYoungGen      total 30208K, used 1536K [0x00000000d5580000, 0x00000000d7700000, 0x0000000100000000)
  eden space 28672K, 0% used [0x00000000d5580000,0x00000000d5580000,0x00000000d7180000)
  from space 1536K, 100% used [0x00000000d7180000,0x00000000d7300000,0x00000000d7300000)
  to   space 2048K, 0% used [0x00000000d7500000,0x00000000d7500000,0x00000000d7700000)
 ParOldGen       total 150528K, used 119361K [0x0000000080000000, 0x0000000089300000, 0x00000000d5580000)
  object space 150528K, 79% used [0x0000000080000000,0x0000000087490748,0x0000000089300000)
 Metaspace       used 60851K, committed 62400K, reserved 1114112K
  class space    used 6467K, committed 7104K, reserved 1048576K
}
Event: 30.324 GC heap before
{Heap before GC invocations=226 (full 4):
 PSYoungGen      total 30208K, used 30208K [0x00000000d5580000, 0x00000000d7700000, 0x0000000100000000)
  eden space 28672K, 100% used [0x00000000d5580000,0x00000000d7180000,0x00000000d7180000)
  from space 1536K, 100% used [0x00000000d7180000,0x00000000d7300000,0x00000000d7300000)
  to   space 2048K, 0% used [0x00000000d7500000,0x00000000d7500000,0x00000000d7700000)
 ParOldGen       total 150528K, used 119361K [0x0000000080000000, 0x0000000089300000, 0x00000000d5580000)
  object space 150528K, 79% used [0x0000000080000000,0x0000000087490748,0x0000000089300000)
 Metaspace       used 60851K, committed 62400K, reserved 1114112K
  class space    used 6467K, committed 7104K, reserved 1048576K
}
Event: 30.327 GC heap after
{Heap after GC invocations=226 (full 4):
 PSYoungGen      total 32768K, used 1282K [0x00000000d5580000, 0x00000000d7700000, 0x0000000100000000)
  eden space 30720K, 0% used [0x00000000d5580000,0x00000000d5580000,0x00000000d7380000)
  from space 2048K, 62% used [0x00000000d7500000,0x00000000d7640800,0x00000000d7700000)
  to   space 1536K, 0% used [0x00000000d7380000,0x00000000d7380000,0x00000000d7500000)
 ParOldGen       total 150528K, used 119537K [0x0000000080000000, 0x0000000089300000, 0x00000000d5580000)
  object space 150528K, 79% used [0x0000000080000000,0x00000000874bc748,0x0000000089300000)
 Metaspace       used 60851K, committed 62400K, reserved 1114112K
  class space    used 6467K, committed 7104K, reserved 1048576K
}
Event: 30.351 GC heap before
{Heap before GC invocations=227 (full 4):
 PSYoungGen      total 32768K, used 32002K [0x00000000d5580000, 0x00000000d7700000, 0x0000000100000000)
  eden space 30720K, 100% used [0x00000000d5580000,0x00000000d7380000,0x00000000d7380000)
  from space 2048K, 62% used [0x00000000d7500000,0x00000000d7640800,0x00000000d7700000)
  to   space 1536K, 0% used [0x00000000d7380000,0x00000000d7380000,0x00000000d7500000)
 ParOldGen       total 150528K, used 119537K [0x0000000080000000, 0x0000000089300000, 0x00000000d5580000)
  object space 150528K, 79% used [0x0000000080000000,0x00000000874bc748,0x0000000089300000)
 Metaspace       used 60851K, committed 62400K, reserved 1114112K
  class space    used 6467K, committed 7104K, reserved 1048576K
}
Event: 30.355 GC heap after
{Heap after GC invocations=227 (full 4):
 PSYoungGen      total 32256K, used 1536K [0x00000000d5580000, 0x00000000d7a00000, 0x0000000100000000)
  eden space 30720K, 0% used [0x00000000d5580000,0x00000000d5580000,0x00000000d7380000)
  from space 1536K, 100% used [0x00000000d7380000,0x00000000d7500000,0x00000000d7500000)
  to   space 2048K, 0% used [0x00000000d7800000,0x00000000d7800000,0x00000000d7a00000)
 ParOldGen       total 150528K, used 119707K [0x0000000080000000, 0x0000000089300000, 0x00000000d5580000)
  object space 150528K, 79% used [0x0000000080000000,0x00000000874e6f48,0x0000000089300000)
 Metaspace       used 60851K, committed 62400K, reserved 1114112K
  class space    used 6467K, committed 7104K, reserved 1048576K
}
Event: 30.404 GC heap before
{Heap before GC invocations=228 (full 4):
 PSYoungGen      total 32256K, used 32256K [0x00000000d5580000, 0x00000000d7a00000, 0x0000000100000000)
  eden space 30720K, 100% used [0x00000000d5580000,0x00000000d7380000,0x00000000d7380000)
  from space 1536K, 100% used [0x00000000d7380000,0x00000000d7500000,0x00000000d7500000)
  to   space 2048K, 0% used [0x00000000d7800000,0x00000000d7800000,0x00000000d7a00000)
 ParOldGen       total 150528K, used 119707K [0x0000000080000000, 0x0000000089300000, 0x00000000d5580000)
  object space 150528K, 79% used [0x0000000080000000,0x00000000874e6f48,0x0000000089300000)
 Metaspace       used 60852K, committed 62400K, reserved 1114112K
  class space    used 6467K, committed 7104K, reserved 1048576K
}
Event: 30.409 GC heap after
{Heap after GC invocations=228 (full 4):
 PSYoungGen      total 34816K, used 1216K [0x00000000d5580000, 0x00000000d7980000, 0x0000000100000000)
  eden space 33280K, 0% used [0x00000000d5580000,0x00000000d5580000,0x00000000d7600000)
  from space 1536K, 79% used [0x00000000d7800000,0x00000000d7930000,0x00000000d7980000)
  to   space 1536K, 0% used [0x00000000d7680000,0x00000000d7680000,0x00000000d7800000)
 ParOldGen       total 150528K, used 119971K [0x0000000080000000, 0x0000000089300000, 0x00000000d5580000)
  object space 150528K, 79% used [0x0000000080000000,0x0000000087528f58,0x0000000089300000)
 Metaspace       used 60852K, committed 62400K, reserved 1114112K
  class space    used 6467K, committed 7104K, reserved 1048576K
}
Event: 30.815 GC heap before
{Heap before GC invocations=229 (full 4):
 PSYoungGen      total 34816K, used 34496K [0x00000000d5580000, 0x00000000d7980000, 0x0000000100000000)
  eden space 33280K, 100% used [0x00000000d5580000,0x00000000d7600000,0x00000000d7600000)
  from space 1536K, 79% used [0x00000000d7800000,0x00000000d7930000,0x00000000d7980000)
  to   space 1536K, 0% used [0x00000000d7680000,0x00000000d7680000,0x00000000d7800000)
 ParOldGen       total 150528K, used 119971K [0x0000000080000000, 0x0000000089300000, 0x00000000d5580000)
  object space 150528K, 79% used [0x0000000080000000,0x0000000087528f58,0x0000000089300000)
 Metaspace       used 61653K, committed 63168K, reserved 1114112K
  class space    used 6563K, committed 7168K, reserved 1048576K
}
Event: 30.844 GC heap after
{Heap after GC invocations=229 (full 4):
 PSYoungGen      total 35328K, used 1536K [0x00000000d5580000, 0x00000000d7f80000, 0x0000000100000000)
  eden space 33792K, 0% used [0x00000000d5580000,0x00000000d5580000,0x00000000d7680000)
  from space 1536K, 100% used [0x00000000d7680000,0x00000000d7800000,0x00000000d7800000)
  to   space 3584K, 0% used [0x00000000d7c00000,0x00000000d7c00000,0x00000000d7f80000)
 ParOldGen       total 150528K, used 121515K [0x0000000080000000, 0x0000000089300000, 0x00000000d5580000)
  object space 150528K, 80% used [0x0000000080000000,0x00000000876aaf98,0x0000000089300000)
 Metaspace       used 61653K, committed 63168K, reserved 1114112K
  class space    used 6563K, committed 7168K, reserved 1048576K
}

Dll operation events (10 events):
Event: 0.011 Loaded shared library c:\Users\Administrator\.vscode\extensions\redhat.java-1.51.0-win32-x64\jre\21.0.9-win32-x86_64\bin\java.dll
Event: 0.103 Loaded shared library c:\Users\Administrator\.vscode\extensions\redhat.java-1.51.0-win32-x64\jre\21.0.9-win32-x86_64\bin\zip.dll
Event: 0.134 Loaded shared library C:\Users\Administrator\.vscode\extensions\redhat.java-1.51.0-win32-x64\jre\21.0.9-win32-x86_64\bin\instrument.dll
Event: 0.141 Loaded shared library C:\Users\Administrator\.vscode\extensions\redhat.java-1.51.0-win32-x64\jre\21.0.9-win32-x86_64\bin\net.dll
Event: 0.145 Loaded shared library C:\Users\Administrator\.vscode\extensions\redhat.java-1.51.0-win32-x64\jre\21.0.9-win32-x86_64\bin\nio.dll
Event: 0.150 Loaded shared library C:\Users\Administrator\.vscode\extensions\redhat.java-1.51.0-win32-x64\jre\21.0.9-win32-x86_64\bin\zip.dll
Event: 0.175 Loaded shared library C:\Users\Administrator\.vscode\extensions\redhat.java-1.51.0-win32-x64\jre\21.0.9-win32-x86_64\bin\jimage.dll
Event: 0.293 Loaded shared library c:\Users\Administrator\.vscode\extensions\redhat.java-1.51.0-win32-x64\jre\21.0.9-win32-x86_64\bin\verify.dll
Event: 3.095 Loaded shared library C:\Users\Administrator\AppData\Roaming\Code\User\globalStorage\redhat.java\1.51.0\config_win\org.eclipse.equinox.launcher\org.eclipse.equinox.launcher.win32.win32.x86_64_1.2.1400.v20250801-0854\eclipse_11916.dll
Event: 6.130 Loaded shared library C:\Users\Administrator\AppData\Local\Temp\jna-146731693\jna14954339270925668687.dll

Deoptimization events (20 events):
Event: 30.604 Thread 0x0000022bff153a30 Uncommon trap: trap_request=0xffffff45 fr.pc=0x0000022b87cc540c relative=0x000000000000006c
Event: 30.604 Thread 0x0000022bff153a30 Uncommon trap: reason=unstable_if action=reinterpret pc=0x0000022b87cc540c method=java.lang.Thread.getContextClassLoader()Ljava/lang/ClassLoader; @ 6 c2
Event: 30.604 Thread 0x0000022bff153a30 DEOPT PACKING pc=0x0000022b87cc540c sp=0x0000007493dfe4f0
Event: 30.604 Thread 0x0000022bff153a30 DEOPT UNPACKING pc=0x0000022b87583aa2 sp=0x0000007493dfe478 mode 2
Event: 30.654 Thread 0x0000022bff158260 Uncommon trap: trap_request=0xffffff45 fr.pc=0x0000022b87c45404 relative=0x0000000000000504
Event: 30.654 Thread 0x0000022bff158260 Uncommon trap: reason=unstable_if action=reinterpret pc=0x0000022b87c45404 method=java.util.concurrent.locks.ReentrantLock$Sync.lock()V @ 4 c2
Event: 30.654 Thread 0x0000022bff158260 DEOPT PACKING pc=0x0000022b87c45404 sp=0x00000074942fcff0
Event: 30.654 Thread 0x0000022bff158260 DEOPT UNPACKING pc=0x0000022b87583aa2 sp=0x00000074942fcef0 mode 2
Event: 30.673 Thread 0x0000022bff158260 Uncommon trap: trap_request=0xffffffde fr.pc=0x0000022b87d499d4 relative=0x00000000000000b4
Event: 30.674 Thread 0x0000022bff158260 Uncommon trap: reason=class_check action=maybe_recompile pc=0x0000022b87d499d4 method=jdk.internal.util.StrongReferenceKey.equals(Ljava/lang/Object;)Z @ 1 c2
Event: 30.674 Thread 0x0000022bff158260 DEOPT PACKING pc=0x0000022b87d499d4 sp=0x00000074942fd0c0
Event: 30.674 Thread 0x0000022bff158260 DEOPT UNPACKING pc=0x0000022b87583aa2 sp=0x00000074942fd048 mode 2
Event: 30.711 Thread 0x0000022bff158260 Uncommon trap: trap_request=0xffffffde fr.pc=0x0000022b87d499d4 relative=0x00000000000000b4
Event: 30.711 Thread 0x0000022bff158260 Uncommon trap: reason=class_check action=maybe_recompile pc=0x0000022b87d499d4 method=jdk.internal.util.StrongReferenceKey.equals(Ljava/lang/Object;)Z @ 1 c2
Event: 30.711 Thread 0x0000022bff158260 DEOPT PACKING pc=0x0000022b87d499d4 sp=0x00000074942fcf10
Event: 30.711 Thread 0x0000022bff158260 DEOPT UNPACKING pc=0x0000022b87583aa2 sp=0x00000074942fce98 mode 2
Event: 30.891 Thread 0x0000022bff158260 Uncommon trap: trap_request=0xffffffde fr.pc=0x0000022b87d499d4 relative=0x00000000000000b4
Event: 30.891 Thread 0x0000022bff158260 Uncommon trap: reason=class_check action=maybe_recompile pc=0x0000022b87d499d4 method=jdk.internal.util.StrongReferenceKey.equals(Ljava/lang/Object;)Z @ 1 c2
Event: 30.891 Thread 0x0000022bff158260 DEOPT PACKING pc=0x0000022b87d499d4 sp=0x00000074942fbf60
Event: 30.891 Thread 0x0000022bff158260 DEOPT UNPACKING pc=0x0000022b87583aa2 sp=0x00000074942fbee8 mode 2

Classes loaded (20 events):
Event: 24.347 Loading class com/sun/crypto/provider/PKCS5Padding
Event: 24.347 Loading class com/sun/crypto/provider/Padding
Event: 24.347 Loading class com/sun/crypto/provider/Padding done
Event: 24.347 Loading class com/sun/crypto/provider/PKCS5Padding done
Event: 24.347 Loading class com/sun/crypto/provider/CipherBlockChaining
Event: 24.348 Loading class com/sun/crypto/provider/CipherBlockChaining done
Event: 24.349 Loading class javax/crypto/NullCipher
Event: 24.349 Loading class javax/crypto/NullCipher done
Event: 24.349 Loading class sun/security/util/ArrayUtil
Event: 24.350 Loading class sun/security/util/ArrayUtil done
Event: 24.493 Loading class java/util/zip/CheckedInputStream
Event: 24.494 Loading class java/util/zip/CheckedInputStream done
Event: 24.671 Loading class java/util/zip/GZIPInputStream$1
Event: 24.671 Loading class java/util/zip/GZIPInputStream$1 done
Event: 28.251 Loading class sun/nio/cs/ISO_8859_1$Decoder
Event: 28.251 Loading class sun/nio/cs/ISO_8859_1$Decoder done
Event: 30.683 Loading class java/util/stream/ReduceOps$4
Event: 30.684 Loading class java/util/stream/ReduceOps$4 done
Event: 30.684 Loading class java/util/stream/ReduceOps$4ReducingSink
Event: 30.684 Loading class java/util/stream/ReduceOps$4ReducingSink done

Classes unloaded (11 events):
Event: 7.866 Thread 0x0000022bfc9c2530 Unloading class 0x0000022b941a5000 'java/lang/invoke/LambdaForm$MH+0x0000022b941a5000'
Event: 7.866 Thread 0x0000022bfc9c2530 Unloading class 0x0000022b941a4c00 'java/lang/invoke/LambdaForm$MH+0x0000022b941a4c00'
Event: 7.866 Thread 0x0000022bfc9c2530 Unloading class 0x0000022b941a4800 'java/lang/invoke/LambdaForm$MH+0x0000022b941a4800'
Event: 7.866 Thread 0x0000022bfc9c2530 Unloading class 0x0000022b941a4400 'java/lang/invoke/LambdaForm$MH+0x0000022b941a4400'
Event: 7.866 Thread 0x0000022bfc9c2530 Unloading class 0x0000022b941a4000 'java/lang/invoke/LambdaForm$BMH+0x0000022b941a4000'
Event: 7.866 Thread 0x0000022bfc9c2530 Unloading class 0x0000022b941a3c00 'java/lang/invoke/LambdaForm$DMH+0x0000022b941a3c00'
Event: 7.866 Thread 0x0000022bfc9c2530 Unloading class 0x0000022b941a2800 'java/lang/invoke/LambdaForm$DMH+0x0000022b941a2800'
Event: 28.497 Thread 0x0000022bfc9c2530 Unloading class 0x0000022b946f8400 'java/lang/invoke/LambdaForm$DMH+0x0000022b946f8400'
Event: 28.497 Thread 0x0000022bfc9c2530 Unloading class 0x0000022b946f8000 'java/lang/invoke/LambdaForm$DMH+0x0000022b946f8000'
Event: 28.497 Thread 0x0000022bfc9c2530 Unloading class 0x0000022b946f1c00 'java/lang/invoke/LambdaForm$DMH+0x0000022b946f1c00'
Event: 28.497 Thread 0x0000022bfc9c2530 Unloading class 0x0000022b946f1800 'java/lang/invoke/LambdaForm$DMH+0x0000022b946f1800'

Classes redefined (0 events):
No events

Internal exceptions (20 events):
Event: 24.206 Thread 0x0000022bff154de0 Exception <a 'sun/nio/fs/WindowsException'{0x00000000d6769f00}> (0x00000000d6769f00) 
thrown [s\src\hotspot\share\prims\jni.cpp, line 520]
Event: 24.207 Thread 0x0000022bff154de0 Exception <a 'sun/nio/fs/WindowsException'{0x00000000d676a4b0}> (0x00000000d676a4b0) 
thrown [s\src\hotspot\share\prims\jni.cpp, line 520]
Event: 24.213 Thread 0x0000022bff154de0 Exception <a 'sun/nio/fs/WindowsException'{0x00000000d682a230}> (0x00000000d682a230) 
thrown [s\src\hotspot\share\prims\jni.cpp, line 520]
Event: 24.213 Thread 0x0000022bff154de0 Exception <a 'sun/nio/fs/WindowsException'{0x00000000d682a7e0}> (0x00000000d682a7e0) 
thrown [s\src\hotspot\share\prims\jni.cpp, line 520]
Event: 24.220 Thread 0x0000022bd96c4a90 Exception <a 'java/lang/NoSuchMethodError'{0x00000000d68cb248}: 'java.lang.Object java.lang.invoke.DirectMethodHandle$Holder.invokeStaticInit(java.lang.Object, java.lang.Object, java.lang.Object)'> (0x00000000d68cb248) 
thrown [s\src\hotspot\share\interpreter\linkResolver.cpp, line 773]
Event: 24.271 Thread 0x0000022bff154de0 Exception <a 'java/lang/NoSuchMethodError'{0x00000000d580c8e0}: method resolution failed> (0x00000000d580c8e0) 
thrown [s\src\hotspot\share\prims\methodHandles.cpp, line 1136]
Event: 24.297 Thread 0x0000022bd96c29c0 Exception <a 'sun/nio/fs/WindowsException'{0x00000000d5c34810}> (0x00000000d5c34810) 
thrown [s\src\hotspot\share\prims\jni.cpp, line 520]
Event: 27.291 Thread 0x0000022bd96be820 Exception <a 'java/lang/IncompatibleClassChangeError'{0x00000000d5783cc8}: Found class java.lang.Object, but interface was expected> (0x00000000d5783cc8) 
thrown [s\src\hotspot\share\interpreter\linkResolver.cpp, line 840]
Event: 27.308 Thread 0x0000022bd96c0f80 Exception <a 'java/lang/IncompatibleClassChangeError'{0x00000000d56fd2f0}: Found class java.lang.Object, but interface was expected> (0x00000000d56fd2f0) 
thrown [s\src\hotspot\share\interpreter\linkResolver.cpp, line 840]
Event: 27.892 Thread 0x0000022bff153a30 Exception <a 'java/lang/NoSuchMethodError'{0x00000000d5916db0}: 'void java.lang.invoke.DirectMethodHandle$Holder.invokeInterface(java.lang.Object, java.lang.Object)'> (0x00000000d5916db0) 
thrown [s\src\hotspot\share\interpreter\linkResolver.cpp, line 773]
Event: 27.946 Thread 0x0000022bd96bf540 Exception <a 'java/lang/NoSuchMethodError'{0x00000000d589a1b0}: 'void java.lang.invoke.DirectMethodHandle$Holder.invokeSpecial(java.lang.Object, java.lang.Object, java.lang.Object, java.lang.Object, java.lang.Object, java.lang.Object, java.lang.Object, java.lang.Object)'> (0x00000000d589a1b0) 
thrown [s\src\hotspot\share\interpreter\linkResolver.cpp, line 773]
Event: 27.948 Thread 0x0000022bd96bfbd0 Exception <a 'java/lang/NoSuchMethodError'{0x00000000d55b20b0}: 'void java.lang.invoke.DirectMethodHandle$Holder.invokeSpecial(java.lang.Object, java.lang.Object, java.lang.Object, java.lang.Object, java.lang.Object, java.lang.Object, java.lang.Object, java.lang.Object)'> (0x00000000d55b20b0) 
thrown [s\src\hotspot\share\interpreter\linkResolver.cpp, line 773]
Event: 27.957 Thread 0x0000022bd96c57b0 Implicit null exception at 0x0000022b87c5d989 to 0x0000022b87c5da9c
Event: 27.958 Thread 0x0000022bd96c57b0 Exception <a 'java/lang/NoSuchMethodError'{0x00000000d55cfd40}: 'void java.lang.invoke.DirectMethodHandle$Holder.invokeSpecial(java.lang.Object, java.lang.Object, java.lang.Object, java.lang.Object, java.lang.Object, java.lang.Object, java.lang.Object, java.lang.Object)'> (0x00000000d55cfd40) 
thrown [s\src\hotspot\share\interpreter\linkResolver.cpp, line 773]
Event: 30.126 Thread 0x0000022bff153a30 Implicit null exception at 0x0000022b87b2b640 to 0x0000022b87b2b6c5
Event: 30.646 Thread 0x0000022bff153a30 Exception <a 'sun/nio/fs/WindowsException'{0x00000000d6d65438}> (0x00000000d6d65438) 
thrown [s\src\hotspot\share\prims\jni.cpp, line 520]
Event: 30.646 Thread 0x0000022bff153a30 Exception <a 'sun/nio/fs/WindowsException'{0x00000000d6d659e8}> (0x00000000d6d659e8) 
thrown [s\src\hotspot\share\prims\jni.cpp, line 520]
Event: 30.714 Thread 0x0000022bd96c0f80 Exception <a 'java/lang/NoSuchMethodError'{0x00000000d7239cd8}: 'int java.lang.invoke.DirectMethodHandle$Holder.invokeSpecialIFC(java.lang.Object, java.lang.Object, java.lang.Object)'> (0x00000000d7239cd8) 
thrown [s\src\hotspot\share\interpreter\linkResolver.cpp, line 773]
Event: 30.716 Thread 0x0000022bd96c4400 Exception <a 'java/lang/NoSuchMethodError'{0x00000000d72cb358}: 'int java.lang.invoke.DirectMethodHandle$Holder.invokeSpecialIFC(java.lang.Object, java.lang.Object, java.lang.Object)'> (0x00000000d72cb358) 
thrown [s\src\hotspot\share\interpreter\linkResolver.cpp, line 773]
Event: 30.717 Thread 0x0000022bff158260 Exception <a 'java/lang/NoSuchMethodError'{0x00000000d711fab0}: 'int java.lang.invoke.DirectMethodHandle$Holder.invokeSpecialIFC(java.lang.Object, java.lang.Object, java.lang.Object)'> (0x00000000d711fab0) 
thrown [s\src\hotspot\share\interpreter\linkResolver.cpp, line 773]

ZGC Phase Switch (0 events):
No events

VM Operations (20 events):
Event: 30.174 Executing VM operation: ParallelGCFailedAllocation (Allocation Failure)
Event: 30.178 Executing VM operation: ParallelGCFailedAllocation (Allocation Failure) done
Event: 30.198 Executing VM operation: ParallelGCFailedAllocation (Allocation Failure)
Event: 30.203 Executing VM operation: ParallelGCFailedAllocation (Allocation Failure) done
Event: 30.225 Executing VM operation: ParallelGCFailedAllocation (Allocation Failure)
Event: 30.232 Executing VM operation: ParallelGCFailedAllocation (Allocation Failure) done
Event: 30.265 Executing VM operation: ParallelGCFailedAllocation (Allocation Failure)
Event: 30.269 Executing VM operation: ParallelGCFailedAllocation (Allocation Failure) done
Event: 30.290 Executing VM operation: ParallelGCFailedAllocation (Allocation Failure)
Event: 30.293 Executing VM operation: ParallelGCFailedAllocation (Allocation Failure) done
Event: 30.324 Executing VM operation: ParallelGCFailedAllocation (Allocation Failure)
Event: 30.327 Executing VM operation: ParallelGCFailedAllocation (Allocation Failure) done
Event: 30.351 Executing VM operation: ParallelGCFailedAllocation (Allocation Failure)
Event: 30.355 Executing VM operation: ParallelGCFailedAllocation (Allocation Failure) done
Event: 30.402 Executing VM operation: ParallelGCFailedAllocation (Allocation Failure)
Event: 30.409 Executing VM operation: ParallelGCFailedAllocation (Allocation Failure) done
Event: 30.792 Executing VM operation: ParallelGCFailedAllocation (Allocation Failure)
Event: 30.844 Executing VM operation: ParallelGCFailedAllocation (Allocation Failure) done
Event: 30.848 Executing VM operation: HandshakeAllThreads (Deoptimize)
Event: 30.848 Executing VM operation: HandshakeAllThreads (Deoptimize) done

Memory protections (0 events):
No events

Nmethod flushes (20 events):
Event: 28.656 Thread 0x0000022bfc9c2530 flushing  nmethod 0x0000022b80f66b90
Event: 28.656 Thread 0x0000022bfc9c2530 flushing  nmethod 0x0000022b80f69890
Event: 28.656 Thread 0x0000022bfc9c2530 flushing  nmethod 0x0000022b80f69c10
Event: 28.656 Thread 0x0000022bfc9c2530 flushing  nmethod 0x0000022b80f6c190
Event: 28.656 Thread 0x0000022bfc9c2530 flushing  nmethod 0x0000022b80f9b610
Event: 28.656 Thread 0x0000022bfc9c2530 flushing  nmethod 0x0000022b80fa8390
Event: 28.656 Thread 0x0000022bfc9c2530 flushing  nmethod 0x0000022b80fe6b90
Event: 28.656 Thread 0x0000022bfc9c2530 flushing  nmethod 0x0000022b81020810
Event: 28.656 Thread 0x0000022bfc9c2530 flushing  nmethod 0x0000022b81020e90
Event: 28.656 Thread 0x0000022bfc9c2530 flushing  nmethod 0x0000022b81021510
Event: 28.656 Thread 0x0000022bfc9c2530 flushing  nmethod 0x0000022b81021890
Event: 28.656 Thread 0x0000022bfc9c2530 flushing  nmethod 0x0000022b81022010
Event: 28.656 Thread 0x0000022bfc9c2530 flushing  nmethod 0x0000022b81023810
Event: 28.656 Thread 0x0000022bfc9c2530 flushing  nmethod 0x0000022b8103e090
Event: 28.656 Thread 0x0000022bfc9c2530 flushing  nmethod 0x0000022b81048110
Event: 28.656 Thread 0x0000022bfc9c2530 flushing  nmethod 0x0000022b81048e10
Event: 28.656 Thread 0x0000022bfc9c2530 flushing  nmethod 0x0000022b8104dd90
Event: 28.656 Thread 0x0000022bfc9c2530 flushing  nmethod 0x0000022b81059d90
Event: 28.656 Thread 0x0000022bfc9c2530 flushing  nmethod 0x0000022b8105a190
Event: 28.656 Thread 0x0000022bfc9c2530 flushing  nmethod 0x0000022b81091510

Events (20 events):
Event: 10.390 Thread 0x0000022bf6d17da0 Thread added: 0x0000022bd96c1610
Event: 11.142 Thread 0x0000022bff154de0 Thread added: 0x0000022bd96be820
Event: 11.143 Thread 0x0000022bff154de0 Thread added: 0x0000022bd96c0f80
Event: 11.143 Thread 0x0000022bd96be820 Thread added: 0x0000022bd96be190
Event: 11.143 Thread 0x0000022bd96c0f80 Thread added: 0x0000022bd96c4400
Event: 11.143 Thread 0x0000022bd96be190 Thread added: 0x0000022bd96c1ca0
Event: 11.143 Thread 0x0000022bd96c4400 Thread added: 0x0000022bd96c2330
Event: 11.144 Thread 0x0000022bd96c1ca0 Thread added: 0x0000022bd96c4a90
Event: 24.141 Thread 0x0000022bd96be190 Thread added: 0x0000022bd96c29c0
Event: 26.237 Thread 0x0000022bd96c29c0 Thread exited: 0x0000022bd96c29c0
Event: 27.929 Thread 0x0000022bff153a30 Thread added: 0x0000022bd96bf540
Event: 27.929 Thread 0x0000022bff153a30 Thread added: 0x0000022bd96bfbd0
Event: 27.929 Thread 0x0000022bff153a30 Thread added: 0x0000022bd96c57b0
Event: 27.929 Thread 0x0000022bff153a30 Thread added: 0x0000022bd96c29c0
Event: 27.930 Thread 0x0000022bff153a30 Thread added: 0x0000022bd96beeb0
Event: 30.108 Thread 0x0000022bd96bf540 Thread exited: 0x0000022bd96bf540
Event: 30.108 Thread 0x0000022bd96c57b0 Thread exited: 0x0000022bd96c57b0
Event: 30.109 Thread 0x0000022bd96bfbd0 Thread exited: 0x0000022bd96bfbd0
Event: 30.109 Thread 0x0000022bd96beeb0 Thread exited: 0x0000022bd96beeb0
Event: 30.110 Thread 0x0000022bd96c29c0 Thread exited: 0x0000022bd96c29c0


Dynamic libraries:
0x00007ff7b7690000 - 0x00007ff7b769e000 	c:\Users\Administrator\.vscode\extensions\redhat.java-1.51.0-win32-x64\jre\21.0.9-win32-x86_64\bin\java.exe
0x00007ffd13080000 - 0x00007ffd13270000 	C:\Windows\SYSTEM32\ntdll.dll
0x00007ffd116a0000 - 0x00007ffd11752000 	C:\Windows\System32\KERNEL32.DLL
0x00007ffd10c00000 - 0x00007ffd10ea5000 	C:\Windows\System32\KERNELBASE.dll
0x00007ffd10b00000 - 0x00007ffd10bfa000 	C:\Windows\System32\ucrtbase.dll
0x00007ffd054f0000 - 0x00007ffd05508000 	c:\Users\Administrator\.vscode\extensions\redhat.java-1.51.0-win32-x64\jre\21.0.9-win32-x86_64\bin\jli.dll
0x00007ffcfd0c0000 - 0x00007ffcfd0de000 	c:\Users\Administrator\.vscode\extensions\redhat.java-1.51.0-win32-x64\jre\21.0.9-win32-x86_64\bin\VCRUNTIME140.dll
0x00007ffd12600000 - 0x00007ffd12794000 	C:\Windows\System32\USER32.dll
0x00007ffd0fff0000 - 0x00007ffd10011000 	C:\Windows\System32\win32u.dll
0x00007ffd11670000 - 0x00007ffd11696000 	C:\Windows\System32\GDI32.dll
0x00007ffcf7250000 - 0x00007ffcf74d4000 	C:\Windows\WinSxS\amd64_microsoft.windows.common-controls_6595b64144ccf1df_6.0.18362.1556_none_9e7e372fe45e41d5\COMCTL32.dll
0x00007ffd108b0000 - 0x00007ffd10a48000 	C:\Windows\System32\gdi32full.dll
0x00007ffd10810000 - 0x00007ffd108ae000 	C:\Windows\System32\msvcp_win.dll
0x00007ffd11760000 - 0x00007ffd117fe000 	C:\Windows\System32\msvcrt.dll
0x00007ffd12940000 - 0x00007ffd12c76000 	C:\Windows\System32\combase.dll
0x00007ffd12820000 - 0x00007ffd1293f000 	C:\Windows\System32\RPCRT4.dll
0x00007ffd10eb0000 - 0x00007ffd10f31000 	C:\Windows\System32\bcryptPrimitives.dll
0x00007ffd12dc0000 - 0x00007ffd12dee000 	C:\Windows\System32\IMM32.DLL
0x00007ffd032f0000 - 0x00007ffd032fc000 	c:\Users\Administrator\.vscode\extensions\redhat.java-1.51.0-win32-x64\jre\21.0.9-win32-x86_64\bin\vcruntime140_1.dll
0x00007ffcd0c90000 - 0x00007ffcd0d1d000 	c:\Users\Administrator\.vscode\extensions\redhat.java-1.51.0-win32-x64\jre\21.0.9-win32-x86_64\bin\msvcp140.dll
0x00007ffcb8950000 - 0x00007ffcb96f0000 	c:\Users\Administrator\.vscode\extensions\redhat.java-1.51.0-win32-x64\jre\21.0.9-win32-x86_64\bin\server\jvm.dll
0x00007ffd12470000 - 0x00007ffd12513000 	C:\Windows\System32\ADVAPI32.dll
0x00007ffd12df0000 - 0x00007ffd12e87000 	C:\Windows\System32\sechost.dll
0x00007ffd0ff40000 - 0x00007ffd0ff8a000 	C:\Windows\System32\POWRPROF.dll
0x00007ffd0ff30000 - 0x00007ffd0ff40000 	C:\Windows\System32\UMPDC.dll
0x00007ffd12e90000 - 0x00007ffd12eff000 	C:\Windows\System32\WS2_32.dll
0x00007ffd06660000 - 0x00007ffd0666a000 	C:\Windows\SYSTEM32\VERSION.dll
0x00007ffd08fa0000 - 0x00007ffd08fc4000 	C:\Windows\SYSTEM32\WINMM.dll
0x00007ffd08f70000 - 0x00007ffd08f9d000 	C:\Windows\SYSTEM32\winmmbase.dll
0x00007ffd10020000 - 0x00007ffd1006a000 	C:\Windows\System32\cfgmgr32.dll
0x00007ffd0ffb0000 - 0x00007ffd0ffc1000 	C:\Windows\System32\kernel.appcore.dll
0x00007ffd02510000 - 0x00007ffd0251a000 	c:\Users\Administrator\.vscode\extensions\redhat.java-1.51.0-win32-x64\jre\21.0.9-win32-x86_64\bin\jimage.dll
0x00007ffd0e840000 - 0x00007ffd0ea34000 	C:\Windows\SYSTEM32\DBGHELP.DLL
0x00007ffcf46e0000 - 0x00007ffcf470a000 	C:\Windows\SYSTEM32\dbgcore.DLL
0x00007ffd01700000 - 0x00007ffd0170f000 	c:\Users\Administrator\.vscode\extensions\redhat.java-1.51.0-win32-x64\jre\21.0.9-win32-x86_64\bin\instrument.dll
0x00007ffcf75b0000 - 0x00007ffcf75d0000 	c:\Users\Administrator\.vscode\extensions\redhat.java-1.51.0-win32-x64\jre\21.0.9-win32-x86_64\bin\java.dll
0x00007ffd11c40000 - 0x00007ffd12327000 	C:\Windows\System32\SHELL32.dll
0x00007ffd12d10000 - 0x00007ffd12db8000 	C:\Windows\System32\shcore.dll
0x00007ffd10090000 - 0x00007ffd1080b000 	C:\Windows\System32\windows.storage.dll
0x00007ffd0ff90000 - 0x00007ffd0ffae000 	C:\Windows\System32\profapi.dll
0x00007ffd11be0000 - 0x00007ffd11c32000 	C:\Windows\System32\shlwapi.dll
0x00007ffd10070000 - 0x00007ffd10087000 	C:\Windows\System32\cryptsp.dll
0x00007ffcf6cf0000 - 0x00007ffcf6d08000 	c:\Users\Administrator\.vscode\extensions\redhat.java-1.51.0-win32-x64\jre\21.0.9-win32-x86_64\bin\zip.dll
0x00007ffd01420000 - 0x00007ffd01430000 	C:\Users\Administrator\.vscode\extensions\redhat.java-1.51.0-win32-x64\jre\21.0.9-win32-x86_64\bin\net.dll
0x00007ffd08d40000 - 0x00007ffd08e3a000 	C:\Windows\SYSTEM32\WINHTTP.dll
0x00007ffd0f770000 - 0x00007ffd0f7d7000 	C:\Windows\system32\mswsock.dll
0x00007ffcf6a10000 - 0x00007ffcf6a26000 	C:\Users\Administrator\.vscode\extensions\redhat.java-1.51.0-win32-x64\jre\21.0.9-win32-x86_64\bin\nio.dll
0x00007ffd013c0000 - 0x00007ffd013d0000 	c:\Users\Administrator\.vscode\extensions\redhat.java-1.51.0-win32-x64\jre\21.0.9-win32-x86_64\bin\verify.dll
0x00007ffcca5c0000 - 0x00007ffcca604000 	C:\Users\Administrator\AppData\Roaming\Code\User\globalStorage\redhat.java\1.51.0\config_win\org.eclipse.equinox.launcher\org.eclipse.equinox.launcher.win32.win32.x86_64_1.2.1400.v20250801-0854\eclipse_11916.dll
0x00007ffd119b0000 - 0x00007ffd11b07000 	C:\Windows\System32\ole32.dll
0x00007ffd0f2f0000 - 0x00007ffd0f323000 	C:\Windows\system32\rsaenh.dll
0x00007ffd10f40000 - 0x00007ffd10f66000 	C:\Windows\System32\bcrypt.dll
0x00007ffd0fe20000 - 0x00007ffd0fe45000 	C:\Windows\SYSTEM32\USERENV.dll
0x00007ffd0f940000 - 0x00007ffd0f94c000 	C:\Windows\SYSTEM32\CRYPTBASE.dll
0x00007ffd0f480000 - 0x00007ffd0f4ba000 	C:\Windows\SYSTEM32\IPHLPAPI.DLL
0x00007ffd125f0000 - 0x00007ffd125f8000 	C:\Windows\System32\NSI.dll
0x00007ffcd1930000 - 0x00007ffcd1979000 	C:\Users\Administrator\AppData\Local\Temp\jna-146731693\jna14954339270925668687.dll
0x00007ffd12c80000 - 0x00007ffd12c88000 	C:\Windows\System32\PSAPI.DLL
0x00007ffd04fe0000 - 0x00007ffd04ff6000 	C:\Windows\SYSTEM32\dhcpcsvc6.DLL
0x00007ffd06180000 - 0x00007ffd0619c000 	C:\Windows\SYSTEM32\dhcpcsvc.DLL

JVMTI agents:
c:\Users\Administrator\.vscode\extensions\redhat.java-1.51.0-win32-x64\lombok\lombok-1.18.39-4050.jar path:c:\Users\Administrator\.vscode\extensions\redhat.java-1.51.0-win32-x64\jre\21.0.9-win32-x86_64\bin\instrument.dll, loaded, initialized, instrumentlib options:none

dbghelp: loaded successfully - version: 4.0.5 - missing functions: none
symbol engine: initialized successfully - sym options: 0x614 - pdb path: .;c:\Users\Administrator\.vscode\extensions\redhat.java-1.51.0-win32-x64\jre\21.0.9-win32-x86_64\bin;C:\Windows\SYSTEM32;C:\Windows\WinSxS\amd64_microsoft.windows.common-controls_6595b64144ccf1df_6.0.18362.1556_none_9e7e372fe45e41d5;c:\Users\Administrator\.vscode\extensions\redhat.java-1.51.0-win32-x64\jre\21.0.9-win32-x86_64\bin\server;C:\Users\Administrator\AppData\Roaming\Code\User\globalStorage\redhat.java\1.51.0\config_win\org.eclipse.equinox.launcher\org.eclipse.equinox.launcher.win32.win32.x86_64_1.2.1400.v20250801-0854;C:\Users\Administrator\AppData\Local\Temp\jna-146731693

VM Arguments:
jvm_args: --add-modules=ALL-SYSTEM --add-opens=java.base/java.util=ALL-UNNAMED --add-opens=java.base/java.lang=ALL-UNNAMED --add-opens=java.base/sun.nio.fs=ALL-UNNAMED -Declipse.application=org.eclipse.jdt.ls.core.id1 -Dosgi.bundles.defaultStartLevel=4 -Declipse.product=org.eclipse.jdt.ls.core.product -Djava.import.generatesMetadataFilesAtProjectRoot=false -DDetectVMInstallationsJob.disabled=true -Dfile.encoding=utf8 -XX:+UseParallelGC -XX:GCTimeRatio=4 -XX:AdaptiveSizePolicyWeight=90 -Dsun.zip.disableMemoryMapping=true -Xmx2G -Xms100m -Xlog:disable -javaagent:c:\Users\Administrator\.vscode\extensions\redhat.java-1.51.0-win32-x64\lombok\lombok-1.18.39-4050.jar -XX:+HeapDumpOnOutOfMemoryError -XX:HeapDumpPath=c:\Users\Administrator\AppData\Roaming\Code\User\workspaceStorage\9dc1cad281cafc8938dd036e9dabeaab\redhat.java -Daether.dependencyCollector.impl=bf 
java_command: c:\Users\Administrator\.vscode\extensions\redhat.java-1.51.0-win32-x64\server\plugins\org.eclipse.equinox.launcher_1.7.100.v20251111-0406.jar -configuration c:\Users\Administrator\AppData\Roaming\Code\User\globalStorage\redhat.java\1.51.0\config_win -data c:\Users\Administrator\AppData\Roaming\Code\User\workspaceStorage\9dc1cad281cafc8938dd036e9dabeaab\redhat.java\jdt_ws --pipe=\\.\pipe\lsp-bc5be1d6a13c710b70c3ec426b8f9b90-sock
java_class_path (initial): c:\Users\Administrator\.vscode\extensions\redhat.java-1.51.0-win32-x64\server\plugins\org.eclipse.equinox.launcher_1.7.100.v20251111-0406.jar
Launcher Type: SUN_STANDARD

[Global flags]
    uintx AdaptiveSizePolicyWeight                 = 90                                        {product} {command line}
     intx CICompilerCount                          = 4                                         {product} {ergonomic}
    uintx GCTimeRatio                              = 4                                         {product} {command line}
     bool HeapDumpOnOutOfMemoryError               = true                                   {manageable} {command line}
    ccstr HeapDumpPath                             = c:\Users\Administrator\AppData\Roaming\Code\User\workspaceStorage\9dc1cad281cafc8938dd036e9dabeaab\redhat.java         {manageable} {command line}
   size_t InitialHeapSize                          = 104857600                                 {product} {command line}
   size_t MaxHeapSize                              = 2147483648                                {product} {command line}
   size_t MaxNewSize                               = 715653120                                 {product} {ergonomic}
   size_t MinHeapDeltaBytes                        = 524288                                    {product} {ergonomic}
   size_t MinHeapSize                              = 104857600                                 {product} {command line}
   size_t NewSize                                  = 34603008                                  {product} {ergonomic}
    uintx NonNMethodCodeHeapSize                   = 5839372                                {pd product} {ergonomic}
    uintx NonProfiledCodeHeapSize                  = 122909434                              {pd product} {ergonomic}
   size_t OldSize                                  = 70254592                                  {product} {ergonomic}
    uintx ProfiledCodeHeapSize                     = 122909434                              {pd product} {ergonomic}
    uintx ReservedCodeCacheSize                    = 251658240                              {pd product} {ergonomic}
     bool SegmentedCodeCache                       = true                                      {product} {ergonomic}
   size_t SoftMaxHeapSize                          = 2147483648                             {manageable} {ergonomic}
     bool UseCompressedOops                        = true                           {product lp64_product} {ergonomic}
     bool UseLargePagesIndividualAllocation        = false                                  {pd product} {ergonomic}
     bool UseParallelGC                            = true                                      {product} {command line}

Logging:
Log output configuration:
 #0: stdout all=off uptime,level,tags foldmultilines=false
 #1: stderr all=off uptime,level,tags foldmultilines=false

Release file:
JAVA_VERSION="21.0.9" 
MODULES="java.base java.compiler java.datatransfer java.xml java.prefs java.desktop java.instrument java.logging java.management java.security.sasl java.naming java.rmi java.management.rmi java.net.http java.scripting java.security.jgss java.transaction.xa java.sql java.sql.rowset java.xml.crypto java.se java.smartcardio jdk.accessibility jdk.internal.jvmstat jdk.attach jdk.charsets jdk.internal.opt jdk.zipfs jdk.compiler jdk.crypto.ec jdk.crypto.cryptoki jdk.crypto.mscapi jdk.dynalink jdk.internal.ed jdk.editpad jdk.hotspot.agent jdk.httpserver jdk.internal.le jdk.internal.vm.ci jdk.internal.vm.compiler jdk.internal.vm.compiler.management jdk.jartool jdk.javadoc jdk.jcmd jdk.management jdk.management.agent jdk.jconsole jdk.jdeps jdk.jdwp.agent jdk.jdi jdk.jfr jdk.jshell jdk.jsobject jdk.jstatd jdk.localedata jdk.management.jfr jdk.naming.dns jdk.naming.rmi jdk.net jdk.nio.mapmode jdk.random jdk.sctp jdk.security.auth jdk.security.jgss jdk.unsupported jdk.unsupported.desktop jdk.xml.dom" 

Environment Variables:
JAVA_HOME=D:\datn\jdk-17.0.16+8
PATH=d:\cursor\resources\app\bin;C:\Program Files\Python313\Scripts\;C:\Program Files\Python313\;C:\php-8.3.14-nts-Win32-vs16-x64;C:\Windows\system32;C:\Windows;C:\Windows\System32\Wbem;C:\Windows\System32\WindowsPowerShell\v1.0\;C:\Windows\System32\OpenSSH\;C:\Program Files\Microsoft SQL Server\Client SDK\ODBC\170\Tools\Binn\;C:\Program Files (x86)\Microsoft SQL Server\150\Tools\Binn\;C:\Program Files\Microsoft SQL Server\150\Tools\Binn\;C:\Program Files\Microsoft SQL Server\150\DTS\Binn\;C:\Program Files\Azure Data Studio\bin;C:\Program Files\dotnet\;D:\Git\cmd;C:\php-8.4.0-nts-Win32-vs17-x64;C:\ProgramData\ComposerSetup\bin;D:\datn\jdk-17.0.16+8\bin;C:\axis2-1.8.2\bin;D:\datn\apache-maven-3.9.11\bin;C:\Program Files\nodejs\;C:\php-8.4.0-nts-Win32-vs17-x64;C:\Users\Administrator\AppData\Local\Microsoft\WindowsApps;C:\Program Files\Azure Data Studio\bin;C:\Users\Administrator\.dotnet\tools;C:\php-8.3.14-nts-Win32-vs16-x64;C:\Users\Administrator\AppData\Roaming\Composer\vendor\bin;D:\datn\jdk-17.0.16+8;C:\axis2-1.;C:\php-8.4.0-nts-Win32-vs17-x64;C:\Users\Administrator\AppData\Local\Microsoft\WindowsApps;C:\Program Files\Azure Data Studio\bin;C:\Users\Administrator\AppData\Local\Programs\Microsoft VS Code\bin;C:\Users\Administrator\.dotnet\tools;C:\php-8.3.14-nts-Win32-vs16-x64;C:\Users\Administrator\AppData\Roaming\Composer\vendor\bin;D:\datn\jdk-17.0.16+8;C:\axis2-1.8.2;D:\cursor\resources\app\bin;D:\datn\apache-maven-3.9.11\bin;C:\Users\Administrator\AppData\Roaming\npm;C:\Users\Administrator\AppData\Local\Programs\Antigravity\bin
USERNAME=Administrator
OS=Windows_NT
PROCESSOR_IDENTIFIER=Intel64 Family 6 Model 142 Stepping 12, GenuineIntel
TMP=C:\Users\ADMINI~1\AppData\Local\Temp
TEMP=C:\Users\ADMINI~1\AppData\Local\Temp




Periodic native trim disabled

---------------  S Y S T E M  ---------------

OS:
 Windows 10 , 64 bit Build 18362 (10.0.18362.1500)
OS uptime: 17 days 5:57 hours

CPU: total 8 (initial active 8) (4 cores per cpu, 2 threads per core) family 6 model 142 stepping 12 microcode 0xde, cx8, cmov, fxsr, ht, mmx, 3dnowpref, sse, sse2, sse3, ssse3, sse4.1, sse4.2, popcnt, lzcnt, tsc, tscinvbit, avx, avx2, aes, erms, clmul, bmi1, bmi2, adx, fma, vzeroupper, clflush, clflushopt, rdtscp, f16c
Processor Information for the first 8 processors :
  Max Mhz: 1800, Current Mhz: 1600, Mhz Limit: 1584

Memory: 4k page, system-wide physical 3889M (105M free)
TotalPageFile size 15665M (AvailPageFile size 0M)
current process WorkingSet (physical memory assigned to process): 192M, peak: 278M
current process commit charge ("private bytes"): 467M, peak: 1650M

vm_info: OpenJDK 64-Bit Server VM (21.0.9+10-LTS) for windows-amd64 JRE (21.0.9+10-LTS), built on 2025-10-21T00:00:00Z by "admin" with unknown MS VC++:1942

END.
