#
# There is insufficient memory for the Java Runtime Environment to continue.
# Native memory allocation (malloc) failed to allocate 1052736 bytes. Error detail: Chunk::new
# Possible reasons:
#   The system is out of physical RAM or swap space
#   This process is running with CompressedOops enabled, and the Java Heap may be blocking the growth of the native heap
# Possible solutions:
#   Reduce memory load on the system
#   Increase physical memory or swap space
#   Check if swap backing store is full
#   Decrease Java heap size (-Xmx/-Xms)
#   Decrease number of Java threads
#   Decrease Java thread stack sizes (-Xss)
#   Set larger code cache with -XX:ReservedCodeCacheSize=
#   JVM is running with Unscaled Compressed Oops mode in which the Java heap is
#     placed in the first 4GB address space. The Java Heap base address is the
#     maximum limit for the native heap growth. Please use -XX:HeapBaseMinAddress
#     to set the Java Heap base and to place the Java Heap above 4GB virtual address.
# This output file may be truncated or incomplete.
#
#  Out of Memory Error (arena.cpp:168), pid=1072, tid=14560
#
# JRE version: OpenJDK Runtime Environment Temurin-21.0.9+10 (21.0.9+10) (build 21.0.9+10-LTS)
# Java VM: OpenJDK 64-Bit Server VM Temurin-21.0.9+10 (21.0.9+10-LTS, mixed mode, sharing, tiered, compressed oops, compressed class ptrs, parallel gc, windows-amd64)
# No core dump will be written. Minidumps are not enabled by default on client versions of Windows
#

---------------  S U M M A R Y ------------

Command Line: --add-modules=ALL-SYSTEM --add-opens=java.base/java.util=ALL-UNNAMED --add-opens=java.base/java.lang=ALL-UNNAMED --add-opens=java.base/sun.nio.fs=ALL-UNNAMED -Declipse.application=org.eclipse.jdt.ls.core.id1 -Dosgi.bundles.defaultStartLevel=4 -Declipse.product=org.eclipse.jdt.ls.core.product -Djava.import.generatesMetadataFilesAtProjectRoot=false -DDetectVMInstallationsJob.disabled=true -Dfile.encoding=utf8 -XX:+UseParallelGC -XX:GCTimeRatio=4 -XX:AdaptiveSizePolicyWeight=90 -Dsun.zip.disableMemoryMapping=true -Xmx2G -Xms100m -Xlog:disable -javaagent:c:\Users\Administrator\.antigravity\extensions\redhat.java-1.51.0-win32-x64\lombok\lombok-1.18.39-4050.jar -XX:+HeapDumpOnOutOfMemoryError -XX:HeapDumpPath=c:\Users\Administrator\AppData\Roaming\Antigravity\User\workspaceStorage\9dc1cad281cafc8938dd036e9dabeaab\redhat.java -Daether.dependencyCollector.impl=bf c:\Users\Administrator\.antigravity\extensions\redhat.java-1.51.0-win32-x64\server\plugins\org.eclipse.equinox.launcher_1.7.100.v20251111-0406.jar -configuration c:\Users\Administrator\AppData\Roaming\Antigravity\User\globalStorage\redhat.java\1.51.0\config_win -data c:\Users\Administrator\AppData\Roaming\Antigravity\User\workspaceStorage\9dc1cad281cafc8938dd036e9dabeaab\redhat.java\jdt_ws --pipe=\\.\pipe\lsp-2090c0fca71a5138550219d28e1c850a-sock

Host: Intel(R) Core(TM) i5-8265U CPU @ 1.60GHz, 8 cores, 3G,  Windows 10 , 64 bit Build 18362 (10.0.18362.1500)
Time: Sun Jan 25 17:25:00 2026 SE Asia Standard Time elapsed time: 2318.657484 seconds (0d 0h 38m 38s)

---------------  T H R E A D  ---------------

Current thread (0x000001c8ad7b0b90):  JavaThread "C2 CompilerThread0" daemon [_thread_in_native, id=14560, stack(0x000000c4c5100000,0x000000c4c5200000) (1024K)]


Current CompileTask:
C2:2318657 17302   !   4       org.eclipse.jdt.internal.compiler.classfmt.ClassFileReader::<init> (1968 bytes)

Stack: [0x000000c4c5100000,0x000000c4c5200000]
Native frames: (J=compiled Java code, j=interpreted, Vv=VM code, C=native code)
V  [jvm.dll+0x6d6e29]
V  [jvm.dll+0x8b4b76]
V  [jvm.dll+0x8b712e]
V  [jvm.dll+0x8b7813]
V  [jvm.dll+0x283d86]
V  [jvm.dll+0xc66ed]
V  [jvm.dll+0xc6c31]
V  [jvm.dll+0x2facee]
V  [jvm.dll+0x5fde44]
V  [jvm.dll+0x255557]
V  [jvm.dll+0x25591d]
V  [jvm.dll+0x24df40]
V  [jvm.dll+0x24b482]
V  [jvm.dll+0x1cb13e]
V  [jvm.dll+0x25b29d]
V  [jvm.dll+0x25982a]
V  [jvm.dll+0x3f7ea6]
V  [jvm.dll+0x85e9ad]
V  [jvm.dll+0x6d565d]
C  [ucrtbase.dll+0x210b2]
C  [KERNEL32.DLL+0x17c24]
C  [ntdll.dll+0x6d721]


---------------  P R O C E S S  ---------------

Threads class SMR info:
_java_thread_list=0x000001c8f823ef00, length=44, elements={
0x000001c894b47e00, 0x000001c8ad79e800, 0x000001c8ad79fcb0, 0x000001c8ad7a13e0,
0x000001c8ad7a20f0, 0x000001c8ad7a8460, 0x000001c8ad7aafd0, 0x000001c8ad7b0b90,
0x000001c8ad7b16d0, 0x000001c8ad7a9c20, 0x000001c8ad7aa2b0, 0x000001c8ad7aa940,
0x000001c8ad7ab660, 0x000001c8ad7abcf0, 0x000001c8ad7ac380, 0x000001c8ad7a8f00,
0x000001c8ad7a9590, 0x000001c8f5170330, 0x000001c8f516e260, 0x000001c8f516f610,
0x000001c8f516dbd0, 0x000001c8f51709c0, 0x000001c8f516a0c0, 0x000001c8f516a750,
0x000001c8f516ceb0, 0x000001c8f516c190, 0x000001c8f516c820, 0x000001c8f516d540,
0x000001c8f54125a0, 0x000001c8f5412c30, 0x000001c8f540fe40, 0x000001c8f540bca0,
0x000001c8f77d5df0, 0x000001c8f54132c0, 0x000001c8f83fcc90, 0x000001c8f83fa530,
0x000001c8f83fabc0, 0x000001c8f83fd9b0, 0x000001c8f83fe040, 0x000001c8f83fe6d0,
0x000001c8f83fb250, 0x000001c8f83fed60, 0x000001c8f83fbf70, 0x000001c8f83fc600
}

Java Threads: ( => current thread )
  0x000001c894b47e00 JavaThread "main"                              [_thread_blocked, id=14924, stack(0x000000c4c4700000,0x000000c4c4800000) (1024K)]
  0x000001c8ad79e800 JavaThread "Reference Handler"          daemon [_thread_blocked, id=14124, stack(0x000000c4c4b00000,0x000000c4c4c00000) (1024K)]
  0x000001c8ad79fcb0 JavaThread "Finalizer"                  daemon [_thread_blocked, id=13216, stack(0x000000c4c4c00000,0x000000c4c4d00000) (1024K)]
  0x000001c8ad7a13e0 JavaThread "Signal Dispatcher"          daemon [_thread_blocked, id=3364, stack(0x000000c4c4d00000,0x000000c4c4e00000) (1024K)]
  0x000001c8ad7a20f0 JavaThread "Attach Listener"            daemon [_thread_blocked, id=17500, stack(0x000000c4c4e00000,0x000000c4c4f00000) (1024K)]
  0x000001c8ad7a8460 JavaThread "Service Thread"             daemon [_thread_blocked, id=15588, stack(0x000000c4c4f00000,0x000000c4c5000000) (1024K)]
  0x000001c8ad7aafd0 JavaThread "Monitor Deflation Thread"   daemon [_thread_blocked, id=2956, stack(0x000000c4c5000000,0x000000c4c5100000) (1024K)]
=>0x000001c8ad7b0b90 JavaThread "C2 CompilerThread0"         daemon [_thread_in_native, id=14560, stack(0x000000c4c5100000,0x000000c4c5200000) (1024K)]
  0x000001c8ad7b16d0 JavaThread "C1 CompilerThread0"         daemon [_thread_blocked, id=5492, stack(0x000000c4c5200000,0x000000c4c5300000) (1024K)]
  0x000001c8ad7a9c20 JavaThread "Common-Cleaner"             daemon [_thread_blocked, id=18400, stack(0x000000c4c5300000,0x000000c4c5400000) (1024K)]
  0x000001c8ad7aa2b0 JavaThread "Notification Thread"        daemon [_thread_blocked, id=14936, stack(0x000000c4c5400000,0x000000c4c5500000) (1024K)]
  0x000001c8ad7aa940 JavaThread "Active Thread: Equinox Container: ef6a49e3-2114-42aa-a424-b932210cf17d"        [_thread_blocked, id=2420, stack(0x000000c4c5b00000,0x000000c4c5c00000) (1024K)]
  0x000001c8ad7ab660 JavaThread "Refresh Thread: Equinox Container: ef6a49e3-2114-42aa-a424-b932210cf17d" daemon [_thread_blocked, id=19704, stack(0x000000c4c5d00000,0x000000c4c5e00000) (1024K)]
  0x000001c8ad7abcf0 JavaThread "Framework Event Dispatcher: Equinox Container: ef6a49e3-2114-42aa-a424-b932210cf17d" daemon [_thread_blocked, id=19716, stack(0x000000c4c5e00000,0x000000c4c5f00000) (1024K)]
  0x000001c8ad7ac380 JavaThread "Start Level: Equinox Container: ef6a49e3-2114-42aa-a424-b932210cf17d" daemon [_thread_blocked, id=19732, stack(0x000000c4c5f00000,0x000000c4c6000000) (1024K)]
  0x000001c8ad7a8f00 JavaThread "Bundle File Closer"         daemon [_thread_blocked, id=19484, stack(0x000000c4c6000000,0x000000c4c6100000) (1024K)]
  0x000001c8ad7a9590 JavaThread "SCR Component Actor"        daemon [_thread_blocked, id=18124, stack(0x000000c4c6100000,0x000000c4c6200000) (1024K)]
  0x000001c8f5170330 JavaThread "Worker-JM"                         [_thread_blocked, id=19880, stack(0x000000c4c4400000,0x000000c4c4500000) (1024K)]
  0x000001c8f516e260 JavaThread "JNA Cleaner"                daemon [_thread_blocked, id=20212, stack(0x000000c4c4600000,0x000000c4c4700000) (1024K)]
  0x000001c8f516f610 JavaThread "Java indexing"              daemon [_thread_in_native, id=14872, stack(0x000000c4c4500000,0x000000c4c4600000) (1024K)]
  0x000001c8f516dbd0 JavaThread "Thread-1"                   daemon [_thread_in_native, id=20404, stack(0x000000c4c6700000,0x000000c4c6800000) (1024K)]
  0x000001c8f51709c0 JavaThread "Thread-2"                   daemon [_thread_in_native, id=15968, stack(0x000000c4c6800000,0x000000c4c6900000) (1024K)]
  0x000001c8f516a0c0 JavaThread "Thread-3"                   daemon [_thread_in_native, id=10852, stack(0x000000c4c6900000,0x000000c4c6a00000) (1024K)]
  0x000001c8f516a750 JavaThread "Thread-4"                   daemon [_thread_in_native, id=11988, stack(0x000000c4c6a00000,0x000000c4c6b00000) (1024K)]
  0x000001c8f516ceb0 JavaThread "Thread-5"                   daemon [_thread_in_native, id=20164, stack(0x000000c4c6b00000,0x000000c4c6c00000) (1024K)]
  0x000001c8f516c190 JavaThread "Thread-6"                   daemon [_thread_in_native, id=17660, stack(0x000000c4c6c00000,0x000000c4c6d00000) (1024K)]
  0x000001c8f516c820 JavaThread "Thread-7"                   daemon [_thread_in_native, id=9128, stack(0x000000c4c6d00000,0x000000c4c6e00000) (1024K)]
  0x000001c8f516d540 JavaThread "Thread-8"                   daemon [_thread_in_native, id=12440, stack(0x000000c4c6e00000,0x000000c4c6f00000) (1024K)]
  0x000001c8f54125a0 JavaThread "Thread-9"                   daemon [_thread_in_native, id=12876, stack(0x000000c4c6f00000,0x000000c4c7000000) (1024K)]
  0x000001c8f5412c30 JavaThread "pool-2-thread-1"                   [_thread_blocked, id=19260, stack(0x000000c4c7000000,0x000000c4c7100000) (1024K)]
  0x000001c8f540fe40 JavaThread "WorkspaceEventsHandler"            [_thread_blocked, id=12868, stack(0x000000c4c7200000,0x000000c4c7300000) (1024K)]
  0x000001c8f540bca0 JavaThread "pool-1-thread-1"                   [_thread_blocked, id=19308, stack(0x000000c4c7300000,0x000000c4c7400000) (1024K)]
  0x000001c8f77d5df0 JavaThread "Worker-4: Publish Diagnostics"        [_thread_in_Java, id=14440, stack(0x000000c4c6300000,0x000000c4c6400000) (1024K)]
  0x000001c8f54132c0 JavaThread "Worker-5: Java indexing... "        [_thread_blocked, id=17576, stack(0x000000c4c8000000,0x000000c4c8100000) (1024K)]
  0x000001c8f83fcc90 JavaThread "ForkJoinPool.commonPool-worker-9" daemon [_thread_blocked, id=4300, stack(0x000000c4c6200000,0x000000c4c6300000) (1024K)]
  0x000001c8f83fa530 JavaThread "Worker-7"                          [_thread_blocked, id=20008, stack(0x000000c4c6400000,0x000000c4c6500000) (1024K)]
  0x000001c8f83fabc0 JavaThread "Compiler Source File Reader" daemon [_thread_blocked, id=18084, stack(0x000000c4c6500000,0x000000c4c6600000) (1024K)]
  0x000001c8f83fd9b0 JavaThread "Compiler Processing Task"   daemon [_thread_blocked, id=16936, stack(0x000000c4c6600000,0x000000c4c6700000) (1024K)]
  0x000001c8f83fe040 JavaThread "Worker-8"                          [_thread_blocked, id=8532, stack(0x000000c4c7100000,0x000000c4c7200000) (1024K)]
  0x000001c8f83fe6d0 JavaThread "Compiler Source File Reader" daemon [_thread_blocked, id=19512, stack(0x000000c4c7400000,0x000000c4c7500000) (1024K)]
  0x000001c8f83fb250 JavaThread "Compiler Source File Reader" daemon [_thread_blocked, id=18892, stack(0x000000c4c7500000,0x000000c4c7600000) (1024K)]
  0x000001c8f83fed60 JavaThread "Compiler Source File Reader" daemon [_thread_blocked, id=20112, stack(0x000000c4c7600000,0x000000c4c7700000) (1024K)]
  0x000001c8f83fbf70 JavaThread "Compiler Source File Reader" daemon [_thread_blocked, id=5508, stack(0x000000c4c7700000,0x000000c4c7800000) (1024K)]
  0x000001c8f83fc600 JavaThread "Compiler Source File Reader" daemon [_thread_blocked, id=5516, stack(0x000000c4c7800000,0x000000c4c7900000) (1024K)]
Total: 44

Other Threads:
  0x000001c8ad782680 VMThread "VM Thread"                           [id=1536, stack(0x000000c4c4a00000,0x000000c4c4b00000) (1024K)]
  0x000001c8ad6bcb20 WatcherThread "VM Periodic Task Thread"        [id=8484, stack(0x000000c4c4900000,0x000000c4c4a00000) (1024K)]
  0x000001c896d4b590 WorkerThread "GC Thread#0"                     [id=14040, stack(0x000000c4c4800000,0x000000c4c4900000) (1024K)]
  0x000001c8f09b1a00 WorkerThread "GC Thread#1"                     [id=17676, stack(0x000000c4c5500000,0x000000c4c5600000) (1024K)]
  0x000001c8f043e730 WorkerThread "GC Thread#2"                     [id=11664, stack(0x000000c4c5600000,0x000000c4c5700000) (1024K)]
  0x000001c8f08c5740 WorkerThread "GC Thread#3"                     [id=9476, stack(0x000000c4c5700000,0x000000c4c5800000) (1024K)]
  0x000001c8f08c5ae0 WorkerThread "GC Thread#4"                     [id=15228, stack(0x000000c4c5800000,0x000000c4c5900000) (1024K)]
  0x000001c8f08c5e80 WorkerThread "GC Thread#5"                     [id=1432, stack(0x000000c4c5900000,0x000000c4c5a00000) (1024K)]
  0x000001c8f08bf700 WorkerThread "GC Thread#6"                     [id=16216, stack(0x000000c4c5a00000,0x000000c4c5b00000) (1024K)]
  0x000001c8f080b250 WorkerThread "GC Thread#7"                     [id=5608, stack(0x000000c4c5c00000,0x000000c4c5d00000) (1024K)]
Total: 10

Threads with active compile tasks:
C2 CompilerThread0  2318738 17302   !   4       org.eclipse.jdt.internal.compiler.classfmt.ClassFileReader::<init> (1968 bytes)
Total: 1

VM state: not at safepoint (normal execution)

VM Mutex/Monitor currently owned by a thread: None

Heap address: 0x0000000080000000, size: 2048 MB, Compressed Oops mode: 32-bit

CDS archive(s) mapped at: [0x000001c8ae000000-0x000001c8aeba0000-0x000001c8aeba0000), size 12189696, SharedBaseAddress: 0x000001c8ae000000, ArchiveRelocationMode: 1.
Compressed class space mapped at: 0x000001c8af000000-0x000001c8ef000000, reserved size: 1073741824
Narrow klass base: 0x000001c8ae000000, Narrow klass shift: 0, Narrow klass range: 0x100000000

GC Precious Log:
 CardTable entry size: 512
 CPUs: 8 total, 8 available
 Memory: 3889M
 Large Page Support: Disabled
 NUMA Support: Disabled
 Compressed Oops: Enabled (32-bit)
 Alignments: Space 512K, Generation 512K, Heap 2M
 Heap Min Capacity: 100M
 Heap Initial Capacity: 100M
 Heap Max Capacity: 2G
 Pre-touch: Disabled
 Parallel Workers: 8

Heap:
 PSYoungGen      total 3584K, used 2264K [0x00000000d5580000, 0x00000000d5a00000, 0x0000000100000000)
  eden space 3072K, 61% used [0x00000000d5580000,0x00000000d5756370,0x00000000d5880000)
  from space 512K, 75% used [0x00000000d5900000,0x00000000d5960000,0x00000000d5980000)
  to   space 512K, 0% used [0x00000000d5980000,0x00000000d5980000,0x00000000d5a00000)
 ParOldGen       total 235008K, used 234923K [0x0000000080000000, 0x000000008e580000, 0x00000000d5580000)
  object space 235008K, 99% used [0x0000000080000000,0x000000008e56ad88,0x000000008e580000)
 Metaspace       used 76893K, committed 78528K, reserved 1179648K
  class space    used 7891K, committed 8640K, reserved 1048576K

Card table byte_map: [0x000001c8966d0000,0x000001c896ae0000] _byte_map_base: 0x000001c8962d0000

Marking Bits: (ParMarkBitMap*) 0x00007ffc9da72460
 Begin Bits: [0x000001c8a91e0000, 0x000001c8ab1e0000)
 End Bits:   [0x000001c8ab1e0000, 0x000001c8ad1e0000)

Polling page: 0x000001c894ac0000

Metaspace:

Usage:
  Non-class:     67.38 MB used.
      Class:      7.71 MB used.
       Both:     75.09 MB used.

Virtual space:
  Non-class space:      128.00 MB reserved,      68.25 MB ( 53%) committed,  2 nodes.
      Class space:        1.00 GB reserved,       8.44 MB ( <1%) committed,  1 nodes.
             Both:        1.13 GB reserved,      76.69 MB (  7%) committed. 

Chunk freelists:
   Non-Class:  11.75 MB
       Class:  7.48 MB
        Both:  19.23 MB

MaxMetaspaceSize: unlimited
CompressedClassSpaceSize: 1.00 GB
Initial GC threshold: 21.00 MB
Current GC threshold: 97.31 MB
CDS: on
 - commit_granule_bytes: 65536.
 - commit_granule_words: 8192.
 - virtual_space_node_default_size: 8388608.
 - enlarge_chunks_in_place: 1.
 - use_allocation_guard: 0.


Internal statistics:

num_allocs_failed_limit: 9.
num_arena_births: 1502.
num_arena_deaths: 14.
num_vsnodes_births: 3.
num_vsnodes_deaths: 0.
num_space_committed: 1227.
num_space_uncommitted: 0.
num_chunks_returned_to_freelist: 23.
num_chunks_taken_from_freelist: 5075.
num_chunk_merges: 11.
num_chunk_splits: 3080.
num_chunks_enlarged: 1684.
num_inconsistent_stats: 0.

CodeHeap 'non-profiled nmethods': size=120000Kb used=9565Kb max_used=9565Kb free=110434Kb
 bounds [0x000001c8a1a00000, 0x000001c8a2360000, 0x000001c8a8f30000]
CodeHeap 'profiled nmethods': size=120000Kb used=39463Kb max_used=39463Kb free=80536Kb
 bounds [0x000001c899f30000, 0x000001c89c5c0000, 0x000001c8a1460000]
CodeHeap 'non-nmethods': size=5760Kb used=1491Kb max_used=1597Kb free=4268Kb
 bounds [0x000001c8a1460000, 0x000001c8a16d0000, 0x000001c8a1a00000]
CodeCache: size=245760Kb, used=50519Kb, max_used=50625Kb, free=195238Kb
 total_blobs=17248, nmethods=16439, adapters=712, full_count=0
Compilation: enabled, stopped_count=0, restarted_count=0

Compilation events (20 events):
Event: 2318.545 Thread 0x000001c8ad7b16d0 17336       3       lombok.eclipse.handlers.EclipseHandlerUtil::getFieldType (60 bytes)
Event: 2318.545 Thread 0x000001c8ad7b16d0 nmethod 17336 0x000001c89c5b2590 code [0x000001c89c5b2780, 0x000001c89c5b2ea8]
Event: 2318.546 Thread 0x000001c8ad7b16d0 17337       3       org.eclipse.jdt.internal.compiler.ast.NullLiteral::traverse (14 bytes)
Event: 2318.546 Thread 0x000001c8ad7b16d0 nmethod 17337 0x000001c89c5b3090 code [0x000001c89c5b3240, 0x000001c89c5b3510]
Event: 2318.584 Thread 0x000001c8ad7b16d0 17340       2       org.eclipse.jdt.internal.compiler.parser.Parser::consumeUnannotatableQualifiedName (21 bytes)
Event: 2318.585 Thread 0x000001c8ad7b16d0 nmethod 17340 0x000001c89c5b3610 code [0x000001c89c5b37a0, 0x000001c89c5b38e8]
Event: 2318.591 Thread 0x000001c8ad7b16d0 17342       3       org.eclipse.jdt.internal.compiler.classfmt.ClassFileReader::getEnclosingMethod (117 bytes)
Event: 2318.594 Thread 0x000001c8ad7b16d0 nmethod 17342 0x000001c89c5b3a10 code [0x000001c89c5b3d00, 0x000001c89c5b4ca0]
Event: 2318.611 Thread 0x000001c8ad7b16d0 17345       3       org.eclipse.jdt.internal.compiler.parser.Parser::checkComment (273 bytes)
Event: 2318.614 Thread 0x000001c8ad7b16d0 nmethod 17345 0x000001c89c5b5290 code [0x000001c89c5b54c0, 0x000001c89c5b5ea8]
Event: 2318.625 Thread 0x000001c8ad7b16d0 17346       2       lombok.eclipse.handlers.HandleGetter::generateGetterForType (92 bytes)
Event: 2318.627 Thread 0x000001c8ad7b16d0 nmethod 17346 0x000001c89c5b6190 code [0x000001c89c5b63c0, 0x000001c89c5b6998]
Event: 2318.643 Thread 0x000001c8ad7b16d0 17347       1       org.eclipse.jdt.internal.core.AnnotatableInfo::getNameSourceStart (5 bytes)
Event: 2318.643 Thread 0x000001c8ad7b16d0 nmethod 17347 0x000001c8a2356c10 code [0x000001c8a2356da0, 0x000001c8a2356e68]
Event: 2318.643 Thread 0x000001c8ad7b16d0 17348       1       org.eclipse.jdt.internal.core.AnnotatableInfo::getNameSourceEnd (5 bytes)
Event: 2318.643 Thread 0x000001c8ad7b16d0 nmethod 17348 0x000001c8a2356f10 code [0x000001c8a23570a0, 0x000001c8a2357168]
Event: 2318.643 Thread 0x000001c8ad7b16d0 17349       1       org.eclipse.jdt.internal.core.SourceMethodInfo::getReturnTypeName (5 bytes)
Event: 2318.643 Thread 0x000001c8ad7b16d0 nmethod 17349 0x000001c8a2357210 code [0x000001c8a23573a0, 0x000001c8a2357468]
Event: 2318.643 Thread 0x000001c8ad7b16d0 17350       2       org.eclipse.jdt.internal.compiler.lookup.PackageBinding::addNotFoundPackage (23 bytes)
Event: 2318.644 Thread 0x000001c8ad7b16d0 nmethod 17350 0x000001c89c5b6e10 code [0x000001c89c5b6fc0, 0x000001c89c5b7118]

GC Heap History (20 events):
Event: 2315.949 GC heap before
{Heap before GC invocations=258 (full 3):
 PSYoungGen      total 4096K, used 3826K [0x00000000d5580000, 0x00000000d5a80000, 0x0000000100000000)
  eden space 3072K, 100% used [0x00000000d5580000,0x00000000d5880000,0x00000000d5880000)
  from space 1024K, 73% used [0x00000000d5980000,0x00000000d5a3c940,0x00000000d5a80000)
  to   space 1024K, 0% used [0x00000000d5880000,0x00000000d5880000,0x00000000d5980000)
 ParOldGen       total 199680K, used 199333K [0x0000000080000000, 0x000000008c300000, 0x00000000d5580000)
  object space 199680K, 99% used [0x0000000080000000,0x000000008c2a9430,0x000000008c300000)
 Metaspace       used 76755K, committed 78400K, reserved 1179648K
  class space    used 7885K, committed 8640K, reserved 1048576K
}
Event: 2315.951 GC heap after
{Heap after GC invocations=258 (full 3):
 PSYoungGen      total 4096K, used 640K [0x00000000d5580000, 0x00000000d5a80000, 0x0000000100000000)
  eden space 3072K, 0% used [0x00000000d5580000,0x00000000d5580000,0x00000000d5880000)
  from space 1024K, 62% used [0x00000000d5880000,0x00000000d5920000,0x00000000d5980000)
  to   space 1024K, 0% used [0x00000000d5980000,0x00000000d5980000,0x00000000d5a80000)
 ParOldGen       total 200192K, used 199994K [0x0000000080000000, 0x000000008c380000, 0x00000000d5580000)
  object space 200192K, 99% used [0x0000000080000000,0x000000008c34e8b8,0x000000008c380000)
 Metaspace       used 76755K, committed 78400K, reserved 1179648K
  class space    used 7885K, committed 8640K, reserved 1048576K
}
Event: 2316.003 GC heap before
{Heap before GC invocations=259 (full 3):
 PSYoungGen      total 4096K, used 3712K [0x00000000d5580000, 0x00000000d5a80000, 0x0000000100000000)
  eden space 3072K, 100% used [0x00000000d5580000,0x00000000d5880000,0x00000000d5880000)
  from space 1024K, 62% used [0x00000000d5880000,0x00000000d5920000,0x00000000d5980000)
  to   space 1024K, 0% used [0x00000000d5980000,0x00000000d5980000,0x00000000d5a80000)
 ParOldGen       total 200192K, used 199994K [0x0000000080000000, 0x000000008c380000, 0x00000000d5580000)
  object space 200192K, 99% used [0x0000000080000000,0x000000008c34e8b8,0x000000008c380000)
 Metaspace       used 76758K, committed 78400K, reserved 1179648K
  class space    used 7885K, committed 8640K, reserved 1048576K
}
Event: 2316.006 GC heap after
{Heap after GC invocations=259 (full 3):
 PSYoungGen      total 4096K, used 768K [0x00000000d5580000, 0x00000000d5a80000, 0x0000000100000000)
  eden space 3072K, 0% used [0x00000000d5580000,0x00000000d5580000,0x00000000d5880000)
  from space 1024K, 75% used [0x00000000d5980000,0x00000000d5a40000,0x00000000d5a80000)
  to   space 1024K, 0% used [0x00000000d5880000,0x00000000d5880000,0x00000000d5980000)
 ParOldGen       total 200704K, used 200480K [0x0000000080000000, 0x000000008c400000, 0x00000000d5580000)
  object space 200704K, 99% used [0x0000000080000000,0x000000008c3c8168,0x000000008c400000)
 Metaspace       used 76758K, committed 78400K, reserved 1179648K
  class space    used 7885K, committed 8640K, reserved 1048576K
}
Event: 2316.130 GC heap before
{Heap before GC invocations=260 (full 3):
 PSYoungGen      total 4096K, used 3840K [0x00000000d5580000, 0x00000000d5a80000, 0x0000000100000000)
  eden space 3072K, 100% used [0x00000000d5580000,0x00000000d5880000,0x00000000d5880000)
  from space 1024K, 75% used [0x00000000d5980000,0x00000000d5a40000,0x00000000d5a80000)
  to   space 1024K, 0% used [0x00000000d5880000,0x00000000d5880000,0x00000000d5980000)
 ParOldGen       total 200704K, used 200480K [0x0000000080000000, 0x000000008c400000, 0x00000000d5580000)
  object space 200704K, 99% used [0x0000000080000000,0x000000008c3c8168,0x000000008c400000)
 Metaspace       used 76766K, committed 78400K, reserved 1179648K
  class space    used 7885K, committed 8640K, reserved 1048576K
}
Event: 2316.132 GC heap after
{Heap after GC invocations=260 (full 3):
 PSYoungGen      total 4096K, used 672K [0x00000000d5580000, 0x00000000d5a80000, 0x0000000100000000)
  eden space 3072K, 0% used [0x00000000d5580000,0x00000000d5580000,0x00000000d5880000)
  from space 1024K, 65% used [0x00000000d5880000,0x00000000d5928000,0x00000000d5980000)
  to   space 1024K, 0% used [0x00000000d5980000,0x00000000d5980000,0x00000000d5a80000)
 ParOldGen       total 201216K, used 201076K [0x0000000080000000, 0x000000008c480000, 0x00000000d5580000)
  object space 201216K, 99% used [0x0000000080000000,0x000000008c45d088,0x000000008c480000)
 Metaspace       used 76766K, committed 78400K, reserved 1179648K
  class space    used 7885K, committed 8640K, reserved 1048576K
}
Event: 2316.275 GC heap before
{Heap before GC invocations=261 (full 3):
 PSYoungGen      total 4096K, used 3744K [0x00000000d5580000, 0x00000000d5a80000, 0x0000000100000000)
  eden space 3072K, 100% used [0x00000000d5580000,0x00000000d5880000,0x00000000d5880000)
  from space 1024K, 65% used [0x00000000d5880000,0x00000000d5928000,0x00000000d5980000)
  to   space 1024K, 0% used [0x00000000d5980000,0x00000000d5980000,0x00000000d5a80000)
 ParOldGen       total 201216K, used 201076K [0x0000000080000000, 0x000000008c480000, 0x00000000d5580000)
  object space 201216K, 99% used [0x0000000080000000,0x000000008c45d088,0x000000008c480000)
 Metaspace       used 76790K, committed 78400K, reserved 1179648K
  class space    used 7885K, committed 8640K, reserved 1048576K
}
Event: 2316.278 GC heap after
{Heap after GC invocations=261 (full 3):
 PSYoungGen      total 4096K, used 705K [0x00000000d5580000, 0x00000000d5a80000, 0x0000000100000000)
  eden space 3072K, 0% used [0x00000000d5580000,0x00000000d5580000,0x00000000d5880000)
  from space 1024K, 68% used [0x00000000d5980000,0x00000000d5a30408,0x00000000d5a80000)
  to   space 1024K, 0% used [0x00000000d5880000,0x00000000d5880000,0x00000000d5980000)
 ParOldGen       total 201728K, used 201522K [0x0000000080000000, 0x000000008c500000, 0x00000000d5580000)
  object space 201728K, 99% used [0x0000000080000000,0x000000008c4cc838,0x000000008c500000)
 Metaspace       used 76790K, committed 78400K, reserved 1179648K
  class space    used 7885K, committed 8640K, reserved 1048576K
}
Event: 2316.836 GC heap before
{Heap before GC invocations=262 (full 3):
 PSYoungGen      total 4096K, used 3777K [0x00000000d5580000, 0x00000000d5a80000, 0x0000000100000000)
  eden space 3072K, 100% used [0x00000000d5580000,0x00000000d5880000,0x00000000d5880000)
  from space 1024K, 68% used [0x00000000d5980000,0x00000000d5a30408,0x00000000d5a80000)
  to   space 1024K, 0% used [0x00000000d5880000,0x00000000d5880000,0x00000000d5980000)
 ParOldGen       total 233472K, used 232242K [0x0000000080000000, 0x000000008e400000, 0x00000000d5580000)
  object space 233472K, 99% used [0x0000000080000000,0x000000008e2cc868,0x000000008e400000)
 Metaspace       used 76866K, committed 78528K, reserved 1179648K
  class space    used 7891K, committed 8640K, reserved 1048576K
}
Event: 2316.846 GC heap after
{Heap after GC invocations=262 (full 3):
 PSYoungGen      total 4096K, used 469K [0x00000000d5580000, 0x00000000d5a80000, 0x0000000100000000)
  eden space 3072K, 0% used [0x00000000d5580000,0x00000000d5580000,0x00000000d5880000)
  from space 1024K, 45% used [0x00000000d5880000,0x00000000d58f54f0,0x00000000d5980000)
  to   space 1024K, 0% used [0x00000000d5980000,0x00000000d5980000,0x00000000d5a80000)
 ParOldGen       total 233472K, used 232772K [0x0000000080000000, 0x000000008e400000, 0x00000000d5580000)
  object space 233472K, 99% used [0x0000000080000000,0x000000008e3511f8,0x000000008e400000)
 Metaspace       used 76866K, committed 78528K, reserved 1179648K
  class space    used 7891K, committed 8640K, reserved 1048576K
}
Event: 2318.401 GC heap before
{Heap before GC invocations=263 (full 3):
 PSYoungGen      total 4096K, used 3540K [0x00000000d5580000, 0x00000000d5a80000, 0x0000000100000000)
  eden space 3072K, 99% used [0x00000000d5580000,0x00000000d587fed0,0x00000000d5880000)
  from space 1024K, 45% used [0x00000000d5880000,0x00000000d58f54f0,0x00000000d5980000)
  to   space 1024K, 0% used [0x00000000d5980000,0x00000000d5980000,0x00000000d5a80000)
 ParOldGen       total 233472K, used 232772K [0x0000000080000000, 0x000000008e400000, 0x00000000d5580000)
  object space 233472K, 99% used [0x0000000080000000,0x000000008e3511f8,0x000000008e400000)
 Metaspace       used 76883K, committed 78528K, reserved 1179648K
  class space    used 7891K, committed 8640K, reserved 1048576K
}
Event: 2318.421 GC heap after
{Heap after GC invocations=263 (full 3):
 PSYoungGen      total 3584K, used 477K [0x00000000d5580000, 0x00000000d5a00000, 0x0000000100000000)
  eden space 3072K, 0% used [0x00000000d5580000,0x00000000d5580000,0x00000000d5880000)
  from space 512K, 93% used [0x00000000d5980000,0x00000000d59f77f0,0x00000000d5a00000)
  to   space 512K, 0% used [0x00000000d5900000,0x00000000d5900000,0x00000000d5980000)
 ParOldGen       total 233472K, used 233069K [0x0000000080000000, 0x000000008e400000, 0x00000000d5580000)
  object space 233472K, 99% used [0x0000000080000000,0x000000008e39b518,0x000000008e400000)
 Metaspace       used 76883K, committed 78528K, reserved 1179648K
  class space    used 7891K, committed 8640K, reserved 1048576K
}
Event: 2318.489 GC heap before
{Heap before GC invocations=264 (full 3):
 PSYoungGen      total 3584K, used 3549K [0x00000000d5580000, 0x00000000d5a00000, 0x0000000100000000)
  eden space 3072K, 100% used [0x00000000d5580000,0x00000000d5880000,0x00000000d5880000)
  from space 512K, 93% used [0x00000000d5980000,0x00000000d59f77f0,0x00000000d5a00000)
  to   space 512K, 0% used [0x00000000d5900000,0x00000000d5900000,0x00000000d5980000)
 ParOldGen       total 233472K, used 233069K [0x0000000080000000, 0x000000008e400000, 0x00000000d5580000)
  object space 233472K, 99% used [0x0000000080000000,0x000000008e39b518,0x000000008e400000)
 Metaspace       used 76885K, committed 78528K, reserved 1179648K
  class space    used 7891K, committed 8640K, reserved 1048576K
}
Event: 2318.494 GC heap after
{Heap after GC invocations=264 (full 3):
 PSYoungGen      total 3584K, used 512K [0x00000000d5580000, 0x00000000d5a00000, 0x0000000100000000)
  eden space 3072K, 0% used [0x00000000d5580000,0x00000000d5580000,0x00000000d5880000)
  from space 512K, 100% used [0x00000000d5900000,0x00000000d5980000,0x00000000d5980000)
  to   space 512K, 0% used [0x00000000d5980000,0x00000000d5980000,0x00000000d5a00000)
 ParOldGen       total 233984K, used 233563K [0x0000000080000000, 0x000000008e480000, 0x00000000d5580000)
  object space 233984K, 99% used [0x0000000080000000,0x000000008e416d28,0x000000008e480000)
 Metaspace       used 76885K, committed 78528K, reserved 1179648K
  class space    used 7891K, committed 8640K, reserved 1048576K
}
Event: 2318.530 GC heap before
{Heap before GC invocations=265 (full 3):
 PSYoungGen      total 3584K, used 3584K [0x00000000d5580000, 0x00000000d5a00000, 0x0000000100000000)
  eden space 3072K, 100% used [0x00000000d5580000,0x00000000d5880000,0x00000000d5880000)
  from space 512K, 100% used [0x00000000d5900000,0x00000000d5980000,0x00000000d5980000)
  to   space 512K, 0% used [0x00000000d5980000,0x00000000d5980000,0x00000000d5a00000)
 ParOldGen       total 233984K, used 233563K [0x0000000080000000, 0x000000008e480000, 0x00000000d5580000)
  object space 233984K, 99% used [0x0000000080000000,0x000000008e416d28,0x000000008e480000)
 Metaspace       used 76885K, committed 78528K, reserved 1179648K
  class space    used 7891K, committed 8640K, reserved 1048576K
}
Event: 2318.532 GC heap after
{Heap after GC invocations=265 (full 3):
 PSYoungGen      total 3584K, used 352K [0x00000000d5580000, 0x00000000d5a80000, 0x0000000100000000)
  eden space 3072K, 0% used [0x00000000d5580000,0x00000000d5580000,0x00000000d5880000)
  from space 512K, 68% used [0x00000000d5980000,0x00000000d59d8000,0x00000000d5a00000)
  to   space 1024K, 0% used [0x00000000d5880000,0x00000000d5880000,0x00000000d5980000)
 ParOldGen       total 234496K, used 234075K [0x0000000080000000, 0x000000008e500000, 0x00000000d5580000)
  object space 234496K, 99% used [0x0000000080000000,0x000000008e496d28,0x000000008e500000)
 Metaspace       used 76885K, committed 78528K, reserved 1179648K
  class space    used 7891K, committed 8640K, reserved 1048576K
}
Event: 2318.556 GC heap before
{Heap before GC invocations=266 (full 3):
 PSYoungGen      total 3584K, used 3424K [0x00000000d5580000, 0x00000000d5a80000, 0x0000000100000000)
  eden space 3072K, 100% used [0x00000000d5580000,0x00000000d5880000,0x00000000d5880000)
  from space 512K, 68% used [0x00000000d5980000,0x00000000d59d8000,0x00000000d5a00000)
  to   space 1024K, 0% used [0x00000000d5880000,0x00000000d5880000,0x00000000d5980000)
 ParOldGen       total 234496K, used 234075K [0x0000000080000000, 0x000000008e500000, 0x00000000d5580000)
  object space 234496K, 99% used [0x0000000080000000,0x000000008e496d28,0x000000008e500000)
 Metaspace       used 76885K, committed 78528K, reserved 1179648K
  class space    used 7891K, committed 8640K, reserved 1048576K
}
Event: 2318.559 GC heap after
{Heap after GC invocations=266 (full 3):
 PSYoungGen      total 4096K, used 480K [0x00000000d5580000, 0x00000000d5a00000, 0x0000000100000000)
  eden space 3072K, 0% used [0x00000000d5580000,0x00000000d5580000,0x00000000d5880000)
  from space 1024K, 46% used [0x00000000d5880000,0x00000000d58f8020,0x00000000d5980000)
  to   space 512K, 0% used [0x00000000d5980000,0x00000000d5980000,0x00000000d5a00000)
 ParOldGen       total 234496K, used 234291K [0x0000000080000000, 0x000000008e500000, 0x00000000d5580000)
  object space 234496K, 99% used [0x0000000080000000,0x000000008e4ccd48,0x000000008e500000)
 Metaspace       used 76885K, committed 78528K, reserved 1179648K
  class space    used 7891K, committed 8640K, reserved 1048576K
}
Event: 2318.592 GC heap before
{Heap before GC invocations=267 (full 3):
 PSYoungGen      total 4096K, used 3552K [0x00000000d5580000, 0x00000000d5a00000, 0x0000000100000000)
  eden space 3072K, 100% used [0x00000000d5580000,0x00000000d5880000,0x00000000d5880000)
  from space 1024K, 46% used [0x00000000d5880000,0x00000000d58f8020,0x00000000d5980000)
  to   space 512K, 0% used [0x00000000d5980000,0x00000000d5980000,0x00000000d5a00000)
 ParOldGen       total 234496K, used 234291K [0x0000000080000000, 0x000000008e500000, 0x00000000d5580000)
  object space 234496K, 99% used [0x0000000080000000,0x000000008e4ccd48,0x000000008e500000)
 Metaspace       used 76885K, committed 78528K, reserved 1179648K
  class space    used 7891K, committed 8640K, reserved 1048576K
}
Event: 2318.594 GC heap after
{Heap after GC invocations=267 (full 3):
 PSYoungGen      total 3584K, used 416K [0x00000000d5580000, 0x00000000d5a00000, 0x0000000100000000)
  eden space 3072K, 0% used [0x00000000d5580000,0x00000000d5580000,0x00000000d5880000)
  from space 512K, 81% used [0x00000000d5980000,0x00000000d59e8000,0x00000000d5a00000)
  to   space 512K, 0% used [0x00000000d5900000,0x00000000d5900000,0x00000000d5980000)
 ParOldGen       total 235008K, used 234651K [0x0000000080000000, 0x000000008e580000, 0x00000000d5580000)
  object space 235008K, 99% used [0x0000000080000000,0x000000008e526d68,0x000000008e580000)
 Metaspace       used 76885K, committed 78528K, reserved 1179648K
  class space    used 7891K, committed 8640K, reserved 1048576K
}

Dll operation events (12 events):
Event: 0.011 Loaded shared library c:\Users\Administrator\.antigravity\extensions\redhat.java-1.51.0-win32-x64\jre\21.0.9-win32-x86_64\bin\java.dll
Event: 0.130 Loaded shared library c:\Users\Administrator\.antigravity\extensions\redhat.java-1.51.0-win32-x64\jre\21.0.9-win32-x86_64\bin\zip.dll
Event: 0.189 Loaded shared library C:\Users\Administrator\.antigravity\extensions\redhat.java-1.51.0-win32-x64\jre\21.0.9-win32-x86_64\bin\instrument.dll
Event: 0.203 Loaded shared library C:\Users\Administrator\.antigravity\extensions\redhat.java-1.51.0-win32-x64\jre\21.0.9-win32-x86_64\bin\net.dll
Event: 0.206 Loaded shared library C:\Users\Administrator\.antigravity\extensions\redhat.java-1.51.0-win32-x64\jre\21.0.9-win32-x86_64\bin\nio.dll
Event: 0.219 Loaded shared library C:\Users\Administrator\.antigravity\extensions\redhat.java-1.51.0-win32-x64\jre\21.0.9-win32-x86_64\bin\zip.dll
Event: 0.254 Loaded shared library C:\Users\Administrator\.antigravity\extensions\redhat.java-1.51.0-win32-x64\jre\21.0.9-win32-x86_64\bin\jimage.dll
Event: 0.452 Loaded shared library c:\Users\Administrator\.antigravity\extensions\redhat.java-1.51.0-win32-x64\jre\21.0.9-win32-x86_64\bin\verify.dll
Event: 28.509 Loaded shared library C:\Users\Administrator\AppData\Roaming\Antigravity\User\globalStorage\redhat.java\1.51.0\config_win\org.eclipse.equinox.launcher\org.eclipse.equinox.launcher.win32.win32.x86_64_1.2.1400.v20250801-0854\eclipse_11916.dll
Event: 71.742 Loaded shared library C:\Users\Administrator\AppData\Local\Temp\jna-146731693\jna7600231053310861219.dll
Event: 270.854 Loaded shared library C:\Users\Administrator\.antigravity\extensions\redhat.java-1.51.0-win32-x64\jre\21.0.9-win32-x86_64\bin\sunmscapi.dll
Event: 272.870 Loaded shared library C:\Users\Administrator\.antigravity\extensions\redhat.java-1.51.0-win32-x64\jre\21.0.9-win32-x86_64\bin\extnet.dll

Deoptimization events (20 events):
Event: 2315.148 Thread 0x000001c8f77d5df0 DEOPT PACKING pc=0x000001c8a1a10648 sp=0x000000c4c63fdf80
Event: 2315.148 Thread 0x000001c8f77d5df0 DEOPT UNPACKING pc=0x000001c8a14b3aa2 sp=0x000000c4c63fdf10 mode 2
Event: 2315.334 Thread 0x000001c8f83fabc0 DEOPT PACKING pc=0x000001c89c2e1504 sp=0x000000c4c65fec10
Event: 2315.334 Thread 0x000001c8f83fabc0 DEOPT UNPACKING pc=0x000001c8a14b4242 sp=0x000000c4c65fe168 mode 0
Event: 2315.339 Thread 0x000001c8f77d5df0 DEOPT PACKING pc=0x000001c89bb8f1a9 sp=0x000000c4c63fe1d0
Event: 2315.339 Thread 0x000001c8f77d5df0 DEOPT UNPACKING pc=0x000001c8a14b4242 sp=0x000000c4c63fd6e8 mode 0
Event: 2315.652 Thread 0x000001c8f77d5df0 DEOPT PACKING pc=0x000001c89bb8f1a9 sp=0x000000c4c63fd720
Event: 2315.652 Thread 0x000001c8f77d5df0 DEOPT UNPACKING pc=0x000001c8a14b4242 sp=0x000000c4c63fcc38 mode 0
Event: 2315.797 Thread 0x000001c8f77d5df0 DEOPT PACKING pc=0x000001c89b6b6432 sp=0x000000c4c63fd050
Event: 2315.797 Thread 0x000001c8f77d5df0 DEOPT UNPACKING pc=0x000001c8a14b4242 sp=0x000000c4c63fc5e8 mode 0
Event: 2315.984 Thread 0x000001c8f83fd9b0 DEOPT PACKING pc=0x000001c89b6b6432 sp=0x000000c4c66fe600
Event: 2315.984 Thread 0x000001c8f83fd9b0 DEOPT UNPACKING pc=0x000001c8a14b4242 sp=0x000000c4c66fdb78 mode 0
Event: 2316.013 Thread 0x000001c8f83fd9b0 DEOPT PACKING pc=0x000001c89b6b6432 sp=0x000000c4c66fdc80
Event: 2316.013 Thread 0x000001c8f83fd9b0 DEOPT UNPACKING pc=0x000001c8a14b4242 sp=0x000000c4c66fd1f8 mode 0
Event: 2316.022 Thread 0x000001c8f77d5df0 DEOPT PACKING pc=0x000001c89c52460b sp=0x000000c4c63fe030
Event: 2316.022 Thread 0x000001c8f77d5df0 DEOPT UNPACKING pc=0x000001c8a14b4242 sp=0x000000c4c63fd4a0 mode 0
Event: 2318.358 Thread 0x000001c8f77d5df0 DEOPT PACKING pc=0x000001c89b6b6432 sp=0x000000c4c63fe3e0
Event: 2318.359 Thread 0x000001c8f77d5df0 DEOPT UNPACKING pc=0x000001c8a14b4242 sp=0x000000c4c63fd958 mode 0
Event: 2318.384 Thread 0x000001c8f77d5df0 DEOPT PACKING pc=0x000001c899ff1657 sp=0x000000c4c63fe7e0
Event: 2318.384 Thread 0x000001c8f77d5df0 DEOPT UNPACKING pc=0x000001c8a14b4242 sp=0x000000c4c63fdd10 mode 0

Classes loaded (20 events):
Event: 1031.424 Loading class java/util/stream/Nodes$ConcNode
Event: 1031.427 Loading class java/util/stream/Nodes$AbstractConcNode
Event: 1031.430 Loading class java/util/stream/Nodes$AbstractConcNode done
Event: 1031.430 Loading class java/util/stream/Nodes$ConcNode done
Event: 1031.555 Loading class java/io/ObjectOutputStream$BlockDataOutputStream
Event: 1031.559 Loading class java/io/ObjectOutputStream$BlockDataOutputStream done
Event: 1031.559 Loading class java/io/ObjectOutputStream$HandleTable
Event: 1031.561 Loading class java/io/ObjectOutputStream$HandleTable done
Event: 1031.561 Loading class java/io/ObjectOutputStream$ReplaceTable
Event: 1031.563 Loading class java/io/ObjectOutputStream$ReplaceTable done
Event: 2310.897 Loading class java/util/stream/SliceOps
Event: 2310.923 Loading class java/util/stream/SliceOps done
Event: 2310.923 Loading class java/util/stream/SliceOps$1
Event: 2310.932 Loading class java/util/stream/SliceOps$1 done
Event: 2311.188 Loading class java/util/stream/SliceOps$1$1
Event: 2311.195 Loading class java/util/stream/SliceOps$1$1 done
Event: 2314.070 Loading class jdk/internal/module/IllegalAccessLogger
Event: 2314.073 Loading class jdk/internal/module/IllegalAccessLogger done
Event: 2316.800 Loading class java/nio/BufferMismatch
Event: 2316.805 Loading class java/nio/BufferMismatch done

Classes unloaded (7 events):
Event: 92.651 Thread 0x000001c8ad782680 Unloading class 0x000001c8af1a5000 'java/lang/invoke/LambdaForm$MH+0x000001c8af1a5000'
Event: 92.665 Thread 0x000001c8ad782680 Unloading class 0x000001c8af1a4c00 'java/lang/invoke/LambdaForm$MH+0x000001c8af1a4c00'
Event: 92.665 Thread 0x000001c8ad782680 Unloading class 0x000001c8af1a4800 'java/lang/invoke/LambdaForm$MH+0x000001c8af1a4800'
Event: 92.665 Thread 0x000001c8ad782680 Unloading class 0x000001c8af1a4400 'java/lang/invoke/LambdaForm$MH+0x000001c8af1a4400'
Event: 92.665 Thread 0x000001c8ad782680 Unloading class 0x000001c8af1a4000 'java/lang/invoke/LambdaForm$BMH+0x000001c8af1a4000'
Event: 92.665 Thread 0x000001c8ad782680 Unloading class 0x000001c8af1a3c00 'java/lang/invoke/LambdaForm$DMH+0x000001c8af1a3c00'
Event: 92.665 Thread 0x000001c8ad782680 Unloading class 0x000001c8af1a2800 'java/lang/invoke/LambdaForm$DMH+0x000001c8af1a2800'

Classes redefined (0 events):
No events

Internal exceptions (20 events):
Event: 738.932 Thread 0x000001c8f516b470 Exception <a 'java/io/FileNotFoundException'{0x00000000d59d66a0}> (0x00000000d59d66a0) 
thrown [s\src\hotspot\share\prims\jni.cpp, line 520]
Event: 738.933 Thread 0x000001c8f516b470 Exception <a 'java/io/FileNotFoundException'{0x00000000d59d76e8}> (0x00000000d59d76e8) 
thrown [s\src\hotspot\share\prims\jni.cpp, line 520]
Event: 739.965 Thread 0x000001c8f516b470 Exception <a 'sun/nio/fs/WindowsException'{0x00000000d599a330}> (0x00000000d599a330) 
thrown [s\src\hotspot\share\prims\jni.cpp, line 520]
Event: 1031.527 Thread 0x000001c8f54132c0 Exception <a 'sun/nio/fs/WindowsException'{0x00000000d5a5cdc0}> (0x00000000d5a5cdc0) 
thrown [s\src\hotspot\share\prims\jni.cpp, line 520]
Event: 1031.528 Thread 0x000001c8f54132c0 Exception <a 'sun/nio/fs/WindowsException'{0x00000000d5a5d640}> (0x00000000d5a5d640) 
thrown [s\src\hotspot\share\prims\jni.cpp, line 520]
Event: 1031.533 Thread 0x000001c8f54132c0 Implicit null exception at 0x000001c8a20c4789 to 0x000001c8a20c4a48
Event: 1031.618 Thread 0x000001c8f54132c0 Exception <a 'java/lang/NoSuchMethodError'{0x00000000d5af4880}: static [J.<clinit>()V> (0x00000000d5af4880) 
thrown [s\src\hotspot\share\prims\jni.cpp, line 1111]
Event: 1031.648 Thread 0x000001c8f54132c0 Exception <a 'java/lang/NoSuchMethodError'{0x00000000d5b2c228}: 'java.lang.Object java.lang.invoke.DirectMethodHandle$Holder.newInvokeSpecial(java.lang.Object, java.lang.Object, java.lang.Object, java.lang.Object, java.lang.Object, java.lang.Object, java.lang.Object, java.lang.Object)'> (0x00000000d5b2c228) 
thrown [s\src\hotspot\share\interpreter\linkResolver.cpp, line 773]
Event: 2312.488 Thread 0x000001c8f516f610 Exception <a 'sun/nio/fs/WindowsException'{0x00000000d59857a8}> (0x00000000d59857a8) 
thrown [s\src\hotspot\share\prims\jni.cpp, line 520]
Event: 2313.860 Thread 0x000001c8f516f610 Exception <a 'sun/nio/fs/WindowsException'{0x00000000d558a0c8}> (0x00000000d558a0c8) 
thrown [s\src\hotspot\share\prims\jni.cpp, line 520]
Event: 2316.022 Thread 0x000001c8f83fd9b0 Implicit null exception at 0x000001c89c03d51b to 0x000001c89c040d8b
Event: 2316.023 Thread 0x000001c8f83fd9b0 Exception <a 'java/lang/NullPointerException'{0x00000000d5688b30}> (0x00000000d5688b30) 
thrown [s\src\hotspot\share\runtime\sharedRuntime.cpp, line 625]
Event: 2316.023 Thread 0x000001c8f83fd9b0 Implicit null exception at 0x000001c89c03d51b to 0x000001c89c040d8b
Event: 2316.023 Thread 0x000001c8f83fd9b0 Exception <a 'java/lang/NullPointerException'{0x00000000d568a170}> (0x00000000d568a170) 
thrown [s\src\hotspot\share\runtime\sharedRuntime.cpp, line 625]
Event: 2316.023 Thread 0x000001c8f83fd9b0 Implicit null exception at 0x000001c89c03d51b to 0x000001c89c040d8b
Event: 2316.023 Thread 0x000001c8f83fd9b0 Exception <a 'java/lang/NullPointerException'{0x00000000d569f030}> (0x00000000d569f030) 
thrown [s\src\hotspot\share\runtime\sharedRuntime.cpp, line 625]
Event: 2316.023 Thread 0x000001c8f83fd9b0 Implicit null exception at 0x000001c89c03d51b to 0x000001c89c040d8b
Event: 2316.024 Thread 0x000001c8f83fd9b0 Exception <a 'java/lang/NullPointerException'{0x00000000d569fdd8}> (0x00000000d569fdd8) 
thrown [s\src\hotspot\share\runtime\sharedRuntime.cpp, line 625]
Event: 2316.024 Thread 0x000001c8f83fd9b0 Implicit null exception at 0x000001c89c03d51b to 0x000001c89c040d8b
Event: 2316.024 Thread 0x000001c8f83fd9b0 Exception <a 'java/lang/NullPointerException'{0x00000000d56a0898}> (0x00000000d56a0898) 
thrown [s\src\hotspot\share\runtime\sharedRuntime.cpp, line 625]

ZGC Phase Switch (0 events):
No events

VM Operations (20 events):
Event: 2316.002 Executing VM operation: ParallelGCFailedAllocation (Allocation Failure)
Event: 2316.006 Executing VM operation: ParallelGCFailedAllocation (Allocation Failure) done
Event: 2316.130 Executing VM operation: ParallelGCFailedAllocation (Allocation Failure)
Event: 2316.133 Executing VM operation: ParallelGCFailedAllocation (Allocation Failure) done
Event: 2316.275 Executing VM operation: ParallelGCFailedAllocation (Allocation Failure)
Event: 2316.278 Executing VM operation: ParallelGCFailedAllocation (Allocation Failure) done
Event: 2316.836 Executing VM operation: ParallelGCFailedAllocation (Allocation Failure)
Event: 2316.846 Executing VM operation: ParallelGCFailedAllocation (Allocation Failure) done
Event: 2317.848 Executing VM operation: Cleanup
Event: 2317.848 Executing VM operation: Cleanup done
Event: 2318.400 Executing VM operation: ParallelGCFailedAllocation (Allocation Failure)
Event: 2318.421 Executing VM operation: ParallelGCFailedAllocation (Allocation Failure) done
Event: 2318.488 Executing VM operation: ParallelGCFailedAllocation (Allocation Failure)
Event: 2318.494 Executing VM operation: ParallelGCFailedAllocation (Allocation Failure) done
Event: 2318.530 Executing VM operation: ParallelGCFailedAllocation (Allocation Failure)
Event: 2318.533 Executing VM operation: ParallelGCFailedAllocation (Allocation Failure) done
Event: 2318.556 Executing VM operation: ParallelGCFailedAllocation (Allocation Failure)
Event: 2318.559 Executing VM operation: ParallelGCFailedAllocation (Allocation Failure) done
Event: 2318.592 Executing VM operation: ParallelGCFailedAllocation (Allocation Failure)
Event: 2318.594 Executing VM operation: ParallelGCFailedAllocation (Allocation Failure) done

Memory protections (0 events):
No events

Nmethod flushes (20 events):
Event: 279.989 Thread 0x000001c8ad782680 flushing  nmethod 0x000001c89a823090
Event: 279.989 Thread 0x000001c8ad782680 flushing  nmethod 0x000001c89a828090
Event: 279.989 Thread 0x000001c8ad782680 flushing  nmethod 0x000001c89a82b690
Event: 279.989 Thread 0x000001c8ad782680 flushing  nmethod 0x000001c89a831b90
Event: 279.989 Thread 0x000001c8ad782680 flushing  nmethod 0x000001c89a832610
Event: 279.989 Thread 0x000001c8ad782680 flushing  nmethod 0x000001c89a844190
Event: 279.989 Thread 0x000001c8ad782680 flushing  nmethod 0x000001c89a846710
Event: 279.989 Thread 0x000001c8ad782680 flushing  nmethod 0x000001c89a862110
Event: 279.989 Thread 0x000001c8ad782680 flushing  nmethod 0x000001c89a863d10
Event: 279.989 Thread 0x000001c8ad782680 flushing  nmethod 0x000001c89a864610
Event: 279.989 Thread 0x000001c8ad782680 flushing  nmethod 0x000001c89a864d90
Event: 279.989 Thread 0x000001c8ad782680 flushing  nmethod 0x000001c89a865710
Event: 279.989 Thread 0x000001c8ad782680 flushing  nmethod 0x000001c89a871d90
Event: 279.989 Thread 0x000001c8ad782680 flushing  nmethod 0x000001c89a878090
Event: 279.989 Thread 0x000001c8ad782680 flushing  nmethod 0x000001c89a894e90
Event: 279.989 Thread 0x000001c8ad782680 flushing  nmethod 0x000001c89a898690
Event: 279.989 Thread 0x000001c8ad782680 flushing  nmethod 0x000001c89a8b3490
Event: 279.989 Thread 0x000001c8ad782680 flushing osr nmethod 0x000001c89a904290
Event: 279.989 Thread 0x000001c8ad782680 flushing  nmethod 0x000001c89a90b090
Event: 279.989 Thread 0x000001c8ad782680 flushing  nmethod 0x000001c89a99c410

Events (20 events):
Event: 1037.045 Thread 0x000001c8f516ef80 Thread exited: 0x000001c8f516ef80
Event: 1037.049 Thread 0x000001c8f540d050 Thread exited: 0x000001c8f540d050
Event: 1037.164 Thread 0x000001c8f516ade0 Thread exited: 0x000001c8f516ade0
Event: 1037.274 Thread 0x000001c8f540c330 Thread exited: 0x000001c8f540c330
Event: 1037.305 Thread 0x000001c8f540c9c0 Thread exited: 0x000001c8f540c9c0
Event: 1037.917 Thread 0x000001c8f77d15c0 Thread exited: 0x000001c8f77d15c0
Event: 1038.160 Thread 0x000001c8f54104d0 Thread exited: 0x000001c8f54104d0
Event: 1091.739 Thread 0x000001c8f77d6480 Thread exited: 0x000001c8f77d6480
Event: 1151.728 Thread 0x000001c8f77d5760 Thread exited: 0x000001c8f77d5760
Event: 1211.736 Thread 0x000001c8f77d4a40 Thread exited: 0x000001c8f77d4a40
Event: 2310.595 Thread 0x000001c8f540bca0 Thread added: 0x000001c8f83fcc90
Event: 2312.560 Thread 0x000001c8f54132c0 Thread added: 0x000001c8f83fa530
Event: 2312.816 Thread 0x000001c8f77d5df0 Thread added: 0x000001c8f83fabc0
Event: 2314.091 Thread 0x000001c8f77d5df0 Thread added: 0x000001c8f83fd9b0
Event: 2314.159 Thread 0x000001c8f83fa530 Thread added: 0x000001c8f83fe040
Event: 2315.324 Thread 0x000001c8f77d5df0 Thread added: 0x000001c8f83fe6d0
Event: 2315.324 Thread 0x000001c8f77d5df0 Thread added: 0x000001c8f83fb250
Event: 2315.326 Thread 0x000001c8f77d5df0 Thread added: 0x000001c8f83fed60
Event: 2315.327 Thread 0x000001c8f77d5df0 Thread added: 0x000001c8f83fbf70
Event: 2315.329 Thread 0x000001c8f77d5df0 Thread added: 0x000001c8f83fc600


Dynamic libraries:
0x00007ff796350000 - 0x00007ff79635e000 	c:\Users\Administrator\.antigravity\extensions\redhat.java-1.51.0-win32-x64\jre\21.0.9-win32-x86_64\bin\java.exe
0x00007ffd13080000 - 0x00007ffd13270000 	C:\Windows\SYSTEM32\ntdll.dll
0x00007ffd116a0000 - 0x00007ffd11752000 	C:\Windows\System32\KERNEL32.DLL
0x00007ffd10c00000 - 0x00007ffd10ea5000 	C:\Windows\System32\KERNELBASE.dll
0x00007ffd10b00000 - 0x00007ffd10bfa000 	C:\Windows\System32\ucrtbase.dll
0x00007ffce0790000 - 0x00007ffce07ae000 	c:\Users\Administrator\.antigravity\extensions\redhat.java-1.51.0-win32-x64\jre\21.0.9-win32-x86_64\bin\VCRUNTIME140.dll
0x00007ffce06d0000 - 0x00007ffce06e8000 	c:\Users\Administrator\.antigravity\extensions\redhat.java-1.51.0-win32-x64\jre\21.0.9-win32-x86_64\bin\jli.dll
0x00007ffd12600000 - 0x00007ffd12794000 	C:\Windows\System32\USER32.dll
0x00007ffd0fff0000 - 0x00007ffd10011000 	C:\Windows\System32\win32u.dll
0x00007ffd11670000 - 0x00007ffd11696000 	C:\Windows\System32\GDI32.dll
0x00007ffd108b0000 - 0x00007ffd10a48000 	C:\Windows\System32\gdi32full.dll
0x00007ffd10810000 - 0x00007ffd108ae000 	C:\Windows\System32\msvcp_win.dll
0x00007ffcf7250000 - 0x00007ffcf74d4000 	C:\Windows\WinSxS\amd64_microsoft.windows.common-controls_6595b64144ccf1df_6.0.18362.1556_none_9e7e372fe45e41d5\COMCTL32.dll
0x00007ffd11760000 - 0x00007ffd117fe000 	C:\Windows\System32\msvcrt.dll
0x00007ffd12940000 - 0x00007ffd12c76000 	C:\Windows\System32\combase.dll
0x00007ffd12820000 - 0x00007ffd1293f000 	C:\Windows\System32\RPCRT4.dll
0x00007ffd10eb0000 - 0x00007ffd10f31000 	C:\Windows\System32\bcryptPrimitives.dll
0x00007ffd12dc0000 - 0x00007ffd12dee000 	C:\Windows\System32\IMM32.DLL
0x00007ffd01700000 - 0x00007ffd0170c000 	c:\Users\Administrator\.antigravity\extensions\redhat.java-1.51.0-win32-x64\jre\21.0.9-win32-x86_64\bin\vcruntime140_1.dll
0x00007ffcc6690000 - 0x00007ffcc671d000 	c:\Users\Administrator\.antigravity\extensions\redhat.java-1.51.0-win32-x64\jre\21.0.9-win32-x86_64\bin\msvcp140.dll
0x00007ffc9cdb0000 - 0x00007ffc9db50000 	c:\Users\Administrator\.antigravity\extensions\redhat.java-1.51.0-win32-x64\jre\21.0.9-win32-x86_64\bin\server\jvm.dll
0x00007ffd12470000 - 0x00007ffd12513000 	C:\Windows\System32\ADVAPI32.dll
0x00007ffd12df0000 - 0x00007ffd12e87000 	C:\Windows\System32\sechost.dll
0x00007ffd0ff40000 - 0x00007ffd0ff8a000 	C:\Windows\System32\POWRPROF.dll
0x00007ffd0ff30000 - 0x00007ffd0ff40000 	C:\Windows\System32\UMPDC.dll
0x00007ffd12e90000 - 0x00007ffd12eff000 	C:\Windows\System32\WS2_32.dll
0x00007ffd06660000 - 0x00007ffd0666a000 	C:\Windows\SYSTEM32\VERSION.dll
0x00007ffd08fa0000 - 0x00007ffd08fc4000 	C:\Windows\SYSTEM32\WINMM.dll
0x00007ffd08f70000 - 0x00007ffd08f9d000 	C:\Windows\SYSTEM32\WINMMBASE.dll
0x00007ffd10020000 - 0x00007ffd1006a000 	C:\Windows\System32\cfgmgr32.dll
0x00007ffd0ffb0000 - 0x00007ffd0ffc1000 	C:\Windows\System32\kernel.appcore.dll
0x00007ffcfcbd0000 - 0x00007ffcfcbda000 	c:\Users\Administrator\.antigravity\extensions\redhat.java-1.51.0-win32-x64\jre\21.0.9-win32-x86_64\bin\jimage.dll
0x00007ffd0e840000 - 0x00007ffd0ea34000 	C:\Windows\SYSTEM32\DBGHELP.DLL
0x00007ffcf46e0000 - 0x00007ffcf470a000 	C:\Windows\SYSTEM32\dbgcore.DLL
0x00007ffcfc9d0000 - 0x00007ffcfc9df000 	c:\Users\Administrator\.antigravity\extensions\redhat.java-1.51.0-win32-x64\jre\21.0.9-win32-x86_64\bin\instrument.dll
0x00007ffcda900000 - 0x00007ffcda920000 	c:\Users\Administrator\.antigravity\extensions\redhat.java-1.51.0-win32-x64\jre\21.0.9-win32-x86_64\bin\java.dll
0x00007ffd11c40000 - 0x00007ffd12327000 	C:\Windows\System32\SHELL32.dll
0x00007ffd12d10000 - 0x00007ffd12db8000 	C:\Windows\System32\shcore.dll
0x00007ffd10090000 - 0x00007ffd1080b000 	C:\Windows\System32\windows.storage.dll
0x00007ffd0ff90000 - 0x00007ffd0ffae000 	C:\Windows\System32\profapi.dll
0x00007ffd11be0000 - 0x00007ffd11c32000 	C:\Windows\System32\shlwapi.dll
0x00007ffd10070000 - 0x00007ffd10087000 	C:\Windows\System32\cryptsp.dll
0x00007ffcd8600000 - 0x00007ffcd8618000 	c:\Users\Administrator\.antigravity\extensions\redhat.java-1.51.0-win32-x64\jre\21.0.9-win32-x86_64\bin\zip.dll
0x00007ffcfc6a0000 - 0x00007ffcfc6b0000 	C:\Users\Administrator\.antigravity\extensions\redhat.java-1.51.0-win32-x64\jre\21.0.9-win32-x86_64\bin\net.dll
0x00007ffd08d40000 - 0x00007ffd08e3a000 	C:\Windows\SYSTEM32\WINHTTP.dll
0x00007ffd0f770000 - 0x00007ffd0f7d7000 	C:\Windows\system32\mswsock.dll
0x00007ffcd4ab0000 - 0x00007ffcd4ac6000 	C:\Users\Administrator\.antigravity\extensions\redhat.java-1.51.0-win32-x64\jre\21.0.9-win32-x86_64\bin\nio.dll
0x00007ffcfb0d0000 - 0x00007ffcfb0e0000 	c:\Users\Administrator\.antigravity\extensions\redhat.java-1.51.0-win32-x64\jre\21.0.9-win32-x86_64\bin\verify.dll
0x00007ffcc6640000 - 0x00007ffcc6684000 	C:\Users\Administrator\AppData\Roaming\Antigravity\User\globalStorage\redhat.java\1.51.0\config_win\org.eclipse.equinox.launcher\org.eclipse.equinox.launcher.win32.win32.x86_64_1.2.1400.v20250801-0854\eclipse_11916.dll
0x00007ffd119b0000 - 0x00007ffd11b07000 	C:\Windows\System32\ole32.dll
0x00007ffd0f2f0000 - 0x00007ffd0f323000 	C:\Windows\system32\rsaenh.dll
0x00007ffd10f40000 - 0x00007ffd10f66000 	C:\Windows\System32\bcrypt.dll
0x00007ffd0fe20000 - 0x00007ffd0fe45000 	C:\Windows\SYSTEM32\USERENV.dll
0x00007ffd0f940000 - 0x00007ffd0f94c000 	C:\Windows\SYSTEM32\CRYPTBASE.dll
0x00007ffd0f480000 - 0x00007ffd0f4ba000 	C:\Windows\SYSTEM32\IPHLPAPI.DLL
0x00007ffd125f0000 - 0x00007ffd125f8000 	C:\Windows\System32\NSI.dll
0x00007ffcce700000 - 0x00007ffcce749000 	C:\Users\Administrator\AppData\Local\Temp\jna-146731693\jna7600231053310861219.dll
0x00007ffd12c80000 - 0x00007ffd12c88000 	C:\Windows\System32\PSAPI.DLL
0x00007ffd04fe0000 - 0x00007ffd04ff6000 	C:\Windows\SYSTEM32\dhcpcsvc6.DLL
0x00007ffd06180000 - 0x00007ffd0619c000 	C:\Windows\SYSTEM32\dhcpcsvc.DLL
0x00007ffd055e0000 - 0x00007ffd055ee000 	C:\Users\Administrator\.antigravity\extensions\redhat.java-1.51.0-win32-x64\jre\21.0.9-win32-x86_64\bin\sunmscapi.dll
0x00007ffd10fd0000 - 0x00007ffd11121000 	C:\Windows\System32\CRYPT32.dll
0x00007ffd0ffd0000 - 0x00007ffd0ffe2000 	C:\Windows\System32\MSASN1.dll
0x00007ffd0fa50000 - 0x00007ffd0fa76000 	C:\Windows\SYSTEM32\ncrypt.dll
0x00007ffd0fa10000 - 0x00007ffd0fa4b000 	C:\Windows\SYSTEM32\NTASN1.dll
0x00007ffd0f4c0000 - 0x00007ffd0f58b000 	C:\Windows\SYSTEM32\DNSAPI.dll
0x00007ffd04160000 - 0x00007ffd0416a000 	C:\Windows\System32\rasadhlp.dll
0x00007ffd040e0000 - 0x00007ffd04157000 	C:\Windows\System32\fwpuclnt.dll
0x00007ffd03290000 - 0x00007ffd03299000 	C:\Users\Administrator\.antigravity\extensions\redhat.java-1.51.0-win32-x64\jre\21.0.9-win32-x86_64\bin\extnet.dll
0x00007ffd0ef70000 - 0x00007ffd0efa1000 	C:\Windows\SYSTEM32\ntmarta.dll

JVMTI agents:
c:\Users\Administrator\.antigravity\extensions\redhat.java-1.51.0-win32-x64\lombok\lombok-1.18.39-4050.jar path:c:\Users\Administrator\.antigravity\extensions\redhat.java-1.51.0-win32-x64\jre\21.0.9-win32-x86_64\bin\instrument.dll, loaded, initialized, instrumentlib options:none

dbghelp: loaded successfully - version: 4.0.5 - missing functions: none
symbol engine: initialized successfully - sym options: 0x614 - pdb path: .;c:\Users\Administrator\.antigravity\extensions\redhat.java-1.51.0-win32-x64\jre\21.0.9-win32-x86_64\bin;C:\Windows\SYSTEM32;C:\Windows\WinSxS\amd64_microsoft.windows.common-controls_6595b64144ccf1df_6.0.18362.1556_none_9e7e372fe45e41d5;c:\Users\Administrator\.antigravity\extensions\redhat.java-1.51.0-win32-x64\jre\21.0.9-win32-x86_64\bin\server;C:\Users\Administrator\AppData\Roaming\Antigravity\User\globalStorage\redhat.java\1.51.0\config_win\org.eclipse.equinox.launcher\org.eclipse.equinox.launcher.win32.win32.x86_64_1.2.1400.v20250801-0854;C:\Users\Administrator\AppData\Local\Temp\jna-146731693

VM Arguments:
jvm_args: --add-modules=ALL-SYSTEM --add-opens=java.base/java.util=ALL-UNNAMED --add-opens=java.base/java.lang=ALL-UNNAMED --add-opens=java.base/sun.nio.fs=ALL-UNNAMED -Declipse.application=org.eclipse.jdt.ls.core.id1 -Dosgi.bundles.defaultStartLevel=4 -Declipse.product=org.eclipse.jdt.ls.core.product -Djava.import.generatesMetadataFilesAtProjectRoot=false -DDetectVMInstallationsJob.disabled=true -Dfile.encoding=utf8 -XX:+UseParallelGC -XX:GCTimeRatio=4 -XX:AdaptiveSizePolicyWeight=90 -Dsun.zip.disableMemoryMapping=true -Xmx2G -Xms100m -Xlog:disable -javaagent:c:\Users\Administrator\.antigravity\extensions\redhat.java-1.51.0-win32-x64\lombok\lombok-1.18.39-4050.jar -XX:+HeapDumpOnOutOfMemoryError -XX:HeapDumpPath=c:\Users\Administrator\AppData\Roaming\Antigravity\User\workspaceStorage\9dc1cad281cafc8938dd036e9dabeaab\redhat.java -Daether.dependencyCollector.impl=bf 
java_command: c:\Users\Administrator\.antigravity\extensions\redhat.java-1.51.0-win32-x64\server\plugins\org.eclipse.equinox.launcher_1.7.100.v20251111-0406.jar -configuration c:\Users\Administrator\AppData\Roaming\Antigravity\User\globalStorage\redhat.java\1.51.0\config_win -data c:\Users\Administrator\AppData\Roaming\Antigravity\User\workspaceStorage\9dc1cad281cafc8938dd036e9dabeaab\redhat.java\jdt_ws --pipe=\\.\pipe\lsp-2090c0fca71a5138550219d28e1c850a-sock
java_class_path (initial): c:\Users\Administrator\.antigravity\extensions\redhat.java-1.51.0-win32-x64\server\plugins\org.eclipse.equinox.launcher_1.7.100.v20251111-0406.jar
Launcher Type: SUN_STANDARD

[Global flags]
    uintx AdaptiveSizePolicyWeight                 = 90                                        {product} {command line}
     intx CICompilerCount                          = 4                                         {product} {ergonomic}
    uintx GCTimeRatio                              = 4                                         {product} {command line}
     bool HeapDumpOnOutOfMemoryError               = true                                   {manageable} {command line}
    ccstr HeapDumpPath                             = c:\Users\Administrator\AppData\Roaming\Antigravity\User\workspaceStorage\9dc1cad281cafc8938dd036e9dabeaab\redhat.java         {manageable} {command line}
   size_t InitialHeapSize                          = 104857600                                 {product} {command line}
   size_t MaxHeapSize                              = 2147483648                                {product} {command line}
   size_t MaxNewSize                               = 715653120                                 {product} {ergonomic}
   size_t MinHeapDeltaBytes                        = 524288                                    {product} {ergonomic}
   size_t MinHeapSize                              = 104857600                                 {product} {command line}
   size_t NewSize                                  = 34603008                                  {product} {ergonomic}
    uintx NonNMethodCodeHeapSize                   = 5839372                                {pd product} {ergonomic}
    uintx NonProfiledCodeHeapSize                  = 122909434                              {pd product} {ergonomic}
   size_t OldSize                                  = 70254592                                  {product} {ergonomic}
    uintx ProfiledCodeHeapSize                     = 122909434                              {pd product} {ergonomic}
    uintx ReservedCodeCacheSize                    = 251658240                              {pd product} {ergonomic}
     bool SegmentedCodeCache                       = true                                      {product} {ergonomic}
   size_t SoftMaxHeapSize                          = 2147483648                             {manageable} {ergonomic}
     bool UseCompressedOops                        = true                           {product lp64_product} {ergonomic}
     bool UseLargePagesIndividualAllocation        = false                                  {pd product} {ergonomic}
     bool UseParallelGC                            = true                                      {product} {command line}

Logging:
Log output configuration:
 #0: stdout all=off uptime,level,tags foldmultilines=false
 #1: stderr all=off uptime,level,tags foldmultilines=false

Release file:
JAVA_VERSION="21.0.9" 
MODULES="java.base java.compiler java.datatransfer java.xml java.prefs java.desktop java.instrument java.logging java.management java.security.sasl java.naming java.rmi java.management.rmi java.net.http java.scripting java.security.jgss java.transaction.xa java.sql java.sql.rowset java.xml.crypto java.se java.smartcardio jdk.accessibility jdk.internal.jvmstat jdk.attach jdk.charsets jdk.internal.opt jdk.zipfs jdk.compiler jdk.crypto.ec jdk.crypto.cryptoki jdk.crypto.mscapi jdk.dynalink jdk.internal.ed jdk.editpad jdk.hotspot.agent jdk.httpserver jdk.internal.le jdk.internal.vm.ci jdk.internal.vm.compiler jdk.internal.vm.compiler.management jdk.jartool jdk.javadoc jdk.jcmd jdk.management jdk.management.agent jdk.jconsole jdk.jdeps jdk.jdwp.agent jdk.jdi jdk.jfr jdk.jshell jdk.jsobject jdk.jstatd jdk.localedata jdk.management.jfr jdk.naming.dns jdk.naming.rmi jdk.net jdk.nio.mapmode jdk.random jdk.sctp jdk.security.auth jdk.security.jgss jdk.unsupported jdk.unsupported.desktop jdk.xml.dom" 

Environment Variables:
JAVA_HOME=D:\datn\jdk-17.0.16+8
PATH=d:\cursor\resources\app\bin;C:\Program Files\Python313\Scripts\;C:\Program Files\Python313\;C:\php-8.3.14-nts-Win32-vs16-x64;C:\Windows\system32;C:\Windows;C:\Windows\System32\Wbem;C:\Windows\System32\WindowsPowerShell\v1.0\;C:\Windows\System32\OpenSSH\;C:\Program Files\Microsoft SQL Server\Client SDK\ODBC\170\Tools\Binn\;C:\Program Files (x86)\Microsoft SQL Server\150\Tools\Binn\;C:\Program Files\Microsoft SQL Server\150\Tools\Binn\;C:\Program Files\Microsoft SQL Server\150\DTS\Binn\;C:\Program Files\Azure Data Studio\bin;C:\Program Files\dotnet\;D:\Git\cmd;C:\php-8.4.0-nts-Win32-vs17-x64;C:\ProgramData\ComposerSetup\bin;D:\datn\jdk-17.0.16+8\bin;C:\axis2-1.8.2\bin;D:\datn\apache-maven-3.9.11\bin;C:\Program Files\nodejs\;C:\php-8.4.0-nts-Win32-vs17-x64;C:\Users\Administrator\AppData\Local\Microsoft\WindowsApps;C:\Program Files\Azure Data Studio\bin;C:\Users\Administrator\.dotnet\tools;C:\php-8.3.14-nts-Win32-vs16-x64;C:\Users\Administrator\AppData\Roaming\Composer\vendor\bin;D:\datn\jdk-17.0.16+8;C:\axis2-1.;C:\php-8.4.0-nts-Win32-vs17-x64;C:\Users\Administrator\AppData\Local\Microsoft\WindowsApps;C:\Program Files\Azure Data Studio\bin;C:\Users\Administrator\AppData\Local\Programs\Microsoft VS Code\bin;C:\Users\Administrator\.dotnet\tools;C:\php-8.3.14-nts-Win32-vs16-x64;C:\Users\Administrator\AppData\Roaming\Composer\vendor\bin;D:\datn\jdk-17.0.16+8;C:\axis2-1.8.2;D:\cursor\resources\app\bin;D:\datn\apache-maven-3.9.11\bin;C:\Users\Administrator\AppData\Roaming\npm;C:\Users\Administrator\AppData\Local\Programs\Antigravity\bin
USERNAME=Administrator
OS=Windows_NT
PROCESSOR_IDENTIFIER=Intel64 Family 6 Model 142 Stepping 12, GenuineIntel
TMP=C:\Users\ADMINI~1\AppData\Local\Temp
TEMP=C:\Users\ADMINI~1\AppData\Local\Temp




Periodic native trim disabled

---------------  S Y S T E M  ---------------

OS:
 Windows 10 , 64 bit Build 18362 (10.0.18362.1500)
OS uptime: 22 days 0:23 hours

CPU: total 8 (initial active 8) (4 cores per cpu, 2 threads per core) family 6 model 142 stepping 12 microcode 0xde, cx8, cmov, fxsr, ht, mmx, 3dnowpref, sse, sse2, sse3, ssse3, sse4.1, sse4.2, popcnt, lzcnt, tsc, tscinvbit, avx, avx2, aes, erms, clmul, bmi1, bmi2, adx, fma, vzeroupper, clflush, clflushopt, rdtscp, f16c
Processor Information for the first 8 processors :
  Max Mhz: 1800, Current Mhz: 1600, Mhz Limit: 1584

Memory: 4k page, system-wide physical 3889M (187M free)
TotalPageFile size 15665M (AvailPageFile size 0M)
current process WorkingSet (physical memory assigned to process): 193M, peak: 242M
current process commit charge ("private bytes"): 555M, peak: 556M

vm_info: OpenJDK 64-Bit Server VM (21.0.9+10-LTS) for windows-amd64 JRE (21.0.9+10-LTS), built on 2025-10-21T00:00:00Z by "admin" with unknown MS VC++:1942

END.
