#
# There is insufficient memory for the Java Runtime Environment to continue.
# Native memory allocation (malloc) failed to allocate 1248976 bytes. Error detail: Chunk::new
# Possible reasons:
#   The system is out of physical RAM or swap space
#   This process is running with CompressedOops enabled, and the Java Heap may be blocking the growth of the native heap
# Possible solutions:
#   Reduce memory load on the system
#   Increase physical memory or swap space
#   Check if swap backing store is full
#   Decrease Java heap size (-Xmx/-Xms)
#   Decrease number of Java threads
#   Decrease Java thread stack sizes (-Xss)
#   Set larger code cache with -XX:ReservedCodeCacheSize=
#   JVM is running with Unscaled Compressed Oops mode in which the Java heap is
#     placed in the first 4GB address space. The Java Heap base address is the
#     maximum limit for the native heap growth. Please use -XX:HeapBaseMinAddress
#     to set the Java Heap base and to place the Java Heap above 4GB virtual address.
# This output file may be truncated or incomplete.
#
#  Out of Memory Error (arena.cpp:168), pid=10008, tid=13400
#
# JRE version: OpenJDK Runtime Environment Temurin-21.0.9+10 (21.0.9+10) (build 21.0.9+10-LTS)
# Java VM: OpenJDK 64-Bit Server VM Temurin-21.0.9+10 (21.0.9+10-LTS, mixed mode, sharing, tiered, compressed oops, compressed class ptrs, parallel gc, windows-amd64)
# No core dump will be written. Minidumps are not enabled by default on client versions of Windows
#

---------------  S U M M A R Y ------------

Command Line: --add-modules=ALL-SYSTEM --add-opens=java.base/java.util=ALL-UNNAMED --add-opens=java.base/java.lang=ALL-UNNAMED --add-opens=java.base/sun.nio.fs=ALL-UNNAMED -Declipse.application=org.eclipse.jdt.ls.core.id1 -Dosgi.bundles.defaultStartLevel=4 -Declipse.product=org.eclipse.jdt.ls.core.product -Djava.import.generatesMetadataFilesAtProjectRoot=false -DDetectVMInstallationsJob.disabled=true -Dfile.encoding=utf8 -XX:+UseParallelGC -XX:GCTimeRatio=4 -XX:AdaptiveSizePolicyWeight=90 -Dsun.zip.disableMemoryMapping=true -Xmx2G -Xms100m -Xlog:disable -javaagent:c:\Users\Administrator\.vscode\extensions\redhat.java-1.51.0-win32-x64\lombok\lombok-1.18.39-4050.jar c:\Users\Administrator\.vscode\extensions\redhat.java-1.51.0-win32-x64\server\plugins\org.eclipse.equinox.launcher_1.7.100.v20251111-0406.jar -configuration c:\Users\Administrator\AppData\Roaming\Code\User\globalStorage\redhat.java\1.51.0\config_ss_win -data c:\Users\Administrator\AppData\Roaming\Code\User\workspaceStorage\9dc1cad281cafc8938dd036e9dabeaab\redhat.java\ss_ws --pipe=\\.\pipe\lsp-4267d7db293fa3685b6a9d3c2acd513b-sock

Host: Intel(R) Core(TM) i5-8265U CPU @ 1.60GHz, 8 cores, 3G,  Windows 10 , 64 bit Build 18362 (10.0.18362.1500)
Time: Tue Jan 20 22:58:40 2026 SE Asia Standard Time elapsed time: 7.295239 seconds (0d 0h 0m 7s)

---------------  T H R E A D  ---------------

Current thread (0x000002126b37b270):  JavaThread "C2 CompilerThread0" daemon [_thread_in_native, id=13400, stack(0x0000003186b00000,0x0000003186c00000) (1024K)]


Current CompileTask:
C2:7295 2744       4       org.lombokweb.asm.ClassReader::readMethod (1070 bytes)

Stack: [0x0000003186b00000,0x0000003186c00000]
Native frames: (J=compiled Java code, j=interpreted, Vv=VM code, C=native code)
V  [jvm.dll+0x6d6e29]
V  [jvm.dll+0x8b4b76]
V  [jvm.dll+0x8b712e]
V  [jvm.dll+0x8b7813]
V  [jvm.dll+0x283d86]
V  [jvm.dll+0xc66ed]
V  [jvm.dll+0xc6c31]
V  [jvm.dll+0x3be501]
V  [jvm.dll+0x38ab92]
V  [jvm.dll+0x389fda]
V  [jvm.dll+0x24bfa0]
V  [jvm.dll+0x24b580]
V  [jvm.dll+0x1cb13e]
V  [jvm.dll+0x25b29d]
V  [jvm.dll+0x25982a]
V  [jvm.dll+0x3f7ea6]
V  [jvm.dll+0x85e9ad]
V  [jvm.dll+0x6d565d]
C  [ucrtbase.dll+0x210b2]
C  [KERNEL32.DLL+0x17c24]
C  [ntdll.dll+0x6d721]


---------------  P R O C E S S  ---------------

Threads class SMR info:
_java_thread_list=0x0000021271002820, length=19, elements={
0x00000212548fe170, 0x000002126b374770, 0x000002126b375690, 0x000002126b3767b0,
0x000002126b3774c0, 0x000002126b3785e0, 0x000002126b37a440, 0x000002126b37b270,
0x000002127103ca50, 0x0000021271278c70, 0x00000212712f0b20, 0x0000021271773590,
0x00000212716f1310, 0x000002127170fd90, 0x0000021271acf6b0, 0x0000021271c62680,
0x0000021271e51580, 0x0000021271a01870, 0x0000021271a01ed0
}

Java Threads: ( => current thread )
  0x00000212548fe170 JavaThread "main"                              [_thread_blocked, id=19288, stack(0x0000003186100000,0x0000003186200000) (1024K)]
  0x000002126b374770 JavaThread "Reference Handler"          daemon [_thread_blocked, id=6268, stack(0x0000003186500000,0x0000003186600000) (1024K)]
  0x000002126b375690 JavaThread "Finalizer"                  daemon [_thread_blocked, id=17964, stack(0x0000003186600000,0x0000003186700000) (1024K)]
  0x000002126b3767b0 JavaThread "Signal Dispatcher"          daemon [_thread_blocked, id=13072, stack(0x0000003186700000,0x0000003186800000) (1024K)]
  0x000002126b3774c0 JavaThread "Attach Listener"            daemon [_thread_blocked, id=16868, stack(0x0000003186800000,0x0000003186900000) (1024K)]
  0x000002126b3785e0 JavaThread "Service Thread"             daemon [_thread_blocked, id=17500, stack(0x0000003186900000,0x0000003186a00000) (1024K)]
  0x000002126b37a440 JavaThread "Monitor Deflation Thread"   daemon [_thread_blocked, id=18648, stack(0x0000003186a00000,0x0000003186b00000) (1024K)]
=>0x000002126b37b270 JavaThread "C2 CompilerThread0"         daemon [_thread_in_native, id=13400, stack(0x0000003186b00000,0x0000003186c00000) (1024K)]
  0x000002127103ca50 JavaThread "C1 CompilerThread0"         daemon [_thread_in_native, id=4660, stack(0x0000003186c00000,0x0000003186d00000) (1024K)]
  0x0000021271278c70 JavaThread "Common-Cleaner"             daemon [_thread_blocked, id=5556, stack(0x0000003186d00000,0x0000003186e00000) (1024K)]
  0x00000212712f0b20 JavaThread "Notification Thread"        daemon [_thread_blocked, id=2284, stack(0x0000003186e00000,0x0000003186f00000) (1024K)]
  0x0000021271773590 JavaThread "Active Thread: Equinox Container: 0e5bae21-ee68-4be7-847e-5bdb41c5f71d"        [_thread_blocked, id=2168, stack(0x0000003187500000,0x0000003187600000) (1024K)]
  0x00000212716f1310 JavaThread "Framework Event Dispatcher: Equinox Container: 0e5bae21-ee68-4be7-847e-5bdb41c5f71d" daemon [_thread_blocked, id=12376, stack(0x0000003187600000,0x0000003187700000) (1024K)]
  0x000002127170fd90 JavaThread "Start Level: Equinox Container: 0e5bae21-ee68-4be7-847e-5bdb41c5f71d" daemon [_thread_in_vm, id=4360, stack(0x0000003187700000,0x0000003187800000) (1024K)]
  0x0000021271acf6b0 JavaThread "SCR Component Actor"        daemon [_thread_blocked, id=904, stack(0x0000003187900000,0x0000003187a00000) (1024K)]
  0x0000021271c62680 JavaThread "Worker-JM"                         [_thread_blocked, id=2180, stack(0x0000003187a00000,0x0000003187b00000) (1024K)]
  0x0000021271e51580 JavaThread "JNA Cleaner"                daemon [_thread_blocked, id=17576, stack(0x0000003187b00000,0x0000003187c00000) (1024K)]
  0x0000021271a01870 JavaThread "Worker-0"                          [_thread_blocked, id=2356, stack(0x0000003187c00000,0x0000003187d00000) (1024K)]
  0x0000021271a01ed0 JavaThread "Worker-1"                          [_thread_blocked, id=17256, stack(0x0000003187d00000,0x0000003187e00000) (1024K)]
Total: 19

Other Threads:
  0x00000212549be7f0 VMThread "VM Thread"                           [id=18972, stack(0x0000003186400000,0x0000003186500000) (1024K)]
  0x000002126b28c9f0 WatcherThread "VM Periodic Task Thread"        [id=19408, stack(0x0000003186300000,0x0000003186400000) (1024K)]
  0x000002125491e3e0 WorkerThread "GC Thread#0"                     [id=14364, stack(0x0000003186200000,0x0000003186300000) (1024K)]
  0x00000212716910a0 WorkerThread "GC Thread#1"                     [id=15772, stack(0x0000003186f00000,0x0000003187000000) (1024K)]
  0x0000021271409480 WorkerThread "GC Thread#2"                     [id=17280, stack(0x0000003187000000,0x0000003187100000) (1024K)]
  0x0000021271798d30 WorkerThread "GC Thread#3"                     [id=13116, stack(0x0000003187100000,0x0000003187200000) (1024K)]
  0x0000021271786660 WorkerThread "GC Thread#4"                     [id=18712, stack(0x0000003187200000,0x0000003187300000) (1024K)]
  0x0000021271787210 WorkerThread "GC Thread#5"                     [id=19348, stack(0x0000003187300000,0x0000003187400000) (1024K)]
  0x00000212715542a0 WorkerThread "GC Thread#6"                     [id=17136, stack(0x0000003187400000,0x0000003187500000) (1024K)]
  0x0000021271997580 WorkerThread "GC Thread#7"                     [id=11092, stack(0x0000003187800000,0x0000003187900000) (1024K)]
Total: 10

Threads with active compile tasks:
C2 CompilerThread0  7366 2744       4       org.lombokweb.asm.ClassReader::readMethod (1070 bytes)
Total: 1

VM state: not at safepoint (normal execution)

VM Mutex/Monitor currently owned by a thread: None

Heap address: 0x0000000080000000, size: 2048 MB, Compressed Oops mode: 32-bit

CDS archive(s) mapped at: [0x0000021200000000-0x0000021200ba0000-0x0000021200ba0000), size 12189696, SharedBaseAddress: 0x0000021200000000, ArchiveRelocationMode: 1.
Compressed class space mapped at: 0x0000021201000000-0x0000021241000000, reserved size: 1073741824
Narrow klass base: 0x0000021200000000, Narrow klass shift: 0, Narrow klass range: 0x100000000

GC Precious Log:
 CardTable entry size: 512
 CPUs: 8 total, 8 available
 Memory: 3889M
 Large Page Support: Disabled
 NUMA Support: Disabled
 Compressed Oops: Enabled (32-bit)
 Alignments: Space 512K, Generation 512K, Heap 2M
 Heap Min Capacity: 100M
 Heap Initial Capacity: 100M
 Heap Max Capacity: 2G
 Pre-touch: Disabled
 Parallel Workers: 8

Heap:
 PSYoungGen      total 29696K, used 16689K [0x00000000d5580000, 0x00000000d7880000, 0x0000000100000000)
  eden space 25088K, 66% used [0x00000000d5580000,0x00000000d65cc5e0,0x00000000d6e00000)
  from space 4608K, 0% used [0x00000000d7400000,0x00000000d7400000,0x00000000d7880000)
  to   space 5120K, 0% used [0x00000000d6e80000,0x00000000d6e80000,0x00000000d7380000)
 ParOldGen       total 68608K, used 11470K [0x0000000080000000, 0x0000000084300000, 0x00000000d5580000)
  object space 68608K, 16% used [0x0000000080000000,0x0000000080b33a40,0x0000000084300000)
 Metaspace       used 21974K, committed 22720K, reserved 1114112K
  class space    used 2137K, committed 2496K, reserved 1048576K

Card table byte_map: [0x00000212542a0000,0x00000212546b0000] _byte_map_base: 0x0000021253ea0000

Marking Bits: (ParMarkBitMap*) 0x00007ffcb9612460
 Begin Bits: [0x0000021266db0000, 0x0000021268db0000)
 End Bits:   [0x0000021268db0000, 0x000002126adb0000)

Polling page: 0x00000212527a0000

Metaspace:

Usage:
  Non-class:     19.37 MB used.
      Class:      2.09 MB used.
       Both:     21.46 MB used.

Virtual space:
  Non-class space:       64.00 MB reserved,      19.75 MB ( 31%) committed,  1 nodes.
      Class space:        1.00 GB reserved,       2.44 MB ( <1%) committed,  1 nodes.
             Both:        1.06 GB reserved,      22.19 MB (  2%) committed. 

Chunk freelists:
   Non-Class:  11.83 MB
       Class:  13.43 MB
        Both:  25.26 MB

MaxMetaspaceSize: unlimited
CompressedClassSpaceSize: 1.00 GB
Initial GC threshold: 21.00 MB
Current GC threshold: 35.00 MB
CDS: on
 - commit_granule_bytes: 65536.
 - commit_granule_words: 8192.
 - virtual_space_node_default_size: 8388608.
 - enlarge_chunks_in_place: 1.
 - use_allocation_guard: 0.


Internal statistics:

num_allocs_failed_limit: 3.
num_arena_births: 506.
num_arena_deaths: 14.
num_vsnodes_births: 2.
num_vsnodes_deaths: 0.
num_space_committed: 355.
num_space_uncommitted: 0.
num_chunks_returned_to_freelist: 17.
num_chunks_taken_from_freelist: 1341.
num_chunk_merges: 9.
num_chunk_splits: 879.
num_chunks_enlarged: 574.
num_inconsistent_stats: 0.

CodeHeap 'non-profiled nmethods': size=120000Kb used=1217Kb max_used=1217Kb free=118782Kb
 bounds [0x000002125f5d0000, 0x000002125f840000, 0x0000021266b00000]
CodeHeap 'profiled nmethods': size=120000Kb used=5384Kb max_used=5384Kb free=114615Kb
 bounds [0x0000021257b00000, 0x0000021258050000, 0x000002125f030000]
CodeHeap 'non-nmethods': size=5760Kb used=1316Kb max_used=1343Kb free=4444Kb
 bounds [0x000002125f030000, 0x000002125f2a0000, 0x000002125f5d0000]
CodeCache: size=245760Kb, used=7917Kb, max_used=7944Kb, free=237841Kb
 total_blobs=3380, nmethods=2778, adapters=508, full_count=0
Compilation: enabled, stopped_count=0, restarted_count=0

Compilation events (20 events):
Event: 7.176 Thread 0x000002127103ca50 2779       3       org.eclipse.core.internal.preferences.PreferencesService::getRootNode (4 bytes)
Event: 7.176 Thread 0x000002127103ca50 nmethod 2779 0x000002125803b890 code [0x000002125803ba20, 0x000002125803bb38]
Event: 7.176 Thread 0x000002127103ca50 2780       3       org.eclipse.core.internal.preferences.DefaultPreferences::getScopeRelativePath (43 bytes)
Event: 7.177 Thread 0x000002127103ca50 nmethod 2780 0x000002125803bc10 code [0x000002125803be20, 0x000002125803c3d8]
Event: 7.177 Thread 0x000002127103ca50 2781       3       org.eclipse.core.internal.preferences.RootPreferences::node (7 bytes)
Event: 7.177 Thread 0x000002127103ca50 nmethod 2781 0x000002125803c610 code [0x000002125803c7c0, 0x000002125803c908]
Event: 7.177 Thread 0x000002127103ca50 2782       3       org.eclipse.core.internal.preferences.RootPreferences::getNode (135 bytes)
Event: 7.179 Thread 0x000002127103ca50 nmethod 2782 0x000002125803c990 code [0x000002125803cce0, 0x000002125803e080]
Event: 7.179 Thread 0x000002127103ca50 2783   !   3       org.eclipse.core.internal.preferences.EclipsePreferences::getOrCreate (108 bytes)
Event: 7.180 Thread 0x000002127103ca50 nmethod 2783 0x000002125803e790 code [0x000002125803e9e0, 0x000002125803f4a0]
Event: 7.180 Thread 0x000002127103ca50 2786       3       org.eclipse.core.internal.preferences.DefaultPreferences::internalPut (66 bytes)
Event: 7.181 Thread 0x000002127103ca50 nmethod 2786 0x000002125803f890 code [0x000002125803fb00, 0x0000021258040538]
Event: 7.181 Thread 0x000002127103ca50 2785       3       org.eclipse.core.internal.preferences.DefaultPreferences::getLoadLevel (52 bytes)
Event: 7.182 Thread 0x000002127103ca50 nmethod 2785 0x0000021258040910 code [0x0000021258040b00, 0x0000021258041150]
Event: 7.182 Thread 0x000002127103ca50 2784       3       org.eclipse.core.internal.preferences.PreferencesService::getDefault (20 bytes)
Event: 7.182 Thread 0x000002127103ca50 nmethod 2784 0x0000021258041390 code [0x0000021258041540, 0x0000021258041738]
Event: 7.265 Thread 0x000002127103ca50 2787       1       org.eclipse.core.internal.jobs.InternalJob::previous (5 bytes)
Event: 7.266 Thread 0x000002127103ca50 nmethod 2787 0x000002125f6fff10 code [0x000002125f7000a0, 0x000002125f700168]
Event: 7.266 Thread 0x000002127103ca50 2788       3       java.util.HashSet::isEmpty (8 bytes)
Event: 7.266 Thread 0x000002127103ca50 nmethod 2788 0x0000021258041810 code [0x00000212580419c0, 0x0000021258041c08]

GC Heap History (14 events):
Event: 1.763 GC heap before
{Heap before GC invocations=1 (full 0):
 PSYoungGen      total 29696K, used 25600K [0x00000000d5580000, 0x00000000d7680000, 0x0000000100000000)
  eden space 25600K, 100% used [0x00000000d5580000,0x00000000d6e80000,0x00000000d6e80000)
  from space 4096K, 0% used [0x00000000d7280000,0x00000000d7280000,0x00000000d7680000)
  to   space 4096K, 0% used [0x00000000d6e80000,0x00000000d6e80000,0x00000000d7280000)
 ParOldGen       total 68608K, used 0K [0x0000000080000000, 0x0000000084300000, 0x00000000d5580000)
  object space 68608K, 0% used [0x0000000080000000,0x0000000080000000,0x0000000084300000)
 Metaspace       used 4329K, committed 4608K, reserved 1114112K
  class space    used 472K, committed 576K, reserved 1048576K
}
Event: 1.778 GC heap after
{Heap after GC invocations=1 (full 0):
 PSYoungGen      total 29696K, used 3303K [0x00000000d5580000, 0x00000000d7680000, 0x0000000100000000)
  eden space 25600K, 0% used [0x00000000d5580000,0x00000000d5580000,0x00000000d6e80000)
  from space 4096K, 80% used [0x00000000d6e80000,0x00000000d71b9e98,0x00000000d7280000)
  to   space 4096K, 0% used [0x00000000d7280000,0x00000000d7280000,0x00000000d7680000)
 ParOldGen       total 68608K, used 16K [0x0000000080000000, 0x0000000084300000, 0x00000000d5580000)
  object space 68608K, 0% used [0x0000000080000000,0x0000000080004000,0x0000000084300000)
 Metaspace       used 4329K, committed 4608K, reserved 1114112K
  class space    used 472K, committed 576K, reserved 1048576K
}
Event: 2.695 GC heap before
{Heap before GC invocations=2 (full 0):
 PSYoungGen      total 29696K, used 28903K [0x00000000d5580000, 0x00000000d7680000, 0x0000000100000000)
  eden space 25600K, 100% used [0x00000000d5580000,0x00000000d6e80000,0x00000000d6e80000)
  from space 4096K, 80% used [0x00000000d6e80000,0x00000000d71b9e98,0x00000000d7280000)
  to   space 4096K, 0% used [0x00000000d7280000,0x00000000d7280000,0x00000000d7680000)
 ParOldGen       total 68608K, used 16K [0x0000000080000000, 0x0000000084300000, 0x00000000d5580000)
  object space 68608K, 0% used [0x0000000080000000,0x0000000080004000,0x0000000084300000)
 Metaspace       used 8016K, committed 8256K, reserved 1114112K
  class space    used 849K, committed 960K, reserved 1048576K
}
Event: 2.704 GC heap after
{Heap after GC invocations=2 (full 0):
 PSYoungGen      total 29696K, used 4064K [0x00000000d5580000, 0x00000000d7680000, 0x0000000100000000)
  eden space 25600K, 0% used [0x00000000d5580000,0x00000000d5580000,0x00000000d6e80000)
  from space 4096K, 99% used [0x00000000d7280000,0x00000000d7678278,0x00000000d7680000)
  to   space 4096K, 0% used [0x00000000d6e80000,0x00000000d6e80000,0x00000000d7280000)
 ParOldGen       total 68608K, used 1115K [0x0000000080000000, 0x0000000084300000, 0x00000000d5580000)
  object space 68608K, 1% used [0x0000000080000000,0x0000000080116ec8,0x0000000084300000)
 Metaspace       used 8016K, committed 8256K, reserved 1114112K
  class space    used 849K, committed 960K, reserved 1048576K
}
Event: 3.488 GC heap before
{Heap before GC invocations=3 (full 0):
 PSYoungGen      total 29696K, used 29664K [0x00000000d5580000, 0x00000000d7680000, 0x0000000100000000)
  eden space 25600K, 100% used [0x00000000d5580000,0x00000000d6e80000,0x00000000d6e80000)
  from space 4096K, 99% used [0x00000000d7280000,0x00000000d7678278,0x00000000d7680000)
  to   space 4096K, 0% used [0x00000000d6e80000,0x00000000d6e80000,0x00000000d7280000)
 ParOldGen       total 68608K, used 1115K [0x0000000080000000, 0x0000000084300000, 0x00000000d5580000)
  object space 68608K, 1% used [0x0000000080000000,0x0000000080116ec8,0x0000000084300000)
 Metaspace       used 12812K, committed 13312K, reserved 1114112K
  class space    used 1362K, committed 1600K, reserved 1048576K
}
Event: 3.494 GC heap after
{Heap after GC invocations=3 (full 0):
 PSYoungGen      total 29696K, used 4095K [0x00000000d5580000, 0x00000000d7680000, 0x0000000100000000)
  eden space 25600K, 0% used [0x00000000d5580000,0x00000000d5580000,0x00000000d6e80000)
  from space 4096K, 99% used [0x00000000d6e80000,0x00000000d727ff40,0x00000000d7280000)
  to   space 4096K, 0% used [0x00000000d7280000,0x00000000d7280000,0x00000000d7680000)
 ParOldGen       total 68608K, used 2734K [0x0000000080000000, 0x0000000084300000, 0x00000000d5580000)
  object space 68608K, 3% used [0x0000000080000000,0x00000000802ab9f8,0x0000000084300000)
 Metaspace       used 12812K, committed 13312K, reserved 1114112K
  class space    used 1362K, committed 1600K, reserved 1048576K
}
Event: 6.129 GC heap before
{Heap before GC invocations=4 (full 0):
 PSYoungGen      total 29696K, used 29695K [0x00000000d5580000, 0x00000000d7680000, 0x0000000100000000)
  eden space 25600K, 100% used [0x00000000d5580000,0x00000000d6e80000,0x00000000d6e80000)
  from space 4096K, 99% used [0x00000000d6e80000,0x00000000d727ff40,0x00000000d7280000)
  to   space 4096K, 0% used [0x00000000d7280000,0x00000000d7280000,0x00000000d7680000)
 ParOldGen       total 68608K, used 2734K [0x0000000080000000, 0x0000000084300000, 0x00000000d5580000)
  object space 68608K, 3% used [0x0000000080000000,0x00000000802ab9f8,0x0000000084300000)
 Metaspace       used 16207K, committed 16896K, reserved 1114112K
  class space    used 1731K, committed 2048K, reserved 1048576K
}
Event: 6.141 GC heap after
{Heap after GC invocations=4 (full 0):
 PSYoungGen      total 29696K, used 4076K [0x00000000d5580000, 0x00000000d7680000, 0x0000000100000000)
  eden space 25600K, 0% used [0x00000000d5580000,0x00000000d5580000,0x00000000d6e80000)
  from space 4096K, 99% used [0x00000000d7280000,0x00000000d767b280,0x00000000d7680000)
  to   space 4096K, 0% used [0x00000000d6e80000,0x00000000d6e80000,0x00000000d7280000)
 ParOldGen       total 68608K, used 7114K [0x0000000080000000, 0x0000000084300000, 0x00000000d5580000)
  object space 68608K, 10% used [0x0000000080000000,0x00000000806f2b28,0x0000000084300000)
 Metaspace       used 16207K, committed 16896K, reserved 1114112K
  class space    used 1731K, committed 2048K, reserved 1048576K
}
Event: 6.754 GC heap before
{Heap before GC invocations=5 (full 0):
 PSYoungGen      total 29696K, used 29676K [0x00000000d5580000, 0x00000000d7680000, 0x0000000100000000)
  eden space 25600K, 100% used [0x00000000d5580000,0x00000000d6e80000,0x00000000d6e80000)
  from space 4096K, 99% used [0x00000000d7280000,0x00000000d767b280,0x00000000d7680000)
  to   space 4096K, 0% used [0x00000000d6e80000,0x00000000d6e80000,0x00000000d7280000)
 ParOldGen       total 68608K, used 7114K [0x0000000080000000, 0x0000000084300000, 0x00000000d5580000)
  object space 68608K, 10% used [0x0000000080000000,0x00000000806f2b28,0x0000000084300000)
 Metaspace       used 19517K, committed 20224K, reserved 1114112K
  class space    used 1946K, committed 2240K, reserved 1048576K
}
Event: 6.760 GC heap after
{Heap after GC invocations=5 (full 0):
 PSYoungGen      total 29184K, used 4092K [0x00000000d5580000, 0x00000000d7a00000, 0x0000000100000000)
  eden space 25088K, 0% used [0x00000000d5580000,0x00000000d5580000,0x00000000d6e00000)
  from space 4096K, 99% used [0x00000000d6e80000,0x00000000d727f270,0x00000000d7280000)
  to   space 6144K, 0% used [0x00000000d7400000,0x00000000d7400000,0x00000000d7a00000)
 ParOldGen       total 68608K, used 7298K [0x0000000080000000, 0x0000000084300000, 0x00000000d5580000)
  object space 68608K, 10% used [0x0000000080000000,0x0000000080720b28,0x0000000084300000)
 Metaspace       used 19517K, committed 20224K, reserved 1114112K
  class space    used 1946K, committed 2240K, reserved 1048576K
}
Event: 6.937 GC heap before
{Heap before GC invocations=6 (full 0):
 PSYoungGen      total 29184K, used 14004K [0x00000000d5580000, 0x00000000d7a00000, 0x0000000100000000)
  eden space 25088K, 39% used [0x00000000d5580000,0x00000000d5f2de98,0x00000000d6e00000)
  from space 4096K, 99% used [0x00000000d6e80000,0x00000000d727f270,0x00000000d7280000)
  to   space 6144K, 0% used [0x00000000d7400000,0x00000000d7400000,0x00000000d7a00000)
 ParOldGen       total 68608K, used 7298K [0x0000000080000000, 0x0000000084300000, 0x00000000d5580000)
  object space 68608K, 10% used [0x0000000080000000,0x0000000080720b28,0x0000000084300000)
 Metaspace       used 20824K, committed 21504K, reserved 1114112K
  class space    used 2058K, committed 2368K, reserved 1048576K
}
Event: 6.944 GC heap after
{Heap after GC invocations=6 (full 0):
 PSYoungGen      total 29696K, used 4558K [0x00000000d5580000, 0x00000000d7880000, 0x0000000100000000)
  eden space 25088K, 0% used [0x00000000d5580000,0x00000000d5580000,0x00000000d6e00000)
  from space 4608K, 98% used [0x00000000d7400000,0x00000000d7873898,0x00000000d7880000)
  to   space 5120K, 0% used [0x00000000d6e80000,0x00000000d6e80000,0x00000000d7380000)
 ParOldGen       total 68608K, used 7298K [0x0000000080000000, 0x0000000084300000, 0x00000000d5580000)
  object space 68608K, 10% used [0x0000000080000000,0x0000000080720b28,0x0000000084300000)
 Metaspace       used 20824K, committed 21504K, reserved 1114112K
  class space    used 2058K, committed 2368K, reserved 1048576K
}
Event: 6.944 GC heap before
{Heap before GC invocations=7 (full 1):
 PSYoungGen      total 29696K, used 4558K [0x00000000d5580000, 0x00000000d7880000, 0x0000000100000000)
  eden space 25088K, 0% used [0x00000000d5580000,0x00000000d5580000,0x00000000d6e00000)
  from space 4608K, 98% used [0x00000000d7400000,0x00000000d7873898,0x00000000d7880000)
  to   space 5120K, 0% used [0x00000000d6e80000,0x00000000d6e80000,0x00000000d7380000)
 ParOldGen       total 68608K, used 7298K [0x0000000080000000, 0x0000000084300000, 0x00000000d5580000)
  object space 68608K, 10% used [0x0000000080000000,0x0000000080720b28,0x0000000084300000)
 Metaspace       used 20824K, committed 21504K, reserved 1114112K
  class space    used 2058K, committed 2368K, reserved 1048576K
}
Event: 6.995 GC heap after
{Heap after GC invocations=7 (full 1):
 PSYoungGen      total 29696K, used 0K [0x00000000d5580000, 0x00000000d7880000, 0x0000000100000000)
  eden space 25088K, 0% used [0x00000000d5580000,0x00000000d5580000,0x00000000d6e00000)
  from space 4608K, 0% used [0x00000000d7400000,0x00000000d7400000,0x00000000d7880000)
  to   space 5120K, 0% used [0x00000000d6e80000,0x00000000d6e80000,0x00000000d7380000)
 ParOldGen       total 68608K, used 11470K [0x0000000080000000, 0x0000000084300000, 0x00000000d5580000)
  object space 68608K, 16% used [0x0000000080000000,0x0000000080b33a40,0x0000000084300000)
 Metaspace       used 20811K, committed 21504K, reserved 1114112K
  class space    used 2054K, committed 2368K, reserved 1048576K
}

Dll operation events (10 events):
Event: 0.057 Loaded shared library c:\Users\Administrator\.vscode\extensions\redhat.java-1.51.0-win32-x64\jre\21.0.9-win32-x86_64\bin\java.dll
Event: 0.294 Loaded shared library c:\Users\Administrator\.vscode\extensions\redhat.java-1.51.0-win32-x64\jre\21.0.9-win32-x86_64\bin\zip.dll
Event: 0.365 Loaded shared library C:\Users\Administrator\.vscode\extensions\redhat.java-1.51.0-win32-x64\jre\21.0.9-win32-x86_64\bin\instrument.dll
Event: 0.380 Loaded shared library C:\Users\Administrator\.vscode\extensions\redhat.java-1.51.0-win32-x64\jre\21.0.9-win32-x86_64\bin\net.dll
Event: 0.386 Loaded shared library C:\Users\Administrator\.vscode\extensions\redhat.java-1.51.0-win32-x64\jre\21.0.9-win32-x86_64\bin\nio.dll
Event: 0.393 Loaded shared library C:\Users\Administrator\.vscode\extensions\redhat.java-1.51.0-win32-x64\jre\21.0.9-win32-x86_64\bin\zip.dll
Event: 0.440 Loaded shared library C:\Users\Administrator\.vscode\extensions\redhat.java-1.51.0-win32-x64\jre\21.0.9-win32-x86_64\bin\jimage.dll
Event: 0.641 Loaded shared library c:\Users\Administrator\.vscode\extensions\redhat.java-1.51.0-win32-x64\jre\21.0.9-win32-x86_64\bin\verify.dll
Event: 2.704 Loaded shared library C:\Users\Administrator\AppData\Roaming\Code\User\globalStorage\redhat.java\1.51.0\config_ss_win\org.eclipse.equinox.launcher\org.eclipse.equinox.launcher.win32.win32.x86_64_1.2.1400.v20250801-0854\eclipse_11916.dll
Event: 5.873 Loaded shared library C:\Users\Administrator\AppData\Local\Temp\jna-146731693\jna4146821855910639141.dll

Deoptimization events (20 events):
Event: 5.959 Thread 0x000002127170fd90 DEOPT PACKING pc=0x000002125f6b2ac8 sp=0x00000031877f93e0
Event: 5.959 Thread 0x000002127170fd90 DEOPT UNPACKING pc=0x000002125f083aa2 sp=0x00000031877f9390 mode 2
Event: 5.980 Thread 0x000002127170fd90 Uncommon trap: trap_request=0xffffffcc fr.pc=0x000002125f6bf43c relative=0x000000000000037c
Event: 5.980 Thread 0x000002127170fd90 Uncommon trap: reason=intrinsic_or_type_checked_inlining action=make_not_entrant pc=0x000002125f6bf43c method=java.util.Arrays.copyOf([Ljava/lang/Object;ILjava/lang/Class;)[Ljava/lang/Object; @ 35 c2
Event: 5.980 Thread 0x000002127170fd90 DEOPT PACKING pc=0x000002125f6bf43c sp=0x00000031877f9150
Event: 5.980 Thread 0x000002127170fd90 DEOPT UNPACKING pc=0x000002125f083aa2 sp=0x00000031877f90e0 mode 2
Event: 6.006 Thread 0x000002127170fd90 Uncommon trap: trap_request=0xffffff45 fr.pc=0x000002125f6d8aa8 relative=0x0000000000000088
Event: 6.006 Thread 0x000002127170fd90 Uncommon trap: reason=unstable_if action=reinterpret pc=0x000002125f6d8aa8 method=java.lang.ref.SoftReference.get()Ljava/lang/Object; @ 6 c2
Event: 6.006 Thread 0x000002127170fd90 DEOPT PACKING pc=0x000002125f6d8aa8 sp=0x00000031877f9510
Event: 6.006 Thread 0x000002127170fd90 DEOPT UNPACKING pc=0x000002125f083aa2 sp=0x00000031877f94a8 mode 2
Event: 6.248 Thread 0x000002127170fd90 Uncommon trap: trap_request=0xffffffde fr.pc=0x000002125f6e2fd0 relative=0x0000000000000390
Event: 6.248 Thread 0x000002127170fd90 Uncommon trap: reason=class_check action=maybe_recompile pc=0x000002125f6e2fd0 method=java.lang.String.<init>(Ljava/lang/AbstractStringBuilder;Ljava/lang/Void;)V @ 10 c2
Event: 6.248 Thread 0x000002127170fd90 DEOPT PACKING pc=0x000002125f6e2fd0 sp=0x00000031877f82f0
Event: 6.248 Thread 0x000002127170fd90 DEOPT UNPACKING pc=0x000002125f083aa2 sp=0x00000031877f82b8 mode 2
Event: 6.248 Thread 0x000002127170fd90 Uncommon trap: trap_request=0xffffffde fr.pc=0x000002125f6e2fd0 relative=0x0000000000000390
Event: 6.248 Thread 0x000002127170fd90 Uncommon trap: reason=class_check action=maybe_recompile pc=0x000002125f6e2fd0 method=java.lang.String.<init>(Ljava/lang/AbstractStringBuilder;Ljava/lang/Void;)V @ 10 c2
Event: 6.248 Thread 0x000002127170fd90 DEOPT PACKING pc=0x000002125f6e2fd0 sp=0x00000031877f8490
Event: 6.248 Thread 0x000002127170fd90 DEOPT UNPACKING pc=0x000002125f083aa2 sp=0x00000031877f8458 mode 2
Event: 6.710 Thread 0x000002127170fd90 DEOPT PACKING pc=0x0000021257c32239 sp=0x00000031877f0570
Event: 6.710 Thread 0x000002127170fd90 DEOPT UNPACKING pc=0x000002125f084242 sp=0x00000031877efa70 mode 0

Classes loaded (20 events):
Event: 6.214 Loading class java/util/zip/GZIPInputStream
Event: 6.214 Loading class java/util/zip/GZIPInputStream done
Event: 6.222 Loading class java/net/SocketTimeoutException
Event: 6.222 Loading class java/io/InterruptedIOException
Event: 6.223 Loading class java/io/InterruptedIOException done
Event: 6.223 Loading class java/net/SocketTimeoutException done
Event: 6.223 Loading class java/net/SocketException
Event: 6.223 Loading class java/net/SocketException done
Event: 6.223 Loading class java/net/UnknownHostException
Event: 6.223 Loading class java/net/UnknownHostException done
Event: 6.223 Loading class java/net/ProtocolException
Event: 6.223 Loading class java/net/ProtocolException done
Event: 6.257 Loading class java/lang/ThreadLocal$SuppliedThreadLocal
Event: 6.257 Loading class java/lang/ThreadLocal$SuppliedThreadLocal done
Event: 6.276 Loading class java/lang/NegativeArraySizeException
Event: 6.276 Loading class java/lang/NegativeArraySizeException done
Event: 6.276 Loading class java/io/FileWriter
Event: 6.276 Loading class java/io/FileWriter done
Event: 7.277 Loading class org/w3c/dom/DOMException
Event: 7.277 Loading class org/w3c/dom/DOMException done

Classes unloaded (7 events):
Event: 6.954 Thread 0x00000212549be7f0 Unloading class 0x0000021201191400 'java/lang/invoke/LambdaForm$MH+0x0000021201191400'
Event: 6.954 Thread 0x00000212549be7f0 Unloading class 0x0000021201191000 'java/lang/invoke/LambdaForm$MH+0x0000021201191000'
Event: 6.954 Thread 0x00000212549be7f0 Unloading class 0x0000021201190c00 'java/lang/invoke/LambdaForm$MH+0x0000021201190c00'
Event: 6.954 Thread 0x00000212549be7f0 Unloading class 0x0000021201190800 'java/lang/invoke/LambdaForm$MH+0x0000021201190800'
Event: 6.954 Thread 0x00000212549be7f0 Unloading class 0x0000021201190400 'java/lang/invoke/LambdaForm$BMH+0x0000021201190400'
Event: 6.954 Thread 0x00000212549be7f0 Unloading class 0x0000021201190000 'java/lang/invoke/LambdaForm$DMH+0x0000021201190000'
Event: 6.954 Thread 0x00000212549be7f0 Unloading class 0x000002120118ec00 'java/lang/invoke/LambdaForm$DMH+0x000002120118ec00'

Classes redefined (0 events):
No events

Internal exceptions (20 events):
Event: 5.911 Thread 0x000002127170fd90 Exception <a 'java/lang/NoSuchMethodError'{0x00000000d682a500}: 'void java.lang.invoke.DirectMethodHandle$Holder.invokeSpecial(java.lang.Object, java.lang.Object, java.lang.Object, int)'> (0x00000000d682a500) 
thrown [s\src\hotspot\share\interpreter\linkResolver.cpp, line 773]
Event: 5.911 Thread 0x000002127170fd90 Exception <a 'java/lang/NoSuchMethodError'{0x00000000d682de90}: 'void java.lang.invoke.DelegatingMethodHandle$Holder.reinvoke_L(java.lang.Object, java.lang.Object, int)'> (0x00000000d682de90) 
thrown [s\src\hotspot\share\interpreter\linkResolver.cpp, line 773]
Event: 5.912 Thread 0x000002127170fd90 Exception <a 'java/lang/NoSuchMethodError'{0x00000000d6834b78}: 'int java.lang.invoke.Invokers$Holder.invokeExact_MT(java.lang.Object, java.lang.Object, java.lang.Object)'> (0x00000000d6834b78) 
thrown [s\src\hotspot\share\interpreter\linkResolver.cpp, line 773]
Event: 5.947 Thread 0x000002127170fd90 Exception <a 'java/lang/NoSuchMethodError'{0x00000000d6947ff0}: 'void java.lang.invoke.Invokers$Holder.invokeExact_MT(java.lang.Object, java.lang.Object, int, java.lang.Object)'> (0x00000000d6947ff0) 
thrown [s\src\hotspot\share\interpreter\linkResolver.cpp, line 773]
Event: 5.991 Thread 0x000002127170fd90 Exception <a 'java/lang/NoSuchMethodError'{0x00000000d6a4ca10}: 'java.lang.Object java.lang.invoke.DirectMethodHandle$Holder.invokeSpecial(java.lang.Object, java.lang.Object, java.lang.Object, long, java.lang.Object)'> (0x00000000d6a4ca10) 
thrown [s\src\hotspot\share\interpreter\linkResolver.cpp, line 773]
Event: 5.993 Thread 0x000002127170fd90 Exception <a 'java/lang/NoSuchMethodError'{0x00000000d6a54258}: 'java.lang.Object java.lang.invoke.DirectMethodHandle$Holder.newInvokeSpecial(java.lang.Object, java.lang.Object, java.lang.Object, long)'> (0x00000000d6a54258) 
thrown [s\src\hotspot\share\interpreter\linkResolver.cpp, line 773]
Event: 5.993 Thread 0x000002127170fd90 Exception <a 'java/lang/NoSuchMethodError'{0x00000000d6a58608}: 'java.lang.Object java.lang.invoke.DirectMethodHandle$Holder.invokeSpecial(java.lang.Object, java.lang.Object, java.lang.Object, java.lang.Object, long)'> (0x00000000d6a58608) 
thrown [s\src\hotspot\share\interpreter\linkResolver.cpp, line 773]
Event: 5.993 Thread 0x000002127170fd90 Exception <a 'java/lang/NoSuchMethodError'{0x00000000d6a5c470}: 'java.lang.Object java.lang.invoke.Invokers$Holder.linkToTargetMethod(java.lang.Object, java.lang.Object, long, java.lang.Object)'> (0x00000000d6a5c470) 
thrown [s\src\hotspot\share\interpreter\linkResolver.cpp, line 773]
Event: 6.010 Thread 0x000002127170fd90 Exception <a 'java/lang/NoSuchMethodError'{0x00000000d6ace2a8}: 'int java.lang.invoke.DirectMethodHandle$Holder.invokeStaticInit(java.lang.Object, java.lang.Object, java.lang.Object)'> (0x00000000d6ace2a8) 
thrown [s\src\hotspot\share\interpreter\linkResolver.cpp, line 773]
Event: 6.029 Thread 0x000002127170fd90 Exception <a 'java/lang/IncompatibleClassChangeError'{0x00000000d6b5d368}: Found class java.lang.Object, but interface was expected> (0x00000000d6b5d368) 
thrown [s\src\hotspot\share\interpreter\linkResolver.cpp, line 840]
Event: 6.037 Thread 0x000002127170fd90 Exception <a 'java/lang/NoSuchMethodError'{0x00000000d6b6fdc0}: 'java.lang.Object java.lang.invoke.DirectMethodHandle$Holder.invokeSpecial(java.lang.Object, java.lang.Object, java.lang.Object, int, java.lang.Object, java.lang.Object)'> (0x00000000d6b6fdc0) 
thrown [s\src\hotspot\share\interpreter\linkResolver.cpp, line 773]
Event: 6.038 Thread 0x000002127170fd90 Exception <a 'java/lang/NoSuchMethodError'{0x00000000d6b77898}: 'java.lang.Object java.lang.invoke.DirectMethodHandle$Holder.newInvokeSpecial(java.lang.Object, java.lang.Object, java.lang.Object, int, java.lang.Object)'> (0x00000000d6b77898) 
thrown [s\src\hotspot\share\interpreter\linkResolver.cpp, line 773]
Event: 6.039 Thread 0x000002127170fd90 Exception <a 'java/lang/NoSuchMethodError'{0x00000000d6b7b818}: 'java.lang.Object java.lang.invoke.DirectMethodHandle$Holder.invokeSpecial(java.lang.Object, java.lang.Object, java.lang.Object, java.lang.Object, int, java.lang.Object)'> (0x00000000d6b7b818) 
thrown [s\src\hotspot\share\interpreter\linkResolver.cpp, line 773]
Event: 6.040 Thread 0x000002127170fd90 Exception <a 'java/lang/NoSuchMethodError'{0x00000000d6b7f358}: 'java.lang.Object java.lang.invoke.Invokers$Holder.linkToTargetMethod(java.lang.Object, java.lang.Object, int, java.lang.Object, java.lang.Object)'> (0x00000000d6b7f358) 
thrown [s\src\hotspot\share\interpreter\linkResolver.cpp, line 773]
Event: 6.041 Thread 0x0000021271a01870 Exception <a 'java/lang/NoSuchMethodError'{0x00000000d6a95d90}: 'java.lang.Object java.lang.invoke.DirectMethodHandle$Holder.invokeSpecial(java.lang.Object, java.lang.Object, int, java.lang.Object, java.lang.Object)'> (0x00000000d6a95d90) 
thrown [s\src\hotspot\share\interpreter\linkResolver.cpp, line 773]
Event: 6.041 Thread 0x0000021271a01870 Exception <a 'java/lang/NoSuchMethodError'{0x00000000d6a9cac8}: 'java.lang.Object java.lang.invoke.DirectMethodHandle$Holder.newInvokeSpecial(java.lang.Object, java.lang.Object, int, java.lang.Object)'> (0x00000000d6a9cac8) 
thrown [s\src\hotspot\share\interpreter\linkResolver.cpp, line 773]
Event: 6.042 Thread 0x0000021271a01870 Exception <a 'java/lang/NoSuchMethodError'{0x00000000d6aa03a8}: 'java.lang.Object java.lang.invoke.DirectMethodHandle$Holder.invokeSpecial(java.lang.Object, java.lang.Object, java.lang.Object, int, java.lang.Object)'> (0x00000000d6aa03a8) 
thrown [s\src\hotspot\share\interpreter\linkResolver.cpp, line 773]
Event: 6.070 Thread 0x000002127170fd90 Exception <a 'java/lang/NoSuchMethodError'{0x00000000d6c9e2f8}: 'void java.lang.invoke.DirectMethodHandle$Holder.invokeSpecial(java.lang.Object, java.lang.Object, java.lang.Object, java.lang.Object, java.lang.Object)'> (0x00000000d6c9e2f8) 
thrown [s\src\hotspot\share\interpreter\linkResolver.cpp, line 773]
Event: 6.161 Thread 0x000002127170fd90 Exception <a 'java/lang/NoSuchMethodError'{0x00000000d55c6b58}: 'double java.lang.invoke.DirectMethodHandle$Holder.invokeStatic(java.lang.Object, java.lang.Object)'> (0x00000000d55c6b58) 
thrown [s\src\hotspot\share\interpreter\linkResolver.cpp, line 773]
Event: 6.162 Thread 0x000002127170fd90 Exception <a 'java/lang/NoSuchMethodError'{0x00000000d55ca218}: 'double java.lang.invoke.DirectMethodHandle$Holder.invokeStaticInit(java.lang.Object, java.lang.Object)'> (0x00000000d55ca218) 
thrown [s\src\hotspot\share\interpreter\linkResolver.cpp, line 773]

ZGC Phase Switch (0 events):
No events

VM Operations (20 events):
Event: 3.310 Executing VM operation: HandshakeAllThreads (Deoptimize)
Event: 3.310 Executing VM operation: HandshakeAllThreads (Deoptimize) done
Event: 3.487 Executing VM operation: ParallelGCFailedAllocation (Allocation Failure)
Event: 3.494 Executing VM operation: ParallelGCFailedAllocation (Allocation Failure) done
Event: 3.637 Executing VM operation: HandshakeAllThreads (Deoptimize)
Event: 3.637 Executing VM operation: HandshakeAllThreads (Deoptimize) done
Event: 3.644 Executing VM operation: HandshakeAllThreads (Deoptimize)
Event: 3.644 Executing VM operation: HandshakeAllThreads (Deoptimize) done
Event: 3.665 Executing VM operation: HandshakeAllThreads (Deoptimize)
Event: 3.665 Executing VM operation: HandshakeAllThreads (Deoptimize) done
Event: 4.665 Executing VM operation: Cleanup
Event: 4.665 Executing VM operation: Cleanup done
Event: 5.888 Executing VM operation: HandshakeAllThreads (Deoptimize)
Event: 5.888 Executing VM operation: HandshakeAllThreads (Deoptimize) done
Event: 6.129 Executing VM operation: ParallelGCFailedAllocation (Allocation Failure)
Event: 6.141 Executing VM operation: ParallelGCFailedAllocation (Allocation Failure) done
Event: 6.754 Executing VM operation: ParallelGCFailedAllocation (Allocation Failure)
Event: 6.760 Executing VM operation: ParallelGCFailedAllocation (Allocation Failure) done
Event: 6.937 Executing VM operation: CollectForMetadataAllocation (Metadata GC Threshold)
Event: 6.996 Executing VM operation: CollectForMetadataAllocation (Metadata GC Threshold) done

Memory protections (0 events):
No events

Nmethod flushes (0 events):
No events

Events (19 events):
Event: 0.107 Thread 0x00000212548fe170 Thread added: 0x00000212548fe170
Event: 0.157 Thread 0x00000212548fe170 Thread added: 0x000002126b374770
Event: 0.158 Thread 0x00000212548fe170 Thread added: 0x000002126b375690
Event: 0.158 Thread 0x00000212548fe170 Thread added: 0x000002126b3767b0
Event: 0.158 Thread 0x00000212548fe170 Thread added: 0x000002126b3774c0
Event: 0.158 Thread 0x00000212548fe170 Thread added: 0x000002126b3785e0
Event: 0.158 Thread 0x00000212548fe170 Thread added: 0x000002126b37a440
Event: 0.158 Thread 0x00000212548fe170 Thread added: 0x000002126b37b270
Event: 0.172 Thread 0x00000212548fe170 Thread added: 0x000002127103ca50
Event: 0.374 Thread 0x00000212548fe170 Thread added: 0x0000021271278c70
Event: 0.851 Thread 0x00000212548fe170 Thread added: 0x00000212712f0b20
Event: 2.372 Thread 0x00000212548fe170 Thread added: 0x0000021271773590
Event: 2.674 Thread 0x00000212548fe170 Thread added: 0x00000212716f1310
Event: 2.679 Thread 0x00000212548fe170 Thread added: 0x000002127170fd90
Event: 2.947 Thread 0x000002127170fd90 Thread added: 0x0000021271acf6b0
Event: 3.365 Thread 0x000002127170fd90 Thread added: 0x0000021271c62680
Event: 5.925 Thread 0x000002127170fd90 Thread added: 0x0000021271e51580
Event: 5.999 Thread 0x000002127170fd90 Thread added: 0x0000021271a01870
Event: 6.042 Thread 0x000002127170fd90 Thread added: 0x0000021271a01ed0


Dynamic libraries:
0x00007ff7b7690000 - 0x00007ff7b769e000 	c:\Users\Administrator\.vscode\extensions\redhat.java-1.51.0-win32-x64\jre\21.0.9-win32-x86_64\bin\java.exe
0x00007ffd13080000 - 0x00007ffd13270000 	C:\Windows\SYSTEM32\ntdll.dll
0x00007ffd116a0000 - 0x00007ffd11752000 	C:\Windows\System32\KERNEL32.DLL
0x00007ffd10c00000 - 0x00007ffd10ea5000 	C:\Windows\System32\KERNELBASE.dll
0x00007ffd10b00000 - 0x00007ffd10bfa000 	C:\Windows\System32\ucrtbase.dll
0x00007ffd054f0000 - 0x00007ffd05508000 	c:\Users\Administrator\.vscode\extensions\redhat.java-1.51.0-win32-x64\jre\21.0.9-win32-x86_64\bin\jli.dll
0x00007ffcfd0c0000 - 0x00007ffcfd0de000 	c:\Users\Administrator\.vscode\extensions\redhat.java-1.51.0-win32-x64\jre\21.0.9-win32-x86_64\bin\VCRUNTIME140.dll
0x00007ffd12600000 - 0x00007ffd12794000 	C:\Windows\System32\USER32.dll
0x00007ffd0fff0000 - 0x00007ffd10011000 	C:\Windows\System32\win32u.dll
0x00007ffd11670000 - 0x00007ffd11696000 	C:\Windows\System32\GDI32.dll
0x00007ffd108b0000 - 0x00007ffd10a48000 	C:\Windows\System32\gdi32full.dll
0x00007ffd10810000 - 0x00007ffd108ae000 	C:\Windows\System32\msvcp_win.dll
0x00007ffcf7250000 - 0x00007ffcf74d4000 	C:\Windows\WinSxS\amd64_microsoft.windows.common-controls_6595b64144ccf1df_6.0.18362.1556_none_9e7e372fe45e41d5\COMCTL32.dll
0x00007ffd11760000 - 0x00007ffd117fe000 	C:\Windows\System32\msvcrt.dll
0x00007ffd12940000 - 0x00007ffd12c76000 	C:\Windows\System32\combase.dll
0x00007ffd12820000 - 0x00007ffd1293f000 	C:\Windows\System32\RPCRT4.dll
0x00007ffd10eb0000 - 0x00007ffd10f31000 	C:\Windows\System32\bcryptPrimitives.dll
0x00007ffd12dc0000 - 0x00007ffd12dee000 	C:\Windows\System32\IMM32.DLL
0x00007ffd032f0000 - 0x00007ffd032fc000 	c:\Users\Administrator\.vscode\extensions\redhat.java-1.51.0-win32-x64\jre\21.0.9-win32-x86_64\bin\vcruntime140_1.dll
0x00007ffcd0c90000 - 0x00007ffcd0d1d000 	c:\Users\Administrator\.vscode\extensions\redhat.java-1.51.0-win32-x64\jre\21.0.9-win32-x86_64\bin\msvcp140.dll
0x00007ffcb8950000 - 0x00007ffcb96f0000 	c:\Users\Administrator\.vscode\extensions\redhat.java-1.51.0-win32-x64\jre\21.0.9-win32-x86_64\bin\server\jvm.dll
0x00007ffd12470000 - 0x00007ffd12513000 	C:\Windows\System32\ADVAPI32.dll
0x00007ffd12df0000 - 0x00007ffd12e87000 	C:\Windows\System32\sechost.dll
0x00007ffd0ff40000 - 0x00007ffd0ff8a000 	C:\Windows\System32\POWRPROF.dll
0x00007ffd0ff30000 - 0x00007ffd0ff40000 	C:\Windows\System32\UMPDC.dll
0x00007ffd12e90000 - 0x00007ffd12eff000 	C:\Windows\System32\WS2_32.dll
0x00007ffd08fa0000 - 0x00007ffd08fc4000 	C:\Windows\SYSTEM32\WINMM.dll
0x00007ffd06660000 - 0x00007ffd0666a000 	C:\Windows\SYSTEM32\VERSION.dll
0x00007ffd08f70000 - 0x00007ffd08f9d000 	C:\Windows\SYSTEM32\WINMMBASE.dll
0x00007ffd10020000 - 0x00007ffd1006a000 	C:\Windows\System32\cfgmgr32.dll
0x00007ffd0ffb0000 - 0x00007ffd0ffc1000 	C:\Windows\System32\kernel.appcore.dll
0x00007ffd02510000 - 0x00007ffd0251a000 	c:\Users\Administrator\.vscode\extensions\redhat.java-1.51.0-win32-x64\jre\21.0.9-win32-x86_64\bin\jimage.dll
0x00007ffd0e840000 - 0x00007ffd0ea34000 	C:\Windows\SYSTEM32\DBGHELP.DLL
0x00007ffcf46e0000 - 0x00007ffcf470a000 	C:\Windows\SYSTEM32\dbgcore.DLL
0x00007ffd01700000 - 0x00007ffd0170f000 	c:\Users\Administrator\.vscode\extensions\redhat.java-1.51.0-win32-x64\jre\21.0.9-win32-x86_64\bin\instrument.dll
0x00007ffcf75b0000 - 0x00007ffcf75d0000 	c:\Users\Administrator\.vscode\extensions\redhat.java-1.51.0-win32-x64\jre\21.0.9-win32-x86_64\bin\java.dll
0x00007ffd11c40000 - 0x00007ffd12327000 	C:\Windows\System32\SHELL32.dll
0x00007ffd12d10000 - 0x00007ffd12db8000 	C:\Windows\System32\shcore.dll
0x00007ffd10090000 - 0x00007ffd1080b000 	C:\Windows\System32\windows.storage.dll
0x00007ffd0ff90000 - 0x00007ffd0ffae000 	C:\Windows\System32\profapi.dll
0x00007ffd11be0000 - 0x00007ffd11c32000 	C:\Windows\System32\shlwapi.dll
0x00007ffd10070000 - 0x00007ffd10087000 	C:\Windows\System32\cryptsp.dll
0x00007ffcf6cf0000 - 0x00007ffcf6d08000 	c:\Users\Administrator\.vscode\extensions\redhat.java-1.51.0-win32-x64\jre\21.0.9-win32-x86_64\bin\zip.dll
0x00007ffd01420000 - 0x00007ffd01430000 	C:\Users\Administrator\.vscode\extensions\redhat.java-1.51.0-win32-x64\jre\21.0.9-win32-x86_64\bin\net.dll
0x00007ffd08d40000 - 0x00007ffd08e3a000 	C:\Windows\SYSTEM32\WINHTTP.dll
0x00007ffd0f770000 - 0x00007ffd0f7d7000 	C:\Windows\system32\mswsock.dll
0x00007ffcf6a10000 - 0x00007ffcf6a26000 	C:\Users\Administrator\.vscode\extensions\redhat.java-1.51.0-win32-x64\jre\21.0.9-win32-x86_64\bin\nio.dll
0x00007ffd013c0000 - 0x00007ffd013d0000 	c:\Users\Administrator\.vscode\extensions\redhat.java-1.51.0-win32-x64\jre\21.0.9-win32-x86_64\bin\verify.dll
0x00007ffcd1930000 - 0x00007ffcd1974000 	C:\Users\Administrator\AppData\Roaming\Code\User\globalStorage\redhat.java\1.51.0\config_ss_win\org.eclipse.equinox.launcher\org.eclipse.equinox.launcher.win32.win32.x86_64_1.2.1400.v20250801-0854\eclipse_11916.dll
0x00007ffd119b0000 - 0x00007ffd11b07000 	C:\Windows\System32\ole32.dll
0x00007ffd0f2f0000 - 0x00007ffd0f323000 	C:\Windows\system32\rsaenh.dll
0x00007ffd10f40000 - 0x00007ffd10f66000 	C:\Windows\System32\bcrypt.dll
0x00007ffd0fe20000 - 0x00007ffd0fe45000 	C:\Windows\SYSTEM32\USERENV.dll
0x00007ffd0f940000 - 0x00007ffd0f94c000 	C:\Windows\SYSTEM32\CRYPTBASE.dll
0x00007ffd0f480000 - 0x00007ffd0f4ba000 	C:\Windows\SYSTEM32\IPHLPAPI.DLL
0x00007ffd125f0000 - 0x00007ffd125f8000 	C:\Windows\System32\NSI.dll
0x00007ffcce9c0000 - 0x00007ffccea09000 	C:\Users\Administrator\AppData\Local\Temp\jna-146731693\jna4146821855910639141.dll
0x00007ffd12c80000 - 0x00007ffd12c88000 	C:\Windows\System32\PSAPI.DLL

JVMTI agents:
c:\Users\Administrator\.vscode\extensions\redhat.java-1.51.0-win32-x64\lombok\lombok-1.18.39-4050.jar path:c:\Users\Administrator\.vscode\extensions\redhat.java-1.51.0-win32-x64\jre\21.0.9-win32-x86_64\bin\instrument.dll, loaded, initialized, instrumentlib options:none

dbghelp: loaded successfully - version: 4.0.5 - missing functions: none
symbol engine: initialized successfully - sym options: 0x614 - pdb path: .;c:\Users\Administrator\.vscode\extensions\redhat.java-1.51.0-win32-x64\jre\21.0.9-win32-x86_64\bin;C:\Windows\SYSTEM32;C:\Windows\WinSxS\amd64_microsoft.windows.common-controls_6595b64144ccf1df_6.0.18362.1556_none_9e7e372fe45e41d5;c:\Users\Administrator\.vscode\extensions\redhat.java-1.51.0-win32-x64\jre\21.0.9-win32-x86_64\bin\server;C:\Users\Administrator\AppData\Roaming\Code\User\globalStorage\redhat.java\1.51.0\config_ss_win\org.eclipse.equinox.launcher\org.eclipse.equinox.launcher.win32.win32.x86_64_1.2.1400.v20250801-0854;C:\Users\Administrator\AppData\Local\Temp\jna-146731693

VM Arguments:
jvm_args: --add-modules=ALL-SYSTEM --add-opens=java.base/java.util=ALL-UNNAMED --add-opens=java.base/java.lang=ALL-UNNAMED --add-opens=java.base/sun.nio.fs=ALL-UNNAMED -Declipse.application=org.eclipse.jdt.ls.core.id1 -Dosgi.bundles.defaultStartLevel=4 -Declipse.product=org.eclipse.jdt.ls.core.product -Djava.import.generatesMetadataFilesAtProjectRoot=false -DDetectVMInstallationsJob.disabled=true -Dfile.encoding=utf8 -XX:+UseParallelGC -XX:GCTimeRatio=4 -XX:AdaptiveSizePolicyWeight=90 -Dsun.zip.disableMemoryMapping=true -Xmx2G -Xms100m -Xlog:disable -javaagent:c:\Users\Administrator\.vscode\extensions\redhat.java-1.51.0-win32-x64\lombok\lombok-1.18.39-4050.jar 
java_command: c:\Users\Administrator\.vscode\extensions\redhat.java-1.51.0-win32-x64\server\plugins\org.eclipse.equinox.launcher_1.7.100.v20251111-0406.jar -configuration c:\Users\Administrator\AppData\Roaming\Code\User\globalStorage\redhat.java\1.51.0\config_ss_win -data c:\Users\Administrator\AppData\Roaming\Code\User\workspaceStorage\9dc1cad281cafc8938dd036e9dabeaab\redhat.java\ss_ws --pipe=\\.\pipe\lsp-4267d7db293fa3685b6a9d3c2acd513b-sock
java_class_path (initial): c:\Users\Administrator\.vscode\extensions\redhat.java-1.51.0-win32-x64\server\plugins\org.eclipse.equinox.launcher_1.7.100.v20251111-0406.jar
Launcher Type: SUN_STANDARD

[Global flags]
    uintx AdaptiveSizePolicyWeight                 = 90                                        {product} {command line}
     intx CICompilerCount                          = 4                                         {product} {ergonomic}
    uintx GCTimeRatio                              = 4                                         {product} {command line}
   size_t InitialHeapSize                          = 104857600                                 {product} {command line}
   size_t MaxHeapSize                              = 2147483648                                {product} {command line}
   size_t MaxNewSize                               = 715653120                                 {product} {ergonomic}
   size_t MinHeapDeltaBytes                        = 524288                                    {product} {ergonomic}
   size_t MinHeapSize                              = 104857600                                 {product} {command line}
   size_t NewSize                                  = 34603008                                  {product} {ergonomic}
    uintx NonNMethodCodeHeapSize                   = 5839372                                {pd product} {ergonomic}
    uintx NonProfiledCodeHeapSize                  = 122909434                              {pd product} {ergonomic}
   size_t OldSize                                  = 70254592                                  {product} {ergonomic}
    uintx ProfiledCodeHeapSize                     = 122909434                              {pd product} {ergonomic}
    uintx ReservedCodeCacheSize                    = 251658240                              {pd product} {ergonomic}
     bool SegmentedCodeCache                       = true                                      {product} {ergonomic}
   size_t SoftMaxHeapSize                          = 2147483648                             {manageable} {ergonomic}
     bool UseCompressedOops                        = true                           {product lp64_product} {ergonomic}
     bool UseLargePagesIndividualAllocation        = false                                  {pd product} {ergonomic}
     bool UseParallelGC                            = true                                      {product} {command line}

Logging:
Log output configuration:
 #0: stdout all=off uptime,level,tags foldmultilines=false
 #1: stderr all=off uptime,level,tags foldmultilines=false

Release file:
JAVA_VERSION="21.0.9" 
MODULES="java.base java.compiler java.datatransfer java.xml java.prefs java.desktop java.instrument java.logging java.management java.security.sasl java.naming java.rmi java.management.rmi java.net.http java.scripting java.security.jgss java.transaction.xa java.sql java.sql.rowset java.xml.crypto java.se java.smartcardio jdk.accessibility jdk.internal.jvmstat jdk.attach jdk.charsets jdk.internal.opt jdk.zipfs jdk.compiler jdk.crypto.ec jdk.crypto.cryptoki jdk.crypto.mscapi jdk.dynalink jdk.internal.ed jdk.editpad jdk.hotspot.agent jdk.httpserver jdk.internal.le jdk.internal.vm.ci jdk.internal.vm.compiler jdk.internal.vm.compiler.management jdk.jartool jdk.javadoc jdk.jcmd jdk.management jdk.management.agent jdk.jconsole jdk.jdeps jdk.jdwp.agent jdk.jdi jdk.jfr jdk.jshell jdk.jsobject jdk.jstatd jdk.localedata jdk.management.jfr jdk.naming.dns jdk.naming.rmi jdk.net jdk.nio.mapmode jdk.random jdk.sctp jdk.security.auth jdk.security.jgss jdk.unsupported jdk.unsupported.desktop jdk.xml.dom" 

Environment Variables:
JAVA_HOME=D:\datn\jdk-17.0.16+8
PATH=d:\cursor\resources\app\bin;C:\Program Files\Python313\Scripts\;C:\Program Files\Python313\;C:\php-8.3.14-nts-Win32-vs16-x64;C:\Windows\system32;C:\Windows;C:\Windows\System32\Wbem;C:\Windows\System32\WindowsPowerShell\v1.0\;C:\Windows\System32\OpenSSH\;C:\Program Files\Microsoft SQL Server\Client SDK\ODBC\170\Tools\Binn\;C:\Program Files (x86)\Microsoft SQL Server\150\Tools\Binn\;C:\Program Files\Microsoft SQL Server\150\Tools\Binn\;C:\Program Files\Microsoft SQL Server\150\DTS\Binn\;C:\Program Files\Azure Data Studio\bin;C:\Program Files\dotnet\;D:\Git\cmd;C:\php-8.4.0-nts-Win32-vs17-x64;C:\ProgramData\ComposerSetup\bin;D:\datn\jdk-17.0.16+8\bin;C:\axis2-1.8.2\bin;D:\datn\apache-maven-3.9.11\bin;C:\Program Files\nodejs\;C:\php-8.4.0-nts-Win32-vs17-x64;C:\Users\Administrator\AppData\Local\Microsoft\WindowsApps;C:\Program Files\Azure Data Studio\bin;C:\Users\Administrator\.dotnet\tools;C:\php-8.3.14-nts-Win32-vs16-x64;C:\Users\Administrator\AppData\Roaming\Composer\vendor\bin;D:\datn\jdk-17.0.16+8;C:\axis2-1.;C:\php-8.4.0-nts-Win32-vs17-x64;C:\Users\Administrator\AppData\Local\Microsoft\WindowsApps;C:\Program Files\Azure Data Studio\bin;C:\Users\Administrator\AppData\Local\Programs\Microsoft VS Code\bin;C:\Users\Administrator\.dotnet\tools;C:\php-8.3.14-nts-Win32-vs16-x64;C:\Users\Administrator\AppData\Roaming\Composer\vendor\bin;D:\datn\jdk-17.0.16+8;C:\axis2-1.8.2;D:\cursor\resources\app\bin;D:\datn\apache-maven-3.9.11\bin;C:\Users\Administrator\AppData\Roaming\npm;C:\Users\Administrator\AppData\Local\Programs\Antigravity\bin
USERNAME=Administrator
OS=Windows_NT
PROCESSOR_IDENTIFIER=Intel64 Family 6 Model 142 Stepping 12, GenuineIntel
TMP=C:\Users\ADMINI~1\AppData\Local\Temp
TEMP=C:\Users\ADMINI~1\AppData\Local\Temp




Periodic native trim disabled

---------------  S Y S T E M  ---------------

OS:
 Windows 10 , 64 bit Build 18362 (10.0.18362.1500)
OS uptime: 17 days 5:57 hours

CPU: total 8 (initial active 8) (4 cores per cpu, 2 threads per core) family 6 model 142 stepping 12 microcode 0xde, cx8, cmov, fxsr, ht, mmx, 3dnowpref, sse, sse2, sse3, ssse3, sse4.1, sse4.2, popcnt, lzcnt, tsc, tscinvbit, avx, avx2, aes, erms, clmul, bmi1, bmi2, adx, fma, vzeroupper, clflush, clflushopt, rdtscp, f16c
Processor Information for the first 8 processors :
  Max Mhz: 1800, Current Mhz: 1600, Mhz Limit: 1584

Memory: 4k page, system-wide physical 3889M (225M free)
TotalPageFile size 15665M (AvailPageFile size 33M)
current process WorkingSet (physical memory assigned to process): 143M, peak: 143M
current process commit charge ("private bytes"): 278M, peak: 279M

vm_info: OpenJDK 64-Bit Server VM (21.0.9+10-LTS) for windows-amd64 JRE (21.0.9+10-LTS), built on 2025-10-21T00:00:00Z by "admin" with unknown MS VC++:1942

END.
