#
# There is insufficient memory for the Java Runtime Environment to continue.
# Native memory allocation (malloc) failed to allocate 1789584 bytes. Error detail: Chunk::new
# Possible reasons:
#   The system is out of physical RAM or swap space
#   This process is running with CompressedOops enabled, and the Java Heap may be blocking the growth of the native heap
# Possible solutions:
#   Reduce memory load on the system
#   Increase physical memory or swap space
#   Check if swap backing store is full
#   Decrease Java heap size (-Xmx/-Xms)
#   Decrease number of Java threads
#   Decrease Java thread stack sizes (-Xss)
#   Set larger code cache with -XX:ReservedCodeCacheSize=
#   JVM is running with Unscaled Compressed Oops mode in which the Java heap is
#     placed in the first 4GB address space. The Java Heap base address is the
#     maximum limit for the native heap growth. Please use -XX:HeapBaseMinAddress
#     to set the Java Heap base and to place the Java Heap above 4GB virtual address.
# This output file may be truncated or incomplete.
#
#  Out of Memory Error (arena.cpp:168), pid=13956, tid=6716
#
# JRE version: OpenJDK Runtime Environment Temurin-21.0.9+10 (21.0.9+10) (build 21.0.9+10-LTS)
# Java VM: OpenJDK 64-Bit Server VM Temurin-21.0.9+10 (21.0.9+10-LTS, mixed mode, sharing, tiered, compressed oops, compressed class ptrs, parallel gc, windows-amd64)
# No core dump will be written. Minidumps are not enabled by default on client versions of Windows
#

---------------  S U M M A R Y ------------

Command Line: --add-modules=ALL-SYSTEM --add-opens=java.base/java.util=ALL-UNNAMED --add-opens=java.base/java.lang=ALL-UNNAMED --add-opens=java.base/sun.nio.fs=ALL-UNNAMED -Declipse.application=org.eclipse.jdt.ls.core.id1 -Dosgi.bundles.defaultStartLevel=4 -Declipse.product=org.eclipse.jdt.ls.core.product -Djava.import.generatesMetadataFilesAtProjectRoot=false -DDetectVMInstallationsJob.disabled=true -Dfile.encoding=utf8 -XX:+UseParallelGC -XX:GCTimeRatio=4 -XX:AdaptiveSizePolicyWeight=90 -Dsun.zip.disableMemoryMapping=true -Xmx2G -Xms100m -Xlog:disable -javaagent:c:\Users\Administrator\.antigravity\extensions\redhat.java-1.51.0-win32-x64\lombok\lombok-1.18.39-4050.jar -XX:+HeapDumpOnOutOfMemoryError -XX:HeapDumpPath=c:\Users\Administrator\AppData\Roaming\Antigravity\User\workspaceStorage\9dc1cad281cafc8938dd036e9dabeaab\redhat.java -Daether.dependencyCollector.impl=bf c:\Users\Administrator\.antigravity\extensions\redhat.java-1.51.0-win32-x64\server\plugins\org.eclipse.equinox.launcher_1.7.100.v20251111-0406.jar -configuration c:\Users\Administrator\AppData\Roaming\Antigravity\User\globalStorage\redhat.java\1.51.0\config_win -data c:\Users\Administrator\AppData\Roaming\Antigravity\User\workspaceStorage\9dc1cad281cafc8938dd036e9dabeaab\redhat.java\jdt_ws --pipe=\\.\pipe\lsp-eb32a470220f2c4d9ad8d306cf26c127-sock

Host: Intel(R) Core(TM) i5-8265U CPU @ 1.60GHz, 8 cores, 3G,  Windows 10 , 64 bit Build 18362 (10.0.18362.1500)
Time: Sun Jan 25 17:26:57 2026 SE Asia Standard Time elapsed time: 83.954997 seconds (0d 0h 1m 23s)

---------------  T H R E A D  ---------------

Current thread (0x0000024621303950):  JavaThread "C2 CompilerThread0" daemon [_thread_in_native, id=6716, stack(0x00000056c0100000,0x00000056c0200000) (1024K)]


Current CompileTask:
C2:83955 13681       4       org.eclipse.jdt.internal.compiler.parser.Parser::consumeRule (7748 bytes)

Stack: [0x00000056c0100000,0x00000056c0200000]
Native frames: (J=compiled Java code, j=interpreted, Vv=VM code, C=native code)
V  [jvm.dll+0x6d6e29]
V  [jvm.dll+0x8b4b76]
V  [jvm.dll+0x8b712e]
V  [jvm.dll+0x8b7813]
V  [jvm.dll+0x283d86]
V  [jvm.dll+0xc66ed]
V  [jvm.dll+0xc6c31]
V  [jvm.dll+0x3be53b]
V  [jvm.dll+0x38ab92]
V  [jvm.dll+0x389fda]
V  [jvm.dll+0x24bfa0]
V  [jvm.dll+0x24b580]
V  [jvm.dll+0x1cb13e]
V  [jvm.dll+0x25b29d]
V  [jvm.dll+0x25982a]
V  [jvm.dll+0x3f7ea6]
V  [jvm.dll+0x85e9ad]
V  [jvm.dll+0x6d565d]
C  [ucrtbase.dll+0x210b2]
C  [KERNEL32.DLL+0x17c24]
C  [ntdll.dll+0x6d721]


---------------  P R O C E S S  ---------------

Threads class SMR info:
_java_thread_list=0x0000024601b37510, length=61, elements={
0x00000246213913b0, 0x00000246212fd590, 0x00000246212fea40, 0x00000246212ff750,
0x0000024621300460, 0x0000024621301170, 0x0000024621302bd0, 0x0000024621303950,
0x000002462133e5b0, 0x000002467a85e810, 0x000002467a9f9960, 0x000002467f3597c0,
0x000002467f3efa50, 0x000002467f644510, 0x000002467f644f40, 0x000002467f311be0,
0x000002460009de80, 0x000002467a6fedf0, 0x00000246004ac590, 0x0000024600033560,
0x0000024600032840, 0x0000024600030e00, 0x0000024600031490, 0x0000024600031b20,
0x0000024600032ed0, 0x0000024600030770, 0x00000246000300e0, 0x0000024602196420,
0x000002460219ac50, 0x00000246021977d0, 0x0000024602197e60, 0x000002460219cd20,
0x0000024602196ab0, 0x0000024602199f30, 0x00000246021984f0, 0x0000024602197140,
0x0000024602199210, 0x000002460219a5c0, 0x0000024602198b80, 0x000002460219b2e0,
0x00000246021998a0, 0x000002460219b970, 0x000002460219c000, 0x000002460219c690,
0x0000024602195d90, 0x000002460219d3b0, 0x0000024601a14260, 0x0000024601a15ca0,
0x0000024601a148f0, 0x0000024601a14f80, 0x0000024601a16330, 0x0000024601a17050,
0x0000024601a15610, 0x0000024601a169c0, 0x0000024602ccb760, 0x0000024602cd0cb0,
0x0000024602cd2060, 0x0000024602ccf900, 0x0000024602cccb10, 0x0000024602ccbdf0,
0x0000024602ccc480
}

Java Threads: ( => current thread )
  0x00000246213913b0 JavaThread "main"                              [_thread_blocked, id=6020, stack(0x00000056bf700000,0x00000056bf800000) (1024K)]
  0x00000246212fd590 JavaThread "Reference Handler"          daemon [_thread_blocked, id=13216, stack(0x00000056bfb00000,0x00000056bfc00000) (1024K)]
  0x00000246212fea40 JavaThread "Finalizer"                  daemon [_thread_blocked, id=14064, stack(0x00000056bfc00000,0x00000056bfd00000) (1024K)]
  0x00000246212ff750 JavaThread "Signal Dispatcher"          daemon [_thread_blocked, id=19044, stack(0x00000056bfd00000,0x00000056bfe00000) (1024K)]
  0x0000024621300460 JavaThread "Attach Listener"            daemon [_thread_blocked, id=11472, stack(0x00000056bfe00000,0x00000056bff00000) (1024K)]
  0x0000024621301170 JavaThread "Service Thread"             daemon [_thread_blocked, id=8112, stack(0x00000056bff00000,0x00000056c0000000) (1024K)]
  0x0000024621302bd0 JavaThread "Monitor Deflation Thread"   daemon [_thread_blocked, id=19860, stack(0x00000056c0000000,0x00000056c0100000) (1024K)]
=>0x0000024621303950 JavaThread "C2 CompilerThread0"         daemon [_thread_in_native, id=6716, stack(0x00000056c0100000,0x00000056c0200000) (1024K)]
  0x000002462133e5b0 JavaThread "C1 CompilerThread0"         daemon [_thread_blocked, id=19612, stack(0x00000056c0200000,0x00000056c0300000) (1024K)]
  0x000002467a85e810 JavaThread "Common-Cleaner"             daemon [_thread_blocked, id=15588, stack(0x00000056c0300000,0x00000056c0400000) (1024K)]
  0x000002467a9f9960 JavaThread "Notification Thread"        daemon [_thread_blocked, id=18400, stack(0x00000056c0400000,0x00000056c0500000) (1024K)]
  0x000002467f3597c0 JavaThread "Active Thread: Equinox Container: 611a5818-4d84-4606-a8e9-1e408140cbb9"        [_thread_blocked, id=20424, stack(0x00000056c0b00000,0x00000056c0c00000) (1024K)]
  0x000002467f3efa50 JavaThread "Refresh Thread: Equinox Container: 611a5818-4d84-4606-a8e9-1e408140cbb9" daemon [_thread_blocked, id=12412, stack(0x00000056c0d00000,0x00000056c0e00000) (1024K)]
  0x000002467f644510 JavaThread "Framework Event Dispatcher: Equinox Container: 611a5818-4d84-4606-a8e9-1e408140cbb9" daemon [_thread_blocked, id=1072, stack(0x00000056c0e00000,0x00000056c0f00000) (1024K)]
  0x000002467f644f40 JavaThread "Start Level: Equinox Container: 611a5818-4d84-4606-a8e9-1e408140cbb9" daemon [_thread_blocked, id=16328, stack(0x00000056c0f00000,0x00000056c1000000) (1024K)]
  0x000002467f311be0 JavaThread "Bundle File Closer"         daemon [_thread_blocked, id=14504, stack(0x00000056c1000000,0x00000056c1100000) (1024K)]
  0x000002460009de80 JavaThread "SCR Component Actor"        daemon [_thread_blocked, id=14440, stack(0x00000056c1100000,0x00000056c1200000) (1024K)]
  0x000002467a6fedf0 JavaThread "Worker-JM"                         [_thread_blocked, id=5172, stack(0x00000056c1200000,0x00000056c1300000) (1024K)]
  0x00000246004ac590 JavaThread "JNA Cleaner"                daemon [_thread_blocked, id=19432, stack(0x00000056c1300000,0x00000056c1400000) (1024K)]
  0x0000024600033560 JavaThread "Worker-0: Initialize workspace"        [_thread_blocked, id=15592, stack(0x00000056c1400000,0x00000056c1500000) (1024K)]
  0x0000024600032840 JavaThread "Worker-1"                          [_thread_blocked, id=14252, stack(0x00000056c1500000,0x00000056c1600000) (1024K)]
  0x0000024600030e00 JavaThread "Worker-2"                          [_thread_blocked, id=6748, stack(0x00000056c1600000,0x00000056c1700000) (1024K)]
  0x0000024600031490 JavaThread "Worker-3"                          [_thread_blocked, id=15120, stack(0x00000056c1700000,0x00000056c1800000) (1024K)]
  0x0000024600031b20 JavaThread "Java indexing"              daemon [_thread_blocked, id=2760, stack(0x00000056c1800000,0x00000056c1900000) (1024K)]
  0x0000024600032ed0 JavaThread "Worker-4"                          [_thread_blocked, id=19956, stack(0x00000056c1900000,0x00000056c1a00000) (1024K)]
  0x0000024600030770 JavaThread "Worker-5"                          [_thread_blocked, id=20184, stack(0x00000056c1a00000,0x00000056c1b00000) (1024K)]
  0x00000246000300e0 JavaThread "Worker-6"                          [_thread_blocked, id=11396, stack(0x00000056c1b00000,0x00000056c1c00000) (1024K)]
  0x0000024602196420 JavaThread "Thread-1"                   daemon [_thread_in_native, id=2180, stack(0x00000056c1c00000,0x00000056c1d00000) (1024K)]
  0x000002460219ac50 JavaThread "Thread-2"                   daemon [_thread_in_native, id=5176, stack(0x00000056c1d00000,0x00000056c1e00000) (1024K)]
  0x00000246021977d0 JavaThread "Thread-3"                   daemon [_thread_in_native, id=19940, stack(0x00000056c1e00000,0x00000056c1f00000) (1024K)]
  0x0000024602197e60 JavaThread "Thread-4"                   daemon [_thread_in_native, id=10364, stack(0x00000056c1f00000,0x00000056c2000000) (1024K)]
  0x000002460219cd20 JavaThread "Thread-5"                   daemon [_thread_in_native, id=18016, stack(0x00000056c2000000,0x00000056c2100000) (1024K)]
  0x0000024602196ab0 JavaThread "Thread-6"                   daemon [_thread_in_native, id=18912, stack(0x00000056c2100000,0x00000056c2200000) (1024K)]
  0x0000024602199f30 JavaThread "Thread-7"                   daemon [_thread_in_native, id=16184, stack(0x00000056c2200000,0x00000056c2300000) (1024K)]
  0x00000246021984f0 JavaThread "Thread-8"                   daemon [_thread_in_native, id=13560, stack(0x00000056c2300000,0x00000056c2400000) (1024K)]
  0x0000024602197140 JavaThread "Thread-9"                   daemon [_thread_in_native, id=17200, stack(0x00000056c2400000,0x00000056c2500000) (1024K)]
  0x0000024602199210 JavaThread "pool-2-thread-1"                   [_thread_blocked, id=15296, stack(0x00000056c2500000,0x00000056c2600000) (1024K)]
  0x000002460219a5c0 JavaThread "WorkspaceEventsHandler"            [_thread_blocked, id=20044, stack(0x00000056c2600000,0x00000056c2700000) (1024K)]
  0x0000024602198b80 JavaThread "pool-1-thread-1"                   [_thread_blocked, id=19656, stack(0x00000056c2700000,0x00000056c2800000) (1024K)]
  0x000002460219b2e0 JavaThread "ForkJoinPool.commonPool-worker-1" daemon [_thread_blocked, id=10688, stack(0x00000056c2800000,0x00000056c2900000) (1024K)]
  0x00000246021998a0 JavaThread "ForkJoinPool.commonPool-worker-2" daemon [_thread_blocked, id=14948, stack(0x00000056c2900000,0x00000056c2a00000) (1024K)]
  0x000002460219b970 JavaThread "ForkJoinPool.commonPool-worker-3" daemon [_thread_blocked, id=19976, stack(0x00000056c2a00000,0x00000056c2b00000) (1024K)]
  0x000002460219c000 JavaThread "ForkJoinPool.commonPool-worker-4" daemon [_thread_blocked, id=19660, stack(0x00000056c2b00000,0x00000056c2c00000) (1024K)]
  0x000002460219c690 JavaThread "ForkJoinPool.commonPool-worker-5" daemon [_thread_blocked, id=18348, stack(0x00000056c2c00000,0x00000056c2d00000) (1024K)]
  0x0000024602195d90 JavaThread "ForkJoinPool.commonPool-worker-6" daemon [_thread_blocked, id=17312, stack(0x00000056c2d00000,0x00000056c2e00000) (1024K)]
  0x000002460219d3b0 JavaThread "ForkJoinPool.commonPool-worker-7" daemon [_thread_blocked, id=10620, stack(0x00000056c2e00000,0x00000056c2f00000) (1024K)]
  0x0000024601a14260 JavaThread "LocalFile Deleter"          daemon [_thread_blocked, id=14464, stack(0x00000056c2f00000,0x00000056c3000000) (1024K)]
  0x0000024601a15ca0 JavaThread "LocalFile Deleter"          daemon [_thread_blocked, id=17496, stack(0x00000056c3000000,0x00000056c3100000) (1024K)]
  0x0000024601a148f0 JavaThread "Compiler Source File Reader" daemon [_thread_blocked, id=6272, stack(0x00000056c3100000,0x00000056c3200000) (1024K)]
  0x0000024601a14f80 JavaThread "Compiler Source File Reader" daemon [_thread_blocked, id=5520, stack(0x00000056c3200000,0x00000056c3300000) (1024K)]
  0x0000024601a16330 JavaThread "Compiler Source File Reader" daemon [_thread_blocked, id=15404, stack(0x00000056c3300000,0x00000056c3400000) (1024K)]
  0x0000024601a17050 JavaThread "Compiler Source File Reader" daemon [_thread_blocked, id=8668, stack(0x00000056c3400000,0x00000056c3500000) (1024K)]
  0x0000024601a15610 JavaThread "Compiler Source File Reader" daemon [_thread_blocked, id=19048, stack(0x00000056c3500000,0x00000056c3600000) (1024K)]
  0x0000024601a169c0 JavaThread "Compiler Source File Reader" daemon [_thread_blocked, id=9452, stack(0x00000056c3600000,0x00000056c3700000) (1024K)]
  0x0000024602ccb760 JavaThread "Compiler Processing Task"   daemon [_thread_blocked, id=14872, stack(0x00000056c3700000,0x00000056c3800000) (1024K)]
  0x0000024602cd0cb0 JavaThread "Compiler Class File Writer" daemon [_thread_blocked, id=2080, stack(0x00000056c3800000,0x00000056c3900000) (1024K)]
  0x0000024602cd2060 JavaThread "Compiler Class File Writer" daemon [_thread_blocked, id=13920, stack(0x00000056c3900000,0x00000056c3a00000) (1024K)]
  0x0000024602ccf900 JavaThread "Compiler Class File Writer" daemon [_thread_blocked, id=17716, stack(0x00000056c3c00000,0x00000056c3d00000) (1024K)]
  0x0000024602cccb10 JavaThread "Compiler Class File Writer" daemon [_thread_blocked, id=15392, stack(0x00000056c3d00000,0x00000056c3e00000) (1024K)]
  0x0000024602ccbdf0 JavaThread "Compiler Class File Writer" daemon [_thread_blocked, id=20220, stack(0x00000056c3e00000,0x00000056c3f00000) (1024K)]
  0x0000024602ccc480 JavaThread "Compiler Class File Writer" daemon [_thread_blocked, id=9380, stack(0x00000056c3f00000,0x00000056c4000000) (1024K)]
Total: 61

Other Threads:
  0x00000246212e28c0 VMThread "VM Thread"                           [id=14124, stack(0x00000056bfa00000,0x00000056bfb00000) (1024K)]
  0x00000246213fae50 WatcherThread "VM Periodic Task Thread"        [id=1536, stack(0x00000056bf900000,0x00000056bfa00000) (1024K)]
  0x00000246213b0890 WorkerThread "GC Thread#0"                     [id=15060, stack(0x00000056bf800000,0x00000056bf900000) (1024K)]
  0x000002467f3a7ab0 WorkerThread "GC Thread#1"                     [id=18968, stack(0x00000056c0500000,0x00000056c0600000) (1024K)]
  0x000002467f3a5e20 WorkerThread "GC Thread#2"                     [id=20256, stack(0x00000056c0600000,0x00000056c0700000) (1024K)]
  0x000002467f3a61c0 WorkerThread "GC Thread#3"                     [id=13156, stack(0x00000056c0700000,0x00000056c0800000) (1024K)]
  0x000002467f3a6560 WorkerThread "GC Thread#4"                     [id=8144, stack(0x00000056c0800000,0x00000056c0900000) (1024K)]
  0x000002467f44eb20 WorkerThread "GC Thread#5"                     [id=12876, stack(0x00000056c0900000,0x00000056c0a00000) (1024K)]
  0x000002467f3a6900 WorkerThread "GC Thread#6"                     [id=19308, stack(0x00000056c0a00000,0x00000056c0b00000) (1024K)]
  0x000002467f40b3f0 WorkerThread "GC Thread#7"                     [id=20164, stack(0x00000056c0c00000,0x00000056c0d00000) (1024K)]
Total: 10

Threads with active compile tasks:
C2 CompilerThread0  84037 13681       4       org.eclipse.jdt.internal.compiler.parser.Parser::consumeRule (7748 bytes)
Total: 1

VM state: not at safepoint (normal execution)

VM Mutex/Monitor currently owned by a thread: None

Heap address: 0x0000000080000000, size: 2048 MB, Compressed Oops mode: 32-bit

CDS archive(s) mapped at: [0x0000024638000000-0x0000024638ba0000-0x0000024638ba0000), size 12189696, SharedBaseAddress: 0x0000024638000000, ArchiveRelocationMode: 1.
Compressed class space mapped at: 0x0000024639000000-0x0000024679000000, reserved size: 1073741824
Narrow klass base: 0x0000024638000000, Narrow klass shift: 0, Narrow klass range: 0x100000000

GC Precious Log:
 CardTable entry size: 512
 CPUs: 8 total, 8 available
 Memory: 3889M
 Large Page Support: Disabled
 NUMA Support: Disabled
 Compressed Oops: Enabled (32-bit)
 Alignments: Space 512K, Generation 512K, Heap 2M
 Heap Min Capacity: 100M
 Heap Initial Capacity: 100M
 Heap Max Capacity: 2G
 Pre-touch: Disabled
 Parallel Workers: 8

Heap:
 PSYoungGen      total 4096K, used 1690K [0x00000000d5580000, 0x00000000d5a80000, 0x0000000100000000)
  eden space 3584K, 39% used [0x00000000d5580000,0x00000000d56de9c8,0x00000000d5900000)
  from space 512K, 56% used [0x00000000d5980000,0x00000000d59c8000,0x00000000d5a00000)
  to   space 512K, 0% used [0x00000000d5a00000,0x00000000d5a00000,0x00000000d5a80000)
 ParOldGen       total 123904K, used 123710K [0x0000000080000000, 0x0000000087900000, 0x00000000d5580000)
  object space 123904K, 99% used [0x0000000080000000,0x00000000878cf8f0,0x0000000087900000)
 Metaspace       used 66254K, committed 67840K, reserved 1114112K
  class space    used 6806K, committed 7488K, reserved 1048576K

Card table byte_map: [0x0000024620d30000,0x0000024621140000] _byte_map_base: 0x0000024620930000

Marking Bits: (ParMarkBitMap*) 0x00007ffc9da72460
 Begin Bits: [0x0000024633840000, 0x0000024635840000)
 End Bits:   [0x0000024635840000, 0x0000024637840000)

Polling page: 0x000002461f1e0000

Metaspace:

Usage:
  Non-class:     58.05 MB used.
      Class:      6.65 MB used.
       Both:     64.70 MB used.

Virtual space:
  Non-class space:       64.00 MB reserved,      58.94 MB ( 92%) committed,  1 nodes.
      Class space:        1.00 GB reserved,       7.31 MB ( <1%) committed,  1 nodes.
             Both:        1.06 GB reserved,      66.25 MB (  6%) committed. 

Chunk freelists:
   Non-Class:  4.98 MB
       Class:  8.69 MB
        Both:  13.67 MB

MaxMetaspaceSize: unlimited
CompressedClassSpaceSize: 1.00 GB
Initial GC threshold: 21.00 MB
Current GC threshold: 97.31 MB
CDS: on
 - commit_granule_bytes: 65536.
 - commit_granule_words: 8192.
 - virtual_space_node_default_size: 8388608.
 - enlarge_chunks_in_place: 1.
 - use_allocation_guard: 0.


Internal statistics:

num_allocs_failed_limit: 9.
num_arena_births: 1324.
num_arena_deaths: 14.
num_vsnodes_births: 2.
num_vsnodes_deaths: 0.
num_space_committed: 1060.
num_space_uncommitted: 0.
num_chunks_returned_to_freelist: 23.
num_chunks_taken_from_freelist: 4548.
num_chunk_merges: 14.
num_chunk_splits: 2774.
num_chunks_enlarged: 1533.
num_inconsistent_stats: 0.

CodeHeap 'non-profiled nmethods': size=120000Kb used=8141Kb max_used=8141Kb free=111859Kb
 bounds [0x000002462c060000, 0x000002462c860000, 0x0000024633590000]
CodeHeap 'profiled nmethods': size=120000Kb used=30782Kb max_used=30782Kb free=89217Kb
 bounds [0x0000024624590000, 0x00000246263a0000, 0x000002462bac0000]
CodeHeap 'non-nmethods': size=5760Kb used=1427Kb max_used=1574Kb free=4333Kb
 bounds [0x000002462bac0000, 0x000002462bd30000, 0x000002462c060000]
CodeCache: size=245760Kb, used=40350Kb, max_used=40497Kb, free=205409Kb
 total_blobs=13645, nmethods=12911, adapters=638, full_count=0
Compilation: enabled, stopped_count=0, restarted_count=0

Compilation events (20 events):
Event: 83.882 Thread 0x000002462133e5b0 13696       2       org.eclipse.jdt.internal.compiler.parser.Scanner::<init> (482 bytes)
Event: 83.885 Thread 0x000002462133e5b0 nmethod 13696 0x0000024626390410 code [0x0000024626390660, 0x00000246263915b0]
Event: 83.885 Thread 0x000002462133e5b0 13699       3       org.eclipse.jdt.internal.compiler.SourceElementParser::newSingleNameReference (10 bytes)
Event: 83.885 Thread 0x000002462133e5b0 nmethod 13699 0x0000024626391c10 code [0x0000024626391de0, 0x0000024626392238]
Event: 83.885 Thread 0x000002462133e5b0 13694       2       java.lang.Runtime$Version::<init> (26 bytes)
Event: 83.886 Thread 0x000002462133e5b0 nmethod 13694 0x0000024626392410 code [0x00000246263925a0, 0x00000246263926f8]
Event: 83.886 Thread 0x000002462133e5b0 13700       2       org.eclipse.jdt.internal.compiler.ast.Block::<init> (10 bytes)
Event: 83.886 Thread 0x000002462133e5b0 nmethod 13700 0x0000024626392790 code [0x0000024626392920, 0x0000024626392a30]
Event: 83.886 Thread 0x000002462133e5b0 13701       2       org.eclipse.jdt.internal.compiler.parser.Parser::consumeBlock (224 bytes)
Event: 83.887 Thread 0x000002462133e5b0 nmethod 13701 0x0000024626392b10 code [0x0000024626392d20, 0x0000024626393460]
Event: 83.887 Thread 0x000002462133e5b0 13703       3       org.eclipse.jdt.internal.core.Annotation::calculateHashCode (26 bytes)
Event: 83.888 Thread 0x000002462133e5b0 nmethod 13703 0x0000024626393790 code [0x0000024626393960, 0x0000024626393c68]
Event: 83.888 Thread 0x000002462133e5b0 13704       3       org.eclipse.jdt.internal.core.CompilationUnitStructureRequestor::acceptAnnotation (207 bytes)
Event: 83.890 Thread 0x000002462133e5b0 nmethod 13704 0x0000024626393e10 code [0x0000024626394120, 0x0000024626395608]
Event: 83.890 Thread 0x000002462133e5b0 13702   !   2       org.eclipse.jdt.internal.compiler.SourceElementNotifier::visitIfNeeded (64 bytes)
Event: 83.891 Thread 0x000002462133e5b0 nmethod 13702 0x0000024626395e90 code [0x0000024626396080, 0x00000246263964c8]
Event: 83.891 Thread 0x000002462133e5b0 13697       2       org.eclipse.jdt.internal.compiler.ast.ConstructorDeclaration::<init> (6 bytes)
Event: 83.891 Thread 0x000002462133e5b0 nmethod 13697 0x0000024626396990 code [0x0000024626396b20, 0x0000024626396c50]
Event: 83.891 Thread 0x000002462133e5b0 13705       1       org.eclipse.core.internal.jobs.InternalJob::getListeners (5 bytes)
Event: 83.892 Thread 0x000002462133e5b0 nmethod 13705 0x000002462c852510 code [0x000002462c8526a0, 0x000002462c852768]

GC Heap History (20 events):
Event: 83.136 GC heap before
{Heap before GC invocations=128 (full 3):
 PSYoungGen      total 4608K, used 4153K [0x00000000d5580000, 0x00000000d5b00000, 0x0000000100000000)
  eden space 3584K, 100% used [0x00000000d5580000,0x00000000d5900000,0x00000000d5900000)
  from space 1024K, 55% used [0x00000000d5a00000,0x00000000d5a8e600,0x00000000d5b00000)
  to   space 1024K, 0% used [0x00000000d5900000,0x00000000d5900000,0x00000000d5a00000)
 ParOldGen       total 122368K, used 121929K [0x0000000080000000, 0x0000000087780000, 0x00000000d5580000)
  object space 122368K, 99% used [0x0000000080000000,0x00000000877126d8,0x0000000087780000)
 Metaspace       used 66058K, committed 67584K, reserved 1114112K
  class space    used 6803K, committed 7488K, reserved 1048576K
}
Event: 83.138 GC heap after
{Heap after GC invocations=128 (full 3):
 PSYoungGen      total 4608K, used 576K [0x00000000d5580000, 0x00000000d5b00000, 0x0000000100000000)
  eden space 3584K, 0% used [0x00000000d5580000,0x00000000d5580000,0x00000000d5900000)
  from space 1024K, 56% used [0x00000000d5900000,0x00000000d5990000,0x00000000d5a00000)
  to   space 1024K, 0% used [0x00000000d5a00000,0x00000000d5a00000,0x00000000d5b00000)
 ParOldGen       total 122368K, used 122314K [0x0000000080000000, 0x0000000087780000, 0x00000000d5580000)
  object space 122368K, 99% used [0x0000000080000000,0x0000000087772a20,0x0000000087780000)
 Metaspace       used 66058K, committed 67584K, reserved 1114112K
  class space    used 6803K, committed 7488K, reserved 1048576K
}
Event: 83.294 GC heap before
{Heap before GC invocations=129 (full 3):
 PSYoungGen      total 4608K, used 4160K [0x00000000d5580000, 0x00000000d5b00000, 0x0000000100000000)
  eden space 3584K, 100% used [0x00000000d5580000,0x00000000d5900000,0x00000000d5900000)
  from space 1024K, 56% used [0x00000000d5900000,0x00000000d5990000,0x00000000d5a00000)
  to   space 1024K, 0% used [0x00000000d5a00000,0x00000000d5a00000,0x00000000d5b00000)
 ParOldGen       total 122368K, used 122314K [0x0000000080000000, 0x0000000087780000, 0x00000000d5580000)
  object space 122368K, 99% used [0x0000000080000000,0x0000000087772a20,0x0000000087780000)
 Metaspace       used 66091K, committed 67584K, reserved 1114112K
  class space    used 6804K, committed 7488K, reserved 1048576K
}
Event: 83.296 GC heap after
{Heap after GC invocations=129 (full 3):
 PSYoungGen      total 4096K, used 256K [0x00000000d5580000, 0x00000000d5a80000, 0x0000000100000000)
  eden space 3584K, 0% used [0x00000000d5580000,0x00000000d5580000,0x00000000d5900000)
  from space 512K, 50% used [0x00000000d5a00000,0x00000000d5a40000,0x00000000d5a80000)
  to   space 512K, 0% used [0x00000000d5980000,0x00000000d5980000,0x00000000d5a00000)
 ParOldGen       total 122880K, used 122386K [0x0000000080000000, 0x0000000087800000, 0x00000000d5580000)
  object space 122880K, 99% used [0x0000000080000000,0x0000000087784a20,0x0000000087800000)
 Metaspace       used 66091K, committed 67584K, reserved 1114112K
  class space    used 6804K, committed 7488K, reserved 1048576K
}
Event: 83.370 GC heap before
{Heap before GC invocations=130 (full 3):
 PSYoungGen      total 4096K, used 3840K [0x00000000d5580000, 0x00000000d5a80000, 0x0000000100000000)
  eden space 3584K, 100% used [0x00000000d5580000,0x00000000d5900000,0x00000000d5900000)
  from space 512K, 50% used [0x00000000d5a00000,0x00000000d5a40000,0x00000000d5a80000)
  to   space 512K, 0% used [0x00000000d5980000,0x00000000d5980000,0x00000000d5a00000)
 ParOldGen       total 122880K, used 122386K [0x0000000080000000, 0x0000000087800000, 0x00000000d5580000)
  object space 122880K, 99% used [0x0000000080000000,0x0000000087784a20,0x0000000087800000)
 Metaspace       used 66108K, committed 67648K, reserved 1114112K
  class space    used 6805K, committed 7488K, reserved 1048576K
}
Event: 83.371 GC heap after
{Heap after GC invocations=130 (full 3):
 PSYoungGen      total 4096K, used 288K [0x00000000d5580000, 0x00000000d5a80000, 0x0000000100000000)
  eden space 3584K, 0% used [0x00000000d5580000,0x00000000d5580000,0x00000000d5900000)
  from space 512K, 56% used [0x00000000d5980000,0x00000000d59c8000,0x00000000d5a00000)
  to   space 512K, 0% used [0x00000000d5a00000,0x00000000d5a00000,0x00000000d5a80000)
 ParOldGen       total 122880K, used 122474K [0x0000000080000000, 0x0000000087800000, 0x00000000d5580000)
  object space 122880K, 99% used [0x0000000080000000,0x000000008779aa30,0x0000000087800000)
 Metaspace       used 66108K, committed 67648K, reserved 1114112K
  class space    used 6805K, committed 7488K, reserved 1048576K
}
Event: 83.501 GC heap before
{Heap before GC invocations=131 (full 3):
 PSYoungGen      total 4096K, used 3872K [0x00000000d5580000, 0x00000000d5a80000, 0x0000000100000000)
  eden space 3584K, 100% used [0x00000000d5580000,0x00000000d5900000,0x00000000d5900000)
  from space 512K, 56% used [0x00000000d5980000,0x00000000d59c8000,0x00000000d5a00000)
  to   space 512K, 0% used [0x00000000d5a00000,0x00000000d5a00000,0x00000000d5a80000)
 ParOldGen       total 122880K, used 122474K [0x0000000080000000, 0x0000000087800000, 0x00000000d5580000)
  object space 122880K, 99% used [0x0000000080000000,0x000000008779aa30,0x0000000087800000)
 Metaspace       used 66156K, committed 67648K, reserved 1114112K
  class space    used 6805K, committed 7488K, reserved 1048576K
}
Event: 83.504 GC heap after
{Heap after GC invocations=131 (full 3):
 PSYoungGen      total 4096K, used 320K [0x00000000d5580000, 0x00000000d5a80000, 0x0000000100000000)
  eden space 3584K, 0% used [0x00000000d5580000,0x00000000d5580000,0x00000000d5900000)
  from space 512K, 62% used [0x00000000d5a00000,0x00000000d5a50000,0x00000000d5a80000)
  to   space 512K, 0% used [0x00000000d5980000,0x00000000d5980000,0x00000000d5a00000)
 ParOldGen       total 122880K, used 122538K [0x0000000080000000, 0x0000000087800000, 0x00000000d5580000)
  object space 122880K, 99% used [0x0000000080000000,0x00000000877aaa30,0x0000000087800000)
 Metaspace       used 66156K, committed 67648K, reserved 1114112K
  class space    used 6805K, committed 7488K, reserved 1048576K
}
Event: 83.568 GC heap before
{Heap before GC invocations=132 (full 3):
 PSYoungGen      total 4096K, used 3904K [0x00000000d5580000, 0x00000000d5a80000, 0x0000000100000000)
  eden space 3584K, 100% used [0x00000000d5580000,0x00000000d5900000,0x00000000d5900000)
  from space 512K, 62% used [0x00000000d5a00000,0x00000000d5a50000,0x00000000d5a80000)
  to   space 512K, 0% used [0x00000000d5980000,0x00000000d5980000,0x00000000d5a00000)
 ParOldGen       total 122880K, used 122538K [0x0000000080000000, 0x0000000087800000, 0x00000000d5580000)
  object space 122880K, 99% used [0x0000000080000000,0x00000000877aaa30,0x0000000087800000)
 Metaspace       used 66166K, committed 67648K, reserved 1114112K
  class space    used 6805K, committed 7488K, reserved 1048576K
}
Event: 83.570 GC heap after
{Heap after GC invocations=132 (full 3):
 PSYoungGen      total 4096K, used 352K [0x00000000d5580000, 0x00000000d5a80000, 0x0000000100000000)
  eden space 3584K, 0% used [0x00000000d5580000,0x00000000d5580000,0x00000000d5900000)
  from space 512K, 68% used [0x00000000d5980000,0x00000000d59d8000,0x00000000d5a00000)
  to   space 512K, 0% used [0x00000000d5a00000,0x00000000d5a00000,0x00000000d5a80000)
 ParOldGen       total 122880K, used 122678K [0x0000000080000000, 0x0000000087800000, 0x00000000d5580000)
  object space 122880K, 99% used [0x0000000080000000,0x00000000877cd8b0,0x0000000087800000)
 Metaspace       used 66166K, committed 67648K, reserved 1114112K
  class space    used 6805K, committed 7488K, reserved 1048576K
}
Event: 83.629 GC heap before
{Heap before GC invocations=133 (full 3):
 PSYoungGen      total 4096K, used 3936K [0x00000000d5580000, 0x00000000d5a80000, 0x0000000100000000)
  eden space 3584K, 100% used [0x00000000d5580000,0x00000000d5900000,0x00000000d5900000)
  from space 512K, 68% used [0x00000000d5980000,0x00000000d59d8000,0x00000000d5a00000)
  to   space 512K, 0% used [0x00000000d5a00000,0x00000000d5a00000,0x00000000d5a80000)
 ParOldGen       total 122880K, used 122678K [0x0000000080000000, 0x0000000087800000, 0x00000000d5580000)
  object space 122880K, 99% used [0x0000000080000000,0x00000000877cd8b0,0x0000000087800000)
 Metaspace       used 66183K, committed 67712K, reserved 1114112K
  class space    used 6805K, committed 7488K, reserved 1048576K
}
Event: 83.631 GC heap after
{Heap after GC invocations=133 (full 3):
 PSYoungGen      total 4096K, used 352K [0x00000000d5580000, 0x00000000d5a80000, 0x0000000100000000)
  eden space 3584K, 0% used [0x00000000d5580000,0x00000000d5580000,0x00000000d5900000)
  from space 512K, 68% used [0x00000000d5a00000,0x00000000d5a58000,0x00000000d5a80000)
  to   space 512K, 0% used [0x00000000d5980000,0x00000000d5980000,0x00000000d5a00000)
 ParOldGen       total 122880K, used 122758K [0x0000000080000000, 0x0000000087800000, 0x00000000d5580000)
  object space 122880K, 99% used [0x0000000080000000,0x00000000877e18c0,0x0000000087800000)
 Metaspace       used 66183K, committed 67712K, reserved 1114112K
  class space    used 6805K, committed 7488K, reserved 1048576K
}
Event: 83.669 GC heap before
{Heap before GC invocations=134 (full 3):
 PSYoungGen      total 4096K, used 3936K [0x00000000d5580000, 0x00000000d5a80000, 0x0000000100000000)
  eden space 3584K, 100% used [0x00000000d5580000,0x00000000d5900000,0x00000000d5900000)
  from space 512K, 68% used [0x00000000d5a00000,0x00000000d5a58000,0x00000000d5a80000)
  to   space 512K, 0% used [0x00000000d5980000,0x00000000d5980000,0x00000000d5a00000)
 ParOldGen       total 122880K, used 122758K [0x0000000080000000, 0x0000000087800000, 0x00000000d5580000)
  object space 122880K, 99% used [0x0000000080000000,0x00000000877e18c0,0x0000000087800000)
 Metaspace       used 66186K, committed 67712K, reserved 1114112K
  class space    used 6805K, committed 7488K, reserved 1048576K
}
Event: 83.672 GC heap after
{Heap after GC invocations=134 (full 3):
 PSYoungGen      total 4096K, used 352K [0x00000000d5580000, 0x00000000d5a80000, 0x0000000100000000)
  eden space 3584K, 0% used [0x00000000d5580000,0x00000000d5580000,0x00000000d5900000)
  from space 512K, 68% used [0x00000000d5980000,0x00000000d59d8000,0x00000000d5a00000)
  to   space 512K, 0% used [0x00000000d5a00000,0x00000000d5a00000,0x00000000d5a80000)
 ParOldGen       total 122880K, used 122854K [0x0000000080000000, 0x0000000087800000, 0x00000000d5580000)
  object space 122880K, 99% used [0x0000000080000000,0x00000000877f98c0,0x0000000087800000)
 Metaspace       used 66186K, committed 67712K, reserved 1114112K
  class space    used 6805K, committed 7488K, reserved 1048576K
}
Event: 83.704 GC heap before
{Heap before GC invocations=135 (full 3):
 PSYoungGen      total 4096K, used 3936K [0x00000000d5580000, 0x00000000d5a80000, 0x0000000100000000)
  eden space 3584K, 100% used [0x00000000d5580000,0x00000000d5900000,0x00000000d5900000)
  from space 512K, 68% used [0x00000000d5980000,0x00000000d59d8000,0x00000000d5a00000)
  to   space 512K, 0% used [0x00000000d5a00000,0x00000000d5a00000,0x00000000d5a80000)
 ParOldGen       total 122880K, used 122854K [0x0000000080000000, 0x0000000087800000, 0x00000000d5580000)
  object space 122880K, 99% used [0x0000000080000000,0x00000000877f98c0,0x0000000087800000)
 Metaspace       used 66195K, committed 67776K, reserved 1114112K
  class space    used 6805K, committed 7488K, reserved 1048576K
}
Event: 83.706 GC heap after
{Heap after GC invocations=135 (full 3):
 PSYoungGen      total 4096K, used 320K [0x00000000d5580000, 0x00000000d5a80000, 0x0000000100000000)
  eden space 3584K, 0% used [0x00000000d5580000,0x00000000d5580000,0x00000000d5900000)
  from space 512K, 62% used [0x00000000d5a00000,0x00000000d5a50000,0x00000000d5a80000)
  to   space 512K, 0% used [0x00000000d5980000,0x00000000d5980000,0x00000000d5a00000)
 ParOldGen       total 123392K, used 122934K [0x0000000080000000, 0x0000000087880000, 0x00000000d5580000)
  object space 123392K, 99% used [0x0000000080000000,0x000000008780d8d0,0x0000000087880000)
 Metaspace       used 66195K, committed 67776K, reserved 1114112K
  class space    used 6805K, committed 7488K, reserved 1048576K
}
Event: 83.731 GC heap before
{Heap before GC invocations=136 (full 3):
 PSYoungGen      total 4096K, used 3904K [0x00000000d5580000, 0x00000000d5a80000, 0x0000000100000000)
  eden space 3584K, 100% used [0x00000000d5580000,0x00000000d5900000,0x00000000d5900000)
  from space 512K, 62% used [0x00000000d5a00000,0x00000000d5a50000,0x00000000d5a80000)
  to   space 512K, 0% used [0x00000000d5980000,0x00000000d5980000,0x00000000d5a00000)
 ParOldGen       total 123392K, used 122934K [0x0000000080000000, 0x0000000087880000, 0x00000000d5580000)
  object space 123392K, 99% used [0x0000000080000000,0x000000008780d8d0,0x0000000087880000)
 Metaspace       used 66200K, committed 67776K, reserved 1114112K
  class space    used 6805K, committed 7488K, reserved 1048576K
}
Event: 83.733 GC heap after
{Heap after GC invocations=136 (full 3):
 PSYoungGen      total 4096K, used 448K [0x00000000d5580000, 0x00000000d5a80000, 0x0000000100000000)
  eden space 3584K, 0% used [0x00000000d5580000,0x00000000d5580000,0x00000000d5900000)
  from space 512K, 87% used [0x00000000d5980000,0x00000000d59f0020,0x00000000d5a00000)
  to   space 512K, 0% used [0x00000000d5a00000,0x00000000d5a00000,0x00000000d5a80000)
 ParOldGen       total 123392K, used 123086K [0x0000000080000000, 0x0000000087880000, 0x00000000d5580000)
  object space 123392K, 99% used [0x0000000080000000,0x00000000878338d0,0x0000000087880000)
 Metaspace       used 66200K, committed 67776K, reserved 1114112K
  class space    used 6805K, committed 7488K, reserved 1048576K
}
Event: 83.773 GC heap before
{Heap before GC invocations=137 (full 3):
 PSYoungGen      total 4096K, used 4032K [0x00000000d5580000, 0x00000000d5a80000, 0x0000000100000000)
  eden space 3584K, 100% used [0x00000000d5580000,0x00000000d5900000,0x00000000d5900000)
  from space 512K, 87% used [0x00000000d5980000,0x00000000d59f0020,0x00000000d5a00000)
  to   space 512K, 0% used [0x00000000d5a00000,0x00000000d5a00000,0x00000000d5a80000)
 ParOldGen       total 123392K, used 123086K [0x0000000080000000, 0x0000000087880000, 0x00000000d5580000)
  object space 123392K, 99% used [0x0000000080000000,0x00000000878338d0,0x0000000087880000)
 Metaspace       used 66201K, committed 67776K, reserved 1114112K
  class space    used 6805K, committed 7488K, reserved 1048576K
}
Event: 83.776 GC heap after
{Heap after GC invocations=137 (full 3):
 PSYoungGen      total 4096K, used 416K [0x00000000d5580000, 0x00000000d5a80000, 0x0000000100000000)
  eden space 3584K, 0% used [0x00000000d5580000,0x00000000d5580000,0x00000000d5900000)
  from space 512K, 81% used [0x00000000d5a00000,0x00000000d5a68000,0x00000000d5a80000)
  to   space 512K, 0% used [0x00000000d5980000,0x00000000d5980000,0x00000000d5a00000)
 ParOldGen       total 123392K, used 123374K [0x0000000080000000, 0x0000000087880000, 0x00000000d5580000)
  object space 123392K, 99% used [0x0000000080000000,0x000000008787b8f0,0x0000000087880000)
 Metaspace       used 66201K, committed 67776K, reserved 1114112K
  class space    used 6805K, committed 7488K, reserved 1048576K
}

Dll operation events (10 events):
Event: 0.045 Loaded shared library c:\Users\Administrator\.antigravity\extensions\redhat.java-1.51.0-win32-x64\jre\21.0.9-win32-x86_64\bin\java.dll
Event: 0.324 Loaded shared library c:\Users\Administrator\.antigravity\extensions\redhat.java-1.51.0-win32-x64\jre\21.0.9-win32-x86_64\bin\zip.dll
Event: 0.373 Loaded shared library C:\Users\Administrator\.antigravity\extensions\redhat.java-1.51.0-win32-x64\jre\21.0.9-win32-x86_64\bin\instrument.dll
Event: 0.394 Loaded shared library C:\Users\Administrator\.antigravity\extensions\redhat.java-1.51.0-win32-x64\jre\21.0.9-win32-x86_64\bin\net.dll
Event: 0.400 Loaded shared library C:\Users\Administrator\.antigravity\extensions\redhat.java-1.51.0-win32-x64\jre\21.0.9-win32-x86_64\bin\nio.dll
Event: 0.415 Loaded shared library C:\Users\Administrator\.antigravity\extensions\redhat.java-1.51.0-win32-x64\jre\21.0.9-win32-x86_64\bin\zip.dll
Event: 0.502 Loaded shared library C:\Users\Administrator\.antigravity\extensions\redhat.java-1.51.0-win32-x64\jre\21.0.9-win32-x86_64\bin\jimage.dll
Event: 0.815 Loaded shared library c:\Users\Administrator\.antigravity\extensions\redhat.java-1.51.0-win32-x64\jre\21.0.9-win32-x86_64\bin\verify.dll
Event: 4.187 Loaded shared library C:\Users\Administrator\AppData\Roaming\Antigravity\User\globalStorage\redhat.java\1.51.0\config_win\org.eclipse.equinox.launcher\org.eclipse.equinox.launcher.win32.win32.x86_64_1.2.1400.v20250801-0854\eclipse_11916.dll
Event: 11.778 Loaded shared library C:\Users\Administrator\AppData\Local\Temp\jna-146731693\jna9832698985993761915.dll

Deoptimization events (20 events):
Event: 83.415 Thread 0x0000024602198b80 DEOPT PACKING pc=0x000002462623a9ce sp=0x00000056c27fdb50
Event: 83.416 Thread 0x0000024602198b80 DEOPT UNPACKING pc=0x000002462bb14242 sp=0x00000056c27fd0d0 mode 0
Event: 83.508 Thread 0x0000024602198b80 DEOPT PACKING pc=0x000002462624403b sp=0x00000056c27fd370
Event: 83.508 Thread 0x0000024602198b80 DEOPT UNPACKING pc=0x000002462bb14242 sp=0x00000056c27fc8a8 mode 0
Event: 83.652 Thread 0x0000024602198b80 DEOPT PACKING pc=0x000002462623a9ce sp=0x00000056c27fdb90
Event: 83.652 Thread 0x0000024602198b80 DEOPT UNPACKING pc=0x000002462bb14242 sp=0x00000056c27fd110 mode 0
Event: 83.729 Thread 0x0000024602198b80 DEOPT PACKING pc=0x00000246254eaae5 sp=0x00000056c27fcb30
Event: 83.729 Thread 0x0000024602198b80 DEOPT UNPACKING pc=0x000002462bb14242 sp=0x00000056c27fbfe8 mode 0
Event: 83.760 Thread 0x0000024602198b80 DEOPT PACKING pc=0x00000246254e339f sp=0x00000056c27fcdf0
Event: 83.760 Thread 0x0000024602198b80 DEOPT UNPACKING pc=0x000002462bb14242 sp=0x00000056c27fc300 mode 0
Event: 83.764 Thread 0x0000024602198b80 Uncommon trap: trap_request=0xffffffde fr.pc=0x000002462c83027c relative=0x000000000000137c
Event: 83.764 Thread 0x0000024602198b80 Uncommon trap: reason=class_check action=maybe_recompile pc=0x000002462c83027c method=org.eclipse.jdt.internal.compiler.parser.Parser.consumeRule(I)V @ 5907 c2
Event: 83.764 Thread 0x0000024602198b80 DEOPT PACKING pc=0x000002462c83027c sp=0x00000056c27fde90
Event: 83.764 Thread 0x0000024602198b80 DEOPT UNPACKING pc=0x000002462bb13aa2 sp=0x00000056c27fde18 mode 2
Event: 83.764 Thread 0x0000024602198b80 Uncommon trap: trap_request=0xffffffde fr.pc=0x000002462c83027c relative=0x000000000000137c
Event: 83.764 Thread 0x0000024602198b80 Uncommon trap: reason=class_check action=maybe_recompile pc=0x000002462c83027c method=org.eclipse.jdt.internal.compiler.parser.Parser.consumeRule(I)V @ 5907 c2
Event: 83.764 Thread 0x0000024602198b80 DEOPT PACKING pc=0x000002462c83027c sp=0x00000056c27fde90
Event: 83.764 Thread 0x0000024602198b80 DEOPT UNPACKING pc=0x000002462bb13aa2 sp=0x00000056c27fde18 mode 2
Event: 83.785 Thread 0x0000024602198b80 DEOPT PACKING pc=0x00000246254e339f sp=0x00000056c27fce10
Event: 83.785 Thread 0x0000024602198b80 DEOPT UNPACKING pc=0x000002462bb14242 sp=0x00000056c27fc320 mode 0

Classes loaded (20 events):
Event: 78.086 Loading class java/nio/file/FileTreeWalker$1
Event: 78.086 Loading class java/nio/file/FileTreeWalker$1 done
Event: 78.093 Loading class sun/nio/fs/Globs
Event: 78.094 Loading class sun/nio/fs/Globs done
Event: 78.095 Loading class java/util/regex/Pattern$SliceU
Event: 78.095 Loading class java/util/regex/Pattern$SliceU done
Event: 78.095 Loading class sun/nio/fs/WindowsFileSystem$2
Event: 78.096 Loading class java/nio/file/PathMatcher
Event: 78.096 Loading class java/nio/file/PathMatcher done
Event: 78.096 Loading class sun/nio/fs/WindowsFileSystem$2 done
Event: 81.279 Loading class java/util/Collections$SynchronizedRandomAccessList
Event: 81.280 Loading class java/util/Collections$SynchronizedList
Event: 81.281 Loading class java/util/Collections$SynchronizedList done
Event: 81.281 Loading class java/util/Collections$SynchronizedRandomAccessList done
Event: 81.587 Loading class java/util/concurrent/CompletableFuture$Signaller
Event: 81.588 Loading class java/util/concurrent/CompletableFuture$Signaller done
Event: 82.393 Loading class java/nio/charset/CharacterCodingException
Event: 82.393 Loading class java/nio/charset/CharacterCodingException done
Event: 82.406 Loading class java/io/SequenceInputStream
Event: 82.408 Loading class java/io/SequenceInputStream done

Classes unloaded (7 events):
Event: 14.456 Thread 0x00000246212e28c0 Unloading class 0x00000246391ac000 'java/lang/invoke/LambdaForm$MH+0x00000246391ac000'
Event: 14.457 Thread 0x00000246212e28c0 Unloading class 0x00000246391abc00 'java/lang/invoke/LambdaForm$MH+0x00000246391abc00'
Event: 14.457 Thread 0x00000246212e28c0 Unloading class 0x00000246391ab800 'java/lang/invoke/LambdaForm$MH+0x00000246391ab800'
Event: 14.457 Thread 0x00000246212e28c0 Unloading class 0x00000246391ab400 'java/lang/invoke/LambdaForm$MH+0x00000246391ab400'
Event: 14.457 Thread 0x00000246212e28c0 Unloading class 0x00000246391ab000 'java/lang/invoke/LambdaForm$BMH+0x00000246391ab000'
Event: 14.457 Thread 0x00000246212e28c0 Unloading class 0x00000246391aac00 'java/lang/invoke/LambdaForm$DMH+0x00000246391aac00'
Event: 14.457 Thread 0x00000246212e28c0 Unloading class 0x00000246391a9800 'java/lang/invoke/LambdaForm$DMH+0x00000246391a9800'

Classes redefined (0 events):
No events

Internal exceptions (20 events):
Event: 80.589 Thread 0x0000024600031490 Exception <a 'sun/nio/fs/WindowsException'{0x00000000d57dcbb0}> (0x00000000d57dcbb0) 
thrown [s\src\hotspot\share\prims\jni.cpp, line 520]
Event: 80.590 Thread 0x0000024600031490 Exception <a 'sun/nio/fs/WindowsException'{0x00000000d57dfcf8}> (0x00000000d57dfcf8) 
thrown [s\src\hotspot\share\prims\jni.cpp, line 520]
Event: 80.590 Thread 0x0000024600031490 Exception <a 'sun/nio/fs/WindowsException'{0x00000000d57e2cd0}> (0x00000000d57e2cd0) 
thrown [s\src\hotspot\share\prims\jni.cpp, line 520]
Event: 80.590 Thread 0x0000024600031490 Exception <a 'sun/nio/fs/WindowsException'{0x00000000d57e5e40}> (0x00000000d57e5e40) 
thrown [s\src\hotspot\share\prims\jni.cpp, line 520]
Event: 80.591 Thread 0x0000024600031490 Exception <a 'sun/nio/fs/WindowsException'{0x00000000d57e9338}> (0x00000000d57e9338) 
thrown [s\src\hotspot\share\prims\jni.cpp, line 520]
Event: 80.591 Thread 0x0000024600031490 Exception <a 'sun/nio/fs/WindowsException'{0x00000000d57ec678}> (0x00000000d57ec678) 
thrown [s\src\hotspot\share\prims\jni.cpp, line 520]
Event: 80.592 Thread 0x0000024600031490 Exception <a 'sun/nio/fs/WindowsException'{0x00000000d57ef940}> (0x00000000d57ef940) 
thrown [s\src\hotspot\share\prims\jni.cpp, line 520]
Event: 80.592 Thread 0x0000024600031490 Exception <a 'sun/nio/fs/WindowsException'{0x00000000d57f2888}> (0x00000000d57f2888) 
thrown [s\src\hotspot\share\prims\jni.cpp, line 520]
Event: 80.593 Thread 0x0000024600031490 Exception <a 'sun/nio/fs/WindowsException'{0x00000000d57f5e70}> (0x00000000d57f5e70) 
thrown [s\src\hotspot\share\prims\jni.cpp, line 520]
Event: 80.695 Thread 0x0000024600031490 Exception <a 'sun/nio/fs/WindowsException'{0x00000000d572eeb8}> (0x00000000d572eeb8) 
thrown [s\src\hotspot\share\prims\jni.cpp, line 520]
Event: 80.695 Thread 0x0000024600031490 Exception <a 'sun/nio/fs/WindowsException'{0x00000000d5732220}> (0x00000000d5732220) 
thrown [s\src\hotspot\share\prims\jni.cpp, line 520]
Event: 80.696 Thread 0x0000024600031490 Exception <a 'sun/nio/fs/WindowsException'{0x00000000d5735450}> (0x00000000d5735450) 
thrown [s\src\hotspot\share\prims\jni.cpp, line 520]
Event: 80.696 Thread 0x0000024600031490 Exception <a 'sun/nio/fs/WindowsException'{0x00000000d5739170}> (0x00000000d5739170) 
thrown [s\src\hotspot\share\prims\jni.cpp, line 520]
Event: 80.697 Thread 0x0000024600031490 Exception <a 'sun/nio/fs/WindowsException'{0x00000000d573c7c0}> (0x00000000d573c7c0) 
thrown [s\src\hotspot\share\prims\jni.cpp, line 520]
Event: 80.697 Thread 0x0000024600031490 Exception <a 'sun/nio/fs/WindowsException'{0x00000000d5740bd0}> (0x00000000d5740bd0) 
thrown [s\src\hotspot\share\prims\jni.cpp, line 520]
Event: 80.698 Thread 0x0000024600031490 Exception <a 'sun/nio/fs/WindowsException'{0x00000000d57445f0}> (0x00000000d57445f0) 
thrown [s\src\hotspot\share\prims\jni.cpp, line 520]
Event: 81.008 Thread 0x0000024602198b80 Implicit null exception at 0x000002462c4adaca to 0x000002462c4aeb54
Event: 81.015 Thread 0x0000024602198b80 Implicit null exception at 0x000002462c44e68d to 0x000002462c44e9ec
Event: 82.466 Thread 0x0000024602198b80 Exception <a 'java/io/FileNotFoundException'{0x00000000d564ee00}> (0x00000000d564ee00) 
thrown [s\src\hotspot\share\prims\jni.cpp, line 520]
Event: 82.467 Thread 0x0000024602198b80 Exception <a 'java/io/FileNotFoundException'{0x00000000d56500e8}> (0x00000000d56500e8) 
thrown [s\src\hotspot\share\prims\jni.cpp, line 520]

ZGC Phase Switch (0 events):
No events

VM Operations (20 events):
Event: 83.136 Executing VM operation: ParallelGCFailedAllocation (Allocation Failure)
Event: 83.138 Executing VM operation: ParallelGCFailedAllocation (Allocation Failure) done
Event: 83.294 Executing VM operation: ParallelGCFailedAllocation (Allocation Failure)
Event: 83.296 Executing VM operation: ParallelGCFailedAllocation (Allocation Failure) done
Event: 83.370 Executing VM operation: ParallelGCFailedAllocation (Allocation Failure)
Event: 83.371 Executing VM operation: ParallelGCFailedAllocation (Allocation Failure) done
Event: 83.501 Executing VM operation: ParallelGCFailedAllocation (Allocation Failure)
Event: 83.505 Executing VM operation: ParallelGCFailedAllocation (Allocation Failure) done
Event: 83.568 Executing VM operation: ParallelGCFailedAllocation (Allocation Failure)
Event: 83.570 Executing VM operation: ParallelGCFailedAllocation (Allocation Failure) done
Event: 83.629 Executing VM operation: ParallelGCFailedAllocation (Allocation Failure)
Event: 83.631 Executing VM operation: ParallelGCFailedAllocation (Allocation Failure) done
Event: 83.669 Executing VM operation: ParallelGCFailedAllocation (Allocation Failure)
Event: 83.672 Executing VM operation: ParallelGCFailedAllocation (Allocation Failure) done
Event: 83.704 Executing VM operation: ParallelGCFailedAllocation (Allocation Failure)
Event: 83.706 Executing VM operation: ParallelGCFailedAllocation (Allocation Failure) done
Event: 83.731 Executing VM operation: ParallelGCFailedAllocation (Allocation Failure)
Event: 83.733 Executing VM operation: ParallelGCFailedAllocation (Allocation Failure) done
Event: 83.773 Executing VM operation: ParallelGCFailedAllocation (Allocation Failure)
Event: 83.776 Executing VM operation: ParallelGCFailedAllocation (Allocation Failure) done

Memory protections (0 events):
No events

Nmethod flushes (20 events):
Event: 51.586 Thread 0x00000246212e28c0 flushing  nmethod 0x0000024624f01510
Event: 51.586 Thread 0x00000246212e28c0 flushing  nmethod 0x0000024624f02510
Event: 51.586 Thread 0x00000246212e28c0 flushing  nmethod 0x0000024624f0a990
Event: 51.586 Thread 0x00000246212e28c0 flushing  nmethod 0x0000024624f0af90
Event: 51.586 Thread 0x00000246212e28c0 flushing  nmethod 0x0000024624f0b810
Event: 51.586 Thread 0x00000246212e28c0 flushing  nmethod 0x0000024624f19910
Event: 51.586 Thread 0x00000246212e28c0 flushing  nmethod 0x0000024624f1c890
Event: 51.586 Thread 0x00000246212e28c0 flushing  nmethod 0x0000024624f20e90
Event: 51.586 Thread 0x00000246212e28c0 flushing  nmethod 0x0000024624f21210
Event: 51.586 Thread 0x00000246212e28c0 flushing  nmethod 0x0000024624f28f90
Event: 51.586 Thread 0x00000246212e28c0 flushing  nmethod 0x0000024624f3a910
Event: 51.586 Thread 0x00000246212e28c0 flushing  nmethod 0x0000024624f41790
Event: 51.586 Thread 0x00000246212e28c0 flushing  nmethod 0x0000024624f47f90
Event: 51.586 Thread 0x00000246212e28c0 flushing  nmethod 0x0000024624f77a10
Event: 51.587 Thread 0x00000246212e28c0 flushing  nmethod 0x0000024624f7b210
Event: 51.587 Thread 0x00000246212e28c0 flushing  nmethod 0x0000024624f7c110
Event: 51.587 Thread 0x00000246212e28c0 flushing  nmethod 0x0000024624f7ca90
Event: 51.587 Thread 0x00000246212e28c0 flushing  nmethod 0x0000024624f7cf10
Event: 51.587 Thread 0x00000246212e28c0 flushing  nmethod 0x0000024624f7d490
Event: 51.587 Thread 0x00000246212e28c0 flushing  nmethod 0x0000024624f85310

Events (20 events):
Event: 69.920 Thread 0x0000024600031490 Thread added: 0x0000024602cd26f0
Event: 69.920 Thread 0x0000024600031490 Thread added: 0x0000024602cd2d80
Event: 69.921 Thread 0x0000024600031490 Thread added: 0x000002460069be90
Event: 69.921 Thread 0x0000024600031490 Thread added: 0x000002460069d8d0
Event: 69.921 Thread 0x0000024600031490 Thread added: 0x000002460069c520
Event: 73.952 Thread 0x000002460069c520 Thread exited: 0x000002460069c520
Event: 74.019 Thread 0x0000024602cd2d80 Thread exited: 0x0000024602cd2d80
Event: 74.019 Thread 0x0000024602cd26f0 Thread exited: 0x0000024602cd26f0
Event: 74.020 Thread 0x000002460069d8d0 Thread exited: 0x000002460069d8d0
Event: 74.039 Thread 0x000002460069be90 Thread exited: 0x000002460069be90
Event: 76.098 Thread 0x0000024600031490 Thread added: 0x000002460069f9a0
Event: 76.098 Thread 0x0000024600031490 Thread added: 0x000002460069aae0
Event: 76.098 Thread 0x0000024600031490 Thread added: 0x000002460069ec80
Event: 76.098 Thread 0x0000024600031490 Thread added: 0x00000246006a06c0
Event: 76.099 Thread 0x0000024600031490 Thread added: 0x000002460069c520
Event: 76.483 Thread 0x000002460069aae0 Thread exited: 0x000002460069aae0
Event: 76.483 Thread 0x000002460069f9a0 Thread exited: 0x000002460069f9a0
Event: 76.483 Thread 0x000002460069c520 Thread exited: 0x000002460069c520
Event: 76.484 Thread 0x000002460069ec80 Thread exited: 0x000002460069ec80
Event: 76.484 Thread 0x00000246006a06c0 Thread exited: 0x00000246006a06c0


Dynamic libraries:
0x00007ff796350000 - 0x00007ff79635e000 	c:\Users\Administrator\.antigravity\extensions\redhat.java-1.51.0-win32-x64\jre\21.0.9-win32-x86_64\bin\java.exe
0x00007ffd13080000 - 0x00007ffd13270000 	C:\Windows\SYSTEM32\ntdll.dll
0x00007ffd116a0000 - 0x00007ffd11752000 	C:\Windows\System32\KERNEL32.DLL
0x00007ffd10c00000 - 0x00007ffd10ea5000 	C:\Windows\System32\KERNELBASE.dll
0x00007ffd10b00000 - 0x00007ffd10bfa000 	C:\Windows\System32\ucrtbase.dll
0x00007ffcf5db0000 - 0x00007ffcf5dc8000 	c:\Users\Administrator\.antigravity\extensions\redhat.java-1.51.0-win32-x64\jre\21.0.9-win32-x86_64\bin\jli.dll
0x00007ffd12600000 - 0x00007ffd12794000 	C:\Windows\System32\USER32.dll
0x00007ffd0fff0000 - 0x00007ffd10011000 	C:\Windows\System32\win32u.dll
0x00007ffd11670000 - 0x00007ffd11696000 	C:\Windows\System32\GDI32.dll
0x00007ffd108b0000 - 0x00007ffd10a48000 	C:\Windows\System32\gdi32full.dll
0x00007ffd10810000 - 0x00007ffd108ae000 	C:\Windows\System32\msvcp_win.dll
0x00007ffcefec0000 - 0x00007ffcefede000 	c:\Users\Administrator\.antigravity\extensions\redhat.java-1.51.0-win32-x64\jre\21.0.9-win32-x86_64\bin\VCRUNTIME140.dll
0x00007ffcf7250000 - 0x00007ffcf74d4000 	C:\Windows\WinSxS\amd64_microsoft.windows.common-controls_6595b64144ccf1df_6.0.18362.1556_none_9e7e372fe45e41d5\COMCTL32.dll
0x00007ffd11760000 - 0x00007ffd117fe000 	C:\Windows\System32\msvcrt.dll
0x00007ffd12940000 - 0x00007ffd12c76000 	C:\Windows\System32\combase.dll
0x00007ffd12820000 - 0x00007ffd1293f000 	C:\Windows\System32\RPCRT4.dll
0x00007ffd10eb0000 - 0x00007ffd10f31000 	C:\Windows\System32\bcryptPrimitives.dll
0x00007ffd12dc0000 - 0x00007ffd12dee000 	C:\Windows\System32\IMM32.DLL
0x00007ffd08930000 - 0x00007ffd0893c000 	c:\Users\Administrator\.antigravity\extensions\redhat.java-1.51.0-win32-x64\jre\21.0.9-win32-x86_64\bin\vcruntime140_1.dll
0x00007ffcc6690000 - 0x00007ffcc671d000 	c:\Users\Administrator\.antigravity\extensions\redhat.java-1.51.0-win32-x64\jre\21.0.9-win32-x86_64\bin\msvcp140.dll
0x00007ffc9cdb0000 - 0x00007ffc9db50000 	c:\Users\Administrator\.antigravity\extensions\redhat.java-1.51.0-win32-x64\jre\21.0.9-win32-x86_64\bin\server\jvm.dll
0x00007ffd12470000 - 0x00007ffd12513000 	C:\Windows\System32\ADVAPI32.dll
0x00007ffd12df0000 - 0x00007ffd12e87000 	C:\Windows\System32\sechost.dll
0x00007ffd0ff40000 - 0x00007ffd0ff8a000 	C:\Windows\System32\POWRPROF.dll
0x00007ffd0ff30000 - 0x00007ffd0ff40000 	C:\Windows\System32\UMPDC.dll
0x00007ffd12e90000 - 0x00007ffd12eff000 	C:\Windows\System32\WS2_32.dll
0x00007ffd08fa0000 - 0x00007ffd08fc4000 	C:\Windows\SYSTEM32\WINMM.dll
0x00007ffd06660000 - 0x00007ffd0666a000 	C:\Windows\SYSTEM32\VERSION.dll
0x00007ffd08f70000 - 0x00007ffd08f9d000 	C:\Windows\SYSTEM32\WINMMBASE.dll
0x00007ffd10020000 - 0x00007ffd1006a000 	C:\Windows\System32\cfgmgr32.dll
0x00007ffd0ffb0000 - 0x00007ffd0ffc1000 	C:\Windows\System32\kernel.appcore.dll
0x00007ffd055e0000 - 0x00007ffd055ea000 	c:\Users\Administrator\.antigravity\extensions\redhat.java-1.51.0-win32-x64\jre\21.0.9-win32-x86_64\bin\jimage.dll
0x00007ffd0e840000 - 0x00007ffd0ea34000 	C:\Windows\SYSTEM32\DBGHELP.DLL
0x00007ffcf46e0000 - 0x00007ffcf470a000 	C:\Windows\SYSTEM32\dbgcore.DLL
0x00007ffd03290000 - 0x00007ffd0329f000 	c:\Users\Administrator\.antigravity\extensions\redhat.java-1.51.0-win32-x64\jre\21.0.9-win32-x86_64\bin\instrument.dll
0x00007ffce9d30000 - 0x00007ffce9d50000 	c:\Users\Administrator\.antigravity\extensions\redhat.java-1.51.0-win32-x64\jre\21.0.9-win32-x86_64\bin\java.dll
0x00007ffd11c40000 - 0x00007ffd12327000 	C:\Windows\System32\SHELL32.dll
0x00007ffd12d10000 - 0x00007ffd12db8000 	C:\Windows\System32\shcore.dll
0x00007ffd10090000 - 0x00007ffd1080b000 	C:\Windows\System32\windows.storage.dll
0x00007ffd0ff90000 - 0x00007ffd0ffae000 	C:\Windows\System32\profapi.dll
0x00007ffd11be0000 - 0x00007ffd11c32000 	C:\Windows\System32\shlwapi.dll
0x00007ffd10070000 - 0x00007ffd10087000 	C:\Windows\System32\cryptsp.dll
0x00007ffce9d10000 - 0x00007ffce9d28000 	c:\Users\Administrator\.antigravity\extensions\redhat.java-1.51.0-win32-x64\jre\21.0.9-win32-x86_64\bin\zip.dll
0x00007ffd01700000 - 0x00007ffd01710000 	C:\Users\Administrator\.antigravity\extensions\redhat.java-1.51.0-win32-x64\jre\21.0.9-win32-x86_64\bin\net.dll
0x00007ffd08d40000 - 0x00007ffd08e3a000 	C:\Windows\SYSTEM32\WINHTTP.dll
0x00007ffd0f770000 - 0x00007ffd0f7d7000 	C:\Windows\system32\mswsock.dll
0x00007ffce82a0000 - 0x00007ffce82b6000 	C:\Users\Administrator\.antigravity\extensions\redhat.java-1.51.0-win32-x64\jre\21.0.9-win32-x86_64\bin\nio.dll
0x00007ffcfcbd0000 - 0x00007ffcfcbe0000 	c:\Users\Administrator\.antigravity\extensions\redhat.java-1.51.0-win32-x64\jre\21.0.9-win32-x86_64\bin\verify.dll
0x00007ffccb920000 - 0x00007ffccb964000 	C:\Users\Administrator\AppData\Roaming\Antigravity\User\globalStorage\redhat.java\1.51.0\config_win\org.eclipse.equinox.launcher\org.eclipse.equinox.launcher.win32.win32.x86_64_1.2.1400.v20250801-0854\eclipse_11916.dll
0x00007ffd119b0000 - 0x00007ffd11b07000 	C:\Windows\System32\ole32.dll
0x00007ffd0f2f0000 - 0x00007ffd0f323000 	C:\Windows\system32\rsaenh.dll
0x00007ffd10f40000 - 0x00007ffd10f66000 	C:\Windows\System32\bcrypt.dll
0x00007ffd0fe20000 - 0x00007ffd0fe45000 	C:\Windows\SYSTEM32\USERENV.dll
0x00007ffd0f940000 - 0x00007ffd0f94c000 	C:\Windows\SYSTEM32\CRYPTBASE.dll
0x00007ffd0f480000 - 0x00007ffd0f4ba000 	C:\Windows\SYSTEM32\IPHLPAPI.DLL
0x00007ffd125f0000 - 0x00007ffd125f8000 	C:\Windows\System32\NSI.dll
0x00007ffcc4bf0000 - 0x00007ffcc4c39000 	C:\Users\Administrator\AppData\Local\Temp\jna-146731693\jna9832698985993761915.dll
0x00007ffd12c80000 - 0x00007ffd12c88000 	C:\Windows\System32\PSAPI.DLL
0x00007ffd04fe0000 - 0x00007ffd04ff6000 	C:\Windows\SYSTEM32\dhcpcsvc6.DLL
0x00007ffd06180000 - 0x00007ffd0619c000 	C:\Windows\SYSTEM32\dhcpcsvc.DLL

JVMTI agents:
c:\Users\Administrator\.antigravity\extensions\redhat.java-1.51.0-win32-x64\lombok\lombok-1.18.39-4050.jar path:c:\Users\Administrator\.antigravity\extensions\redhat.java-1.51.0-win32-x64\jre\21.0.9-win32-x86_64\bin\instrument.dll, loaded, initialized, instrumentlib options:none

dbghelp: loaded successfully - version: 4.0.5 - missing functions: none
symbol engine: initialized successfully - sym options: 0x614 - pdb path: .;c:\Users\Administrator\.antigravity\extensions\redhat.java-1.51.0-win32-x64\jre\21.0.9-win32-x86_64\bin;C:\Windows\SYSTEM32;C:\Windows\WinSxS\amd64_microsoft.windows.common-controls_6595b64144ccf1df_6.0.18362.1556_none_9e7e372fe45e41d5;c:\Users\Administrator\.antigravity\extensions\redhat.java-1.51.0-win32-x64\jre\21.0.9-win32-x86_64\bin\server;C:\Users\Administrator\AppData\Roaming\Antigravity\User\globalStorage\redhat.java\1.51.0\config_win\org.eclipse.equinox.launcher\org.eclipse.equinox.launcher.win32.win32.x86_64_1.2.1400.v20250801-0854;C:\Users\Administrator\AppData\Local\Temp\jna-146731693

VM Arguments:
jvm_args: --add-modules=ALL-SYSTEM --add-opens=java.base/java.util=ALL-UNNAMED --add-opens=java.base/java.lang=ALL-UNNAMED --add-opens=java.base/sun.nio.fs=ALL-UNNAMED -Declipse.application=org.eclipse.jdt.ls.core.id1 -Dosgi.bundles.defaultStartLevel=4 -Declipse.product=org.eclipse.jdt.ls.core.product -Djava.import.generatesMetadataFilesAtProjectRoot=false -DDetectVMInstallationsJob.disabled=true -Dfile.encoding=utf8 -XX:+UseParallelGC -XX:GCTimeRatio=4 -XX:AdaptiveSizePolicyWeight=90 -Dsun.zip.disableMemoryMapping=true -Xmx2G -Xms100m -Xlog:disable -javaagent:c:\Users\Administrator\.antigravity\extensions\redhat.java-1.51.0-win32-x64\lombok\lombok-1.18.39-4050.jar -XX:+HeapDumpOnOutOfMemoryError -XX:HeapDumpPath=c:\Users\Administrator\AppData\Roaming\Antigravity\User\workspaceStorage\9dc1cad281cafc8938dd036e9dabeaab\redhat.java -Daether.dependencyCollector.impl=bf 
java_command: c:\Users\Administrator\.antigravity\extensions\redhat.java-1.51.0-win32-x64\server\plugins\org.eclipse.equinox.launcher_1.7.100.v20251111-0406.jar -configuration c:\Users\Administrator\AppData\Roaming\Antigravity\User\globalStorage\redhat.java\1.51.0\config_win -data c:\Users\Administrator\AppData\Roaming\Antigravity\User\workspaceStorage\9dc1cad281cafc8938dd036e9dabeaab\redhat.java\jdt_ws --pipe=\\.\pipe\lsp-eb32a470220f2c4d9ad8d306cf26c127-sock
java_class_path (initial): c:\Users\Administrator\.antigravity\extensions\redhat.java-1.51.0-win32-x64\server\plugins\org.eclipse.equinox.launcher_1.7.100.v20251111-0406.jar
Launcher Type: SUN_STANDARD

[Global flags]
    uintx AdaptiveSizePolicyWeight                 = 90                                        {product} {command line}
     intx CICompilerCount                          = 4                                         {product} {ergonomic}
    uintx GCTimeRatio                              = 4                                         {product} {command line}
     bool HeapDumpOnOutOfMemoryError               = true                                   {manageable} {command line}
    ccstr HeapDumpPath                             = c:\Users\Administrator\AppData\Roaming\Antigravity\User\workspaceStorage\9dc1cad281cafc8938dd036e9dabeaab\redhat.java         {manageable} {command line}
   size_t InitialHeapSize                          = 104857600                                 {product} {command line}
   size_t MaxHeapSize                              = 2147483648                                {product} {command line}
   size_t MaxNewSize                               = 715653120                                 {product} {ergonomic}
   size_t MinHeapDeltaBytes                        = 524288                                    {product} {ergonomic}
   size_t MinHeapSize                              = 104857600                                 {product} {command line}
   size_t NewSize                                  = 34603008                                  {product} {ergonomic}
    uintx NonNMethodCodeHeapSize                   = 5839372                                {pd product} {ergonomic}
    uintx NonProfiledCodeHeapSize                  = 122909434                              {pd product} {ergonomic}
   size_t OldSize                                  = 70254592                                  {product} {ergonomic}
    uintx ProfiledCodeHeapSize                     = 122909434                              {pd product} {ergonomic}
    uintx ReservedCodeCacheSize                    = 251658240                              {pd product} {ergonomic}
     bool SegmentedCodeCache                       = true                                      {product} {ergonomic}
   size_t SoftMaxHeapSize                          = 2147483648                             {manageable} {ergonomic}
     bool UseCompressedOops                        = true                           {product lp64_product} {ergonomic}
     bool UseLargePagesIndividualAllocation        = false                                  {pd product} {ergonomic}
     bool UseParallelGC                            = true                                      {product} {command line}

Logging:
Log output configuration:
 #0: stdout all=off uptime,level,tags foldmultilines=false
 #1: stderr all=off uptime,level,tags foldmultilines=false

Release file:
JAVA_VERSION="21.0.9" 
MODULES="java.base java.compiler java.datatransfer java.xml java.prefs java.desktop java.instrument java.logging java.management java.security.sasl java.naming java.rmi java.management.rmi java.net.http java.scripting java.security.jgss java.transaction.xa java.sql java.sql.rowset java.xml.crypto java.se java.smartcardio jdk.accessibility jdk.internal.jvmstat jdk.attach jdk.charsets jdk.internal.opt jdk.zipfs jdk.compiler jdk.crypto.ec jdk.crypto.cryptoki jdk.crypto.mscapi jdk.dynalink jdk.internal.ed jdk.editpad jdk.hotspot.agent jdk.httpserver jdk.internal.le jdk.internal.vm.ci jdk.internal.vm.compiler jdk.internal.vm.compiler.management jdk.jartool jdk.javadoc jdk.jcmd jdk.management jdk.management.agent jdk.jconsole jdk.jdeps jdk.jdwp.agent jdk.jdi jdk.jfr jdk.jshell jdk.jsobject jdk.jstatd jdk.localedata jdk.management.jfr jdk.naming.dns jdk.naming.rmi jdk.net jdk.nio.mapmode jdk.random jdk.sctp jdk.security.auth jdk.security.jgss jdk.unsupported jdk.unsupported.desktop jdk.xml.dom" 

Environment Variables:
JAVA_HOME=D:\datn\jdk-17.0.16+8
PATH=d:\cursor\resources\app\bin;C:\Program Files\Python313\Scripts\;C:\Program Files\Python313\;C:\php-8.3.14-nts-Win32-vs16-x64;C:\Windows\system32;C:\Windows;C:\Windows\System32\Wbem;C:\Windows\System32\WindowsPowerShell\v1.0\;C:\Windows\System32\OpenSSH\;C:\Program Files\Microsoft SQL Server\Client SDK\ODBC\170\Tools\Binn\;C:\Program Files (x86)\Microsoft SQL Server\150\Tools\Binn\;C:\Program Files\Microsoft SQL Server\150\Tools\Binn\;C:\Program Files\Microsoft SQL Server\150\DTS\Binn\;C:\Program Files\Azure Data Studio\bin;C:\Program Files\dotnet\;D:\Git\cmd;C:\php-8.4.0-nts-Win32-vs17-x64;C:\ProgramData\ComposerSetup\bin;D:\datn\jdk-17.0.16+8\bin;C:\axis2-1.8.2\bin;D:\datn\apache-maven-3.9.11\bin;C:\Program Files\nodejs\;C:\php-8.4.0-nts-Win32-vs17-x64;C:\Users\Administrator\AppData\Local\Microsoft\WindowsApps;C:\Program Files\Azure Data Studio\bin;C:\Users\Administrator\.dotnet\tools;C:\php-8.3.14-nts-Win32-vs16-x64;C:\Users\Administrator\AppData\Roaming\Composer\vendor\bin;D:\datn\jdk-17.0.16+8;C:\axis2-1.;C:\php-8.4.0-nts-Win32-vs17-x64;C:\Users\Administrator\AppData\Local\Microsoft\WindowsApps;C:\Program Files\Azure Data Studio\bin;C:\Users\Administrator\AppData\Local\Programs\Microsoft VS Code\bin;C:\Users\Administrator\.dotnet\tools;C:\php-8.3.14-nts-Win32-vs16-x64;C:\Users\Administrator\AppData\Roaming\Composer\vendor\bin;D:\datn\jdk-17.0.16+8;C:\axis2-1.8.2;D:\cursor\resources\app\bin;D:\datn\apache-maven-3.9.11\bin;C:\Users\Administrator\AppData\Roaming\npm;C:\Users\Administrator\AppData\Local\Programs\Antigravity\bin
USERNAME=Administrator
OS=Windows_NT
PROCESSOR_IDENTIFIER=Intel64 Family 6 Model 142 Stepping 12, GenuineIntel
TMP=C:\Users\ADMINI~1\AppData\Local\Temp
TEMP=C:\Users\ADMINI~1\AppData\Local\Temp




Periodic native trim disabled

---------------  S Y S T E M  ---------------

OS:
 Windows 10 , 64 bit Build 18362 (10.0.18362.1500)
OS uptime: 22 days 0:25 hours

CPU: total 8 (initial active 8) (4 cores per cpu, 2 threads per core) family 6 model 142 stepping 12 microcode 0xde, cx8, cmov, fxsr, ht, mmx, 3dnowpref, sse, sse2, sse3, ssse3, sse4.1, sse4.2, popcnt, lzcnt, tsc, tscinvbit, avx, avx2, aes, erms, clmul, bmi1, bmi2, adx, fma, vzeroupper, clflush, clflushopt, rdtscp, f16c
Processor Information for the first 8 processors :
  Max Mhz: 1800, Current Mhz: 1600, Mhz Limit: 1584

Memory: 4k page, system-wide physical 3889M (102M free)
TotalPageFile size 15665M (AvailPageFile size 1M)
current process WorkingSet (physical memory assigned to process): 192M, peak: 204M
current process commit charge ("private bytes"): 421M, peak: 427M

vm_info: OpenJDK 64-Bit Server VM (21.0.9+10-LTS) for windows-amd64 JRE (21.0.9+10-LTS), built on 2025-10-21T00:00:00Z by "admin" with unknown MS VC++:1942

END.
