#
# There is insufficient memory for the Java Runtime Environment to continue.
# Native memory allocation (malloc) failed to allocate 1048576 bytes. Error detail: AllocateHeap
# Possible reasons:
#   The system is out of physical RAM or swap space
#   This process is running with CompressedOops enabled, and the Java Heap may be blocking the growth of the native heap
# Possible solutions:
#   Reduce memory load on the system
#   Increase physical memory or swap space
#   Check if swap backing store is full
#   Decrease Java heap size (-Xmx/-Xms)
#   Decrease number of Java threads
#   Decrease Java thread stack sizes (-Xss)
#   Set larger code cache with -XX:ReservedCodeCacheSize=
#   JVM is running with Unscaled Compressed Oops mode in which the Java heap is
#     placed in the first 4GB address space. The Java Heap base address is the
#     maximum limit for the native heap growth. Please use -XX:HeapBaseMinAddress
#     to set the Java Heap base and to place the Java Heap above 4GB virtual address.
# This output file may be truncated or incomplete.
#
#  Out of Memory Error (allocation.cpp:44), pid=2888, tid=16176
#
# JRE version:  (21.0.9+10) (build )
# Java VM: OpenJDK 64-Bit Server VM (21.0.9+10-LTS, mixed mode, tiered, compressed oops, compressed class ptrs, parallel gc, windows-amd64)
# No core dump will be written. Minidumps are not enabled by default on client versions of Windows
#

---------------  S U M M A R Y ------------

Command Line: --add-modules=ALL-SYSTEM --add-opens=java.base/java.util=ALL-UNNAMED --add-opens=java.base/java.lang=ALL-UNNAMED --add-opens=java.base/sun.nio.fs=ALL-UNNAMED -Declipse.application=org.eclipse.jdt.ls.core.id1 -Dosgi.bundles.defaultStartLevel=4 -Declipse.product=org.eclipse.jdt.ls.core.product -Djava.import.generatesMetadataFilesAtProjectRoot=false -DDetectVMInstallationsJob.disabled=true -Dfile.encoding=utf8 -XX:+UseParallelGC -XX:GCTimeRatio=4 -XX:AdaptiveSizePolicyWeight=90 -Dsun.zip.disableMemoryMapping=true -Xmx2G -Xms100m -Xlog:disable -javaagent:c:\Users\Administrator\.antigravity\extensions\redhat.java-1.50.0-win32-x64\lombok\lombok-1.18.39-4050.jar -XX:+HeapDumpOnOutOfMemoryError -XX:HeapDumpPath=c:\Users\Administrator\AppData\Roaming\Antigravity\User\workspaceStorage\9dc1cad281cafc8938dd036e9dabeaab\redhat.java -Daether.dependencyCollector.impl=bf c:\Users\Administrator\.antigravity\extensions\redhat.java-1.50.0-win32-x64\server\plugins\org.eclipse.equinox.launcher_1.7.100.v20251111-0406.jar -configuration c:\Users\Administrator\AppData\Roaming\Antigravity\User\globalStorage\redhat.java\1.50.0\config_win -data c:\Users\Administrator\AppData\Roaming\Antigravity\User\workspaceStorage\9dc1cad281cafc8938dd036e9dabeaab\redhat.java\jdt_ws --pipe=\\.\pipe\lsp-f37341e5bee7ef4afe05d32fcb670364-sock

Host: Intel(R) Core(TM) i5-8265U CPU @ 1.60GHz, 8 cores, 3G,  Windows 10 , 64 bit Build 18362 (10.0.18362.1500)
Time: Mon Dec 22 17:46:27 2025 SE Asia Standard Time elapsed time: 0.080143 seconds (0d 0h 0m 0s)

---------------  T H R E A D  ---------------

Current thread (0x000001f5a7359fe0):  JavaThread "Unknown thread" [_thread_in_vm, id=16176, stack(0x0000006b2fe00000,0x0000006b2ff00000) (1024K)]

Stack: [0x0000006b2fe00000,0x0000006b2ff00000]
Native frames: (J=compiled Java code, j=interpreted, Vv=VM code, C=native code)
V  [jvm.dll+0x6d6e29]
V  [jvm.dll+0x8b4b76]
V  [jvm.dll+0x8b712e]
V  [jvm.dll+0x8b7813]
V  [jvm.dll+0x283d86]
V  [jvm.dll+0xc1277]
V  [jvm.dll+0x70afc0]
V  [jvm.dll+0x70bb2c]
V  [jvm.dll+0x6e59c3]
V  [jvm.dll+0x87e58c]
V  [jvm.dll+0x3c42fc]
V  [jvm.dll+0x86727b]
V  [jvm.dll+0x457391]
V  [jvm.dll+0x458f81]
C  [jli.dll+0x52d0]
C  [ucrtbase.dll+0x210b2]
C  [KERNEL32.DLL+0x17c24]
C  [ntdll.dll+0x6d721]


---------------  P R O C E S S  ---------------

Threads class SMR info:
_java_thread_list=0x000001f5a737ee80, length=1, elements={
0x000001f5a7359fe0
}

Java Threads: ( => current thread )
=>0x000001f5a7359fe0 JavaThread "Unknown thread"             [_thread_in_vm, id=16176, stack(0x0000006b2fe00000,0x0000006b2ff00000) (1024K)]
Total: 1

Other Threads:
  0x000001f5a71ecb20 WatcherThread "VM Periodic Task Thread"        [id=17268, stack(0x0000006b30000000,0x0000006b30100000) (1024K)]
  0x000001f5a737a8e0 WorkerThread "GC Thread#0"                     [id=2080, stack(0x0000006b2ff00000,0x0000006b30000000) (1024K)]
Total: 2

Threads with active compile tasks:
Total: 0

VM state: not at safepoint (normal execution)

VM Mutex/Monitor currently owned by a thread: None

Heap address: 0x0000000080000000, size: 2048 MB, Compressed Oops mode: 32-bit

CDS archive(s) not mapped
Compressed class space mapped at: 0x0000000100000000-0x0000000140000000, reserved size: 1073741824
Narrow klass base: 0x0000000000000000, Narrow klass shift: 3, Narrow klass range: 0x140000000

GC Precious Log:
 CardTable entry size: 512
 CPUs: 8 total, 8 available
 Memory: 3889M
 Large Page Support: Disabled
 NUMA Support: Disabled
 Compressed Oops: Enabled (32-bit)
 Alignments: Space 512K, Generation 512K, Heap 2M
 Heap Min Capacity: 100M
 Heap Initial Capacity: 100M
 Heap Max Capacity: 2G
 Pre-touch: Disabled
 Parallel Workers: 8

Heap:
 PSYoungGen      total 29696K, used 512K [0x00000000d5580000, 0x00000000d7680000, 0x0000000100000000)
  eden space 25600K, 2% used [0x00000000d5580000,0x00000000d5600070,0x00000000d6e80000)
  from space 4096K, 0% used [0x00000000d7280000,0x00000000d7280000,0x00000000d7680000)
  to   space 4096K, 0% used [0x00000000d6e80000,0x00000000d6e80000,0x00000000d7280000)
 ParOldGen       total 68608K, used 0K [0x0000000080000000, 0x0000000084300000, 0x00000000d5580000)
  object space 68608K, 0% used [0x0000000080000000,0x0000000080000000,0x0000000084300000)
 Metaspace       used 1394K, committed 1472K, reserved 1114112K
  class space    used 111K, committed 128K, reserved 1048576K

Card table byte_map: [0x000001f5a6d00000,0x000001f5a7110000] _byte_map_base: 0x000001f5a6900000

Marking Bits: (ParMarkBitMap*) 0x00007fff5f302460
 Begin Bits: [0x000001f5b9810000, 0x000001f5bb810000)
 End Bits:   [0x000001f5bb810000, 0x000001f5bd810000)

Polling page: 0x000001f5a5010000

Metaspace:

Usage:
  Non-class:      1.25 MB used.
      Class:    111.93 KB used.
       Both:      1.36 MB used.

Virtual space:
  Non-class space:       64.00 MB reserved,       1.31 MB (  2%) committed,  1 nodes.
      Class space:        1.00 GB reserved,     128.00 KB ( <1%) committed,  1 nodes.
             Both:        1.06 GB reserved,       1.44 MB ( <1%) committed. 

Chunk freelists:
   Non-Class:  12.00 MB
       Class:  15.75 MB
        Both:  27.75 MB

MaxMetaspaceSize: unlimited
CompressedClassSpaceSize: 1.00 GB
Initial GC threshold: 21.00 MB
Current GC threshold: 17179869184.00 GB
CDS: off
 - commit_granule_bytes: 65536.
 - commit_granule_words: 8192.
 - virtual_space_node_default_size: 8388608.
 - enlarge_chunks_in_place: 1.
 - use_allocation_guard: 0.


Internal statistics:

num_allocs_failed_limit: 0.
num_arena_births: 2.
num_arena_deaths: 0.
num_vsnodes_births: 2.
num_vsnodes_deaths: 0.
num_space_committed: 23.
num_space_uncommitted: 0.
num_chunks_returned_to_freelist: 0.
num_chunks_taken_from_freelist: 3.
num_chunk_merges: 0.
num_chunk_splits: 2.
num_chunks_enlarged: 0.
num_inconsistent_stats: 0.

CodeHeap 'non-profiled nmethods': size=120000Kb used=0Kb max_used=0Kb free=120000Kb
 bounds [0x000001f5b2030000, 0x000001f5b22a0000, 0x000001f5b9560000]
CodeHeap 'profiled nmethods': size=120000Kb used=0Kb max_used=0Kb free=120000Kb
 bounds [0x000001f5aa560000, 0x000001f5aa7d0000, 0x000001f5b1a90000]
CodeHeap 'non-nmethods': size=5760Kb used=194Kb max_used=342Kb free=5565Kb
 bounds [0x000001f5b1a90000, 0x000001f5b1d00000, 0x000001f5b2030000]
CodeCache: size=245760Kb, used=194Kb, max_used=342Kb, free=245565Kb
 total_blobs=70, nmethods=0, adapters=48, full_count=0
Compilation: enabled, stopped_count=0, restarted_count=0

Compilation events (0 events):
No events

GC Heap History (0 events):
No events

Dll operation events (2 events):
Event: 0.012 Loaded shared library c:\Users\Administrator\.antigravity\extensions\redhat.java-1.50.0-win32-x64\jre\21.0.9-win32-x86_64\bin\java.dll
Event: 0.028 Loaded shared library c:\Users\Administrator\.antigravity\extensions\redhat.java-1.50.0-win32-x64\jre\21.0.9-win32-x86_64\bin\zip.dll

Deoptimization events (0 events):
No events

Classes loaded (20 events):
Event: 0.065 Loading class java/util/Iterator
Event: 0.065 Loading class java/util/Iterator done
Event: 0.065 Loading class java/lang/reflect/RecordComponent
Event: 0.066 Loading class java/lang/reflect/RecordComponent done
Event: 0.066 Loading class jdk/internal/vm/vector/VectorSupport
Event: 0.067 Loading class jdk/internal/vm/vector/VectorSupport done
Event: 0.067 Loading class jdk/internal/vm/vector/VectorSupport$VectorPayload
Event: 0.067 Loading class jdk/internal/vm/vector/VectorSupport$VectorPayload done
Event: 0.067 Loading class jdk/internal/vm/vector/VectorSupport$Vector
Event: 0.067 Loading class jdk/internal/vm/vector/VectorSupport$Vector done
Event: 0.067 Loading class jdk/internal/vm/vector/VectorSupport$VectorMask
Event: 0.067 Loading class jdk/internal/vm/vector/VectorSupport$VectorMask done
Event: 0.067 Loading class jdk/internal/vm/vector/VectorSupport$VectorShuffle
Event: 0.067 Loading class jdk/internal/vm/vector/VectorSupport$VectorShuffle done
Event: 0.067 Loading class jdk/internal/vm/FillerObject
Event: 0.067 Loading class jdk/internal/vm/FillerObject done
Event: 0.070 Loading class java/lang/NullPointerException
Event: 0.070 Loading class java/lang/NullPointerException done
Event: 0.070 Loading class java/lang/ArithmeticException
Event: 0.070 Loading class java/lang/ArithmeticException done

Classes unloaded (0 events):
No events

Classes redefined (0 events):
No events

Internal exceptions (0 events):
No events

ZGC Phase Switch (0 events):
No events

VM Operations (0 events):
No events

Memory protections (0 events):
No events

Nmethod flushes (0 events):
No events

Events (1 events):
Event: 0.025 Thread 0x000001f5a7359fe0 Thread added: 0x000001f5a7359fe0


Dynamic libraries:
0x00007ff7a8470000 - 0x00007ff7a847e000 	c:\Users\Administrator\.antigravity\extensions\redhat.java-1.50.0-win32-x64\jre\21.0.9-win32-x86_64\bin\java.exe
0x00007fffa7700000 - 0x00007fffa78f0000 	C:\Windows\SYSTEM32\ntdll.dll
0x00007fffa57b0000 - 0x00007fffa5862000 	C:\Windows\System32\KERNEL32.DLL
0x00007fffa4a50000 - 0x00007fffa4cf5000 	C:\Windows\System32\KERNELBASE.dll
0x00007fffa4f00000 - 0x00007fffa4ffa000 	C:\Windows\System32\ucrtbase.dll
0x00007fff79160000 - 0x00007fff79178000 	c:\Users\Administrator\.antigravity\extensions\redhat.java-1.50.0-win32-x64\jre\21.0.9-win32-x86_64\bin\jli.dll
0x00007fff6af00000 - 0x00007fff6af1e000 	c:\Users\Administrator\.antigravity\extensions\redhat.java-1.50.0-win32-x64\jre\21.0.9-win32-x86_64\bin\VCRUNTIME140.dll
0x00007fffa64e0000 - 0x00007fffa6674000 	C:\Windows\System32\USER32.dll
0x00007fffa4670000 - 0x00007fffa4691000 	C:\Windows\System32\win32u.dll
0x00007fffa74d0000 - 0x00007fffa74f6000 	C:\Windows\System32\GDI32.dll
0x00007fffa4730000 - 0x00007fffa48c8000 	C:\Windows\System32\gdi32full.dll
0x00007fffa4d00000 - 0x00007fffa4d9e000 	C:\Windows\System32\msvcp_win.dll
0x00007fff92270000 - 0x00007fff924f4000 	C:\Windows\WinSxS\amd64_microsoft.windows.common-controls_6595b64144ccf1df_6.0.18362.1556_none_9e7e372fe45e41d5\COMCTL32.dll
0x00007fffa70a0000 - 0x00007fffa713e000 	C:\Windows\System32\msvcrt.dll
0x00007fffa6130000 - 0x00007fffa6466000 	C:\Windows\System32\combase.dll
0x00007fffa6000000 - 0x00007fffa611f000 	C:\Windows\System32\RPCRT4.dll
0x00007fffa46a0000 - 0x00007fffa4721000 	C:\Windows\System32\bcryptPrimitives.dll
0x00007fffa7140000 - 0x00007fffa716e000 	C:\Windows\System32\IMM32.DLL
0x00007fff92070000 - 0x00007fff9207c000 	c:\Users\Administrator\.antigravity\extensions\redhat.java-1.50.0-win32-x64\jre\21.0.9-win32-x86_64\bin\vcruntime140_1.dll
0x00007fff605a0000 - 0x00007fff6062d000 	c:\Users\Administrator\.antigravity\extensions\redhat.java-1.50.0-win32-x64\jre\21.0.9-win32-x86_64\bin\msvcp140.dll
0x00007fff5e640000 - 0x00007fff5f3e0000 	c:\Users\Administrator\.antigravity\extensions\redhat.java-1.50.0-win32-x64\jre\21.0.9-win32-x86_64\bin\server\jvm.dll
0x00007fffa6ad0000 - 0x00007fffa6b73000 	C:\Windows\System32\ADVAPI32.dll
0x00007fffa7430000 - 0x00007fffa74c7000 	C:\Windows\System32\sechost.dll
0x00007fffa45e0000 - 0x00007fffa462a000 	C:\Windows\System32\POWRPROF.dll
0x00007fffa45b0000 - 0x00007fffa45c0000 	C:\Windows\System32\UMPDC.dll
0x00007fffa7170000 - 0x00007fffa71df000 	C:\Windows\System32\WS2_32.dll
0x00007fff92510000 - 0x00007fff92534000 	C:\Windows\SYSTEM32\WINMM.dll
0x00007fff9c3f0000 - 0x00007fff9c3fa000 	C:\Windows\SYSTEM32\VERSION.dll
0x00007fff92240000 - 0x00007fff9226d000 	C:\Windows\SYSTEM32\WINMMBASE.dll
0x00007fffa4950000 - 0x00007fffa499a000 	C:\Windows\System32\cfgmgr32.dll
0x00007fffa4650000 - 0x00007fffa4661000 	C:\Windows\System32\kernel.appcore.dll
0x00007fff86d80000 - 0x00007fff86d8a000 	c:\Users\Administrator\.antigravity\extensions\redhat.java-1.50.0-win32-x64\jre\21.0.9-win32-x86_64\bin\jimage.dll
0x00007fffa2eb0000 - 0x00007fffa30a4000 	C:\Windows\SYSTEM32\DBGHELP.DLL
0x00007fff9a7e0000 - 0x00007fff9a80a000 	C:\Windows\SYSTEM32\dbgcore.DLL
0x00007fff81860000 - 0x00007fff8186f000 	c:\Users\Administrator\.antigravity\extensions\redhat.java-1.50.0-win32-x64\jre\21.0.9-win32-x86_64\bin\instrument.dll
0x00007fff6aee0000 - 0x00007fff6af00000 	c:\Users\Administrator\.antigravity\extensions\redhat.java-1.50.0-win32-x64\jre\21.0.9-win32-x86_64\bin\java.dll
0x00007fff6aec0000 - 0x00007fff6aed8000 	c:\Users\Administrator\.antigravity\extensions\redhat.java-1.50.0-win32-x64\jre\21.0.9-win32-x86_64\bin\zip.dll

JVMTI agents:
c:\Users\Administrator\.antigravity\extensions\redhat.java-1.50.0-win32-x64\lombok\lombok-1.18.39-4050.jar path:none, loaded, not initialized, instrumentlib options:none

dbghelp: loaded successfully - version: 4.0.5 - missing functions: none
symbol engine: initialized successfully - sym options: 0x614 - pdb path: .;c:\Users\Administrator\.antigravity\extensions\redhat.java-1.50.0-win32-x64\jre\21.0.9-win32-x86_64\bin;C:\Windows\SYSTEM32;C:\Windows\WinSxS\amd64_microsoft.windows.common-controls_6595b64144ccf1df_6.0.18362.1556_none_9e7e372fe45e41d5;c:\Users\Administrator\.antigravity\extensions\redhat.java-1.50.0-win32-x64\jre\21.0.9-win32-x86_64\bin\server

VM Arguments:
jvm_args: --add-modules=ALL-SYSTEM --add-opens=java.base/java.util=ALL-UNNAMED --add-opens=java.base/java.lang=ALL-UNNAMED --add-opens=java.base/sun.nio.fs=ALL-UNNAMED -Declipse.application=org.eclipse.jdt.ls.core.id1 -Dosgi.bundles.defaultStartLevel=4 -Declipse.product=org.eclipse.jdt.ls.core.product -Djava.import.generatesMetadataFilesAtProjectRoot=false -DDetectVMInstallationsJob.disabled=true -Dfile.encoding=utf8 -XX:+UseParallelGC -XX:GCTimeRatio=4 -XX:AdaptiveSizePolicyWeight=90 -Dsun.zip.disableMemoryMapping=true -Xmx2G -Xms100m -Xlog:disable -javaagent:c:\Users\Administrator\.antigravity\extensions\redhat.java-1.50.0-win32-x64\lombok\lombok-1.18.39-4050.jar -XX:+HeapDumpOnOutOfMemoryError -XX:HeapDumpPath=c:\Users\Administrator\AppData\Roaming\Antigravity\User\workspaceStorage\9dc1cad281cafc8938dd036e9dabeaab\redhat.java -Daether.dependencyCollector.impl=bf 
java_command: c:\Users\Administrator\.antigravity\extensions\redhat.java-1.50.0-win32-x64\server\plugins\org.eclipse.equinox.launcher_1.7.100.v20251111-0406.jar -configuration c:\Users\Administrator\AppData\Roaming\Antigravity\User\globalStorage\redhat.java\1.50.0\config_win -data c:\Users\Administrator\AppData\Roaming\Antigravity\User\workspaceStorage\9dc1cad281cafc8938dd036e9dabeaab\redhat.java\jdt_ws --pipe=\\.\pipe\lsp-f37341e5bee7ef4afe05d32fcb670364-sock
java_class_path (initial): c:\Users\Administrator\.antigravity\extensions\redhat.java-1.50.0-win32-x64\server\plugins\org.eclipse.equinox.launcher_1.7.100.v20251111-0406.jar
Launcher Type: SUN_STANDARD

[Global flags]
    uintx AdaptiveSizePolicyWeight                 = 90                                        {product} {command line}
     intx CICompilerCount                          = 4                                         {product} {ergonomic}
    uintx GCTimeRatio                              = 4                                         {product} {command line}
     bool HeapDumpOnOutOfMemoryError               = true                                   {manageable} {command line}
    ccstr HeapDumpPath                             = c:\Users\Administrator\AppData\Roaming\Antigravity\User\workspaceStorage\9dc1cad281cafc8938dd036e9dabeaab\redhat.java         {manageable} {command line}
   size_t InitialHeapSize                          = 104857600                                 {product} {command line}
   size_t MaxHeapSize                              = 2147483648                                {product} {command line}
   size_t MaxNewSize                               = 715653120                                 {product} {ergonomic}
   size_t MinHeapDeltaBytes                        = 524288                                    {product} {ergonomic}
   size_t MinHeapSize                              = 104857600                                 {product} {command line}
   size_t NewSize                                  = 34603008                                  {product} {ergonomic}
    uintx NonNMethodCodeHeapSize                   = 5839372                                {pd product} {ergonomic}
    uintx NonProfiledCodeHeapSize                  = 122909434                              {pd product} {ergonomic}
   size_t OldSize                                  = 70254592                                  {product} {ergonomic}
    uintx ProfiledCodeHeapSize                     = 122909434                              {pd product} {ergonomic}
    uintx ReservedCodeCacheSize                    = 251658240                              {pd product} {ergonomic}
     bool SegmentedCodeCache                       = true                                      {product} {ergonomic}
   size_t SoftMaxHeapSize                          = 2147483648                             {manageable} {ergonomic}
     bool UseCompressedOops                        = true                           {product lp64_product} {ergonomic}
     bool UseLargePagesIndividualAllocation        = false                                  {pd product} {ergonomic}
     bool UseParallelGC                            = true                                      {product} {command line}

Logging:
Log output configuration:
 #0: stdout all=off uptime,level,tags foldmultilines=false
 #1: stderr all=off uptime,level,tags foldmultilines=false

Release file:
<release file has not been read>
Environment Variables:
JAVA_HOME=D:\datn\jdk-17.0.16+8
PATH=C:\Program Files (x86)\Google\Chrome\Application;C:\Program Files\Python313\Scripts\;C:\Program Files\Python313\;C:\php-8.3.14-nts-Win32-vs16-x64;C:\Windows\system32;C:\Windows;C:\Windows\System32\Wbem;C:\Windows\System32\WindowsPowerShell\v1.0\;C:\Windows\System32\OpenSSH\;C:\Program Files\Microsoft SQL Server\Client SDK\ODBC\170\Tools\Binn\;C:\Program Files (x86)\Microsoft SQL Server\150\Tools\Binn\;C:\Program Files\Microsoft SQL Server\150\Tools\Binn\;C:\Program Files\Microsoft SQL Server\150\DTS\Binn\;C:\Program Files\Azure Data Studio\bin;C:\Program Files\dotnet\;D:\Git\cmd;C:\php-8.4.0-nts-Win32-vs17-x64;C:\ProgramData\ComposerSetup\bin;D:\datn\jdk-17.0.16+8\bin;C:\axis2-1.8.2\bin;D:\datn\apache-maven-3.9.11\bin;C:\Program Files\nodejs\;C:\php-8.4.0-nts-Win32-vs17-x64;C:\Users\Administrator\AppData\Local\Microsoft\WindowsApps;C:\Program Files\Azure Data Studio\bin;C:\Users\Administrator\AppData\Local\Programs\Microsoft VS Code\bin;C:\Users\Administrator\.dotnet\tools;C:\php-8.3.14-nts-Win32-vs16-x64;C:\Users\Administrator\AppData\Roaming\Composer\vendor\bin;D:\datn\jdk-17.0.16+8;C:\axis2-1.8.2;D:\cursor\resources\app\bin;D:\datn\apache-maven-3.9.11\bin;C:\Users\Administrator\AppData\Roaming\npm
USERNAME=Administrator
OS=Windows_NT
PROCESSOR_IDENTIFIER=Intel64 Family 6 Model 142 Stepping 12, GenuineIntel
TMP=C:\Users\ADMINI~1\AppData\Local\Temp
TEMP=C:\Users\ADMINI~1\AppData\Local\Temp




Periodic native trim disabled

---------------  S Y S T E M  ---------------

OS:
 Windows 10 , 64 bit Build 18362 (10.0.18362.1500)
OS uptime: 3 days 6:54 hours

CPU: total 8 (initial active 8) (4 cores per cpu, 2 threads per core) family 6 model 142 stepping 12 microcode 0xde, cx8, cmov, fxsr, ht, mmx, 3dnowpref, sse, sse2, sse3, ssse3, sse4.1, sse4.2, popcnt, lzcnt, tsc, tscinvbit, avx, avx2, aes, erms, clmul, bmi1, bmi2, adx, fma, vzeroupper, clflush, clflushopt, rdtscp, f16c
Processor Information for the first 8 processors :
  Max Mhz: 1800, Current Mhz: 1600, Mhz Limit: 1584

Memory: 4k page, system-wide physical 3889M (92M free)
TotalPageFile size 15665M (AvailPageFile size 2M)
current process WorkingSet (physical memory assigned to process): 16M, peak: 16M
current process commit charge ("private bytes"): 186M, peak: 191M

vm_info: OpenJDK 64-Bit Server VM (21.0.9+10-LTS) for windows-amd64 JRE (21.0.9+10-LTS), built on 2025-10-21T00:00:00Z by "admin" with unknown MS VC++:1942

END.
