#
# There is insufficient memory for the Java Runtime Environment to continue.
# Native memory allocation (mmap) failed to map 65536 bytes. Error detail: Failed to commit metaspace.
# Possible reasons:
#   The system is out of physical RAM or swap space
#   This process is running with CompressedOops enabled, and the Java Heap may be blocking the growth of the native heap
# Possible solutions:
#   Reduce memory load on the system
#   Increase physical memory or swap space
#   Check if swap backing store is full
#   Decrease Java heap size (-Xmx/-Xms)
#   Decrease number of Java threads
#   Decrease Java thread stack sizes (-Xss)
#   Set larger code cache with -XX:ReservedCodeCacheSize=
#   JVM is running with Unscaled Compressed Oops mode in which the Java heap is
#     placed in the first 4GB address space. The Java Heap base address is the
#     maximum limit for the native heap growth. Please use -XX:HeapBaseMinAddress
#     to set the Java Heap base and to place the Java Heap above 4GB virtual address.
# This output file may be truncated or incomplete.
#
#  Out of Memory Error (virtualSpaceNode.cpp:113), pid=1884, tid=4136
#
# JRE version: OpenJDK Runtime Environment Temurin-21.0.9+10 (21.0.9+10) (build 21.0.9+10-LTS)
# Java VM: OpenJDK 64-Bit Server VM Temurin-21.0.9+10 (21.0.9+10-LTS, mixed mode, sharing, tiered, compressed oops, compressed class ptrs, parallel gc, windows-amd64)
# No core dump will be written. Minidumps are not enabled by default on client versions of Windows
#

---------------  S U M M A R Y ------------

Command Line: --add-modules=ALL-SYSTEM --add-opens=java.base/java.util=ALL-UNNAMED --add-opens=java.base/java.lang=ALL-UNNAMED --add-opens=java.base/sun.nio.fs=ALL-UNNAMED -Declipse.application=org.eclipse.jdt.ls.core.id1 -Dosgi.bundles.defaultStartLevel=4 -Declipse.product=org.eclipse.jdt.ls.core.product -Djava.import.generatesMetadataFilesAtProjectRoot=false -DDetectVMInstallationsJob.disabled=true -Dfile.encoding=utf8 -XX:+UseParallelGC -XX:GCTimeRatio=4 -XX:AdaptiveSizePolicyWeight=90 -Dsun.zip.disableMemoryMapping=true -Xmx2G -Xms100m -Xlog:disable -javaagent:c:\Users\Administrator\.antigravity\extensions\redhat.java-1.51.0-win32-x64\lombok\lombok-1.18.39-4050.jar c:\Users\Administrator\.antigravity\extensions\redhat.java-1.51.0-win32-x64\server\plugins\org.eclipse.equinox.launcher_1.7.100.v20251111-0406.jar -configuration c:\Users\Administrator\AppData\Roaming\Antigravity\User\globalStorage\redhat.java\1.51.0\config_ss_win -data c:\Users\Administrator\AppData\Roaming\Antigravity\User\workspaceStorage\9dc1cad281cafc8938dd036e9dabeaab\redhat.java\ss_ws --pipe=\\.\pipe\lsp-2cbe7ea051b44d1b52defd6f22fc4ad4-sock

Host: Intel(R) Core(TM) i5-8265U CPU @ 1.60GHz, 8 cores, 3G,  Windows 10 , 64 bit Build 18362 (10.0.18362.1500)
Time: Sun Jan 25 17:26:07 2026 SE Asia Standard Time elapsed time: 36.031789 seconds (0d 0h 0m 36s)

---------------  T H R E A D  ---------------

Current thread (0x000002861e44f750):  JavaThread "pool-1-thread-1"        [_thread_in_vm, id=4136, stack(0x000000c048200000,0x000000c048300000) (1024K)]

Stack: [0x000000c048200000,0x000000c048300000]
Native frames: (J=compiled Java code, j=interpreted, Vv=VM code, C=native code)
V  [jvm.dll+0x6d6e29]
V  [jvm.dll+0x8b4b76]
V  [jvm.dll+0x8b712e]
V  [jvm.dll+0x8b7813]
V  [jvm.dll+0x283d86]
V  [jvm.dll+0x8b08be]
V  [jvm.dll+0x678824]
V  [jvm.dll+0x1e80ab]
V  [jvm.dll+0x1e7e6e]
V  [jvm.dll+0x67b122]
V  [jvm.dll+0x67af52]
V  [jvm.dll+0x6791fe]
V  [jvm.dll+0x26f054]
V  [jvm.dll+0x219d5f]
V  [jvm.dll+0x20f44e]
V  [jvm.dll+0x5b5a0f]
V  [jvm.dll+0x82dee6]
V  [jvm.dll+0x478438]
V  [jvm.dll+0x47e268]
C  [java.dll+0x17ec]

Java frames: (J=compiled Java code, j=interpreted, Vv=VM code)
J 1104  java.lang.ClassLoader.defineClass1(Ljava/lang/ClassLoader;Ljava/lang/String;[BIILjava/security/ProtectionDomain;Ljava/lang/String;)Ljava/lang/Class; java.base@21.0.9 (0 bytes) @ 0x00000285ca0dcd11 [0x00000285ca0dcc40+0x00000000000000d1]
J 1781 c1 java.lang.ClassLoader.defineClass(Ljava/lang/String;[BIILjava/security/ProtectionDomain;)Ljava/lang/Class; java.base@21.0.9 (43 bytes) @ 0x00000285c28dec7c [0x00000285c28de920+0x000000000000035c]
j  java.lang.ClassLoader.defineClass(Ljava/lang/String;[BII)Ljava/lang/Class;+7 java.base@21.0.9
j  lombok.launch.ShadowClassLoader.urlToDefineClass(Ljava/lang/String;Ljava/net/URL;Z)Ljava/lang/Class;+155
j  lombok.launch.ShadowClassLoader.loadClass(Ljava/lang/String;Z)Ljava/lang/Class;+238
J 3972 c2 java.lang.ClassLoader.loadClass(Ljava/lang/String;)Ljava/lang/Class; java.base@21.0.9 (7 bytes) @ 0x00000285ca272f6c [0x00000285ca272f20+0x000000000000004c]
v  ~StubRoutines::call_stub 0x00000285c9ae100d
j  lombok.eclipse.TransformEclipseAST.<clinit>()V+90
v  ~StubRoutines::call_stub 0x00000285c9ae100d
J 2334  java.lang.Class.forName0(Ljava/lang/String;ZLjava/lang/ClassLoader;Ljava/lang/Class;)Ljava/lang/Class; java.base@21.0.9 (0 bytes) @ 0x00000285ca161edf [0x00000285ca161e40+0x000000000000009f]
J 3307 c1 java.lang.Class.forName(Ljava/lang/String;ZLjava/lang/ClassLoader;Ljava/lang/Class;)Ljava/lang/Class; java.base@21.0.9 (41 bytes) @ 0x00000285c2bf6bbc [0x00000285c2bf6ac0+0x00000000000000fc]
J 3306 c1 java.lang.Class.forName(Ljava/lang/String;ZLjava/lang/ClassLoader;)Ljava/lang/Class; java.base@21.0.9 (24 bytes) @ 0x00000285c2bf66ec [0x00000285c2bf65e0+0x000000000000010c]
j  lombok.launch.PatchFixesHider$Util.shadowLoadClass(Ljava/lang/String;)Ljava/lang/Class;+5
j  lombok.launch.PatchFixesHider$Transform.init(Ljava/lang/ClassLoader;)V+24
j  lombok.launch.PatchFixesHider$Transform.transform_swapped(Ljava/lang/Object;Ljava/lang/Object;)V+7
j  org.eclipse.jdt.internal.compiler.parser.Parser.endParse(I)Lorg/eclipse/jdt/internal/compiler/ast/CompilationUnitDeclaration;+289
j  org.eclipse.jdt.internal.core.util.CommentRecorderParser.endParse(I)Lorg/eclipse/jdt/internal/compiler/ast/CompilationUnitDeclaration;+2
j  org.eclipse.jdt.internal.compiler.SourceElementParser.endParse(I)Lorg/eclipse/jdt/internal/compiler/ast/CompilationUnitDeclaration;+35
j  org.eclipse.jdt.internal.compiler.parser.Parser.parse()V+670
j  org.eclipse.jdt.internal.compiler.parser.Parser.parse(Lorg/eclipse/jdt/internal/compiler/env/ICompilationUnit;Lorg/eclipse/jdt/internal/compiler/CompilationResult;II)Lorg/eclipse/jdt/internal/compiler/ast/CompilationUnitDeclaration;+314
j  org.eclipse.jdt.internal.compiler.parser.Parser.parse(Lorg/eclipse/jdt/internal/compiler/env/ICompilationUnit;Lorg/eclipse/jdt/internal/compiler/CompilationResult;)Lorg/eclipse/jdt/internal/compiler/ast/CompilationUnitDeclaration;+5
j  org.eclipse.jdt.internal.compiler.SourceElementParser.parseCompilationUnit(Lorg/eclipse/jdt/internal/compiler/env/ICompilationUnit;ZLorg/eclipse/core/runtime/IProgressMonitor;)Lorg/eclipse/jdt/internal/compiler/ast/CompilationUnitDeclaration;+53
j  org.eclipse.jdt.internal.core.CompilationUnit.buildStructure(Lorg/eclipse/jdt/internal/core/OpenableElementInfo;Lorg/eclipse/core/runtime/IProgressMonitor;Ljava/util/Map;Lorg/eclipse/core/resources/IResource;)Z+1260
j  org.eclipse.jdt.internal.core.Openable.generateInfos(Lorg/eclipse/jdt/internal/compiler/env/IElementInfo;Ljava/util/Map;Lorg/eclipse/core/runtime/IProgressMonitor;)V+117
j  org.eclipse.jdt.internal.core.JavaElement.openWhenClosed(Lorg/eclipse/jdt/internal/compiler/env/IElementInfo;ZLorg/eclipse/core/runtime/IProgressMonitor;)Lorg/eclipse/jdt/internal/compiler/env/IElementInfo;+24
j  org.eclipse.jdt.internal.core.JavaElement.getElementInfo(Lorg/eclipse/core/runtime/IProgressMonitor;)Lorg/eclipse/jdt/internal/compiler/env/IElementInfo;+23
j  org.eclipse.jdt.internal.core.Openable.open(Lorg/eclipse/core/runtime/IProgressMonitor;)V+2
j  org.eclipse.jdt.internal.core.CompilationUnit.getImports()[Lorg/eclipse/jdt/core/IImportDeclaration;+33
j  org.eclipse.jdt.ls.core.internal.contentassist.CompletionProposalUtils.addStaticImportsAsFavoriteImports(Lorg/eclipse/jdt/core/ICompilationUnit;)V+1
j  org.eclipse.jdt.ls.core.internal.handlers.BaseDocumentLifeCycleHandler.handleOpen(Lorg/eclipse/lsp4j/DidOpenTextDocumentParams;)Lorg/eclipse/jdt/core/ICompilationUnit;+134
j  org.eclipse.jdt.ls.core.internal.handlers.BaseDocumentLifeCycleHandler.didOpen(Lorg/eclipse/lsp4j/DidOpenTextDocumentParams;)V+57
j  org.eclipse.jdt.ls.core.internal.syntaxserver.SyntaxLanguageServer.didOpen(Lorg/eclipse/lsp4j/DidOpenTextDocumentParams;)V+11
j  java.lang.invoke.LambdaForm$DMH+0x00000285d7171000.invokeInterface(Ljava/lang/Object;Ljava/lang/Object;Ljava/lang/Object;)V+24 java.base@21.0.9
j  java.lang.invoke.LambdaForm$MH+0x00000285d7160000.invoke(Ljava/lang/Object;Ljava/lang/Object;Ljava/lang/Object;)Ljava/lang/Object;+52 java.base@21.0.9
j  java.lang.invoke.Invokers$Holder.invokeExact_MT(Ljava/lang/Object;Ljava/lang/Object;Ljava/lang/Object;Ljava/lang/Object;)Ljava/lang/Object;+20 java.base@21.0.9
J 1465 c1 jdk.internal.reflect.DirectMethodHandleAccessor.invoke(Ljava/lang/Object;[Ljava/lang/Object;)Ljava/lang/Object; java.base@21.0.9 (92 bytes) @ 0x00000285c2832764 [0x00000285c2831380+0x00000000000013e4]
J 1462 c1 java.lang.reflect.Method.invoke(Ljava/lang/Object;[Ljava/lang/Object;)Ljava/lang/Object; java.base@21.0.9 (108 bytes) @ 0x00000285c282b2d4 [0x00000285c282adc0+0x0000000000000514]
j  org.eclipse.lsp4j.jsonrpc.services.GenericEndpoint.lambda$recursiveFindRpcMethods$0(Lorg/eclipse/lsp4j/jsonrpc/services/AnnotationUtil$MethodInfo;Ljava/lang/Object;Ljava/lang/Object;)Ljava/util/concurrent/CompletableFuture;+20
j  org.eclipse.lsp4j.jsonrpc.services.GenericEndpoint$$Lambda+0x00000285d7301900.apply(Ljava/lang/Object;)Ljava/lang/Object;+13
j  org.eclipse.lsp4j.jsonrpc.services.GenericEndpoint.notify(Ljava/lang/String;Ljava/lang/Object;)V+18
j  org.eclipse.lsp4j.jsonrpc.RemoteEndpoint.handleNotification(Lorg/eclipse/lsp4j/jsonrpc/messages/NotificationMessage;)V+20
j  org.eclipse.lsp4j.jsonrpc.RemoteEndpoint.consume(Lorg/eclipse/lsp4j/jsonrpc/messages/Message;)V+14
j  org.eclipse.jdt.ls.core.internal.ParentProcessWatcher.lambda$1(Lorg/eclipse/lsp4j/jsonrpc/MessageConsumer;Lorg/eclipse/lsp4j/jsonrpc/messages/Message;)V+9
j  org.eclipse.jdt.ls.core.internal.ParentProcessWatcher$$Lambda+0x00000285d72e1190.consume(Lorg/eclipse/lsp4j/jsonrpc/messages/Message;)V+9
j  org.eclipse.lsp4j.jsonrpc.json.StreamMessageProducer.handleMessage(Ljava/io/InputStream;Lorg/eclipse/lsp4j/jsonrpc/json/StreamMessageProducer$Headers;)Z+57
j  org.eclipse.lsp4j.jsonrpc.json.StreamMessageProducer.listen(Lorg/eclipse/lsp4j/jsonrpc/MessageConsumer;)V+140
j  org.eclipse.lsp4j.jsonrpc.json.ConcurrentMessageProcessor.run()V+12
j  java.util.concurrent.Executors$RunnableAdapter.call()Ljava/lang/Object;+4 java.base@21.0.9
j  java.util.concurrent.FutureTask.run()V+39 java.base@21.0.9
j  java.util.concurrent.ThreadPoolExecutor.runWorker(Ljava/util/concurrent/ThreadPoolExecutor$Worker;)V+92 java.base@21.0.9
j  java.util.concurrent.ThreadPoolExecutor$Worker.run()V+5 java.base@21.0.9
j  java.lang.Thread.runWith(Ljava/lang/Object;Ljava/lang/Runnable;)V+5 java.base@21.0.9
j  java.lang.Thread.run()V+19 java.base@21.0.9
v  ~StubRoutines::call_stub 0x00000285c9ae100d

Compiled method (n/a) 36133 1104     n 0       java.lang.ClassLoader::defineClass1 (native)
 total in heap  [0x00000285ca0dca90,0x00000285ca0dcf18] = 1160
 relocation     [0x00000285ca0dcbf0,0x00000285ca0dcc28] = 56
 main code      [0x00000285ca0dcc40,0x00000285ca0dcf16] = 726
 stub code      [0x00000285ca0dcf16,0x00000285ca0dcf18] = 2

[Constant Pool (empty)]

[MachCode]
[Entry Point]
  # {method} {0x00000285d6436820} 'defineClass1' '(Ljava/lang/ClassLoader;Ljava/lang/String;[BIILjava/security/ProtectionDomain;Ljava/lang/String;)Ljava/lang/Class;' in 'java/lang/ClassLoader'
  # parm0:    rdx:rdx   = 'java/lang/ClassLoader'
  # parm1:    r8:r8     = 'java/lang/String'
  # parm2:    r9:r9     = '[B'
  # parm3:    rdi       = int
  # parm4:    rsi       = int
  # parm5:    rcx:rcx   = 'java/security/ProtectionDomain'
  # parm6:    [sp+0xa0]   = 'java/lang/String'  (sp of caller)
  0x00000285ca0dcc40: 448b 5208 | 49bb 0000 | 00d6 8502 | 0000 4d03 | d349 3bc2 | 0f84 0600 

  0x00000285ca0dcc58: ;   {runtime_call ic_miss_stub}
  0x00000285ca0dcc58: 0000 e921 | 18a5 ff90 
[Verified Entry Point]
  0x00000285ca0dcc60: 8984 2400 | 80ff ff55 | 488b ec48 | 81ec 9000 | 0000 6690 | 4181 7f20 | 0200 0000 

  0x00000285ca0dcc7c: ;   {runtime_call StubRoutines (final stubs)}
  0x00000285ca0dcc7c: 7405 e85d | bda3 ff48 | 837d 1000 | 488d 4510 | 480f 4445 | 1048 8944 | 2440 4889 | 4c24 7048 
  0x00000285ca0dcc9c: 83f9 0048 | 8d44 2470 | 480f 4444 | 2470 4889 | 4424 3848 | 8974 2430 | 4889 7c24 | 284c 894c 
  0x00000285ca0dccbc: 2458 4983 | f900 488d | 4424 5848 | 0f44 4424 | 5848 8944 | 2420 4c89 | 4424 5049 | 83f8 004c 
  0x00000285ca0dccdc: 8d4c 2450 | 4c0f 444c | 2450 4889 | 5424 4848 | 83fa 004c | 8d44 2448 | 4c0f 4444 

  0x00000285ca0dccf8: ;   {oop(a 'java/lang/Class'{0x00000000807e5378} = 'java/lang/ClassLoader')}
  0x00000285ca0dccf8: 2448 49be | 7853 7e80 | 0000 0000 | 4c89 7424 | 784c 8d74 | 2478 498b | d6c5 f877 

  0x00000285ca0dcd14: ;   {internal_word}
  0x00000285ca0dcd14: 49ba 11cd | 0dca 8502 | 0000 4d89 | 97a0 0300 | 0049 89a7 | 9803 0000 

  0x00000285ca0dcd2c: ;   {external_word}
  0x00000285ca0dcd2c: 49ba cf4d | a59d fc7f | 0000 4180 | 3a00 0f84 | 4e00 0000 | 5241 5041 

  0x00000285ca0dcd44: ;   {metadata({method} {0x00000285d6436820} 'defineClass1' '(Ljava/lang/ClassLoader;Ljava/lang/String;[BIILjava/security/ProtectionDomain;Ljava/lang/String;)Ljava/lang/Class;' in 'java/lang/ClassLoader')}
  0x00000285ca0dcd44: 5148 ba18 | 6843 d685 | 0200 0049 | 8bcf 4883 | ec20 40f6 | c40f 0f84 | 1900 0000 | 4883 ec08 
  0x00000285ca0dcd64: ;   {runtime_call}
  0x00000285ca0dcd64: 48b8 40d5 | 4e9d fc7f | 0000 ffd0 | 4883 c408 | e90c 0000 

  0x00000285ca0dcd78: ;   {runtime_call}
  0x00000285ca0dcd78: 0048 b840 | d54e 9dfc | 7f00 00ff | d048 83c4 | 2041 5941 | 585a 498d | 8fb8 0300 | 0041 c787 
  0x00000285ca0dcd98: 4404 0000 | 0400 0000 

  0x00000285ca0dcda0: ;   {runtime_call}
  0x00000285ca0dcda0: 48b8 ac16 | d3e9 fc7f | 0000 ffd0 | c5f8 7741 | c787 4404 | 0000 0500 | 0000 f083 | 4424 c000 
  0x00000285ca0dcdc0: 493b af48 | 0400 000f | 870e 0000 | 0041 83bf | 4004 0000 | 000f 842b | 0000 00c5 | f877 4889 
  0x00000285ca0dcde0: 45f8 498b | cf4c 8be4 | 4883 ec20 | 4883 e4f0 

  0x00000285ca0dcdf0: ;   {runtime_call}
  0x00000285ca0dcdf0: 48b8 e04b | 1a9d fc7f | 0000 ffd0 | 498b e44d | 33e4 488b | 45f8 41c7 | 8744 0400 | 0008 0000 
  0x00000285ca0dce10: 0041 83bf | c004 0000 | 020f 84ca 

  0x00000285ca0dce1c: ;   {external_word}
  0x00000285ca0dce1c: 0000 0049 | bacf 4da5 | 9dfc 7f00 | 0041 803a | 000f 844c | 0000 0048 

  0x00000285ca0dce34: ;   {metadata({method} {0x00000285d6436820} 'defineClass1' '(Ljava/lang/ClassLoader;Ljava/lang/String;[BIILjava/security/ProtectionDomain;Ljava/lang/String;)Ljava/lang/Class;' in 'java/lang/ClassLoader')}
  0x00000285ca0dce34: 8945 f848 | ba18 6843 | d685 0200 | 0049 8bcf | 4883 ec20 | 40f6 c40f | 0f84 1900 | 0000 4883 
  0x00000285ca0dce54: ;   {runtime_call}
  0x00000285ca0dce54: ec08 48b8 | 40d5 4e9d | fc7f 0000 | ffd0 4883 | c408 e90c 

  0x00000285ca0dce68: ;   {runtime_call}
  0x00000285ca0dce68: 0000 0048 | b840 d54e | 9dfc 7f00 | 00ff d048 | 83c4 2048 | 8b45 f849 | c787 9803 | 0000 0000 
  0x00000285ca0dce88: 0000 49c7 | 87a0 0300 | 0000 0000 | 00c5 f877 | 4885 c00f | 8425 0000 | 00a8 030f | 8508 0000 
  0x00000285ca0dcea8: 0048 8b00 | e915 0000 | 00a8 010f | 8509 0000 | 0048 8b40 | fee9 0400 | 0000 488b | 40ff 498b 
  0x00000285ca0dcec8: 8f28 0400 | 00c7 8100 | 0100 0000 | 0000 00c9 | 4983 7f08 | 000f 8501 | 0000 00c3 

  0x00000285ca0dcee4: ;   {runtime_call StubRoutines (initial stubs)}
  0x00000285ca0dcee4: e917 40a0 | ffc5 f877 | 4889 45f8 | 4c8b e448 | 83ec 2048 

  0x00000285ca0dcef8: ;   {runtime_call}
  0x00000285ca0dcef8: 83e4 f048 | b890 0c4f | 9dfc 7f00 | 00ff d049 | 8be4 4d33 | e448 8b45 | f8e9 09ff | ffff f4f4 
[/MachCode]


Compiled method (c1) 36143 1781       3       java.lang.ClassLoader::defineClass (43 bytes)
 total in heap  [0x00000285c28de710,0x00000285c28df070] = 2400
 relocation     [0x00000285c28de870,0x00000285c28de910] = 160
 main code      [0x00000285c28de920,0x00000285c28dedc0] = 1184
 stub code      [0x00000285c28dedc0,0x00000285c28dee38] = 120
 metadata       [0x00000285c28dee38,0x00000285c28dee68] = 48
 scopes data    [0x00000285c28dee68,0x00000285c28def58] = 240
 scopes pcs     [0x00000285c28def58,0x00000285c28df038] = 224
 dependencies   [0x00000285c28df038,0x00000285c28df048] = 16
 nul chk table  [0x00000285c28df048,0x00000285c28df070] = 40

[Constant Pool (empty)]

[MachCode]
[Entry Point]
  # {method} {0x00000285d6436ba0} 'defineClass' '(Ljava/lang/String;[BIILjava/security/ProtectionDomain;)Ljava/lang/Class;' in 'java/lang/ClassLoader'
  # this:     rdx:rdx   = 'java/lang/ClassLoader'
  # parm0:    r8:r8     = 'java/lang/String'
  # parm1:    r9:r9     = '[B'
  # parm2:    rdi       = int
  # parm3:    rsi       = int
  # parm4:    rcx:rcx   = 'java/security/ProtectionDomain'
  #           [sp+0xc0]  (sp of caller)
  0x00000285c28de920: 448b 5208 | 49bb 0000 | 00d6 8502 | 0000 4d03 | d34c 3bd0 

  0x00000285c28de934: ;   {runtime_call ic_miss_stub}
  0x00000285c28de934: 0f85 46fb | 2407 660f | 1f44 0000 
[Verified Entry Point]
  0x00000285c28de940: 8984 2400 | 80ff ff55 | 4881 ecb0 | 0000 0090 | 4181 7f20 | 0200 0000 

  0x00000285c28de958: ;   {runtime_call StubRoutines (final stubs)}
  0x00000285c28de958: 7405 e881 | a023 0748 | 8954 2478 

  0x00000285c28de964: ;   {metadata(method data for {method} {0x00000285d6436ba0} 'defineClass' '(Ljava/lang/String;[BIILjava/security/ProtectionDomain;)Ljava/lang/Class;' in 'java/lang/ClassLoader')}
  0x00000285c28de964: 48bb 8085 | 3619 8602 | 0000 8b83 | cc00 0000 | 83c0 0289 | 83cc 0000 | 0025 fe07 | 0000 85c0 
  0x00000285c28de984: 0f84 5803 | 0000 89b4 | 2494 0000 | 0089 bc24 | 9000 0000 | 4c89 8c24 | 8800 0000 

  0x00000285c28de9a0: ;   {metadata(method data for {method} {0x00000285d6436ba0} 'defineClass' '(Ljava/lang/String;[BIILjava/security/ProtectionDomain;)Ljava/lang/Class;' in 'java/lang/ClassLoader')}
  0x00000285c28de9a0: 488b da48 | b880 8536 | 1986 0200 | 0048 8380 | 1001 0000 | 0149 8bd8 | 4c8b c34c | 8bc9 488b 
  0x00000285c28de9c0: ca48 8bd1 | 4889 9c24 | 8000 0000 

  0x00000285c28de9cc: ;   {optimized virtual_call}
  0x00000285c28de9cc: 6666 90e8 

  0x00000285c28de9d0: ; ImmutableOopMap {[120]=Oop [128]=Oop [136]=Oop }
                      ;*invokevirtual preDefineClass {reexecute=0 rethrow=0 return_oop=0}
                      ; - java.lang.ClassLoader::defineClass@4
  0x00000285c28de9d0: 4c31 f0ff 

  0x00000285c28de9d4: ;   {other}
  0x00000285c28de9d4: 0f1f 8400 | c402 0000 | 4889 8424 | 9800 0000 | 488b 5424 

  0x00000285c28de9e8: ;   {metadata(method data for {method} {0x00000285d6436ba0} 'defineClass' '(Ljava/lang/String;[BIILjava/security/ProtectionDomain;)Ljava/lang/Class;' in 'java/lang/ClassLoader')}
  0x00000285c28de9e8: 7849 b880 | 8536 1986 | 0200 0049 | 8380 4801 

  0x00000285c28de9f8: ;   {metadata(method data for {method} {0x00000285d6436888} 'defineClassSourceLocation' '(Ljava/security/ProtectionDomain;)Ljava/lang/String;' in 'java/lang/ClassLoader')}
  0x00000285c28de9f8: 0000 0149 | b898 8c36 | 1986 0200 | 0041 8b90 | cc00 0000 | 83c2 0241 | 8990 cc00 | 0000 81e2 
  0x00000285c28dea18: feff 1f00 | 85d2 0f84 | df02 0000 

  0x00000285c28dea24: ; implicit exception: dispatches to 0x00000285c28ded24
  0x00000285c28dea24: 483b 004c 

  0x00000285c28dea28: ;   {metadata(method data for {method} {0x00000285d6436888} 'defineClassSourceLocation' '(Ljava/security/ProtectionDomain;)Ljava/lang/String;' in 'java/lang/ClassLoader')}
  0x00000285c28dea28: 8bc0 48ba | 988c 3619 | 8602 0000 | 4883 8210 | 0100 0001 | 448b 4010 

  0x00000285c28dea40: ;   {metadata(method data for {method} {0x00000285d6436888} 'defineClassSourceLocation' '(Ljava/security/ProtectionDomain;)Ljava/lang/String;' in 'java/lang/ClassLoader')}
  0x00000285c28dea40: 4d85 c048 | ba98 8c36 | 1986 0200 | 0048 c7c6 | 5801 0000 | 7507 48c7 | c648 0100 | 0048 8b3c 
  0x00000285c28dea60: 3248 8d7f | 0148 893c | 320f 850f 

  0x00000285c28dea6c: ;   {oop(nullptr)}
  0x00000285c28dea6c: 0000 0048 | bb00 0000 | 0000 0000 | 00e9 a901 | 0000 493b | 0049 8bd0 

  0x00000285c28dea84: ;   {metadata(method data for {method} {0x00000285d6436888} 'defineClassSourceLocation' '(Ljava/security/ProtectionDomain;)Ljava/lang/String;' in 'java/lang/ClassLoader')}
  0x00000285c28dea84: 48be 988c | 3619 8602 | 0000 4883 | 8668 0100 | 0001 418b | 500c 4885 

  0x00000285c28dea9c: ;   {metadata(method data for {method} {0x00000285d6436888} 'defineClassSourceLocation' '(Ljava/security/ProtectionDomain;)Ljava/lang/String;' in 'java/lang/ClassLoader')}
  0x00000285c28dea9c: d248 be98 | 8c36 1986 | 0200 0048 | c7c7 b001 | 0000 7507 | 48c7 c7a0 | 0100 0048 | 8b1c 3e48 
  0x00000285c28deabc: 8d5b 0148 | 891c 3e0f | 850f 0000 

  0x00000285c28deac8: ;   {oop(nullptr)}
  0x00000285c28deac8: 0048 bb00 | 0000 0000 | 0000 00e9 | 4f01 0000 

  0x00000285c28dead8: ;   {metadata(method data for {method} {0x00000285d6436888} 'defineClassSourceLocation' '(Ljava/security/ProtectionDomain;)Ljava/lang/String;' in 'java/lang/ClassLoader')}
  0x00000285c28dead8: 48be 988c | 3619 8602 | 0000 4883 | 86c0 0100 | 0001 483b | 024c 8bc2 

  0x00000285c28deaf0: ;   {metadata(method data for {method} {0x00000285d6436888} 'defineClassSourceLocation' '(Ljava/security/ProtectionDomain;)Ljava/lang/String;' in 'java/lang/ClassLoader')}
  0x00000285c28deaf0: 48be 988c | 3619 8602 | 0000 4883 | 86f8 0100 

  0x00000285c28deb00: ;   {metadata(method data for {method} {0x00000285d601abf0} 'toString' '()Ljava/lang/String;' in 'java/net/URL')}
  0x00000285c28deb00: 0001 49b8 | 6880 3619 | 8602 0000 | 418b b0cc | 0000 0083 | c602 4189 | b0cc 0000 | 0081 e6fe 
  0x00000285c28deb20: ff1f 0085 | f60f 8408 | 0200 004c 

  0x00000285c28deb2c: ;   {metadata(method data for {method} {0x00000285d601abf0} 'toString' '()Ljava/lang/String;' in 'java/net/URL')}
  0x00000285c28deb2c: 8bc2 48be | 6880 3619 | 8602 0000 | 4883 8610 | 0100 0001 

  0x00000285c28deb40: ;   {metadata(method data for {method} {0x00000285d642a428} 'toExternalForm' '()Ljava/lang/String;' in 'java/net/URL')}
  0x00000285c28deb40: 49b8 c01e | 3619 8602 | 0000 418b | b0cc 0000 | 0083 c602 | 4189 b0cc | 0000 0081 | e6fe ff1f 
  0x00000285c28deb60: 0085 f60f | 84eb 0100 | 008b 7238 

  0x00000285c28deb6c: ; implicit exception: dispatches to 0x00000285c28ded75
  0x00000285c28deb6c: 483b 064c 

  0x00000285c28deb70: ;   {metadata(method data for {method} {0x00000285d642a428} 'toExternalForm' '()Ljava/lang/String;' in 'java/net/URL')}
  0x00000285c28deb70: 8bc6 48bf | c01e 3619 | 8602 0000 | 458b 4008 | 49ba 0000 | 00d6 8502 | 0000 4d03 | c24c 3b87 
  0x00000285c28deb90: 2001 0000 | 750d 4883 | 8728 0100 | 0001 e960 | 0000 004c | 3b87 3001 | 0000 750d | 4883 8738 
  0x00000285c28debb0: 0100 0001 | e94a 0000 | 0048 83bf | 2001 0000 | 0075 174c | 8987 2001 | 0000 48c7 | 8728 0100 
  0x00000285c28debd0: 0001 0000 | 00e9 2900 | 0000 4883 | bf30 0100 | 0000 7517 | 4c89 8730 | 0100 0048 | c787 3801 
  0x00000285c28debf0: 0000 0100 | 0000 e908 | 0000 0048 | 8387 1001 | 0000 014c | 8bc2 488b | d60f 1f40 | 0048 b8ff 
  0x00000285c28dec10: ffff ffff 

  0x00000285c28dec14: ;   {virtual_call}
  0x00000285c28dec14: ffff ffe8 

  0x00000285c28dec18: ; ImmutableOopMap {[120]=Oop [128]=Oop [136]=Oop [152]=Oop }
                      ;*invokevirtual toExternalForm {reexecute=0 rethrow=0 return_oop=0}
                      ; - java.net.URL::toExternalForm@5
                      ; - java.net.URL::toString@1
                      ; - java.lang.ClassLoader::defineClassSourceLocation@22
                      ; - java.lang.ClassLoader::defineClass@12
  0x00000285c28dec18: c48d 3007 

  0x00000285c28dec1c: ;   {other}
  0x00000285c28dec1c: 0f1f 8400 | 0c05 0001 | 488b d848 | 8b84 2498 | 0000 008b | b424 9400 | 0000 8bbc | 2490 0000 
  0x00000285c28dec3c: 004c 8b8c | 2488 0000 | 004c 8b84 | 2480 0000 | 0048 8b54 

  0x00000285c28dec50: ;   {metadata(method data for {method} {0x00000285d6436ba0} 'defineClass' '(Ljava/lang/String;[BIILjava/security/ProtectionDomain;)Ljava/lang/Class;' in 'java/lang/ClassLoader')}
  0x00000285c28dec50: 2478 48b9 | 8085 3619 | 8602 0000 | 4883 8180 | 0100 0001 | 4c8b da49 | 8bd3 488b | c848 891c 
  0x00000285c28dec70: 2466 0f1f 

  0x00000285c28dec74: ;   {static_call}
  0x00000285c28dec74: 4400 00e8 

  0x00000285c28dec78: ; ImmutableOopMap {[120]=Oop [152]=Oop }
                      ;*invokestatic defineClass1 {reexecute=0 rethrow=0 return_oop=0}
                      ; - java.lang.ClassLoader::defineClass@27
  0x00000285c28dec78: e4df 7f07 

  0x00000285c28dec7c: ;   {other}
  0x00000285c28dec7c: 0f1f 8400 | 6c05 0002 | 488b 5424 

  0x00000285c28dec88: ;   {metadata(method data for {method} {0x00000285d6436ba0} 'defineClass' '(Ljava/lang/String;[BIILjava/security/ProtectionDomain;)Ljava/lang/Class;' in 'java/lang/ClassLoader')}
  0x00000285c28dec88: 7849 b880 | 8536 1986 | 0200 0049 | 8380 9001 | 0000 014c | 8bc0 4c8b | 8c24 9800 | 0000 488b 
  0x00000285c28deca8: 5424 7848 | 8984 24a0 | 0000 000f 

  0x00000285c28decb4: ;   {optimized virtual_call}
  0x00000285c28decb4: 1f40 00e8 

  0x00000285c28decb8: ; ImmutableOopMap {[160]=Oop }
                      ;*invokevirtual postDefineClass {reexecute=0 rethrow=0 return_oop=0}
                      ; - java.lang.ClassLoader::defineClass@37
  0x00000285c28decb8: e4c8 f8ff 

  0x00000285c28decbc: ;   {other}
  0x00000285c28decbc: 0f1f 8400 | ac05 0003 | 488b 8424 | a000 0000 | 4881 c4b0 | 0000 005d 

  0x00000285c28decd4: ;   {poll_return}
  0x00000285c28decd4: 493b a748 | 0400 000f | 8799 0000 

  0x00000285c28dece0: ;   {metadata({method} {0x00000285d6436ba0} 'defineClass' '(Ljava/lang/String;[BIILjava/security/ProtectionDomain;)Ljava/lang/Class;' in 'java/lang/ClassLoader')}
  0x00000285c28dece0: 00c3 49ba | 986b 43d6 | 8502 0000 | 4c89 5424 | 0848 c704 | 24ff ffff 

  0x00000285c28decf8: ;   {runtime_call counter_overflow Runtime1 stub}
  0x00000285c28decf8: ffe8 8264 

  0x00000285c28decfc: ; ImmutableOopMap {rdx=Oop r8=Oop r9=Oop rcx=Oop [120]=Oop }
                      ;*synchronization entry
                      ; - java.lang.ClassLoader::defineClass@-1
  0x00000285c28decfc: 3007 e987 

  0x00000285c28ded00: ;   {metadata({method} {0x00000285d6436888} 'defineClassSourceLocation' '(Ljava/security/ProtectionDomain;)Ljava/lang/String;' in 'java/lang/ClassLoader')}
  0x00000285c28ded00: fcff ff49 | ba80 6843 | d685 0200 | 004c 8954 | 2408 48c7 | 0424 ffff 

  0x00000285c28ded18: ;   {runtime_call counter_overflow Runtime1 stub}
  0x00000285c28ded18: ffff e861 

  0x00000285c28ded1c: ; ImmutableOopMap {rax=Oop [120]=Oop [128]=Oop [136]=Oop [152]=Oop }
                      ;*synchronization entry
                      ; - java.lang.ClassLoader::defineClassSourceLocation@-1
                      ; - java.lang.ClassLoader::defineClass@12
  0x00000285c28ded1c: 6430 07e9 | 00fd ffff 

  0x00000285c28ded24: ;   {runtime_call throw_null_pointer_exception Runtime1 stub}
  0x00000285c28ded24: e8d7 0830 

  0x00000285c28ded28: ; ImmutableOopMap {rax=Oop [120]=Oop [128]=Oop [136]=Oop [152]=Oop }
                      ;*invokevirtual getCodeSource {reexecute=0 rethrow=0 return_oop=0}
                      ; - java.lang.ClassLoader::defineClassSourceLocation@1
                      ; - java.lang.ClassLoader::defineClass@12
                      ;   {runtime_call throw_null_pointer_exception Runtime1 stub}
  0x00000285c28ded28: 07e8 d208 

  0x00000285c28ded2c: ; ImmutableOopMap {rax=Oop r8=Oop [120]=Oop [128]=Oop [136]=Oop [152]=Oop }
                      ;*invokevirtual getLocation {reexecute=0 rethrow=0 return_oop=0}
                      ; - java.lang.ClassLoader::defineClassSourceLocation@12
                      ; - java.lang.ClassLoader::defineClass@12
                      ;   {runtime_call throw_null_pointer_exception Runtime1 stub}
  0x00000285c28ded2c: 3007 e8cd 

  0x00000285c28ded30: ; ImmutableOopMap {rdx=Oop [120]=Oop [128]=Oop [136]=Oop [152]=Oop }
                      ;*invokevirtual toString {reexecute=0 rethrow=0 return_oop=0}
                      ; - java.lang.ClassLoader::defineClassSourceLocation@22
                      ; - java.lang.ClassLoader::defineClass@12
                      ;   {metadata({method} {0x00000285d601abf0} 'toString' '()Ljava/lang/String;' in 'java/net/URL')}
  0x00000285c28ded30: 0830 0749 | bae8 ab01 | d685 0200 | 004c 8954 | 2408 48c7 | 0424 ffff 

  0x00000285c28ded48: ;   {runtime_call counter_overflow Runtime1 stub}
  0x00000285c28ded48: ffff e831 

  0x00000285c28ded4c: ; ImmutableOopMap {rdx=Oop [120]=Oop [128]=Oop [136]=Oop [152]=Oop }
                      ;*synchronization entry
                      ; - java.net.URL::toString@-1
                      ; - java.lang.ClassLoader::defineClassSourceLocation@22
                      ; - java.lang.ClassLoader::defineClass@12
  0x00000285c28ded4c: 6430 07e9 | d7fd ffff 

  0x00000285c28ded54: ;   {metadata({method} {0x00000285d642a428} 'toExternalForm' '()Ljava/lang/String;' in 'java/net/URL')}
  0x00000285c28ded54: 49ba 20a4 | 42d6 8502 | 0000 4c89 | 5424 0848 | c704 24ff 

  0x00000285c28ded68: ;   {runtime_call counter_overflow Runtime1 stub}
  0x00000285c28ded68: ffff ffe8 

  0x00000285c28ded6c: ; ImmutableOopMap {rdx=Oop [120]=Oop [128]=Oop [136]=Oop [152]=Oop }
                      ;*synchronization entry
                      ; - java.net.URL::toExternalForm@-1
                      ; - java.net.URL::toString@1
                      ; - java.lang.ClassLoader::defineClassSourceLocation@22
                      ; - java.lang.ClassLoader::defineClass@12
  0x00000285c28ded6c: 1064 3007 | e9f4 fdff 

  0x00000285c28ded74: ;   {runtime_call throw_null_pointer_exception Runtime1 stub}
  0x00000285c28ded74: ffe8 8608 

  0x00000285c28ded78: ; ImmutableOopMap {rdx=Oop rsi=Oop [120]=Oop [128]=Oop [136]=Oop [152]=Oop }
                      ;*invokevirtual toExternalForm {reexecute=0 rethrow=0 return_oop=0}
                      ; - java.net.URL::toExternalForm@5
                      ; - java.net.URL::toString@1
                      ; - java.lang.ClassLoader::defineClassSourceLocation@22
                      ; - java.lang.ClassLoader::defineClass@12
                      ;   {internal_word}
  0x00000285c28ded78: 3007 49ba | d4ec 8dc2 | 8502 0000 | 4d89 9760 

  0x00000285c28ded88: ;   {runtime_call SafepointBlob}
  0x00000285c28ded88: 0400 00e9 | 705d 2507 | 498b 87f8 | 0400 0049 | c787 f804 | 0000 0000 | 0000 49c7 | 8700 0500 
  0x00000285c28deda8: 0000 0000 | 0048 81c4 | b000 0000 

  0x00000285c28dedb4: ;   {runtime_call unwind_exception Runtime1 stub}
  0x00000285c28dedb4: 5de9 46f6 | 2f07 f4f4 | f4f4 f4f4 
[Stub Code]
  0x00000285c28dedc0: ;   {no_reloc}
  0x00000285c28dedc0: 0f1f 4400 

  0x00000285c28dedc4: ;   {static_stub}
  0x00000285c28dedc4: 0048 bb00 | 0000 0000 

  0x00000285c28dedcc: ;   {runtime_call nmethod}
  0x00000285c28dedcc: 0000 00e9 | fbff ffff 

  0x00000285c28dedd4: ;   {static_stub}
  0x00000285c28dedd4: 48bb 0000 | 0000 0000 

  0x00000285c28deddc: ;   {runtime_call nmethod}
  0x00000285c28deddc: 0000 e9fb 

  0x00000285c28dede0: ;   {static_stub}
  0x00000285c28dede0: ffff ff48 | bb00 0000 | 0000 0000 

  0x00000285c28dedec: ;   {runtime_call nmethod}
  0x00000285c28dedec: 00e9 fbff 

  0x00000285c28dedf0: ;   {static_stub}
  0x00000285c28dedf0: ffff 48bb | 0000 0000 | 0000 0000 

  0x00000285c28dedfc: ;   {runtime_call nmethod}
  0x00000285c28dedfc: e9fb ffff 

  0x00000285c28dee00: ;   {runtime_call handle_exception_from_callee Runtime1 stub}
  0x00000285c28dee00: ffe8 7a30 

  0x00000285c28dee04: ;   {external_word}
  0x00000285c28dee04: 3007 48b9 | 2053 7b9d | fc7f 0000 | 4883 e4f0 

  0x00000285c28dee14: ;   {runtime_call}
  0x00000285c28dee14: 48b8 90b7 | 3d9d fc7f | 0000 ffd0 

  0x00000285c28dee20: ;   {section_word}
  0x00000285c28dee20: f449 ba21 | ee8d c285 | 0200 0041 

  0x00000285c28dee2c: ;   {runtime_call DeoptimizationBlob}
  0x00000285c28dee2c: 52e9 6e4f | 2507 f4f4 | f4f4 f4f4 
[/MachCode]


Compiled method (c2) 36162 3972       4       java.lang.ClassLoader::loadClass (7 bytes)
 total in heap  [0x00000285ca272d90,0x00000285ca273038] = 680
 relocation     [0x00000285ca272ef0,0x00000285ca272f10] = 32
 main code      [0x00000285ca272f20,0x00000285ca272fb8] = 152
 stub code      [0x00000285ca272fb8,0x00000285ca272fd0] = 24
 metadata       [0x00000285ca272fd0,0x00000285ca272fd8] = 8
 scopes data    [0x00000285ca272fd8,0x00000285ca272fe8] = 16
 scopes pcs     [0x00000285ca272fe8,0x00000285ca273018] = 48
 dependencies   [0x00000285ca273018,0x00000285ca273020] = 8
 handler table  [0x00000285ca273020,0x00000285ca273038] = 24

[Constant Pool (empty)]

[MachCode]
[Entry Point]
  # {method} {0x00000285d60143f0} 'loadClass' '(Ljava/lang/String;)Ljava/lang/Class;' in 'java/lang/ClassLoader'
  # this:     rdx:rdx   = 'java/lang/ClassLoader'
  # parm0:    r8:r8     = 'java/lang/String'
  #           [sp+0x20]  (sp of caller)
  0x00000285ca272f20: 448b 5208 | 49bb 0000 | 00d6 8502 | 0000 4d03 | d349 3bc2 

  0x00000285ca272f34: ;   {runtime_call ic_miss_stub}
  0x00000285ca272f34: 0f85 46b5 | 8bff 6690 | 0f1f 4000 
[Verified Entry Point]
  0x00000285ca272f40: 8984 2400 | 80ff ff55 | 4883 ec10 | 4181 7f20 | 0200 0000 | 0f85 5000 | 0000 4533 | c948 b8ff 
  0x00000285ca272f60: ffff ffff 

  0x00000285ca272f64: ;   {virtual_call}
  0x00000285ca272f64: ffff ffe8 

  0x00000285ca272f68: ; ImmutableOopMap {}
                      ;*invokevirtual loadClass {reexecute=0 rethrow=0 return_oop=1}
                      ; - java.lang.ClassLoader::loadClass@3
  0x00000285ca272f68: 144a 97ff 

  0x00000285ca272f6c: ;   {other}
  0x00000285ca272f6c: 0f1f 8400 | dc01 0000 | 4883 c410 

  0x00000285ca272f78: ;   {poll_return}
  0x00000285ca272f78: 5d49 3ba7 | 4804 0000 | 0f87 0e00 | 0000 c348 | 8bd0 4883 

  0x00000285ca272f8c: ;   {runtime_call _rethrow_Java}
  0x00000285ca272f8c: c410 5de9 | 6c97 97ff 

  0x00000285ca272f94: ;   {internal_word}
  0x00000285ca272f94: 49ba 792f | 27ca 8502 | 0000 4d89 | 9760 0400 

  0x00000285ca272fa4: ;   {runtime_call SafepointBlob}
  0x00000285ca272fa4: 00e9 561b 

  0x00000285ca272fa8: ;   {runtime_call StubRoutines (final stubs)}
  0x00000285ca272fa8: 8cff e831 | 5a8a ffe9 | a6ff ffff | f4f4 f4f4 
[Exception Handler]
  0x00000285ca272fb8: ;   {no_reloc}
  0x00000285ca272fb8: e943 e296 | ffe8 0000 | 0000 4883 

  0x00000285ca272fc4: ;   {runtime_call DeoptimizationBlob}
  0x00000285ca272fc4: 2c24 05e9 | d40d 8cff | f4f4 f4f4 
[/MachCode]


---------------  P R O C E S S  ---------------

Threads class SMR info:
_java_thread_list=0x000002861daf41b0, length=32, elements={
0x00000285bd1d6180, 0x00000285d5e1d070, 0x00000285d5e1ece0, 0x00000285d5e21830,
0x00000285d5e22540, 0x00000285d5e24100, 0x00000285d5e24b50, 0x00000285d5e25980,
0x00000285d5e29410, 0x000002861893e740, 0x0000028618a61140, 0x000002861d476720,
0x000002861d641b70, 0x000002861d6421d0, 0x000002861d115df0, 0x000002861d487170,
0x000002861dbf8a80, 0x000002861dd9c670, 0x000002861dc6ec60, 0x000002861e410180,
0x000002861e411530, 0x000002861e4128e0, 0x000002861e40f460, 0x000002861e40faf0,
0x000002861e410810, 0x000002861e410ea0, 0x000002861e411bc0, 0x000002861e412250,
0x000002861e453f80, 0x000002861e452540, 0x000002861e44f750, 0x000002861e44fde0
}

Java Threads: ( => current thread )
  0x00000285bd1d6180 JavaThread "main"                              [_thread_blocked, id=10860, stack(0x000000c045a00000,0x000000c045b00000) (1024K)]
  0x00000285d5e1d070 JavaThread "Reference Handler"          daemon [_thread_blocked, id=15068, stack(0x000000c045e00000,0x000000c045f00000) (1024K)]
  0x00000285d5e1ece0 JavaThread "Finalizer"                  daemon [_thread_blocked, id=19640, stack(0x000000c045f00000,0x000000c046000000) (1024K)]
  0x00000285d5e21830 JavaThread "Signal Dispatcher"          daemon [_thread_blocked, id=10924, stack(0x000000c046000000,0x000000c046100000) (1024K)]
  0x00000285d5e22540 JavaThread "Attach Listener"            daemon [_thread_blocked, id=18044, stack(0x000000c046100000,0x000000c046200000) (1024K)]
  0x00000285d5e24100 JavaThread "Service Thread"             daemon [_thread_blocked, id=15288, stack(0x000000c046200000,0x000000c046300000) (1024K)]
  0x00000285d5e24b50 JavaThread "Monitor Deflation Thread"   daemon [_thread_blocked, id=4604, stack(0x000000c046300000,0x000000c046400000) (1024K)]
  0x00000285d5e25980 JavaThread "C2 CompilerThread0"         daemon [_thread_in_native, id=1608, stack(0x000000c046400000,0x000000c046500000) (1024K)]
  0x00000285d5e29410 JavaThread "C1 CompilerThread0"         daemon [_thread_blocked, id=19952, stack(0x000000c046500000,0x000000c046600000) (1024K)]
  0x000002861893e740 JavaThread "Common-Cleaner"             daemon [_thread_blocked, id=18592, stack(0x000000c046600000,0x000000c046700000) (1024K)]
  0x0000028618a61140 JavaThread "Notification Thread"        daemon [_thread_blocked, id=19816, stack(0x000000c046700000,0x000000c046800000) (1024K)]
  0x000002861d476720 JavaThread "Active Thread: Equinox Container: c0765431-4a5b-4742-a370-cc417ecd657c"        [_thread_blocked, id=17676, stack(0x000000c046e00000,0x000000c046f00000) (1024K)]
  0x000002861d641b70 JavaThread "Framework Event Dispatcher: Equinox Container: c0765431-4a5b-4742-a370-cc417ecd657c" daemon [_thread_blocked, id=16720, stack(0x000000c046f00000,0x000000c047000000) (1024K)]
  0x000002861d6421d0 JavaThread "Start Level: Equinox Container: c0765431-4a5b-4742-a370-cc417ecd657c" daemon [_thread_blocked, id=19808, stack(0x000000c047000000,0x000000c047100000) (1024K)]
  0x000002861d115df0 JavaThread "SCR Component Actor"        daemon [_thread_blocked, id=8120, stack(0x000000c047200000,0x000000c047300000) (1024K)]
  0x000002861d487170 JavaThread "Worker-JM"                         [_thread_blocked, id=16392, stack(0x000000c047300000,0x000000c047400000) (1024K)]
  0x000002861dbf8a80 JavaThread "JNA Cleaner"                daemon [_thread_blocked, id=19260, stack(0x000000c047400000,0x000000c047500000) (1024K)]
  0x000002861dd9c670 JavaThread "Worker-0"                          [_thread_blocked, id=5508, stack(0x000000c047500000,0x000000c047600000) (1024K)]
  0x000002861dc6ec60 JavaThread "Worker-1"                          [_thread_blocked, id=20112, stack(0x000000c047600000,0x000000c047700000) (1024K)]
  0x000002861e410180 JavaThread "Thread-1"                   daemon [_thread_in_native, id=15176, stack(0x000000c047700000,0x000000c047800000) (1024K)]
  0x000002861e411530 JavaThread "Thread-2"                   daemon [_thread_in_native, id=20384, stack(0x000000c047800000,0x000000c047900000) (1024K)]
  0x000002861e4128e0 JavaThread "Thread-3"                   daemon [_thread_in_native, id=13620, stack(0x000000c047900000,0x000000c047a00000) (1024K)]
  0x000002861e40f460 JavaThread "Thread-4"                   daemon [_thread_in_native, id=19712, stack(0x000000c047a00000,0x000000c047b00000) (1024K)]
  0x000002861e40faf0 JavaThread "Thread-5"                   daemon [_thread_in_native, id=4996, stack(0x000000c047b00000,0x000000c047c00000) (1024K)]
  0x000002861e410810 JavaThread "Thread-6"                   daemon [_thread_in_native, id=19664, stack(0x000000c047c00000,0x000000c047d00000) (1024K)]
  0x000002861e410ea0 JavaThread "Thread-7"                   daemon [_thread_in_native, id=12900, stack(0x000000c047d00000,0x000000c047e00000) (1024K)]
  0x000002861e411bc0 JavaThread "Thread-8"                   daemon [_thread_in_native, id=19508, stack(0x000000c047e00000,0x000000c047f00000) (1024K)]
  0x000002861e412250 JavaThread "Thread-9"                   daemon [_thread_in_native, id=19792, stack(0x000000c047f00000,0x000000c048000000) (1024K)]
  0x000002861e453f80 JavaThread "pool-2-thread-1"                   [_thread_blocked, id=17608, stack(0x000000c048000000,0x000000c048100000) (1024K)]
  0x000002861e452540 JavaThread "WorkspaceEventsHandler"            [_thread_blocked, id=8216, stack(0x000000c048100000,0x000000c048200000) (1024K)]
=>0x000002861e44f750 JavaThread "pool-1-thread-1"                   [_thread_in_vm, id=4136, stack(0x000000c048200000,0x000000c048300000) (1024K)]
  0x000002861e44fde0 JavaThread "Worker-2"                          [_thread_blocked, id=10556, stack(0x000000c048300000,0x000000c048400000) (1024K)]
Total: 32

Other Threads:
  0x00000285d5e02650 VMThread "VM Thread"                           [id=11784, stack(0x000000c045d00000,0x000000c045e00000) (1024K)]
  0x00000285bf416b50 WatcherThread "VM Periodic Task Thread"        [id=8588, stack(0x000000c045c00000,0x000000c045d00000) (1024K)]
  0x00000285bf3ca5b0 WorkerThread "GC Thread#0"                     [id=18492, stack(0x000000c045b00000,0x000000c045c00000) (1024K)]
  0x000002861d2938f0 WorkerThread "GC Thread#1"                     [id=8156, stack(0x000000c046800000,0x000000c046900000) (1024K)]
  0x000002861d293c90 WorkerThread "GC Thread#2"                     [id=17452, stack(0x000000c046900000,0x000000c046a00000) (1024K)]
  0x000002861d294030 WorkerThread "GC Thread#3"                     [id=14796, stack(0x000000c046a00000,0x000000c046b00000) (1024K)]
  0x000002861d2943d0 WorkerThread "GC Thread#4"                     [id=14472, stack(0x000000c046b00000,0x000000c046c00000) (1024K)]
  0x000002861d309f70 WorkerThread "GC Thread#5"                     [id=8056, stack(0x000000c046c00000,0x000000c046d00000) (1024K)]
  0x000002861d30a310 WorkerThread "GC Thread#6"                     [id=13164, stack(0x000000c046d00000,0x000000c046e00000) (1024K)]
  0x000002861d4e1010 WorkerThread "GC Thread#7"                     [id=2540, stack(0x000000c047100000,0x000000c047200000) (1024K)]
Total: 10

Threads with active compile tasks:
C2 CompilerThread0  36167 4450       4       jdk.internal.jrtfs.JrtPath::resolve (125 bytes)
Total: 1

VM state: not at safepoint (normal execution)

VM Mutex/Monitor currently owned by a thread:  ([mutex/lock_event])
[0x00007ffc9da6b4f0] Metaspace_lock - owner thread: 0x000002861e44f750

Heap address: 0x0000000080000000, size: 2048 MB, Compressed Oops mode: 32-bit

CDS archive(s) mapped at: [0x00000285d6000000-0x00000285d6ba0000-0x00000285d6ba0000), size 12189696, SharedBaseAddress: 0x00000285d6000000, ArchiveRelocationMode: 1.
Compressed class space mapped at: 0x00000285d7000000-0x0000028617000000, reserved size: 1073741824
Narrow klass base: 0x00000285d6000000, Narrow klass shift: 0, Narrow klass range: 0x100000000

GC Precious Log:
 CardTable entry size: 512
 CPUs: 8 total, 8 available
 Memory: 3889M
 Large Page Support: Disabled
 NUMA Support: Disabled
 Compressed Oops: Enabled (32-bit)
 Alignments: Space 512K, Generation 512K, Heap 2M
 Heap Min Capacity: 100M
 Heap Initial Capacity: 100M
 Heap Max Capacity: 2G
 Pre-touch: Disabled
 Parallel Workers: 8

Heap:
 PSYoungGen      total 23552K, used 7375K [0x00000000d5580000, 0x00000000d7000000, 0x0000000100000000)
  eden space 21504K, 26% used [0x00000000d5580000,0x00000000d5b0c8d8,0x00000000d6a80000)
  from space 2048K, 82% used [0x00000000d6e00000,0x00000000d6fa7458,0x00000000d7000000)
  to   space 2560K, 0% used [0x00000000d6b00000,0x00000000d6b00000,0x00000000d6d80000)
 ParOldGen       total 68608K, used 29905K [0x0000000080000000, 0x0000000084300000, 0x00000000d5580000)
  object space 68608K, 43% used [0x0000000080000000,0x0000000081d34780,0x0000000084300000)
 Metaspace       used 34398K, committed 35328K, reserved 1114112K
  class space    used 3488K, committed 3904K, reserved 1048576K

Card table byte_map: [0x00000285bed80000,0x00000285bf190000] _byte_map_base: 0x00000285be980000

Marking Bits: (ParMarkBitMap*) 0x00007ffc9da72460
 Begin Bits: [0x00000285d1860000, 0x00000285d3860000)
 End Bits:   [0x00000285d3860000, 0x00000285d5860000)

Polling page: 0x00000285beb70000

Metaspace:

Usage:
  Non-class:     30.19 MB used.
      Class:      3.41 MB used.
       Both:     33.59 MB used.

Virtual space:
  Non-class space:       64.00 MB reserved,      30.69 MB ( 48%) committed,  1 nodes.
      Class space:        1.00 GB reserved,       3.81 MB ( <1%) committed,  1 nodes.
             Both:        1.06 GB reserved,      34.50 MB (  3%) committed. 

Chunk freelists:
   Non-Class:  816.00 KB
       Class:  12.18 MB
        Both:  12.98 MB

MaxMetaspaceSize: unlimited
CompressedClassSpaceSize: 1.00 GB
Initial GC threshold: 21.00 MB
Current GC threshold: 35.00 MB
CDS: on
 - commit_granule_bytes: 65536.
 - commit_granule_words: 8192.
 - virtual_space_node_default_size: 8388608.
 - enlarge_chunks_in_place: 1.
 - use_allocation_guard: 0.


Internal statistics:

num_allocs_failed_limit: 3.
num_arena_births: 674.
num_arena_deaths: 14.
num_vsnodes_births: 2.
num_vsnodes_deaths: 0.
num_space_committed: 552.
num_space_uncommitted: 0.
num_chunks_returned_to_freelist: 17.
num_chunks_taken_from_freelist: 2018.
num_chunk_merges: 9.
num_chunk_splits: 1333.
num_chunks_enlarged: 873.
num_inconsistent_stats: 0.

CodeHeap 'non-profiled nmethods': size=120000Kb used=2488Kb max_used=2488Kb free=117511Kb
 bounds [0x00000285ca080000, 0x00000285ca2f0000, 0x00000285d15b0000]
CodeHeap 'profiled nmethods': size=120000Kb used=9120Kb max_used=9120Kb free=110879Kb
 bounds [0x00000285c25b0000, 0x00000285c2ea0000, 0x00000285c9ae0000]
CodeHeap 'non-nmethods': size=5760Kb used=1364Kb max_used=1418Kb free=4395Kb
 bounds [0x00000285c9ae0000, 0x00000285c9d50000, 0x00000285ca080000]
CodeCache: size=245760Kb, used=12972Kb, max_used=13026Kb, free=232785Kb
 total_blobs=5303, nmethods=4640, adapters=569, full_count=0
Compilation: enabled, stopped_count=0, restarted_count=0

Compilation events (20 events):
Event: 35.977 Thread 0x00000285d5e29410 4658   !   2       org.eclipse.osgi.internal.loader.BundleLoader::findResource (438 bytes)
Event: 35.982 Thread 0x00000285d5e29410 nmethod 4658 0x00000285c2e94890 code [0x00000285c2e94de0, 0x00000285c2e96540]
Event: 35.982 Thread 0x00000285d5e25980 nmethod 4526 0x00000285ca2e4690 code [0x00000285ca2e4920, 0x00000285ca2e56b0]
Event: 35.983 Thread 0x00000285d5e25980 4527       4       org.eclipse.jdt.internal.compiler.util.JrtFileSystem$2::visitFile (72 bytes)
Event: 35.983 Thread 0x00000285d5e29410 4659       2       java.net.URLConnection::setUseCaches (10 bytes)
Event: 35.983 Thread 0x00000285d5e29410 nmethod 4659 0x00000285c2e97490 code [0x00000285c2e97640, 0x00000285c2e97828]
Event: 35.983 Thread 0x00000285d5e29410 4660       2       java.net.URLConnection::checkConnected (19 bytes)
Event: 35.983 Thread 0x00000285d5e29410 nmethod 4660 0x00000285c2e97910 code [0x00000285c2e97ac0, 0x00000285c2e97c98]
Event: 35.983 Thread 0x00000285d5e29410 4661       2       sun.net.www.protocol.jar.JarURLConnection::getUseCaches (8 bytes)
Event: 35.983 Thread 0x00000285d5e29410 nmethod 4661 0x00000285c2e97d90 code [0x00000285c2e97f40, 0x00000285c2e98078]
Event: 35.997 Thread 0x00000285d5e29410 4662       1       sun.net.www.protocol.jar.JarURLConnection::access$000 (5 bytes)
Event: 35.997 Thread 0x00000285d5e29410 nmethod 4662 0x00000285ca2e6190 code [0x00000285ca2e6320, 0x00000285ca2e63d0]
Event: 36.014 Thread 0x00000285d5e25980 nmethod 4527 0x00000285ca2e6490 code [0x00000285ca2e6720, 0x00000285ca2e7500]
Event: 36.014 Thread 0x00000285d5e25980 4530       4       org.eclipse.jdt.internal.core.JrtPackageFragmentRoot$1::visitFile (14 bytes)
Event: 36.016 Thread 0x00000285d5e25980 nmethod 4530 0x00000285ca2e8010 code [0x00000285ca2e81c0, 0x00000285ca2e8338]
Event: 36.017 Thread 0x00000285d5e25980 4531       4       org.eclipse.jdt.internal.core.JrtPackageFragmentRoot$1::visitFile (26 bytes)
Event: 36.018 Thread 0x00000285d5e25980 nmethod 4531 0x00000285ca2e8490 code [0x00000285ca2e8620, 0x00000285ca2e8740]
Event: 36.018 Thread 0x00000285d5e25980 4445       4       java.util.ArrayList::<init> (65 bytes)
Event: 36.024 Thread 0x00000285d5e25980 nmethod 4445 0x00000285ca2e8890 code [0x00000285ca2e8a40, 0x00000285ca2e8dc8]
Event: 36.024 Thread 0x00000285d5e25980 4475       4       java.util.Arrays$ArrayList::toArray (15 bytes)

GC Heap History (20 events):
Event: 21.888 GC heap before
{Heap before GC invocations=8 (full 1):
 PSYoungGen      total 30208K, used 25088K [0x00000000d5580000, 0x00000000d7980000, 0x0000000100000000)
  eden space 25088K, 100% used [0x00000000d5580000,0x00000000d6e00000,0x00000000d6e00000)
  from space 5120K, 0% used [0x00000000d7480000,0x00000000d7480000,0x00000000d7980000)
  to   space 5120K, 0% used [0x00000000d6f80000,0x00000000d6f80000,0x00000000d7480000)
 ParOldGen       total 68608K, used 12213K [0x0000000080000000, 0x0000000084300000, 0x00000000d5580000)
  object space 68608K, 17% used [0x0000000080000000,0x0000000080bed538,0x0000000084300000)
 Metaspace       used 23072K, committed 23872K, reserved 1114112K
  class space    used 2241K, committed 2560K, reserved 1048576K
}
Event: 21.901 GC heap after
{Heap after GC invocations=8 (full 1):
 PSYoungGen      total 27136K, used 2387K [0x00000000d5580000, 0x00000000d7500000, 0x0000000100000000)
  eden space 24576K, 0% used [0x00000000d5580000,0x00000000d5580000,0x00000000d6d80000)
  from space 2560K, 93% used [0x00000000d6f80000,0x00000000d71d4cf0,0x00000000d7200000)
  to   space 3072K, 0% used [0x00000000d7200000,0x00000000d7200000,0x00000000d7500000)
 ParOldGen       total 68608K, used 12221K [0x0000000080000000, 0x0000000084300000, 0x00000000d5580000)
  object space 68608K, 17% used [0x0000000080000000,0x0000000080bef538,0x0000000084300000)
 Metaspace       used 23072K, committed 23872K, reserved 1114112K
  class space    used 2241K, committed 2560K, reserved 1048576K
}
Event: 30.454 GC heap before
{Heap before GC invocations=9 (full 1):
 PSYoungGen      total 27136K, used 26963K [0x00000000d5580000, 0x00000000d7500000, 0x0000000100000000)
  eden space 24576K, 100% used [0x00000000d5580000,0x00000000d6d80000,0x00000000d6d80000)
  from space 2560K, 93% used [0x00000000d6f80000,0x00000000d71d4cf0,0x00000000d7200000)
  to   space 3072K, 0% used [0x00000000d7200000,0x00000000d7200000,0x00000000d7500000)
 ParOldGen       total 68608K, used 12221K [0x0000000080000000, 0x0000000084300000, 0x00000000d5580000)
  object space 68608K, 17% used [0x0000000080000000,0x0000000080bef538,0x0000000084300000)
 Metaspace       used 26349K, committed 27200K, reserved 1114112K
  class space    used 2584K, committed 2944K, reserved 1048576K
}
Event: 30.466 GC heap after
{Heap after GC invocations=9 (full 1):
 PSYoungGen      total 27136K, used 2808K [0x00000000d5580000, 0x00000000d7500000, 0x0000000100000000)
  eden space 24064K, 0% used [0x00000000d5580000,0x00000000d5580000,0x00000000d6d00000)
  from space 3072K, 91% used [0x00000000d7200000,0x00000000d74be2c0,0x00000000d7500000)
  to   space 3072K, 0% used [0x00000000d6f00000,0x00000000d6f00000,0x00000000d7200000)
 ParOldGen       total 68608K, used 13791K [0x0000000080000000, 0x0000000084300000, 0x00000000d5580000)
  object space 68608K, 20% used [0x0000000080000000,0x0000000080d77f58,0x0000000084300000)
 Metaspace       used 26349K, committed 27200K, reserved 1114112K
  class space    used 2584K, committed 2944K, reserved 1048576K
}
Event: 31.174 GC heap before
{Heap before GC invocations=10 (full 1):
 PSYoungGen      total 27136K, used 26872K [0x00000000d5580000, 0x00000000d7500000, 0x0000000100000000)
  eden space 24064K, 100% used [0x00000000d5580000,0x00000000d6d00000,0x00000000d6d00000)
  from space 3072K, 91% used [0x00000000d7200000,0x00000000d74be2c0,0x00000000d7500000)
  to   space 3072K, 0% used [0x00000000d6f00000,0x00000000d6f00000,0x00000000d7200000)
 ParOldGen       total 68608K, used 13791K [0x0000000080000000, 0x0000000084300000, 0x00000000d5580000)
  object space 68608K, 20% used [0x0000000080000000,0x0000000080d77f58,0x0000000084300000)
 Metaspace       used 28519K, committed 29376K, reserved 1114112K
  class space    used 2849K, committed 3200K, reserved 1048576K
}
Event: 31.182 GC heap after
{Heap after GC invocations=10 (full 1):
 PSYoungGen      total 26624K, used 3049K [0x00000000d5580000, 0x00000000d7380000, 0x0000000100000000)
  eden space 23552K, 0% used [0x00000000d5580000,0x00000000d5580000,0x00000000d6c80000)
  from space 3072K, 99% used [0x00000000d6f00000,0x00000000d71fa710,0x00000000d7200000)
  to   space 1536K, 0% used [0x00000000d7200000,0x00000000d7200000,0x00000000d7380000)
 ParOldGen       total 68608K, used 14127K [0x0000000080000000, 0x0000000084300000, 0x00000000d5580000)
  object space 68608K, 20% used [0x0000000080000000,0x0000000080dcbf98,0x0000000084300000)
 Metaspace       used 28519K, committed 29376K, reserved 1114112K
  class space    used 2849K, committed 3200K, reserved 1048576K
}
Event: 33.235 GC heap before
{Heap before GC invocations=11 (full 1):
 PSYoungGen      total 26624K, used 26601K [0x00000000d5580000, 0x00000000d7380000, 0x0000000100000000)
  eden space 23552K, 100% used [0x00000000d5580000,0x00000000d6c80000,0x00000000d6c80000)
  from space 3072K, 99% used [0x00000000d6f00000,0x00000000d71fa710,0x00000000d7200000)
  to   space 1536K, 0% used [0x00000000d7200000,0x00000000d7200000,0x00000000d7380000)
 ParOldGen       total 68608K, used 14127K [0x0000000080000000, 0x0000000084300000, 0x00000000d5580000)
  object space 68608K, 20% used [0x0000000080000000,0x0000000080dcbf98,0x0000000084300000)
 Metaspace       used 30629K, committed 31488K, reserved 1114112K
  class space    used 3078K, committed 3392K, reserved 1048576K
}
Event: 33.242 GC heap after
{Heap after GC invocations=11 (full 1):
 PSYoungGen      total 24576K, used 1510K [0x00000000d5580000, 0x00000000d7500000, 0x0000000100000000)
  eden space 23040K, 0% used [0x00000000d5580000,0x00000000d5580000,0x00000000d6c00000)
  from space 1536K, 98% used [0x00000000d7200000,0x00000000d7379a30,0x00000000d7380000)
  to   space 4608K, 0% used [0x00000000d6c00000,0x00000000d6c00000,0x00000000d7080000)
 ParOldGen       total 68608K, used 16673K [0x0000000080000000, 0x0000000084300000, 0x00000000d5580000)
  object space 68608K, 24% used [0x0000000080000000,0x0000000081048648,0x0000000084300000)
 Metaspace       used 30629K, committed 31488K, reserved 1114112K
  class space    used 3078K, committed 3392K, reserved 1048576K
}
Event: 34.258 GC heap before
{Heap before GC invocations=12 (full 1):
 PSYoungGen      total 24576K, used 24550K [0x00000000d5580000, 0x00000000d7500000, 0x0000000100000000)
  eden space 23040K, 100% used [0x00000000d5580000,0x00000000d6c00000,0x00000000d6c00000)
  from space 1536K, 98% used [0x00000000d7200000,0x00000000d7379a30,0x00000000d7380000)
  to   space 4608K, 0% used [0x00000000d6c00000,0x00000000d6c00000,0x00000000d7080000)
 ParOldGen       total 68608K, used 16673K [0x0000000080000000, 0x0000000084300000, 0x00000000d5580000)
  object space 68608K, 24% used [0x0000000080000000,0x0000000081048648,0x0000000084300000)
 Metaspace       used 31829K, committed 32704K, reserved 1114112K
  class space    used 3191K, committed 3584K, reserved 1048576K
}
Event: 34.265 GC heap after
{Heap after GC invocations=12 (full 1):
 PSYoungGen      total 25088K, used 2464K [0x00000000d5580000, 0x00000000d7280000, 0x0000000100000000)
  eden space 22528K, 0% used [0x00000000d5580000,0x00000000d5580000,0x00000000d6b80000)
  from space 2560K, 96% used [0x00000000d6c00000,0x00000000d6e68030,0x00000000d6e80000)
  to   space 3072K, 0% used [0x00000000d6f80000,0x00000000d6f80000,0x00000000d7280000)
 ParOldGen       total 68608K, used 18188K [0x0000000080000000, 0x0000000084300000, 0x00000000d5580000)
  object space 68608K, 26% used [0x0000000080000000,0x00000000811c30c0,0x0000000084300000)
 Metaspace       used 31829K, committed 32704K, reserved 1114112K
  class space    used 3191K, committed 3584K, reserved 1048576K
}
Event: 34.613 GC heap before
{Heap before GC invocations=13 (full 1):
 PSYoungGen      total 25088K, used 24992K [0x00000000d5580000, 0x00000000d7280000, 0x0000000100000000)
  eden space 22528K, 100% used [0x00000000d5580000,0x00000000d6b80000,0x00000000d6b80000)
  from space 2560K, 96% used [0x00000000d6c00000,0x00000000d6e68030,0x00000000d6e80000)
  to   space 3072K, 0% used [0x00000000d6f80000,0x00000000d6f80000,0x00000000d7280000)
 ParOldGen       total 68608K, used 18188K [0x0000000080000000, 0x0000000084300000, 0x00000000d5580000)
  object space 68608K, 26% used [0x0000000080000000,0x00000000811c30c0,0x0000000084300000)
 Metaspace       used 32211K, committed 33088K, reserved 1114112K
  class space    used 3247K, committed 3648K, reserved 1048576K
}
Event: 34.621 GC heap after
{Heap after GC invocations=13 (full 1):
 PSYoungGen      total 25088K, used 2609K [0x00000000d5580000, 0x00000000d7280000, 0x0000000100000000)
  eden space 22016K, 0% used [0x00000000d5580000,0x00000000d5580000,0x00000000d6b00000)
  from space 3072K, 84% used [0x00000000d6f80000,0x00000000d720c410,0x00000000d7280000)
  to   space 3072K, 0% used [0x00000000d6c80000,0x00000000d6c80000,0x00000000d6f80000)
 ParOldGen       total 68608K, used 20465K [0x0000000080000000, 0x0000000084300000, 0x00000000d5580000)
  object space 68608K, 29% used [0x0000000080000000,0x00000000813fc458,0x0000000084300000)
 Metaspace       used 32211K, committed 33088K, reserved 1114112K
  class space    used 3247K, committed 3648K, reserved 1048576K
}
Event: 34.817 GC heap before
{Heap before GC invocations=14 (full 1):
 PSYoungGen      total 25088K, used 24625K [0x00000000d5580000, 0x00000000d7280000, 0x0000000100000000)
  eden space 22016K, 100% used [0x00000000d5580000,0x00000000d6b00000,0x00000000d6b00000)
  from space 3072K, 84% used [0x00000000d6f80000,0x00000000d720c410,0x00000000d7280000)
  to   space 3072K, 0% used [0x00000000d6c80000,0x00000000d6c80000,0x00000000d6f80000)
 ParOldGen       total 68608K, used 20465K [0x0000000080000000, 0x0000000084300000, 0x00000000d5580000)
  object space 68608K, 29% used [0x0000000080000000,0x00000000813fc458,0x0000000084300000)
 Metaspace       used 32219K, committed 33152K, reserved 1114112K
  class space    used 3247K, committed 3648K, reserved 1048576K
}
Event: 34.824 GC heap after
{Heap after GC invocations=14 (full 1):
 PSYoungGen      total 25088K, used 2626K [0x00000000d5580000, 0x00000000d7100000, 0x0000000100000000)
  eden space 22016K, 0% used [0x00000000d5580000,0x00000000d5580000,0x00000000d6b00000)
  from space 3072K, 85% used [0x00000000d6c80000,0x00000000d6f10810,0x00000000d6f80000)
  to   space 1536K, 0% used [0x00000000d6f80000,0x00000000d6f80000,0x00000000d7100000)
 ParOldGen       total 68608K, used 22860K [0x0000000080000000, 0x0000000084300000, 0x00000000d5580000)
  object space 68608K, 33% used [0x0000000080000000,0x0000000081653138,0x0000000084300000)
 Metaspace       used 32219K, committed 33152K, reserved 1114112K
  class space    used 3247K, committed 3648K, reserved 1048576K
}
Event: 35.000 GC heap before
{Heap before GC invocations=15 (full 1):
 PSYoungGen      total 25088K, used 24642K [0x00000000d5580000, 0x00000000d7100000, 0x0000000100000000)
  eden space 22016K, 100% used [0x00000000d5580000,0x00000000d6b00000,0x00000000d6b00000)
  from space 3072K, 85% used [0x00000000d6c80000,0x00000000d6f10810,0x00000000d6f80000)
  to   space 1536K, 0% used [0x00000000d6f80000,0x00000000d6f80000,0x00000000d7100000)
 ParOldGen       total 68608K, used 22860K [0x0000000080000000, 0x0000000084300000, 0x00000000d5580000)
  object space 68608K, 33% used [0x0000000080000000,0x0000000081653138,0x0000000084300000)
 Metaspace       used 32225K, committed 33152K, reserved 1114112K
  class space    used 3247K, committed 3648K, reserved 1048576K
}
Event: 35.008 GC heap after
{Heap after GC invocations=15 (full 1):
 PSYoungGen      total 23040K, used 1536K [0x00000000d5580000, 0x00000000d7500000, 0x0000000100000000)
  eden space 21504K, 0% used [0x00000000d5580000,0x00000000d5580000,0x00000000d6a80000)
  from space 1536K, 100% used [0x00000000d6f80000,0x00000000d7100000,0x00000000d7100000)
  to   space 5120K, 0% used [0x00000000d6a80000,0x00000000d6a80000,0x00000000d6f80000)
 ParOldGen       total 68608K, used 26044K [0x0000000080000000, 0x0000000084300000, 0x00000000d5580000)
  object space 68608K, 37% used [0x0000000080000000,0x000000008196f248,0x0000000084300000)
 Metaspace       used 32225K, committed 33152K, reserved 1114112K
  class space    used 3247K, committed 3648K, reserved 1048576K
}
Event: 35.180 GC heap before
{Heap before GC invocations=16 (full 1):
 PSYoungGen      total 23040K, used 23040K [0x00000000d5580000, 0x00000000d7500000, 0x0000000100000000)
  eden space 21504K, 100% used [0x00000000d5580000,0x00000000d6a80000,0x00000000d6a80000)
  from space 1536K, 100% used [0x00000000d6f80000,0x00000000d7100000,0x00000000d7100000)
  to   space 5120K, 0% used [0x00000000d6a80000,0x00000000d6a80000,0x00000000d6f80000)
 ParOldGen       total 68608K, used 26044K [0x0000000080000000, 0x0000000084300000, 0x00000000d5580000)
  object space 68608K, 37% used [0x0000000080000000,0x000000008196f248,0x0000000084300000)
 Metaspace       used 32264K, committed 33216K, reserved 1114112K
  class space    used 3247K, committed 3648K, reserved 1048576K
}
Event: 35.190 GC heap after
{Heap after GC invocations=16 (full 1):
 PSYoungGen      total 24064K, used 2368K [0x00000000d5580000, 0x00000000d7180000, 0x0000000100000000)
  eden space 21504K, 0% used [0x00000000d5580000,0x00000000d5580000,0x00000000d6a80000)
  from space 2560K, 92% used [0x00000000d6a80000,0x00000000d6cd0010,0x00000000d6d00000)
  to   space 3584K, 0% used [0x00000000d6e00000,0x00000000d6e00000,0x00000000d7180000)
 ParOldGen       total 68608K, used 27625K [0x0000000080000000, 0x0000000084300000, 0x00000000d5580000)
  object space 68608K, 40% used [0x0000000080000000,0x0000000081afa770,0x0000000084300000)
 Metaspace       used 32264K, committed 33216K, reserved 1114112K
  class space    used 3247K, committed 3648K, reserved 1048576K
}
Event: 35.599 GC heap before
{Heap before GC invocations=17 (full 1):
 PSYoungGen      total 24064K, used 23872K [0x00000000d5580000, 0x00000000d7180000, 0x0000000100000000)
  eden space 21504K, 100% used [0x00000000d5580000,0x00000000d6a80000,0x00000000d6a80000)
  from space 2560K, 92% used [0x00000000d6a80000,0x00000000d6cd0010,0x00000000d6d00000)
  to   space 3584K, 0% used [0x00000000d6e00000,0x00000000d6e00000,0x00000000d7180000)
 ParOldGen       total 68608K, used 27625K [0x0000000080000000, 0x0000000084300000, 0x00000000d5580000)
  object space 68608K, 40% used [0x0000000080000000,0x0000000081afa770,0x0000000084300000)
 Metaspace       used 33438K, committed 34368K, reserved 1114112K
  class space    used 3399K, committed 3776K, reserved 1048576K
}
Event: 35.605 GC heap after
{Heap after GC invocations=17 (full 1):
 PSYoungGen      total 23552K, used 1693K [0x00000000d5580000, 0x00000000d7000000, 0x0000000100000000)
  eden space 21504K, 0% used [0x00000000d5580000,0x00000000d5580000,0x00000000d6a80000)
  from space 2048K, 82% used [0x00000000d6e00000,0x00000000d6fa7458,0x00000000d7000000)
  to   space 2560K, 0% used [0x00000000d6b00000,0x00000000d6b00000,0x00000000d6d80000)
 ParOldGen       total 68608K, used 29905K [0x0000000080000000, 0x0000000084300000, 0x00000000d5580000)
  object space 68608K, 43% used [0x0000000080000000,0x0000000081d34780,0x0000000084300000)
 Metaspace       used 33438K, committed 34368K, reserved 1114112K
  class space    used 3399K, committed 3776K, reserved 1048576K
}

Dll operation events (10 events):
Event: 0.018 Loaded shared library c:\Users\Administrator\.antigravity\extensions\redhat.java-1.51.0-win32-x64\jre\21.0.9-win32-x86_64\bin\java.dll
Event: 0.178 Loaded shared library c:\Users\Administrator\.antigravity\extensions\redhat.java-1.51.0-win32-x64\jre\21.0.9-win32-x86_64\bin\zip.dll
Event: 0.223 Loaded shared library C:\Users\Administrator\.antigravity\extensions\redhat.java-1.51.0-win32-x64\jre\21.0.9-win32-x86_64\bin\instrument.dll
Event: 0.246 Loaded shared library C:\Users\Administrator\.antigravity\extensions\redhat.java-1.51.0-win32-x64\jre\21.0.9-win32-x86_64\bin\net.dll
Event: 0.269 Loaded shared library C:\Users\Administrator\.antigravity\extensions\redhat.java-1.51.0-win32-x64\jre\21.0.9-win32-x86_64\bin\nio.dll
Event: 0.287 Loaded shared library C:\Users\Administrator\.antigravity\extensions\redhat.java-1.51.0-win32-x64\jre\21.0.9-win32-x86_64\bin\zip.dll
Event: 0.390 Loaded shared library C:\Users\Administrator\.antigravity\extensions\redhat.java-1.51.0-win32-x64\jre\21.0.9-win32-x86_64\bin\jimage.dll
Event: 0.556 Loaded shared library c:\Users\Administrator\.antigravity\extensions\redhat.java-1.51.0-win32-x64\jre\21.0.9-win32-x86_64\bin\verify.dll
Event: 4.636 Loaded shared library C:\Users\Administrator\AppData\Roaming\Antigravity\User\globalStorage\redhat.java\1.51.0\config_ss_win\org.eclipse.equinox.launcher\org.eclipse.equinox.launcher.win32.win32.x86_64_1.2.1400.v20250801-0854\eclipse_11916.dll
Event: 8.840 Loaded shared library C:\Users\Administrator\AppData\Local\Temp\jna-146731693\jna5212047479702359104.dll

Deoptimization events (20 events):
Event: 35.400 Thread 0x000002861e44f750 DEOPT PACKING pc=0x00000285ca1dd4d4 sp=0x000000c0482fd590
Event: 35.400 Thread 0x000002861e44f750 DEOPT UNPACKING pc=0x00000285c9b33aa2 sp=0x000000c0482fd528 mode 2
Event: 35.400 Thread 0x000002861e44f750 Uncommon trap: trap_request=0xffffff45 fr.pc=0x00000285ca1d6fec relative=0x00000000000011ec
Event: 35.400 Thread 0x000002861e44f750 Uncommon trap: reason=unstable_if action=reinterpret pc=0x00000285ca1d6fec method=java.util.Properties$LineReader.readLine()I @ 325 c2
Event: 35.400 Thread 0x000002861e44f750 DEOPT PACKING pc=0x00000285ca1d6fec sp=0x000000c0482fd590
Event: 35.400 Thread 0x000002861e44f750 DEOPT UNPACKING pc=0x00000285c9b33aa2 sp=0x000000c0482fd528 mode 2
Event: 35.405 Thread 0x000002861e44f750 DEOPT PACKING pc=0x00000285c2e5b7a6 sp=0x000000c0482fd530
Event: 35.405 Thread 0x000002861e44f750 DEOPT UNPACKING pc=0x00000285c9b34242 sp=0x000000c0482fca28 mode 0
Event: 35.405 Thread 0x000002861e44f750 DEOPT PACKING pc=0x00000285c2e5b7a6 sp=0x000000c0482fd530
Event: 35.405 Thread 0x000002861e44f750 DEOPT UNPACKING pc=0x00000285c9b34242 sp=0x000000c0482fca28 mode 0
Event: 35.406 Thread 0x000002861e44f750 DEOPT PACKING pc=0x00000285c2e5b7a6 sp=0x000000c0482fd530
Event: 35.406 Thread 0x000002861e44f750 DEOPT UNPACKING pc=0x00000285c9b34242 sp=0x000000c0482fca28 mode 0
Event: 35.407 Thread 0x000002861e44f750 DEOPT PACKING pc=0x00000285c2e5b7a6 sp=0x000000c0482fd530
Event: 35.407 Thread 0x000002861e44f750 DEOPT UNPACKING pc=0x00000285c9b34242 sp=0x000000c0482fca28 mode 0
Event: 35.407 Thread 0x000002861e44f750 DEOPT PACKING pc=0x00000285c2e5b7a6 sp=0x000000c0482fd530
Event: 35.408 Thread 0x000002861e44f750 DEOPT UNPACKING pc=0x00000285c9b34242 sp=0x000000c0482fca28 mode 0
Event: 35.676 Thread 0x000002861e44f750 DEOPT PACKING pc=0x00000285c2e5b7a6 sp=0x000000c0482fd330
Event: 35.676 Thread 0x000002861e44f750 DEOPT UNPACKING pc=0x00000285c9b34242 sp=0x000000c0482fc828 mode 0
Event: 35.677 Thread 0x000002861e44f750 DEOPT PACKING pc=0x00000285c2e5b7a6 sp=0x000000c0482fd330
Event: 35.677 Thread 0x000002861e44f750 DEOPT UNPACKING pc=0x00000285c9b34242 sp=0x000000c0482fc828 mode 0

Classes loaded (20 events):
Event: 34.018 Loading class java/lang/invoke/MethodHandleImpl$Makers
Event: 34.023 Loading class java/lang/invoke/MethodHandleImpl$Makers done
Event: 34.024 Loading class java/lang/invoke/MethodHandleImpl$Makers$1
Event: 34.024 Loading class java/lang/invoke/MethodHandleImpl$Makers$1 done
Event: 34.024 Loading class java/lang/invoke/MethodHandleImpl$Makers$2
Event: 34.024 Loading class java/lang/invoke/MethodHandleImpl$Makers$2 done
Event: 34.024 Loading class java/lang/invoke/MethodHandleImpl$Makers$3
Event: 34.025 Loading class java/lang/invoke/MethodHandleImpl$Makers$3 done
Event: 34.063 Loading class java/lang/runtime/ObjectMethods$1
Event: 34.063 Loading class java/lang/runtime/ObjectMethods$1 done
Event: 34.421 Loading class java/util/AbstractList$ListItr
Event: 34.422 Loading class java/util/AbstractList$ListItr done
Event: 34.444 Loading class java/nio/channels/Channels$ReadableByteChannelImpl
Event: 34.446 Loading class java/nio/channels/Channels$ReadableByteChannelImpl done
Event: 34.447 Loading class java/nio/channels/NonWritableChannelException
Event: 34.448 Loading class java/nio/channels/NonWritableChannelException done
Event: 35.423 Loading class java/lang/ExceptionInInitializerError
Event: 35.424 Loading class java/lang/ExceptionInInitializerError done
Event: 35.767 Loading class sun/misc/Unsafe
Event: 35.768 Loading class sun/misc/Unsafe done

Classes unloaded (7 events):
Event: 13.518 Thread 0x00000285d5e02650 Unloading class 0x00000285d7191400 'java/lang/invoke/LambdaForm$MH+0x00000285d7191400'
Event: 13.518 Thread 0x00000285d5e02650 Unloading class 0x00000285d7191000 'java/lang/invoke/LambdaForm$MH+0x00000285d7191000'
Event: 13.518 Thread 0x00000285d5e02650 Unloading class 0x00000285d7190c00 'java/lang/invoke/LambdaForm$MH+0x00000285d7190c00'
Event: 13.518 Thread 0x00000285d5e02650 Unloading class 0x00000285d7190800 'java/lang/invoke/LambdaForm$MH+0x00000285d7190800'
Event: 13.518 Thread 0x00000285d5e02650 Unloading class 0x00000285d7190400 'java/lang/invoke/LambdaForm$BMH+0x00000285d7190400'
Event: 13.518 Thread 0x00000285d5e02650 Unloading class 0x00000285d7190000 'java/lang/invoke/LambdaForm$DMH+0x00000285d7190000'
Event: 13.518 Thread 0x00000285d5e02650 Unloading class 0x00000285d718ec00 'java/lang/invoke/LambdaForm$DMH+0x00000285d718ec00'

Classes redefined (0 events):
No events

Internal exceptions (20 events):
Event: 31.372 Thread 0x000002861dc6ec60 Exception <a 'java/lang/NoSuchMethodError'{0x00000000d59e72f0}: 'java.lang.Object java.lang.invoke.DirectMethodHandle$Holder.invokeSpecial(java.lang.Object, java.lang.Object, java.lang.Object, java.lang.Object, int)'> (0x00000000d59e72f0) 
thrown [s\src\hotspot\share\interpreter\linkResolver.cpp, line 773]
Event: 31.373 Thread 0x000002861dc6ec60 Exception <a 'java/lang/NoSuchMethodError'{0x00000000d59ea798}: 'java.lang.Object java.lang.invoke.Invokers$Holder.linkToTargetMethod(java.lang.Object, java.lang.Object, int, java.lang.Object)'> (0x00000000d59ea798) 
thrown [s\src\hotspot\share\interpreter\linkResolver.cpp, line 773]
Event: 31.375 Thread 0x000002861dc6ec60 Exception <a 'java/lang/NoSuchMethodError'{0x00000000d59f5e58}: 'void java.lang.invoke.DirectMethodHandle$Holder.invokeStaticInit(java.lang.Object, java.lang.Object, java.lang.Object)'> (0x00000000d59f5e58) 
thrown [s\src\hotspot\share\interpreter\linkResolver.cpp, line 773]
Event: 31.965 Thread 0x000002861e44f750 Exception <a 'java/lang/NoSuchMethodError'{0x00000000d61172a8}: 'java.lang.Object java.lang.invoke.DirectMethodHandle$Holder.invokeInterface(java.lang.Object, java.lang.Object, java.lang.Object)'> (0x00000000d61172a8) 
thrown [s\src\hotspot\share\interpreter\linkResolver.cpp, line 773]
Event: 32.099 Thread 0x000002861e44f750 Exception <a 'java/io/FileNotFoundException'{0x00000000d61b2d10}> (0x00000000d61b2d10) 
thrown [s\src\hotspot\share\prims\jni.cpp, line 520]
Event: 32.324 Thread 0x000002861e44f750 Exception <a 'sun/nio/fs/WindowsException'{0x00000000d6797040}> (0x00000000d6797040) 
thrown [s\src\hotspot\share\prims\jni.cpp, line 520]
Event: 32.589 Thread 0x000002861e44f750 Exception <a 'java/lang/IncompatibleClassChangeError'{0x00000000d6a3a860}: Found class java.lang.Object, but interface was expected> (0x00000000d6a3a860) 
thrown [s\src\hotspot\share\interpreter\linkResolver.cpp, line 840]
Event: 33.608 Thread 0x000002861e44f750 Implicit null exception at 0x00000285ca26ffb1 to 0x00000285ca270298
Event: 33.608 Thread 0x000002861e44f750 Exception <a 'java/lang/NoSuchMethodError'{0x00000000d58a6d08}: 'long java.lang.invoke.DirectMethodHandle$Holder.invokeStatic(java.lang.Object, java.lang.Object, int)'> (0x00000000d58a6d08) 
thrown [s\src\hotspot\share\interpreter\linkResolver.cpp, line 773]
Event: 33.610 Thread 0x000002861e44f750 Exception <a 'java/lang/NoSuchMethodError'{0x00000000d58b15e0}: 'java.lang.Object java.lang.invoke.DelegatingMethodHandle$Holder.reinvoke_L(java.lang.Object, int, long, java.lang.Object, java.lang.Object, int, java.lang.Object)'> (0x00000000d58b15e0) 
thrown [s\src\hotspot\share\interpreter\linkResolver.cpp, line 773]
Event: 34.000 Thread 0x000002861e44f750 Exception <a 'java/lang/NoSuchMethodError'{0x00000000d5e43670}: 'java.lang.Object java.lang.invoke.DirectMethodHandle$Holder.invokeStaticInit(java.lang.Object, java.lang.Object, java.lang.Object, java.lang.Object, java.lang.Object, java.lang.Object, java.lang.Object)'> (0x00000000d5e43670) 
thrown [s\src\hotspot\share\interpreter\linkResolver.cpp, line 773]
Event: 34.016 Thread 0x000002861e44f750 Exception <a 'java/lang/NoSuchMethodError'{0x00000000d5e48628}: 'java.lang.Object java.lang.invoke.Invokers$Holder.invoke_MT(java.lang.Object, java.lang.Object, java.lang.Object, java.lang.Object, java.lang.Object, java.lang.Object, java.lang.Object, java.lang.Object, java.lang.Object, java.lang.Object)'> (0x00000000d5e48628) 
thrown [s\src\hotspot\share\interpreter\linkResolver.cpp, line 773]
Event: 34.064 Thread 0x000002861e44f750 Exception <a 'java/lang/NoSuchMethodError'{0x00000000d5e88538}: 'int java.lang.invoke.DirectMethodHandle$Holder.invokeVirtual(java.lang.Object, java.lang.Object, java.lang.Object)'> (0x00000000d5e88538) 
thrown [s\src\hotspot\share\interpreter\linkResolver.cpp, line 773]
Event: 34.065 Thread 0x000002861e44f750 Exception <a 'java/lang/NoSuchMethodError'{0x00000000d5e8c910}: 'int java.lang.invoke.DirectMethodHandle$Holder.invokeStaticInit(java.lang.Object, int, int)'> (0x00000000d5e8c910) 
thrown [s\src\hotspot\share\interpreter\linkResolver.cpp, line 773]
Event: 34.066 Thread 0x000002861e44f750 Exception <a 'java/lang/NoSuchMethodError'{0x00000000d5e940b8}: 'int java.lang.invoke.DirectMethodHandle$Holder.invokeStaticInit(java.lang.Object, long, long)'> (0x00000000d5e940b8) 
thrown [s\src\hotspot\share\interpreter\linkResolver.cpp, line 773]
Event: 34.067 Thread 0x000002861e44f750 Exception <a 'java/lang/NoSuchMethodError'{0x00000000d5e9b050}: 'int java.lang.invoke.DirectMethodHandle$Holder.invokeStaticInit(java.lang.Object, float, float)'> (0x00000000d5e9b050) 
thrown [s\src\hotspot\share\interpreter\linkResolver.cpp, line 773]
Event: 34.069 Thread 0x000002861e44f750 Exception <a 'java/lang/NoSuchMethodError'{0x00000000d5ea1d90}: 'int java.lang.invoke.DirectMethodHandle$Holder.invokeStaticInit(java.lang.Object, double, double)'> (0x00000000d5ea1d90) 
thrown [s\src\hotspot\share\interpreter\linkResolver.cpp, line 773]
Event: 34.070 Thread 0x000002861e44f750 Exception <a 'java/lang/NoSuchMethodError'{0x00000000d5ea65a8}: 'int java.lang.invoke.DirectMethodHandle$Holder.invokeStatic(java.lang.Object, long)'> (0x00000000d5ea65a8) 
thrown [s\src\hotspot\share\interpreter\linkResolver.cpp, line 773]
Event: 34.076 Thread 0x000002861e44f750 Exception <a 'java/lang/NoSuchMethodError'{0x00000000d5ec5448}: 'int java.lang.invoke.Invokers$Holder.linkToTargetMethod(java.lang.Object, java.lang.Object)'> (0x00000000d5ec5448) 
thrown [s\src\hotspot\share\interpreter\linkResolver.cpp, line 773]
Event: 35.783 Thread 0x000002861e44f750 Exception <a 'java/lang/NoSuchMethodError'{0x00000000d571b5c0}: 'java.lang.Object java.lang.invoke.DirectMethodHandle$Holder.invokeVirtual(java.lang.Object, java.lang.Object, int)'> (0x00000000d571b5c0) 
thrown [s\src\hotspot\share\interpreter\linkResolver.cpp, line 773]

ZGC Phase Switch (0 events):
No events

VM Operations (20 events):
Event: 33.534 Executing VM operation: HandshakeAllThreads (Deoptimize)
Event: 33.534 Executing VM operation: HandshakeAllThreads (Deoptimize) done
Event: 33.691 Executing VM operation: HandshakeAllThreads (Deoptimize)
Event: 33.692 Executing VM operation: HandshakeAllThreads (Deoptimize) done
Event: 33.693 Executing VM operation: HandshakeAllThreads (Deoptimize)
Event: 33.693 Executing VM operation: HandshakeAllThreads (Deoptimize) done
Event: 34.257 Executing VM operation: ParallelGCFailedAllocation (Allocation Failure)
Event: 34.265 Executing VM operation: ParallelGCFailedAllocation (Allocation Failure) done
Event: 34.613 Executing VM operation: ParallelGCFailedAllocation (Allocation Failure)
Event: 34.621 Executing VM operation: ParallelGCFailedAllocation (Allocation Failure) done
Event: 34.817 Executing VM operation: ParallelGCFailedAllocation (Allocation Failure)
Event: 34.824 Executing VM operation: ParallelGCFailedAllocation (Allocation Failure) done
Event: 35.000 Executing VM operation: ParallelGCFailedAllocation (Allocation Failure)
Event: 35.008 Executing VM operation: ParallelGCFailedAllocation (Allocation Failure) done
Event: 35.180 Executing VM operation: ParallelGCFailedAllocation (Allocation Failure)
Event: 35.190 Executing VM operation: ParallelGCFailedAllocation (Allocation Failure) done
Event: 35.599 Executing VM operation: ParallelGCFailedAllocation (Allocation Failure)
Event: 35.605 Executing VM operation: ParallelGCFailedAllocation (Allocation Failure) done
Event: 35.814 Executing VM operation: HandshakeAllThreads (Deoptimize)
Event: 35.814 Executing VM operation: HandshakeAllThreads (Deoptimize) done

Memory protections (0 events):
No events

Nmethod flushes (0 events):
No events

Events (20 events):
Event: 4.486 Thread 0x000002861d6421d0 Thread added: 0x000002861d115df0
Event: 6.097 Thread 0x000002861d6421d0 Thread added: 0x000002861d487170
Event: 8.915 Thread 0x000002861d6421d0 Thread added: 0x000002861dbf8a80
Event: 9.095 Thread 0x000002861d6421d0 Thread added: 0x000002861dd9c670
Event: 9.229 Thread 0x000002861d6421d0 Thread added: 0x000002861dc6ec60
Event: 16.788 Thread 0x000002861d6421d0 Thread added: 0x000002861db48fc0
Event: 24.974 Thread 0x000002861db48fc0 Thread exited: 0x000002861db48fc0
Event: 30.159 Thread 0x00000285bd1d6180 Thread added: 0x000002861e410180
Event: 30.160 Thread 0x00000285bd1d6180 Thread added: 0x000002861e411530
Event: 30.160 Thread 0x00000285bd1d6180 Thread added: 0x000002861e4128e0
Event: 30.160 Thread 0x00000285bd1d6180 Thread added: 0x000002861e40f460
Event: 30.160 Thread 0x00000285bd1d6180 Thread added: 0x000002861e40faf0
Event: 30.160 Thread 0x00000285bd1d6180 Thread added: 0x000002861e410810
Event: 30.160 Thread 0x00000285bd1d6180 Thread added: 0x000002861e410ea0
Event: 30.160 Thread 0x00000285bd1d6180 Thread added: 0x000002861e411bc0
Event: 30.160 Thread 0x00000285bd1d6180 Thread added: 0x000002861e412250
Event: 30.274 Thread 0x00000285bd1d6180 Thread added: 0x000002861e453f80
Event: 31.051 Thread 0x00000285bd1d6180 Thread added: 0x000002861e452540
Event: 31.051 Thread 0x00000285bd1d6180 Thread added: 0x000002861e44f750
Event: 31.115 Thread 0x000002861dd9c670 Thread added: 0x000002861e44fde0


Dynamic libraries:
0x00007ff796350000 - 0x00007ff79635e000 	c:\Users\Administrator\.antigravity\extensions\redhat.java-1.51.0-win32-x64\jre\21.0.9-win32-x86_64\bin\java.exe
0x00007ffd13080000 - 0x00007ffd13270000 	C:\Windows\SYSTEM32\ntdll.dll
0x00007ffd116a0000 - 0x00007ffd11752000 	C:\Windows\System32\KERNEL32.DLL
0x00007ffd10c00000 - 0x00007ffd10ea5000 	C:\Windows\System32\KERNELBASE.dll
0x00007ffd10b00000 - 0x00007ffd10bfa000 	C:\Windows\System32\ucrtbase.dll
0x00007ffcf5db0000 - 0x00007ffcf5dc8000 	c:\Users\Administrator\.antigravity\extensions\redhat.java-1.51.0-win32-x64\jre\21.0.9-win32-x86_64\bin\jli.dll
0x00007ffd12600000 - 0x00007ffd12794000 	C:\Windows\System32\USER32.dll
0x00007ffd0fff0000 - 0x00007ffd10011000 	C:\Windows\System32\win32u.dll
0x00007ffd11670000 - 0x00007ffd11696000 	C:\Windows\System32\GDI32.dll
0x00007ffd108b0000 - 0x00007ffd10a48000 	C:\Windows\System32\gdi32full.dll
0x00007ffd10810000 - 0x00007ffd108ae000 	C:\Windows\System32\msvcp_win.dll
0x00007ffcf7250000 - 0x00007ffcf74d4000 	C:\Windows\WinSxS\amd64_microsoft.windows.common-controls_6595b64144ccf1df_6.0.18362.1556_none_9e7e372fe45e41d5\COMCTL32.dll
0x00007ffd11760000 - 0x00007ffd117fe000 	C:\Windows\System32\msvcrt.dll
0x00007ffd12940000 - 0x00007ffd12c76000 	C:\Windows\System32\combase.dll
0x00007ffd12820000 - 0x00007ffd1293f000 	C:\Windows\System32\RPCRT4.dll
0x00007ffcefec0000 - 0x00007ffcefede000 	c:\Users\Administrator\.antigravity\extensions\redhat.java-1.51.0-win32-x64\jre\21.0.9-win32-x86_64\bin\VCRUNTIME140.dll
0x00007ffd10eb0000 - 0x00007ffd10f31000 	C:\Windows\System32\bcryptPrimitives.dll
0x00007ffd12dc0000 - 0x00007ffd12dee000 	C:\Windows\System32\IMM32.DLL
0x00007ffd08930000 - 0x00007ffd0893c000 	c:\Users\Administrator\.antigravity\extensions\redhat.java-1.51.0-win32-x64\jre\21.0.9-win32-x86_64\bin\vcruntime140_1.dll
0x00007ffcc6690000 - 0x00007ffcc671d000 	c:\Users\Administrator\.antigravity\extensions\redhat.java-1.51.0-win32-x64\jre\21.0.9-win32-x86_64\bin\msvcp140.dll
0x00007ffc9cdb0000 - 0x00007ffc9db50000 	c:\Users\Administrator\.antigravity\extensions\redhat.java-1.51.0-win32-x64\jre\21.0.9-win32-x86_64\bin\server\jvm.dll
0x00007ffd12470000 - 0x00007ffd12513000 	C:\Windows\System32\ADVAPI32.dll
0x00007ffd12df0000 - 0x00007ffd12e87000 	C:\Windows\System32\sechost.dll
0x00007ffd0ff40000 - 0x00007ffd0ff8a000 	C:\Windows\System32\POWRPROF.dll
0x00007ffd0ff30000 - 0x00007ffd0ff40000 	C:\Windows\System32\UMPDC.dll
0x00007ffd12e90000 - 0x00007ffd12eff000 	C:\Windows\System32\WS2_32.dll
0x00007ffd08fa0000 - 0x00007ffd08fc4000 	C:\Windows\SYSTEM32\WINMM.dll
0x00007ffd06660000 - 0x00007ffd0666a000 	C:\Windows\SYSTEM32\VERSION.dll
0x00007ffd08f70000 - 0x00007ffd08f9d000 	C:\Windows\SYSTEM32\WINMMBASE.dll
0x00007ffd10020000 - 0x00007ffd1006a000 	C:\Windows\System32\cfgmgr32.dll
0x00007ffd0ffb0000 - 0x00007ffd0ffc1000 	C:\Windows\System32\kernel.appcore.dll
0x00007ffd055e0000 - 0x00007ffd055ea000 	c:\Users\Administrator\.antigravity\extensions\redhat.java-1.51.0-win32-x64\jre\21.0.9-win32-x86_64\bin\jimage.dll
0x00007ffd0e840000 - 0x00007ffd0ea34000 	C:\Windows\SYSTEM32\DBGHELP.DLL
0x00007ffcf46e0000 - 0x00007ffcf470a000 	C:\Windows\SYSTEM32\dbgcore.DLL
0x00007ffd03290000 - 0x00007ffd0329f000 	c:\Users\Administrator\.antigravity\extensions\redhat.java-1.51.0-win32-x64\jre\21.0.9-win32-x86_64\bin\instrument.dll
0x00007ffce9d30000 - 0x00007ffce9d50000 	c:\Users\Administrator\.antigravity\extensions\redhat.java-1.51.0-win32-x64\jre\21.0.9-win32-x86_64\bin\java.dll
0x00007ffd11c40000 - 0x00007ffd12327000 	C:\Windows\System32\SHELL32.dll
0x00007ffd12d10000 - 0x00007ffd12db8000 	C:\Windows\System32\shcore.dll
0x00007ffd10090000 - 0x00007ffd1080b000 	C:\Windows\System32\windows.storage.dll
0x00007ffd0ff90000 - 0x00007ffd0ffae000 	C:\Windows\System32\profapi.dll
0x00007ffd11be0000 - 0x00007ffd11c32000 	C:\Windows\System32\shlwapi.dll
0x00007ffd10070000 - 0x00007ffd10087000 	C:\Windows\System32\cryptsp.dll
0x00007ffce9d10000 - 0x00007ffce9d28000 	c:\Users\Administrator\.antigravity\extensions\redhat.java-1.51.0-win32-x64\jre\21.0.9-win32-x86_64\bin\zip.dll
0x00007ffd01700000 - 0x00007ffd01710000 	C:\Users\Administrator\.antigravity\extensions\redhat.java-1.51.0-win32-x64\jre\21.0.9-win32-x86_64\bin\net.dll
0x00007ffd08d40000 - 0x00007ffd08e3a000 	C:\Windows\SYSTEM32\WINHTTP.dll
0x00007ffd0f770000 - 0x00007ffd0f7d7000 	C:\Windows\system32\mswsock.dll
0x00007ffce82a0000 - 0x00007ffce82b6000 	C:\Users\Administrator\.antigravity\extensions\redhat.java-1.51.0-win32-x64\jre\21.0.9-win32-x86_64\bin\nio.dll
0x00007ffcfcbd0000 - 0x00007ffcfcbe0000 	c:\Users\Administrator\.antigravity\extensions\redhat.java-1.51.0-win32-x64\jre\21.0.9-win32-x86_64\bin\verify.dll
0x00007ffcc4ee0000 - 0x00007ffcc4f24000 	C:\Users\Administrator\AppData\Roaming\Antigravity\User\globalStorage\redhat.java\1.51.0\config_ss_win\org.eclipse.equinox.launcher\org.eclipse.equinox.launcher.win32.win32.x86_64_1.2.1400.v20250801-0854\eclipse_11916.dll
0x00007ffd119b0000 - 0x00007ffd11b07000 	C:\Windows\System32\ole32.dll
0x00007ffd0f2f0000 - 0x00007ffd0f323000 	C:\Windows\system32\rsaenh.dll
0x00007ffd10f40000 - 0x00007ffd10f66000 	C:\Windows\System32\bcrypt.dll
0x00007ffd0fe20000 - 0x00007ffd0fe45000 	C:\Windows\SYSTEM32\USERENV.dll
0x00007ffd0f940000 - 0x00007ffd0f94c000 	C:\Windows\SYSTEM32\CRYPTBASE.dll
0x00007ffd0f480000 - 0x00007ffd0f4ba000 	C:\Windows\SYSTEM32\IPHLPAPI.DLL
0x00007ffd125f0000 - 0x00007ffd125f8000 	C:\Windows\System32\NSI.dll
0x00007ffcc4e40000 - 0x00007ffcc4e89000 	C:\Users\Administrator\AppData\Local\Temp\jna-146731693\jna5212047479702359104.dll
0x00007ffd12c80000 - 0x00007ffd12c88000 	C:\Windows\System32\PSAPI.DLL
0x00007ffd04fe0000 - 0x00007ffd04ff6000 	C:\Windows\SYSTEM32\dhcpcsvc6.DLL
0x00007ffd06180000 - 0x00007ffd0619c000 	C:\Windows\SYSTEM32\dhcpcsvc.DLL

JVMTI agents:
c:\Users\Administrator\.antigravity\extensions\redhat.java-1.51.0-win32-x64\lombok\lombok-1.18.39-4050.jar path:c:\Users\Administrator\.antigravity\extensions\redhat.java-1.51.0-win32-x64\jre\21.0.9-win32-x86_64\bin\instrument.dll, loaded, initialized, instrumentlib options:none

dbghelp: loaded successfully - version: 4.0.5 - missing functions: none
symbol engine: initialized successfully - sym options: 0x614 - pdb path: .;c:\Users\Administrator\.antigravity\extensions\redhat.java-1.51.0-win32-x64\jre\21.0.9-win32-x86_64\bin;C:\Windows\SYSTEM32;C:\Windows\WinSxS\amd64_microsoft.windows.common-controls_6595b64144ccf1df_6.0.18362.1556_none_9e7e372fe45e41d5;c:\Users\Administrator\.antigravity\extensions\redhat.java-1.51.0-win32-x64\jre\21.0.9-win32-x86_64\bin\server;C:\Users\Administrator\AppData\Roaming\Antigravity\User\globalStorage\redhat.java\1.51.0\config_ss_win\org.eclipse.equinox.launcher\org.eclipse.equinox.launcher.win32.win32.x86_64_1.2.1400.v20250801-0854;C:\Users\Administrator\AppData\Local\Temp\jna-146731693

VM Arguments:
jvm_args: --add-modules=ALL-SYSTEM --add-opens=java.base/java.util=ALL-UNNAMED --add-opens=java.base/java.lang=ALL-UNNAMED --add-opens=java.base/sun.nio.fs=ALL-UNNAMED -Declipse.application=org.eclipse.jdt.ls.core.id1 -Dosgi.bundles.defaultStartLevel=4 -Declipse.product=org.eclipse.jdt.ls.core.product -Djava.import.generatesMetadataFilesAtProjectRoot=false -DDetectVMInstallationsJob.disabled=true -Dfile.encoding=utf8 -XX:+UseParallelGC -XX:GCTimeRatio=4 -XX:AdaptiveSizePolicyWeight=90 -Dsun.zip.disableMemoryMapping=true -Xmx2G -Xms100m -Xlog:disable -javaagent:c:\Users\Administrator\.antigravity\extensions\redhat.java-1.51.0-win32-x64\lombok\lombok-1.18.39-4050.jar 
java_command: c:\Users\Administrator\.antigravity\extensions\redhat.java-1.51.0-win32-x64\server\plugins\org.eclipse.equinox.launcher_1.7.100.v20251111-0406.jar -configuration c:\Users\Administrator\AppData\Roaming\Antigravity\User\globalStorage\redhat.java\1.51.0\config_ss_win -data c:\Users\Administrator\AppData\Roaming\Antigravity\User\workspaceStorage\9dc1cad281cafc8938dd036e9dabeaab\redhat.java\ss_ws --pipe=\\.\pipe\lsp-2cbe7ea051b44d1b52defd6f22fc4ad4-sock
java_class_path (initial): c:\Users\Administrator\.antigravity\extensions\redhat.java-1.51.0-win32-x64\server\plugins\org.eclipse.equinox.launcher_1.7.100.v20251111-0406.jar
Launcher Type: SUN_STANDARD

[Global flags]
    uintx AdaptiveSizePolicyWeight                 = 90                                        {product} {command line}
     intx CICompilerCount                          = 4                                         {product} {ergonomic}
    uintx GCTimeRatio                              = 4                                         {product} {command line}
   size_t InitialHeapSize                          = 104857600                                 {product} {command line}
   size_t MaxHeapSize                              = 2147483648                                {product} {command line}
   size_t MaxNewSize                               = 715653120                                 {product} {ergonomic}
   size_t MinHeapDeltaBytes                        = 524288                                    {product} {ergonomic}
   size_t MinHeapSize                              = 104857600                                 {product} {command line}
   size_t NewSize                                  = 34603008                                  {product} {ergonomic}
    uintx NonNMethodCodeHeapSize                   = 5839372                                {pd product} {ergonomic}
    uintx NonProfiledCodeHeapSize                  = 122909434                              {pd product} {ergonomic}
   size_t OldSize                                  = 70254592                                  {product} {ergonomic}
    uintx ProfiledCodeHeapSize                     = 122909434                              {pd product} {ergonomic}
    uintx ReservedCodeCacheSize                    = 251658240                              {pd product} {ergonomic}
     bool SegmentedCodeCache                       = true                                      {product} {ergonomic}
   size_t SoftMaxHeapSize                          = 2147483648                             {manageable} {ergonomic}
     bool UseCompressedOops                        = true                           {product lp64_product} {ergonomic}
     bool UseLargePagesIndividualAllocation        = false                                  {pd product} {ergonomic}
     bool UseParallelGC                            = true                                      {product} {command line}

Logging:
Log output configuration:
 #0: stdout all=off uptime,level,tags foldmultilines=false
 #1: stderr all=off uptime,level,tags foldmultilines=false

Release file:
JAVA_VERSION="21.0.9" 
MODULES="java.base java.compiler java.datatransfer java.xml java.prefs java.desktop java.instrument java.logging java.management java.security.sasl java.naming java.rmi java.management.rmi java.net.http java.scripting java.security.jgss java.transaction.xa java.sql java.sql.rowset java.xml.crypto java.se java.smartcardio jdk.accessibility jdk.internal.jvmstat jdk.attach jdk.charsets jdk.internal.opt jdk.zipfs jdk.compiler jdk.crypto.ec jdk.crypto.cryptoki jdk.crypto.mscapi jdk.dynalink jdk.internal.ed jdk.editpad jdk.hotspot.agent jdk.httpserver jdk.internal.le jdk.internal.vm.ci jdk.internal.vm.compiler jdk.internal.vm.compiler.management jdk.jartool jdk.javadoc jdk.jcmd jdk.management jdk.management.agent jdk.jconsole jdk.jdeps jdk.jdwp.agent jdk.jdi jdk.jfr jdk.jshell jdk.jsobject jdk.jstatd jdk.localedata jdk.management.jfr jdk.naming.dns jdk.naming.rmi jdk.net jdk.nio.mapmode jdk.random jdk.sctp jdk.security.auth jdk.security.jgss jdk.unsupported jdk.unsupported.desktop jdk.xml.dom" 

Environment Variables:
JAVA_HOME=D:\datn\jdk-17.0.16+8
PATH=d:\cursor\resources\app\bin;C:\Program Files\Python313\Scripts\;C:\Program Files\Python313\;C:\php-8.3.14-nts-Win32-vs16-x64;C:\Windows\system32;C:\Windows;C:\Windows\System32\Wbem;C:\Windows\System32\WindowsPowerShell\v1.0\;C:\Windows\System32\OpenSSH\;C:\Program Files\Microsoft SQL Server\Client SDK\ODBC\170\Tools\Binn\;C:\Program Files (x86)\Microsoft SQL Server\150\Tools\Binn\;C:\Program Files\Microsoft SQL Server\150\Tools\Binn\;C:\Program Files\Microsoft SQL Server\150\DTS\Binn\;C:\Program Files\Azure Data Studio\bin;C:\Program Files\dotnet\;D:\Git\cmd;C:\php-8.4.0-nts-Win32-vs17-x64;C:\ProgramData\ComposerSetup\bin;D:\datn\jdk-17.0.16+8\bin;C:\axis2-1.8.2\bin;D:\datn\apache-maven-3.9.11\bin;C:\Program Files\nodejs\;C:\php-8.4.0-nts-Win32-vs17-x64;C:\Users\Administrator\AppData\Local\Microsoft\WindowsApps;C:\Program Files\Azure Data Studio\bin;C:\Users\Administrator\.dotnet\tools;C:\php-8.3.14-nts-Win32-vs16-x64;C:\Users\Administrator\AppData\Roaming\Composer\vendor\bin;D:\datn\jdk-17.0.16+8;C:\axis2-1.;C:\php-8.4.0-nts-Win32-vs17-x64;C:\Users\Administrator\AppData\Local\Microsoft\WindowsApps;C:\Program Files\Azure Data Studio\bin;C:\Users\Administrator\AppData\Local\Programs\Microsoft VS Code\bin;C:\Users\Administrator\.dotnet\tools;C:\php-8.3.14-nts-Win32-vs16-x64;C:\Users\Administrator\AppData\Roaming\Composer\vendor\bin;D:\datn\jdk-17.0.16+8;C:\axis2-1.8.2;D:\cursor\resources\app\bin;D:\datn\apache-maven-3.9.11\bin;C:\Users\Administrator\AppData\Roaming\npm;C:\Users\Administrator\AppData\Local\Programs\Antigravity\bin
USERNAME=Administrator
OS=Windows_NT
PROCESSOR_IDENTIFIER=Intel64 Family 6 Model 142 Stepping 12, GenuineIntel
TMP=C:\Users\ADMINI~1\AppData\Local\Temp
TEMP=C:\Users\ADMINI~1\AppData\Local\Temp




Periodic native trim disabled

---------------  S Y S T E M  ---------------

OS:
 Windows 10 , 64 bit Build 18362 (10.0.18362.1500)
OS uptime: 22 days 0:25 hours

CPU: total 8 (initial active 8) (4 cores per cpu, 2 threads per core) family 6 model 142 stepping 12 microcode 0xde, cx8, cmov, fxsr, ht, mmx, 3dnowpref, sse, sse2, sse3, ssse3, sse4.1, sse4.2, popcnt, lzcnt, tsc, tscinvbit, avx, avx2, aes, erms, clmul, bmi1, bmi2, adx, fma, vzeroupper, clflush, clflushopt, rdtscp, f16c
Processor Information for the first 8 processors :
  Max Mhz: 1800, Current Mhz: 1600, Mhz Limit: 1584

Memory: 4k page, system-wide physical 3889M (98M free)
TotalPageFile size 15665M (AvailPageFile size 2M)
current process WorkingSet (physical memory assigned to process): 156M, peak: 156M
current process commit charge ("private bytes"): 292M, peak: 294M

vm_info: OpenJDK 64-Bit Server VM (21.0.9+10-LTS) for windows-amd64 JRE (21.0.9+10-LTS), built on 2025-10-21T00:00:00Z by "admin" with unknown MS VC++:1942

END.
