#
# There is insufficient memory for the Java Runtime Environment to continue.
# Native memory allocation (malloc) failed to allocate 32744 bytes. Error detail: Chunk::new
# Possible reasons:
#   The system is out of physical RAM or swap space
#   This process is running with CompressedOops enabled, and the Java Heap may be blocking the growth of the native heap
# Possible solutions:
#   Reduce memory load on the system
#   Increase physical memory or swap space
#   Check if swap backing store is full
#   Decrease Java heap size (-Xmx/-Xms)
#   Decrease number of Java threads
#   Decrease Java thread stack sizes (-Xss)
#   Set larger code cache with -XX:ReservedCodeCacheSize=
#   JVM is running with Unscaled Compressed Oops mode in which the Java heap is
#     placed in the first 4GB address space. The Java Heap base address is the
#     maximum limit for the native heap growth. Please use -XX:HeapBaseMinAddress
#     to set the Java Heap base and to place the Java Heap above 4GB virtual address.
# This output file may be truncated or incomplete.
#
#  Out of Memory Error (arena.cpp:168), pid=9984, tid=6020
#
# JRE version: OpenJDK Runtime Environment Temurin-21.0.9+10 (21.0.9+10) (build 21.0.9+10-LTS)
# Java VM: OpenJDK 64-Bit Server VM Temurin-21.0.9+10 (21.0.9+10-LTS, mixed mode, sharing, tiered, compressed oops, compressed class ptrs, parallel gc, windows-amd64)
# No core dump will be written. Minidumps are not enabled by default on client versions of Windows
#

---------------  S U M M A R Y ------------

Command Line: --add-modules=ALL-SYSTEM --add-opens=java.base/java.util=ALL-UNNAMED --add-opens=java.base/java.lang=ALL-UNNAMED --add-opens=java.base/sun.nio.fs=ALL-UNNAMED -Declipse.application=org.eclipse.jdt.ls.core.id1 -Dosgi.bundles.defaultStartLevel=4 -Declipse.product=org.eclipse.jdt.ls.core.product -Djava.import.generatesMetadataFilesAtProjectRoot=false -DDetectVMInstallationsJob.disabled=true -Dfile.encoding=utf8 -XX:+UseParallelGC -XX:GCTimeRatio=4 -XX:AdaptiveSizePolicyWeight=90 -Dsun.zip.disableMemoryMapping=true -Xmx2G -Xms100m -Xlog:disable -javaagent:c:\Users\Administrator\.antigravity\extensions\redhat.java-1.51.0-win32-x64\lombok\lombok-1.18.39-4050.jar -XX:+HeapDumpOnOutOfMemoryError -XX:HeapDumpPath=c:\Users\Administrator\AppData\Roaming\Antigravity\User\workspaceStorage\9dc1cad281cafc8938dd036e9dabeaab\redhat.java -Daether.dependencyCollector.impl=bf c:\Users\Administrator\.antigravity\extensions\redhat.java-1.51.0-win32-x64\server\plugins\org.eclipse.equinox.launcher_1.7.100.v20251111-0406.jar -configuration c:\Users\Administrator\AppData\Roaming\Antigravity\User\globalStorage\redhat.java\1.51.0\config_win -data c:\Users\Administrator\AppData\Roaming\Antigravity\User\workspaceStorage\9dc1cad281cafc8938dd036e9dabeaab\redhat.java\jdt_ws --pipe=\\.\pipe\lsp-b31aef2d336841329c0b4258c6612bef-sock

Host: Intel(R) Core(TM) i5-8265U CPU @ 1.60GHz, 8 cores, 3G,  Windows 10 , 64 bit Build 18362 (10.0.18362.1500)
Time: Sun Jan 25 17:33:06 2026 SE Asia Standard Time elapsed time: 22.091472 seconds (0d 0h 0m 22s)

---------------  T H R E A D  ---------------

Current thread (0x00000114ec6a46e0):  JavaThread "C2 CompilerThread0" daemon [_thread_in_native, id=6020, stack(0x0000000884500000,0x0000000884600000) (1024K)]


Current CompileTask:
C2:22091 2305 %     4       java.util.Properties$LineReader::readLine @ 293 (584 bytes)

Stack: [0x0000000884500000,0x0000000884600000]
Native frames: (J=compiled Java code, j=interpreted, Vv=VM code, C=native code)
V  [jvm.dll+0x6d6e29]
V  [jvm.dll+0x8b4b76]
V  [jvm.dll+0x8b712e]
V  [jvm.dll+0x8b7813]
V  [jvm.dll+0x283d86]
V  [jvm.dll+0xc66ed]
V  [jvm.dll+0xc6c31]
V  [jvm.dll+0x6fef2a]
V  [jvm.dll+0x6ffbdc]
V  [jvm.dll+0x610acf]
V  [jvm.dll+0x60c3ed]
V  [jvm.dll+0x5f495b]
V  [jvm.dll+0x5f50f9]
V  [jvm.dll+0x5f7794]
V  [jvm.dll+0x5f721d]
V  [jvm.dll+0x5f7100]
V  [jvm.dll+0x5f7100]
V  [jvm.dll+0x5fe602]
V  [jvm.dll+0x255557]
V  [jvm.dll+0x24db6a]
V  [jvm.dll+0x24b482]
V  [jvm.dll+0x1cb13e]
V  [jvm.dll+0x25b29d]
V  [jvm.dll+0x25982a]
V  [jvm.dll+0x3f7ea6]
V  [jvm.dll+0x85e9ad]
V  [jvm.dll+0x6d565d]
C  [ucrtbase.dll+0x210b2]
C  [KERNEL32.DLL+0x17c24]
C  [ntdll.dll+0x6d721]


---------------  P R O C E S S  ---------------

Threads class SMR info:
_java_thread_list=0x00000114ca5c4570, length=16, elements={
0x00000114ec7317b0, 0x00000114ec69d820, 0x00000114ec69ee80, 0x00000114ec69fb90,
0x00000114ec6a08a0, 0x00000114ec6a1f00, 0x00000114ec6a3960, 0x00000114ec6a46e0,
0x00000114ec6ab040, 0x00000114c5bbed40, 0x00000114c5cca910, 0x00000114ca472230,
0x00000114ca308950, 0x00000114ca37b200, 0x00000114ca37b860, 0x00000114ca99db40
}

Java Threads: ( => current thread )
  0x00000114ec7317b0 JavaThread "main"                              [_thread_blocked, id=19812, stack(0x0000000883b00000,0x0000000883c00000) (1024K)]
  0x00000114ec69d820 JavaThread "Reference Handler"          daemon [_thread_blocked, id=9284, stack(0x0000000883f00000,0x0000000884000000) (1024K)]
  0x00000114ec69ee80 JavaThread "Finalizer"                  daemon [_thread_blocked, id=13972, stack(0x0000000884000000,0x0000000884100000) (1024K)]
  0x00000114ec69fb90 JavaThread "Signal Dispatcher"          daemon [_thread_blocked, id=17812, stack(0x0000000884100000,0x0000000884200000) (1024K)]
  0x00000114ec6a08a0 JavaThread "Attach Listener"            daemon [_thread_blocked, id=20464, stack(0x0000000884200000,0x0000000884300000) (1024K)]
  0x00000114ec6a1f00 JavaThread "Service Thread"             daemon [_thread_blocked, id=11156, stack(0x0000000884300000,0x0000000884400000) (1024K)]
  0x00000114ec6a3960 JavaThread "Monitor Deflation Thread"   daemon [_thread_blocked, id=19772, stack(0x0000000884400000,0x0000000884500000) (1024K)]
=>0x00000114ec6a46e0 JavaThread "C2 CompilerThread0"         daemon [_thread_in_native, id=6020, stack(0x0000000884500000,0x0000000884600000) (1024K)]
  0x00000114ec6ab040 JavaThread "C1 CompilerThread0"         daemon [_thread_blocked, id=20008, stack(0x0000000884600000,0x0000000884700000) (1024K)]
  0x00000114c5bbed40 JavaThread "Common-Cleaner"             daemon [_thread_blocked, id=14480, stack(0x0000000884700000,0x0000000884800000) (1024K)]
  0x00000114c5cca910 JavaThread "Notification Thread"        daemon [_thread_blocked, id=17788, stack(0x0000000884800000,0x0000000884900000) (1024K)]
  0x00000114ca472230 JavaThread "Active Thread: Equinox Container: 67d3c3df-33c8-4fd0-bded-2f150ee5ef31"        [_thread_blocked, id=18296, stack(0x0000000884f00000,0x0000000885000000) (1024K)]
  0x00000114ca308950 JavaThread "Refresh Thread: Equinox Container: 67d3c3df-33c8-4fd0-bded-2f150ee5ef31" daemon [_thread_blocked, id=12264, stack(0x0000000885100000,0x0000000885200000) (1024K)]
  0x00000114ca37b200 JavaThread "Framework Event Dispatcher: Equinox Container: 67d3c3df-33c8-4fd0-bded-2f150ee5ef31" daemon [_thread_blocked, id=18396, stack(0x0000000885200000,0x0000000885300000) (1024K)]
  0x00000114ca37b860 JavaThread "Start Level: Equinox Container: 67d3c3df-33c8-4fd0-bded-2f150ee5ef31" daemon [_thread_in_native, id=18592, stack(0x0000000885300000,0x0000000885400000) (1024K)]
  0x00000114ca99db40 JavaThread "Bundle File Closer"         daemon [_thread_blocked, id=9364, stack(0x0000000885400000,0x0000000885500000) (1024K)]
Total: 16

Other Threads:
  0x00000114ec6828c0 VMThread "VM Thread"                           [id=14080, stack(0x0000000883e00000,0x0000000883f00000) (1024K)]
  0x00000114ec79c100 WatcherThread "VM Periodic Task Thread"        [id=19972, stack(0x0000000883d00000,0x0000000883e00000) (1024K)]
  0x00000114ec751b40 WorkerThread "GC Thread#0"                     [id=20192, stack(0x0000000883c00000,0x0000000883d00000) (1024K)]
  0x00000114ca170c70 WorkerThread "GC Thread#1"                     [id=2380, stack(0x0000000884900000,0x0000000884a00000) (1024K)]
  0x00000114ca171010 WorkerThread "GC Thread#2"                     [id=19648, stack(0x0000000884a00000,0x0000000884b00000) (1024K)]
  0x00000114c5da9010 WorkerThread "GC Thread#3"                     [id=15648, stack(0x0000000884b00000,0x0000000884c00000) (1024K)]
  0x00000114c5da93b0 WorkerThread "GC Thread#4"                     [id=20108, stack(0x0000000884c00000,0x0000000884d00000) (1024K)]
  0x00000114c5da9750 WorkerThread "GC Thread#5"                     [id=20140, stack(0x0000000884d00000,0x0000000884e00000) (1024K)]
  0x00000114ca553f90 WorkerThread "GC Thread#6"                     [id=13236, stack(0x0000000884e00000,0x0000000884f00000) (1024K)]
  0x00000114ca3c9a60 WorkerThread "GC Thread#7"                     [id=9460, stack(0x0000000885000000,0x0000000885100000) (1024K)]
Total: 10

Threads with active compile tasks:
C2 CompilerThread0  22136 2305 %     4       java.util.Properties$LineReader::readLine @ 293 (584 bytes)
Total: 1

VM state: not at safepoint (normal execution)

VM Mutex/Monitor currently owned by a thread: None

Heap address: 0x0000000080000000, size: 2048 MB, Compressed Oops mode: 32-bit

CDS archive(s) mapped at: [0x0000011484000000-0x0000011484ba0000-0x0000011484ba0000), size 12189696, SharedBaseAddress: 0x0000011484000000, ArchiveRelocationMode: 1.
Compressed class space mapped at: 0x0000011485000000-0x00000114c5000000, reserved size: 1073741824
Narrow klass base: 0x0000011484000000, Narrow klass shift: 0, Narrow klass range: 0x100000000

GC Precious Log:
 CardTable entry size: 512
 CPUs: 8 total, 8 available
 Memory: 3889M
 Large Page Support: Disabled
 NUMA Support: Disabled
 Compressed Oops: Enabled (32-bit)
 Alignments: Space 512K, Generation 512K, Heap 2M
 Heap Min Capacity: 100M
 Heap Initial Capacity: 100M
 Heap Max Capacity: 2G
 Pre-touch: Disabled
 Parallel Workers: 8

Heap:
 PSYoungGen      total 29696K, used 12642K [0x00000000d5580000, 0x00000000d7680000, 0x0000000100000000)
  eden space 25600K, 33% used [0x00000000d5580000,0x00000000d5dd9a60,0x00000000d6e80000)
  from space 4096K, 99% used [0x00000000d6e80000,0x00000000d727f168,0x00000000d7280000)
  to   space 4096K, 0% used [0x00000000d7280000,0x00000000d7280000,0x00000000d7680000)
 ParOldGen       total 68608K, used 4753K [0x0000000080000000, 0x0000000084300000, 0x00000000d5580000)
  object space 68608K, 6% used [0x0000000080000000,0x00000000804a4598,0x0000000084300000)
 Metaspace       used 9526K, committed 9856K, reserved 1114112K
  class space    used 1007K, committed 1152K, reserved 1048576K

Card table byte_map: [0x00000114ec0d0000,0x00000114ec4e0000] _byte_map_base: 0x00000114ebcd0000

Marking Bits: (ParMarkBitMap*) 0x00007ffc9de42460
 Begin Bits: [0x0000011480000000, 0x0000011482000000)
 End Bits:   [0x0000011482000000, 0x0000011484000000)

Polling page: 0x00000114ea5e0000

Metaspace:

Usage:
  Non-class:      8.32 MB used.
      Class:   1007.81 KB used.
       Both:      9.30 MB used.

Virtual space:
  Non-class space:       64.00 MB reserved,       8.50 MB ( 13%) committed,  1 nodes.
      Class space:        1.00 GB reserved,       1.13 MB ( <1%) committed,  1 nodes.
             Both:        1.06 GB reserved,       9.63 MB ( <1%) committed. 

Chunk freelists:
   Non-Class:  6.83 MB
       Class:  14.79 MB
        Both:  21.61 MB

MaxMetaspaceSize: unlimited
CompressedClassSpaceSize: 1.00 GB
Initial GC threshold: 21.00 MB
Current GC threshold: 21.00 MB
CDS: on
 - commit_granule_bytes: 65536.
 - commit_granule_words: 8192.
 - virtual_space_node_default_size: 8388608.
 - enlarge_chunks_in_place: 1.
 - use_allocation_guard: 0.


Internal statistics:

num_allocs_failed_limit: 0.
num_arena_births: 258.
num_arena_deaths: 0.
num_vsnodes_births: 2.
num_vsnodes_deaths: 0.
num_space_committed: 154.
num_space_uncommitted: 0.
num_chunks_returned_to_freelist: 0.
num_chunks_taken_from_freelist: 513.
num_chunk_merges: 0.
num_chunk_splits: 324.
num_chunks_enlarged: 211.
num_inconsistent_stats: 0.

CodeHeap 'non-profiled nmethods': size=120000Kb used=981Kb max_used=981Kb free=119018Kb
 bounds [0x00000114f7400000, 0x00000114f7670000, 0x00000114fe930000]
CodeHeap 'profiled nmethods': size=120000Kb used=4358Kb max_used=4358Kb free=115642Kb
 bounds [0x00000114ef930000, 0x00000114efd80000, 0x00000114f6e60000]
CodeHeap 'non-nmethods': size=5760Kb used=1226Kb max_used=1259Kb free=4533Kb
 bounds [0x00000114f6e60000, 0x00000114f70d0000, 0x00000114f7400000]
CodeCache: size=245760Kb, used=6565Kb, max_used=6598Kb, free=239193Kb
 total_blobs=2803, nmethods=2310, adapters=399, full_count=0
Compilation: enabled, stopped_count=0, restarted_count=0

Compilation events (20 events):
Event: 20.751 Thread 0x00000114ec6ab040 nmethod 2294 0x00000114efd66010 code [0x00000114efd661a0, 0x00000114efd662c8]
Event: 20.806 Thread 0x00000114ec6ab040 2295   !   3       org.eclipse.equinox.launcher.JNIBridge::updateSplash (25 bytes)
Event: 20.850 Thread 0x00000114ec6ab040 nmethod 2295 0x00000114efd66390 code [0x00000114efd66600, 0x00000114efd66db8]
Event: 20.869 Thread 0x00000114ec6ab040 2297       3       org.osgi.util.tracker.ServiceTracker::getService (33 bytes)
Event: 20.895 Thread 0x00000114ec6ab040 nmethod 2297 0x00000114efd67090 code [0x00000114efd67280, 0x00000114efd67840]
Event: 20.895 Thread 0x00000114ec6ab040 2298   !   3       org.eclipse.core.runtime.internal.adaptor.DefaultStartupMonitor::update (25 bytes)
Event: 20.919 Thread 0x00000114ec6ab040 nmethod 2298 0x00000114efd67a90 code [0x00000114efd67ce0, 0x00000114efd68428]
Event: 20.982 Thread 0x00000114ec6ab040 2300       3       java.util.concurrent.locks.AbstractQueuedSynchronizer$Node::casNext (13 bytes)
Event: 20.984 Thread 0x00000114ec6ab040 nmethod 2300 0x00000114efd68790 code [0x00000114efd68940, 0x00000114efd68aa0]
Event: 22.004 Thread 0x00000114ec6ab040 2301       3       java.lang.Integer::toHexString (6 bytes)
Event: 22.004 Thread 0x00000114ec6ab040 nmethod 2301 0x00000114efd68b90 code [0x00000114efd68d40, 0x00000114efd68e60]
Event: 22.004 Thread 0x00000114ec6ab040 2302   !   3       org.eclipse.osgi.storage.BundleInfo$Generation::getRawHeaders (323 bytes)
Event: 22.004 Thread 0x00000114ec6a46e0 2303       4       java.lang.String::indexOf (7 bytes)
Event: 22.009 Thread 0x00000114ec6a46e0 nmethod 2303 0x00000114f74f4e90 code [0x00000114f74f5040, 0x00000114f74f52f8]
Event: 22.017 Thread 0x00000114ec6ab040 nmethod 2302 0x00000114efd68f10 code [0x00000114efd693e0, 0x00000114efd6bcb0]
Event: 22.017 Thread 0x00000114ec6ab040 2304       3       java.lang.ref.ReferenceQueue::<init> (32 bytes)
Event: 22.020 Thread 0x00000114ec6ab040 nmethod 2304 0x00000114efd6d190 code [0x00000114efd6d3a0, 0x00000114efd6db20]
Event: 22.041 Thread 0x00000114ec6a46e0 2305 %     4       java.util.Properties$LineReader::readLine @ 293 (584 bytes)
Event: 22.041 Thread 0x00000114ec6ab040 2306       3       java.nio.ByteBuffer::position (6 bytes)
Event: 22.041 Thread 0x00000114ec6ab040 nmethod 2306 0x00000114efd6de10 code [0x00000114efd6dfc0, 0x00000114efd6e188]

GC Heap History (6 events):
Event: 1.662 GC heap before
{Heap before GC invocations=1 (full 0):
 PSYoungGen      total 29696K, used 25600K [0x00000000d5580000, 0x00000000d7680000, 0x0000000100000000)
  eden space 25600K, 100% used [0x00000000d5580000,0x00000000d6e80000,0x00000000d6e80000)
  from space 4096K, 0% used [0x00000000d7280000,0x00000000d7280000,0x00000000d7680000)
  to   space 4096K, 0% used [0x00000000d6e80000,0x00000000d6e80000,0x00000000d7280000)
 ParOldGen       total 68608K, used 0K [0x0000000080000000, 0x0000000084300000, 0x00000000d5580000)
  object space 68608K, 0% used [0x0000000080000000,0x0000000080000000,0x0000000084300000)
 Metaspace       used 4342K, committed 4608K, reserved 1114112K
  class space    used 472K, committed 576K, reserved 1048576K
}
Event: 1.680 GC heap after
{Heap after GC invocations=1 (full 0):
 PSYoungGen      total 29696K, used 3312K [0x00000000d5580000, 0x00000000d7680000, 0x0000000100000000)
  eden space 25600K, 0% used [0x00000000d5580000,0x00000000d5580000,0x00000000d6e80000)
  from space 4096K, 80% used [0x00000000d6e80000,0x00000000d71bc148,0x00000000d7280000)
  to   space 4096K, 0% used [0x00000000d7280000,0x00000000d7280000,0x00000000d7680000)
 ParOldGen       total 68608K, used 8K [0x0000000080000000, 0x0000000084300000, 0x00000000d5580000)
  object space 68608K, 0% used [0x0000000080000000,0x0000000080002000,0x0000000084300000)
 Metaspace       used 4342K, committed 4608K, reserved 1114112K
  class space    used 472K, committed 576K, reserved 1048576K
}
Event: 3.692 GC heap before
{Heap before GC invocations=2 (full 0):
 PSYoungGen      total 29696K, used 28912K [0x00000000d5580000, 0x00000000d7680000, 0x0000000100000000)
  eden space 25600K, 100% used [0x00000000d5580000,0x00000000d6e80000,0x00000000d6e80000)
  from space 4096K, 80% used [0x00000000d6e80000,0x00000000d71bc148,0x00000000d7280000)
  to   space 4096K, 0% used [0x00000000d7280000,0x00000000d7280000,0x00000000d7680000)
 ParOldGen       total 68608K, used 8K [0x0000000080000000, 0x0000000084300000, 0x00000000d5580000)
  object space 68608K, 0% used [0x0000000080000000,0x0000000080002000,0x0000000084300000)
 Metaspace       used 7956K, committed 8192K, reserved 1114112K
  class space    used 829K, committed 960K, reserved 1048576K
}
Event: 3.706 GC heap after
{Heap after GC invocations=2 (full 0):
 PSYoungGen      total 29696K, used 4086K [0x00000000d5580000, 0x00000000d7680000, 0x0000000100000000)
  eden space 25600K, 0% used [0x00000000d5580000,0x00000000d5580000,0x00000000d6e80000)
  from space 4096K, 99% used [0x00000000d7280000,0x00000000d767d810,0x00000000d7680000)
  to   space 4096K, 0% used [0x00000000d6e80000,0x00000000d6e80000,0x00000000d7280000)
 ParOldGen       total 68608K, used 1977K [0x0000000080000000, 0x0000000084300000, 0x00000000d5580000)
  object space 68608K, 2% used [0x0000000080000000,0x00000000801ee5e0,0x0000000084300000)
 Metaspace       used 7956K, committed 8192K, reserved 1114112K
  class space    used 829K, committed 960K, reserved 1048576K
}
Event: 8.102 GC heap before
{Heap before GC invocations=3 (full 0):
 PSYoungGen      total 29696K, used 29686K [0x00000000d5580000, 0x00000000d7680000, 0x0000000100000000)
  eden space 25600K, 100% used [0x00000000d5580000,0x00000000d6e80000,0x00000000d6e80000)
  from space 4096K, 99% used [0x00000000d7280000,0x00000000d767d810,0x00000000d7680000)
  to   space 4096K, 0% used [0x00000000d6e80000,0x00000000d6e80000,0x00000000d7280000)
 ParOldGen       total 68608K, used 1977K [0x0000000080000000, 0x0000000084300000, 0x00000000d5580000)
  object space 68608K, 2% used [0x0000000080000000,0x00000000801ee5e0,0x0000000084300000)
 Metaspace       used 9434K, committed 9792K, reserved 1114112K
  class space    used 1007K, committed 1152K, reserved 1048576K
}
Event: 8.113 GC heap after
{Heap after GC invocations=3 (full 0):
 PSYoungGen      total 29696K, used 4092K [0x00000000d5580000, 0x00000000d7680000, 0x0000000100000000)
  eden space 25600K, 0% used [0x00000000d5580000,0x00000000d5580000,0x00000000d6e80000)
  from space 4096K, 99% used [0x00000000d6e80000,0x00000000d727f168,0x00000000d7280000)
  to   space 4096K, 0% used [0x00000000d7280000,0x00000000d7280000,0x00000000d7680000)
 ParOldGen       total 68608K, used 4753K [0x0000000080000000, 0x0000000084300000, 0x00000000d5580000)
  object space 68608K, 6% used [0x0000000080000000,0x00000000804a4598,0x0000000084300000)
 Metaspace       used 9434K, committed 9792K, reserved 1114112K
  class space    used 1007K, committed 1152K, reserved 1048576K
}

Dll operation events (9 events):
Event: 0.023 Loaded shared library c:\Users\Administrator\.antigravity\extensions\redhat.java-1.51.0-win32-x64\jre\21.0.9-win32-x86_64\bin\java.dll
Event: 0.225 Loaded shared library c:\Users\Administrator\.antigravity\extensions\redhat.java-1.51.0-win32-x64\jre\21.0.9-win32-x86_64\bin\zip.dll
Event: 0.268 Loaded shared library C:\Users\Administrator\.antigravity\extensions\redhat.java-1.51.0-win32-x64\jre\21.0.9-win32-x86_64\bin\instrument.dll
Event: 0.275 Loaded shared library C:\Users\Administrator\.antigravity\extensions\redhat.java-1.51.0-win32-x64\jre\21.0.9-win32-x86_64\bin\net.dll
Event: 0.281 Loaded shared library C:\Users\Administrator\.antigravity\extensions\redhat.java-1.51.0-win32-x64\jre\21.0.9-win32-x86_64\bin\nio.dll
Event: 0.286 Loaded shared library C:\Users\Administrator\.antigravity\extensions\redhat.java-1.51.0-win32-x64\jre\21.0.9-win32-x86_64\bin\zip.dll
Event: 0.318 Loaded shared library C:\Users\Administrator\.antigravity\extensions\redhat.java-1.51.0-win32-x64\jre\21.0.9-win32-x86_64\bin\jimage.dll
Event: 0.483 Loaded shared library c:\Users\Administrator\.antigravity\extensions\redhat.java-1.51.0-win32-x64\jre\21.0.9-win32-x86_64\bin\verify.dll
Event: 3.855 Loaded shared library C:\Users\Administrator\AppData\Roaming\Antigravity\User\globalStorage\redhat.java\1.51.0\config_win\org.eclipse.equinox.launcher\org.eclipse.equinox.launcher.win32.win32.x86_64_1.2.1400.v20250801-0854\eclipse_11916.dll

Deoptimization events (20 events):
Event: 8.309 Thread 0x00000114ca37b860 DEOPT PACKING pc=0x00000114f744d744 sp=0x00000008853fdeb0
Event: 8.309 Thread 0x00000114ca37b860 DEOPT UNPACKING pc=0x00000114f6eb3aa2 sp=0x00000008853fde80 mode 2
Event: 8.309 Thread 0x00000114ca37b860 Uncommon trap: trap_request=0xffffff45 fr.pc=0x00000114f740c08c relative=0x000000000000006c
Event: 8.309 Thread 0x00000114ca37b860 Uncommon trap: reason=unstable_if action=reinterpret pc=0x00000114f740c08c method=java.lang.String.isLatin1()Z @ 10 c2
Event: 8.309 Thread 0x00000114ca37b860 DEOPT PACKING pc=0x00000114f740c08c sp=0x00000008853fde20
Event: 8.309 Thread 0x00000114ca37b860 DEOPT UNPACKING pc=0x00000114f6eb3aa2 sp=0x00000008853fddb0 mode 2
Event: 12.102 Thread 0x00000114ca37b860 Uncommon trap: trap_request=0xffffff45 fr.pc=0x00000114f7417c54 relative=0x0000000000000134
Event: 12.102 Thread 0x00000114ca37b860 Uncommon trap: reason=unstable_if action=reinterpret pc=0x00000114f7417c54 method=java.lang.StringCoding.countPositives([BII)I @ 17 c2
Event: 12.102 Thread 0x00000114ca37b860 DEOPT PACKING pc=0x00000114f7417c54 sp=0x00000008853fd1e0
Event: 12.102 Thread 0x00000114ca37b860 DEOPT UNPACKING pc=0x00000114f6eb3aa2 sp=0x00000008853fd168 mode 2
Event: 12.805 Thread 0x00000114ca37b860 DEOPT PACKING pc=0x00000114efd5f649 sp=0x00000008853fd260
Event: 12.805 Thread 0x00000114ca37b860 DEOPT UNPACKING pc=0x00000114f6eb4242 sp=0x00000008853fc6d0 mode 0
Event: 13.653 Thread 0x00000114ca37b860 DEOPT PACKING pc=0x00000114efd5f649 sp=0x00000008853fd260
Event: 13.653 Thread 0x00000114ca37b860 DEOPT UNPACKING pc=0x00000114f6eb4242 sp=0x00000008853fc6d0 mode 0
Event: 14.179 Thread 0x00000114ca37b860 DEOPT PACKING pc=0x00000114efd5f649 sp=0x00000008853fd1f0
Event: 14.179 Thread 0x00000114ca37b860 DEOPT UNPACKING pc=0x00000114f6eb4242 sp=0x00000008853fc660 mode 0
Event: 21.965 Thread 0x00000114ca37b860 Uncommon trap: trap_request=0xffffff45 fr.pc=0x00000114f74721e8 relative=0x00000000000001a8
Event: 21.965 Thread 0x00000114ca37b860 Uncommon trap: reason=unstable_if action=reinterpret pc=0x00000114f74721e8 method=java.lang.String.startsWith(Ljava/lang/String;I)Z @ 50 c2
Event: 21.965 Thread 0x00000114ca37b860 DEOPT PACKING pc=0x00000114f74721e8 sp=0x00000008853fe2c0
Event: 21.965 Thread 0x00000114ca37b860 DEOPT UNPACKING pc=0x00000114f6eb3aa2 sp=0x00000008853fe1f0 mode 2

Classes loaded (20 events):
Event: 4.329 Loading class sun/util/logging/resources/logging_en_US
Event: 4.329 Loading class sun/util/logging/resources/logging_en_US done
Event: 4.329 Loading class sun/util/logging/resources/logging_en_US
Event: 4.329 Loading class sun/util/logging/resources/logging_en_US done
Event: 4.335 Loading class java/util/Formatter$DateTime
Event: 4.335 Loading class java/util/Formatter$DateTime done
Event: 4.336 Loading class java/util/Formatter$FixedString
Event: 4.336 Loading class java/util/Formatter$FixedString done
Event: 4.337 Loading class java/time/ZonedDateTime$1
Event: 4.337 Loading class java/time/ZonedDateTime$1 done
Event: 4.346 Loading class jdk/internal/module/ModulePatcher$PatchedModuleReader
Event: 4.347 Loading class jdk/internal/module/ModulePatcher$PatchedModuleReader done
Event: 4.359 Loading class sun/util/resources/LocaleData$CommonResourceBundleProvider
Event: 4.359 Loading class sun/util/resources/LocaleData$LocaleDataResourceBundleProvider
Event: 4.359 Loading class java/util/spi/ResourceBundleProvider
Event: 4.359 Loading class java/util/spi/ResourceBundleProvider done
Event: 4.359 Loading class sun/util/resources/LocaleData$LocaleDataResourceBundleProvider done
Event: 4.359 Loading class sun/util/resources/LocaleData$CommonResourceBundleProvider done
Event: 4.370 Loading class sun/util/resources/Bundles$2
Event: 4.370 Loading class sun/util/resources/Bundles$2 done

Classes unloaded (0 events):
No events

Classes redefined (0 events):
No events

Internal exceptions (20 events):
Event: 1.705 Thread 0x00000114ec7317b0 Exception <a 'java/io/FileNotFoundException'{0x00000000d55b77c8}> (0x00000000d55b77c8) 
thrown [s\src\hotspot\share\prims\jni.cpp, line 520]
Event: 1.817 Thread 0x00000114ec7317b0 Implicit null exception at 0x00000114f74560c9 to 0x00000114f7456a8c
Event: 1.817 Thread 0x00000114ec7317b0 Implicit null exception at 0x00000114f746859a to 0x00000114f74687bc
Event: 1.819 Thread 0x00000114ec7317b0 Exception <a 'java/lang/NoSuchMethodError'{0x00000000d56e99e8}: 'void java.lang.invoke.DirectMethodHandle$Holder.invokeStatic(java.lang.Object, java.lang.Object, java.lang.Object, java.lang.Object)'> (0x00000000d56e99e8) 
thrown [s\src\hotspot\share\interpreter\linkResolver.cpp, line 773]
Event: 1.822 Thread 0x00000114ec7317b0 Implicit null exception at 0x00000114f745bf40 to 0x00000114f745bfc5
Event: 2.090 Thread 0x00000114ec7317b0 Exception <a 'java/lang/NoSuchMethodError'{0x00000000d59d6220}: 'void java.lang.invoke.DirectMethodHandle$Holder.invokeSpecial(java.lang.Object, java.lang.Object, java.lang.Object)'> (0x00000000d59d6220) 
thrown [s\src\hotspot\share\interpreter\linkResolver.cpp, line 773]
Event: 2.712 Thread 0x00000114ec7317b0 Exception <a 'java/lang/NoSuchMethodError'{0x00000000d64539d0}: 'int java.lang.invoke.DirectMethodHandle$Holder.invokeVirtual(java.lang.Object, java.lang.Object)'> (0x00000000d64539d0) 
thrown [s\src\hotspot\share\interpreter\linkResolver.cpp, line 773]
Event: 2.868 Thread 0x00000114ec7317b0 Exception <a 'java/lang/NoSuchMethodError'{0x00000000d65db4e8}: 'int java.lang.invoke.DirectMethodHandle$Holder.invokeStaticInit(java.lang.Object, java.lang.Object, java.lang.Object, java.lang.Object)'> (0x00000000d65db4e8) 
thrown [s\src\hotspot\share\interpreter\linkResolver.cpp, line 773]
Event: 2.871 Thread 0x00000114ec7317b0 Exception <a 'java/lang/IncompatibleClassChangeError'{0x00000000d65e38f0}: Found class java.lang.Object, but interface was expected> (0x00000000d65e38f0) 
thrown [s\src\hotspot\share\interpreter\linkResolver.cpp, line 840]
Event: 2.872 Thread 0x00000114ec7317b0 Exception <a 'java/lang/NoSuchMethodError'{0x00000000d65ea7c0}: 'void java.lang.invoke.DirectMethodHandle$Holder.invokeStaticInit(java.lang.Object, java.lang.Object)'> (0x00000000d65ea7c0) 
thrown [s\src\hotspot\share\interpreter\linkResolver.cpp, line 773]
Event: 2.874 Thread 0x00000114ec7317b0 Exception <a 'java/lang/NoSuchMethodError'{0x00000000d65f4500}: 'int java.lang.invoke.DirectMethodHandle$Holder.invokeStaticInit(java.lang.Object, java.lang.Object)'> (0x00000000d65f4500) 
thrown [s\src\hotspot\share\interpreter\linkResolver.cpp, line 773]
Event: 2.989 Thread 0x00000114ec7317b0 Exception <a 'java/lang/NoSuchMethodError'{0x00000000d686c108}: 'java.lang.Object java.lang.invoke.DirectMethodHandle$Holder.newInvokeSpecial(java.lang.Object, int, java.lang.Object)'> (0x00000000d686c108) 
thrown [s\src\hotspot\share\interpreter\linkResolver.cpp, line 773]
Event: 3.289 Thread 0x00000114ec7317b0 Exception <a 'java/lang/ClassNotFoundException'{0x00000000d6a8ff70}: sun/net/www/protocol/plurl/Handler> (0x00000000d6a8ff70) 
thrown [s\src\hotspot\share\classfile\systemDictionary.cpp, line 312]
Event: 3.289 Thread 0x00000114ec7317b0 Exception <a 'java/lang/ClassNotFoundException'{0x00000000d6a90df0}: sun/net/www/protocol/plurl/Handler> (0x00000000d6a90df0) 
thrown [s\src\hotspot\share\classfile\systemDictionary.cpp, line 312]
Event: 3.807 Thread 0x00000114ec7317b0 Exception <a 'java/lang/UnsatisfiedLinkError'{0x00000000d566fe60}: 'void org.eclipse.equinox.launcher.JNIBridge._update_splash()'> (0x00000000d566fe60) 
thrown [s\src\hotspot\share\prims\nativeLookup.cpp, line 415]
Event: 3.895 Thread 0x00000114ca308950 Exception <a 'java/lang/NoSuchMethodError'{0x00000000d58e6fd8}: 'void java.lang.invoke.DirectMethodHandle$Holder.invokeInterface(java.lang.Object, java.lang.Object, java.lang.Object)'> (0x00000000d58e6fd8) 
thrown [s\src\hotspot\share\interpreter\linkResolver.cpp, line 773]
Event: 4.165 Thread 0x00000114ca37b860 Exception <a 'java/lang/NoSuchMethodError'{0x00000000d5cceb80}: 'java.lang.Object java.lang.invoke.DirectMethodHandle$Holder.newInvokeSpecial(java.lang.Object, java.lang.Object, int, java.lang.Object)'> (0x00000000d5cceb80) 
thrown [s\src\hotspot\share\interpreter\linkResolver.cpp, line 773]
Event: 4.166 Thread 0x00000114ca37b860 Exception <a 'java/lang/NoSuchMethodError'{0x00000000d5cd29b0}: 'java.lang.Object java.lang.invoke.DirectMethodHandle$Holder.invokeSpecial(java.lang.Object, java.lang.Object, java.lang.Object, int, java.lang.Object)'> (0x00000000d5cd29b0) 
thrown [s\src\hotspot\share\interpreter\linkResolver.cpp, line 773]
Event: 4.237 Thread 0x00000114ca37b860 Exception <a 'java/lang/NoClassDefFoundError'{0x00000000d5d79b88}: jakarta/servlet/ServletContainerInitializer> (0x00000000d5d79b88) 
thrown [s\src\hotspot\share\classfile\systemDictionary.cpp, line 301]
Event: 4.319 Thread 0x00000114ca37b860 Exception <a 'java/lang/ClassNotFoundException'{0x00000000d5ee6a48}: sun/util/logging/resources/spi/loggingProvider> (0x00000000d5ee6a48) 
thrown [s\src\hotspot\share\classfile\systemDictionary.cpp, line 312]

ZGC Phase Switch (0 events):
No events

VM Operations (20 events):
Event: 3.692 Executing VM operation: ParallelGCFailedAllocation (Allocation Failure)
Event: 3.706 Executing VM operation: ParallelGCFailedAllocation (Allocation Failure) done
Event: 4.286 Executing VM operation: HandshakeAllThreads (Deoptimize)
Event: 4.286 Executing VM operation: HandshakeAllThreads (Deoptimize) done
Event: 4.348 Executing VM operation: HandshakeAllThreads (Deoptimize)
Event: 4.348 Executing VM operation: HandshakeAllThreads (Deoptimize) done
Event: 4.384 Executing VM operation: HandshakeAllThreads (Deoptimize)
Event: 4.384 Executing VM operation: HandshakeAllThreads (Deoptimize) done
Event: 4.404 Executing VM operation: HandshakeAllThreads (Deoptimize)
Event: 4.404 Executing VM operation: HandshakeAllThreads (Deoptimize) done
Event: 5.409 Executing VM operation: Cleanup
Event: 5.410 Executing VM operation: Cleanup done
Event: 8.102 Executing VM operation: ParallelGCFailedAllocation (Allocation Failure)
Event: 8.113 Executing VM operation: ParallelGCFailedAllocation (Allocation Failure) done
Event: 9.158 Executing VM operation: HandshakeAllThreads (Deoptimize)
Event: 9.158 Executing VM operation: HandshakeAllThreads (Deoptimize) done
Event: 9.158 Executing VM operation: Cleanup
Event: 9.158 Executing VM operation: Cleanup done
Event: 11.159 Executing VM operation: Cleanup
Event: 11.159 Executing VM operation: Cleanup done

Memory protections (0 events):
No events

Nmethod flushes (0 events):
No events

Events (16 events):
Event: 0.087 Thread 0x00000114ec7317b0 Thread added: 0x00000114ec7317b0
Event: 0.115 Thread 0x00000114ec7317b0 Thread added: 0x00000114ec69d820
Event: 0.115 Thread 0x00000114ec7317b0 Thread added: 0x00000114ec69ee80
Event: 0.115 Thread 0x00000114ec7317b0 Thread added: 0x00000114ec69fb90
Event: 0.115 Thread 0x00000114ec7317b0 Thread added: 0x00000114ec6a08a0
Event: 0.116 Thread 0x00000114ec7317b0 Thread added: 0x00000114ec6a1f00
Event: 0.116 Thread 0x00000114ec7317b0 Thread added: 0x00000114ec6a3960
Event: 0.116 Thread 0x00000114ec7317b0 Thread added: 0x00000114ec6a46e0
Event: 0.116 Thread 0x00000114ec7317b0 Thread added: 0x00000114ec6ab040
Event: 0.271 Thread 0x00000114ec7317b0 Thread added: 0x00000114c5bbed40
Event: 0.704 Thread 0x00000114ec7317b0 Thread added: 0x00000114c5cca910
Event: 2.912 Thread 0x00000114ec7317b0 Thread added: 0x00000114ca472230
Event: 3.804 Thread 0x00000114ec7317b0 Thread added: 0x00000114ca308950
Event: 3.904 Thread 0x00000114ca308950 Thread added: 0x00000114ca37b200
Event: 3.924 Thread 0x00000114ec7317b0 Thread added: 0x00000114ca37b860
Event: 8.318 Thread 0x00000114ca37b860 Thread added: 0x00000114ca99db40


Dynamic libraries:
0x00007ff6bd880000 - 0x00007ff6bd88e000 	c:\Users\Administrator\.antigravity\extensions\redhat.java-1.51.0-win32-x64\jre\21.0.9-win32-x86_64\bin\java.exe
0x00007ffd13080000 - 0x00007ffd13270000 	C:\Windows\SYSTEM32\ntdll.dll
0x00007ffd116a0000 - 0x00007ffd11752000 	C:\Windows\System32\KERNEL32.DLL
0x00007ffd10c00000 - 0x00007ffd10ea5000 	C:\Windows\System32\KERNELBASE.dll
0x00007ffd10b00000 - 0x00007ffd10bfa000 	C:\Windows\System32\ucrtbase.dll
0x00007ffcf5db0000 - 0x00007ffcf5dc8000 	c:\Users\Administrator\.antigravity\extensions\redhat.java-1.51.0-win32-x64\jre\21.0.9-win32-x86_64\bin\jli.dll
0x00007ffd12600000 - 0x00007ffd12794000 	C:\Windows\System32\USER32.dll
0x00007ffd0fff0000 - 0x00007ffd10011000 	C:\Windows\System32\win32u.dll
0x00007ffd11670000 - 0x00007ffd11696000 	C:\Windows\System32\GDI32.dll
0x00007ffd108b0000 - 0x00007ffd10a48000 	C:\Windows\System32\gdi32full.dll
0x00007ffd10810000 - 0x00007ffd108ae000 	C:\Windows\System32\msvcp_win.dll
0x00007ffce2010000 - 0x00007ffce202e000 	c:\Users\Administrator\.antigravity\extensions\redhat.java-1.51.0-win32-x64\jre\21.0.9-win32-x86_64\bin\VCRUNTIME140.dll
0x00007ffcf7250000 - 0x00007ffcf74d4000 	C:\Windows\WinSxS\amd64_microsoft.windows.common-controls_6595b64144ccf1df_6.0.18362.1556_none_9e7e372fe45e41d5\COMCTL32.dll
0x00007ffd11760000 - 0x00007ffd117fe000 	C:\Windows\System32\msvcrt.dll
0x00007ffd12940000 - 0x00007ffd12c76000 	C:\Windows\System32\combase.dll
0x00007ffd12820000 - 0x00007ffd1293f000 	C:\Windows\System32\RPCRT4.dll
0x00007ffd10eb0000 - 0x00007ffd10f31000 	C:\Windows\System32\bcryptPrimitives.dll
0x00007ffd12dc0000 - 0x00007ffd12dee000 	C:\Windows\System32\IMM32.DLL
0x00007ffd055e0000 - 0x00007ffd055ec000 	c:\Users\Administrator\.antigravity\extensions\redhat.java-1.51.0-win32-x64\jre\21.0.9-win32-x86_64\bin\vcruntime140_1.dll
0x00007ffcc58d0000 - 0x00007ffcc595d000 	c:\Users\Administrator\.antigravity\extensions\redhat.java-1.51.0-win32-x64\jre\21.0.9-win32-x86_64\bin\msvcp140.dll
0x00007ffc9d180000 - 0x00007ffc9df20000 	c:\Users\Administrator\.antigravity\extensions\redhat.java-1.51.0-win32-x64\jre\21.0.9-win32-x86_64\bin\server\jvm.dll
0x00007ffd12470000 - 0x00007ffd12513000 	C:\Windows\System32\ADVAPI32.dll
0x00007ffd12df0000 - 0x00007ffd12e87000 	C:\Windows\System32\sechost.dll
0x00007ffd0ff40000 - 0x00007ffd0ff8a000 	C:\Windows\System32\POWRPROF.dll
0x00007ffd0ff30000 - 0x00007ffd0ff40000 	C:\Windows\System32\UMPDC.dll
0x00007ffd12e90000 - 0x00007ffd12eff000 	C:\Windows\System32\WS2_32.dll
0x00007ffd08fa0000 - 0x00007ffd08fc4000 	C:\Windows\SYSTEM32\WINMM.dll
0x00007ffd06660000 - 0x00007ffd0666a000 	C:\Windows\SYSTEM32\VERSION.dll
0x00007ffd08f70000 - 0x00007ffd08f9d000 	C:\Windows\SYSTEM32\WINMMBASE.dll
0x00007ffd10020000 - 0x00007ffd1006a000 	C:\Windows\System32\cfgmgr32.dll
0x00007ffd0ffb0000 - 0x00007ffd0ffc1000 	C:\Windows\System32\kernel.appcore.dll
0x00007ffcfc6a0000 - 0x00007ffcfc6aa000 	c:\Users\Administrator\.antigravity\extensions\redhat.java-1.51.0-win32-x64\jre\21.0.9-win32-x86_64\bin\jimage.dll
0x00007ffd0e840000 - 0x00007ffd0ea34000 	C:\Windows\SYSTEM32\DBGHELP.DLL
0x00007ffcf46e0000 - 0x00007ffcf470a000 	C:\Windows\SYSTEM32\dbgcore.DLL
0x00007ffcfb0d0000 - 0x00007ffcfb0df000 	c:\Users\Administrator\.antigravity\extensions\redhat.java-1.51.0-win32-x64\jre\21.0.9-win32-x86_64\bin\instrument.dll
0x00007ffce0790000 - 0x00007ffce07b0000 	c:\Users\Administrator\.antigravity\extensions\redhat.java-1.51.0-win32-x64\jre\21.0.9-win32-x86_64\bin\java.dll
0x00007ffd11c40000 - 0x00007ffd12327000 	C:\Windows\System32\SHELL32.dll
0x00007ffd12d10000 - 0x00007ffd12db8000 	C:\Windows\System32\shcore.dll
0x00007ffd10090000 - 0x00007ffd1080b000 	C:\Windows\System32\windows.storage.dll
0x00007ffd0ff90000 - 0x00007ffd0ffae000 	C:\Windows\System32\profapi.dll
0x00007ffd11be0000 - 0x00007ffd11c32000 	C:\Windows\System32\shlwapi.dll
0x00007ffd10070000 - 0x00007ffd10087000 	C:\Windows\System32\cryptsp.dll
0x00007ffce06d0000 - 0x00007ffce06e8000 	c:\Users\Administrator\.antigravity\extensions\redhat.java-1.51.0-win32-x64\jre\21.0.9-win32-x86_64\bin\zip.dll
0x00007ffcf6cf0000 - 0x00007ffcf6d00000 	C:\Users\Administrator\.antigravity\extensions\redhat.java-1.51.0-win32-x64\jre\21.0.9-win32-x86_64\bin\net.dll
0x00007ffd08d40000 - 0x00007ffd08e3a000 	C:\Windows\SYSTEM32\WINHTTP.dll
0x00007ffd0f770000 - 0x00007ffd0f7d7000 	C:\Windows\system32\mswsock.dll
0x00007ffce0480000 - 0x00007ffce0496000 	C:\Users\Administrator\.antigravity\extensions\redhat.java-1.51.0-win32-x64\jre\21.0.9-win32-x86_64\bin\nio.dll
0x00007ffcf5f10000 - 0x00007ffcf5f20000 	c:\Users\Administrator\.antigravity\extensions\redhat.java-1.51.0-win32-x64\jre\21.0.9-win32-x86_64\bin\verify.dll
0x00007ffcc4ee0000 - 0x00007ffcc4f24000 	C:\Users\Administrator\AppData\Roaming\Antigravity\User\globalStorage\redhat.java\1.51.0\config_win\org.eclipse.equinox.launcher\org.eclipse.equinox.launcher.win32.win32.x86_64_1.2.1400.v20250801-0854\eclipse_11916.dll
0x00007ffd119b0000 - 0x00007ffd11b07000 	C:\Windows\System32\ole32.dll

JVMTI agents:
c:\Users\Administrator\.antigravity\extensions\redhat.java-1.51.0-win32-x64\lombok\lombok-1.18.39-4050.jar path:c:\Users\Administrator\.antigravity\extensions\redhat.java-1.51.0-win32-x64\jre\21.0.9-win32-x86_64\bin\instrument.dll, loaded, initialized, instrumentlib options:none

dbghelp: loaded successfully - version: 4.0.5 - missing functions: none
symbol engine: initialized successfully - sym options: 0x614 - pdb path: .;c:\Users\Administrator\.antigravity\extensions\redhat.java-1.51.0-win32-x64\jre\21.0.9-win32-x86_64\bin;C:\Windows\SYSTEM32;C:\Windows\WinSxS\amd64_microsoft.windows.common-controls_6595b64144ccf1df_6.0.18362.1556_none_9e7e372fe45e41d5;c:\Users\Administrator\.antigravity\extensions\redhat.java-1.51.0-win32-x64\jre\21.0.9-win32-x86_64\bin\server;C:\Users\Administrator\AppData\Roaming\Antigravity\User\globalStorage\redhat.java\1.51.0\config_win\org.eclipse.equinox.launcher\org.eclipse.equinox.launcher.win32.win32.x86_64_1.2.1400.v20250801-0854

VM Arguments:
jvm_args: --add-modules=ALL-SYSTEM --add-opens=java.base/java.util=ALL-UNNAMED --add-opens=java.base/java.lang=ALL-UNNAMED --add-opens=java.base/sun.nio.fs=ALL-UNNAMED -Declipse.application=org.eclipse.jdt.ls.core.id1 -Dosgi.bundles.defaultStartLevel=4 -Declipse.product=org.eclipse.jdt.ls.core.product -Djava.import.generatesMetadataFilesAtProjectRoot=false -DDetectVMInstallationsJob.disabled=true -Dfile.encoding=utf8 -XX:+UseParallelGC -XX:GCTimeRatio=4 -XX:AdaptiveSizePolicyWeight=90 -Dsun.zip.disableMemoryMapping=true -Xmx2G -Xms100m -Xlog:disable -javaagent:c:\Users\Administrator\.antigravity\extensions\redhat.java-1.51.0-win32-x64\lombok\lombok-1.18.39-4050.jar -XX:+HeapDumpOnOutOfMemoryError -XX:HeapDumpPath=c:\Users\Administrator\AppData\Roaming\Antigravity\User\workspaceStorage\9dc1cad281cafc8938dd036e9dabeaab\redhat.java -Daether.dependencyCollector.impl=bf 
java_command: c:\Users\Administrator\.antigravity\extensions\redhat.java-1.51.0-win32-x64\server\plugins\org.eclipse.equinox.launcher_1.7.100.v20251111-0406.jar -configuration c:\Users\Administrator\AppData\Roaming\Antigravity\User\globalStorage\redhat.java\1.51.0\config_win -data c:\Users\Administrator\AppData\Roaming\Antigravity\User\workspaceStorage\9dc1cad281cafc8938dd036e9dabeaab\redhat.java\jdt_ws --pipe=\\.\pipe\lsp-b31aef2d336841329c0b4258c6612bef-sock
java_class_path (initial): c:\Users\Administrator\.antigravity\extensions\redhat.java-1.51.0-win32-x64\server\plugins\org.eclipse.equinox.launcher_1.7.100.v20251111-0406.jar
Launcher Type: SUN_STANDARD

[Global flags]
    uintx AdaptiveSizePolicyWeight                 = 90                                        {product} {command line}
     intx CICompilerCount                          = 4                                         {product} {ergonomic}
    uintx GCTimeRatio                              = 4                                         {product} {command line}
     bool HeapDumpOnOutOfMemoryError               = true                                   {manageable} {command line}
    ccstr HeapDumpPath                             = c:\Users\Administrator\AppData\Roaming\Antigravity\User\workspaceStorage\9dc1cad281cafc8938dd036e9dabeaab\redhat.java         {manageable} {command line}
   size_t InitialHeapSize                          = 104857600                                 {product} {command line}
   size_t MaxHeapSize                              = 2147483648                                {product} {command line}
   size_t MaxNewSize                               = 715653120                                 {product} {ergonomic}
   size_t MinHeapDeltaBytes                        = 524288                                    {product} {ergonomic}
   size_t MinHeapSize                              = 104857600                                 {product} {command line}
   size_t NewSize                                  = 34603008                                  {product} {ergonomic}
    uintx NonNMethodCodeHeapSize                   = 5839372                                {pd product} {ergonomic}
    uintx NonProfiledCodeHeapSize                  = 122909434                              {pd product} {ergonomic}
   size_t OldSize                                  = 70254592                                  {product} {ergonomic}
    uintx ProfiledCodeHeapSize                     = 122909434                              {pd product} {ergonomic}
    uintx ReservedCodeCacheSize                    = 251658240                              {pd product} {ergonomic}
     bool SegmentedCodeCache                       = true                                      {product} {ergonomic}
   size_t SoftMaxHeapSize                          = 2147483648                             {manageable} {ergonomic}
     bool UseCompressedOops                        = true                           {product lp64_product} {ergonomic}
     bool UseLargePagesIndividualAllocation        = false                                  {pd product} {ergonomic}
     bool UseParallelGC                            = true                                      {product} {command line}

Logging:
Log output configuration:
 #0: stdout all=off uptime,level,tags foldmultilines=false
 #1: stderr all=off uptime,level,tags foldmultilines=false

Release file:
JAVA_VERSION="21.0.9" 
MODULES="java.base java.compiler java.datatransfer java.xml java.prefs java.desktop java.instrument java.logging java.management java.security.sasl java.naming java.rmi java.management.rmi java.net.http java.scripting java.security.jgss java.transaction.xa java.sql java.sql.rowset java.xml.crypto java.se java.smartcardio jdk.accessibility jdk.internal.jvmstat jdk.attach jdk.charsets jdk.internal.opt jdk.zipfs jdk.compiler jdk.crypto.ec jdk.crypto.cryptoki jdk.crypto.mscapi jdk.dynalink jdk.internal.ed jdk.editpad jdk.hotspot.agent jdk.httpserver jdk.internal.le jdk.internal.vm.ci jdk.internal.vm.compiler jdk.internal.vm.compiler.management jdk.jartool jdk.javadoc jdk.jcmd jdk.management jdk.management.agent jdk.jconsole jdk.jdeps jdk.jdwp.agent jdk.jdi jdk.jfr jdk.jshell jdk.jsobject jdk.jstatd jdk.localedata jdk.management.jfr jdk.naming.dns jdk.naming.rmi jdk.net jdk.nio.mapmode jdk.random jdk.sctp jdk.security.auth jdk.security.jgss jdk.unsupported jdk.unsupported.desktop jdk.xml.dom" 

Environment Variables:
JAVA_HOME=D:\datn\jdk-17.0.16+8
PATH=d:\cursor\resources\app\bin;C:\Program Files\Python313\Scripts\;C:\Program Files\Python313\;C:\php-8.3.14-nts-Win32-vs16-x64;C:\Windows\system32;C:\Windows;C:\Windows\System32\Wbem;C:\Windows\System32\WindowsPowerShell\v1.0\;C:\Windows\System32\OpenSSH\;C:\Program Files\Microsoft SQL Server\Client SDK\ODBC\170\Tools\Binn\;C:\Program Files (x86)\Microsoft SQL Server\150\Tools\Binn\;C:\Program Files\Microsoft SQL Server\150\Tools\Binn\;C:\Program Files\Microsoft SQL Server\150\DTS\Binn\;C:\Program Files\Azure Data Studio\bin;C:\Program Files\dotnet\;D:\Git\cmd;C:\php-8.4.0-nts-Win32-vs17-x64;C:\ProgramData\ComposerSetup\bin;D:\datn\jdk-17.0.16+8\bin;C:\axis2-1.8.2\bin;D:\datn\apache-maven-3.9.11\bin;C:\Program Files\nodejs\;C:\php-8.4.0-nts-Win32-vs17-x64;C:\Users\Administrator\AppData\Local\Microsoft\WindowsApps;C:\Program Files\Azure Data Studio\bin;C:\Users\Administrator\.dotnet\tools;C:\php-8.3.14-nts-Win32-vs16-x64;C:\Users\Administrator\AppData\Roaming\Composer\vendor\bin;D:\datn\jdk-17.0.16+8;C:\axis2-1.;C:\php-8.4.0-nts-Win32-vs17-x64;C:\Users\Administrator\AppData\Local\Microsoft\WindowsApps;C:\Program Files\Azure Data Studio\bin;C:\Users\Administrator\AppData\Local\Programs\Microsoft VS Code\bin;C:\Users\Administrator\.dotnet\tools;C:\php-8.3.14-nts-Win32-vs16-x64;C:\Users\Administrator\AppData\Roaming\Composer\vendor\bin;D:\datn\jdk-17.0.16+8;C:\axis2-1.8.2;D:\cursor\resources\app\bin;D:\datn\apache-maven-3.9.11\bin;C:\Users\Administrator\AppData\Roaming\npm;C:\Users\Administrator\AppData\Local\Programs\Antigravity\bin
USERNAME=Administrator
OS=Windows_NT
PROCESSOR_IDENTIFIER=Intel64 Family 6 Model 142 Stepping 12, GenuineIntel
TMP=C:\Users\ADMINI~1\AppData\Local\Temp
TEMP=C:\Users\ADMINI~1\AppData\Local\Temp




Periodic native trim disabled

---------------  S Y S T E M  ---------------

OS:
 Windows 10 , 64 bit Build 18362 (10.0.18362.1500)
OS uptime: 22 days 0:32 hours

CPU: total 8 (initial active 8) (4 cores per cpu, 2 threads per core) family 6 model 142 stepping 12 microcode 0xde, cx8, cmov, fxsr, ht, mmx, 3dnowpref, sse, sse2, sse3, ssse3, sse4.1, sse4.2, popcnt, lzcnt, tsc, tscinvbit, avx, avx2, aes, erms, clmul, bmi1, bmi2, adx, fma, vzeroupper, clflush, clflushopt, rdtscp, f16c
Processor Information for the first 8 processors :
  Max Mhz: 1800, Current Mhz: 1600, Mhz Limit: 1584

Memory: 4k page, system-wide physical 3889M (55M free)
TotalPageFile size 15665M (AvailPageFile size 0M)
current process WorkingSet (physical memory assigned to process): 33M, peak: 99M
current process commit charge ("private bytes"): 244M, peak: 248M

vm_info: OpenJDK 64-Bit Server VM (21.0.9+10-LTS) for windows-amd64 JRE (21.0.9+10-LTS), built on 2025-10-21T00:00:00Z by "admin" with unknown MS VC++:1942

END.
