#
# There is insufficient memory for the Java Runtime Environment to continue.
# Native memory allocation (malloc) failed to allocate 1048576 bytes. Error detail: AllocateHeap
# Possible reasons:
#   The system is out of physical RAM or swap space
#   This process is running with CompressedOops enabled, and the Java Heap may be blocking the growth of the native heap
# Possible solutions:
#   Reduce memory load on the system
#   Increase physical memory or swap space
#   Check if swap backing store is full
#   Decrease Java heap size (-Xmx/-Xms)
#   Decrease number of Java threads
#   Decrease Java thread stack sizes (-Xss)
#   Set larger code cache with -XX:ReservedCodeCacheSize=
#   JVM is running with Unscaled Compressed Oops mode in which the Java heap is
#     placed in the first 4GB address space. The Java Heap base address is the
#     maximum limit for the native heap growth. Please use -XX:HeapBaseMinAddress
#     to set the Java Heap base and to place the Java Heap above 4GB virtual address.
# This output file may be truncated or incomplete.
#
#  Out of Memory Error (allocation.cpp:44), pid=13892, tid=6900
#
# JRE version: OpenJDK Runtime Environment Temurin-21.0.9+10 (21.0.9+10) (build 21.0.9+10-LTS)
# Java VM: OpenJDK 64-Bit Server VM Temurin-21.0.9+10 (21.0.9+10-LTS, mixed mode, sharing, tiered, compressed oops, compressed class ptrs, parallel gc, windows-amd64)
# No core dump will be written. Minidumps are not enabled by default on client versions of Windows
#

---------------  S U M M A R Y ------------

Command Line: --add-modules=ALL-SYSTEM --add-opens=java.base/java.util=ALL-UNNAMED --add-opens=java.base/java.lang=ALL-UNNAMED --add-opens=java.base/sun.nio.fs=ALL-UNNAMED -Declipse.application=org.eclipse.jdt.ls.core.id1 -Dosgi.bundles.defaultStartLevel=4 -Declipse.product=org.eclipse.jdt.ls.core.product -Djava.import.generatesMetadataFilesAtProjectRoot=false -DDetectVMInstallationsJob.disabled=true -Dfile.encoding=utf8 -XX:+UseParallelGC -XX:GCTimeRatio=4 -XX:AdaptiveSizePolicyWeight=90 -Dsun.zip.disableMemoryMapping=true -Xmx2G -Xms100m -Xlog:disable -javaagent:c:\Users\Administrator\.antigravity\extensions\redhat.java-1.50.0-win32-x64\lombok\lombok-1.18.39-4050.jar -XX:+HeapDumpOnOutOfMemoryError -XX:HeapDumpPath=c:\Users\Administrator\AppData\Roaming\Antigravity\User\workspaceStorage\9dc1cad281cafc8938dd036e9dabeaab\redhat.java -Daether.dependencyCollector.impl=bf c:\Users\Administrator\.antigravity\extensions\redhat.java-1.50.0-win32-x64\server\plugins\org.eclipse.equinox.launcher_1.7.100.v20251111-0406.jar -configuration c:\Users\Administrator\AppData\Roaming\Antigravity\User\globalStorage\redhat.java\1.50.0\config_win -data c:\Users\Administrator\AppData\Roaming\Antigravity\User\workspaceStorage\9dc1cad281cafc8938dd036e9dabeaab\redhat.java\jdt_ws --pipe=\\.\pipe\lsp-a8b15485ba025b7fdb02aca9613f6c98-sock

Host: Intel(R) Core(TM) i5-8265U CPU @ 1.60GHz, 8 cores, 3G,  Windows 10 , 64 bit Build 18362 (10.0.18362.1500)
Time: Mon Dec 22 22:08:41 2025 SE Asia Standard Time elapsed time: 11402.950018 seconds (0d 3h 10m 2s)

---------------  T H R E A D  ---------------

Current thread (0x000001daff3d0310):  JavaThread "Attach Listener" daemon [_thread_in_vm, id=6900, stack(0x000000727d600000,0x000000727d700000) (1024K)]

Stack: [0x000000727d600000,0x000000727d700000]
Native frames: (J=compiled Java code, j=interpreted, Vv=VM code, C=native code)
V  [jvm.dll+0x6d6e29]
V  [jvm.dll+0x8b4b76]
V  [jvm.dll+0x8b712e]
V  [jvm.dll+0x8b7813]
V  [jvm.dll+0x283d86]
V  [jvm.dll+0xc1277]
V  [jvm.dll+0x6d76d9]
V  [jvm.dll+0x133466]
V  [jvm.dll+0x3f7ea6]
V  [jvm.dll+0x85e9ad]
V  [jvm.dll+0x6d565d]
C  [ucrtbase.dll+0x210b2]
C  [KERNEL32.DLL+0x17c24]
C  [ntdll.dll+0x6d721]


---------------  P R O C E S S  ---------------

Threads class SMR info:
_java_thread_list=0x000001dadaba91f0, length=34, elements={
0x000001daf96bffc0, 0x000001daff3cae10, 0x000001daff3cc1b0, 0x000001daff3cf8c0,
0x000001daff3d0310, 0x000001daff3d2000, 0x000001daff3d7f60, 0x000001daff3da6f0,
0x000001daff3dc980, 0x000001dad9250da0, 0x000001dad928b140, 0x000001dad969ea10,
0x000001dad9aaa610, 0x000001dad9594300, 0x000001dad95935e0, 0x000001dad99da080,
0x000001dad99da710, 0x000001dad99d5850, 0x000001dad99d3780, 0x000001dad99d5ee0,
0x000001dad99d7920, 0x000001dad99d44a0, 0x000001dad99d7fb0, 0x000001dad99d8640,
0x000001dad99d8cd0, 0x000001dad99d9360, 0x000001dad9593c70, 0x000001dad9592f50,
0x000001dadb905020, 0x000001dadb8fe720, 0x000001dadb8fedb0, 0x000001dadb8ff440,
0x000001dadbd1cd50, 0x000001dadbd1fb40
}

Java Threads: ( => current thread )
  0x000001daf96bffc0 JavaThread "main"                              [_thread_blocked, id=12116, stack(0x000000727cf00000,0x000000727d000000) (1024K)]
  0x000001daff3cae10 JavaThread "Reference Handler"          daemon [_thread_blocked, id=2480, stack(0x000000727d300000,0x000000727d400000) (1024K)]
  0x000001daff3cc1b0 JavaThread "Finalizer"                  daemon [_thread_blocked, id=11284, stack(0x000000727d400000,0x000000727d500000) (1024K)]
  0x000001daff3cf8c0 JavaThread "Signal Dispatcher"          daemon [_thread_blocked, id=14084, stack(0x000000727d500000,0x000000727d600000) (1024K)]
=>0x000001daff3d0310 JavaThread "Attach Listener"            daemon [_thread_in_vm, id=6900, stack(0x000000727d600000,0x000000727d700000) (1024K)]
  0x000001daff3d2000 JavaThread "Service Thread"             daemon [_thread_blocked, id=7400, stack(0x000000727d700000,0x000000727d800000) (1024K)]
  0x000001daff3d7f60 JavaThread "Monitor Deflation Thread"   daemon [_thread_blocked, id=5636, stack(0x000000727d800000,0x000000727d900000) (1024K)]
  0x000001daff3da6f0 JavaThread "C2 CompilerThread0"         daemon [_thread_blocked, id=14536, stack(0x000000727d900000,0x000000727da00000) (1024K)]
  0x000001daff3dc980 JavaThread "C1 CompilerThread0"         daemon [_thread_blocked, id=11856, stack(0x000000727da00000,0x000000727db00000) (1024K)]
  0x000001dad9250da0 JavaThread "Common-Cleaner"             daemon [_thread_blocked, id=4764, stack(0x000000727db00000,0x000000727dc00000) (1024K)]
  0x000001dad928b140 JavaThread "Notification Thread"        daemon [_thread_blocked, id=5096, stack(0x000000727dc00000,0x000000727dd00000) (1024K)]
  0x000001dad969ea10 JavaThread "Active Thread: Equinox Container: 63368dfa-0568-4907-b35e-ef30ae5d722f"        [_thread_blocked, id=10196, stack(0x000000727e900000,0x000000727ea00000) (1024K)]
  0x000001dad9aaa610 JavaThread "Framework Event Dispatcher: Equinox Container: 63368dfa-0568-4907-b35e-ef30ae5d722f" daemon [_thread_blocked, id=280, stack(0x000000727ea00000,0x000000727eb00000) (1024K)]
  0x000001dad9594300 JavaThread "Start Level: Equinox Container: 63368dfa-0568-4907-b35e-ef30ae5d722f" daemon [_thread_blocked, id=12136, stack(0x000000727ec00000,0x000000727ed00000) (1024K)]
  0x000001dad95935e0 JavaThread "Refresh Thread: Equinox Container: 63368dfa-0568-4907-b35e-ef30ae5d722f" daemon [_thread_blocked, id=11412, stack(0x000000727ed00000,0x000000727ee00000) (1024K)]
  0x000001dad99da080 JavaThread "Bundle File Closer"         daemon [_thread_blocked, id=8744, stack(0x000000727f000000,0x000000727f100000) (1024K)]
  0x000001dad99da710 JavaThread "SCR Component Actor"        daemon [_thread_blocked, id=11848, stack(0x000000727e300000,0x000000727e400000) (1024K)]
  0x000001dad99d5850 JavaThread "Worker-JM"                         [_thread_blocked, id=13904, stack(0x000000727e400000,0x000000727e500000) (1024K)]
  0x000001dad99d3780 JavaThread "Java indexing"              daemon [_thread_blocked, id=7076, stack(0x000000727e700000,0x000000727e800000) (1024K)]
  0x000001dad99d5ee0 JavaThread "JNA Cleaner"                daemon [_thread_blocked, id=15284, stack(0x000000727ef00000,0x000000727f000000) (1024K)]
  0x000001dad99d7920 JavaThread "Thread-1"                   daemon [_thread_in_native, id=12552, stack(0x000000727f300000,0x000000727f400000) (1024K)]
  0x000001dad99d44a0 JavaThread "Thread-2"                   daemon [_thread_in_native, id=9764, stack(0x000000727f400000,0x000000727f500000) (1024K)]
  0x000001dad99d7fb0 JavaThread "Thread-3"                   daemon [_thread_in_native, id=6880, stack(0x000000727f500000,0x000000727f600000) (1024K)]
  0x000001dad99d8640 JavaThread "Thread-4"                   daemon [_thread_in_native, id=14520, stack(0x000000727f600000,0x000000727f700000) (1024K)]
  0x000001dad99d8cd0 JavaThread "Thread-5"                   daemon [_thread_in_native, id=15456, stack(0x000000727f700000,0x000000727f800000) (1024K)]
  0x000001dad99d9360 JavaThread "Thread-6"                   daemon [_thread_in_native, id=10468, stack(0x000000727f800000,0x000000727f900000) (1024K)]
  0x000001dad9593c70 JavaThread "Thread-7"                   daemon [_thread_in_native, id=12336, stack(0x000000727f900000,0x000000727fa00000) (1024K)]
  0x000001dad9592f50 JavaThread "Thread-8"                   daemon [_thread_in_native, id=15964, stack(0x000000727fa00000,0x000000727fb00000) (1024K)]
  0x000001dadb905020 JavaThread "Thread-9"                   daemon [_thread_in_native, id=4212, stack(0x000000727fb00000,0x000000727fc00000) (1024K)]
  0x000001dadb8fe720 JavaThread "pool-2-thread-1"                   [_thread_blocked, id=14452, stack(0x000000727fc00000,0x000000727fd00000) (1024K)]
  0x000001dadb8fedb0 JavaThread "WorkspaceEventsHandler"            [_thread_blocked, id=1412, stack(0x000000727fd00000,0x000000727fe00000) (1024K)]
  0x000001dadb8ff440 JavaThread "pool-1-thread-1"                   [_thread_blocked, id=9004, stack(0x000000727fe00000,0x000000727ff00000) (1024K)]
  0x000001dadbd1cd50 JavaThread "Worker-21"                         [_thread_blocked, id=12704, stack(0x0000007200600000,0x0000007200700000) (1024K)]
  0x000001dadbd1fb40 JavaThread "Worker-22"                         [_thread_blocked, id=12032, stack(0x0000007200700000,0x0000007200800000) (1024K)]
Total: 34

Other Threads:
  0x000001dafb9fb090 VMThread "VM Thread"                           [id=12268, stack(0x000000727d200000,0x000000727d300000) (1024K)]
  0x000001dafb9c5650 WatcherThread "VM Periodic Task Thread"        [id=3356, stack(0x000000727d100000,0x000000727d200000) (1024K)]
  0x000001dafb97a320 WorkerThread "GC Thread#0"                     [id=12180, stack(0x000000727d000000,0x000000727d100000) (1024K)]
  0x000001dad9537070 WorkerThread "GC Thread#1"                     [id=1204, stack(0x000000727dd00000,0x000000727de00000) (1024K)]
  0x000001dad971ec40 WorkerThread "GC Thread#2"                     [id=4972, stack(0x000000727de00000,0x000000727df00000) (1024K)]
  0x000001dad96a9f90 WorkerThread "GC Thread#3"                     [id=8152, stack(0x000000727df00000,0x000000727e000000) (1024K)]
  0x000001dad96aa330 WorkerThread "GC Thread#4"                     [id=2252, stack(0x000000727e000000,0x000000727e100000) (1024K)]
  0x000001dad96d93a0 WorkerThread "GC Thread#5"                     [id=14024, stack(0x000000727e100000,0x000000727e200000) (1024K)]
  0x000001dad9639610 WorkerThread "GC Thread#6"                     [id=15716, stack(0x000000727e200000,0x000000727e300000) (1024K)]
  0x000001dad9a5c780 WorkerThread "GC Thread#7"                     [id=12972, stack(0x000000727eb00000,0x000000727ec00000) (1024K)]
Total: 10

Threads with active compile tasks:
Total: 0

VM state: not at safepoint (normal execution)

VM Mutex/Monitor currently owned by a thread: None

Heap address: 0x0000000080000000, size: 2048 MB, Compressed Oops mode: 32-bit

CDS archive(s) mapped at: [0x000001da93000000-0x000001da93ba0000-0x000001da93ba0000), size 12189696, SharedBaseAddress: 0x000001da93000000, ArchiveRelocationMode: 1.
Compressed class space mapped at: 0x000001da94000000-0x000001dad4000000, reserved size: 1073741824
Narrow klass base: 0x000001da93000000, Narrow klass shift: 0, Narrow klass range: 0x100000000

GC Precious Log:
 CardTable entry size: 512
 CPUs: 8 total, 8 available
 Memory: 3889M
 Large Page Support: Disabled
 NUMA Support: Disabled
 Compressed Oops: Enabled (32-bit)
 Alignments: Space 512K, Generation 512K, Heap 2M
 Heap Min Capacity: 100M
 Heap Initial Capacity: 100M
 Heap Max Capacity: 2G
 Pre-touch: Disabled
 Parallel Workers: 8

Heap:
 PSYoungGen      total 18944K, used 13535K [0x00000000d5580000, 0x00000000d7b80000, 0x0000000100000000)
  eden space 14848K, 65% used [0x00000000d5580000,0x00000000d5f0fc68,0x00000000d6400000)
  from space 4096K, 91% used [0x00000000d7780000,0x00000000d7b28000,0x00000000d7b80000)
  to   space 9216K, 0% used [0x00000000d6980000,0x00000000d6980000,0x00000000d7280000)
 ParOldGen       total 1359872K, used 244200K [0x0000000080000000, 0x00000000d3000000, 0x00000000d5580000)
  object space 1359872K, 17% used [0x0000000080000000,0x000000008ee7a320,0x00000000d3000000)
 Metaspace       used 77363K, committed 79232K, reserved 1179648K
  class space    used 7966K, committed 8832K, reserved 1048576K

Card table byte_map: [0x000001dafb300000,0x000001dafb710000] _byte_map_base: 0x000001dafaf00000

Marking Bits: (ParMarkBitMap*) 0x00007fff50a92460
 Begin Bits: [0x000001da8f000000, 0x000001da91000000)
 End Bits:   [0x000001da91000000, 0x000001da93000000)

Polling page: 0x000001daf9670000

Metaspace:

Usage:
  Non-class:     67.77 MB used.
      Class:      7.78 MB used.
       Both:     75.55 MB used.

Virtual space:
  Non-class space:      128.00 MB reserved,      68.75 MB ( 54%) committed,  2 nodes.
      Class space:        1.00 GB reserved,       8.63 MB ( <1%) committed,  1 nodes.
             Both:        1.13 GB reserved,      77.38 MB (  7%) committed. 

Chunk freelists:
   Non-Class:  11.30 MB
       Class:  7.55 MB
        Both:  18.85 MB

MaxMetaspaceSize: unlimited
CompressedClassSpaceSize: 1.00 GB
Initial GC threshold: 21.00 MB
Current GC threshold: 128.88 MB
CDS: on
 - commit_granule_bytes: 65536.
 - commit_granule_words: 8192.
 - virtual_space_node_default_size: 8388608.
 - enlarge_chunks_in_place: 1.
 - use_allocation_guard: 0.


Internal statistics:

num_allocs_failed_limit: 9.
num_arena_births: 1468.
num_arena_deaths: 452.
num_vsnodes_births: 3.
num_vsnodes_deaths: 0.
num_space_committed: 1238.
num_space_uncommitted: 0.
num_chunks_returned_to_freelist: 518.
num_chunks_taken_from_freelist: 5130.
num_chunk_merges: 139.
num_chunk_splits: 3029.
num_chunks_enlarged: 1676.
num_inconsistent_stats: 0.

CodeHeap 'non-profiled nmethods': size=120000Kb used=12105Kb max_used=12105Kb free=107894Kb
 bounds [0x000001da87ad0000, 0x000001da886b0000, 0x000001da8f000000]
CodeHeap 'profiled nmethods': size=120000Kb used=37721Kb max_used=39833Kb free=82278Kb
 bounds [0x000001da80000000, 0x000001da82700000, 0x000001da87530000]
CodeHeap 'non-nmethods': size=5760Kb used=1491Kb max_used=1600Kb free=4268Kb
 bounds [0x000001da87530000, 0x000001da877a0000, 0x000001da87ad0000]
CodeCache: size=245760Kb, used=51317Kb, max_used=53538Kb, free=194440Kb
 total_blobs=17452, nmethods=16637, adapters=718, full_count=0
Compilation: enabled, stopped_count=0, restarted_count=0

Compilation events (20 events):
Event: 11338.392 Thread 0x000001daff3da6f0 18860       4       java.io.DataOutputStream::writeByte (14 bytes)
Event: 11338.405 Thread 0x000001daff3da6f0 nmethod 18860 0x000001da87dd0410 code [0x000001da87dd0660, 0x000001da87dd0d08]
Event: 11338.677 Thread 0x000001daff3dc980 18861       1       org.eclipse.core.internal.jobs.InternalJob::internalSetPriority (6 bytes)
Event: 11338.677 Thread 0x000001daff3dc980 nmethod 18861 0x000001da87da2010 code [0x000001da87da21a0, 0x000001da87da2268]
Event: 11338.679 Thread 0x000001daff3dc980 18862       3       org.eclipse.core.runtime.MultiStatus::<init> (22 bytes)
Event: 11338.686 Thread 0x000001daff3dc980 nmethod 18862 0x000001da812d3110 code [0x000001da812d32e0, 0x000001da812d3668]
Event: 11338.733 Thread 0x000001daff3da6f0 18863       4       java.util.AbstractMap$1$1::next (18 bytes)
Event: 11338.734 Thread 0x000001daff3dc980 18864       3       org.eclipse.jdt.internal.core.builder.ClasspathJrt::addRequired (90 bytes)
Event: 11338.747 Thread 0x000001daff3dc980 nmethod 18864 0x000001da804df090 code [0x000001da804df2c0, 0x000001da804dfab0]
Event: 11338.748 Thread 0x000001daff3da6f0 nmethod 18863 0x000001da87dcfa10 code [0x000001da87dcfbe0, 0x000001da87dd0010]
Event: 11338.832 Thread 0x000001daff3da6f0 18865       4       com.sun.org.apache.xerces.internal.impl.dtd.XMLDTDProcessor::setFeature (1 bytes)
Event: 11338.833 Thread 0x000001daff3da6f0 nmethod 18865 0x000001da886a2010 code [0x000001da886a21a0, 0x000001da886a2228]
Event: 11338.833 Thread 0x000001daff3da6f0 18866       4       com.sun.org.apache.xerces.internal.impl.dtd.XMLDTDValidator::setFeature (1 bytes)
Event: 11338.834 Thread 0x000001daff3da6f0 nmethod 18866 0x000001da886a2310 code [0x000001da886a24a0, 0x000001da886a2528]
Event: 11338.836 Thread 0x000001daff3dc980 18867       3       com.sun.xml.internal.stream.util.ThreadLocalBufferAllocator::getBufferAllocator (54 bytes)
Event: 11338.856 Thread 0x000001daff3dc980 nmethod 18867 0x000001da80090e90 code [0x000001da80091100, 0x000001da80091d98]
Event: 11338.857 Thread 0x000001daff3dc980 18868       3       java.util.TreeMap::values (25 bytes)
Event: 11338.859 Thread 0x000001daff3dc980 nmethod 18868 0x000001da80775010 code [0x000001da807751c0, 0x000001da807754a8]
Event: 11338.911 Thread 0x000001daff3dc980 18869  s    3       org.eclipse.core.internal.watson.ElementTree::immutable (36 bytes)
Event: 11338.917 Thread 0x000001daff3dc980 nmethod 18869 0x000001da80299690 code [0x000001da80299880, 0x000001da80299da0]

GC Heap History (20 events):
Event: 11018.193 GC heap before
{Heap before GC invocations=1425 (full 4):
 PSYoungGen      total 10752K, used 10552K [0x00000000d5580000, 0x00000000d6700000, 0x0000000100000000)
  eden space 5120K, 98% used [0x00000000d5580000,0x00000000d5a6e310,0x00000000d5a80000)
  from space 5632K, 97% used [0x00000000d6080000,0x00000000d65e0000,0x00000000d6600000)
  to   space 6144K, 0% used [0x00000000d5a80000,0x00000000d5a80000,0x00000000d6080000)
 ParOldGen       total 1359872K, used 141752K [0x0000000080000000, 0x00000000d3000000, 0x00000000d5580000)
  object space 1359872K, 10% used [0x0000000080000000,0x0000000088a6e0c8,0x00000000d3000000)
 Metaspace       used 77187K, committed 79168K, reserved 1179648K
  class space    used 7957K, committed 8832K, reserved 1048576K
}
Event: 11018.227 GC heap after
{Heap after GC invocations=1425 (full 4):
 PSYoungGen      total 11264K, used 4560K [0x00000000d5580000, 0x00000000d6580000, 0x0000000100000000)
  eden space 5120K, 0% used [0x00000000d5580000,0x00000000d5580000,0x00000000d5a80000)
  from space 6144K, 74% used [0x00000000d5a80000,0x00000000d5ef4000,0x00000000d6080000)
  to   space 5120K, 0% used [0x00000000d6080000,0x00000000d6080000,0x00000000d6580000)
 ParOldGen       total 1359872K, used 147232K [0x0000000080000000, 0x00000000d3000000, 0x00000000d5580000)
  object space 1359872K, 10% used [0x0000000080000000,0x0000000088fc80c8,0x00000000d3000000)
 Metaspace       used 77187K, committed 79168K, reserved 1179648K
  class space    used 7957K, committed 8832K, reserved 1048576K
}
Event: 11018.275 GC heap before
{Heap before GC invocations=1426 (full 4):
 PSYoungGen      total 11264K, used 9680K [0x00000000d5580000, 0x00000000d6580000, 0x0000000100000000)
  eden space 5120K, 100% used [0x00000000d5580000,0x00000000d5a80000,0x00000000d5a80000)
  from space 6144K, 74% used [0x00000000d5a80000,0x00000000d5ef4000,0x00000000d6080000)
  to   space 5120K, 0% used [0x00000000d6080000,0x00000000d6080000,0x00000000d6580000)
 ParOldGen       total 1359872K, used 147232K [0x0000000080000000, 0x00000000d3000000, 0x00000000d5580000)
  object space 1359872K, 10% used [0x0000000080000000,0x0000000088fc80c8,0x00000000d3000000)
 Metaspace       used 77188K, committed 79168K, reserved 1179648K
  class space    used 7957K, committed 8832K, reserved 1048576K
}
Event: 11018.303 GC heap after
{Heap after GC invocations=1426 (full 4):
 PSYoungGen      total 10752K, used 4208K [0x00000000d5580000, 0x00000000d6500000, 0x0000000100000000)
  eden space 6144K, 0% used [0x00000000d5580000,0x00000000d5580000,0x00000000d5b80000)
  from space 4608K, 91% used [0x00000000d6080000,0x00000000d649c1c0,0x00000000d6500000)
  to   space 4608K, 0% used [0x00000000d5c00000,0x00000000d5c00000,0x00000000d6080000)
 ParOldGen       total 1359872K, used 151392K [0x0000000080000000, 0x00000000d3000000, 0x00000000d5580000)
  object space 1359872K, 11% used [0x0000000080000000,0x00000000893d80d8,0x00000000d3000000)
 Metaspace       used 77188K, committed 79168K, reserved 1179648K
  class space    used 7957K, committed 8832K, reserved 1048576K
}
Event: 11018.313 GC heap before
{Heap before GC invocations=1427 (full 4):
 PSYoungGen      total 10752K, used 10352K [0x00000000d5580000, 0x00000000d6500000, 0x0000000100000000)
  eden space 6144K, 100% used [0x00000000d5580000,0x00000000d5b80000,0x00000000d5b80000)
  from space 4608K, 91% used [0x00000000d6080000,0x00000000d649c1c0,0x00000000d6500000)
  to   space 4608K, 0% used [0x00000000d5c00000,0x00000000d5c00000,0x00000000d6080000)
 ParOldGen       total 1359872K, used 151392K [0x0000000080000000, 0x00000000d3000000, 0x00000000d5580000)
  object space 1359872K, 11% used [0x0000000080000000,0x00000000893d80d8,0x00000000d3000000)
 Metaspace       used 77188K, committed 79168K, reserved 1179648K
  class space    used 7957K, committed 8832K, reserved 1048576K
}
Event: 11018.343 GC heap after
{Heap after GC invocations=1427 (full 4):
 PSYoungGen      total 11264K, used 4608K [0x00000000d5580000, 0x00000000d7300000, 0x0000000100000000)
  eden space 6656K, 0% used [0x00000000d5580000,0x00000000d5580000,0x00000000d5c00000)
  from space 4608K, 100% used [0x00000000d5c00000,0x00000000d6080000,0x00000000d6080000)
  to   space 11264K, 0% used [0x00000000d6800000,0x00000000d6800000,0x00000000d7300000)
 ParOldGen       total 1359872K, used 156904K [0x0000000080000000, 0x00000000d3000000, 0x00000000d5580000)
  object space 1359872K, 11% used [0x0000000080000000,0x000000008993a298,0x00000000d3000000)
 Metaspace       used 77188K, committed 79168K, reserved 1179648K
  class space    used 7957K, committed 8832K, reserved 1048576K
}
Event: 11018.540 GC heap before
{Heap before GC invocations=1428 (full 4):
 PSYoungGen      total 11264K, used 10592K [0x00000000d5580000, 0x00000000d7300000, 0x0000000100000000)
  eden space 6656K, 89% used [0x00000000d5580000,0x00000000d5b583c8,0x00000000d5c00000)
  from space 4608K, 100% used [0x00000000d5c00000,0x00000000d6080000,0x00000000d6080000)
  to   space 11264K, 0% used [0x00000000d6800000,0x00000000d6800000,0x00000000d7300000)
 ParOldGen       total 1359872K, used 156904K [0x0000000080000000, 0x00000000d3000000, 0x00000000d5580000)
  object space 1359872K, 11% used [0x0000000080000000,0x000000008993a298,0x00000000d3000000)
 Metaspace       used 77189K, committed 79168K, reserved 1179648K
  class space    used 7957K, committed 8832K, reserved 1048576K
}
Event: 11018.576 GC heap after
{Heap after GC invocations=1428 (full 4):
 PSYoungGen      total 12288K, used 3761K [0x00000000d5580000, 0x00000000d6c00000, 0x0000000100000000)
  eden space 8192K, 0% used [0x00000000d5580000,0x00000000d5580000,0x00000000d5d80000)
  from space 4096K, 91% used [0x00000000d6800000,0x00000000d6bac780,0x00000000d6c00000)
  to   space 6144K, 0% used [0x00000000d6000000,0x00000000d6000000,0x00000000d6600000)
 ParOldGen       total 1359872K, used 161584K [0x0000000080000000, 0x00000000d3000000, 0x00000000d5580000)
  object space 1359872K, 11% used [0x0000000080000000,0x0000000089dcc298,0x00000000d3000000)
 Metaspace       used 77189K, committed 79168K, reserved 1179648K
  class space    used 7957K, committed 8832K, reserved 1048576K
}
Event: 11019.953 GC heap before
{Heap before GC invocations=1429 (full 4):
 PSYoungGen      total 12288K, used 11932K [0x00000000d5580000, 0x00000000d6c00000, 0x0000000100000000)
  eden space 8192K, 99% used [0x00000000d5580000,0x00000000d5d7ab98,0x00000000d5d80000)
  from space 4096K, 91% used [0x00000000d6800000,0x00000000d6bac780,0x00000000d6c00000)
  to   space 6144K, 0% used [0x00000000d6000000,0x00000000d6000000,0x00000000d6600000)
 ParOldGen       total 1359872K, used 192304K [0x0000000080000000, 0x00000000d3000000, 0x00000000d5580000)
  object space 1359872K, 14% used [0x0000000080000000,0x000000008bbcc2c8,0x00000000d3000000)
 Metaspace       used 77251K, committed 79168K, reserved 1179648K
  class space    used 7966K, committed 8832K, reserved 1048576K
}
Event: 11019.985 GC heap after
{Heap after GC invocations=1429 (full 4):
 PSYoungGen      total 11776K, used 1274K [0x00000000d5580000, 0x00000000d6880000, 0x0000000100000000)
  eden space 10240K, 0% used [0x00000000d5580000,0x00000000d5580000,0x00000000d5f80000)
  from space 1536K, 82% used [0x00000000d6000000,0x00000000d613e920,0x00000000d6180000)
  to   space 3072K, 0% used [0x00000000d6580000,0x00000000d6580000,0x00000000d6880000)
 ParOldGen       total 1359872K, used 194983K [0x0000000080000000, 0x00000000d3000000, 0x00000000d5580000)
  object space 1359872K, 14% used [0x0000000080000000,0x000000008be69f98,0x00000000d3000000)
 Metaspace       used 77251K, committed 79168K, reserved 1179648K
  class space    used 7966K, committed 8832K, reserved 1048576K
}
Event: 11022.220 GC heap before
{Heap before GC invocations=1430 (full 4):
 PSYoungGen      total 11776K, used 11514K [0x00000000d5580000, 0x00000000d6880000, 0x0000000100000000)
  eden space 10240K, 100% used [0x00000000d5580000,0x00000000d5f80000,0x00000000d5f80000)
  from space 1536K, 82% used [0x00000000d6000000,0x00000000d613e920,0x00000000d6180000)
  to   space 3072K, 0% used [0x00000000d6580000,0x00000000d6580000,0x00000000d6880000)
 ParOldGen       total 1359872K, used 194983K [0x0000000080000000, 0x00000000d3000000, 0x00000000d5580000)
  object space 1359872K, 14% used [0x0000000080000000,0x000000008be69f98,0x00000000d3000000)
 Metaspace       used 77263K, committed 79168K, reserved 1179648K
  class space    used 7966K, committed 8832K, reserved 1048576K
}
Event: 11022.237 GC heap after
{Heap after GC invocations=1430 (full 4):
 PSYoungGen      total 13312K, used 724K [0x00000000d5580000, 0x00000000d6680000, 0x0000000100000000)
  eden space 12288K, 0% used [0x00000000d5580000,0x00000000d5580000,0x00000000d6180000)
  from space 1024K, 70% used [0x00000000d6580000,0x00000000d6635220,0x00000000d6680000)
  to   space 1536K, 0% used [0x00000000d6380000,0x00000000d6380000,0x00000000d6500000)
 ParOldGen       total 1359872K, used 196054K [0x0000000080000000, 0x00000000d3000000, 0x00000000d5580000)
  object space 1359872K, 14% used [0x0000000080000000,0x000000008bf758c8,0x00000000d3000000)
 Metaspace       used 77263K, committed 79168K, reserved 1179648K
  class space    used 7966K, committed 8832K, reserved 1048576K
}
Event: 11082.461 GC heap before
{Heap before GC invocations=1431 (full 4):
 PSYoungGen      total 13312K, used 13012K [0x00000000d5580000, 0x00000000d6680000, 0x0000000100000000)
  eden space 12288K, 100% used [0x00000000d5580000,0x00000000d6180000,0x00000000d6180000)
  from space 1024K, 70% used [0x00000000d6580000,0x00000000d6635220,0x00000000d6680000)
  to   space 1536K, 0% used [0x00000000d6380000,0x00000000d6380000,0x00000000d6500000)
 ParOldGen       total 1359872K, used 196054K [0x0000000080000000, 0x00000000d3000000, 0x00000000d5580000)
  object space 1359872K, 14% used [0x0000000080000000,0x000000008bf758c8,0x00000000d3000000)
 Metaspace       used 77292K, committed 79232K, reserved 1179648K
  class space    used 7966K, committed 8832K, reserved 1048576K
}
Event: 11082.550 GC heap after
{Heap after GC invocations=1431 (full 4):
 PSYoungGen      total 13824K, used 1507K [0x00000000d5580000, 0x00000000d7880000, 0x0000000100000000)
  eden space 12288K, 0% used [0x00000000d5580000,0x00000000d5580000,0x00000000d6180000)
  from space 1536K, 98% used [0x00000000d6380000,0x00000000d64f8e90,0x00000000d6500000)
  to   space 11776K, 0% used [0x00000000d6d00000,0x00000000d6d00000,0x00000000d7880000)
 ParOldGen       total 1359872K, used 204558K [0x0000000080000000, 0x00000000d3000000, 0x00000000d5580000)
  object space 1359872K, 15% used [0x0000000080000000,0x000000008c7c38e8,0x00000000d3000000)
 Metaspace       used 77292K, committed 79232K, reserved 1179648K
  class space    used 7966K, committed 8832K, reserved 1048576K
}
Event: 11082.624 GC heap before
{Heap before GC invocations=1432 (full 4):
 PSYoungGen      total 13824K, used 13795K [0x00000000d5580000, 0x00000000d7880000, 0x0000000100000000)
  eden space 12288K, 100% used [0x00000000d5580000,0x00000000d6180000,0x00000000d6180000)
  from space 1536K, 98% used [0x00000000d6380000,0x00000000d64f8e90,0x00000000d6500000)
  to   space 11776K, 0% used [0x00000000d6d00000,0x00000000d6d00000,0x00000000d7880000)
 ParOldGen       total 1359872K, used 204558K [0x0000000080000000, 0x00000000d3000000, 0x00000000d5580000)
  object space 1359872K, 15% used [0x0000000080000000,0x000000008c7c38e8,0x00000000d3000000)
 Metaspace       used 77305K, committed 79232K, reserved 1179648K
  class space    used 7966K, committed 8832K, reserved 1048576K
}
Event: 11082.643 GC heap after
{Heap after GC invocations=1432 (full 4):
 PSYoungGen      total 19456K, used 7154K [0x00000000d5580000, 0x00000000d7400000, 0x0000000100000000)
  eden space 12288K, 0% used [0x00000000d5580000,0x00000000d5580000,0x00000000d6180000)
  from space 7168K, 99% used [0x00000000d6d00000,0x00000000d73fc930,0x00000000d7400000)
  to   space 8192K, 0% used [0x00000000d6400000,0x00000000d6400000,0x00000000d6c00000)
 ParOldGen       total 1359872K, used 206635K [0x0000000080000000, 0x00000000d3000000, 0x00000000d5580000)
  object space 1359872K, 15% used [0x0000000080000000,0x000000008c9caeb0,0x00000000d3000000)
 Metaspace       used 77305K, committed 79232K, reserved 1179648K
  class space    used 7966K, committed 8832K, reserved 1048576K
}
Event: 11082.770 GC heap before
{Heap before GC invocations=1433 (full 4):
 PSYoungGen      total 19456K, used 19442K [0x00000000d5580000, 0x00000000d7400000, 0x0000000100000000)
  eden space 12288K, 100% used [0x00000000d5580000,0x00000000d6180000,0x00000000d6180000)
  from space 7168K, 99% used [0x00000000d6d00000,0x00000000d73fc930,0x00000000d7400000)
  to   space 8192K, 0% used [0x00000000d6400000,0x00000000d6400000,0x00000000d6c00000)
 ParOldGen       total 1359872K, used 206635K [0x0000000080000000, 0x00000000d3000000, 0x00000000d5580000)
  object space 1359872K, 15% used [0x0000000080000000,0x000000008c9caeb0,0x00000000d3000000)
 Metaspace       used 77316K, committed 79232K, reserved 1179648K
  class space    used 7966K, committed 8832K, reserved 1048576K
}
Event: 11082.835 GC heap after
{Heap after GC invocations=1433 (full 4):
 PSYoungGen      total 23040K, used 8189K [0x00000000d5580000, 0x00000000d8b00000, 0x0000000100000000)
  eden space 14848K, 0% used [0x00000000d5580000,0x00000000d5580000,0x00000000d6400000)
  from space 8192K, 99% used [0x00000000d6400000,0x00000000d6bff6b0,0x00000000d6c00000)
  to   space 19968K, 0% used [0x00000000d7780000,0x00000000d7780000,0x00000000d8b00000)
 ParOldGen       total 1359872K, used 216432K [0x0000000080000000, 0x00000000d3000000, 0x00000000d5580000)
  object space 1359872K, 15% used [0x0000000080000000,0x000000008d35c200,0x00000000d3000000)
 Metaspace       used 77316K, committed 79232K, reserved 1179648K
  class space    used 7966K, committed 8832K, reserved 1048576K
}
Event: 11083.630 GC heap before
{Heap before GC invocations=1434 (full 4):
 PSYoungGen      total 23040K, used 23037K [0x00000000d5580000, 0x00000000d8b00000, 0x0000000100000000)
  eden space 14848K, 100% used [0x00000000d5580000,0x00000000d6400000,0x00000000d6400000)
  from space 8192K, 99% used [0x00000000d6400000,0x00000000d6bff6b0,0x00000000d6c00000)
  to   space 19968K, 0% used [0x00000000d7780000,0x00000000d7780000,0x00000000d8b00000)
 ParOldGen       total 1359872K, used 239472K [0x0000000080000000, 0x00000000d3000000, 0x00000000d5580000)
  object space 1359872K, 17% used [0x0000000080000000,0x000000008e9dc220,0x00000000d3000000)
 Metaspace       used 77325K, committed 79232K, reserved 1179648K
  class space    used 7966K, committed 8832K, reserved 1048576K
}
Event: 11083.669 GC heap after
{Heap after GC invocations=1434 (full 4):
 PSYoungGen      total 18944K, used 3744K [0x00000000d5580000, 0x00000000d7b80000, 0x0000000100000000)
  eden space 14848K, 0% used [0x00000000d5580000,0x00000000d5580000,0x00000000d6400000)
  from space 4096K, 91% used [0x00000000d7780000,0x00000000d7b28000,0x00000000d7b80000)
  to   space 9216K, 0% used [0x00000000d6980000,0x00000000d6980000,0x00000000d7280000)
 ParOldGen       total 1359872K, used 244200K [0x0000000080000000, 0x00000000d3000000, 0x00000000d5580000)
  object space 1359872K, 17% used [0x0000000080000000,0x000000008ee7a320,0x00000000d3000000)
 Metaspace       used 77325K, committed 79232K, reserved 1179648K
  class space    used 7966K, committed 8832K, reserved 1048576K
}

Dll operation events (14 events):
Event: 0.010 Loaded shared library c:\Users\Administrator\.antigravity\extensions\redhat.java-1.50.0-win32-x64\jre\21.0.9-win32-x86_64\bin\java.dll
Event: 0.106 Loaded shared library c:\Users\Administrator\.antigravity\extensions\redhat.java-1.50.0-win32-x64\jre\21.0.9-win32-x86_64\bin\zip.dll
Event: 0.134 Loaded shared library C:\Users\Administrator\.antigravity\extensions\redhat.java-1.50.0-win32-x64\jre\21.0.9-win32-x86_64\bin\instrument.dll
Event: 0.142 Loaded shared library C:\Users\Administrator\.antigravity\extensions\redhat.java-1.50.0-win32-x64\jre\21.0.9-win32-x86_64\bin\net.dll
Event: 0.144 Loaded shared library C:\Users\Administrator\.antigravity\extensions\redhat.java-1.50.0-win32-x64\jre\21.0.9-win32-x86_64\bin\nio.dll
Event: 0.150 Loaded shared library C:\Users\Administrator\.antigravity\extensions\redhat.java-1.50.0-win32-x64\jre\21.0.9-win32-x86_64\bin\zip.dll
Event: 0.173 Loaded shared library C:\Users\Administrator\.antigravity\extensions\redhat.java-1.50.0-win32-x64\jre\21.0.9-win32-x86_64\bin\jimage.dll
Event: 0.272 Loaded shared library c:\Users\Administrator\.antigravity\extensions\redhat.java-1.50.0-win32-x64\jre\21.0.9-win32-x86_64\bin\verify.dll
Event: 4.308 Loaded shared library C:\Users\Administrator\AppData\Roaming\Antigravity\User\globalStorage\redhat.java\1.50.0\config_win\org.eclipse.equinox.launcher\org.eclipse.equinox.launcher.win32.win32.x86_64_1.2.1400.v20250801-0854\eclipse_11916.dll
Event: 26.323 Loaded shared library C:\Users\Administrator\.antigravity\extensions\redhat.java-1.50.0-win32-x64\jre\21.0.9-win32-x86_64\bin\management.dll
Event: 26.337 Loaded shared library C:\Users\Administrator\.antigravity\extensions\redhat.java-1.50.0-win32-x64\jre\21.0.9-win32-x86_64\bin\management_ext.dll
Event: 28.991 Loaded shared library C:\Users\Administrator\AppData\Local\Temp\jna-146731693\jna17533690983564610649.dll
Event: 29.415 Loaded shared library C:\Users\Administrator\.antigravity\extensions\redhat.java-1.50.0-win32-x64\jre\21.0.9-win32-x86_64\bin\sunmscapi.dll
Event: 29.539 Loaded shared library C:\Users\Administrator\.antigravity\extensions\redhat.java-1.50.0-win32-x64\jre\21.0.9-win32-x86_64\bin\extnet.dll

Deoptimization events (20 events):
Event: 11083.745 Thread 0x000001dad99d3780 DEOPT PACKING pc=0x000001da88137048 sp=0x000000727e7feee0
Event: 11083.747 Thread 0x000001dad99d3780 DEOPT UNPACKING pc=0x000001da87583aa2 sp=0x000000727e7fee90 mode 2
Event: 11083.758 Thread 0x000001dad99d3780 DEOPT PACKING pc=0x000001da82087808 sp=0x000000727e7fee50
Event: 11083.758 Thread 0x000001dad99d3780 DEOPT UNPACKING pc=0x000001da87584242 sp=0x000000727e7fe320 mode 0
Event: 11337.202 Thread 0x000001dadbd1fb40 Uncommon trap: trap_request=0xffffffbe fr.pc=0x000001da87cf887c relative=0x0000000000000edc
Event: 11337.213 Thread 0x000001dadbd1fb40 Uncommon trap: reason=profile_predicate action=maybe_recompile pc=0x000001da87cf887c method=org.eclipse.jdt.internal.compiler.util.HashtableOfObjectToInt.get(Ljava/lang/Object;)I @ 54 c2
Event: 11337.213 Thread 0x000001dadbd1fb40 DEOPT PACKING pc=0x000001da87cf887c sp=0x00000072007fea50
Event: 11337.255 Thread 0x000001dadbd1fb40 DEOPT UNPACKING pc=0x000001da87583aa2 sp=0x00000072007fe988 mode 2
Event: 11337.511 Thread 0x000001dadbd1fb40 Uncommon trap: trap_request=0xffffffbe fr.pc=0x000001da87cf887c relative=0x0000000000000edc
Event: 11337.511 Thread 0x000001dadbd1fb40 Uncommon trap: reason=profile_predicate action=maybe_recompile pc=0x000001da87cf887c method=org.eclipse.jdt.internal.compiler.util.HashtableOfObjectToInt.get(Ljava/lang/Object;)I @ 54 c2
Event: 11337.511 Thread 0x000001dadbd1fb40 DEOPT PACKING pc=0x000001da87cf887c sp=0x00000072007fea50
Event: 11337.521 Thread 0x000001dadbd1fb40 DEOPT UNPACKING pc=0x000001da87583aa2 sp=0x00000072007fe988 mode 2
Event: 11337.560 Thread 0x000001dadbd1fb40 Uncommon trap: trap_request=0xffffffbe fr.pc=0x000001da87cf887c relative=0x0000000000000edc
Event: 11337.561 Thread 0x000001dadbd1fb40 Uncommon trap: reason=profile_predicate action=maybe_recompile pc=0x000001da87cf887c method=org.eclipse.jdt.internal.compiler.util.HashtableOfObjectToInt.get(Ljava/lang/Object;)I @ 54 c2
Event: 11337.561 Thread 0x000001dadbd1fb40 DEOPT PACKING pc=0x000001da87cf887c sp=0x00000072007fea50
Event: 11337.570 Thread 0x000001dadbd1fb40 DEOPT UNPACKING pc=0x000001da87583aa2 sp=0x00000072007fe988 mode 2
Event: 11337.601 Thread 0x000001dadbd1fb40 Uncommon trap: trap_request=0xffffffbe fr.pc=0x000001da87cf887c relative=0x0000000000000edc
Event: 11337.601 Thread 0x000001dadbd1fb40 Uncommon trap: reason=profile_predicate action=maybe_recompile pc=0x000001da87cf887c method=org.eclipse.jdt.internal.compiler.util.HashtableOfObjectToInt.get(Ljava/lang/Object;)I @ 54 c2
Event: 11337.601 Thread 0x000001dadbd1fb40 DEOPT PACKING pc=0x000001da87cf887c sp=0x00000072007fea50
Event: 11337.601 Thread 0x000001dadbd1fb40 DEOPT UNPACKING pc=0x000001da87583aa2 sp=0x00000072007fe988 mode 2

Classes loaded (20 events):
Event: 991.500 Loading class jdk/internal/module/IllegalAccessLogger
Event: 991.501 Loading class jdk/internal/module/IllegalAccessLogger done
Event: 1001.492 Loading class jdk/internal/module/IllegalAccessLogger
Event: 1001.493 Loading class jdk/internal/module/IllegalAccessLogger done
Event: 1016.232 Loading class jdk/internal/module/IllegalAccessLogger
Event: 1016.239 Loading class jdk/internal/module/IllegalAccessLogger done
Event: 1912.152 Loading class jdk/internal/module/IllegalAccessLogger
Event: 1912.157 Loading class jdk/internal/module/IllegalAccessLogger done
Event: 1929.574 Loading class jdk/internal/module/IllegalAccessLogger
Event: 1929.578 Loading class jdk/internal/module/IllegalAccessLogger done
Event: 1947.307 Loading class jdk/internal/module/IllegalAccessLogger
Event: 1947.308 Loading class jdk/internal/module/IllegalAccessLogger done
Event: 6205.818 Loading class jdk/internal/module/IllegalAccessLogger
Event: 6205.821 Loading class jdk/internal/module/IllegalAccessLogger done
Event: 8362.978 Loading class jdk/internal/module/IllegalAccessLogger
Event: 8362.982 Loading class jdk/internal/module/IllegalAccessLogger done
Event: 11018.673 Loading class jdk/internal/module/IllegalAccessLogger
Event: 11018.676 Loading class jdk/internal/module/IllegalAccessLogger done
Event: 11082.735 Loading class jdk/internal/module/IllegalAccessLogger
Event: 11082.735 Loading class jdk/internal/module/IllegalAccessLogger done

Classes unloaded (20 events):
Event: 7042.209 Thread 0x000001dafb9fb090 Unloading class 0x000001da94014800 'java/lang/invoke/LambdaForm$MH+0x000001da94014800'
Event: 7042.210 Thread 0x000001dafb9fb090 Unloading class 0x000001da9400d800 'java/lang/invoke/LambdaForm$MH+0x000001da9400d800'
Event: 7042.210 Thread 0x000001dafb9fb090 Unloading class 0x000001da9400d400 'java/lang/invoke/LambdaForm$MH+0x000001da9400d400'
Event: 7042.211 Thread 0x000001dafb9fb090 Unloading class 0x000001da9400d000 'java/lang/invoke/LambdaForm$MH+0x000001da9400d000'
Event: 7042.211 Thread 0x000001dafb9fb090 Unloading class 0x000001da9400cc00 'java/lang/invoke/LambdaForm$MH+0x000001da9400cc00'
Event: 7042.211 Thread 0x000001dafb9fb090 Unloading class 0x000001da9400c800 'java/lang/invoke/LambdaForm$BMH+0x000001da9400c800'
Event: 7042.211 Thread 0x000001dafb9fb090 Unloading class 0x000001da9400c000 'java/lang/invoke/LambdaForm$DMH+0x000001da9400c000'
Event: 7042.211 Thread 0x000001dafb9fb090 Unloading class 0x000001da94008c00 'java/lang/invoke/LambdaForm$MH+0x000001da94008c00'
Event: 7042.211 Thread 0x000001dafb9fb090 Unloading class 0x000001da94008800 'java/lang/invoke/LambdaForm$MH+0x000001da94008800'
Event: 7042.211 Thread 0x000001dafb9fb090 Unloading class 0x000001da94008400 'java/lang/invoke/LambdaForm$MH+0x000001da94008400'
Event: 7042.211 Thread 0x000001dafb9fb090 Unloading class 0x000001da94007000 'java/lang/invoke/LambdaForm$MH+0x000001da94007000'
Event: 7042.211 Thread 0x000001dafb9fb090 Unloading class 0x000001da94006800 'java/lang/invoke/LambdaForm$MH+0x000001da94006800'
Event: 7042.212 Thread 0x000001dafb9fb090 Unloading class 0x000001da94006400 'java/lang/invoke/LambdaForm$MH+0x000001da94006400'
Event: 7042.212 Thread 0x000001dafb9fb090 Unloading class 0x000001da94006000 'java/lang/invoke/LambdaForm$MH+0x000001da94006000'
Event: 7042.212 Thread 0x000001dafb9fb090 Unloading class 0x000001da94005c00 'java/lang/invoke/LambdaForm$BMH+0x000001da94005c00'
Event: 7042.212 Thread 0x000001dafb9fb090 Unloading class 0x000001da94004800 'java/lang/invoke/LambdaForm$DMH+0x000001da94004800'
Event: 7042.212 Thread 0x000001dafb9fb090 Unloading class 0x000001da94002400 'java/lang/invoke/LambdaForm$MH+0x000001da94002400'
Event: 7042.213 Thread 0x000001dafb9fb090 Unloading class 0x000001da94002000 'java/lang/invoke/LambdaForm$MH+0x000001da94002000'
Event: 7042.213 Thread 0x000001dafb9fb090 Unloading class 0x000001da94001800 'java/lang/invoke/LambdaForm$MH+0x000001da94001800'
Event: 7042.213 Thread 0x000001dafb9fb090 Unloading class 0x000001da94000400 'java/lang/invoke/LambdaForm$MH+0x000001da94000400'

Classes redefined (0 events):
No events

Internal exceptions (20 events):
Event: 2210.714 Thread 0x000001dadbd1e790 Exception <a 'sun/nio/fs/WindowsException'{0x00000000d5612680}> (0x00000000d5612680) 
thrown [s\src\hotspot\share\prims\jni.cpp, line 520]
Event: 2210.717 Thread 0x000001dadbd1e790 Exception <a 'sun/nio/fs/WindowsException'{0x00000000d5612f00}> (0x00000000d5612f00) 
thrown [s\src\hotspot\share\prims\jni.cpp, line 520]
Event: 6204.400 Thread 0x000001dad99d3780 Exception <a 'sun/nio/fs/WindowsException'{0x00000000d5a82830}> (0x00000000d5a82830) 
thrown [s\src\hotspot\share\prims\jni.cpp, line 520]
Event: 6205.423 Thread 0x000001dad99d3780 Exception <a 'sun/nio/fs/WindowsException'{0x00000000d5580828}> (0x00000000d5580828) 
thrown [s\src\hotspot\share\prims\jni.cpp, line 520]
Event: 6505.050 Thread 0x000001dadbd1d3e0 Exception <a 'sun/nio/fs/WindowsException'{0x00000000d56bff30}> (0x00000000d56bff30) 
thrown [s\src\hotspot\share\prims\jni.cpp, line 520]
Event: 6505.058 Thread 0x000001dadbd1d3e0 Exception <a 'sun/nio/fs/WindowsException'{0x00000000d56c07b0}> (0x00000000d56c07b0) 
thrown [s\src\hotspot\share\prims\jni.cpp, line 520]
Event: 8360.720 Thread 0x000001dad99d3780 Exception <a 'sun/nio/fs/WindowsException'{0x00000000d589bed8}> (0x00000000d589bed8) 
thrown [s\src\hotspot\share\prims\jni.cpp, line 520]
Event: 8361.180 Thread 0x000001dadb8fedb0 Implicit null exception at 0x000001da8833db12 to 0x000001da8833dbb4
Event: 8362.333 Thread 0x000001dad99d3780 Exception <a 'sun/nio/fs/WindowsException'{0x00000000d572a0b8}> (0x00000000d572a0b8) 
thrown [s\src\hotspot\share\prims\jni.cpp, line 520]
Event: 8677.889 Thread 0x000001dadbd1d3e0 Exception <a 'sun/nio/fs/WindowsException'{0x00000000d5649b90}> (0x00000000d5649b90) 
thrown [s\src\hotspot\share\prims\jni.cpp, line 520]
Event: 8678.061 Thread 0x000001dadbd1d3e0 Exception <a 'sun/nio/fs/WindowsException'{0x00000000d564a3d8}> (0x00000000d564a3d8) 
thrown [s\src\hotspot\share\prims\jni.cpp, line 520]
Event: 11017.155 Thread 0x000001dadb8ff440 Implicit null exception at 0x000001da8853a439 to 0x000001da8853a6f8
Event: 11017.879 Thread 0x000001dad99d3780 Exception <a 'sun/nio/fs/WindowsException'{0x00000000d59e42e8}> (0x00000000d59e42e8) 
thrown [s\src\hotspot\share\prims\jni.cpp, line 520]
Event: 11018.431 Thread 0x000001dad99d3780 Exception <a 'sun/nio/fs/WindowsException'{0x00000000d58a9898}> (0x00000000d58a9898) 
thrown [s\src\hotspot\share\prims\jni.cpp, line 520]
Event: 11018.464 Thread 0x000001dadbd1e100 Implicit null exception at 0x000001da882f5bd5 to 0x000001da882f6ea0
Event: 11018.733 Thread 0x000001dadbd1e100 Implicit null exception at 0x000001da882a9f59 to 0x000001da882aa1e4
Event: 11082.392 Thread 0x000001dad99d3780 Exception <a 'sun/nio/fs/WindowsException'{0x00000000d57da1f0}> (0x00000000d57da1f0) 
thrown [s\src\hotspot\share\prims\jni.cpp, line 520]
Event: 11083.046 Thread 0x000001dad99d3780 Exception <a 'sun/nio/fs/WindowsException'{0x00000000d5aee5c8}> (0x00000000d5aee5c8) 
thrown [s\src\hotspot\share\prims\jni.cpp, line 520]
Event: 11338.205 Thread 0x000001dadbd1fb40 Exception <a 'sun/nio/fs/WindowsException'{0x00000000d5db3a88}> (0x00000000d5db3a88) 
thrown [s\src\hotspot\share\prims\jni.cpp, line 520]
Event: 11338.212 Thread 0x000001dadbd1fb40 Exception <a 'sun/nio/fs/WindowsException'{0x00000000d5db42f0}> (0x00000000d5db42f0) 
thrown [s\src\hotspot\share\prims\jni.cpp, line 520]

ZGC Phase Switch (0 events):
No events

VM Operations (20 events):
Event: 11211.745 Executing VM operation: Cleanup
Event: 11211.869 Executing VM operation: Cleanup done
Event: 11212.869 Executing VM operation: Cleanup
Event: 11212.944 Executing VM operation: Cleanup done
Event: 11247.076 Executing VM operation: HandshakeAllThreads (HandshakeForDeflation)
Event: 11247.100 Executing VM operation: HandshakeAllThreads (HandshakeForDeflation) done
Event: 11247.100 Executing VM operation: RendezvousGCThreads
Event: 11247.100 Executing VM operation: RendezvousGCThreads done
Event: 11307.058 Executing VM operation: HandshakeAllThreads (HandshakeForDeflation)
Event: 11307.093 Executing VM operation: HandshakeAllThreads (HandshakeForDeflation) done
Event: 11307.094 Executing VM operation: RendezvousGCThreads
Event: 11307.104 Executing VM operation: RendezvousGCThreads done
Event: 11337.117 Executing VM operation: Cleanup
Event: 11337.130 Executing VM operation: Cleanup done
Event: 11339.144 Executing VM operation: Cleanup
Event: 11339.145 Executing VM operation: Cleanup done
Event: 11367.107 Executing VM operation: HandshakeAllThreads (HandshakeForDeflation)
Event: 11367.107 Executing VM operation: HandshakeAllThreads (HandshakeForDeflation) done
Event: 11367.107 Executing VM operation: RendezvousGCThreads
Event: 11367.107 Executing VM operation: RendezvousGCThreads done

Memory protections (0 events):
No events

Nmethod flushes (20 events):
Event: 7044.296 Thread 0x000001dafb9fb090 flushing  nmethod 0x000001da81308190
Event: 7044.296 Thread 0x000001dafb9fb090 flushing  nmethod 0x000001da81310310
Event: 7044.296 Thread 0x000001dafb9fb090 flushing  nmethod 0x000001da81319590
Event: 7044.296 Thread 0x000001dafb9fb090 flushing  nmethod 0x000001da81319990
Event: 7044.296 Thread 0x000001dafb9fb090 flushing  nmethod 0x000001da8131ac10
Event: 7044.296 Thread 0x000001dafb9fb090 flushing  nmethod 0x000001da8131b290
Event: 7044.297 Thread 0x000001dafb9fb090 flushing  nmethod 0x000001da8131ba90
Event: 7044.297 Thread 0x000001dafb9fb090 flushing  nmethod 0x000001da8131c490
Event: 7044.297 Thread 0x000001dafb9fb090 flushing  nmethod 0x000001da8131d190
Event: 7044.297 Thread 0x000001dafb9fb090 flushing  nmethod 0x000001da8131dd10
Event: 7044.297 Thread 0x000001dafb9fb090 flushing  nmethod 0x000001da81320910
Event: 7044.297 Thread 0x000001dafb9fb090 flushing  nmethod 0x000001da81321f90
Event: 7044.297 Thread 0x000001dafb9fb090 flushing  nmethod 0x000001da81323f10
Event: 7044.297 Thread 0x000001dafb9fb090 flushing  nmethod 0x000001da81325010
Event: 7044.297 Thread 0x000001dafb9fb090 flushing  nmethod 0x000001da81325a10
Event: 7044.297 Thread 0x000001dafb9fb090 flushing  nmethod 0x000001da81327710
Event: 7044.297 Thread 0x000001dafb9fb090 flushing  nmethod 0x000001da81327f90
Event: 7044.297 Thread 0x000001dafb9fb090 flushing  nmethod 0x000001da8132b290
Event: 7044.297 Thread 0x000001dafb9fb090 flushing  nmethod 0x000001da8133c190
Event: 7044.297 Thread 0x000001dafb9fb090 flushing  nmethod 0x000001da8133f190

Events (20 events):
Event: 11018.475 Thread 0x000001dadbd1d3e0 Thread added: 0x000001dadbd1e790
Event: 11018.684 Thread 0x000001dadbd1d3e0 Thread added: 0x000001dadbd1f4b0
Event: 11019.616 Thread 0x000001dadbd22930 Thread added: 0x000001dadbd1cd50
Event: 11078.870 Thread 0x000001dadbd1f4b0 Thread exited: 0x000001dadbd1f4b0
Event: 11078.875 Thread 0x000001dadbd1e100 Thread exited: 0x000001dadbd1e100
Event: 11082.052 Thread 0x000001dadbd22930 Thread exited: 0x000001dadbd22930
Event: 11082.124 Thread 0x000001dadb8ff440 Thread added: 0x000001dadbd22fc0
Event: 11082.647 Thread 0x000001dadbd1d3e0 Thread added: 0x000001dadbd1f4b0
Event: 11082.747 Thread 0x000001dadbd1d3e0 Thread added: 0x000001dadbd20860
Event: 11083.745 Thread 0x000001dadbd1cd50 Thread added: 0x000001dadbd1fb40
Event: 11142.943 Thread 0x000001dadbd22fc0 Thread exited: 0x000001dadbd22fc0
Event: 11143.004 Thread 0x000001dadbd20860 Thread exited: 0x000001dadbd20860
Event: 11190.980 Thread 0x000001dadbd1ee20 Thread exited: 0x000001dadbd1ee20
Event: 11191.310 Thread 0x000001dadbd1d3e0 Thread exited: 0x000001dadbd1d3e0
Event: 11320.420 Thread 0x000001dadbd1e790 Thread exited: 0x000001dadbd1e790
Event: 11334.924 Thread 0x000001dadbd1fb40 Thread added: 0x000001dadbd20860
Event: 11335.726 Thread 0x000001dadbd20860 Thread exited: 0x000001dadbd20860
Event: 11338.235 Thread 0x000001dadbd1fb40 Thread added: 0x000001dadbd22930
Event: 11338.240 Thread 0x000001dadbd22930 Thread exited: 0x000001dadbd22930
Event: 11382.682 Thread 0x000001dadbd1f4b0 Thread exited: 0x000001dadbd1f4b0


Dynamic libraries:
0x00007ff6f56c0000 - 0x00007ff6f56ce000 	c:\Users\Administrator\.antigravity\extensions\redhat.java-1.50.0-win32-x64\jre\21.0.9-win32-x86_64\bin\java.exe
0x00007fffa7700000 - 0x00007fffa78f0000 	C:\Windows\SYSTEM32\ntdll.dll
0x00007fffa57b0000 - 0x00007fffa5862000 	C:\Windows\System32\KERNEL32.DLL
0x00007fffa4a50000 - 0x00007fffa4cf5000 	C:\Windows\System32\KERNELBASE.dll
0x00007fff9f000000 - 0x00007fff9f08f000 	C:\Windows\SYSTEM32\apphelp.dll
0x00007fffa4f00000 - 0x00007fffa4ffa000 	C:\Windows\System32\ucrtbase.dll
0x00007fff67b70000 - 0x00007fff67b88000 	c:\Users\Administrator\.antigravity\extensions\redhat.java-1.50.0-win32-x64\jre\21.0.9-win32-x86_64\bin\jli.dll
0x00007fffa64e0000 - 0x00007fffa6674000 	C:\Windows\System32\USER32.dll
0x00007fffa4670000 - 0x00007fffa4691000 	C:\Windows\System32\win32u.dll
0x00007fffa74d0000 - 0x00007fffa74f6000 	C:\Windows\System32\GDI32.dll
0x00007fffa4730000 - 0x00007fffa48c8000 	C:\Windows\System32\gdi32full.dll
0x00007fffa4d00000 - 0x00007fffa4d9e000 	C:\Windows\System32\msvcp_win.dll
0x00007fff92270000 - 0x00007fff924f4000 	C:\Windows\WinSxS\amd64_microsoft.windows.common-controls_6595b64144ccf1df_6.0.18362.1556_none_9e7e372fe45e41d5\COMCTL32.dll
0x00007fff6a7f0000 - 0x00007fff6a80e000 	c:\Users\Administrator\.antigravity\extensions\redhat.java-1.50.0-win32-x64\jre\21.0.9-win32-x86_64\bin\VCRUNTIME140.dll
0x00007fffa70a0000 - 0x00007fffa713e000 	C:\Windows\System32\msvcrt.dll
0x00007fffa6130000 - 0x00007fffa6466000 	C:\Windows\System32\combase.dll
0x00007fffa6000000 - 0x00007fffa611f000 	C:\Windows\System32\RPCRT4.dll
0x00007fffa46a0000 - 0x00007fffa4721000 	C:\Windows\System32\bcryptPrimitives.dll
0x00007fffa7140000 - 0x00007fffa716e000 	C:\Windows\System32\IMM32.DLL
0x00007fff7ea90000 - 0x00007fff7ea9c000 	c:\Users\Administrator\.antigravity\extensions\redhat.java-1.50.0-win32-x64\jre\21.0.9-win32-x86_64\bin\vcruntime140_1.dll
0x00007fff55050000 - 0x00007fff550dd000 	c:\Users\Administrator\.antigravity\extensions\redhat.java-1.50.0-win32-x64\jre\21.0.9-win32-x86_64\bin\msvcp140.dll
0x00007fff4fdd0000 - 0x00007fff50b70000 	c:\Users\Administrator\.antigravity\extensions\redhat.java-1.50.0-win32-x64\jre\21.0.9-win32-x86_64\bin\server\jvm.dll
0x00007fffa6ad0000 - 0x00007fffa6b73000 	C:\Windows\System32\ADVAPI32.dll
0x00007fffa7430000 - 0x00007fffa74c7000 	C:\Windows\System32\sechost.dll
0x00007fffa45e0000 - 0x00007fffa462a000 	C:\Windows\System32\POWRPROF.dll
0x00007fffa45b0000 - 0x00007fffa45c0000 	C:\Windows\System32\UMPDC.dll
0x00007fffa7170000 - 0x00007fffa71df000 	C:\Windows\System32\WS2_32.dll
0x00007fff92510000 - 0x00007fff92534000 	C:\Windows\SYSTEM32\WINMM.dll
0x00007fff92240000 - 0x00007fff9226d000 	C:\Windows\SYSTEM32\winmmbase.dll
0x00007fff9c3f0000 - 0x00007fff9c3fa000 	C:\Windows\SYSTEM32\VERSION.dll
0x00007fffa4950000 - 0x00007fffa499a000 	C:\Windows\System32\cfgmgr32.dll
0x00007fffa4650000 - 0x00007fffa4661000 	C:\Windows\System32\kernel.appcore.dll
0x00007fff72aa0000 - 0x00007fff72aaa000 	c:\Users\Administrator\.antigravity\extensions\redhat.java-1.50.0-win32-x64\jre\21.0.9-win32-x86_64\bin\jimage.dll
0x00007fffa2eb0000 - 0x00007fffa30a4000 	C:\Windows\SYSTEM32\DBGHELP.DLL
0x00007fff95a70000 - 0x00007fff95a9a000 	C:\Windows\SYSTEM32\dbgcore.DLL
0x00007fff72a00000 - 0x00007fff72a0f000 	c:\Users\Administrator\.antigravity\extensions\redhat.java-1.50.0-win32-x64\jre\21.0.9-win32-x86_64\bin\instrument.dll
0x00007fff5ccb0000 - 0x00007fff5ccd0000 	c:\Users\Administrator\.antigravity\extensions\redhat.java-1.50.0-win32-x64\jre\21.0.9-win32-x86_64\bin\java.dll
0x00007fffa58f0000 - 0x00007fffa5fd7000 	C:\Windows\System32\SHELL32.dll
0x00007fffa66e0000 - 0x00007fffa6788000 	C:\Windows\System32\shcore.dll
0x00007fffa5000000 - 0x00007fffa577b000 	C:\Windows\System32\windows.storage.dll
0x00007fffa4630000 - 0x00007fffa464e000 	C:\Windows\System32\profapi.dll
0x00007fffa68d0000 - 0x00007fffa6922000 	C:\Windows\System32\shlwapi.dll
0x00007fffa48d0000 - 0x00007fffa48e7000 	C:\Windows\System32\cryptsp.dll
0x00007fff55bd0000 - 0x00007fff55be8000 	c:\Users\Administrator\.antigravity\extensions\redhat.java-1.50.0-win32-x64\jre\21.0.9-win32-x86_64\bin\zip.dll
0x00007fff71d30000 - 0x00007fff71d40000 	C:\Users\Administrator\.antigravity\extensions\redhat.java-1.50.0-win32-x64\jre\21.0.9-win32-x86_64\bin\net.dll
0x00007fff9d670000 - 0x00007fff9d76a000 	C:\Windows\SYSTEM32\WINHTTP.dll
0x00007fffa3df0000 - 0x00007fffa3e57000 	C:\Windows\system32\mswsock.dll
0x00007fff55030000 - 0x00007fff55046000 	C:\Users\Administrator\.antigravity\extensions\redhat.java-1.50.0-win32-x64\jre\21.0.9-win32-x86_64\bin\nio.dll
0x00007fff712a0000 - 0x00007fff712b0000 	c:\Users\Administrator\.antigravity\extensions\redhat.java-1.50.0-win32-x64\jre\21.0.9-win32-x86_64\bin\verify.dll
0x00007fff60840000 - 0x00007fff60884000 	C:\Users\Administrator\AppData\Roaming\Antigravity\User\globalStorage\redhat.java\1.50.0\config_win\org.eclipse.equinox.launcher\org.eclipse.equinox.launcher.win32.win32.x86_64_1.2.1400.v20250801-0854\eclipse_11916.dll
0x00007fffa7500000 - 0x00007fffa7657000 	C:\Windows\System32\ole32.dll
0x00007fff96f20000 - 0x00007fff96f2a000 	C:\Users\Administrator\.antigravity\extensions\redhat.java-1.50.0-win32-x64\jre\21.0.9-win32-x86_64\bin\management.dll
0x00007fff71640000 - 0x00007fff7164c000 	C:\Users\Administrator\.antigravity\extensions\redhat.java-1.50.0-win32-x64\jre\21.0.9-win32-x86_64\bin\management_ext.dll
0x00007fffa7420000 - 0x00007fffa7428000 	C:\Windows\System32\PSAPI.DLL
0x00007fffa3970000 - 0x00007fffa39a3000 	C:\Windows\system32\rsaenh.dll
0x00007fffa5780000 - 0x00007fffa57a6000 	C:\Windows\System32\bcrypt.dll
0x00007fffa44a0000 - 0x00007fffa44c5000 	C:\Windows\SYSTEM32\USERENV.dll
0x00007fffa3fc0000 - 0x00007fffa3fcc000 	C:\Windows\SYSTEM32\CRYPTBASE.dll
0x00007fffa3b00000 - 0x00007fffa3b3a000 	C:\Windows\SYSTEM32\IPHLPAPI.DLL
0x00007fffa6120000 - 0x00007fffa6128000 	C:\Windows\System32\NSI.dll
0x00007fff600b0000 - 0x00007fff600f9000 	C:\Users\Administrator\AppData\Local\Temp\jna-146731693\jna17533690983564610649.dll
0x00007fff9b740000 - 0x00007fff9b756000 	C:\Windows\SYSTEM32\dhcpcsvc6.DLL
0x00007fff9bce0000 - 0x00007fff9bcfc000 	C:\Windows\SYSTEM32\dhcpcsvc.DLL
0x00007fff71630000 - 0x00007fff7163e000 	C:\Users\Administrator\.antigravity\extensions\redhat.java-1.50.0-win32-x64\jre\21.0.9-win32-x86_64\bin\sunmscapi.dll
0x00007fffa4da0000 - 0x00007fffa4ef1000 	C:\Windows\System32\CRYPT32.dll
0x00007fffa45c0000 - 0x00007fffa45d2000 	C:\Windows\System32\MSASN1.dll
0x00007fffa40d0000 - 0x00007fffa40f6000 	C:\Windows\SYSTEM32\ncrypt.dll
0x00007fffa4090000 - 0x00007fffa40cb000 	C:\Windows\SYSTEM32\NTASN1.dll
0x00007fffa3b40000 - 0x00007fffa3c0b000 	C:\Windows\SYSTEM32\DNSAPI.dll
0x00007fff9b5c0000 - 0x00007fff9b5ca000 	C:\Windows\System32\rasadhlp.dll
0x00007fff9a810000 - 0x00007fff9a887000 	C:\Windows\System32\fwpuclnt.dll
0x00007fff71620000 - 0x00007fff71629000 	C:\Users\Administrator\.antigravity\extensions\redhat.java-1.50.0-win32-x64\jre\21.0.9-win32-x86_64\bin\extnet.dll
0x00007fffa35f0000 - 0x00007fffa3621000 	C:\Windows\SYSTEM32\ntmarta.dll

JVMTI agents:
c:\Users\Administrator\.antigravity\extensions\redhat.java-1.50.0-win32-x64\lombok\lombok-1.18.39-4050.jar path:c:\Users\Administrator\.antigravity\extensions\redhat.java-1.50.0-win32-x64\jre\21.0.9-win32-x86_64\bin\instrument.dll, loaded, initialized, instrumentlib options:none

dbghelp: loaded successfully - version: 4.0.5 - missing functions: none
symbol engine: initialized successfully - sym options: 0x614 - pdb path: .;c:\Users\Administrator\.antigravity\extensions\redhat.java-1.50.0-win32-x64\jre\21.0.9-win32-x86_64\bin;C:\Windows\SYSTEM32;C:\Windows\WinSxS\amd64_microsoft.windows.common-controls_6595b64144ccf1df_6.0.18362.1556_none_9e7e372fe45e41d5;c:\Users\Administrator\.antigravity\extensions\redhat.java-1.50.0-win32-x64\jre\21.0.9-win32-x86_64\bin\server;C:\Users\Administrator\AppData\Roaming\Antigravity\User\globalStorage\redhat.java\1.50.0\config_win\org.eclipse.equinox.launcher\org.eclipse.equinox.launcher.win32.win32.x86_64_1.2.1400.v20250801-0854;C:\Users\Administrator\AppData\Local\Temp\jna-146731693

VM Arguments:
jvm_args: --add-modules=ALL-SYSTEM --add-opens=java.base/java.util=ALL-UNNAMED --add-opens=java.base/java.lang=ALL-UNNAMED --add-opens=java.base/sun.nio.fs=ALL-UNNAMED -Declipse.application=org.eclipse.jdt.ls.core.id1 -Dosgi.bundles.defaultStartLevel=4 -Declipse.product=org.eclipse.jdt.ls.core.product -Djava.import.generatesMetadataFilesAtProjectRoot=false -DDetectVMInstallationsJob.disabled=true -Dfile.encoding=utf8 -XX:+UseParallelGC -XX:GCTimeRatio=4 -XX:AdaptiveSizePolicyWeight=90 -Dsun.zip.disableMemoryMapping=true -Xmx2G -Xms100m -Xlog:disable -javaagent:c:\Users\Administrator\.antigravity\extensions\redhat.java-1.50.0-win32-x64\lombok\lombok-1.18.39-4050.jar -XX:+HeapDumpOnOutOfMemoryError -XX:HeapDumpPath=c:\Users\Administrator\AppData\Roaming\Antigravity\User\workspaceStorage\9dc1cad281cafc8938dd036e9dabeaab\redhat.java -Daether.dependencyCollector.impl=bf 
java_command: c:\Users\Administrator\.antigravity\extensions\redhat.java-1.50.0-win32-x64\server\plugins\org.eclipse.equinox.launcher_1.7.100.v20251111-0406.jar -configuration c:\Users\Administrator\AppData\Roaming\Antigravity\User\globalStorage\redhat.java\1.50.0\config_win -data c:\Users\Administrator\AppData\Roaming\Antigravity\User\workspaceStorage\9dc1cad281cafc8938dd036e9dabeaab\redhat.java\jdt_ws --pipe=\\.\pipe\lsp-a8b15485ba025b7fdb02aca9613f6c98-sock
java_class_path (initial): c:\Users\Administrator\.antigravity\extensions\redhat.java-1.50.0-win32-x64\server\plugins\org.eclipse.equinox.launcher_1.7.100.v20251111-0406.jar
Launcher Type: SUN_STANDARD

[Global flags]
    uintx AdaptiveSizePolicyWeight                 = 90                                        {product} {command line}
     intx CICompilerCount                          = 4                                         {product} {ergonomic}
    uintx GCTimeRatio                              = 4                                         {product} {command line}
     bool HeapDumpOnOutOfMemoryError               = true                                   {manageable} {command line}
    ccstr HeapDumpPath                             = c:\Users\Administrator\AppData\Roaming\Antigravity\User\workspaceStorage\9dc1cad281cafc8938dd036e9dabeaab\redhat.java         {manageable} {command line}
   size_t InitialHeapSize                          = 104857600                                 {product} {command line}
   size_t MaxHeapSize                              = 2147483648                                {product} {command line}
   size_t MaxNewSize                               = 715653120                                 {product} {ergonomic}
   size_t MinHeapDeltaBytes                        = 524288                                    {product} {ergonomic}
   size_t MinHeapSize                              = 104857600                                 {product} {command line}
   size_t NewSize                                  = 34603008                                  {product} {ergonomic}
    uintx NonNMethodCodeHeapSize                   = 5839372                                {pd product} {ergonomic}
    uintx NonProfiledCodeHeapSize                  = 122909434                              {pd product} {ergonomic}
   size_t OldSize                                  = 70254592                                  {product} {ergonomic}
    uintx ProfiledCodeHeapSize                     = 122909434                              {pd product} {ergonomic}
    uintx ReservedCodeCacheSize                    = 251658240                              {pd product} {ergonomic}
     bool SegmentedCodeCache                       = true                                      {product} {ergonomic}
   size_t SoftMaxHeapSize                          = 2147483648                             {manageable} {ergonomic}
     bool UseCompressedOops                        = true                           {product lp64_product} {ergonomic}
     bool UseLargePagesIndividualAllocation        = false                                  {pd product} {ergonomic}
     bool UseParallelGC                            = true                                      {product} {command line}

Logging:
Log output configuration:
 #0: stdout all=off uptime,level,tags foldmultilines=false
 #1: stderr all=off uptime,level,tags foldmultilines=false

Release file:
JAVA_VERSION="21.0.9" 
MODULES="java.base java.compiler java.datatransfer java.xml java.prefs java.desktop java.instrument java.logging java.management java.security.sasl java.naming java.rmi java.management.rmi java.net.http java.scripting java.security.jgss java.transaction.xa java.sql java.sql.rowset java.xml.crypto java.se java.smartcardio jdk.accessibility jdk.internal.jvmstat jdk.attach jdk.charsets jdk.internal.opt jdk.zipfs jdk.compiler jdk.crypto.ec jdk.crypto.cryptoki jdk.crypto.mscapi jdk.dynalink jdk.internal.ed jdk.editpad jdk.hotspot.agent jdk.httpserver jdk.internal.le jdk.internal.vm.ci jdk.internal.vm.compiler jdk.internal.vm.compiler.management jdk.jartool jdk.javadoc jdk.jcmd jdk.management jdk.management.agent jdk.jconsole jdk.jdeps jdk.jdwp.agent jdk.jdi jdk.jfr jdk.jshell jdk.jsobject jdk.jstatd jdk.localedata jdk.management.jfr jdk.naming.dns jdk.naming.rmi jdk.net jdk.nio.mapmode jdk.random jdk.sctp jdk.security.auth jdk.security.jgss jdk.unsupported jdk.unsupported.desktop jdk.xml.dom" 

Environment Variables:
JAVA_HOME=D:\datn\jdk-17.0.16+8
PATH=d:\cursor\resources\app\bin;C:\Program Files\Python313\Scripts\;C:\Program Files\Python313\;C:\php-8.3.14-nts-Win32-vs16-x64;C:\Windows\system32;C:\Windows;C:\Windows\System32\Wbem;C:\Windows\System32\WindowsPowerShell\v1.0\;C:\Windows\System32\OpenSSH\;C:\Program Files\Microsoft SQL Server\Client SDK\ODBC\170\Tools\Binn\;C:\Program Files (x86)\Microsoft SQL Server\150\Tools\Binn\;C:\Program Files\Microsoft SQL Server\150\Tools\Binn\;C:\Program Files\Microsoft SQL Server\150\DTS\Binn\;C:\Program Files\Azure Data Studio\bin;C:\Program Files\dotnet\;D:\Git\cmd;C:\php-8.4.0-nts-Win32-vs17-x64;C:\ProgramData\ComposerSetup\bin;D:\datn\jdk-17.0.16+8\bin;C:\axis2-1.8.2\bin;D:\datn\apache-maven-3.9.11\bin;C:\Program Files\nodejs\;C:\php-8.4.0-nts-Win32-vs17-x64;C:\Users\Administrator\AppData\Local\Microsoft\WindowsApps;C:\Program Files\Azure Data Studio\bin;C:\Users\Administrator\.dotnet\tools;C:\php-8.3.14-nts-Win32-vs16-x64;C:\Users\Administrator\AppData\Roaming\Composer\vendor\bin;D:\datn\jdk-17.0.16+8;C:\axis2-1.;C:\php-8.4.0-nts-Win32-vs17-x64;C:\Users\Administrator\AppData\Local\Microsoft\WindowsApps;C:\Program Files\Azure Data Studio\bin;C:\Users\Administrator\AppData\Local\Programs\Microsoft VS Code\bin;C:\Users\Administrator\.dotnet\tools;C:\php-8.3.14-nts-Win32-vs16-x64;C:\Users\Administrator\AppData\Roaming\Composer\vendor\bin;D:\datn\jdk-17.0.16+8;C:\axis2-1.8.2;D:\cursor\resources\app\bin;D:\datn\apache-maven-3.9.11\bin;C:\Users\Administrator\AppData\Roaming\npm;C:\Users\Administrator\AppData\Local\Programs\Antigravity\bin
USERNAME=Administrator
OS=Windows_NT
PROCESSOR_IDENTIFIER=Intel64 Family 6 Model 142 Stepping 12, GenuineIntel
TMP=C:\Users\ADMINI~1\AppData\Local\Temp
TEMP=C:\Users\ADMINI~1\AppData\Local\Temp




Periodic native trim disabled

---------------  S Y S T E M  ---------------

OS:
 Windows 10 , 64 bit Build 18362 (10.0.18362.1500)
OS uptime: 3 days 11:17 hours

CPU: total 8 (initial active 8) (4 cores per cpu, 2 threads per core) family 6 model 142 stepping 12 microcode 0xde, cx8, cmov, fxsr, ht, mmx, 3dnowpref, sse, sse2, sse3, ssse3, sse4.1, sse4.2, popcnt, lzcnt, tsc, tscinvbit, avx, avx2, aes, erms, clmul, bmi1, bmi2, adx, fma, vzeroupper, clflush, clflushopt, rdtscp, f16c
Processor Information for the first 8 processors :
  Max Mhz: 1800, Current Mhz: 1600, Mhz Limit: 1584

Memory: 4k page, system-wide physical 3889M (99M free)
TotalPageFile size 15665M (AvailPageFile size 0M)
current process WorkingSet (physical memory assigned to process): 9M, peak: 619M
current process commit charge ("private bytes"): 1696M, peak: 1713M

vm_info: OpenJDK 64-Bit Server VM (21.0.9+10-LTS) for windows-amd64 JRE (21.0.9+10-LTS), built on 2025-10-21T00:00:00Z by "admin" with unknown MS VC++:1942

END.
