#
# There is insufficient memory for the Java Runtime Environment to continue.
# Native memory allocation (malloc) failed to allocate 32744 bytes. Error detail: Chunk::new
# Possible reasons:
#   The system is out of physical RAM or swap space
#   This process is running with CompressedOops enabled, and the Java Heap may be blocking the growth of the native heap
# Possible solutions:
#   Reduce memory load on the system
#   Increase physical memory or swap space
#   Check if swap backing store is full
#   Decrease Java heap size (-Xmx/-Xms)
#   Decrease number of Java threads
#   Decrease Java thread stack sizes (-Xss)
#   Set larger code cache with -XX:ReservedCodeCacheSize=
#   JVM is running with Unscaled Compressed Oops mode in which the Java heap is
#     placed in the first 4GB address space. The Java Heap base address is the
#     maximum limit for the native heap growth. Please use -XX:HeapBaseMinAddress
#     to set the Java Heap base and to place the Java Heap above 4GB virtual address.
# This output file may be truncated or incomplete.
#
#  Out of Memory Error (arena.cpp:168), pid=8152, tid=19992
#
# JRE version: OpenJDK Runtime Environment Temurin-21.0.9+10 (21.0.9+10) (build 21.0.9+10-LTS)
# Java VM: OpenJDK 64-Bit Server VM Temurin-21.0.9+10 (21.0.9+10-LTS, mixed mode, sharing, tiered, compressed oops, compressed class ptrs, parallel gc, windows-amd64)
# No core dump will be written. Minidumps are not enabled by default on client versions of Windows
#

---------------  S U M M A R Y ------------

Command Line: --add-modules=ALL-SYSTEM --add-opens=java.base/java.util=ALL-UNNAMED --add-opens=java.base/java.lang=ALL-UNNAMED --add-opens=java.base/sun.nio.fs=ALL-UNNAMED -Declipse.application=org.eclipse.jdt.ls.core.id1 -Dosgi.bundles.defaultStartLevel=4 -Declipse.product=org.eclipse.jdt.ls.core.product -Djava.import.generatesMetadataFilesAtProjectRoot=false -DDetectVMInstallationsJob.disabled=true -Dfile.encoding=utf8 -XX:+UseParallelGC -XX:GCTimeRatio=4 -XX:AdaptiveSizePolicyWeight=90 -Dsun.zip.disableMemoryMapping=true -Xmx2G -Xms100m -Xlog:disable -javaagent:c:\Users\Administrator\.antigravity\extensions\redhat.java-1.51.0-win32-x64\lombok\lombok-1.18.39-4050.jar -XX:+HeapDumpOnOutOfMemoryError -XX:HeapDumpPath=c:\Users\Administrator\AppData\Roaming\Antigravity\User\workspaceStorage\9dc1cad281cafc8938dd036e9dabeaab\redhat.java -Daether.dependencyCollector.impl=bf c:\Users\Administrator\.antigravity\extensions\redhat.java-1.51.0-win32-x64\server\plugins\org.eclipse.equinox.launcher_1.7.100.v20251111-0406.jar -configuration c:\Users\Administrator\AppData\Roaming\Antigravity\User\globalStorage\redhat.java\1.51.0\config_win -data c:\Users\Administrator\AppData\Roaming\Antigravity\User\workspaceStorage\9dc1cad281cafc8938dd036e9dabeaab\redhat.java\jdt_ws --pipe=\\.\pipe\lsp-a0cf22f19217cc1aeb6ae9b3c6d1b831-sock

Host: Intel(R) Core(TM) i5-8265U CPU @ 1.60GHz, 8 cores, 3G,  Windows 10 , 64 bit Build 18362 (10.0.18362.1500)
Time: Sun Jan 25 17:26:07 2026 SE Asia Standard Time elapsed time: 65.378012 seconds (0d 0h 1m 5s)

---------------  T H R E A D  ---------------

Current thread (0x00000222fd1cf780):  JavaThread "C2 CompilerThread0" daemon [_thread_in_native, id=19992, stack(0x000000294b600000,0x000000294b700000) (1024K)]


Current CompileTask:
C2:65378 7361       4       org.eclipse.osgi.container.ModuleDatabase$Persistence::addMap (289 bytes)

Stack: [0x000000294b600000,0x000000294b700000]
Native frames: (J=compiled Java code, j=interpreted, Vv=VM code, C=native code)
V  [jvm.dll+0x6d6e29]
V  [jvm.dll+0x8b4b76]
V  [jvm.dll+0x8b712e]
V  [jvm.dll+0x8b7813]
V  [jvm.dll+0x283d86]
V  [jvm.dll+0xc66ed]
V  [jvm.dll+0xc6c31]
V  [jvm.dll+0x702833]
V  [jvm.dll+0x1e3e2a]
V  [jvm.dll+0x24c0f3]
V  [jvm.dll+0x24b580]
V  [jvm.dll+0x1cb13e]
V  [jvm.dll+0x25b29d]
V  [jvm.dll+0x25982a]
V  [jvm.dll+0x3f7ea6]
V  [jvm.dll+0x85e9ad]
V  [jvm.dll+0x6d565d]
C  [ucrtbase.dll+0x210b2]
C  [KERNEL32.DLL+0x17c24]
C  [ntdll.dll+0x6d721]


---------------  P R O C E S S  ---------------

Threads class SMR info:
_java_thread_list=0x0000022286743990, length=47, elements={
0x00000222a32e5c10, 0x00000222fd1baa70, 0x00000222fd1bc2d0, 0x00000222fd1c01b0,
0x00000222fd1c0ec0, 0x00000222fd1c3580, 0x00000222fd1c7760, 0x00000222fd1cf780,
0x00000222fd1f4e40, 0x00000222fd1c6a40, 0x00000222fd1c5690, 0x00000222fd1c70d0,
0x00000222fd1c5d20, 0x00000222fd1c7df0, 0x00000222fd1c5000, 0x00000222fd1c63b0,
0x00000222fd1c4970, 0x000002228431f890, 0x0000022284320c40, 0x0000022284322680,
0x0000022284324de0, 0x000002228431ff20, 0x0000022284324750, 0x0000022284325470,
0x0000022284321960, 0x0000022284322d10, 0x00000222843233a0, 0x0000022284325b00,
0x000002228431f200, 0x00000222843205b0, 0x00000222843212d0, 0x0000022284321ff0,
0x0000022284323a30, 0x00000222843240c0, 0x0000022285057ce0, 0x000002228505aad0,
0x00000222850562a0, 0x0000022285057650, 0x000002228505a440, 0x0000022285059db0,
0x0000022285054860, 0x0000022285058370, 0x0000022285055580, 0x0000022285058a00,
0x0000022285059090, 0x0000022285059720, 0x0000022285054ef0
}

Java Threads: ( => current thread )
  0x00000222a32e5c10 JavaThread "main"                              [_thread_blocked, id=18040, stack(0x000000294ac00000,0x000000294ad00000) (1024K)]
  0x00000222fd1baa70 JavaThread "Reference Handler"          daemon [_thread_blocked, id=9892, stack(0x000000294b000000,0x000000294b100000) (1024K)]
  0x00000222fd1bc2d0 JavaThread "Finalizer"                  daemon [_thread_blocked, id=17004, stack(0x000000294b100000,0x000000294b200000) (1024K)]
  0x00000222fd1c01b0 JavaThread "Signal Dispatcher"          daemon [_thread_blocked, id=20092, stack(0x000000294b200000,0x000000294b300000) (1024K)]
  0x00000222fd1c0ec0 JavaThread "Attach Listener"            daemon [_thread_blocked, id=9592, stack(0x000000294b300000,0x000000294b400000) (1024K)]
  0x00000222fd1c3580 JavaThread "Service Thread"             daemon [_thread_blocked, id=12716, stack(0x000000294b400000,0x000000294b500000) (1024K)]
  0x00000222fd1c7760 JavaThread "Monitor Deflation Thread"   daemon [_thread_blocked, id=12556, stack(0x000000294b500000,0x000000294b600000) (1024K)]
=>0x00000222fd1cf780 JavaThread "C2 CompilerThread0"         daemon [_thread_in_native, id=19992, stack(0x000000294b600000,0x000000294b700000) (1024K)]
  0x00000222fd1f4e40 JavaThread "C1 CompilerThread0"         daemon [_thread_blocked, id=14012, stack(0x000000294b700000,0x000000294b800000) (1024K)]
  0x00000222fd1c6a40 JavaThread "Common-Cleaner"             daemon [_thread_blocked, id=13528, stack(0x000000294b800000,0x000000294b900000) (1024K)]
  0x00000222fd1c5690 JavaThread "Notification Thread"        daemon [_thread_blocked, id=16808, stack(0x000000294b900000,0x000000294ba00000) (1024K)]
  0x00000222fd1c70d0 JavaThread "Active Thread: Equinox Container: f187be16-a64c-4e7d-9b51-fae208631200"        [_thread_in_Java, id=5056, stack(0x000000294c100000,0x000000294c200000) (1024K)]
  0x00000222fd1c5d20 JavaThread "Refresh Thread: Equinox Container: f187be16-a64c-4e7d-9b51-fae208631200" daemon [_thread_blocked, id=6300, stack(0x000000294c200000,0x000000294c300000) (1024K)]
  0x00000222fd1c7df0 JavaThread "Framework Event Dispatcher: Equinox Container: f187be16-a64c-4e7d-9b51-fae208631200" daemon [_thread_blocked, id=3244, stack(0x000000294c300000,0x000000294c400000) (1024K)]
  0x00000222fd1c5000 JavaThread "Start Level: Equinox Container: f187be16-a64c-4e7d-9b51-fae208631200" daemon [_thread_blocked, id=15816, stack(0x000000294c400000,0x000000294c500000) (1024K)]
  0x00000222fd1c63b0 JavaThread "Bundle File Closer"         daemon [_thread_blocked, id=15228, stack(0x000000294c500000,0x000000294c600000) (1024K)]
  0x00000222fd1c4970 JavaThread "SCR Component Actor"        daemon [_thread_blocked, id=16544, stack(0x000000294c600000,0x000000294c700000) (1024K)]
  0x000002228431f890 JavaThread "Worker-JM"                         [_thread_blocked, id=2956, stack(0x000000294c700000,0x000000294c800000) (1024K)]
  0x0000022284320c40 JavaThread "JNA Cleaner"                daemon [_thread_blocked, id=16988, stack(0x000000294c800000,0x000000294c900000) (1024K)]
  0x0000022284322680 JavaThread "Worker-0"                          [_thread_blocked, id=18452, stack(0x000000294c900000,0x000000294ca00000) (1024K)]
  0x0000022284324de0 JavaThread "Worker-1: Building"                [_thread_in_native, id=13860, stack(0x000000294ca00000,0x000000294cb00000) (1024K)]
  0x000002228431ff20 JavaThread "Worker-2"                          [_thread_blocked, id=15112, stack(0x000000294cb00000,0x000000294cc00000) (1024K)]
  0x0000022284324750 JavaThread "Worker-3"                          [_thread_blocked, id=15848, stack(0x000000294cd00000,0x000000294ce00000) (1024K)]
  0x0000022284325470 JavaThread "Worker-4"                          [_thread_blocked, id=9204, stack(0x000000294ce00000,0x000000294cf00000) (1024K)]
  0x0000022284321960 JavaThread "pool-2-thread-1"                   [_thread_blocked, id=8168, stack(0x000000294cf00000,0x000000294d000000) (1024K)]
  0x0000022284322d10 JavaThread "Framework stop - Equinox Container: f187be16-a64c-4e7d-9b51-fae208631200"        [_thread_blocked, id=19240, stack(0x000000294d000000,0x000000294d100000) (1024K)]
  0x00000222843233a0 JavaThread "ForkJoinPool.commonPool-worker-1" daemon [_thread_blocked, id=16044, stack(0x000000294d100000,0x000000294d200000) (1024K)]
  0x0000022284325b00 JavaThread "ForkJoinPool.commonPool-worker-2" daemon [_thread_blocked, id=15212, stack(0x000000294d200000,0x000000294d300000) (1024K)]
  0x000002228431f200 JavaThread "ForkJoinPool.commonPool-worker-4" daemon [_thread_blocked, id=15192, stack(0x000000294d300000,0x000000294d400000) (1024K)]
  0x00000222843205b0 JavaThread "ForkJoinPool.commonPool-worker-3" daemon [_thread_blocked, id=12324, stack(0x000000294d400000,0x000000294d500000) (1024K)]
  0x00000222843212d0 JavaThread "ForkJoinPool.commonPool-worker-5" daemon [_thread_blocked, id=18620, stack(0x000000294d500000,0x000000294d600000) (1024K)]
  0x0000022284321ff0 JavaThread "ForkJoinPool.commonPool-worker-6" daemon [_thread_blocked, id=12872, stack(0x000000294d600000,0x000000294d700000) (1024K)]
  0x0000022284323a30 JavaThread "ForkJoinPool.commonPool-worker-7" daemon [_thread_blocked, id=15800, stack(0x000000294d700000,0x000000294d800000) (1024K)]
  0x00000222843240c0 JavaThread "LocalFile Deleter"          daemon [_thread_blocked, id=2456, stack(0x000000294d800000,0x000000294d900000) (1024K)]
  0x0000022285057ce0 JavaThread "LocalFile Deleter"          daemon [_thread_blocked, id=7436, stack(0x000000294d900000,0x000000294da00000) (1024K)]
  0x000002228505aad0 JavaThread "LocalFile Deleter"          daemon [_thread_blocked, id=980, stack(0x000000294da00000,0x000000294db00000) (1024K)]
  0x00000222850562a0 JavaThread "LocalFile Deleter"          daemon [_thread_blocked, id=7800, stack(0x000000294db00000,0x000000294dc00000) (1024K)]
  0x0000022285057650 JavaThread "LocalFile Deleter"          daemon [_thread_blocked, id=19692, stack(0x000000294dc00000,0x000000294dd00000) (1024K)]
  0x000002228505a440 JavaThread "LocalFile Deleter"          daemon [_thread_blocked, id=14580, stack(0x000000294dd00000,0x000000294de00000) (1024K)]
  0x0000022285059db0 JavaThread "LocalFile Deleter"          daemon [_thread_blocked, id=6532, stack(0x000000294de00000,0x000000294df00000) (1024K)]
  0x0000022285054860 JavaThread "LocalFile Deleter"          daemon [_thread_blocked, id=8776, stack(0x000000294df00000,0x000000294e000000) (1024K)]
  0x0000022285058370 JavaThread "Compiler Source File Reader" daemon [_thread_blocked, id=15052, stack(0x000000294e000000,0x000000294e100000) (1024K)]
  0x0000022285055580 JavaThread "Compiler Source File Reader" daemon [_thread_blocked, id=12220, stack(0x000000294e100000,0x000000294e200000) (1024K)]
  0x0000022285058a00 JavaThread "Compiler Source File Reader" daemon [_thread_blocked, id=7840, stack(0x000000294e200000,0x000000294e300000) (1024K)]
  0x0000022285059090 JavaThread "Compiler Source File Reader" daemon [_thread_blocked, id=19616, stack(0x000000294e300000,0x000000294e400000) (1024K)]
  0x0000022285059720 JavaThread "Compiler Source File Reader" daemon [_thread_blocked, id=20260, stack(0x000000294e400000,0x000000294e500000) (1024K)]
  0x0000022285054ef0 JavaThread "Compiler Source File Reader" daemon [_thread_blocked, id=2716, stack(0x000000294e500000,0x000000294e600000) (1024K)]
Total: 47

Other Threads:
  0x00000222fd1a2500 VMThread "VM Thread"                           [id=16568, stack(0x000000294af00000,0x000000294b000000) (1024K)]
  0x00000222a5679320 WatcherThread "VM Periodic Task Thread"        [id=20016, stack(0x000000294ae00000,0x000000294af00000) (1024K)]
  0x00000222a562e510 WorkerThread "GC Thread#0"                     [id=15160, stack(0x000000294ad00000,0x000000294ae00000) (1024K)]
  0x00000222fee26340 WorkerThread "GC Thread#1"                     [id=16672, stack(0x000000294ba00000,0x000000294bb00000) (1024K)]
  0x00000222ff043550 WorkerThread "GC Thread#2"                     [id=16900, stack(0x000000294bb00000,0x000000294bc00000) (1024K)]
  0x00000222ff043d00 WorkerThread "GC Thread#3"                     [id=2508, stack(0x000000294bc00000,0x000000294bd00000) (1024K)]
  0x00000222ff0440a0 WorkerThread "GC Thread#4"                     [id=9340, stack(0x000000294bd00000,0x000000294be00000) (1024K)]
  0x00000222feede550 WorkerThread "GC Thread#5"                     [id=19708, stack(0x000000294be00000,0x000000294bf00000) (1024K)]
  0x00000222ff044440 WorkerThread "GC Thread#6"                     [id=19896, stack(0x000000294bf00000,0x000000294c000000) (1024K)]
  0x00000222fd1fa2f0 WorkerThread "GC Thread#7"                     [id=19876, stack(0x000000294c000000,0x000000294c100000) (1024K)]
Total: 10

Threads with active compile tasks:
C2 CompilerThread0  65464 7361       4       org.eclipse.osgi.container.ModuleDatabase$Persistence::addMap (289 bytes)
Total: 1

VM state: not at safepoint (normal execution)

VM Mutex/Monitor currently owned by a thread: None

Heap address: 0x0000000080000000, size: 2048 MB, Compressed Oops mode: 32-bit

CDS archive(s) mapped at: [0x00000222bc000000-0x00000222bcba0000-0x00000222bcba0000), size 12189696, SharedBaseAddress: 0x00000222bc000000, ArchiveRelocationMode: 1.
Compressed class space mapped at: 0x00000222bd000000-0x00000222fd000000, reserved size: 1073741824
Narrow klass base: 0x00000222bc000000, Narrow klass shift: 0, Narrow klass range: 0x100000000

GC Precious Log:
 CardTable entry size: 512
 CPUs: 8 total, 8 available
 Memory: 3889M
 Large Page Support: Disabled
 NUMA Support: Disabled
 Compressed Oops: Enabled (32-bit)
 Alignments: Space 512K, Generation 512K, Heap 2M
 Heap Min Capacity: 100M
 Heap Initial Capacity: 100M
 Heap Max Capacity: 2G
 Pre-touch: Disabled
 Parallel Workers: 8

Heap:
 PSYoungGen      total 5120K, used 1442K [0x00000000d5580000, 0x00000000d6500000, 0x0000000100000000)
  eden space 4608K, 20% used [0x00000000d5580000,0x00000000d5669dc0,0x00000000d5a00000)
  from space 512K, 98% used [0x00000000d6400000,0x00000000d647eae0,0x00000000d6480000)
  to   space 512K, 0% used [0x00000000d6480000,0x00000000d6480000,0x00000000d6500000)
 ParOldGen       total 68608K, used 52454K [0x0000000080000000, 0x0000000084300000, 0x00000000d5580000)
  object space 68608K, 76% used [0x0000000080000000,0x0000000083339bd8,0x0000000084300000)
 Metaspace       used 50402K, committed 51712K, reserved 1114112K
  class space    used 5415K, committed 5952K, reserved 1048576K

Card table byte_map: [0x00000222a4fe0000,0x00000222a53f0000] _byte_map_base: 0x00000222a4be0000

Marking Bits: (ParMarkBitMap*) 0x00007ffc9da72460
 Begin Bits: [0x00000222b7ac0000, 0x00000222b9ac0000)
 End Bits:   [0x00000222b9ac0000, 0x00000222bbac0000)

Polling page: 0x00000222a4dd0000

Metaspace:

Usage:
  Non-class:     43.93 MB used.
      Class:      5.29 MB used.
       Both:     49.22 MB used.

Virtual space:
  Non-class space:       64.00 MB reserved,      44.69 MB ( 70%) committed,  1 nodes.
      Class space:        1.00 GB reserved,       5.81 MB ( <1%) committed,  1 nodes.
             Both:        1.06 GB reserved,      50.50 MB (  5%) committed. 

Chunk freelists:
   Non-Class:  2.97 MB
       Class:  10.09 MB
        Both:  13.06 MB

MaxMetaspaceSize: unlimited
CompressedClassSpaceSize: 1.00 GB
Initial GC threshold: 21.00 MB
Current GC threshold: 58.38 MB
CDS: on
 - commit_granule_bytes: 65536.
 - commit_granule_words: 8192.
 - virtual_space_node_default_size: 8388608.
 - enlarge_chunks_in_place: 1.
 - use_allocation_guard: 0.


Internal statistics:

num_allocs_failed_limit: 6.
num_arena_births: 1020.
num_arena_deaths: 14.
num_vsnodes_births: 2.
num_vsnodes_deaths: 0.
num_space_committed: 808.
num_space_uncommitted: 0.
num_chunks_returned_to_freelist: 20.
num_chunks_taken_from_freelist: 3301.
num_chunk_merges: 12.
num_chunk_splits: 2081.
num_chunks_enlarged: 1196.
num_inconsistent_stats: 0.

CodeHeap 'non-profiled nmethods': size=120000Kb used=3351Kb max_used=3351Kb free=116648Kb
 bounds [0x00000222b02e0000, 0x00000222b0630000, 0x00000222b7810000]
CodeHeap 'profiled nmethods': size=120000Kb used=13867Kb max_used=13867Kb free=106132Kb
 bounds [0x00000222a8810000, 0x00000222a95a0000, 0x00000222afd40000]
CodeHeap 'non-nmethods': size=5760Kb used=1383Kb max_used=1456Kb free=4376Kb
 bounds [0x00000222afd40000, 0x00000222affb0000, 0x00000222b02e0000]
CodeCache: size=245760Kb, used=18601Kb, max_used=18674Kb, free=227156Kb
 total_blobs=7441, nmethods=6753, adapters=594, full_count=0
Compilation: enabled, stopped_count=0, restarted_count=0

Compilation events (20 events):
Event: 64.736 Thread 0x00000222fd1f4e40 7354   !   3       org.eclipse.osgi.storage.BundleInfo$Generation::getContent (17 bytes)
Event: 64.737 Thread 0x00000222fd1f4e40 nmethod 7354 0x00000222a958d090 code [0x00000222a958d240, 0x00000222a958d440]
Event: 64.738 Thread 0x00000222fd1f4e40 7355       3       java.lang.AbstractStringBuilder::deleteCharAt (33 bytes)
Event: 64.738 Thread 0x00000222fd1f4e40 nmethod 7355 0x00000222a958d510 code [0x00000222a958d6c0, 0x00000222a958d8d8]
Event: 64.761 Thread 0x00000222fd1f4e40 7356   !   3       org.eclipse.osgi.storage.BundleInfo$Generation::getStorageHook (78 bytes)
Event: 64.766 Thread 0x00000222fd1f4e40 nmethod 7356 0x00000222a958da10 code [0x00000222a958dc40, 0x00000222a958e570]
Event: 64.766 Thread 0x00000222fd1f4e40 7357       3       org.eclipse.osgi.internal.connect.ConnectHookConfigurator$1$1::save (17 bytes)
Event: 64.770 Thread 0x00000222fd1f4e40 nmethod 7357 0x00000222a958e890 code [0x00000222a958ea60, 0x00000222a958edf0]
Event: 64.840 Thread 0x00000222fd1cf780 nmethod 7351 0x00000222b0622710 code [0x00000222b0622a20, 0x00000222b0624768]
Event: 64.841 Thread 0x00000222fd1cf780 7358       4       java.util.Collections$UnmodifiableMap$UnmodifiableEntrySet$UnmodifiableEntry::getValue (10 bytes)
Event: 64.843 Thread 0x00000222fd1cf780 nmethod 7358 0x00000222b0625790 code [0x00000222b0625940, 0x00000222b0625a48]
Event: 64.845 Thread 0x00000222fd1f4e40 7359       3       org.eclipse.osgi.container.ModuleDatabase$Persistence::getStringsVersionsAndMaps (286 bytes)
Event: 64.874 Thread 0x00000222fd1f4e40 nmethod 7359 0x00000222a958ef90 code [0x00000222a958f360, 0x00000222a9591080]
Event: 65.119 Thread 0x00000222fd1cf780 7360       4       java.util.Collections$UnmodifiableMap$UnmodifiableEntrySet$1::hasNext (10 bytes)
Event: 65.121 Thread 0x00000222fd1cf780 nmethod 7360 0x00000222b0625b90 code [0x00000222b0625d20, 0x00000222b0625e28]
Event: 65.123 Thread 0x00000222fd1cf780 7361       4       org.eclipse.osgi.container.ModuleDatabase$Persistence::addMap (289 bytes)
Event: 65.161 Thread 0x00000222fd1f4e40 7365       3       java.util.RegularEnumSet$EnumSetIterator::next (5 bytes)
Event: 65.162 Thread 0x00000222fd1f4e40 nmethod 7365 0x00000222a9591990 code [0x00000222a9591b40, 0x00000222a9591c80]
Event: 65.162 Thread 0x00000222fd1f4e40 7366       3       java.util.RegularEnumSet$EnumSetIterator::next (60 bytes)
Event: 65.162 Thread 0x00000222fd1f4e40 nmethod 7366 0x00000222a9591d10 code [0x00000222a9591ee0, 0x00000222a9592190]

GC Heap History (20 events):
Event: 51.969 GC heap before
{Heap before GC invocations=28 (full 2):
 PSYoungGen      total 18944K, used 18784K [0x00000000d5580000, 0x00000000d6a00000, 0x0000000100000000)
  eden space 16896K, 100% used [0x00000000d5580000,0x00000000d6600000,0x00000000d6600000)
  from space 2048K, 92% used [0x00000000d6700000,0x00000000d68d8000,0x00000000d6900000)
  to   space 1024K, 0% used [0x00000000d6900000,0x00000000d6900000,0x00000000d6a00000)
 ParOldGen       total 68608K, used 37759K [0x0000000080000000, 0x0000000084300000, 0x00000000d5580000)
  object space 68608K, 55% used [0x0000000080000000,0x00000000824dfd08,0x0000000084300000)
 Metaspace       used 47771K, committed 49024K, reserved 1114112K
  class space    used 5109K, committed 5632K, reserved 1048576K
}
Event: 51.987 GC heap after
{Heap after GC invocations=28 (full 2):
 PSYoungGen      total 5632K, used 992K [0x00000000d5580000, 0x00000000d8400000, 0x0000000100000000)
  eden space 4608K, 0% used [0x00000000d5580000,0x00000000d5580000,0x00000000d5a00000)
  from space 1024K, 96% used [0x00000000d6900000,0x00000000d69f8378,0x00000000d6a00000)
  to   space 15360K, 0% used [0x00000000d5a00000,0x00000000d5a00000,0x00000000d6900000)
 ParOldGen       total 68608K, used 49764K [0x0000000080000000, 0x0000000084300000, 0x00000000d5580000)
  object space 68608K, 72% used [0x0000000080000000,0x0000000083099240,0x0000000084300000)
 Metaspace       used 47771K, committed 49024K, reserved 1114112K
  class space    used 5109K, committed 5632K, reserved 1048576K
}
Event: 52.655 GC heap before
{Heap before GC invocations=29 (full 2):
 PSYoungGen      total 5632K, used 5600K [0x00000000d5580000, 0x00000000d8400000, 0x0000000100000000)
  eden space 4608K, 100% used [0x00000000d5580000,0x00000000d5a00000,0x00000000d5a00000)
  from space 1024K, 96% used [0x00000000d6900000,0x00000000d69f8378,0x00000000d6a00000)
  to   space 15360K, 0% used [0x00000000d5a00000,0x00000000d5a00000,0x00000000d6900000)
 ParOldGen       total 68608K, used 49764K [0x0000000080000000, 0x0000000084300000, 0x00000000d5580000)
  object space 68608K, 72% used [0x0000000080000000,0x0000000083099240,0x0000000084300000)
 Metaspace       used 48373K, committed 49664K, reserved 1114112K
  class space    used 5181K, committed 5696K, reserved 1048576K
}
Event: 52.658 GC heap after
{Heap after GC invocations=29 (full 2):
 PSYoungGen      total 5632K, used 541K [0x00000000d5580000, 0x00000000d6980000, 0x0000000100000000)
  eden space 4608K, 0% used [0x00000000d5580000,0x00000000d5580000,0x00000000d5a00000)
  from space 1024K, 52% used [0x00000000d5a00000,0x00000000d5a87600,0x00000000d5b00000)
  to   space 5120K, 0% used [0x00000000d6480000,0x00000000d6480000,0x00000000d6980000)
 ParOldGen       total 68608K, used 50771K [0x0000000080000000, 0x0000000084300000, 0x00000000d5580000)
  object space 68608K, 74% used [0x0000000080000000,0x0000000083194d18,0x0000000084300000)
 Metaspace       used 48373K, committed 49664K, reserved 1114112K
  class space    used 5181K, committed 5696K, reserved 1048576K
}
Event: 53.371 GC heap before
{Heap before GC invocations=30 (full 2):
 PSYoungGen      total 5632K, used 5149K [0x00000000d5580000, 0x00000000d6980000, 0x0000000100000000)
  eden space 4608K, 100% used [0x00000000d5580000,0x00000000d5a00000,0x00000000d5a00000)
  from space 1024K, 52% used [0x00000000d5a00000,0x00000000d5a87600,0x00000000d5b00000)
  to   space 5120K, 0% used [0x00000000d6480000,0x00000000d6480000,0x00000000d6980000)
 ParOldGen       total 68608K, used 50771K [0x0000000080000000, 0x0000000084300000, 0x00000000d5580000)
  object space 68608K, 74% used [0x0000000080000000,0x0000000083194d18,0x0000000084300000)
 Metaspace       used 48846K, committed 50112K, reserved 1114112K
  class space    used 5243K, committed 5760K, reserved 1048576K
}
Event: 53.375 GC heap after
{Heap after GC invocations=30 (full 2):
 PSYoungGen      total 5120K, used 320K [0x00000000d5580000, 0x00000000d6500000, 0x0000000100000000)
  eden space 4608K, 0% used [0x00000000d5580000,0x00000000d5580000,0x00000000d5a00000)
  from space 512K, 62% used [0x00000000d6480000,0x00000000d64d0000,0x00000000d6500000)
  to   space 1536K, 0% used [0x00000000d6200000,0x00000000d6200000,0x00000000d6380000)
 ParOldGen       total 68608K, used 51152K [0x0000000080000000, 0x0000000084300000, 0x00000000d5580000)
  object space 68608K, 74% used [0x0000000080000000,0x00000000831f4338,0x0000000084300000)
 Metaspace       used 48846K, committed 50112K, reserved 1114112K
  class space    used 5243K, committed 5760K, reserved 1048576K
}
Event: 53.643 GC heap before
{Heap before GC invocations=31 (full 2):
 PSYoungGen      total 5120K, used 4888K [0x00000000d5580000, 0x00000000d6500000, 0x0000000100000000)
  eden space 4608K, 99% used [0x00000000d5580000,0x00000000d59f62d0,0x00000000d5a00000)
  from space 512K, 62% used [0x00000000d6480000,0x00000000d64d0000,0x00000000d6500000)
  to   space 1536K, 0% used [0x00000000d6200000,0x00000000d6200000,0x00000000d6380000)
 ParOldGen       total 68608K, used 51152K [0x0000000080000000, 0x0000000084300000, 0x00000000d5580000)
  object space 68608K, 74% used [0x0000000080000000,0x00000000831f4338,0x0000000084300000)
 Metaspace       used 48907K, committed 50240K, reserved 1114112K
  class space    used 5269K, committed 5824K, reserved 1048576K
}
Event: 53.648 GC heap after
{Heap after GC invocations=31 (full 2):
 PSYoungGen      total 6144K, used 224K [0x00000000d5580000, 0x00000000d6500000, 0x0000000100000000)
  eden space 4608K, 0% used [0x00000000d5580000,0x00000000d5580000,0x00000000d5a00000)
  from space 1536K, 14% used [0x00000000d6200000,0x00000000d6238000,0x00000000d6380000)
  to   space 512K, 0% used [0x00000000d6480000,0x00000000d6480000,0x00000000d6500000)
 ParOldGen       total 68608K, used 51326K [0x0000000080000000, 0x0000000084300000, 0x00000000d5580000)
  object space 68608K, 74% used [0x0000000080000000,0x000000008321fa10,0x0000000084300000)
 Metaspace       used 48907K, committed 50240K, reserved 1114112K
  class space    used 5269K, committed 5824K, reserved 1048576K
}
Event: 53.890 GC heap before
{Heap before GC invocations=32 (full 2):
 PSYoungGen      total 6144K, used 4832K [0x00000000d5580000, 0x00000000d6500000, 0x0000000100000000)
  eden space 4608K, 100% used [0x00000000d5580000,0x00000000d5a00000,0x00000000d5a00000)
  from space 1536K, 14% used [0x00000000d6200000,0x00000000d6238000,0x00000000d6380000)
  to   space 512K, 0% used [0x00000000d6480000,0x00000000d6480000,0x00000000d6500000)
 ParOldGen       total 68608K, used 51326K [0x0000000080000000, 0x0000000084300000, 0x00000000d5580000)
  object space 68608K, 74% used [0x0000000080000000,0x000000008321fa10,0x0000000084300000)
 Metaspace       used 49046K, committed 50304K, reserved 1114112K
  class space    used 5292K, committed 5824K, reserved 1048576K
}
Event: 53.891 GC heap after
{Heap after GC invocations=32 (full 2):
 PSYoungGen      total 5120K, used 288K [0x00000000d5580000, 0x00000000d6500000, 0x0000000100000000)
  eden space 4608K, 0% used [0x00000000d5580000,0x00000000d5580000,0x00000000d5a00000)
  from space 512K, 56% used [0x00000000d6480000,0x00000000d64c8000,0x00000000d6500000)
  to   space 512K, 0% used [0x00000000d6400000,0x00000000d6400000,0x00000000d6480000)
 ParOldGen       total 68608K, used 51374K [0x0000000080000000, 0x0000000084300000, 0x00000000d5580000)
  object space 68608K, 74% used [0x0000000080000000,0x000000008322ba10,0x0000000084300000)
 Metaspace       used 49046K, committed 50304K, reserved 1114112K
  class space    used 5292K, committed 5824K, reserved 1048576K
}
Event: 54.162 GC heap before
{Heap before GC invocations=33 (full 2):
 PSYoungGen      total 5120K, used 4896K [0x00000000d5580000, 0x00000000d6500000, 0x0000000100000000)
  eden space 4608K, 100% used [0x00000000d5580000,0x00000000d5a00000,0x00000000d5a00000)
  from space 512K, 56% used [0x00000000d6480000,0x00000000d64c8000,0x00000000d6500000)
  to   space 512K, 0% used [0x00000000d6400000,0x00000000d6400000,0x00000000d6480000)
 ParOldGen       total 68608K, used 51374K [0x0000000080000000, 0x0000000084300000, 0x00000000d5580000)
  object space 68608K, 74% used [0x0000000080000000,0x000000008322ba10,0x0000000084300000)
 Metaspace       used 49393K, committed 50688K, reserved 1114112K
  class space    used 5317K, committed 5824K, reserved 1048576K
}
Event: 54.167 GC heap after
{Heap after GC invocations=33 (full 2):
 PSYoungGen      total 5120K, used 256K [0x00000000d5580000, 0x00000000d6500000, 0x0000000100000000)
  eden space 4608K, 0% used [0x00000000d5580000,0x00000000d5580000,0x00000000d5a00000)
  from space 512K, 50% used [0x00000000d6400000,0x00000000d6440000,0x00000000d6480000)
  to   space 512K, 0% used [0x00000000d6480000,0x00000000d6480000,0x00000000d6500000)
 ParOldGen       total 68608K, used 51494K [0x0000000080000000, 0x0000000084300000, 0x00000000d5580000)
  object space 68608K, 75% used [0x0000000080000000,0x0000000083249a10,0x0000000084300000)
 Metaspace       used 49393K, committed 50688K, reserved 1114112K
  class space    used 5317K, committed 5824K, reserved 1048576K
}
Event: 54.310 GC heap before
{Heap before GC invocations=34 (full 2):
 PSYoungGen      total 5120K, used 4864K [0x00000000d5580000, 0x00000000d6500000, 0x0000000100000000)
  eden space 4608K, 100% used [0x00000000d5580000,0x00000000d5a00000,0x00000000d5a00000)
  from space 512K, 50% used [0x00000000d6400000,0x00000000d6440000,0x00000000d6480000)
  to   space 512K, 0% used [0x00000000d6480000,0x00000000d6480000,0x00000000d6500000)
 ParOldGen       total 68608K, used 51494K [0x0000000080000000, 0x0000000084300000, 0x00000000d5580000)
  object space 68608K, 75% used [0x0000000080000000,0x0000000083249a10,0x0000000084300000)
 Metaspace       used 49593K, committed 50880K, reserved 1114112K
  class space    used 5343K, committed 5888K, reserved 1048576K
}
Event: 54.313 GC heap after
{Heap after GC invocations=34 (full 2):
 PSYoungGen      total 5120K, used 192K [0x00000000d5580000, 0x00000000d6500000, 0x0000000100000000)
  eden space 4608K, 0% used [0x00000000d5580000,0x00000000d5580000,0x00000000d5a00000)
  from space 512K, 37% used [0x00000000d6480000,0x00000000d64b0000,0x00000000d6500000)
  to   space 512K, 0% used [0x00000000d6400000,0x00000000d6400000,0x00000000d6480000)
 ParOldGen       total 68608K, used 51590K [0x0000000080000000, 0x0000000084300000, 0x00000000d5580000)
  object space 68608K, 75% used [0x0000000080000000,0x0000000083261a10,0x0000000084300000)
 Metaspace       used 49593K, committed 50880K, reserved 1114112K
  class space    used 5343K, committed 5888K, reserved 1048576K
}
Event: 54.427 GC heap before
{Heap before GC invocations=35 (full 2):
 PSYoungGen      total 5120K, used 4800K [0x00000000d5580000, 0x00000000d6500000, 0x0000000100000000)
  eden space 4608K, 100% used [0x00000000d5580000,0x00000000d5a00000,0x00000000d5a00000)
  from space 512K, 37% used [0x00000000d6480000,0x00000000d64b0000,0x00000000d6500000)
  to   space 512K, 0% used [0x00000000d6400000,0x00000000d6400000,0x00000000d6480000)
 ParOldGen       total 68608K, used 51590K [0x0000000080000000, 0x0000000084300000, 0x00000000d5580000)
  object space 68608K, 75% used [0x0000000080000000,0x0000000083261a10,0x0000000084300000)
 Metaspace       used 49872K, committed 51200K, reserved 1114112K
  class space    used 5366K, committed 5888K, reserved 1048576K
}
Event: 54.429 GC heap after
{Heap after GC invocations=35 (full 2):
 PSYoungGen      total 5120K, used 320K [0x00000000d5580000, 0x00000000d6500000, 0x0000000100000000)
  eden space 4608K, 0% used [0x00000000d5580000,0x00000000d5580000,0x00000000d5a00000)
  from space 512K, 62% used [0x00000000d6400000,0x00000000d6450010,0x00000000d6480000)
  to   space 512K, 0% used [0x00000000d6480000,0x00000000d6480000,0x00000000d6500000)
 ParOldGen       total 68608K, used 51662K [0x0000000080000000, 0x0000000084300000, 0x00000000d5580000)
  object space 68608K, 75% used [0x0000000080000000,0x0000000083273a10,0x0000000084300000)
 Metaspace       used 49872K, committed 51200K, reserved 1114112K
  class space    used 5366K, committed 5888K, reserved 1048576K
}
Event: 54.608 GC heap before
{Heap before GC invocations=36 (full 2):
 PSYoungGen      total 5120K, used 4919K [0x00000000d5580000, 0x00000000d6500000, 0x0000000100000000)
  eden space 4608K, 99% used [0x00000000d5580000,0x00000000d59fde58,0x00000000d5a00000)
  from space 512K, 62% used [0x00000000d6400000,0x00000000d6450010,0x00000000d6480000)
  to   space 512K, 0% used [0x00000000d6480000,0x00000000d6480000,0x00000000d6500000)
 ParOldGen       total 68608K, used 51662K [0x0000000080000000, 0x0000000084300000, 0x00000000d5580000)
  object space 68608K, 75% used [0x0000000080000000,0x0000000083273a10,0x0000000084300000)
 Metaspace       used 50292K, committed 51584K, reserved 1114112K
  class space    used 5392K, committed 5888K, reserved 1048576K
}
Event: 54.610 GC heap after
{Heap after GC invocations=36 (full 2):
 PSYoungGen      total 5120K, used 224K [0x00000000d5580000, 0x00000000d6500000, 0x0000000100000000)
  eden space 4608K, 0% used [0x00000000d5580000,0x00000000d5580000,0x00000000d5a00000)
  from space 512K, 43% used [0x00000000d6480000,0x00000000d64b8000,0x00000000d6500000)
  to   space 512K, 0% used [0x00000000d6400000,0x00000000d6400000,0x00000000d6480000)
 ParOldGen       total 68608K, used 51742K [0x0000000080000000, 0x0000000084300000, 0x00000000d5580000)
  object space 68608K, 75% used [0x0000000080000000,0x0000000083287a10,0x0000000084300000)
 Metaspace       used 50292K, committed 51584K, reserved 1114112K
  class space    used 5392K, committed 5888K, reserved 1048576K
}
Event: 65.244 GC heap before
{Heap before GC invocations=37 (full 2):
 PSYoungGen      total 5120K, used 4832K [0x00000000d5580000, 0x00000000d6500000, 0x0000000100000000)
  eden space 4608K, 100% used [0x00000000d5580000,0x00000000d5a00000,0x00000000d5a00000)
  from space 512K, 43% used [0x00000000d6480000,0x00000000d64b8000,0x00000000d6500000)
  to   space 512K, 0% used [0x00000000d6400000,0x00000000d6400000,0x00000000d6480000)
 ParOldGen       total 68608K, used 51742K [0x0000000080000000, 0x0000000084300000, 0x00000000d5580000)
  object space 68608K, 75% used [0x0000000080000000,0x0000000083287a10,0x0000000084300000)
 Metaspace       used 50402K, committed 51712K, reserved 1114112K
  class space    used 5415K, committed 5952K, reserved 1048576K
}
Event: 65.267 GC heap after
{Heap after GC invocations=37 (full 2):
 PSYoungGen      total 5120K, used 506K [0x00000000d5580000, 0x00000000d6500000, 0x0000000100000000)
  eden space 4608K, 0% used [0x00000000d5580000,0x00000000d5580000,0x00000000d5a00000)
  from space 512K, 98% used [0x00000000d6400000,0x00000000d647eae0,0x00000000d6480000)
  to   space 512K, 0% used [0x00000000d6480000,0x00000000d6480000,0x00000000d6500000)
 ParOldGen       total 68608K, used 52454K [0x0000000080000000, 0x0000000084300000, 0x00000000d5580000)
  object space 68608K, 76% used [0x0000000080000000,0x0000000083339bd8,0x0000000084300000)
 Metaspace       used 50402K, committed 51712K, reserved 1114112K
  class space    used 5415K, committed 5952K, reserved 1048576K
}

Dll operation events (10 events):
Event: 0.014 Loaded shared library c:\Users\Administrator\.antigravity\extensions\redhat.java-1.51.0-win32-x64\jre\21.0.9-win32-x86_64\bin\java.dll
Event: 0.077 Loaded shared library c:\Users\Administrator\.antigravity\extensions\redhat.java-1.51.0-win32-x64\jre\21.0.9-win32-x86_64\bin\zip.dll
Event: 0.101 Loaded shared library C:\Users\Administrator\.antigravity\extensions\redhat.java-1.51.0-win32-x64\jre\21.0.9-win32-x86_64\bin\instrument.dll
Event: 0.107 Loaded shared library C:\Users\Administrator\.antigravity\extensions\redhat.java-1.51.0-win32-x64\jre\21.0.9-win32-x86_64\bin\net.dll
Event: 0.112 Loaded shared library C:\Users\Administrator\.antigravity\extensions\redhat.java-1.51.0-win32-x64\jre\21.0.9-win32-x86_64\bin\nio.dll
Event: 0.115 Loaded shared library C:\Users\Administrator\.antigravity\extensions\redhat.java-1.51.0-win32-x64\jre\21.0.9-win32-x86_64\bin\zip.dll
Event: 0.137 Loaded shared library C:\Users\Administrator\.antigravity\extensions\redhat.java-1.51.0-win32-x64\jre\21.0.9-win32-x86_64\bin\jimage.dll
Event: 0.221 Loaded shared library c:\Users\Administrator\.antigravity\extensions\redhat.java-1.51.0-win32-x64\jre\21.0.9-win32-x86_64\bin\verify.dll
Event: 17.687 Loaded shared library C:\Users\Administrator\AppData\Roaming\Antigravity\User\globalStorage\redhat.java\1.51.0\config_win\org.eclipse.equinox.launcher\org.eclipse.equinox.launcher.win32.win32.x86_64_1.2.1400.v20250801-0854\eclipse_11916.dll
Event: 34.921 Loaded shared library C:\Users\Administrator\AppData\Local\Temp\jna-146731693\jna9254344231971982872.dll

Deoptimization events (20 events):
Event: 54.302 Thread 0x0000022284324de0 DEOPT PACKING pc=0x00000222a893ef39 sp=0x000000294cafc630
Event: 54.302 Thread 0x0000022284324de0 DEOPT UNPACKING pc=0x00000222afd94242 sp=0x000000294cafbb30 mode 0
Event: 54.423 Thread 0x0000022284324de0 DEOPT PACKING pc=0x00000222a893ef39 sp=0x000000294cafce60
Event: 54.423 Thread 0x0000022284324de0 DEOPT UNPACKING pc=0x00000222afd94242 sp=0x000000294cafc360 mode 0
Event: 54.521 Thread 0x0000022284324de0 DEOPT PACKING pc=0x00000222a8bed646 sp=0x000000294cafba10
Event: 54.521 Thread 0x0000022284324de0 DEOPT UNPACKING pc=0x00000222afd94242 sp=0x000000294cafaf90 mode 0
Event: 64.714 Thread 0x00000222fd1c70d0 DEOPT PACKING pc=0x00000222a9062778 sp=0x000000294c1fed20
Event: 64.717 Thread 0x00000222fd1c70d0 DEOPT UNPACKING pc=0x00000222afd94242 sp=0x000000294c1fe278 mode 0
Event: 64.724 Thread 0x00000222fd1c70d0 DEOPT PACKING pc=0x00000222a90624d6 sp=0x000000294c1fed20
Event: 64.724 Thread 0x00000222fd1c70d0 DEOPT UNPACKING pc=0x00000222afd94242 sp=0x000000294c1fe278 mode 0
Event: 64.726 Thread 0x00000222fd1c70d0 DEOPT PACKING pc=0x00000222a90624d6 sp=0x000000294c1fed20
Event: 64.726 Thread 0x00000222fd1c70d0 DEOPT UNPACKING pc=0x00000222afd94242 sp=0x000000294c1fe278 mode 0
Event: 64.728 Thread 0x00000222fd1c70d0 DEOPT PACKING pc=0x00000222a90624d6 sp=0x000000294c1fed20
Event: 64.728 Thread 0x00000222fd1c70d0 DEOPT UNPACKING pc=0x00000222afd94242 sp=0x000000294c1fe278 mode 0
Event: 64.731 Thread 0x00000222fd1c70d0 DEOPT PACKING pc=0x00000222a9062778 sp=0x000000294c1fed20
Event: 64.731 Thread 0x00000222fd1c70d0 DEOPT UNPACKING pc=0x00000222afd94242 sp=0x000000294c1fe278 mode 0
Event: 64.737 Thread 0x00000222fd1c70d0 DEOPT PACKING pc=0x00000222a9062778 sp=0x000000294c1fed20
Event: 64.737 Thread 0x00000222fd1c70d0 DEOPT UNPACKING pc=0x00000222afd94242 sp=0x000000294c1fe278 mode 0
Event: 64.744 Thread 0x00000222fd1c70d0 DEOPT PACKING pc=0x00000222a9062778 sp=0x000000294c1fed20
Event: 64.744 Thread 0x00000222fd1c70d0 DEOPT UNPACKING pc=0x00000222afd94242 sp=0x000000294c1fe278 mode 0

Classes loaded (20 events):
Event: 48.349 Loading class sun/nio/cs/ThreadLocalCoders$1
Event: 48.349 Loading class sun/nio/cs/ThreadLocalCoders$Cache
Event: 48.349 Loading class sun/nio/cs/ThreadLocalCoders$Cache done
Event: 48.349 Loading class sun/nio/cs/ThreadLocalCoders$1 done
Event: 48.349 Loading class sun/nio/cs/ThreadLocalCoders$2
Event: 48.350 Loading class sun/nio/cs/ThreadLocalCoders$2 done
Event: 48.624 Loading class java/nio/channels/Channels$ReadableByteChannelImpl
Event: 48.625 Loading class java/nio/channels/Channels$ReadableByteChannelImpl done
Event: 48.625 Loading class java/nio/channels/NonWritableChannelException
Event: 48.626 Loading class java/nio/channels/NonWritableChannelException done
Event: 50.574 Loading class java/lang/StackStreamFactory$CallerClassFinder
Event: 50.575 Loading class java/lang/StackStreamFactory$CallerClassFinder done
Event: 50.575 Loading class java/lang/StackStreamFactory$CallerClassFinder$ClassBuffer
Event: 50.575 Loading class java/lang/StackStreamFactory$CallerClassFinder$ClassBuffer done
Event: 50.600 Loading class java/util/concurrent/ForkJoinTask$AdaptedCallable
Event: 50.602 Loading class java/util/concurrent/ForkJoinTask$AdaptedCallable done
Event: 53.910 Loading class java/util/Vector$1
Event: 53.911 Loading class java/util/Vector$1 done
Event: 54.519 Loading class java/util/regex/Pattern$Caret
Event: 54.520 Loading class java/util/regex/Pattern$Caret done

Classes unloaded (7 events):
Event: 37.905 Thread 0x00000222fd1a2500 Unloading class 0x00000222bd1a9c00 'java/lang/invoke/LambdaForm$MH+0x00000222bd1a9c00'
Event: 37.905 Thread 0x00000222fd1a2500 Unloading class 0x00000222bd1a9800 'java/lang/invoke/LambdaForm$MH+0x00000222bd1a9800'
Event: 37.905 Thread 0x00000222fd1a2500 Unloading class 0x00000222bd1a9400 'java/lang/invoke/LambdaForm$MH+0x00000222bd1a9400'
Event: 37.905 Thread 0x00000222fd1a2500 Unloading class 0x00000222bd1a9000 'java/lang/invoke/LambdaForm$MH+0x00000222bd1a9000'
Event: 37.905 Thread 0x00000222fd1a2500 Unloading class 0x00000222bd1a8c00 'java/lang/invoke/LambdaForm$BMH+0x00000222bd1a8c00'
Event: 37.905 Thread 0x00000222fd1a2500 Unloading class 0x00000222bd1a8800 'java/lang/invoke/LambdaForm$DMH+0x00000222bd1a8800'
Event: 37.905 Thread 0x00000222fd1a2500 Unloading class 0x00000222bd1a7400 'java/lang/invoke/LambdaForm$DMH+0x00000222bd1a7400'

Classes redefined (0 events):
No events

Internal exceptions (20 events):
Event: 48.600 Thread 0x0000022284324de0 Exception <a 'java/io/FileNotFoundException'{0x00000000d5845100}> (0x00000000d5845100) 
thrown [s\src\hotspot\share\prims\jni.cpp, line 520]
Event: 48.602 Thread 0x0000022284324de0 Exception <a 'java/lang/NoSuchMethodError'{0x00000000d5853368}: 'java.lang.Object java.lang.invoke.DirectMethodHandle$Holder.newInvokeSpecial(java.lang.Object, java.lang.Object, java.lang.Object, int)'> (0x00000000d5853368) 
thrown [s\src\hotspot\share\interpreter\linkResolver.cpp, line 773]
Event: 48.602 Thread 0x0000022284324de0 Exception <a 'java/lang/NoSuchMethodError'{0x00000000d58571f0}: 'java.lang.Object java.lang.invoke.DirectMethodHandle$Holder.invokeSpecial(java.lang.Object, java.lang.Object, java.lang.Object, java.lang.Object, int)'> (0x00000000d58571f0) 
thrown [s\src\hotspot\share\interpreter\linkResolver.cpp, line 773]
Event: 48.603 Thread 0x0000022284324de0 Exception <a 'java/lang/NoSuchMethodError'{0x00000000d58bd0f8}: 'java.lang.Object java.lang.invoke.Invokers$Holder.linkToTargetMethod(java.lang.Object, java.lang.Object, int, java.lang.Object)'> (0x00000000d58bd0f8) 
thrown [s\src\hotspot\share\interpreter\linkResolver.cpp, line 773]
Event: 50.574 Thread 0x0000022284324de0 Exception <a 'java/lang/NullPointerException'{0x00000000d5fe93a8}> (0x00000000d5fe93a8) 
thrown [s\src\hotspot\share\interpreter\linkResolver.cpp, line 1372]
Event: 51.958 Thread 0x0000022284324de0 Exception <a 'java/lang/NoSuchMethodError'{0x00000000d6585208}: 'java.lang.Object java.lang.invoke.DirectMethodHandle$Holder.invokeVirtual(java.lang.Object, java.lang.Object, int)'> (0x00000000d6585208) 
thrown [s\src\hotspot\share\interpreter\linkResolver.cpp, line 773]
Event: 51.959 Thread 0x0000022284324de0 Implicit null exception at 0x00000222b0565b11 to 0x00000222b0565d90
Event: 52.314 Thread 0x0000022284324de0 Exception <a 'sun/nio/fs/WindowsException'{0x00000000d58e57c0}> (0x00000000d58e57c0) 
thrown [s\src\hotspot\share\prims\jni.cpp, line 520]
Event: 52.314 Thread 0x0000022284324de0 Exception <a 'java/lang/NoSuchMethodError'{0x00000000d58e6868}: 'void java.lang.invoke.DirectMethodHandle$Holder.invokeSpecial(java.lang.Object, java.lang.Object, java.lang.Object, java.lang.Object, java.lang.Object, java.lang.Object)'> (0x00000000d58e6868) 
thrown [s\src\hotspot\share\interpreter\linkResolver.cpp, line 773]
Event: 52.410 Thread 0x00000222843240c0 Exception <a 'sun/nio/fs/WindowsException'{0x00000000d58f4710}> (0x00000000d58f4710) 
thrown [s\src\hotspot\share\prims\jni.cpp, line 520]
Event: 52.431 Thread 0x00000222843240c0 Exception <a 'sun/nio/fs/WindowsException'{0x00000000d58fb740}> (0x00000000d58fb740) 
thrown [s\src\hotspot\share\prims\jni.cpp, line 520]
Event: 52.441 Thread 0x00000222843240c0 Exception <a 'sun/nio/fs/WindowsException'{0x00000000d58fcea0}> (0x00000000d58fcea0) 
thrown [s\src\hotspot\share\prims\jni.cpp, line 520]
Event: 52.461 Thread 0x0000022285057ce0 Exception <a 'sun/nio/fs/WindowsException'{0x00000000d59051d0}> (0x00000000d59051d0) 
thrown [s\src\hotspot\share\prims\jni.cpp, line 520]
Event: 52.507 Thread 0x000002228505aad0 Exception <a 'sun/nio/fs/WindowsException'{0x00000000d5915db8}> (0x00000000d5915db8) 
thrown [s\src\hotspot\share\prims\jni.cpp, line 520]
Event: 52.525 Thread 0x0000022285057ce0 Exception <a 'sun/nio/fs/WindowsException'{0x00000000d590dc50}> (0x00000000d590dc50) 
thrown [s\src\hotspot\share\prims\jni.cpp, line 520]
Event: 52.529 Thread 0x000002228505aad0 Exception <a 'sun/nio/fs/WindowsException'{0x00000000d591fd48}> (0x00000000d591fd48) 
thrown [s\src\hotspot\share\prims\jni.cpp, line 520]
Event: 52.530 Thread 0x0000022285057ce0 Exception <a 'sun/nio/fs/WindowsException'{0x00000000d590f568}> (0x00000000d590f568) 
thrown [s\src\hotspot\share\prims\jni.cpp, line 520]
Event: 52.548 Thread 0x0000022285057ce0 Exception <a 'sun/nio/fs/WindowsException'{0x00000000d5925460}> (0x00000000d5925460) 
thrown [s\src\hotspot\share\prims\jni.cpp, line 520]
Event: 52.548 Thread 0x000002228505a440 Exception <a 'sun/nio/fs/WindowsException'{0x00000000d5928b88}> (0x00000000d5928b88) 
thrown [s\src\hotspot\share\prims\jni.cpp, line 520]
Event: 52.554 Thread 0x000002228505a440 Exception <a 'sun/nio/fs/WindowsException'{0x00000000d592b0a0}> (0x00000000d592b0a0) 
thrown [s\src\hotspot\share\prims\jni.cpp, line 520]

ZGC Phase Switch (0 events):
No events

VM Operations (20 events):
Event: 54.427 Executing VM operation: ParallelGCFailedAllocation (Allocation Failure)
Event: 54.430 Executing VM operation: ParallelGCFailedAllocation (Allocation Failure) done
Event: 54.607 Executing VM operation: ParallelGCFailedAllocation (Allocation Failure)
Event: 54.610 Executing VM operation: ParallelGCFailedAllocation (Allocation Failure) done
Event: 55.617 Executing VM operation: Cleanup
Event: 55.617 Executing VM operation: Cleanup done
Event: 56.618 Executing VM operation: Cleanup
Event: 56.618 Executing VM operation: Cleanup done
Event: 58.619 Executing VM operation: Cleanup
Event: 58.619 Executing VM operation: Cleanup done
Event: 60.129 Executing VM operation: HandshakeAllThreads (HandshakeForDeflation)
Event: 60.129 Executing VM operation: HandshakeAllThreads (HandshakeForDeflation) done
Event: 60.129 Executing VM operation: RendezvousGCThreads
Event: 60.129 Executing VM operation: RendezvousGCThreads done
Event: 63.131 Executing VM operation: Cleanup
Event: 63.131 Executing VM operation: Cleanup done
Event: 65.132 Executing VM operation: Cleanup
Event: 65.132 Executing VM operation: Cleanup done
Event: 65.244 Executing VM operation: ParallelGCFailedAllocation (Allocation Failure)
Event: 65.267 Executing VM operation: ParallelGCFailedAllocation (Allocation Failure) done

Memory protections (0 events):
No events

Nmethod flushes (20 events):
Event: 43.777 Thread 0x00000222fd1a2500 flushing  nmethod 0x00000222a8ebff10
Event: 43.777 Thread 0x00000222fd1a2500 flushing  nmethod 0x00000222a8ef2810
Event: 43.777 Thread 0x00000222fd1a2500 flushing  nmethod 0x00000222a8ef4890
Event: 43.777 Thread 0x00000222fd1a2500 flushing  nmethod 0x00000222a8ef5190
Event: 43.777 Thread 0x00000222fd1a2500 flushing  nmethod 0x00000222a8ef6390
Event: 43.777 Thread 0x00000222fd1a2500 flushing  nmethod 0x00000222a8ef6b90
Event: 43.777 Thread 0x00000222fd1a2500 flushing  nmethod 0x00000222a8ef7310
Event: 43.777 Thread 0x00000222fd1a2500 flushing  nmethod 0x00000222a8ef8890
Event: 43.777 Thread 0x00000222fd1a2500 flushing  nmethod 0x00000222a8ef9d10
Event: 43.777 Thread 0x00000222fd1a2500 flushing  nmethod 0x00000222a8efb210
Event: 43.777 Thread 0x00000222fd1a2500 flushing  nmethod 0x00000222a8f04c10
Event: 43.777 Thread 0x00000222fd1a2500 flushing  nmethod 0x00000222a8f05110
Event: 43.777 Thread 0x00000222fd1a2500 flushing  nmethod 0x00000222a8f06510
Event: 43.777 Thread 0x00000222fd1a2500 flushing  nmethod 0x00000222a8f41010
Event: 43.777 Thread 0x00000222fd1a2500 flushing  nmethod 0x00000222a8f42490
Event: 43.777 Thread 0x00000222fd1a2500 flushing  nmethod 0x00000222a8f46510
Event: 43.777 Thread 0x00000222fd1a2500 flushing  nmethod 0x00000222a8fa5a10
Event: 43.777 Thread 0x00000222fd1a2500 flushing  nmethod 0x00000222a8fa8110
Event: 43.777 Thread 0x00000222fd1a2500 flushing  nmethod 0x00000222a8fcc110
Event: 43.777 Thread 0x00000222fd1a2500 flushing  nmethod 0x00000222a8ffab10

Events (20 events):
Event: 50.676 Thread 0x00000222843233a0 Thread added: 0x000002228431f200
Event: 50.676 Thread 0x0000022284325b00 Thread added: 0x00000222843205b0
Event: 51.547 Thread 0x000002228431f200 Thread added: 0x00000222843212d0
Event: 51.552 Thread 0x00000222843205b0 Thread added: 0x0000022284321ff0
Event: 51.556 Thread 0x00000222843212d0 Thread added: 0x0000022284323a30
Event: 52.316 Thread 0x0000022284324de0 Thread added: 0x00000222843240c0
Event: 52.428 Thread 0x00000222843240c0 Thread added: 0x0000022285057ce0
Event: 52.459 Thread 0x0000022285057ce0 Thread added: 0x000002228505aad0
Event: 52.461 Thread 0x0000022285057ce0 Thread added: 0x00000222850562a0
Event: 52.500 Thread 0x000002228505aad0 Thread added: 0x0000022285057650
Event: 52.506 Thread 0x000002228505aad0 Thread added: 0x000002228505a440
Event: 52.507 Thread 0x00000222843240c0 Thread added: 0x0000022285059db0
Event: 52.508 Thread 0x000002228505aad0 Thread added: 0x0000022285054860
Event: 52.664 Thread 0x0000022284324de0 Thread added: 0x0000022285058370
Event: 52.665 Thread 0x0000022284324de0 Thread added: 0x0000022285055580
Event: 52.665 Thread 0x0000022284324de0 Thread added: 0x0000022285058a00
Event: 52.665 Thread 0x0000022284324de0 Thread added: 0x0000022285059090
Event: 52.665 Thread 0x0000022284324de0 Thread added: 0x0000022285059720
Event: 52.665 Thread 0x0000022284324de0 Thread added: 0x0000022285054ef0
Event: 53.253 Thread 0x000002228431e4e0 Thread exited: 0x000002228431e4e0


Dynamic libraries:
0x00007ff796350000 - 0x00007ff79635e000 	c:\Users\Administrator\.antigravity\extensions\redhat.java-1.51.0-win32-x64\jre\21.0.9-win32-x86_64\bin\java.exe
0x00007ffd13080000 - 0x00007ffd13270000 	C:\Windows\SYSTEM32\ntdll.dll
0x00007ffd116a0000 - 0x00007ffd11752000 	C:\Windows\System32\KERNEL32.DLL
0x00007ffd10c00000 - 0x00007ffd10ea5000 	C:\Windows\System32\KERNELBASE.dll
0x00007ffd10b00000 - 0x00007ffd10bfa000 	C:\Windows\System32\ucrtbase.dll
0x00007ffcf5db0000 - 0x00007ffcf5dc8000 	c:\Users\Administrator\.antigravity\extensions\redhat.java-1.51.0-win32-x64\jre\21.0.9-win32-x86_64\bin\jli.dll
0x00007ffcefec0000 - 0x00007ffcefede000 	c:\Users\Administrator\.antigravity\extensions\redhat.java-1.51.0-win32-x64\jre\21.0.9-win32-x86_64\bin\VCRUNTIME140.dll
0x00007ffd12600000 - 0x00007ffd12794000 	C:\Windows\System32\USER32.dll
0x00007ffd0fff0000 - 0x00007ffd10011000 	C:\Windows\System32\win32u.dll
0x00007ffcf7250000 - 0x00007ffcf74d4000 	C:\Windows\WinSxS\amd64_microsoft.windows.common-controls_6595b64144ccf1df_6.0.18362.1556_none_9e7e372fe45e41d5\COMCTL32.dll
0x00007ffd11670000 - 0x00007ffd11696000 	C:\Windows\System32\GDI32.dll
0x00007ffd11760000 - 0x00007ffd117fe000 	C:\Windows\System32\msvcrt.dll
0x00007ffd108b0000 - 0x00007ffd10a48000 	C:\Windows\System32\gdi32full.dll
0x00007ffd10810000 - 0x00007ffd108ae000 	C:\Windows\System32\msvcp_win.dll
0x00007ffd12940000 - 0x00007ffd12c76000 	C:\Windows\System32\combase.dll
0x00007ffd12820000 - 0x00007ffd1293f000 	C:\Windows\System32\RPCRT4.dll
0x00007ffd10eb0000 - 0x00007ffd10f31000 	C:\Windows\System32\bcryptPrimitives.dll
0x00007ffd12dc0000 - 0x00007ffd12dee000 	C:\Windows\System32\IMM32.DLL
0x00007ffd08930000 - 0x00007ffd0893c000 	c:\Users\Administrator\.antigravity\extensions\redhat.java-1.51.0-win32-x64\jre\21.0.9-win32-x86_64\bin\vcruntime140_1.dll
0x00007ffcc6690000 - 0x00007ffcc671d000 	c:\Users\Administrator\.antigravity\extensions\redhat.java-1.51.0-win32-x64\jre\21.0.9-win32-x86_64\bin\msvcp140.dll
0x00007ffc9cdb0000 - 0x00007ffc9db50000 	c:\Users\Administrator\.antigravity\extensions\redhat.java-1.51.0-win32-x64\jre\21.0.9-win32-x86_64\bin\server\jvm.dll
0x00007ffd12470000 - 0x00007ffd12513000 	C:\Windows\System32\ADVAPI32.dll
0x00007ffd12df0000 - 0x00007ffd12e87000 	C:\Windows\System32\sechost.dll
0x00007ffd0ff40000 - 0x00007ffd0ff8a000 	C:\Windows\System32\POWRPROF.dll
0x00007ffd0ff30000 - 0x00007ffd0ff40000 	C:\Windows\System32\UMPDC.dll
0x00007ffd12e90000 - 0x00007ffd12eff000 	C:\Windows\System32\WS2_32.dll
0x00007ffd08fa0000 - 0x00007ffd08fc4000 	C:\Windows\SYSTEM32\WINMM.dll
0x00007ffd06660000 - 0x00007ffd0666a000 	C:\Windows\SYSTEM32\VERSION.dll
0x00007ffd08f70000 - 0x00007ffd08f9d000 	C:\Windows\SYSTEM32\WINMMBASE.dll
0x00007ffd10020000 - 0x00007ffd1006a000 	C:\Windows\System32\cfgmgr32.dll
0x00007ffd0ffb0000 - 0x00007ffd0ffc1000 	C:\Windows\System32\kernel.appcore.dll
0x00007ffd055e0000 - 0x00007ffd055ea000 	c:\Users\Administrator\.antigravity\extensions\redhat.java-1.51.0-win32-x64\jre\21.0.9-win32-x86_64\bin\jimage.dll
0x00007ffd0e840000 - 0x00007ffd0ea34000 	C:\Windows\SYSTEM32\DBGHELP.DLL
0x00007ffcf46e0000 - 0x00007ffcf470a000 	C:\Windows\SYSTEM32\dbgcore.DLL
0x00007ffd03290000 - 0x00007ffd0329f000 	c:\Users\Administrator\.antigravity\extensions\redhat.java-1.51.0-win32-x64\jre\21.0.9-win32-x86_64\bin\instrument.dll
0x00007ffce9d30000 - 0x00007ffce9d50000 	c:\Users\Administrator\.antigravity\extensions\redhat.java-1.51.0-win32-x64\jre\21.0.9-win32-x86_64\bin\java.dll
0x00007ffd11c40000 - 0x00007ffd12327000 	C:\Windows\System32\SHELL32.dll
0x00007ffd12d10000 - 0x00007ffd12db8000 	C:\Windows\System32\shcore.dll
0x00007ffd10090000 - 0x00007ffd1080b000 	C:\Windows\System32\windows.storage.dll
0x00007ffd0ff90000 - 0x00007ffd0ffae000 	C:\Windows\System32\profapi.dll
0x00007ffd11be0000 - 0x00007ffd11c32000 	C:\Windows\System32\shlwapi.dll
0x00007ffd10070000 - 0x00007ffd10087000 	C:\Windows\System32\cryptsp.dll
0x00007ffce9d10000 - 0x00007ffce9d28000 	c:\Users\Administrator\.antigravity\extensions\redhat.java-1.51.0-win32-x64\jre\21.0.9-win32-x86_64\bin\zip.dll
0x00007ffd01700000 - 0x00007ffd01710000 	C:\Users\Administrator\.antigravity\extensions\redhat.java-1.51.0-win32-x64\jre\21.0.9-win32-x86_64\bin\net.dll
0x00007ffd08d40000 - 0x00007ffd08e3a000 	C:\Windows\SYSTEM32\WINHTTP.dll
0x00007ffd0f770000 - 0x00007ffd0f7d7000 	C:\Windows\system32\mswsock.dll
0x00007ffce82a0000 - 0x00007ffce82b6000 	C:\Users\Administrator\.antigravity\extensions\redhat.java-1.51.0-win32-x64\jre\21.0.9-win32-x86_64\bin\nio.dll
0x00007ffcfcbd0000 - 0x00007ffcfcbe0000 	c:\Users\Administrator\.antigravity\extensions\redhat.java-1.51.0-win32-x64\jre\21.0.9-win32-x86_64\bin\verify.dll
0x00007ffccb920000 - 0x00007ffccb964000 	C:\Users\Administrator\AppData\Roaming\Antigravity\User\globalStorage\redhat.java\1.51.0\config_win\org.eclipse.equinox.launcher\org.eclipse.equinox.launcher.win32.win32.x86_64_1.2.1400.v20250801-0854\eclipse_11916.dll
0x00007ffd119b0000 - 0x00007ffd11b07000 	C:\Windows\System32\ole32.dll
0x00007ffd0f2f0000 - 0x00007ffd0f323000 	C:\Windows\system32\rsaenh.dll
0x00007ffd10f40000 - 0x00007ffd10f66000 	C:\Windows\System32\bcrypt.dll
0x00007ffd0fe20000 - 0x00007ffd0fe45000 	C:\Windows\SYSTEM32\USERENV.dll
0x00007ffd0f940000 - 0x00007ffd0f94c000 	C:\Windows\SYSTEM32\CRYPTBASE.dll
0x00007ffd0f480000 - 0x00007ffd0f4ba000 	C:\Windows\SYSTEM32\IPHLPAPI.DLL
0x00007ffd125f0000 - 0x00007ffd125f8000 	C:\Windows\System32\NSI.dll
0x00007ffcc4e90000 - 0x00007ffcc4ed9000 	C:\Users\Administrator\AppData\Local\Temp\jna-146731693\jna9254344231971982872.dll
0x00007ffd12c80000 - 0x00007ffd12c88000 	C:\Windows\System32\PSAPI.DLL
0x00007ffd04fe0000 - 0x00007ffd04ff6000 	C:\Windows\SYSTEM32\dhcpcsvc6.DLL
0x00007ffd06180000 - 0x00007ffd0619c000 	C:\Windows\SYSTEM32\dhcpcsvc.DLL

JVMTI agents:
c:\Users\Administrator\.antigravity\extensions\redhat.java-1.51.0-win32-x64\lombok\lombok-1.18.39-4050.jar path:c:\Users\Administrator\.antigravity\extensions\redhat.java-1.51.0-win32-x64\jre\21.0.9-win32-x86_64\bin\instrument.dll, loaded, initialized, instrumentlib options:none

dbghelp: loaded successfully - version: 4.0.5 - missing functions: none
symbol engine: initialized successfully - sym options: 0x614 - pdb path: .;c:\Users\Administrator\.antigravity\extensions\redhat.java-1.51.0-win32-x64\jre\21.0.9-win32-x86_64\bin;C:\Windows\SYSTEM32;C:\Windows\WinSxS\amd64_microsoft.windows.common-controls_6595b64144ccf1df_6.0.18362.1556_none_9e7e372fe45e41d5;c:\Users\Administrator\.antigravity\extensions\redhat.java-1.51.0-win32-x64\jre\21.0.9-win32-x86_64\bin\server;C:\Users\Administrator\AppData\Roaming\Antigravity\User\globalStorage\redhat.java\1.51.0\config_win\org.eclipse.equinox.launcher\org.eclipse.equinox.launcher.win32.win32.x86_64_1.2.1400.v20250801-0854;C:\Users\Administrator\AppData\Local\Temp\jna-146731693

VM Arguments:
jvm_args: --add-modules=ALL-SYSTEM --add-opens=java.base/java.util=ALL-UNNAMED --add-opens=java.base/java.lang=ALL-UNNAMED --add-opens=java.base/sun.nio.fs=ALL-UNNAMED -Declipse.application=org.eclipse.jdt.ls.core.id1 -Dosgi.bundles.defaultStartLevel=4 -Declipse.product=org.eclipse.jdt.ls.core.product -Djava.import.generatesMetadataFilesAtProjectRoot=false -DDetectVMInstallationsJob.disabled=true -Dfile.encoding=utf8 -XX:+UseParallelGC -XX:GCTimeRatio=4 -XX:AdaptiveSizePolicyWeight=90 -Dsun.zip.disableMemoryMapping=true -Xmx2G -Xms100m -Xlog:disable -javaagent:c:\Users\Administrator\.antigravity\extensions\redhat.java-1.51.0-win32-x64\lombok\lombok-1.18.39-4050.jar -XX:+HeapDumpOnOutOfMemoryError -XX:HeapDumpPath=c:\Users\Administrator\AppData\Roaming\Antigravity\User\workspaceStorage\9dc1cad281cafc8938dd036e9dabeaab\redhat.java -Daether.dependencyCollector.impl=bf 
java_command: c:\Users\Administrator\.antigravity\extensions\redhat.java-1.51.0-win32-x64\server\plugins\org.eclipse.equinox.launcher_1.7.100.v20251111-0406.jar -configuration c:\Users\Administrator\AppData\Roaming\Antigravity\User\globalStorage\redhat.java\1.51.0\config_win -data c:\Users\Administrator\AppData\Roaming\Antigravity\User\workspaceStorage\9dc1cad281cafc8938dd036e9dabeaab\redhat.java\jdt_ws --pipe=\\.\pipe\lsp-a0cf22f19217cc1aeb6ae9b3c6d1b831-sock
java_class_path (initial): c:\Users\Administrator\.antigravity\extensions\redhat.java-1.51.0-win32-x64\server\plugins\org.eclipse.equinox.launcher_1.7.100.v20251111-0406.jar
Launcher Type: SUN_STANDARD

[Global flags]
    uintx AdaptiveSizePolicyWeight                 = 90                                        {product} {command line}
     intx CICompilerCount                          = 4                                         {product} {ergonomic}
    uintx GCTimeRatio                              = 4                                         {product} {command line}
     bool HeapDumpOnOutOfMemoryError               = true                                   {manageable} {command line}
    ccstr HeapDumpPath                             = c:\Users\Administrator\AppData\Roaming\Antigravity\User\workspaceStorage\9dc1cad281cafc8938dd036e9dabeaab\redhat.java         {manageable} {command line}
   size_t InitialHeapSize                          = 104857600                                 {product} {command line}
   size_t MaxHeapSize                              = 2147483648                                {product} {command line}
   size_t MaxNewSize                               = 715653120                                 {product} {ergonomic}
   size_t MinHeapDeltaBytes                        = 524288                                    {product} {ergonomic}
   size_t MinHeapSize                              = 104857600                                 {product} {command line}
   size_t NewSize                                  = 34603008                                  {product} {ergonomic}
    uintx NonNMethodCodeHeapSize                   = 5839372                                {pd product} {ergonomic}
    uintx NonProfiledCodeHeapSize                  = 122909434                              {pd product} {ergonomic}
   size_t OldSize                                  = 70254592                                  {product} {ergonomic}
    uintx ProfiledCodeHeapSize                     = 122909434                              {pd product} {ergonomic}
    uintx ReservedCodeCacheSize                    = 251658240                              {pd product} {ergonomic}
     bool SegmentedCodeCache                       = true                                      {product} {ergonomic}
   size_t SoftMaxHeapSize                          = 2147483648                             {manageable} {ergonomic}
     bool UseCompressedOops                        = true                           {product lp64_product} {ergonomic}
     bool UseLargePagesIndividualAllocation        = false                                  {pd product} {ergonomic}
     bool UseParallelGC                            = true                                      {product} {command line}

Logging:
Log output configuration:
 #0: stdout all=off uptime,level,tags foldmultilines=false
 #1: stderr all=off uptime,level,tags foldmultilines=false

Release file:
JAVA_VERSION="21.0.9" 
MODULES="java.base java.compiler java.datatransfer java.xml java.prefs java.desktop java.instrument java.logging java.management java.security.sasl java.naming java.rmi java.management.rmi java.net.http java.scripting java.security.jgss java.transaction.xa java.sql java.sql.rowset java.xml.crypto java.se java.smartcardio jdk.accessibility jdk.internal.jvmstat jdk.attach jdk.charsets jdk.internal.opt jdk.zipfs jdk.compiler jdk.crypto.ec jdk.crypto.cryptoki jdk.crypto.mscapi jdk.dynalink jdk.internal.ed jdk.editpad jdk.hotspot.agent jdk.httpserver jdk.internal.le jdk.internal.vm.ci jdk.internal.vm.compiler jdk.internal.vm.compiler.management jdk.jartool jdk.javadoc jdk.jcmd jdk.management jdk.management.agent jdk.jconsole jdk.jdeps jdk.jdwp.agent jdk.jdi jdk.jfr jdk.jshell jdk.jsobject jdk.jstatd jdk.localedata jdk.management.jfr jdk.naming.dns jdk.naming.rmi jdk.net jdk.nio.mapmode jdk.random jdk.sctp jdk.security.auth jdk.security.jgss jdk.unsupported jdk.unsupported.desktop jdk.xml.dom" 

Environment Variables:
JAVA_HOME=D:\datn\jdk-17.0.16+8
PATH=d:\cursor\resources\app\bin;C:\Program Files\Python313\Scripts\;C:\Program Files\Python313\;C:\php-8.3.14-nts-Win32-vs16-x64;C:\Windows\system32;C:\Windows;C:\Windows\System32\Wbem;C:\Windows\System32\WindowsPowerShell\v1.0\;C:\Windows\System32\OpenSSH\;C:\Program Files\Microsoft SQL Server\Client SDK\ODBC\170\Tools\Binn\;C:\Program Files (x86)\Microsoft SQL Server\150\Tools\Binn\;C:\Program Files\Microsoft SQL Server\150\Tools\Binn\;C:\Program Files\Microsoft SQL Server\150\DTS\Binn\;C:\Program Files\Azure Data Studio\bin;C:\Program Files\dotnet\;D:\Git\cmd;C:\php-8.4.0-nts-Win32-vs17-x64;C:\ProgramData\ComposerSetup\bin;D:\datn\jdk-17.0.16+8\bin;C:\axis2-1.8.2\bin;D:\datn\apache-maven-3.9.11\bin;C:\Program Files\nodejs\;C:\php-8.4.0-nts-Win32-vs17-x64;C:\Users\Administrator\AppData\Local\Microsoft\WindowsApps;C:\Program Files\Azure Data Studio\bin;C:\Users\Administrator\.dotnet\tools;C:\php-8.3.14-nts-Win32-vs16-x64;C:\Users\Administrator\AppData\Roaming\Composer\vendor\bin;D:\datn\jdk-17.0.16+8;C:\axis2-1.;C:\php-8.4.0-nts-Win32-vs17-x64;C:\Users\Administrator\AppData\Local\Microsoft\WindowsApps;C:\Program Files\Azure Data Studio\bin;C:\Users\Administrator\AppData\Local\Programs\Microsoft VS Code\bin;C:\Users\Administrator\.dotnet\tools;C:\php-8.3.14-nts-Win32-vs16-x64;C:\Users\Administrator\AppData\Roaming\Composer\vendor\bin;D:\datn\jdk-17.0.16+8;C:\axis2-1.8.2;D:\cursor\resources\app\bin;D:\datn\apache-maven-3.9.11\bin;C:\Users\Administrator\AppData\Roaming\npm;C:\Users\Administrator\AppData\Local\Programs\Antigravity\bin
USERNAME=Administrator
OS=Windows_NT
PROCESSOR_IDENTIFIER=Intel64 Family 6 Model 142 Stepping 12, GenuineIntel
TMP=C:\Users\ADMINI~1\AppData\Local\Temp
TEMP=C:\Users\ADMINI~1\AppData\Local\Temp




Periodic native trim disabled

---------------  S Y S T E M  ---------------

OS:
 Windows 10 , 64 bit Build 18362 (10.0.18362.1500)
OS uptime: 22 days 0:25 hours

CPU: total 8 (initial active 8) (4 cores per cpu, 2 threads per core) family 6 model 142 stepping 12 microcode 0xde, cx8, cmov, fxsr, ht, mmx, 3dnowpref, sse, sse2, sse3, ssse3, sse4.1, sse4.2, popcnt, lzcnt, tsc, tscinvbit, avx, avx2, aes, erms, clmul, bmi1, bmi2, adx, fma, vzeroupper, clflush, clflushopt, rdtscp, f16c
Processor Information for the first 8 processors :
  Max Mhz: 1800, Current Mhz: 1600, Mhz Limit: 1584

Memory: 4k page, system-wide physical 3889M (99M free)
TotalPageFile size 15665M (AvailPageFile size 1M)
current process WorkingSet (physical memory assigned to process): 62M, peak: 193M
current process commit charge ("private bytes"): 311M, peak: 339M

vm_info: OpenJDK 64-Bit Server VM (21.0.9+10-LTS) for windows-amd64 JRE (21.0.9+10-LTS), built on 2025-10-21T00:00:00Z by "admin" with unknown MS VC++:1942

END.
