#
# There is insufficient memory for the Java Runtime Environment to continue.
# Native memory allocation (malloc) failed to allocate 689232 bytes. Error detail: Chunk::new
# Possible reasons:
#   The system is out of physical RAM or swap space
#   This process is running with CompressedOops enabled, and the Java Heap may be blocking the growth of the native heap
# Possible solutions:
#   Reduce memory load on the system
#   Increase physical memory or swap space
#   Check if swap backing store is full
#   Decrease Java heap size (-Xmx/-Xms)
#   Decrease number of Java threads
#   Decrease Java thread stack sizes (-Xss)
#   Set larger code cache with -XX:ReservedCodeCacheSize=
#   JVM is running with Unscaled Compressed Oops mode in which the Java heap is
#     placed in the first 4GB address space. The Java Heap base address is the
#     maximum limit for the native heap growth. Please use -XX:HeapBaseMinAddress
#     to set the Java Heap base and to place the Java Heap above 4GB virtual address.
# This output file may be truncated or incomplete.
#
#  Out of Memory Error (arena.cpp:168), pid=16480, tid=18332
#
# JRE version: OpenJDK Runtime Environment Temurin-21.0.9+10 (21.0.9+10) (build 21.0.9+10-LTS)
# Java VM: OpenJDK 64-Bit Server VM Temurin-21.0.9+10 (21.0.9+10-LTS, mixed mode, sharing, tiered, compressed oops, compressed class ptrs, parallel gc, windows-amd64)
# No core dump will be written. Minidumps are not enabled by default on client versions of Windows
#

---------------  S U M M A R Y ------------

Command Line: --add-modules=ALL-SYSTEM --add-opens=java.base/java.util=ALL-UNNAMED --add-opens=java.base/java.lang=ALL-UNNAMED --add-opens=java.base/sun.nio.fs=ALL-UNNAMED -Declipse.application=org.eclipse.jdt.ls.core.id1 -Dosgi.bundles.defaultStartLevel=4 -Declipse.product=org.eclipse.jdt.ls.core.product -Djava.import.generatesMetadataFilesAtProjectRoot=false -DDetectVMInstallationsJob.disabled=true -Dfile.encoding=utf8 -XX:+UseParallelGC -XX:GCTimeRatio=4 -XX:AdaptiveSizePolicyWeight=90 -Dsun.zip.disableMemoryMapping=true -Xmx2G -Xms100m -Xlog:disable -javaagent:c:\Users\Administrator\.antigravity\extensions\redhat.java-1.51.0-win32-x64\lombok\lombok-1.18.39-4050.jar c:\Users\Administrator\.antigravity\extensions\redhat.java-1.51.0-win32-x64\server\plugins\org.eclipse.equinox.launcher_1.7.100.v20251111-0406.jar -configuration c:\Users\Administrator\AppData\Roaming\Antigravity\User\globalStorage\redhat.java\1.51.0\config_ss_win -data c:\Users\Administrator\AppData\Roaming\Antigravity\User\workspaceStorage\9dc1cad281cafc8938dd036e9dabeaab\redhat.java\ss_ws --pipe=\\.\pipe\lsp-c1d902ff29d6ee54869feeee8ad1cf63-sock

Host: Intel(R) Core(TM) i5-8265U CPU @ 1.60GHz, 8 cores, 3G,  Windows 10 , 64 bit Build 18362 (10.0.18362.1500)
Time: Sun Jan 25 17:33:06 2026 SE Asia Standard Time elapsed time: 23.338366 seconds (0d 0h 0m 23s)

---------------  T H R E A D  ---------------

Current thread (0x000002bea69f4090):  JavaThread "C2 CompilerThread0" daemon [_thread_in_native, id=18332, stack(0x000000e0b4400000,0x000000e0b4500000) (1024K)]


Current CompileTask:
C2:23338 7648       4       org.eclipse.jdt.internal.compiler.parser.Scanner::internalScanIdentifierOrKeyword (5041 bytes)

Stack: [0x000000e0b4400000,0x000000e0b4500000]
Native frames: (J=compiled Java code, j=interpreted, Vv=VM code, C=native code)
V  [jvm.dll+0x6d6e29]
V  [jvm.dll+0x8b4b76]
V  [jvm.dll+0x8b712e]
V  [jvm.dll+0x8b7813]
V  [jvm.dll+0x283d86]
V  [jvm.dll+0xc66ed]
V  [jvm.dll+0xc6c31]
V  [jvm.dll+0x3be53b]
V  [jvm.dll+0x38ab92]
V  [jvm.dll+0x389fda]
V  [jvm.dll+0x24bfa0]
V  [jvm.dll+0x24b580]
V  [jvm.dll+0x1cb13e]
V  [jvm.dll+0x25b29d]
V  [jvm.dll+0x25982a]
V  [jvm.dll+0x3f7ea6]
V  [jvm.dll+0x85e9ad]
V  [jvm.dll+0x6d565d]
C  [ucrtbase.dll+0x210b2]
C  [KERNEL32.DLL+0x17c24]
C  [ntdll.dll+0x6d721]


---------------  P R O C E S S  ---------------

Threads class SMR info:
_java_thread_list=0x000002be86529220, length=40, elements={
0x000002bea6a6c1a0, 0x000002bea69ddf00, 0x000002bea69df3b0, 0x000002bea69e4af0,
0x000002bea69e5800, 0x000002bea69e7b60, 0x000002bea69e9160, 0x000002bea69f4090,
0x000002bea69f7b40, 0x000002be841e2330, 0x000002be84304bc0, 0x000002be8445b790,
0x000002be848cdbd0, 0x000002be848cea50, 0x000002be84a4c1d0, 0x000002be84bb8890,
0x000002be84fc06d0, 0x000002be84d97c60, 0x000002be8507d280, 0x000002be85399490,
0x000002be853973c0, 0x000002be85398770, 0x000002be85398e00, 0x000002be85397a50,
0x000002be85399b20, 0x000002be853980e0, 0x000002be8539a1b0, 0x000002be85396d30,
0x000002be866174f0, 0x000002be86619c50, 0x000002be86614d90, 0x000002be8661b000,
0x000002be86615ab0, 0x000002be86615420, 0x000002be866167d0, 0x000002be866195c0,
0x000002be8661a2e0, 0x000002be8661a970, 0x000002be86616140, 0x000002be86617b80
}

Java Threads: ( => current thread )
  0x000002bea6a6c1a0 JavaThread "main"                              [_thread_blocked, id=7840, stack(0x000000e0b3a00000,0x000000e0b3b00000) (1024K)]
  0x000002bea69ddf00 JavaThread "Reference Handler"          daemon [_thread_blocked, id=16464, stack(0x000000e0b3e00000,0x000000e0b3f00000) (1024K)]
  0x000002bea69df3b0 JavaThread "Finalizer"                  daemon [_thread_blocked, id=20304, stack(0x000000e0b3f00000,0x000000e0b4000000) (1024K)]
  0x000002bea69e4af0 JavaThread "Signal Dispatcher"          daemon [_thread_blocked, id=11396, stack(0x000000e0b4000000,0x000000e0b4100000) (1024K)]
  0x000002bea69e5800 JavaThread "Attach Listener"            daemon [_thread_blocked, id=19244, stack(0x000000e0b4100000,0x000000e0b4200000) (1024K)]
  0x000002bea69e7b60 JavaThread "Service Thread"             daemon [_thread_blocked, id=12656, stack(0x000000e0b4200000,0x000000e0b4300000) (1024K)]
  0x000002bea69e9160 JavaThread "Monitor Deflation Thread"   daemon [_thread_blocked, id=16468, stack(0x000000e0b4300000,0x000000e0b4400000) (1024K)]
=>0x000002bea69f4090 JavaThread "C2 CompilerThread0"         daemon [_thread_in_native, id=18332, stack(0x000000e0b4400000,0x000000e0b4500000) (1024K)]
  0x000002bea69f7b40 JavaThread "C1 CompilerThread0"         daemon [_thread_blocked, id=11544, stack(0x000000e0b4500000,0x000000e0b4600000) (1024K)]
  0x000002be841e2330 JavaThread "Common-Cleaner"             daemon [_thread_blocked, id=19468, stack(0x000000e0b4600000,0x000000e0b4700000) (1024K)]
  0x000002be84304bc0 JavaThread "Notification Thread"        daemon [_thread_blocked, id=6668, stack(0x000000e0b4700000,0x000000e0b4800000) (1024K)]
  0x000002be8445b790 JavaThread "Active Thread: Equinox Container: fc95ee16-4fe7-4e70-959f-b27a7bc5475d"        [_thread_blocked, id=12552, stack(0x000000e0b4e00000,0x000000e0b4f00000) (1024K)]
  0x000002be848cdbd0 JavaThread "Framework Event Dispatcher: Equinox Container: fc95ee16-4fe7-4e70-959f-b27a7bc5475d" daemon [_thread_blocked, id=19760, stack(0x000000e0b4f00000,0x000000e0b5000000) (1024K)]
  0x000002be848cea50 JavaThread "Start Level: Equinox Container: fc95ee16-4fe7-4e70-959f-b27a7bc5475d" daemon [_thread_blocked, id=20300, stack(0x000000e0b5000000,0x000000e0b5100000) (1024K)]
  0x000002be84a4c1d0 JavaThread "SCR Component Actor"        daemon [_thread_blocked, id=13896, stack(0x000000e0b5200000,0x000000e0b5300000) (1024K)]
  0x000002be84bb8890 JavaThread "Worker-JM"                         [_thread_blocked, id=7096, stack(0x000000e0b5300000,0x000000e0b5400000) (1024K)]
  0x000002be84fc06d0 JavaThread "JNA Cleaner"                daemon [_thread_blocked, id=14916, stack(0x000000e0b5400000,0x000000e0b5500000) (1024K)]
  0x000002be84d97c60 JavaThread "Worker-0"                          [_thread_blocked, id=18372, stack(0x000000e0b5500000,0x000000e0b5600000) (1024K)]
  0x000002be8507d280 JavaThread "Worker-1"                          [_thread_blocked, id=15404, stack(0x000000e0b5600000,0x000000e0b5700000) (1024K)]
  0x000002be85399490 JavaThread "Worker-2"                          [_thread_blocked, id=19720, stack(0x000000e0b5700000,0x000000e0b5800000) (1024K)]
  0x000002be853973c0 JavaThread "Thread-1"                   daemon [_thread_in_native, id=10220, stack(0x000000e0b5800000,0x000000e0b5900000) (1024K)]
  0x000002be85398770 JavaThread "Thread-2"                   daemon [_thread_in_native, id=17928, stack(0x000000e0b5900000,0x000000e0b5a00000) (1024K)]
  0x000002be85398e00 JavaThread "Thread-3"                   daemon [_thread_in_native, id=6228, stack(0x000000e0b5a00000,0x000000e0b5b00000) (1024K)]
  0x000002be85397a50 JavaThread "Thread-4"                   daemon [_thread_in_native, id=9676, stack(0x000000e0b5b00000,0x000000e0b5c00000) (1024K)]
  0x000002be85399b20 JavaThread "Thread-5"                   daemon [_thread_in_native, id=9588, stack(0x000000e0b5c00000,0x000000e0b5d00000) (1024K)]
  0x000002be853980e0 JavaThread "Thread-6"                   daemon [_thread_in_native, id=19004, stack(0x000000e0b5d00000,0x000000e0b5e00000) (1024K)]
  0x000002be8539a1b0 JavaThread "Thread-7"                   daemon [_thread_in_native, id=7420, stack(0x000000e0b5e00000,0x000000e0b5f00000) (1024K)]
  0x000002be85396d30 JavaThread "Thread-8"                   daemon [_thread_in_native, id=10284, stack(0x000000e0b5f00000,0x000000e0b6000000) (1024K)]
  0x000002be866174f0 JavaThread "Thread-9"                   daemon [_thread_in_native, id=5092, stack(0x000000e0b6000000,0x000000e0b6100000) (1024K)]
  0x000002be86619c50 JavaThread "pool-2-thread-1"                   [_thread_blocked, id=17760, stack(0x000000e0b6100000,0x000000e0b6200000) (1024K)]
  0x000002be86614d90 JavaThread "WorkspaceEventsHandler"            [_thread_blocked, id=3664, stack(0x000000e0b6200000,0x000000e0b6300000) (1024K)]
  0x000002be8661b000 JavaThread "pool-1-thread-1"                   [_thread_blocked, id=19852, stack(0x000000e0b6300000,0x000000e0b6400000) (1024K)]
  0x000002be86615ab0 JavaThread "Compiler Source File Reader" daemon [_thread_blocked, id=856, stack(0x000000e0b6400000,0x000000e0b6500000) (1024K)]
  0x000002be86615420 JavaThread "Compiler Source File Reader" daemon [_thread_blocked, id=2044, stack(0x000000e0b6500000,0x000000e0b6600000) (1024K)]
  0x000002be866167d0 JavaThread "Compiler Source File Reader" daemon [_thread_blocked, id=1588, stack(0x000000e0b6600000,0x000000e0b6700000) (1024K)]
  0x000002be866195c0 JavaThread "Compiler Source File Reader" daemon [_thread_blocked, id=20040, stack(0x000000e0b6700000,0x000000e0b6800000) (1024K)]
  0x000002be8661a2e0 JavaThread "Compiler Source File Reader" daemon [_thread_blocked, id=5928, stack(0x000000e0b6800000,0x000000e0b6900000) (1024K)]
  0x000002be8661a970 JavaThread "Compiler Source File Reader" daemon [_thread_blocked, id=12004, stack(0x000000e0b6900000,0x000000e0b6a00000) (1024K)]
  0x000002be86616140 JavaThread "Compiler Processing Task"   daemon [_thread_blocked, id=9088, stack(0x000000e0b6a00000,0x000000e0b6b00000) (1024K)]
  0x000002be86617b80 JavaThread "Worker-3"                          [_thread_blocked, id=19460, stack(0x000000e0b6b00000,0x000000e0b6c00000) (1024K)]
Total: 40

Other Threads:
  0x000002bea69c2860 VMThread "VM Thread"                           [id=15916, stack(0x000000e0b3d00000,0x000000e0b3e00000) (1024K)]
  0x000002bea68fbc60 WatcherThread "VM Periodic Task Thread"        [id=18480, stack(0x000000e0b3c00000,0x000000e0b3d00000) (1024K)]
  0x000002bea6a8bf60 WorkerThread "GC Thread#0"                     [id=11492, stack(0x000000e0b3b00000,0x000000e0b3c00000) (1024K)]
  0x000002be84332790 WorkerThread "GC Thread#1"                     [id=16572, stack(0x000000e0b4800000,0x000000e0b4900000) (1024K)]
  0x000002be848010b0 WorkerThread "GC Thread#2"                     [id=12924, stack(0x000000e0b4900000,0x000000e0b4a00000) (1024K)]
  0x000002be84801860 WorkerThread "GC Thread#3"                     [id=20256, stack(0x000000e0b4a00000,0x000000e0b4b00000) (1024K)]
  0x000002be84801c00 WorkerThread "GC Thread#4"                     [id=8144, stack(0x000000e0b4b00000,0x000000e0b4c00000) (1024K)]
  0x000002be8469d480 WorkerThread "GC Thread#5"                     [id=18052, stack(0x000000e0b4c00000,0x000000e0b4d00000) (1024K)]
  0x000002be846e0620 WorkerThread "GC Thread#6"                     [id=11572, stack(0x000000e0b4d00000,0x000000e0b4e00000) (1024K)]
  0x000002be846df400 WorkerThread "GC Thread#7"                     [id=14580, stack(0x000000e0b5100000,0x000000e0b5200000) (1024K)]
Total: 10

Threads with active compile tasks:
C2 CompilerThread0  23566 7648       4       org.eclipse.jdt.internal.compiler.parser.Scanner::internalScanIdentifierOrKeyword (5041 bytes)
Total: 1

VM state: not at safepoint (normal execution)

VM Mutex/Monitor currently owned by a thread: None

Heap address: 0x0000000080000000, size: 2048 MB, Compressed Oops mode: 32-bit

CDS archive(s) mapped at: [0x000002bebe000000-0x000002bebeba0000-0x000002bebeba0000), size 12189696, SharedBaseAddress: 0x000002bebe000000, ArchiveRelocationMode: 1.
Compressed class space mapped at: 0x000002bebf000000-0x000002beff000000, reserved size: 1073741824
Narrow klass base: 0x000002bebe000000, Narrow klass shift: 0, Narrow klass range: 0x100000000

GC Precious Log:
 CardTable entry size: 512
 CPUs: 8 total, 8 available
 Memory: 3889M
 Large Page Support: Disabled
 NUMA Support: Disabled
 Compressed Oops: Enabled (32-bit)
 Alignments: Space 512K, Generation 512K, Heap 2M
 Heap Min Capacity: 100M
 Heap Initial Capacity: 100M
 Heap Max Capacity: 2G
 Pre-touch: Disabled
 Parallel Workers: 8

Heap:
 PSYoungGen      total 20992K, used 4804K [0x00000000d5580000, 0x00000000d6b00000, 0x0000000100000000)
  eden space 19968K, 22% used [0x00000000d5580000,0x00000000d59d1110,0x00000000d6900000)
  from space 1024K, 37% used [0x00000000d6900000,0x00000000d6960000,0x00000000d6a00000)
  to   space 512K, 0% used [0x00000000d6a80000,0x00000000d6a80000,0x00000000d6b00000)
 ParOldGen       total 68608K, used 38287K [0x0000000080000000, 0x0000000084300000, 0x00000000d5580000)
  object space 68608K, 55% used [0x0000000080000000,0x0000000082563fb0,0x0000000084300000)
 Metaspace       used 43541K, committed 44608K, reserved 1114112K
  class space    used 4276K, committed 4800K, reserved 1048576K

Card table byte_map: [0x000002bea6410000,0x000002bea6820000] _byte_map_base: 0x000002bea6010000

Marking Bits: (ParMarkBitMap*) 0x00007ffc9de42460
 Begin Bits: [0x000002beb8f20000, 0x000002bebaf20000)
 End Bits:   [0x000002bebaf20000, 0x000002bebcf20000)

Polling page: 0x000002bea4780000

Metaspace:

Usage:
  Non-class:     38.34 MB used.
      Class:      4.18 MB used.
       Both:     42.52 MB used.

Virtual space:
  Non-class space:       64.00 MB reserved,      38.88 MB ( 61%) committed,  1 nodes.
      Class space:        1.00 GB reserved,       4.69 MB ( <1%) committed,  1 nodes.
             Both:        1.06 GB reserved,      43.56 MB (  4%) committed. 

Chunk freelists:
   Non-Class:  8.89 MB
       Class:  11.28 MB
        Both:  20.17 MB

MaxMetaspaceSize: unlimited
CompressedClassSpaceSize: 1.00 GB
Initial GC threshold: 21.00 MB
Current GC threshold: 58.38 MB
CDS: on
 - commit_granule_bytes: 65536.
 - commit_granule_words: 8192.
 - virtual_space_node_default_size: 8388608.
 - enlarge_chunks_in_place: 1.
 - use_allocation_guard: 0.


Internal statistics:

num_allocs_failed_limit: 6.
num_arena_births: 900.
num_arena_deaths: 14.
num_vsnodes_births: 2.
num_vsnodes_deaths: 0.
num_space_committed: 697.
num_space_uncommitted: 0.
num_chunks_returned_to_freelist: 20.
num_chunks_taken_from_freelist: 2812.
num_chunk_merges: 12.
num_chunk_splits: 1758.
num_chunks_enlarged: 1049.
num_inconsistent_stats: 0.

CodeHeap 'non-profiled nmethods': size=120000Kb used=3555Kb max_used=3555Kb free=116444Kb
 bounds [0x000002beb1740000, 0x000002beb1ac0000, 0x000002beb8c70000]
CodeHeap 'profiled nmethods': size=120000Kb used=15779Kb max_used=15779Kb free=104220Kb
 bounds [0x000002bea9c70000, 0x000002beaabe0000, 0x000002beb11a0000]
CodeHeap 'non-nmethods': size=5760Kb used=1402Kb max_used=1477Kb free=4357Kb
 bounds [0x000002beb11a0000, 0x000002beb1410000, 0x000002beb1740000]
CodeCache: size=245760Kb, used=20736Kb, max_used=20811Kb, free=225021Kb
 total_blobs=8119, nmethods=7414, adapters=609, full_count=0
Compilation: enabled, stopped_count=0, restarted_count=0

Compilation events (20 events):
Event: 23.279 Thread 0x000002bea69f7b40 nmethod 7709 0x000002beaab99590 code [0x000002beaab997c0, 0x000002beaab9a308]
Event: 23.279 Thread 0x000002bea69f7b40 7710       2       sun.nio.cs.StreamDecoder::<init> (23 bytes)
Event: 23.280 Thread 0x000002bea69f7b40 nmethod 7710 0x000002beaab9a690 code [0x000002beaab9a840, 0x000002beaab9aa08]
Event: 23.283 Thread 0x000002bea69f7b40 7711       2       java.nio.ByteBuffer::put (124 bytes)
Event: 23.284 Thread 0x000002bea69f7b40 nmethod 7711 0x000002beaab9ab10 code [0x000002beaab9ad20, 0x000002beaab9b120]
Event: 23.284 Thread 0x000002bea69f7b40 7712       2       org.eclipse.jdt.internal.core.CompilationUnit$1::getContents (23 bytes)
Event: 23.284 Thread 0x000002bea69f7b40 nmethod 7712 0x000002beaab9b390 code [0x000002beaab9b540, 0x000002beaab9b6b0]
Event: 23.288 Thread 0x000002bea69f7b40 7713   !   2       lombok.eclipse.handlers.HandleSetter::$SWITCH_TABLE$lombok$eclipse$handlers$EclipseHandlerUtil$MemberExistsResult (61 bytes)
Event: 23.288 Thread 0x000002bea69f7b40 nmethod 7713 0x000002beaab9b790 code [0x000002beaab9b960, 0x000002beaab9bc48]
Event: 23.290 Thread 0x000002bea69f7b40 7714       2       lombok.core.handlers.InclusionExclusionUtils$2::compare (13 bytes)
Event: 23.291 Thread 0x000002bea69f7b40 nmethod 7714 0x000002beaab9be90 code [0x000002beaab9c040, 0x000002beaab9c1e0]
Event: 23.291 Thread 0x000002bea69f7b40 7715       2       lombok.core.handlers.InclusionExclusionUtils$2::compare (94 bytes)
Event: 23.292 Thread 0x000002bea69f7b40 nmethod 7715 0x000002beaab9c310 code [0x000002beaab9c580, 0x000002beaab9cb30]
Event: 23.293 Thread 0x000002bea69f7b40 7717       2       org.eclipse.jdt.internal.compiler.ast.FalseLiteral::traverse (14 bytes)
Event: 23.293 Thread 0x000002bea69f7b40 nmethod 7717 0x000002beaab9cf10 code [0x000002beaab9d0c0, 0x000002beaab9d210]
Event: 23.293 Thread 0x000002bea69f7b40 7718       2       org.eclipse.jdt.internal.compiler.ASTVisitor::endVisit (1 bytes)
Event: 23.293 Thread 0x000002bea69f7b40 nmethod 7718 0x000002beaab9d310 code [0x000002beaab9d4a0, 0x000002beaab9d5a8]
Event: 23.293 Thread 0x000002bea69f7b40 7719       2       org.eclipse.jdt.internal.compiler.ast.UnaryExpression::traverse (25 bytes)
Event: 23.293 Thread 0x000002bea69f7b40 nmethod 7719 0x000002beaab9d610 code [0x000002beaab9d7c0, 0x000002beaab9d960]
Event: 23.294 Thread 0x000002bea69f7b40 7720       2       lombok.eclipse.handlers.EclipseHandlerUtil::makeIntLiteral (116 bytes)

GC Heap History (20 events):
Event: 15.708 GC heap before
{Heap before GC invocations=21 (full 2):
 PSYoungGen      total 22528K, used 22112K [0x00000000d5580000, 0x00000000d6d00000, 0x0000000100000000)
  eden space 21504K, 100% used [0x00000000d5580000,0x00000000d6a80000,0x00000000d6a80000)
  from space 1024K, 59% used [0x00000000d6c00000,0x00000000d6c98010,0x00000000d6d00000)
  to   space 1024K, 0% used [0x00000000d6b00000,0x00000000d6b00000,0x00000000d6c00000)
 ParOldGen       total 68608K, used 30807K [0x0000000080000000, 0x0000000084300000, 0x00000000d5580000)
  object space 68608K, 44% used [0x0000000080000000,0x0000000081e15c28,0x0000000084300000)
 Metaspace       used 37657K, committed 38656K, reserved 1114112K
  class space    used 3808K, committed 4288K, reserved 1048576K
}
Event: 15.710 GC heap after
{Heap after GC invocations=21 (full 2):
 PSYoungGen      total 22528K, used 608K [0x00000000d5580000, 0x00000000d6c80000, 0x0000000100000000)
  eden space 21504K, 0% used [0x00000000d5580000,0x00000000d5580000,0x00000000d6a80000)
  from space 1024K, 59% used [0x00000000d6b00000,0x00000000d6b98000,0x00000000d6c00000)
  to   space 512K, 0% used [0x00000000d6c00000,0x00000000d6c00000,0x00000000d6c80000)
 ParOldGen       total 68608K, used 31159K [0x0000000080000000, 0x0000000084300000, 0x00000000d5580000)
  object space 68608K, 45% used [0x0000000080000000,0x0000000081e6dc28,0x0000000084300000)
 Metaspace       used 37657K, committed 38656K, reserved 1114112K
  class space    used 3808K, committed 4288K, reserved 1048576K
}
Event: 16.526 GC heap before
{Heap before GC invocations=22 (full 2):
 PSYoungGen      total 22528K, used 22000K [0x00000000d5580000, 0x00000000d6c80000, 0x0000000100000000)
  eden space 21504K, 99% used [0x00000000d5580000,0x00000000d6a64220,0x00000000d6a80000)
  from space 1024K, 59% used [0x00000000d6b00000,0x00000000d6b98000,0x00000000d6c00000)
  to   space 512K, 0% used [0x00000000d6c00000,0x00000000d6c00000,0x00000000d6c80000)
 ParOldGen       total 68608K, used 31159K [0x0000000080000000, 0x0000000084300000, 0x00000000d5580000)
  object space 68608K, 45% used [0x0000000080000000,0x0000000081e6dc28,0x0000000084300000)
 Metaspace       used 38583K, committed 39616K, reserved 1114112K
  class space    used 3884K, committed 4352K, reserved 1048576K
}
Event: 16.530 GC heap after
{Heap after GC invocations=22 (full 2):
 PSYoungGen      total 22016K, used 482K [0x00000000d5580000, 0x00000000d6d80000, 0x0000000100000000)
  eden space 21504K, 0% used [0x00000000d5580000,0x00000000d5580000,0x00000000d6a80000)
  from space 512K, 94% used [0x00000000d6c00000,0x00000000d6c78ba0,0x00000000d6c80000)
  to   space 1536K, 0% used [0x00000000d6a80000,0x00000000d6a80000,0x00000000d6c00000)
 ParOldGen       total 68608K, used 31917K [0x0000000080000000, 0x0000000084300000, 0x00000000d5580000)
  object space 68608K, 46% used [0x0000000080000000,0x0000000081f2b7e0,0x0000000084300000)
 Metaspace       used 38583K, committed 39616K, reserved 1114112K
  class space    used 3884K, committed 4352K, reserved 1048576K
}
Event: 17.097 GC heap before
{Heap before GC invocations=23 (full 2):
 PSYoungGen      total 22016K, used 21986K [0x00000000d5580000, 0x00000000d6d80000, 0x0000000100000000)
  eden space 21504K, 100% used [0x00000000d5580000,0x00000000d6a80000,0x00000000d6a80000)
  from space 512K, 94% used [0x00000000d6c00000,0x00000000d6c78ba0,0x00000000d6c80000)
  to   space 1536K, 0% used [0x00000000d6a80000,0x00000000d6a80000,0x00000000d6c00000)
 ParOldGen       total 68608K, used 31917K [0x0000000080000000, 0x0000000084300000, 0x00000000d5580000)
  object space 68608K, 46% used [0x0000000080000000,0x0000000081f2b7e0,0x0000000084300000)
 Metaspace       used 39276K, committed 40320K, reserved 1114112K
  class space    used 3937K, committed 4416K, reserved 1048576K
}
Event: 17.101 GC heap after
{Heap after GC invocations=23 (full 2):
 PSYoungGen      total 23040K, used 1506K [0x00000000d5580000, 0x00000000d6f80000, 0x0000000100000000)
  eden space 21504K, 0% used [0x00000000d5580000,0x00000000d5580000,0x00000000d6a80000)
  from space 1536K, 98% used [0x00000000d6a80000,0x00000000d6bf8938,0x00000000d6c00000)
  to   space 2560K, 0% used [0x00000000d6d00000,0x00000000d6d00000,0x00000000d6f80000)
 ParOldGen       total 68608K, used 32409K [0x0000000080000000, 0x0000000084300000, 0x00000000d5580000)
  object space 68608K, 47% used [0x0000000080000000,0x0000000081fa6598,0x0000000084300000)
 Metaspace       used 39276K, committed 40320K, reserved 1114112K
  class space    used 3937K, committed 4416K, reserved 1048576K
}
Event: 17.319 GC heap before
{Heap before GC invocations=24 (full 2):
 PSYoungGen      total 23040K, used 23010K [0x00000000d5580000, 0x00000000d6f80000, 0x0000000100000000)
  eden space 21504K, 100% used [0x00000000d5580000,0x00000000d6a80000,0x00000000d6a80000)
  from space 1536K, 98% used [0x00000000d6a80000,0x00000000d6bf8938,0x00000000d6c00000)
  to   space 2560K, 0% used [0x00000000d6d00000,0x00000000d6d00000,0x00000000d6f80000)
 ParOldGen       total 68608K, used 32409K [0x0000000080000000, 0x0000000084300000, 0x00000000d5580000)
  object space 68608K, 47% used [0x0000000080000000,0x0000000081fa6598,0x0000000084300000)
 Metaspace       used 39752K, committed 40832K, reserved 1114112K
  class space    used 4000K, committed 4480K, reserved 1048576K
}
Event: 17.328 GC heap after
{Heap after GC invocations=24 (full 2):
 PSYoungGen      total 23040K, used 1462K [0x00000000d5580000, 0x00000000d6e80000, 0x0000000100000000)
  eden space 21504K, 0% used [0x00000000d5580000,0x00000000d5580000,0x00000000d6a80000)
  from space 1536K, 95% used [0x00000000d6d00000,0x00000000d6e6dac0,0x00000000d6e80000)
  to   space 2048K, 0% used [0x00000000d6a80000,0x00000000d6a80000,0x00000000d6c80000)
 ParOldGen       total 68608K, used 32969K [0x0000000080000000, 0x0000000084300000, 0x00000000d5580000)
  object space 68608K, 48% used [0x0000000080000000,0x0000000082032758,0x0000000084300000)
 Metaspace       used 39752K, committed 40832K, reserved 1114112K
  class space    used 4000K, committed 4480K, reserved 1048576K
}
Event: 17.941 GC heap before
{Heap before GC invocations=25 (full 2):
 PSYoungGen      total 23040K, used 22966K [0x00000000d5580000, 0x00000000d6e80000, 0x0000000100000000)
  eden space 21504K, 100% used [0x00000000d5580000,0x00000000d6a80000,0x00000000d6a80000)
  from space 1536K, 95% used [0x00000000d6d00000,0x00000000d6e6dac0,0x00000000d6e80000)
  to   space 2048K, 0% used [0x00000000d6a80000,0x00000000d6a80000,0x00000000d6c80000)
 ParOldGen       total 68608K, used 32969K [0x0000000080000000, 0x0000000084300000, 0x00000000d5580000)
  object space 68608K, 48% used [0x0000000080000000,0x0000000082032758,0x0000000084300000)
 Metaspace       used 41498K, committed 42560K, reserved 1114112K
  class space    used 4149K, committed 4608K, reserved 1048576K
}
Event: 17.946 GC heap after
{Heap after GC invocations=25 (full 2):
 PSYoungGen      total 23040K, used 1257K [0x00000000d5580000, 0x00000000d6d80000, 0x0000000100000000)
  eden space 21504K, 0% used [0x00000000d5580000,0x00000000d5580000,0x00000000d6a80000)
  from space 1536K, 81% used [0x00000000d6a80000,0x00000000d6bba710,0x00000000d6c00000)
  to   space 1536K, 0% used [0x00000000d6c00000,0x00000000d6c00000,0x00000000d6d80000)
 ParOldGen       total 68608K, used 33833K [0x0000000080000000, 0x0000000084300000, 0x00000000d5580000)
  object space 68608K, 49% used [0x0000000080000000,0x000000008210a7a8,0x0000000084300000)
 Metaspace       used 41498K, committed 42560K, reserved 1114112K
  class space    used 4149K, committed 4608K, reserved 1048576K
}
Event: 19.218 GC heap before
{Heap before GC invocations=26 (full 2):
 PSYoungGen      total 23040K, used 22761K [0x00000000d5580000, 0x00000000d6d80000, 0x0000000100000000)
  eden space 21504K, 100% used [0x00000000d5580000,0x00000000d6a80000,0x00000000d6a80000)
  from space 1536K, 81% used [0x00000000d6a80000,0x00000000d6bba710,0x00000000d6c00000)
  to   space 1536K, 0% used [0x00000000d6c00000,0x00000000d6c00000,0x00000000d6d80000)
 ParOldGen       total 68608K, used 33833K [0x0000000080000000, 0x0000000084300000, 0x00000000d5580000)
  object space 68608K, 49% used [0x0000000080000000,0x000000008210a7a8,0x0000000084300000)
 Metaspace       used 42631K, committed 43712K, reserved 1114112K
  class space    used 4247K, committed 4736K, reserved 1048576K
}
Event: 19.224 GC heap after
{Heap after GC invocations=26 (full 2):
 PSYoungGen      total 21504K, used 1536K [0x00000000d5580000, 0x00000000d7080000, 0x0000000100000000)
  eden space 19968K, 0% used [0x00000000d5580000,0x00000000d5580000,0x00000000d6900000)
  from space 1536K, 100% used [0x00000000d6c00000,0x00000000d6d80000,0x00000000d6d80000)
  to   space 3072K, 0% used [0x00000000d6900000,0x00000000d6900000,0x00000000d6c00000)
 ParOldGen       total 68608K, used 34945K [0x0000000080000000, 0x0000000084300000, 0x00000000d5580000)
  object space 68608K, 50% used [0x0000000080000000,0x00000000822207d8,0x0000000084300000)
 Metaspace       used 42631K, committed 43712K, reserved 1114112K
  class space    used 4247K, committed 4736K, reserved 1048576K
}
Event: 20.728 GC heap before
{Heap before GC invocations=27 (full 2):
 PSYoungGen      total 21504K, used 21504K [0x00000000d5580000, 0x00000000d7080000, 0x0000000100000000)
  eden space 19968K, 100% used [0x00000000d5580000,0x00000000d6900000,0x00000000d6900000)
  from space 1536K, 100% used [0x00000000d6c00000,0x00000000d6d80000,0x00000000d6d80000)
  to   space 3072K, 0% used [0x00000000d6900000,0x00000000d6900000,0x00000000d6c00000)
 ParOldGen       total 68608K, used 34945K [0x0000000080000000, 0x0000000084300000, 0x00000000d5580000)
  object space 68608K, 50% used [0x0000000080000000,0x00000000822207d8,0x0000000084300000)
 Metaspace       used 42972K, committed 44032K, reserved 1114112K
  class space    used 4260K, committed 4736K, reserved 1048576K
}
Event: 20.733 GC heap after
{Heap after GC invocations=27 (full 2):
 PSYoungGen      total 20992K, used 928K [0x00000000d5580000, 0x00000000d6d00000, 0x0000000100000000)
  eden space 19968K, 0% used [0x00000000d5580000,0x00000000d5580000,0x00000000d6900000)
  from space 1024K, 90% used [0x00000000d6900000,0x00000000d69e8020,0x00000000d6a00000)
  to   space 2048K, 0% used [0x00000000d6b00000,0x00000000d6b00000,0x00000000d6d00000)
 ParOldGen       total 68608K, used 36279K [0x0000000080000000, 0x0000000084300000, 0x00000000d5580000)
  object space 68608K, 52% used [0x0000000080000000,0x000000008236dc00,0x0000000084300000)
 Metaspace       used 42972K, committed 44032K, reserved 1114112K
  class space    used 4260K, committed 4736K, reserved 1048576K
}
Event: 22.131 GC heap before
{Heap before GC invocations=28 (full 2):
 PSYoungGen      total 20992K, used 20896K [0x00000000d5580000, 0x00000000d6d00000, 0x0000000100000000)
  eden space 19968K, 100% used [0x00000000d5580000,0x00000000d6900000,0x00000000d6900000)
  from space 1024K, 90% used [0x00000000d6900000,0x00000000d69e8020,0x00000000d6a00000)
  to   space 2048K, 0% used [0x00000000d6b00000,0x00000000d6b00000,0x00000000d6d00000)
 ParOldGen       total 68608K, used 36279K [0x0000000080000000, 0x0000000084300000, 0x00000000d5580000)
  object space 68608K, 52% used [0x0000000080000000,0x000000008236dc00,0x0000000084300000)
 Metaspace       used 43160K, committed 44224K, reserved 1114112K
  class space    used 4265K, committed 4800K, reserved 1048576K
}
Event: 22.135 GC heap after
{Heap after GC invocations=28 (full 2):
 PSYoungGen      total 20992K, used 800K [0x00000000d5580000, 0x00000000d6c00000, 0x0000000100000000)
  eden space 19968K, 0% used [0x00000000d5580000,0x00000000d5580000,0x00000000d6900000)
  from space 1024K, 78% used [0x00000000d6b00000,0x00000000d6bc8000,0x00000000d6c00000)
  to   space 1024K, 0% used [0x00000000d6900000,0x00000000d6900000,0x00000000d6a00000)
 ParOldGen       total 68608K, used 37068K [0x0000000080000000, 0x0000000084300000, 0x00000000d5580000)
  object space 68608K, 54% used [0x0000000080000000,0x0000000082433050,0x0000000084300000)
 Metaspace       used 43160K, committed 44224K, reserved 1114112K
  class space    used 4265K, committed 4800K, reserved 1048576K
}
Event: 22.820 GC heap before
{Heap before GC invocations=29 (full 2):
 PSYoungGen      total 20992K, used 20768K [0x00000000d5580000, 0x00000000d6c00000, 0x0000000100000000)
  eden space 19968K, 100% used [0x00000000d5580000,0x00000000d6900000,0x00000000d6900000)
  from space 1024K, 78% used [0x00000000d6b00000,0x00000000d6bc8000,0x00000000d6c00000)
  to   space 1024K, 0% used [0x00000000d6900000,0x00000000d6900000,0x00000000d6a00000)
 ParOldGen       total 68608K, used 37068K [0x0000000080000000, 0x0000000084300000, 0x00000000d5580000)
  object space 68608K, 54% used [0x0000000080000000,0x0000000082433050,0x0000000084300000)
 Metaspace       used 43313K, committed 44416K, reserved 1114112K
  class space    used 4271K, committed 4800K, reserved 1048576K
}
Event: 22.824 GC heap after
{Heap after GC invocations=29 (full 2):
 PSYoungGen      total 20992K, used 903K [0x00000000d5580000, 0x00000000d6b80000, 0x0000000100000000)
  eden space 19968K, 0% used [0x00000000d5580000,0x00000000d5580000,0x00000000d6900000)
  from space 1024K, 88% used [0x00000000d6900000,0x00000000d69e1c18,0x00000000d6a00000)
  to   space 1024K, 0% used [0x00000000d6a80000,0x00000000d6a80000,0x00000000d6b80000)
 ParOldGen       total 68608K, used 37581K [0x0000000080000000, 0x0000000084300000, 0x00000000d5580000)
  object space 68608K, 54% used [0x0000000080000000,0x00000000824b3780,0x0000000084300000)
 Metaspace       used 43313K, committed 44416K, reserved 1114112K
  class space    used 4271K, committed 4800K, reserved 1048576K
}
Event: 23.209 GC heap before
{Heap before GC invocations=30 (full 2):
 PSYoungGen      total 20992K, used 20871K [0x00000000d5580000, 0x00000000d6b80000, 0x0000000100000000)
  eden space 19968K, 100% used [0x00000000d5580000,0x00000000d6900000,0x00000000d6900000)
  from space 1024K, 88% used [0x00000000d6900000,0x00000000d69e1c18,0x00000000d6a00000)
  to   space 1024K, 0% used [0x00000000d6a80000,0x00000000d6a80000,0x00000000d6b80000)
 ParOldGen       total 68608K, used 37581K [0x0000000080000000, 0x0000000084300000, 0x00000000d5580000)
  object space 68608K, 54% used [0x0000000080000000,0x00000000824b3780,0x0000000084300000)
 Metaspace       used 43428K, committed 44544K, reserved 1114112K
  class space    used 4275K, committed 4800K, reserved 1048576K
}
Event: 23.211 GC heap after
{Heap after GC invocations=30 (full 2):
 PSYoungGen      total 20992K, used 608K [0x00000000d5580000, 0x00000000d6b80000, 0x0000000100000000)
  eden space 19968K, 0% used [0x00000000d5580000,0x00000000d5580000,0x00000000d6900000)
  from space 1024K, 59% used [0x00000000d6a80000,0x00000000d6b18000,0x00000000d6b80000)
  to   space 1024K, 0% used [0x00000000d6900000,0x00000000d6900000,0x00000000d6a00000)
 ParOldGen       total 68608K, used 38003K [0x0000000080000000, 0x0000000084300000, 0x00000000d5580000)
  object space 68608K, 55% used [0x0000000080000000,0x000000008251cfb0,0x0000000084300000)
 Metaspace       used 43428K, committed 44544K, reserved 1114112K
  class space    used 4275K, committed 4800K, reserved 1048576K
}

Dll operation events (10 events):
Event: 0.012 Loaded shared library c:\Users\Administrator\.antigravity\extensions\redhat.java-1.51.0-win32-x64\jre\21.0.9-win32-x86_64\bin\java.dll
Event: 0.089 Loaded shared library c:\Users\Administrator\.antigravity\extensions\redhat.java-1.51.0-win32-x64\jre\21.0.9-win32-x86_64\bin\zip.dll
Event: 0.116 Loaded shared library C:\Users\Administrator\.antigravity\extensions\redhat.java-1.51.0-win32-x64\jre\21.0.9-win32-x86_64\bin\instrument.dll
Event: 0.121 Loaded shared library C:\Users\Administrator\.antigravity\extensions\redhat.java-1.51.0-win32-x64\jre\21.0.9-win32-x86_64\bin\net.dll
Event: 0.125 Loaded shared library C:\Users\Administrator\.antigravity\extensions\redhat.java-1.51.0-win32-x64\jre\21.0.9-win32-x86_64\bin\nio.dll
Event: 0.129 Loaded shared library C:\Users\Administrator\.antigravity\extensions\redhat.java-1.51.0-win32-x64\jre\21.0.9-win32-x86_64\bin\zip.dll
Event: 0.149 Loaded shared library C:\Users\Administrator\.antigravity\extensions\redhat.java-1.51.0-win32-x64\jre\21.0.9-win32-x86_64\bin\jimage.dll
Event: 0.236 Loaded shared library c:\Users\Administrator\.antigravity\extensions\redhat.java-1.51.0-win32-x64\jre\21.0.9-win32-x86_64\bin\verify.dll
Event: 2.539 Loaded shared library C:\Users\Administrator\AppData\Roaming\Antigravity\User\globalStorage\redhat.java\1.51.0\config_ss_win\org.eclipse.equinox.launcher\org.eclipse.equinox.launcher.win32.win32.x86_64_1.2.1400.v20250801-0854\eclipse_11916.dll
Event: 5.243 Loaded shared library C:\Users\Administrator\AppData\Local\Temp\jna-146731693\jna9743647033709171533.dll

Deoptimization events (20 events):
Event: 22.429 Thread 0x000002be8661b000 DEOPT PACKING pc=0x000002beb1a76914 sp=0x000000e0b63fdd00
Event: 22.429 Thread 0x000002be8661b000 DEOPT UNPACKING pc=0x000002beb11f3aa2 sp=0x000000e0b63fdc98 mode 2
Event: 22.526 Thread 0x000002be8661b000 Uncommon trap: trap_request=0xffffff45 fr.pc=0x000002beb1a809f8 relative=0x0000000000002278
Event: 22.526 Thread 0x000002be8661b000 Uncommon trap: reason=unstable_if action=reinterpret pc=0x000002beb1a809f8 method=lombok.core.TypeResolver.typeRefToFullyQualifiedName(Llombok/core/LombokNode;Llombok/core/TypeLibrary;Ljava/lang/String;)Ljava/lang/String; @ 32 c2
Event: 22.526 Thread 0x000002be8661b000 DEOPT PACKING pc=0x000002beb1a809f8 sp=0x000000e0b63fcc70
Event: 22.526 Thread 0x000002be8661b000 DEOPT UNPACKING pc=0x000002beb11f3aa2 sp=0x000000e0b63fcc48 mode 2
Event: 22.730 Thread 0x000002be8661b000 DEOPT PACKING pc=0x000002beaa8dbf56 sp=0x000000e0b63fe330
Event: 22.730 Thread 0x000002be8661b000 DEOPT UNPACKING pc=0x000002beb11f4242 sp=0x000000e0b63fd7d0 mode 0
Event: 22.747 Thread 0x000002be8661b000 Uncommon trap: trap_request=0xffffff45 fr.pc=0x000002beb1a8c0f4 relative=0x00000000000009d4
Event: 22.747 Thread 0x000002be8661b000 Uncommon trap: reason=unstable_if action=reinterpret pc=0x000002beb1a8c0f4 method=org.eclipse.jdt.internal.compiler.parser.Scanner.internalScanIdentifierOrKeyword(II[C)Lorg/eclipse/jdt/internal/compiler/parser/TerminalToken; @ 3784 c2
Event: 22.747 Thread 0x000002be8661b000 DEOPT PACKING pc=0x000002beb1a8c0f4 sp=0x000000e0b63fdc50
Event: 22.747 Thread 0x000002be8661b000 DEOPT UNPACKING pc=0x000002beb11f3aa2 sp=0x000000e0b63fdbf0 mode 2
Event: 22.748 Thread 0x000002be8661b000 DEOPT PACKING pc=0x000002beaaa0aec0 sp=0x000000e0b63fdcf0
Event: 22.748 Thread 0x000002be8661b000 DEOPT UNPACKING pc=0x000002beb11f4242 sp=0x000000e0b63fd210 mode 0
Event: 22.766 Thread 0x000002be8661b000 Uncommon trap: trap_request=0xffffff45 fr.pc=0x000002beb1a3281c relative=0x00000000000008dc
Event: 22.766 Thread 0x000002be8661b000 Uncommon trap: reason=unstable_if action=reinterpret pc=0x000002beb1a3281c method=org.eclipse.jdt.internal.compiler.parser.Scanner.getNextToken0()Lorg/eclipse/jdt/internal/compiler/parser/TerminalToken; @ 966 c2
Event: 22.766 Thread 0x000002be8661b000 DEOPT PACKING pc=0x000002beb1a3281c sp=0x000000e0b63fdcb0
Event: 22.766 Thread 0x000002be8661b000 DEOPT UNPACKING pc=0x000002beb11f3aa2 sp=0x000000e0b63fdbe8 mode 2
Event: 22.789 Thread 0x000002be8661b000 DEOPT PACKING pc=0x000002beaaa0aec0 sp=0x000000e0b63fdb10
Event: 22.789 Thread 0x000002be8661b000 DEOPT UNPACKING pc=0x000002beb11f4242 sp=0x000000e0b63fd030 mode 0

Classes loaded (20 events):
Event: 16.460 Loading class java/util/zip/CheckedInputStream
Event: 16.463 Loading class java/util/zip/CheckedInputStream done
Event: 17.210 Loading class java/util/stream/ReduceOps$4
Event: 17.213 Loading class java/util/stream/ReduceOps$4 done
Event: 17.213 Loading class java/util/stream/ReduceOps$4ReducingSink
Event: 17.213 Loading class java/util/stream/ReduceOps$4ReducingSink done
Event: 17.257 Loading class java/nio/file/Files$2
Event: 17.258 Loading class java/nio/file/Files$2 done
Event: 17.786 Loading class java/util/concurrent/ArrayBlockingQueue
Event: 17.796 Loading class java/util/concurrent/ArrayBlockingQueue done
Event: 17.950 Loading class java/util/stream/ReferencePipeline$4
Event: 17.952 Loading class java/util/stream/ReferencePipeline$4 done
Event: 17.953 Loading class java/util/stream/Nodes$IntFixedNodeBuilder
Event: 17.960 Loading class java/util/stream/Node$Builder$OfInt
Event: 17.970 Loading class java/util/stream/Node$Builder$OfInt done
Event: 17.970 Loading class java/util/stream/Nodes$IntArrayNode
Event: 17.971 Loading class java/util/stream/Nodes$IntArrayNode done
Event: 17.971 Loading class java/util/stream/Nodes$IntFixedNodeBuilder done
Event: 17.971 Loading class java/util/stream/ReferencePipeline$4$1
Event: 17.972 Loading class java/util/stream/ReferencePipeline$4$1 done

Classes unloaded (7 events):
Event: 6.369 Thread 0x000002bea69c2860 Unloading class 0x000002bebf18cc00 'java/lang/invoke/LambdaForm$MH+0x000002bebf18cc00'
Event: 6.369 Thread 0x000002bea69c2860 Unloading class 0x000002bebf18c800 'java/lang/invoke/LambdaForm$MH+0x000002bebf18c800'
Event: 6.369 Thread 0x000002bea69c2860 Unloading class 0x000002bebf18c400 'java/lang/invoke/LambdaForm$MH+0x000002bebf18c400'
Event: 6.369 Thread 0x000002bea69c2860 Unloading class 0x000002bebf18c000 'java/lang/invoke/LambdaForm$MH+0x000002bebf18c000'
Event: 6.369 Thread 0x000002bea69c2860 Unloading class 0x000002bebf18bc00 'java/lang/invoke/LambdaForm$BMH+0x000002bebf18bc00'
Event: 6.369 Thread 0x000002bea69c2860 Unloading class 0x000002bebf18b800 'java/lang/invoke/LambdaForm$DMH+0x000002bebf18b800'
Event: 6.369 Thread 0x000002bea69c2860 Unloading class 0x000002bebf18a400 'java/lang/invoke/LambdaForm$DMH+0x000002bebf18a400'

Classes redefined (0 events):
No events

Internal exceptions (20 events):
Event: 15.208 Thread 0x000002be8661b000 Exception <a 'java/lang/NoSuchMethodError'{0x00000000d58b1160}: 'java.lang.Object java.lang.invoke.DirectMethodHandle$Holder.invokeStatic(java.lang.Object, java.lang.Object, int, int)'> (0x00000000d58b1160) 
thrown [s\src\hotspot\share\interpreter\linkResolver.cpp, line 773]
Event: 15.209 Thread 0x000002be8661b000 Exception <a 'java/lang/NoSuchMethodError'{0x00000000d58b5560}: 'java.lang.Object java.lang.invoke.DirectMethodHandle$Holder.invokeSpecial(java.lang.Object, java.lang.Object, java.lang.Object, int, int)'> (0x00000000d58b5560) 
thrown [s\src\hotspot\share\interpreter\linkResolver.cpp, line 773]
Event: 15.210 Thread 0x000002be8661b000 Implicit null exception at 0x000002beb1776ab1 to 0x000002beb1776db8
Event: 15.302 Thread 0x000002be85399490 Exception <a 'java/lang/NoSuchMethodError'{0x00000000d5c00530}: 'java.lang.Object java.lang.invoke.DirectMethodHandle$Holder.invokeSpecial(java.lang.Object, java.lang.Object, int, long)'> (0x00000000d5c00530) 
thrown [s\src\hotspot\share\interpreter\linkResolver.cpp, line 773]
Event: 15.491 Thread 0x000002be8661b000 Implicit null exception at 0x000002beb17a42a5 to 0x000002beb17a4638
Event: 15.756 Thread 0x000002be8661b000 Implicit null exception at 0x000002beb18d205a to 0x000002beb18d2071
Event: 15.786 Thread 0x000002be8661b000 Exception <a 'java/io/FileNotFoundException'{0x00000000d58c8fb0}> (0x00000000d58c8fb0) 
thrown [s\src\hotspot\share\prims\jni.cpp, line 520]
Event: 15.786 Thread 0x000002be8661b000 Exception <a 'java/io/FileNotFoundException'{0x00000000d58ca2d0}> (0x00000000d58ca2d0) 
thrown [s\src\hotspot\share\prims\jni.cpp, line 520]
Event: 15.787 Thread 0x000002be8661b000 Exception <a 'java/io/FileNotFoundException'{0x00000000d58cb348}> (0x00000000d58cb348) 
thrown [s\src\hotspot\share\prims\jni.cpp, line 520]
Event: 16.213 Thread 0x000002be84d97c60 Exception <a 'java/io/FileNotFoundException'{0x00000000d66cb048}> (0x00000000d66cb048) 
thrown [s\src\hotspot\share\prims\jni.cpp, line 520]
Event: 16.213 Thread 0x000002be84d97c60 Exception <a 'java/io/FileNotFoundException'{0x00000000d66cc2e0}> (0x00000000d66cc2e0) 
thrown [s\src\hotspot\share\prims\jni.cpp, line 520]
Event: 16.214 Thread 0x000002be84d97c60 Exception <a 'java/io/FileNotFoundException'{0x00000000d66cdd28}> (0x00000000d66cdd28) 
thrown [s\src\hotspot\share\prims\jni.cpp, line 520]
Event: 16.215 Thread 0x000002be84d97c60 Exception <a 'java/io/FileNotFoundException'{0x00000000d66cf518}> (0x00000000d66cf518) 
thrown [s\src\hotspot\share\prims\jni.cpp, line 520]
Event: 16.216 Thread 0x000002be84d97c60 Exception <a 'java/io/FileNotFoundException'{0x00000000d66d07e8}> (0x00000000d66d07e8) 
thrown [s\src\hotspot\share\prims\jni.cpp, line 520]
Event: 17.217 Thread 0x000002be84d97c60 Implicit null exception at 0x000002beb17af996 to 0x000002beb17afb49
Event: 17.226 Thread 0x000002be85399490 Exception <a 'java/lang/NoSuchMethodError'{0x00000000d61b1058}: 'int java.lang.invoke.DirectMethodHandle$Holder.invokeSpecialIFC(java.lang.Object, java.lang.Object, java.lang.Object)'> (0x00000000d61b1058) 
thrown [s\src\hotspot\share\interpreter\linkResolver.cpp, line 773]
Event: 17.721 Thread 0x000002be8661b000 Implicit null exception at 0x000002beb18197c7 to 0x000002beb1819ef8
Event: 17.977 Thread 0x000002be86616140 Exception <a 'java/lang/NoSuchMethodError'{0x00000000d56425b8}: 'int java.lang.invoke.DirectMethodHandle$Holder.invokeSpecial(java.lang.Object, java.lang.Object, java.lang.Object, java.lang.Object)'> (0x00000000d56425b8) 
thrown [s\src\hotspot\share\interpreter\linkResolver.cpp, line 773]
Event: 18.877 Thread 0x000002be86616140 Exception <a 'java/lang/NoSuchMethodError'{0x00000000d6461b58}: 'void java.lang.invoke.DirectMethodHandle$Holder.invokeVirtual(java.lang.Object, java.lang.Object, java.lang.Object, java.lang.Object, java.lang.Object)'> (0x00000000d6461b58) 
thrown [s\src\hotspot\share\interpreter\linkResolver.cpp, line 773]
Event: 18.965 Thread 0x000002be86616140 Exception <a 'java/lang/NoSuchMethodError'{0x00000000d66c3c98}: 'java.lang.Object java.lang.invoke.DirectMethodHandle$Holder.invokeStatic(java.lang.Object, java.lang.Object, int, java.lang.Object, java.lang.Object)'> (0x00000000d66c3c98) 
thrown [s\src\hotspot\share\interpreter\linkResolver.cpp, line 773]

ZGC Phase Switch (0 events):
No events

VM Operations (20 events):
Event: 18.438 Executing VM operation: HandshakeAllThreads (Deoptimize)
Event: 18.492 Executing VM operation: HandshakeAllThreads (Deoptimize) done
Event: 18.923 Executing VM operation: ICBufferFull
Event: 18.938 Executing VM operation: ICBufferFull done
Event: 19.094 Executing VM operation: HandshakeAllThreads (Deoptimize)
Event: 19.094 Executing VM operation: HandshakeAllThreads (Deoptimize) done
Event: 19.218 Executing VM operation: ParallelGCFailedAllocation (Allocation Failure)
Event: 19.224 Executing VM operation: ParallelGCFailedAllocation (Allocation Failure) done
Event: 20.227 Executing VM operation: Cleanup
Event: 20.227 Executing VM operation: Cleanup done
Event: 20.728 Executing VM operation: ParallelGCFailedAllocation (Allocation Failure)
Event: 20.733 Executing VM operation: ParallelGCFailedAllocation (Allocation Failure) done
Event: 21.734 Executing VM operation: Cleanup
Event: 21.734 Executing VM operation: Cleanup done
Event: 22.131 Executing VM operation: ParallelGCFailedAllocation (Allocation Failure)
Event: 22.135 Executing VM operation: ParallelGCFailedAllocation (Allocation Failure) done
Event: 22.820 Executing VM operation: ParallelGCFailedAllocation (Allocation Failure)
Event: 22.824 Executing VM operation: ParallelGCFailedAllocation (Allocation Failure) done
Event: 23.209 Executing VM operation: ParallelGCFailedAllocation (Allocation Failure)
Event: 23.211 Executing VM operation: ParallelGCFailedAllocation (Allocation Failure) done

Memory protections (0 events):
No events

Nmethod flushes (20 events):
Event: 14.117 Thread 0x000002bea69c2860 flushing  nmethod 0x000002beaa0ddd90
Event: 14.117 Thread 0x000002bea69c2860 flushing  nmethod 0x000002beaa0de910
Event: 14.117 Thread 0x000002bea69c2860 flushing  nmethod 0x000002beaa0df490
Event: 14.117 Thread 0x000002bea69c2860 flushing  nmethod 0x000002beaa0dfe10
Event: 14.117 Thread 0x000002bea69c2860 flushing  nmethod 0x000002beaa0e0190
Event: 14.117 Thread 0x000002bea69c2860 flushing  nmethod 0x000002beaa0e0690
Event: 14.117 Thread 0x000002bea69c2860 flushing  nmethod 0x000002beaa0e1990
Event: 14.117 Thread 0x000002bea69c2860 flushing  nmethod 0x000002beaa0e4490
Event: 14.117 Thread 0x000002bea69c2860 flushing  nmethod 0x000002beaa0e4f90
Event: 14.117 Thread 0x000002bea69c2860 flushing  nmethod 0x000002beaa0e5910
Event: 14.117 Thread 0x000002bea69c2860 flushing  nmethod 0x000002beaa0e7b10
Event: 14.117 Thread 0x000002bea69c2860 flushing  nmethod 0x000002beaa0e7e90
Event: 14.117 Thread 0x000002bea69c2860 flushing  nmethod 0x000002beaa0e9090
Event: 14.117 Thread 0x000002bea69c2860 flushing  nmethod 0x000002beaa0fe410
Event: 14.117 Thread 0x000002bea69c2860 flushing  nmethod 0x000002beaa10c110
Event: 14.117 Thread 0x000002bea69c2860 flushing  nmethod 0x000002beaa135290
Event: 14.117 Thread 0x000002bea69c2860 flushing  nmethod 0x000002beaa135f90
Event: 14.117 Thread 0x000002bea69c2860 flushing  nmethod 0x000002beaa136390
Event: 14.117 Thread 0x000002bea69c2860 flushing  nmethod 0x000002beaa137190
Event: 14.117 Thread 0x000002bea69c2860 flushing  nmethod 0x000002beaa14fc10

Events (20 events):
Event: 7.769 Thread 0x000002bea6a6c1a0 Thread added: 0x000002be853973c0
Event: 7.770 Thread 0x000002bea6a6c1a0 Thread added: 0x000002be85398770
Event: 7.770 Thread 0x000002bea6a6c1a0 Thread added: 0x000002be85398e00
Event: 7.770 Thread 0x000002bea6a6c1a0 Thread added: 0x000002be85397a50
Event: 7.770 Thread 0x000002bea6a6c1a0 Thread added: 0x000002be85399b20
Event: 7.770 Thread 0x000002bea6a6c1a0 Thread added: 0x000002be853980e0
Event: 7.770 Thread 0x000002bea6a6c1a0 Thread added: 0x000002be8539a1b0
Event: 7.771 Thread 0x000002bea6a6c1a0 Thread added: 0x000002be85396d30
Event: 7.771 Thread 0x000002bea6a6c1a0 Thread added: 0x000002be866174f0
Event: 7.836 Thread 0x000002bea6a6c1a0 Thread added: 0x000002be86619c50
Event: 8.354 Thread 0x000002bea6a6c1a0 Thread added: 0x000002be86614d90
Event: 8.354 Thread 0x000002bea6a6c1a0 Thread added: 0x000002be8661b000
Event: 17.004 Thread 0x000002be84d97c60 Thread added: 0x000002be86615ab0
Event: 17.006 Thread 0x000002be84d97c60 Thread added: 0x000002be86615420
Event: 17.006 Thread 0x000002be84d97c60 Thread added: 0x000002be866167d0
Event: 17.007 Thread 0x000002be84d97c60 Thread added: 0x000002be866195c0
Event: 17.008 Thread 0x000002be84d97c60 Thread added: 0x000002be8661a2e0
Event: 17.009 Thread 0x000002be84d97c60 Thread added: 0x000002be8661a970
Event: 17.800 Thread 0x000002be84d97c60 Thread added: 0x000002be86616140
Event: 17.801 Thread 0x000002be8507d280 Thread added: 0x000002be86617b80


Dynamic libraries:
0x00007ff6bd880000 - 0x00007ff6bd88e000 	c:\Users\Administrator\.antigravity\extensions\redhat.java-1.51.0-win32-x64\jre\21.0.9-win32-x86_64\bin\java.exe
0x00007ffd13080000 - 0x00007ffd13270000 	C:\Windows\SYSTEM32\ntdll.dll
0x00007ffd116a0000 - 0x00007ffd11752000 	C:\Windows\System32\KERNEL32.DLL
0x00007ffd10c00000 - 0x00007ffd10ea5000 	C:\Windows\System32\KERNELBASE.dll
0x00007ffd10b00000 - 0x00007ffd10bfa000 	C:\Windows\System32\ucrtbase.dll
0x00007ffcf5db0000 - 0x00007ffcf5dc8000 	c:\Users\Administrator\.antigravity\extensions\redhat.java-1.51.0-win32-x64\jre\21.0.9-win32-x86_64\bin\jli.dll
0x00007ffce2010000 - 0x00007ffce202e000 	c:\Users\Administrator\.antigravity\extensions\redhat.java-1.51.0-win32-x64\jre\21.0.9-win32-x86_64\bin\VCRUNTIME140.dll
0x00007ffd12600000 - 0x00007ffd12794000 	C:\Windows\System32\USER32.dll
0x00007ffd0fff0000 - 0x00007ffd10011000 	C:\Windows\System32\win32u.dll
0x00007ffcf7250000 - 0x00007ffcf74d4000 	C:\Windows\WinSxS\amd64_microsoft.windows.common-controls_6595b64144ccf1df_6.0.18362.1556_none_9e7e372fe45e41d5\COMCTL32.dll
0x00007ffd11670000 - 0x00007ffd11696000 	C:\Windows\System32\GDI32.dll
0x00007ffd11760000 - 0x00007ffd117fe000 	C:\Windows\System32\msvcrt.dll
0x00007ffd108b0000 - 0x00007ffd10a48000 	C:\Windows\System32\gdi32full.dll
0x00007ffd12940000 - 0x00007ffd12c76000 	C:\Windows\System32\combase.dll
0x00007ffd10810000 - 0x00007ffd108ae000 	C:\Windows\System32\msvcp_win.dll
0x00007ffd12820000 - 0x00007ffd1293f000 	C:\Windows\System32\RPCRT4.dll
0x00007ffd10eb0000 - 0x00007ffd10f31000 	C:\Windows\System32\bcryptPrimitives.dll
0x00007ffd12dc0000 - 0x00007ffd12dee000 	C:\Windows\System32\IMM32.DLL
0x00007ffd055e0000 - 0x00007ffd055ec000 	c:\Users\Administrator\.antigravity\extensions\redhat.java-1.51.0-win32-x64\jre\21.0.9-win32-x86_64\bin\vcruntime140_1.dll
0x00007ffcc58d0000 - 0x00007ffcc595d000 	c:\Users\Administrator\.antigravity\extensions\redhat.java-1.51.0-win32-x64\jre\21.0.9-win32-x86_64\bin\msvcp140.dll
0x00007ffc9d180000 - 0x00007ffc9df20000 	c:\Users\Administrator\.antigravity\extensions\redhat.java-1.51.0-win32-x64\jre\21.0.9-win32-x86_64\bin\server\jvm.dll
0x00007ffd12470000 - 0x00007ffd12513000 	C:\Windows\System32\ADVAPI32.dll
0x00007ffd12df0000 - 0x00007ffd12e87000 	C:\Windows\System32\sechost.dll
0x00007ffd0ff40000 - 0x00007ffd0ff8a000 	C:\Windows\System32\POWRPROF.dll
0x00007ffd0ff30000 - 0x00007ffd0ff40000 	C:\Windows\System32\UMPDC.dll
0x00007ffd12e90000 - 0x00007ffd12eff000 	C:\Windows\System32\WS2_32.dll
0x00007ffd08fa0000 - 0x00007ffd08fc4000 	C:\Windows\SYSTEM32\WINMM.dll
0x00007ffd06660000 - 0x00007ffd0666a000 	C:\Windows\SYSTEM32\VERSION.dll
0x00007ffd08f70000 - 0x00007ffd08f9d000 	C:\Windows\SYSTEM32\winmmbase.dll
0x00007ffd10020000 - 0x00007ffd1006a000 	C:\Windows\System32\cfgmgr32.dll
0x00007ffd0ffb0000 - 0x00007ffd0ffc1000 	C:\Windows\System32\kernel.appcore.dll
0x00007ffcfc6a0000 - 0x00007ffcfc6aa000 	c:\Users\Administrator\.antigravity\extensions\redhat.java-1.51.0-win32-x64\jre\21.0.9-win32-x86_64\bin\jimage.dll
0x00007ffd0e840000 - 0x00007ffd0ea34000 	C:\Windows\SYSTEM32\DBGHELP.DLL
0x00007ffcf46e0000 - 0x00007ffcf470a000 	C:\Windows\SYSTEM32\dbgcore.DLL
0x00007ffcfb0d0000 - 0x00007ffcfb0df000 	c:\Users\Administrator\.antigravity\extensions\redhat.java-1.51.0-win32-x64\jre\21.0.9-win32-x86_64\bin\instrument.dll
0x00007ffce0790000 - 0x00007ffce07b0000 	c:\Users\Administrator\.antigravity\extensions\redhat.java-1.51.0-win32-x64\jre\21.0.9-win32-x86_64\bin\java.dll
0x00007ffd11c40000 - 0x00007ffd12327000 	C:\Windows\System32\SHELL32.dll
0x00007ffd12d10000 - 0x00007ffd12db8000 	C:\Windows\System32\shcore.dll
0x00007ffd10090000 - 0x00007ffd1080b000 	C:\Windows\System32\windows.storage.dll
0x00007ffd0ff90000 - 0x00007ffd0ffae000 	C:\Windows\System32\profapi.dll
0x00007ffd11be0000 - 0x00007ffd11c32000 	C:\Windows\System32\shlwapi.dll
0x00007ffd10070000 - 0x00007ffd10087000 	C:\Windows\System32\cryptsp.dll
0x00007ffce06d0000 - 0x00007ffce06e8000 	c:\Users\Administrator\.antigravity\extensions\redhat.java-1.51.0-win32-x64\jre\21.0.9-win32-x86_64\bin\zip.dll
0x00007ffcf6cf0000 - 0x00007ffcf6d00000 	C:\Users\Administrator\.antigravity\extensions\redhat.java-1.51.0-win32-x64\jre\21.0.9-win32-x86_64\bin\net.dll
0x00007ffd08d40000 - 0x00007ffd08e3a000 	C:\Windows\SYSTEM32\WINHTTP.dll
0x00007ffd0f770000 - 0x00007ffd0f7d7000 	C:\Windows\system32\mswsock.dll
0x00007ffce0480000 - 0x00007ffce0496000 	C:\Users\Administrator\.antigravity\extensions\redhat.java-1.51.0-win32-x64\jre\21.0.9-win32-x86_64\bin\nio.dll
0x00007ffcf5f10000 - 0x00007ffcf5f20000 	c:\Users\Administrator\.antigravity\extensions\redhat.java-1.51.0-win32-x64\jre\21.0.9-win32-x86_64\bin\verify.dll
0x00007ffccb920000 - 0x00007ffccb964000 	C:\Users\Administrator\AppData\Roaming\Antigravity\User\globalStorage\redhat.java\1.51.0\config_ss_win\org.eclipse.equinox.launcher\org.eclipse.equinox.launcher.win32.win32.x86_64_1.2.1400.v20250801-0854\eclipse_11916.dll
0x00007ffd119b0000 - 0x00007ffd11b07000 	C:\Windows\System32\ole32.dll
0x00007ffd0f2f0000 - 0x00007ffd0f323000 	C:\Windows\system32\rsaenh.dll
0x00007ffd10f40000 - 0x00007ffd10f66000 	C:\Windows\System32\bcrypt.dll
0x00007ffd0fe20000 - 0x00007ffd0fe45000 	C:\Windows\SYSTEM32\USERENV.dll
0x00007ffd0f940000 - 0x00007ffd0f94c000 	C:\Windows\SYSTEM32\CRYPTBASE.dll
0x00007ffd0f480000 - 0x00007ffd0f4ba000 	C:\Windows\SYSTEM32\IPHLPAPI.DLL
0x00007ffd125f0000 - 0x00007ffd125f8000 	C:\Windows\System32\NSI.dll
0x00007ffcc4ba0000 - 0x00007ffcc4be9000 	C:\Users\Administrator\AppData\Local\Temp\jna-146731693\jna9743647033709171533.dll
0x00007ffd12c80000 - 0x00007ffd12c88000 	C:\Windows\System32\PSAPI.DLL
0x00007ffd04fe0000 - 0x00007ffd04ff6000 	C:\Windows\SYSTEM32\dhcpcsvc6.DLL
0x00007ffd06180000 - 0x00007ffd0619c000 	C:\Windows\SYSTEM32\dhcpcsvc.DLL

JVMTI agents:
c:\Users\Administrator\.antigravity\extensions\redhat.java-1.51.0-win32-x64\lombok\lombok-1.18.39-4050.jar path:c:\Users\Administrator\.antigravity\extensions\redhat.java-1.51.0-win32-x64\jre\21.0.9-win32-x86_64\bin\instrument.dll, loaded, initialized, instrumentlib options:none

dbghelp: loaded successfully - version: 4.0.5 - missing functions: none
symbol engine: initialized successfully - sym options: 0x614 - pdb path: .;c:\Users\Administrator\.antigravity\extensions\redhat.java-1.51.0-win32-x64\jre\21.0.9-win32-x86_64\bin;C:\Windows\SYSTEM32;C:\Windows\WinSxS\amd64_microsoft.windows.common-controls_6595b64144ccf1df_6.0.18362.1556_none_9e7e372fe45e41d5;c:\Users\Administrator\.antigravity\extensions\redhat.java-1.51.0-win32-x64\jre\21.0.9-win32-x86_64\bin\server;C:\Users\Administrator\AppData\Roaming\Antigravity\User\globalStorage\redhat.java\1.51.0\config_ss_win\org.eclipse.equinox.launcher\org.eclipse.equinox.launcher.win32.win32.x86_64_1.2.1400.v20250801-0854;C:\Users\Administrator\AppData\Local\Temp\jna-146731693

VM Arguments:
jvm_args: --add-modules=ALL-SYSTEM --add-opens=java.base/java.util=ALL-UNNAMED --add-opens=java.base/java.lang=ALL-UNNAMED --add-opens=java.base/sun.nio.fs=ALL-UNNAMED -Declipse.application=org.eclipse.jdt.ls.core.id1 -Dosgi.bundles.defaultStartLevel=4 -Declipse.product=org.eclipse.jdt.ls.core.product -Djava.import.generatesMetadataFilesAtProjectRoot=false -DDetectVMInstallationsJob.disabled=true -Dfile.encoding=utf8 -XX:+UseParallelGC -XX:GCTimeRatio=4 -XX:AdaptiveSizePolicyWeight=90 -Dsun.zip.disableMemoryMapping=true -Xmx2G -Xms100m -Xlog:disable -javaagent:c:\Users\Administrator\.antigravity\extensions\redhat.java-1.51.0-win32-x64\lombok\lombok-1.18.39-4050.jar 
java_command: c:\Users\Administrator\.antigravity\extensions\redhat.java-1.51.0-win32-x64\server\plugins\org.eclipse.equinox.launcher_1.7.100.v20251111-0406.jar -configuration c:\Users\Administrator\AppData\Roaming\Antigravity\User\globalStorage\redhat.java\1.51.0\config_ss_win -data c:\Users\Administrator\AppData\Roaming\Antigravity\User\workspaceStorage\9dc1cad281cafc8938dd036e9dabeaab\redhat.java\ss_ws --pipe=\\.\pipe\lsp-c1d902ff29d6ee54869feeee8ad1cf63-sock
java_class_path (initial): c:\Users\Administrator\.antigravity\extensions\redhat.java-1.51.0-win32-x64\server\plugins\org.eclipse.equinox.launcher_1.7.100.v20251111-0406.jar
Launcher Type: SUN_STANDARD

[Global flags]
    uintx AdaptiveSizePolicyWeight                 = 90                                        {product} {command line}
     intx CICompilerCount                          = 4                                         {product} {ergonomic}
    uintx GCTimeRatio                              = 4                                         {product} {command line}
   size_t InitialHeapSize                          = 104857600                                 {product} {command line}
   size_t MaxHeapSize                              = 2147483648                                {product} {command line}
   size_t MaxNewSize                               = 715653120                                 {product} {ergonomic}
   size_t MinHeapDeltaBytes                        = 524288                                    {product} {ergonomic}
   size_t MinHeapSize                              = 104857600                                 {product} {command line}
   size_t NewSize                                  = 34603008                                  {product} {ergonomic}
    uintx NonNMethodCodeHeapSize                   = 5839372                                {pd product} {ergonomic}
    uintx NonProfiledCodeHeapSize                  = 122909434                              {pd product} {ergonomic}
   size_t OldSize                                  = 70254592                                  {product} {ergonomic}
    uintx ProfiledCodeHeapSize                     = 122909434                              {pd product} {ergonomic}
    uintx ReservedCodeCacheSize                    = 251658240                              {pd product} {ergonomic}
     bool SegmentedCodeCache                       = true                                      {product} {ergonomic}
   size_t SoftMaxHeapSize                          = 2147483648                             {manageable} {ergonomic}
     bool UseCompressedOops                        = true                           {product lp64_product} {ergonomic}
     bool UseLargePagesIndividualAllocation        = false                                  {pd product} {ergonomic}
     bool UseParallelGC                            = true                                      {product} {command line}

Logging:
Log output configuration:
 #0: stdout all=off uptime,level,tags foldmultilines=false
 #1: stderr all=off uptime,level,tags foldmultilines=false

Release file:
JAVA_VERSION="21.0.9" 
MODULES="java.base java.compiler java.datatransfer java.xml java.prefs java.desktop java.instrument java.logging java.management java.security.sasl java.naming java.rmi java.management.rmi java.net.http java.scripting java.security.jgss java.transaction.xa java.sql java.sql.rowset java.xml.crypto java.se java.smartcardio jdk.accessibility jdk.internal.jvmstat jdk.attach jdk.charsets jdk.internal.opt jdk.zipfs jdk.compiler jdk.crypto.ec jdk.crypto.cryptoki jdk.crypto.mscapi jdk.dynalink jdk.internal.ed jdk.editpad jdk.hotspot.agent jdk.httpserver jdk.internal.le jdk.internal.vm.ci jdk.internal.vm.compiler jdk.internal.vm.compiler.management jdk.jartool jdk.javadoc jdk.jcmd jdk.management jdk.management.agent jdk.jconsole jdk.jdeps jdk.jdwp.agent jdk.jdi jdk.jfr jdk.jshell jdk.jsobject jdk.jstatd jdk.localedata jdk.management.jfr jdk.naming.dns jdk.naming.rmi jdk.net jdk.nio.mapmode jdk.random jdk.sctp jdk.security.auth jdk.security.jgss jdk.unsupported jdk.unsupported.desktop jdk.xml.dom" 

Environment Variables:
JAVA_HOME=D:\datn\jdk-17.0.16+8
PATH=d:\cursor\resources\app\bin;C:\Program Files\Python313\Scripts\;C:\Program Files\Python313\;C:\php-8.3.14-nts-Win32-vs16-x64;C:\Windows\system32;C:\Windows;C:\Windows\System32\Wbem;C:\Windows\System32\WindowsPowerShell\v1.0\;C:\Windows\System32\OpenSSH\;C:\Program Files\Microsoft SQL Server\Client SDK\ODBC\170\Tools\Binn\;C:\Program Files (x86)\Microsoft SQL Server\150\Tools\Binn\;C:\Program Files\Microsoft SQL Server\150\Tools\Binn\;C:\Program Files\Microsoft SQL Server\150\DTS\Binn\;C:\Program Files\Azure Data Studio\bin;C:\Program Files\dotnet\;D:\Git\cmd;C:\php-8.4.0-nts-Win32-vs17-x64;C:\ProgramData\ComposerSetup\bin;D:\datn\jdk-17.0.16+8\bin;C:\axis2-1.8.2\bin;D:\datn\apache-maven-3.9.11\bin;C:\Program Files\nodejs\;C:\php-8.4.0-nts-Win32-vs17-x64;C:\Users\Administrator\AppData\Local\Microsoft\WindowsApps;C:\Program Files\Azure Data Studio\bin;C:\Users\Administrator\.dotnet\tools;C:\php-8.3.14-nts-Win32-vs16-x64;C:\Users\Administrator\AppData\Roaming\Composer\vendor\bin;D:\datn\jdk-17.0.16+8;C:\axis2-1.;C:\php-8.4.0-nts-Win32-vs17-x64;C:\Users\Administrator\AppData\Local\Microsoft\WindowsApps;C:\Program Files\Azure Data Studio\bin;C:\Users\Administrator\AppData\Local\Programs\Microsoft VS Code\bin;C:\Users\Administrator\.dotnet\tools;C:\php-8.3.14-nts-Win32-vs16-x64;C:\Users\Administrator\AppData\Roaming\Composer\vendor\bin;D:\datn\jdk-17.0.16+8;C:\axis2-1.8.2;D:\cursor\resources\app\bin;D:\datn\apache-maven-3.9.11\bin;C:\Users\Administrator\AppData\Roaming\npm;C:\Users\Administrator\AppData\Local\Programs\Antigravity\bin
USERNAME=Administrator
OS=Windows_NT
PROCESSOR_IDENTIFIER=Intel64 Family 6 Model 142 Stepping 12, GenuineIntel
TMP=C:\Users\ADMINI~1\AppData\Local\Temp
TEMP=C:\Users\ADMINI~1\AppData\Local\Temp




Periodic native trim disabled

---------------  S Y S T E M  ---------------

OS:
 Windows 10 , 64 bit Build 18362 (10.0.18362.1500)
OS uptime: 22 days 0:32 hours

CPU: total 8 (initial active 8) (4 cores per cpu, 2 threads per core) family 6 model 142 stepping 12 microcode 0xde, cx8, cmov, fxsr, ht, mmx, 3dnowpref, sse, sse2, sse3, ssse3, sse4.1, sse4.2, popcnt, lzcnt, tsc, tscinvbit, avx, avx2, aes, erms, clmul, bmi1, bmi2, adx, fma, vzeroupper, clflush, clflushopt, rdtscp, f16c
Processor Information for the first 8 processors :
  Max Mhz: 1800, Current Mhz: 1600, Mhz Limit: 1584

Memory: 4k page, system-wide physical 3889M (55M free)
TotalPageFile size 15665M (AvailPageFile size 0M)
current process WorkingSet (physical memory assigned to process): 186M, peak: 188M
current process commit charge ("private bytes"): 318M, peak: 326M

vm_info: OpenJDK 64-Bit Server VM (21.0.9+10-LTS) for windows-amd64 JRE (21.0.9+10-LTS), built on 2025-10-21T00:00:00Z by "admin" with unknown MS VC++:1942

END.
