#
# There is insufficient memory for the Java Runtime Environment to continue.
# Native memory allocation (malloc) failed to allocate 596976 bytes. Error detail: Chunk::new
# Possible reasons:
#   The system is out of physical RAM or swap space
#   This process is running with CompressedOops enabled, and the Java Heap may be blocking the growth of the native heap
# Possible solutions:
#   Reduce memory load on the system
#   Increase physical memory or swap space
#   Check if swap backing store is full
#   Decrease Java heap size (-Xmx/-Xms)
#   Decrease number of Java threads
#   Decrease Java thread stack sizes (-Xss)
#   Set larger code cache with -XX:ReservedCodeCacheSize=
#   JVM is running with Unscaled Compressed Oops mode in which the Java heap is
#     placed in the first 4GB address space. The Java Heap base address is the
#     maximum limit for the native heap growth. Please use -XX:HeapBaseMinAddress
#     to set the Java Heap base and to place the Java Heap above 4GB virtual address.
# This output file may be truncated or incomplete.
#
#  Out of Memory Error (arena.cpp:168), pid=15444, tid=6660
#
# JRE version: OpenJDK Runtime Environment Temurin-21.0.9+10 (21.0.9+10) (build 21.0.9+10-LTS)
# Java VM: OpenJDK 64-Bit Server VM Temurin-21.0.9+10 (21.0.9+10-LTS, mixed mode, sharing, tiered, compressed oops, compressed class ptrs, parallel gc, windows-amd64)
# No core dump will be written. Minidumps are not enabled by default on client versions of Windows
#

---------------  S U M M A R Y ------------

Command Line: --add-modules=ALL-SYSTEM --add-opens=java.base/java.util=ALL-UNNAMED --add-opens=java.base/java.lang=ALL-UNNAMED --add-opens=java.base/sun.nio.fs=ALL-UNNAMED -Declipse.application=org.eclipse.jdt.ls.core.id1 -Dosgi.bundles.defaultStartLevel=4 -Declipse.product=org.eclipse.jdt.ls.core.product -Djava.import.generatesMetadataFilesAtProjectRoot=false -DDetectVMInstallationsJob.disabled=true -Dfile.encoding=utf8 -XX:+UseParallelGC -XX:GCTimeRatio=4 -XX:AdaptiveSizePolicyWeight=90 -Dsun.zip.disableMemoryMapping=true -Xmx2G -Xms100m -Xlog:disable -javaagent:c:\Users\Administrator\.antigravity\extensions\redhat.java-1.51.0-win32-x64\lombok\lombok-1.18.39-4050.jar c:\Users\Administrator\.antigravity\extensions\redhat.java-1.51.0-win32-x64\server\plugins\org.eclipse.equinox.launcher_1.7.100.v20251111-0406.jar -configuration c:\Users\Administrator\AppData\Roaming\Antigravity\User\globalStorage\redhat.java\1.51.0\config_ss_win -data c:\Users\Administrator\AppData\Roaming\Antigravity\User\workspaceStorage\9dc1cad281cafc8938dd036e9dabeaab\redhat.java\ss_ws --pipe=\\.\pipe\lsp-1ac6c7fd4d6f2d3361a579dbf1817506-sock

Host: Intel(R) Core(TM) i5-8265U CPU @ 1.60GHz, 8 cores, 3G,  Windows 10 , 64 bit Build 18362 (10.0.18362.1500)
Time: Sun Jan 25 17:26:59 2026 SE Asia Standard Time elapsed time: 49.081571 seconds (0d 0h 0m 49s)

---------------  T H R E A D  ---------------

Current thread (0x000001b416304330):  JavaThread "C2 CompilerThread0" daemon [_thread_in_native, id=6660, stack(0x00000002df100000,0x00000002df200000) (1024K)]


Current CompileTask:
C2:49081 4415       4       jdk.internal.jrtfs.JrtFileSystem::lambda$iteratorOf$2 (20 bytes)

Stack: [0x00000002df100000,0x00000002df200000]
Native frames: (J=compiled Java code, j=interpreted, Vv=VM code, C=native code)
V  [jvm.dll+0x6d6e29]
V  [jvm.dll+0x8b4b76]
V  [jvm.dll+0x8b712e]
V  [jvm.dll+0x8b7813]
V  [jvm.dll+0x283d86]
V  [jvm.dll+0xc66ed]
V  [jvm.dll+0xc6c31]
V  [jvm.dll+0x3be501]
V  [jvm.dll+0x38ab92]
V  [jvm.dll+0x389fda]
V  [jvm.dll+0x24bfa0]
V  [jvm.dll+0x24b580]
V  [jvm.dll+0x1cb13e]
V  [jvm.dll+0x25b29d]
V  [jvm.dll+0x25982a]
V  [jvm.dll+0x3f7ea6]
V  [jvm.dll+0x85e9ad]
V  [jvm.dll+0x6d565d]
C  [ucrtbase.dll+0x210b2]
C  [KERNEL32.DLL+0x17c24]
C  [ntdll.dll+0x6d721]


---------------  P R O C E S S  ---------------

Threads class SMR info:
_java_thread_list=0x000001b45dd954e0, length=32, elements={
0x000001b47cf73ec0, 0x000001b4162fd1c0, 0x000001b4162fe820, 0x000001b4163001e0,
0x000001b416300ef0, 0x000001b416302ab0, 0x000001b416303500, 0x000001b416304330,
0x000001b45d03bf10, 0x000001b45d21dc60, 0x000001b45d2e6b90, 0x000001b45db260e0,
0x000001b41633be80, 0x000001b45d81f030, 0x000001b45d378ad0, 0x000001b45db10b40,
0x000001b45e855410, 0x000001b45dc868c0, 0x000001b45d5b98d0, 0x000001b45ddbf8e0,
0x000001b45ddbff70, 0x000001b45ddc1320, 0x000001b45ddbf250, 0x000001b45ddc0c90,
0x000001b45ddbebc0, 0x000001b45ddbe530, 0x000001b45ddc19b0, 0x000001b45ddc0600,
0x000001b45ddaeba0, 0x000001b45ddb05e0, 0x000001b45ddb4780, 0x000001b45ddaf230
}

Java Threads: ( => current thread )
  0x000001b47cf73ec0 JavaThread "main"                              [_thread_blocked, id=12432, stack(0x00000002de700000,0x00000002de800000) (1024K)]
  0x000001b4162fd1c0 JavaThread "Reference Handler"          daemon [_thread_blocked, id=10508, stack(0x00000002deb00000,0x00000002dec00000) (1024K)]
  0x000001b4162fe820 JavaThread "Finalizer"                  daemon [_thread_blocked, id=16508, stack(0x00000002dec00000,0x00000002ded00000) (1024K)]
  0x000001b4163001e0 JavaThread "Signal Dispatcher"          daemon [_thread_blocked, id=1456, stack(0x00000002ded00000,0x00000002dee00000) (1024K)]
  0x000001b416300ef0 JavaThread "Attach Listener"            daemon [_thread_blocked, id=17600, stack(0x00000002dee00000,0x00000002def00000) (1024K)]
  0x000001b416302ab0 JavaThread "Service Thread"             daemon [_thread_blocked, id=8160, stack(0x00000002def00000,0x00000002df000000) (1024K)]
  0x000001b416303500 JavaThread "Monitor Deflation Thread"   daemon [_thread_blocked, id=8536, stack(0x00000002df000000,0x00000002df100000) (1024K)]
=>0x000001b416304330 JavaThread "C2 CompilerThread0"         daemon [_thread_in_native, id=6660, stack(0x00000002df100000,0x00000002df200000) (1024K)]
  0x000001b45d03bf10 JavaThread "C1 CompilerThread0"         daemon [_thread_blocked, id=19524, stack(0x00000002df200000,0x00000002df300000) (1024K)]
  0x000001b45d21dc60 JavaThread "Common-Cleaner"             daemon [_thread_blocked, id=3888, stack(0x00000002df300000,0x00000002df400000) (1024K)]
  0x000001b45d2e6b90 JavaThread "Notification Thread"        daemon [_thread_blocked, id=16928, stack(0x00000002df400000,0x00000002df500000) (1024K)]
  0x000001b45db260e0 JavaThread "Active Thread: Equinox Container: 5e728ddb-18ec-4c38-854a-96d0b154c719"        [_thread_blocked, id=18996, stack(0x00000002dfb00000,0x00000002dfc00000) (1024K)]
  0x000001b41633be80 JavaThread "Framework Event Dispatcher: Equinox Container: 5e728ddb-18ec-4c38-854a-96d0b154c719" daemon [_thread_blocked, id=18580, stack(0x00000002dfc00000,0x00000002dfd00000) (1024K)]
  0x000001b45d81f030 JavaThread "Start Level: Equinox Container: 5e728ddb-18ec-4c38-854a-96d0b154c719" daemon [_thread_blocked, id=5268, stack(0x00000002dfd00000,0x00000002dfe00000) (1024K)]
  0x000001b45d378ad0 JavaThread "SCR Component Actor"        daemon [_thread_blocked, id=17372, stack(0x00000002dff00000,0x00000002e0000000) (1024K)]
  0x000001b45db10b40 JavaThread "Worker-JM"                         [_thread_blocked, id=4220, stack(0x00000002e0000000,0x00000002e0100000) (1024K)]
  0x000001b45e855410 JavaThread "JNA Cleaner"                daemon [_thread_blocked, id=1920, stack(0x00000002e0100000,0x00000002e0200000) (1024K)]
  0x000001b45dc868c0 JavaThread "Worker-0"                          [_thread_blocked, id=15700, stack(0x00000002e0200000,0x00000002e0300000) (1024K)]
  0x000001b45d5b98d0 JavaThread "Worker-1"                          [_thread_blocked, id=1324, stack(0x00000002e0300000,0x00000002e0400000) (1024K)]
  0x000001b45ddbf8e0 JavaThread "Worker-2"                          [_thread_blocked, id=17588, stack(0x00000002e0400000,0x00000002e0500000) (1024K)]
  0x000001b45ddbff70 JavaThread "Thread-1"                   daemon [_thread_in_native, id=15440, stack(0x00000002e0500000,0x00000002e0600000) (1024K)]
  0x000001b45ddc1320 JavaThread "Thread-2"                   daemon [_thread_in_native, id=16740, stack(0x00000002e0600000,0x00000002e0700000) (1024K)]
  0x000001b45ddbf250 JavaThread "Thread-3"                   daemon [_thread_in_native, id=5036, stack(0x00000002e0700000,0x00000002e0800000) (1024K)]
  0x000001b45ddc0c90 JavaThread "Thread-4"                   daemon [_thread_in_native, id=17444, stack(0x00000002e0800000,0x00000002e0900000) (1024K)]
  0x000001b45ddbebc0 JavaThread "Thread-5"                   daemon [_thread_in_native, id=17016, stack(0x00000002e0900000,0x00000002e0a00000) (1024K)]
  0x000001b45ddbe530 JavaThread "Thread-6"                   daemon [_thread_in_native, id=9472, stack(0x00000002e0a00000,0x00000002e0b00000) (1024K)]
  0x000001b45ddc19b0 JavaThread "Thread-7"                   daemon [_thread_in_native, id=16188, stack(0x00000002e0b00000,0x00000002e0c00000) (1024K)]
  0x000001b45ddc0600 JavaThread "Thread-8"                   daemon [_thread_in_native, id=19972, stack(0x00000002e0c00000,0x00000002e0d00000) (1024K)]
  0x000001b45ddaeba0 JavaThread "Thread-9"                   daemon [_thread_in_native, id=19796, stack(0x00000002e0d00000,0x00000002e0e00000) (1024K)]
  0x000001b45ddb05e0 JavaThread "pool-2-thread-1"                   [_thread_blocked, id=18084, stack(0x00000002e0e00000,0x00000002e0f00000) (1024K)]
  0x000001b45ddb4780 JavaThread "WorkspaceEventsHandler"            [_thread_blocked, id=18184, stack(0x00000002e0f00000,0x00000002e1000000) (1024K)]
  0x000001b45ddaf230 JavaThread "pool-1-thread-1"                   [_thread_in_vm, id=17576, stack(0x00000002e1000000,0x00000002e1100000) (1024K)]
Total: 32

Other Threads:
  0x000001b4162e2650 VMThread "VM Thread"                           [id=20340, stack(0x00000002dea00000,0x00000002deb00000) (1024K)]
  0x000001b47f3a6b50 WatcherThread "VM Periodic Task Thread"        [id=13972, stack(0x00000002de900000,0x00000002dea00000) (1024K)]
  0x000001b47f35b740 WorkerThread "GC Thread#0"                     [id=7324, stack(0x00000002de800000,0x00000002de900000) (1024K)]
  0x000001b45d420ad0 WorkerThread "GC Thread#1"                     [id=7316, stack(0x00000002df500000,0x00000002df600000) (1024K)]
  0x000001b45d620430 WorkerThread "GC Thread#2"                     [id=18224, stack(0x00000002df600000,0x00000002df700000) (1024K)]
  0x000001b45d620f10 WorkerThread "GC Thread#3"                     [id=12504, stack(0x00000002df700000,0x00000002df800000) (1024K)]
  0x000001b45d621650 WorkerThread "GC Thread#4"                     [id=5516, stack(0x00000002df800000,0x00000002df900000) (1024K)]
  0x000001b45d61fcf0 WorkerThread "GC Thread#5"                     [id=20008, stack(0x00000002df900000,0x00000002dfa00000) (1024K)]
  0x000001b45d6212b0 WorkerThread "GC Thread#6"                     [id=16936, stack(0x00000002dfa00000,0x00000002dfb00000) (1024K)]
  0x000001b45d620090 WorkerThread "GC Thread#7"                     [id=12424, stack(0x00000002dfe00000,0x00000002dff00000) (1024K)]
Total: 10

Threads with active compile tasks:
C2 CompilerThread0  49120 4415       4       jdk.internal.jrtfs.JrtFileSystem::lambda$iteratorOf$2 (20 bytes)
Total: 1

VM state: not at safepoint (normal execution)

VM Mutex/Monitor currently owned by a thread: None

Heap address: 0x0000000080000000, size: 2048 MB, Compressed Oops mode: 32-bit

CDS archive(s) mapped at: [0x000001b417000000-0x000001b417ba0000-0x000001b417ba0000), size 12189696, SharedBaseAddress: 0x000001b417000000, ArchiveRelocationMode: 1.
Compressed class space mapped at: 0x000001b418000000-0x000001b458000000, reserved size: 1073741824
Narrow klass base: 0x000001b417000000, Narrow klass shift: 0, Narrow klass range: 0x100000000

GC Precious Log:
 CardTable entry size: 512
 CPUs: 8 total, 8 available
 Memory: 3889M
 Large Page Support: Disabled
 NUMA Support: Disabled
 Compressed Oops: Enabled (32-bit)
 Alignments: Space 512K, Generation 512K, Heap 2M
 Heap Min Capacity: 100M
 Heap Initial Capacity: 100M
 Heap Max Capacity: 2G
 Pre-touch: Disabled
 Parallel Workers: 8

Heap:
 PSYoungGen      total 22016K, used 3325K [0x00000000d5580000, 0x00000000d6e80000, 0x0000000100000000)
  eden space 19968K, 8% used [0x00000000d5580000,0x00000000d57375d8,0x00000000d6900000)
  from space 2048K, 76% used [0x00000000d6c80000,0x00000000d6e08000,0x00000000d6e80000)
  to   space 2048K, 0% used [0x00000000d6a80000,0x00000000d6a80000,0x00000000d6c80000)
 ParOldGen       total 68608K, used 29960K [0x0000000080000000, 0x0000000084300000, 0x00000000d5580000)
  object space 68608K, 43% used [0x0000000080000000,0x0000000081d42190,0x0000000084300000)
 Metaspace       used 33422K, committed 34432K, reserved 1114112K
  class space    used 3393K, committed 3840K, reserved 1048576K

Card table byte_map: [0x000001b47ece0000,0x000001b47f0f0000] _byte_map_base: 0x000001b47e8e0000

Marking Bits: (ParMarkBitMap*) 0x00007ffc9da72460
 Begin Bits: [0x000001b412140000, 0x000001b414140000)
 End Bits:   [0x000001b414140000, 0x000001b416140000)

Polling page: 0x000001b47d1a0000

Metaspace:

Usage:
  Non-class:     29.32 MB used.
      Class:      3.31 MB used.
       Both:     32.64 MB used.

Virtual space:
  Non-class space:       64.00 MB reserved,      29.88 MB ( 47%) committed,  1 nodes.
      Class space:        1.00 GB reserved,       3.75 MB ( <1%) committed,  1 nodes.
             Both:        1.06 GB reserved,      33.63 MB (  3%) committed. 

Chunk freelists:
   Non-Class:  1.98 MB
       Class:  12.24 MB
        Both:  14.22 MB

MaxMetaspaceSize: unlimited
CompressedClassSpaceSize: 1.00 GB
Initial GC threshold: 21.00 MB
Current GC threshold: 35.00 MB
CDS: on
 - commit_granule_bytes: 65536.
 - commit_granule_words: 8192.
 - virtual_space_node_default_size: 8388608.
 - enlarge_chunks_in_place: 1.
 - use_allocation_guard: 0.


Internal statistics:

num_allocs_failed_limit: 3.
num_arena_births: 662.
num_arena_deaths: 14.
num_vsnodes_births: 2.
num_vsnodes_deaths: 0.
num_space_committed: 538.
num_space_uncommitted: 0.
num_chunks_returned_to_freelist: 17.
num_chunks_taken_from_freelist: 1976.
num_chunk_merges: 9.
num_chunk_splits: 1276.
num_chunks_enlarged: 832.
num_inconsistent_stats: 0.

CodeHeap 'non-profiled nmethods': size=120000Kb used=2215Kb max_used=2215Kb free=117784Kb
 bounds [0x000001b40ac10000, 0x000001b40ae80000, 0x000001b412140000]
CodeHeap 'profiled nmethods': size=120000Kb used=8782Kb max_used=8782Kb free=111217Kb
 bounds [0x000001b403140000, 0x000001b4039e0000, 0x000001b40a670000]
CodeHeap 'non-nmethods': size=5760Kb used=1358Kb max_used=1394Kb free=4401Kb
 bounds [0x000001b40a670000, 0x000001b40a8e0000, 0x000001b40ac10000]
CodeCache: size=245760Kb, used=12355Kb, max_used=12391Kb, free=233402Kb
 total_blobs=5199, nmethods=4546, adapters=559, full_count=0
Compilation: enabled, stopped_count=0, restarted_count=0

Compilation events (20 events):
Event: 48.836 Thread 0x000001b45d03bf10 4576       2       org.eclipse.jdt.internal.compiler.problem.DefaultProblemFactory::keyFromID (4 bytes)
Event: 48.836 Thread 0x000001b45d03bf10 nmethod 4576 0x000001b4039d1a10 code [0x000001b4039d1ba0, 0x000001b4039d1c88]
Event: 48.918 Thread 0x000001b416304330 nmethod 4480 0x000001b40ae30c10 code [0x000001b40ae310c0, 0x000001b40ae33ec8]
Event: 48.919 Thread 0x000001b416304330 4484       4       jdk.internal.jrtfs.JrtPath::subpath (129 bytes)
Event: 48.952 Thread 0x000001b45d03bf10 4578       2       java.net.URI::toString (60 bytes)
Event: 48.953 Thread 0x000001b45d03bf10 nmethod 4578 0x000001b4039d1d10 code [0x000001b4039d1f00, 0x000001b4039d2290]
Event: 48.953 Thread 0x000001b45d03bf10 4579       2       java.net.URI::appendFragment (27 bytes)
Event: 48.953 Thread 0x000001b45d03bf10 nmethod 4579 0x000001b4039d2510 code [0x000001b4039d26e0, 0x000001b4039d2890]
Event: 48.953 Thread 0x000001b45d03bf10 4580       2       java.net.URI::checkPath (38 bytes)
Event: 48.954 Thread 0x000001b45d03bf10 nmethod 4580 0x000001b4039d2990 code [0x000001b4039d2b60, 0x000001b4039d2e38]
Event: 48.954 Thread 0x000001b45d03bf10 4581       2       org.lombokweb.asm.ByteVector::enlarge (73 bytes)
Event: 48.954 Thread 0x000001b45d03bf10 nmethod 4581 0x000001b4039d3090 code [0x000001b4039d3260, 0x000001b4039d35b8]
Event: 48.995 Thread 0x000001b416304330 nmethod 4484 0x000001b40ae35e90 code [0x000001b40ae36180, 0x000001b40ae37c28]
Event: 48.995 Thread 0x000001b416304330 4485       4       jdk.internal.jrtfs.JrtPath::subpath (7 bytes)
Event: 48.996 Thread 0x000001b416304330 nmethod 4485 0x000001b40ae38d10 code [0x000001b40ae38ea0, 0x000001b40ae38f50]
Event: 48.996 Thread 0x000001b416304330 4517       4       java.util.ArrayList::equals (62 bytes)
Event: 48.999 Thread 0x000001b416304330 nmethod 4517 0x000001b40ae39010 code [0x000001b40ae391c0, 0x000001b40ae393a8]
Event: 48.999 Thread 0x000001b416304330 4518       4       java.util.ArrayList::hashCode (22 bytes)
Event: 49.005 Thread 0x000001b416304330 nmethod 4518 0x000001b40ae39590 code [0x000001b40ae39740, 0x000001b40ae39a50]
Event: 49.006 Thread 0x000001b416304330 4415       4       jdk.internal.jrtfs.JrtFileSystem::lambda$iteratorOf$2 (20 bytes)

GC Heap History (20 events):
Event: 44.337 GC heap before
{Heap before GC invocations=8 (full 1):
 PSYoungGen      total 29696K, used 25088K [0x00000000d5580000, 0x00000000d7900000, 0x0000000100000000)
  eden space 25088K, 100% used [0x00000000d5580000,0x00000000d6e00000,0x00000000d6e00000)
  from space 4608K, 0% used [0x00000000d7480000,0x00000000d7480000,0x00000000d7900000)
  to   space 5120K, 0% used [0x00000000d6f00000,0x00000000d6f00000,0x00000000d7400000)
 ParOldGen       total 68608K, used 12348K [0x0000000080000000, 0x0000000084300000, 0x00000000d5580000)
  object space 68608K, 17% used [0x0000000080000000,0x0000000080c0f2a8,0x0000000084300000)
 Metaspace       used 23102K, committed 23808K, reserved 1114112K
  class space    used 2245K, committed 2560K, reserved 1048576K
}
Event: 44.340 GC heap after
{Heap after GC invocations=8 (full 1):
 PSYoungGen      total 27648K, used 2599K [0x00000000d5580000, 0x00000000d7500000, 0x0000000100000000)
  eden space 24576K, 0% used [0x00000000d5580000,0x00000000d5580000,0x00000000d6d80000)
  from space 3072K, 84% used [0x00000000d6f00000,0x00000000d7189fb8,0x00000000d7200000)
  to   space 3072K, 0% used [0x00000000d7200000,0x00000000d7200000,0x00000000d7500000)
 ParOldGen       total 68608K, used 12356K [0x0000000080000000, 0x0000000084300000, 0x00000000d5580000)
  object space 68608K, 18% used [0x0000000080000000,0x0000000080c112a8,0x0000000084300000)
 Metaspace       used 23102K, committed 23808K, reserved 1114112K
  class space    used 2245K, committed 2560K, reserved 1048576K
}
Event: 45.191 GC heap before
{Heap before GC invocations=9 (full 1):
 PSYoungGen      total 27648K, used 27175K [0x00000000d5580000, 0x00000000d7500000, 0x0000000100000000)
  eden space 24576K, 100% used [0x00000000d5580000,0x00000000d6d80000,0x00000000d6d80000)
  from space 3072K, 84% used [0x00000000d6f00000,0x00000000d7189fb8,0x00000000d7200000)
  to   space 3072K, 0% used [0x00000000d7200000,0x00000000d7200000,0x00000000d7500000)
 ParOldGen       total 68608K, used 12356K [0x0000000080000000, 0x0000000084300000, 0x00000000d5580000)
  object space 68608K, 18% used [0x0000000080000000,0x0000000080c112a8,0x0000000084300000)
 Metaspace       used 26397K, committed 27264K, reserved 1114112K
  class space    used 2599K, committed 2944K, reserved 1048576K
}
Event: 45.197 GC heap after
{Heap after GC invocations=9 (full 1):
 PSYoungGen      total 27136K, used 2798K [0x00000000d5580000, 0x00000000d7500000, 0x0000000100000000)
  eden space 24064K, 0% used [0x00000000d5580000,0x00000000d5580000,0x00000000d6d00000)
  from space 3072K, 91% used [0x00000000d7200000,0x00000000d74bb960,0x00000000d7500000)
  to   space 3072K, 0% used [0x00000000d6f00000,0x00000000d6f00000,0x00000000d7200000)
 ParOldGen       total 68608K, used 13927K [0x0000000080000000, 0x0000000084300000, 0x00000000d5580000)
  object space 68608K, 20% used [0x0000000080000000,0x0000000080d99cc8,0x0000000084300000)
 Metaspace       used 26397K, committed 27264K, reserved 1114112K
  class space    used 2599K, committed 2944K, reserved 1048576K
}
Event: 45.683 GC heap before
{Heap before GC invocations=10 (full 1):
 PSYoungGen      total 27136K, used 26862K [0x00000000d5580000, 0x00000000d7500000, 0x0000000100000000)
  eden space 24064K, 100% used [0x00000000d5580000,0x00000000d6d00000,0x00000000d6d00000)
  from space 3072K, 91% used [0x00000000d7200000,0x00000000d74bb960,0x00000000d7500000)
  to   space 3072K, 0% used [0x00000000d6f00000,0x00000000d6f00000,0x00000000d7200000)
 ParOldGen       total 68608K, used 13927K [0x0000000080000000, 0x0000000084300000, 0x00000000d5580000)
  object space 68608K, 20% used [0x0000000080000000,0x0000000080d99cc8,0x0000000084300000)
 Metaspace       used 28692K, committed 29568K, reserved 1114112K
  class space    used 2870K, committed 3264K, reserved 1048576K
}
Event: 45.687 GC heap after
{Heap after GC invocations=10 (full 1):
 PSYoungGen      total 26624K, used 3062K [0x00000000d5580000, 0x00000000d7380000, 0x0000000100000000)
  eden space 23552K, 0% used [0x00000000d5580000,0x00000000d5580000,0x00000000d6c80000)
  from space 3072K, 99% used [0x00000000d6f00000,0x00000000d71fd820,0x00000000d7200000)
  to   space 1536K, 0% used [0x00000000d7200000,0x00000000d7200000,0x00000000d7380000)
 ParOldGen       total 68608K, used 14111K [0x0000000080000000, 0x0000000084300000, 0x00000000d5580000)
  object space 68608K, 20% used [0x0000000080000000,0x0000000080dc7ce8,0x0000000084300000)
 Metaspace       used 28692K, committed 29568K, reserved 1114112K
  class space    used 2870K, committed 3264K, reserved 1048576K
}
Event: 46.509 GC heap before
{Heap before GC invocations=11 (full 1):
 PSYoungGen      total 26624K, used 26613K [0x00000000d5580000, 0x00000000d7380000, 0x0000000100000000)
  eden space 23552K, 99% used [0x00000000d5580000,0x00000000d6c7fd28,0x00000000d6c80000)
  from space 3072K, 99% used [0x00000000d6f00000,0x00000000d71fd820,0x00000000d7200000)
  to   space 1536K, 0% used [0x00000000d7200000,0x00000000d7200000,0x00000000d7380000)
 ParOldGen       total 68608K, used 14111K [0x0000000080000000, 0x0000000084300000, 0x00000000d5580000)
  object space 68608K, 20% used [0x0000000080000000,0x0000000080dc7ce8,0x0000000084300000)
 Metaspace       used 30948K, committed 31808K, reserved 1114112K
  class space    used 3105K, committed 3456K, reserved 1048576K
}
Event: 46.515 GC heap after
{Heap after GC invocations=11 (full 1):
 PSYoungGen      total 24576K, used 1518K [0x00000000d5580000, 0x00000000d7500000, 0x0000000100000000)
  eden space 23040K, 0% used [0x00000000d5580000,0x00000000d5580000,0x00000000d6c00000)
  from space 1536K, 98% used [0x00000000d7200000,0x00000000d737b848,0x00000000d7380000)
  to   space 4608K, 0% used [0x00000000d6c00000,0x00000000d6c00000,0x00000000d7080000)
 ParOldGen       total 68608K, used 16936K [0x0000000080000000, 0x0000000084300000, 0x00000000d5580000)
  object space 68608K, 24% used [0x0000000080000000,0x000000008108a150,0x0000000084300000)
 Metaspace       used 30948K, committed 31808K, reserved 1114112K
  class space    used 3105K, committed 3456K, reserved 1048576K
}
Event: 47.010 GC heap before
{Heap before GC invocations=12 (full 1):
 PSYoungGen      total 24576K, used 24558K [0x00000000d5580000, 0x00000000d7500000, 0x0000000100000000)
  eden space 23040K, 100% used [0x00000000d5580000,0x00000000d6c00000,0x00000000d6c00000)
  from space 1536K, 98% used [0x00000000d7200000,0x00000000d737b848,0x00000000d7380000)
  to   space 4608K, 0% used [0x00000000d6c00000,0x00000000d6c00000,0x00000000d7080000)
 ParOldGen       total 68608K, used 16936K [0x0000000080000000, 0x0000000084300000, 0x00000000d5580000)
  object space 68608K, 24% used [0x0000000080000000,0x000000008108a150,0x0000000084300000)
 Metaspace       used 31797K, committed 32768K, reserved 1114112K
  class space    used 3184K, committed 3584K, reserved 1048576K
}
Event: 47.014 GC heap after
{Heap after GC invocations=12 (full 1):
 PSYoungGen      total 25088K, used 2432K [0x00000000d5580000, 0x00000000d7280000, 0x0000000100000000)
  eden space 22528K, 0% used [0x00000000d5580000,0x00000000d5580000,0x00000000d6b80000)
  from space 2560K, 95% used [0x00000000d6c00000,0x00000000d6e60010,0x00000000d6e80000)
  to   space 3584K, 0% used [0x00000000d6f00000,0x00000000d6f00000,0x00000000d7280000)
 ParOldGen       total 68608K, used 18428K [0x0000000080000000, 0x0000000084300000, 0x00000000d5580000)
  object space 68608K, 26% used [0x0000000080000000,0x00000000811ff150,0x0000000084300000)
 Metaspace       used 31797K, committed 32768K, reserved 1114112K
  class space    used 3184K, committed 3584K, reserved 1048576K
}
Event: 47.271 GC heap before
{Heap before GC invocations=13 (full 1):
 PSYoungGen      total 25088K, used 24960K [0x00000000d5580000, 0x00000000d7280000, 0x0000000100000000)
  eden space 22528K, 100% used [0x00000000d5580000,0x00000000d6b80000,0x00000000d6b80000)
  from space 2560K, 95% used [0x00000000d6c00000,0x00000000d6e60010,0x00000000d6e80000)
  to   space 3584K, 0% used [0x00000000d6f00000,0x00000000d6f00000,0x00000000d7280000)
 ParOldGen       total 68608K, used 18428K [0x0000000080000000, 0x0000000084300000, 0x00000000d5580000)
  object space 68608K, 26% used [0x0000000080000000,0x00000000811ff150,0x0000000084300000)
 Metaspace       used 32170K, committed 33088K, reserved 1114112K
  class space    used 3241K, committed 3648K, reserved 1048576K
}
Event: 47.277 GC heap after
{Heap after GC invocations=13 (full 1):
 PSYoungGen      total 25088K, used 2705K [0x00000000d5580000, 0x00000000d7200000, 0x0000000100000000)
  eden space 22016K, 0% used [0x00000000d5580000,0x00000000d5580000,0x00000000d6b00000)
  from space 3072K, 88% used [0x00000000d6f00000,0x00000000d71a4420,0x00000000d7200000)
  to   space 3072K, 0% used [0x00000000d6c00000,0x00000000d6c00000,0x00000000d6f00000)
 ParOldGen       total 68608K, used 20665K [0x0000000080000000, 0x0000000084300000, 0x00000000d5580000)
  object space 68608K, 30% used [0x0000000080000000,0x000000008142e4b8,0x0000000084300000)
 Metaspace       used 32170K, committed 33088K, reserved 1114112K
  class space    used 3241K, committed 3648K, reserved 1048576K
}
Event: 47.522 GC heap before
{Heap before GC invocations=14 (full 1):
 PSYoungGen      total 25088K, used 24721K [0x00000000d5580000, 0x00000000d7200000, 0x0000000100000000)
  eden space 22016K, 100% used [0x00000000d5580000,0x00000000d6b00000,0x00000000d6b00000)
  from space 3072K, 88% used [0x00000000d6f00000,0x00000000d71a4420,0x00000000d7200000)
  to   space 3072K, 0% used [0x00000000d6c00000,0x00000000d6c00000,0x00000000d6f00000)
 ParOldGen       total 68608K, used 20665K [0x0000000080000000, 0x0000000084300000, 0x00000000d5580000)
  object space 68608K, 30% used [0x0000000080000000,0x000000008142e4b8,0x0000000084300000)
 Metaspace       used 32191K, committed 33088K, reserved 1114112K
  class space    used 3241K, committed 3648K, reserved 1048576K
}
Event: 47.532 GC heap after
{Heap after GC invocations=14 (full 1):
 PSYoungGen      total 24576K, used 2498K [0x00000000d5580000, 0x00000000d7100000, 0x0000000100000000)
  eden space 22016K, 0% used [0x00000000d5580000,0x00000000d5580000,0x00000000d6b00000)
  from space 2560K, 97% used [0x00000000d6c00000,0x00000000d6e70800,0x00000000d6e80000)
  to   space 2560K, 0% used [0x00000000d6e80000,0x00000000d6e80000,0x00000000d7100000)
 ParOldGen       total 68608K, used 23188K [0x0000000080000000, 0x0000000084300000, 0x00000000d5580000)
  object space 68608K, 33% used [0x0000000080000000,0x00000000816a51a8,0x0000000084300000)
 Metaspace       used 32191K, committed 33088K, reserved 1114112K
  class space    used 3241K, committed 3648K, reserved 1048576K
}
Event: 47.814 GC heap before
{Heap before GC invocations=15 (full 1):
 PSYoungGen      total 24576K, used 24514K [0x00000000d5580000, 0x00000000d7100000, 0x0000000100000000)
  eden space 22016K, 100% used [0x00000000d5580000,0x00000000d6b00000,0x00000000d6b00000)
  from space 2560K, 97% used [0x00000000d6c00000,0x00000000d6e70800,0x00000000d6e80000)
  to   space 2560K, 0% used [0x00000000d6e80000,0x00000000d6e80000,0x00000000d7100000)
 ParOldGen       total 68608K, used 23188K [0x0000000080000000, 0x0000000084300000, 0x00000000d5580000)
  object space 68608K, 33% used [0x0000000080000000,0x00000000816a51a8,0x0000000084300000)
 Metaspace       used 32199K, committed 33088K, reserved 1114112K
  class space    used 3241K, committed 3648K, reserved 1048576K
}
Event: 47.823 GC heap after
{Heap after GC invocations=15 (full 1):
 PSYoungGen      total 22528K, used 2532K [0x00000000d5580000, 0x00000000d7600000, 0x0000000100000000)
  eden space 19968K, 0% used [0x00000000d5580000,0x00000000d5580000,0x00000000d6900000)
  from space 2560K, 98% used [0x00000000d6e80000,0x00000000d70f9000,0x00000000d7100000)
  to   space 5632K, 0% used [0x00000000d6900000,0x00000000d6900000,0x00000000d6e80000)
 ParOldGen       total 68608K, used 25402K [0x0000000080000000, 0x0000000084300000, 0x00000000d5580000)
  object space 68608K, 37% used [0x0000000080000000,0x00000000818ceb58,0x0000000084300000)
 Metaspace       used 32199K, committed 33088K, reserved 1114112K
  class space    used 3241K, committed 3648K, reserved 1048576K
}
Event: 48.134 GC heap before
{Heap before GC invocations=16 (full 1):
 PSYoungGen      total 22528K, used 22500K [0x00000000d5580000, 0x00000000d7600000, 0x0000000100000000)
  eden space 19968K, 100% used [0x00000000d5580000,0x00000000d6900000,0x00000000d6900000)
  from space 2560K, 98% used [0x00000000d6e80000,0x00000000d70f9000,0x00000000d7100000)
  to   space 5632K, 0% used [0x00000000d6900000,0x00000000d6900000,0x00000000d6e80000)
 ParOldGen       total 68608K, used 25402K [0x0000000080000000, 0x0000000084300000, 0x00000000d5580000)
  object space 68608K, 37% used [0x0000000080000000,0x00000000818ceb58,0x0000000084300000)
 Metaspace       used 32231K, committed 33152K, reserved 1114112K
  class space    used 3242K, committed 3648K, reserved 1048576K
}
Event: 48.140 GC heap after
{Heap after GC invocations=16 (full 1):
 PSYoungGen      total 22528K, used 2272K [0x00000000d5580000, 0x00000000d7000000, 0x0000000100000000)
  eden space 19968K, 0% used [0x00000000d5580000,0x00000000d5580000,0x00000000d6900000)
  from space 2560K, 88% used [0x00000000d6900000,0x00000000d6b38010,0x00000000d6b80000)
  to   space 3584K, 0% used [0x00000000d6c80000,0x00000000d6c80000,0x00000000d7000000)
 ParOldGen       total 68608K, used 27824K [0x0000000080000000, 0x0000000084300000, 0x00000000d5580000)
  object space 68608K, 40% used [0x0000000080000000,0x0000000081b2c180,0x0000000084300000)
 Metaspace       used 32231K, committed 33152K, reserved 1114112K
  class space    used 3242K, committed 3648K, reserved 1048576K
}
Event: 48.974 GC heap before
{Heap before GC invocations=17 (full 1):
 PSYoungGen      total 22528K, used 22240K [0x00000000d5580000, 0x00000000d7000000, 0x0000000100000000)
  eden space 19968K, 100% used [0x00000000d5580000,0x00000000d6900000,0x00000000d6900000)
  from space 2560K, 88% used [0x00000000d6900000,0x00000000d6b38010,0x00000000d6b80000)
  to   space 3584K, 0% used [0x00000000d6c80000,0x00000000d6c80000,0x00000000d7000000)
 ParOldGen       total 68608K, used 27824K [0x0000000080000000, 0x0000000084300000, 0x00000000d5580000)
  object space 68608K, 40% used [0x0000000080000000,0x0000000081b2c180,0x0000000084300000)
 Metaspace       used 33055K, committed 34048K, reserved 1114112K
  class space    used 3349K, committed 3776K, reserved 1048576K
}
Event: 48.978 GC heap after
{Heap after GC invocations=17 (full 1):
 PSYoungGen      total 22016K, used 1568K [0x00000000d5580000, 0x00000000d6e80000, 0x0000000100000000)
  eden space 19968K, 0% used [0x00000000d5580000,0x00000000d5580000,0x00000000d6900000)
  from space 2048K, 76% used [0x00000000d6c80000,0x00000000d6e08000,0x00000000d6e80000)
  to   space 2048K, 0% used [0x00000000d6a80000,0x00000000d6a80000,0x00000000d6c80000)
 ParOldGen       total 68608K, used 29960K [0x0000000080000000, 0x0000000084300000, 0x00000000d5580000)
  object space 68608K, 43% used [0x0000000080000000,0x0000000081d42190,0x0000000084300000)
 Metaspace       used 33055K, committed 34048K, reserved 1114112K
  class space    used 3349K, committed 3776K, reserved 1048576K
}

Dll operation events (10 events):
Event: 0.734 Loaded shared library c:\Users\Administrator\.antigravity\extensions\redhat.java-1.51.0-win32-x64\jre\21.0.9-win32-x86_64\bin\java.dll
Event: 1.122 Loaded shared library c:\Users\Administrator\.antigravity\extensions\redhat.java-1.51.0-win32-x64\jre\21.0.9-win32-x86_64\bin\zip.dll
Event: 1.175 Loaded shared library C:\Users\Administrator\.antigravity\extensions\redhat.java-1.51.0-win32-x64\jre\21.0.9-win32-x86_64\bin\instrument.dll
Event: 1.304 Loaded shared library C:\Users\Administrator\.antigravity\extensions\redhat.java-1.51.0-win32-x64\jre\21.0.9-win32-x86_64\bin\net.dll
Event: 1.424 Loaded shared library C:\Users\Administrator\.antigravity\extensions\redhat.java-1.51.0-win32-x64\jre\21.0.9-win32-x86_64\bin\nio.dll
Event: 1.432 Loaded shared library C:\Users\Administrator\.antigravity\extensions\redhat.java-1.51.0-win32-x64\jre\21.0.9-win32-x86_64\bin\zip.dll
Event: 1.479 Loaded shared library C:\Users\Administrator\.antigravity\extensions\redhat.java-1.51.0-win32-x64\jre\21.0.9-win32-x86_64\bin\jimage.dll
Event: 1.787 Loaded shared library c:\Users\Administrator\.antigravity\extensions\redhat.java-1.51.0-win32-x64\jre\21.0.9-win32-x86_64\bin\verify.dll
Event: 37.363 Loaded shared library C:\Users\Administrator\AppData\Roaming\Antigravity\User\globalStorage\redhat.java\1.51.0\config_ss_win\org.eclipse.equinox.launcher\org.eclipse.equinox.launcher.win32.win32.x86_64_1.2.1400.v20250801-0854\eclipse_11916.dll
Event: 42.050 Loaded shared library C:\Users\Administrator\AppData\Local\Temp\jna-146731693\jna6019633150412151197.dll

Deoptimization events (20 events):
Event: 48.323 Thread 0x000001b45ddaf230 Uncommon trap: trap_request=0xffffff45 fr.pc=0x000001b40adc61f0 relative=0x0000000000000870
Event: 48.323 Thread 0x000001b45ddaf230 Uncommon trap: reason=unstable_if action=reinterpret pc=0x000001b40adc61f0 method=org.eclipse.core.internal.dtree.DeltaDataTree.lookup(Lorg/eclipse/core/runtime/IPath;)Lorg/eclipse/core/internal/dtree/DataTreeLookup; @ 136 c2
Event: 48.323 Thread 0x000001b45ddaf230 DEOPT PACKING pc=0x000001b40adc61f0 sp=0x00000002e10fdd30
Event: 48.323 Thread 0x000001b45ddaf230 DEOPT UNPACKING pc=0x000001b40a6c3aa2 sp=0x00000002e10fdcd8 mode 2
Event: 48.324 Thread 0x000001b45ddaf230 Uncommon trap: trap_request=0xffffffde fr.pc=0x000001b40ad731ec relative=0x00000000000007ac
Event: 48.324 Thread 0x000001b45ddaf230 Uncommon trap: reason=class_check action=maybe_recompile pc=0x000001b40ad731ec method=java.util.HashMap.putVal(ILjava/lang/Object;Ljava/lang/Object;ZZ)Ljava/lang/Object; @ 203 c2
Event: 48.324 Thread 0x000001b45ddaf230 DEOPT PACKING pc=0x000001b40ad731ec sp=0x00000002e10fe2d0
Event: 48.324 Thread 0x000001b45ddaf230 DEOPT UNPACKING pc=0x000001b40a6c3aa2 sp=0x00000002e10fe240 mode 2
Event: 48.797 Thread 0x000001b45ddaf230 Uncommon trap: trap_request=0xffffff45 fr.pc=0x000001b40ad888c4 relative=0x0000000000001164
Event: 48.797 Thread 0x000001b45ddaf230 Uncommon trap: reason=unstable_if action=reinterpret pc=0x000001b40ad888c4 method=java.util.Properties$LineReader.readLine()I @ 325 c2
Event: 48.797 Thread 0x000001b45ddaf230 DEOPT PACKING pc=0x000001b40ad888c4 sp=0x00000002e10fd9b0
Event: 48.797 Thread 0x000001b45ddaf230 DEOPT UNPACKING pc=0x000001b40a6c3aa2 sp=0x00000002e10fd948 mode 2
Event: 48.797 Thread 0x000001b45ddaf230 Uncommon trap: trap_request=0xffffff45 fr.pc=0x000001b40acf0154 relative=0x0000000000001114
Event: 48.797 Thread 0x000001b45ddaf230 Uncommon trap: reason=unstable_if action=reinterpret pc=0x000001b40acf0154 method=java.util.Properties$LineReader.readLine()I @ 325 c2
Event: 48.797 Thread 0x000001b45ddaf230 DEOPT PACKING pc=0x000001b40acf0154 sp=0x00000002e10fd9b0
Event: 48.797 Thread 0x000001b45ddaf230 DEOPT UNPACKING pc=0x000001b40a6c3aa2 sp=0x00000002e10fd948 mode 2
Event: 48.797 Thread 0x000001b45ddaf230 Uncommon trap: trap_request=0xffffff45 fr.pc=0x000001b40acf89f0 relative=0x0000000000001170
Event: 48.797 Thread 0x000001b45ddaf230 Uncommon trap: reason=unstable_if action=reinterpret pc=0x000001b40acf89f0 method=java.util.Properties$LineReader.readLine()I @ 325 c2
Event: 48.797 Thread 0x000001b45ddaf230 DEOPT PACKING pc=0x000001b40acf89f0 sp=0x00000002e10fd9b0
Event: 48.797 Thread 0x000001b45ddaf230 DEOPT UNPACKING pc=0x000001b40a6c3aa2 sp=0x00000002e10fd948 mode 2

Classes loaded (20 events):
Event: 46.819 Loading class java/lang/runtime/ObjectMethods
Event: 46.820 Loading class java/lang/runtime/ObjectMethods done
Event: 46.828 Loading class java/lang/invoke/MethodHandleImpl$Makers
Event: 46.828 Loading class java/lang/invoke/MethodHandleImpl$Makers done
Event: 46.828 Loading class java/lang/invoke/MethodHandleImpl$Makers$1
Event: 46.829 Loading class java/lang/invoke/MethodHandleImpl$Makers$1 done
Event: 46.831 Loading class java/lang/invoke/MethodHandleImpl$Makers$2
Event: 46.833 Loading class java/lang/invoke/MethodHandleImpl$Makers$2 done
Event: 46.833 Loading class java/lang/invoke/MethodHandleImpl$Makers$3
Event: 46.833 Loading class java/lang/invoke/MethodHandleImpl$Makers$3 done
Event: 46.842 Loading class java/lang/runtime/ObjectMethods$1
Event: 46.842 Loading class java/lang/runtime/ObjectMethods$1 done
Event: 47.108 Loading class java/util/AbstractList$ListItr
Event: 47.109 Loading class java/util/AbstractList$ListItr done
Event: 47.135 Loading class java/nio/channels/Channels$ReadableByteChannelImpl
Event: 47.136 Loading class java/nio/channels/Channels$ReadableByteChannelImpl done
Event: 47.137 Loading class java/nio/channels/NonWritableChannelException
Event: 47.137 Loading class java/nio/channels/NonWritableChannelException done
Event: 48.836 Loading class java/lang/ExceptionInInitializerError
Event: 48.839 Loading class java/lang/ExceptionInInitializerError done

Classes unloaded (7 events):
Event: 43.679 Thread 0x000001b4162e2650 Unloading class 0x000001b418191400 'java/lang/invoke/LambdaForm$MH+0x000001b418191400'
Event: 43.680 Thread 0x000001b4162e2650 Unloading class 0x000001b418191000 'java/lang/invoke/LambdaForm$MH+0x000001b418191000'
Event: 43.680 Thread 0x000001b4162e2650 Unloading class 0x000001b418190c00 'java/lang/invoke/LambdaForm$MH+0x000001b418190c00'
Event: 43.680 Thread 0x000001b4162e2650 Unloading class 0x000001b418190800 'java/lang/invoke/LambdaForm$MH+0x000001b418190800'
Event: 43.680 Thread 0x000001b4162e2650 Unloading class 0x000001b418190400 'java/lang/invoke/LambdaForm$BMH+0x000001b418190400'
Event: 43.680 Thread 0x000001b4162e2650 Unloading class 0x000001b418190000 'java/lang/invoke/LambdaForm$DMH+0x000001b418190000'
Event: 43.680 Thread 0x000001b4162e2650 Unloading class 0x000001b41818ec00 'java/lang/invoke/LambdaForm$DMH+0x000001b41818ec00'

Classes redefined (0 events):
No events

Internal exceptions (20 events):
Event: 45.700 Thread 0x000001b45d5b98d0 Exception <a 'java/io/FileNotFoundException'{0x00000000d55f12c0}> (0x00000000d55f12c0) 
thrown [s\src\hotspot\share\prims\jni.cpp, line 520]
Event: 45.702 Thread 0x000001b45d5b98d0 Exception <a 'java/lang/NoSuchMethodError'{0x00000000d56268a0}: 'java.lang.Object java.lang.invoke.DirectMethodHandle$Holder.newInvokeSpecial(java.lang.Object, java.lang.Object, java.lang.Object, int)'> (0x00000000d56268a0) 
thrown [s\src\hotspot\share\interpreter\linkResolver.cpp, line 773]
Event: 45.703 Thread 0x000001b45d5b98d0 Exception <a 'java/lang/NoSuchMethodError'{0x00000000d562a478}: 'java.lang.Object java.lang.invoke.DirectMethodHandle$Holder.invokeSpecial(java.lang.Object, java.lang.Object, java.lang.Object, java.lang.Object, int)'> (0x00000000d562a478) 
thrown [s\src\hotspot\share\interpreter\linkResolver.cpp, line 773]
Event: 45.703 Thread 0x000001b45d5b98d0 Exception <a 'java/lang/NoSuchMethodError'{0x00000000d562d910}: 'java.lang.Object java.lang.invoke.Invokers$Holder.linkToTargetMethod(java.lang.Object, java.lang.Object, int, java.lang.Object)'> (0x00000000d562d910) 
thrown [s\src\hotspot\share\interpreter\linkResolver.cpp, line 773]
Event: 45.708 Thread 0x000001b45d5b98d0 Exception <a 'java/lang/NoSuchMethodError'{0x00000000d5638f88}: 'void java.lang.invoke.DirectMethodHandle$Holder.invokeStaticInit(java.lang.Object, java.lang.Object, java.lang.Object)'> (0x00000000d5638f88) 
thrown [s\src\hotspot\share\interpreter\linkResolver.cpp, line 773]
Event: 45.985 Thread 0x000001b45ddaf230 Exception <a 'java/lang/NoSuchMethodError'{0x00000000d603ba18}: 'java.lang.Object java.lang.invoke.DirectMethodHandle$Holder.invokeInterface(java.lang.Object, java.lang.Object, java.lang.Object)'> (0x00000000d603ba18) 
thrown [s\src\hotspot\share\interpreter\linkResolver.cpp, line 773]
Event: 46.017 Thread 0x000001b45ddaf230 Exception <a 'java/io/FileNotFoundException'{0x00000000d60d3780}> (0x00000000d60d3780) 
thrown [s\src\hotspot\share\prims\jni.cpp, line 520]
Event: 46.116 Thread 0x000001b45ddaf230 Exception <a 'sun/nio/fs/WindowsException'{0x00000000d66ab040}> (0x00000000d66ab040) 
thrown [s\src\hotspot\share\prims\jni.cpp, line 520]
Event: 46.240 Thread 0x000001b45ddaf230 Exception <a 'java/lang/IncompatibleClassChangeError'{0x00000000d69a0d30}: Found class java.lang.Object, but interface was expected> (0x00000000d69a0d30) 
thrown [s\src\hotspot\share\interpreter\linkResolver.cpp, line 840]
Event: 46.611 Thread 0x000001b45ddaf230 Exception <a 'java/lang/NoSuchMethodError'{0x00000000d5727df8}: 'long java.lang.invoke.DirectMethodHandle$Holder.invokeStatic(java.lang.Object, java.lang.Object, int)'> (0x00000000d5727df8) 
thrown [s\src\hotspot\share\interpreter\linkResolver.cpp, line 773]
Event: 46.614 Thread 0x000001b45ddaf230 Exception <a 'java/lang/NoSuchMethodError'{0x00000000d5732640}: 'java.lang.Object java.lang.invoke.DelegatingMethodHandle$Holder.reinvoke_L(java.lang.Object, int, long, java.lang.Object, java.lang.Object, int, java.lang.Object)'> (0x00000000d5732640) 
thrown [s\src\hotspot\share\interpreter\linkResolver.cpp, line 773]
Event: 46.821 Thread 0x000001b45ddaf230 Exception <a 'java/lang/NoSuchMethodError'{0x00000000d5cc1460}: 'java.lang.Object java.lang.invoke.DirectMethodHandle$Holder.invokeStaticInit(java.lang.Object, java.lang.Object, java.lang.Object, java.lang.Object, java.lang.Object, java.lang.Object, java.lang.Object)'> (0x00000000d5cc1460) 
thrown [s\src\hotspot\share\interpreter\linkResolver.cpp, line 773]
Event: 46.823 Thread 0x000001b45ddaf230 Exception <a 'java/lang/NoSuchMethodError'{0x00000000d5cc6418}: 'java.lang.Object java.lang.invoke.Invokers$Holder.invoke_MT(java.lang.Object, java.lang.Object, java.lang.Object, java.lang.Object, java.lang.Object, java.lang.Object, java.lang.Object, java.lang.Object, java.lang.Object, java.lang.Object)'> (0x00000000d5cc6418) 
thrown [s\src\hotspot\share\interpreter\linkResolver.cpp, line 773]
Event: 46.843 Thread 0x000001b45ddaf230 Exception <a 'java/lang/NoSuchMethodError'{0x00000000d5d063f0}: 'int java.lang.invoke.DirectMethodHandle$Holder.invokeVirtual(java.lang.Object, java.lang.Object, java.lang.Object)'> (0x00000000d5d063f0) 
thrown [s\src\hotspot\share\interpreter\linkResolver.cpp, line 773]
Event: 46.844 Thread 0x000001b45ddaf230 Exception <a 'java/lang/NoSuchMethodError'{0x00000000d5d0a798}: 'int java.lang.invoke.DirectMethodHandle$Holder.invokeStaticInit(java.lang.Object, int, int)'> (0x00000000d5d0a798) 
thrown [s\src\hotspot\share\interpreter\linkResolver.cpp, line 773]
Event: 46.846 Thread 0x000001b45ddaf230 Exception <a 'java/lang/NoSuchMethodError'{0x00000000d5d11f40}: 'int java.lang.invoke.DirectMethodHandle$Holder.invokeStaticInit(java.lang.Object, long, long)'> (0x00000000d5d11f40) 
thrown [s\src\hotspot\share\interpreter\linkResolver.cpp, line 773]
Event: 46.848 Thread 0x000001b45ddaf230 Exception <a 'java/lang/NoSuchMethodError'{0x00000000d5d18c88}: 'int java.lang.invoke.DirectMethodHandle$Holder.invokeStaticInit(java.lang.Object, float, float)'> (0x00000000d5d18c88) 
thrown [s\src\hotspot\share\interpreter\linkResolver.cpp, line 773]
Event: 46.850 Thread 0x000001b45ddaf230 Exception <a 'java/lang/NoSuchMethodError'{0x00000000d5d1f9c8}: 'int java.lang.invoke.DirectMethodHandle$Holder.invokeStaticInit(java.lang.Object, double, double)'> (0x00000000d5d1f9c8) 
thrown [s\src\hotspot\share\interpreter\linkResolver.cpp, line 773]
Event: 46.851 Thread 0x000001b45ddaf230 Exception <a 'java/lang/NoSuchMethodError'{0x00000000d5d241e0}: 'int java.lang.invoke.DirectMethodHandle$Holder.invokeStatic(java.lang.Object, long)'> (0x00000000d5d241e0) 
thrown [s\src\hotspot\share\interpreter\linkResolver.cpp, line 773]
Event: 46.856 Thread 0x000001b45ddaf230 Exception <a 'java/lang/NoSuchMethodError'{0x00000000d5d43098}: 'int java.lang.invoke.Invokers$Holder.linkToTargetMethod(java.lang.Object, java.lang.Object)'> (0x00000000d5d43098) 
thrown [s\src\hotspot\share\interpreter\linkResolver.cpp, line 773]

ZGC Phase Switch (0 events):
No events

VM Operations (20 events):
Event: 46.509 Executing VM operation: ParallelGCFailedAllocation (Allocation Failure)
Event: 46.515 Executing VM operation: ParallelGCFailedAllocation (Allocation Failure) done
Event: 46.551 Executing VM operation: HandshakeAllThreads (Deoptimize)
Event: 46.551 Executing VM operation: HandshakeAllThreads (Deoptimize) done
Event: 46.570 Executing VM operation: HandshakeAllThreads (Deoptimize)
Event: 46.570 Executing VM operation: HandshakeAllThreads (Deoptimize) done
Event: 46.658 Executing VM operation: HandshakeAllThreads (Deoptimize)
Event: 46.658 Executing VM operation: HandshakeAllThreads (Deoptimize) done
Event: 47.009 Executing VM operation: ParallelGCFailedAllocation (Allocation Failure)
Event: 47.014 Executing VM operation: ParallelGCFailedAllocation (Allocation Failure) done
Event: 47.270 Executing VM operation: ParallelGCFailedAllocation (Allocation Failure)
Event: 47.277 Executing VM operation: ParallelGCFailedAllocation (Allocation Failure) done
Event: 47.521 Executing VM operation: ParallelGCFailedAllocation (Allocation Failure)
Event: 47.532 Executing VM operation: ParallelGCFailedAllocation (Allocation Failure) done
Event: 47.814 Executing VM operation: ParallelGCFailedAllocation (Allocation Failure)
Event: 47.823 Executing VM operation: ParallelGCFailedAllocation (Allocation Failure) done
Event: 48.134 Executing VM operation: ParallelGCFailedAllocation (Allocation Failure)
Event: 48.140 Executing VM operation: ParallelGCFailedAllocation (Allocation Failure) done
Event: 48.974 Executing VM operation: ParallelGCFailedAllocation (Allocation Failure)
Event: 48.978 Executing VM operation: ParallelGCFailedAllocation (Allocation Failure) done

Memory protections (0 events):
No events

Nmethod flushes (0 events):
No events

Events (20 events):
Event: 38.674 Thread 0x000001b45d81f030 Thread added: 0x000001b45d378ad0
Event: 40.273 Thread 0x000001b45d81f030 Thread added: 0x000001b45db10b40
Event: 42.216 Thread 0x000001b45d81f030 Thread added: 0x000001b45e855410
Event: 42.360 Thread 0x000001b45d81f030 Thread added: 0x000001b45dc868c0
Event: 42.450 Thread 0x000001b45d81f030 Thread added: 0x000001b45d5b98d0
Event: 44.304 Thread 0x000001b45d81f030 Thread added: 0x000001b45ddbebc0
Event: 44.441 Thread 0x000001b45ddbebc0 Thread exited: 0x000001b45ddbebc0
Event: 44.933 Thread 0x000001b45dc868c0 Thread added: 0x000001b45ddbf8e0
Event: 45.064 Thread 0x000001b47cf73ec0 Thread added: 0x000001b45ddbff70
Event: 45.065 Thread 0x000001b47cf73ec0 Thread added: 0x000001b45ddc1320
Event: 45.065 Thread 0x000001b47cf73ec0 Thread added: 0x000001b45ddbf250
Event: 45.065 Thread 0x000001b47cf73ec0 Thread added: 0x000001b45ddc0c90
Event: 45.065 Thread 0x000001b47cf73ec0 Thread added: 0x000001b45ddbebc0
Event: 45.065 Thread 0x000001b47cf73ec0 Thread added: 0x000001b45ddbe530
Event: 45.066 Thread 0x000001b47cf73ec0 Thread added: 0x000001b45ddc19b0
Event: 45.066 Thread 0x000001b47cf73ec0 Thread added: 0x000001b45ddc0600
Event: 45.067 Thread 0x000001b47cf73ec0 Thread added: 0x000001b45ddaeba0
Event: 45.121 Thread 0x000001b47cf73ec0 Thread added: 0x000001b45ddb05e0
Event: 45.578 Thread 0x000001b47cf73ec0 Thread added: 0x000001b45ddb4780
Event: 45.579 Thread 0x000001b47cf73ec0 Thread added: 0x000001b45ddaf230


Dynamic libraries:
0x00007ff796350000 - 0x00007ff79635e000 	c:\Users\Administrator\.antigravity\extensions\redhat.java-1.51.0-win32-x64\jre\21.0.9-win32-x86_64\bin\java.exe
0x00007ffd13080000 - 0x00007ffd13270000 	C:\Windows\SYSTEM32\ntdll.dll
0x00007ffd116a0000 - 0x00007ffd11752000 	C:\Windows\System32\KERNEL32.DLL
0x00007ffd10c00000 - 0x00007ffd10ea5000 	C:\Windows\System32\KERNELBASE.dll
0x00007ffd10b00000 - 0x00007ffd10bfa000 	C:\Windows\System32\ucrtbase.dll
0x00007ffcf5db0000 - 0x00007ffcf5dc8000 	c:\Users\Administrator\.antigravity\extensions\redhat.java-1.51.0-win32-x64\jre\21.0.9-win32-x86_64\bin\jli.dll
0x00007ffd12600000 - 0x00007ffd12794000 	C:\Windows\System32\USER32.dll
0x00007ffd0fff0000 - 0x00007ffd10011000 	C:\Windows\System32\win32u.dll
0x00007ffd11670000 - 0x00007ffd11696000 	C:\Windows\System32\GDI32.dll
0x00007ffd108b0000 - 0x00007ffd10a48000 	C:\Windows\System32\gdi32full.dll
0x00007ffd10810000 - 0x00007ffd108ae000 	C:\Windows\System32\msvcp_win.dll
0x00007ffcf7250000 - 0x00007ffcf74d4000 	C:\Windows\WinSxS\amd64_microsoft.windows.common-controls_6595b64144ccf1df_6.0.18362.1556_none_9e7e372fe45e41d5\COMCTL32.dll
0x00007ffd11760000 - 0x00007ffd117fe000 	C:\Windows\System32\msvcrt.dll
0x00007ffd12940000 - 0x00007ffd12c76000 	C:\Windows\System32\combase.dll
0x00007ffd12820000 - 0x00007ffd1293f000 	C:\Windows\System32\RPCRT4.dll
0x00007ffd10eb0000 - 0x00007ffd10f31000 	C:\Windows\System32\bcryptPrimitives.dll
0x00007ffcefec0000 - 0x00007ffcefede000 	c:\Users\Administrator\.antigravity\extensions\redhat.java-1.51.0-win32-x64\jre\21.0.9-win32-x86_64\bin\VCRUNTIME140.dll
0x00007ffd12dc0000 - 0x00007ffd12dee000 	C:\Windows\System32\IMM32.DLL
0x00007ffd08930000 - 0x00007ffd0893c000 	c:\Users\Administrator\.antigravity\extensions\redhat.java-1.51.0-win32-x64\jre\21.0.9-win32-x86_64\bin\vcruntime140_1.dll
0x00007ffcc6690000 - 0x00007ffcc671d000 	c:\Users\Administrator\.antigravity\extensions\redhat.java-1.51.0-win32-x64\jre\21.0.9-win32-x86_64\bin\msvcp140.dll
0x00007ffc9cdb0000 - 0x00007ffc9db50000 	c:\Users\Administrator\.antigravity\extensions\redhat.java-1.51.0-win32-x64\jre\21.0.9-win32-x86_64\bin\server\jvm.dll
0x00007ffd12470000 - 0x00007ffd12513000 	C:\Windows\System32\ADVAPI32.dll
0x00007ffd12df0000 - 0x00007ffd12e87000 	C:\Windows\System32\sechost.dll
0x00007ffd0ff40000 - 0x00007ffd0ff8a000 	C:\Windows\System32\POWRPROF.dll
0x00007ffd0ff30000 - 0x00007ffd0ff40000 	C:\Windows\System32\UMPDC.dll
0x00007ffd12e90000 - 0x00007ffd12eff000 	C:\Windows\System32\WS2_32.dll
0x00007ffd08fa0000 - 0x00007ffd08fc4000 	C:\Windows\SYSTEM32\WINMM.dll
0x00007ffd06660000 - 0x00007ffd0666a000 	C:\Windows\SYSTEM32\VERSION.dll
0x00007ffd08f70000 - 0x00007ffd08f9d000 	C:\Windows\SYSTEM32\WINMMBASE.dll
0x00007ffd10020000 - 0x00007ffd1006a000 	C:\Windows\System32\cfgmgr32.dll
0x00007ffd0ffb0000 - 0x00007ffd0ffc1000 	C:\Windows\System32\kernel.appcore.dll
0x00007ffd055e0000 - 0x00007ffd055ea000 	c:\Users\Administrator\.antigravity\extensions\redhat.java-1.51.0-win32-x64\jre\21.0.9-win32-x86_64\bin\jimage.dll
0x00007ffd0e840000 - 0x00007ffd0ea34000 	C:\Windows\SYSTEM32\DBGHELP.DLL
0x00007ffcf46e0000 - 0x00007ffcf470a000 	C:\Windows\SYSTEM32\dbgcore.DLL
0x00007ffd03290000 - 0x00007ffd0329f000 	c:\Users\Administrator\.antigravity\extensions\redhat.java-1.51.0-win32-x64\jre\21.0.9-win32-x86_64\bin\instrument.dll
0x00007ffce9d30000 - 0x00007ffce9d50000 	c:\Users\Administrator\.antigravity\extensions\redhat.java-1.51.0-win32-x64\jre\21.0.9-win32-x86_64\bin\java.dll
0x00007ffd11c40000 - 0x00007ffd12327000 	C:\Windows\System32\SHELL32.dll
0x00007ffd12d10000 - 0x00007ffd12db8000 	C:\Windows\System32\shcore.dll
0x00007ffd10090000 - 0x00007ffd1080b000 	C:\Windows\System32\windows.storage.dll
0x00007ffd0ff90000 - 0x00007ffd0ffae000 	C:\Windows\System32\profapi.dll
0x00007ffd11be0000 - 0x00007ffd11c32000 	C:\Windows\System32\shlwapi.dll
0x00007ffd10070000 - 0x00007ffd10087000 	C:\Windows\System32\cryptsp.dll
0x00007ffce9d10000 - 0x00007ffce9d28000 	c:\Users\Administrator\.antigravity\extensions\redhat.java-1.51.0-win32-x64\jre\21.0.9-win32-x86_64\bin\zip.dll
0x00007ffd01700000 - 0x00007ffd01710000 	C:\Users\Administrator\.antigravity\extensions\redhat.java-1.51.0-win32-x64\jre\21.0.9-win32-x86_64\bin\net.dll
0x00007ffd08d40000 - 0x00007ffd08e3a000 	C:\Windows\SYSTEM32\WINHTTP.dll
0x00007ffd0f770000 - 0x00007ffd0f7d7000 	C:\Windows\system32\mswsock.dll
0x00007ffce82a0000 - 0x00007ffce82b6000 	C:\Users\Administrator\.antigravity\extensions\redhat.java-1.51.0-win32-x64\jre\21.0.9-win32-x86_64\bin\nio.dll
0x00007ffcfcbd0000 - 0x00007ffcfcbe0000 	c:\Users\Administrator\.antigravity\extensions\redhat.java-1.51.0-win32-x64\jre\21.0.9-win32-x86_64\bin\verify.dll
0x00007ffcc5a90000 - 0x00007ffcc5ad4000 	C:\Users\Administrator\AppData\Roaming\Antigravity\User\globalStorage\redhat.java\1.51.0\config_ss_win\org.eclipse.equinox.launcher\org.eclipse.equinox.launcher.win32.win32.x86_64_1.2.1400.v20250801-0854\eclipse_11916.dll
0x00007ffd119b0000 - 0x00007ffd11b07000 	C:\Windows\System32\ole32.dll
0x00007ffd0f2f0000 - 0x00007ffd0f323000 	C:\Windows\system32\rsaenh.dll
0x00007ffd10f40000 - 0x00007ffd10f66000 	C:\Windows\System32\bcrypt.dll
0x00007ffd0fe20000 - 0x00007ffd0fe45000 	C:\Windows\SYSTEM32\USERENV.dll
0x00007ffd0f940000 - 0x00007ffd0f94c000 	C:\Windows\SYSTEM32\CRYPTBASE.dll
0x00007ffd0f480000 - 0x00007ffd0f4ba000 	C:\Windows\SYSTEM32\IPHLPAPI.DLL
0x00007ffd125f0000 - 0x00007ffd125f8000 	C:\Windows\System32\NSI.dll
0x00007ffcc4ee0000 - 0x00007ffcc4f29000 	C:\Users\Administrator\AppData\Local\Temp\jna-146731693\jna6019633150412151197.dll
0x00007ffd12c80000 - 0x00007ffd12c88000 	C:\Windows\System32\PSAPI.DLL
0x00007ffd04fe0000 - 0x00007ffd04ff6000 	C:\Windows\SYSTEM32\dhcpcsvc6.DLL
0x00007ffd06180000 - 0x00007ffd0619c000 	C:\Windows\SYSTEM32\dhcpcsvc.DLL

JVMTI agents:
c:\Users\Administrator\.antigravity\extensions\redhat.java-1.51.0-win32-x64\lombok\lombok-1.18.39-4050.jar path:c:\Users\Administrator\.antigravity\extensions\redhat.java-1.51.0-win32-x64\jre\21.0.9-win32-x86_64\bin\instrument.dll, loaded, initialized, instrumentlib options:none

dbghelp: loaded successfully - version: 4.0.5 - missing functions: none
symbol engine: initialized successfully - sym options: 0x614 - pdb path: .;c:\Users\Administrator\.antigravity\extensions\redhat.java-1.51.0-win32-x64\jre\21.0.9-win32-x86_64\bin;C:\Windows\SYSTEM32;C:\Windows\WinSxS\amd64_microsoft.windows.common-controls_6595b64144ccf1df_6.0.18362.1556_none_9e7e372fe45e41d5;c:\Users\Administrator\.antigravity\extensions\redhat.java-1.51.0-win32-x64\jre\21.0.9-win32-x86_64\bin\server;C:\Users\Administrator\AppData\Roaming\Antigravity\User\globalStorage\redhat.java\1.51.0\config_ss_win\org.eclipse.equinox.launcher\org.eclipse.equinox.launcher.win32.win32.x86_64_1.2.1400.v20250801-0854;C:\Users\Administrator\AppData\Local\Temp\jna-146731693

VM Arguments:
jvm_args: --add-modules=ALL-SYSTEM --add-opens=java.base/java.util=ALL-UNNAMED --add-opens=java.base/java.lang=ALL-UNNAMED --add-opens=java.base/sun.nio.fs=ALL-UNNAMED -Declipse.application=org.eclipse.jdt.ls.core.id1 -Dosgi.bundles.defaultStartLevel=4 -Declipse.product=org.eclipse.jdt.ls.core.product -Djava.import.generatesMetadataFilesAtProjectRoot=false -DDetectVMInstallationsJob.disabled=true -Dfile.encoding=utf8 -XX:+UseParallelGC -XX:GCTimeRatio=4 -XX:AdaptiveSizePolicyWeight=90 -Dsun.zip.disableMemoryMapping=true -Xmx2G -Xms100m -Xlog:disable -javaagent:c:\Users\Administrator\.antigravity\extensions\redhat.java-1.51.0-win32-x64\lombok\lombok-1.18.39-4050.jar 
java_command: c:\Users\Administrator\.antigravity\extensions\redhat.java-1.51.0-win32-x64\server\plugins\org.eclipse.equinox.launcher_1.7.100.v20251111-0406.jar -configuration c:\Users\Administrator\AppData\Roaming\Antigravity\User\globalStorage\redhat.java\1.51.0\config_ss_win -data c:\Users\Administrator\AppData\Roaming\Antigravity\User\workspaceStorage\9dc1cad281cafc8938dd036e9dabeaab\redhat.java\ss_ws --pipe=\\.\pipe\lsp-1ac6c7fd4d6f2d3361a579dbf1817506-sock
java_class_path (initial): c:\Users\Administrator\.antigravity\extensions\redhat.java-1.51.0-win32-x64\server\plugins\org.eclipse.equinox.launcher_1.7.100.v20251111-0406.jar
Launcher Type: SUN_STANDARD

[Global flags]
    uintx AdaptiveSizePolicyWeight                 = 90                                        {product} {command line}
     intx CICompilerCount                          = 4                                         {product} {ergonomic}
    uintx GCTimeRatio                              = 4                                         {product} {command line}
   size_t InitialHeapSize                          = 104857600                                 {product} {command line}
   size_t MaxHeapSize                              = 2147483648                                {product} {command line}
   size_t MaxNewSize                               = 715653120                                 {product} {ergonomic}
   size_t MinHeapDeltaBytes                        = 524288                                    {product} {ergonomic}
   size_t MinHeapSize                              = 104857600                                 {product} {command line}
   size_t NewSize                                  = 34603008                                  {product} {ergonomic}
    uintx NonNMethodCodeHeapSize                   = 5839372                                {pd product} {ergonomic}
    uintx NonProfiledCodeHeapSize                  = 122909434                              {pd product} {ergonomic}
   size_t OldSize                                  = 70254592                                  {product} {ergonomic}
    uintx ProfiledCodeHeapSize                     = 122909434                              {pd product} {ergonomic}
    uintx ReservedCodeCacheSize                    = 251658240                              {pd product} {ergonomic}
     bool SegmentedCodeCache                       = true                                      {product} {ergonomic}
   size_t SoftMaxHeapSize                          = 2147483648                             {manageable} {ergonomic}
     bool UseCompressedOops                        = true                           {product lp64_product} {ergonomic}
     bool UseLargePagesIndividualAllocation        = false                                  {pd product} {ergonomic}
     bool UseParallelGC                            = true                                      {product} {command line}

Logging:
Log output configuration:
 #0: stdout all=off uptime,level,tags foldmultilines=false
 #1: stderr all=off uptime,level,tags foldmultilines=false

Release file:
JAVA_VERSION="21.0.9" 
MODULES="java.base java.compiler java.datatransfer java.xml java.prefs java.desktop java.instrument java.logging java.management java.security.sasl java.naming java.rmi java.management.rmi java.net.http java.scripting java.security.jgss java.transaction.xa java.sql java.sql.rowset java.xml.crypto java.se java.smartcardio jdk.accessibility jdk.internal.jvmstat jdk.attach jdk.charsets jdk.internal.opt jdk.zipfs jdk.compiler jdk.crypto.ec jdk.crypto.cryptoki jdk.crypto.mscapi jdk.dynalink jdk.internal.ed jdk.editpad jdk.hotspot.agent jdk.httpserver jdk.internal.le jdk.internal.vm.ci jdk.internal.vm.compiler jdk.internal.vm.compiler.management jdk.jartool jdk.javadoc jdk.jcmd jdk.management jdk.management.agent jdk.jconsole jdk.jdeps jdk.jdwp.agent jdk.jdi jdk.jfr jdk.jshell jdk.jsobject jdk.jstatd jdk.localedata jdk.management.jfr jdk.naming.dns jdk.naming.rmi jdk.net jdk.nio.mapmode jdk.random jdk.sctp jdk.security.auth jdk.security.jgss jdk.unsupported jdk.unsupported.desktop jdk.xml.dom" 

Environment Variables:
JAVA_HOME=D:\datn\jdk-17.0.16+8
PATH=d:\cursor\resources\app\bin;C:\Program Files\Python313\Scripts\;C:\Program Files\Python313\;C:\php-8.3.14-nts-Win32-vs16-x64;C:\Windows\system32;C:\Windows;C:\Windows\System32\Wbem;C:\Windows\System32\WindowsPowerShell\v1.0\;C:\Windows\System32\OpenSSH\;C:\Program Files\Microsoft SQL Server\Client SDK\ODBC\170\Tools\Binn\;C:\Program Files (x86)\Microsoft SQL Server\150\Tools\Binn\;C:\Program Files\Microsoft SQL Server\150\Tools\Binn\;C:\Program Files\Microsoft SQL Server\150\DTS\Binn\;C:\Program Files\Azure Data Studio\bin;C:\Program Files\dotnet\;D:\Git\cmd;C:\php-8.4.0-nts-Win32-vs17-x64;C:\ProgramData\ComposerSetup\bin;D:\datn\jdk-17.0.16+8\bin;C:\axis2-1.8.2\bin;D:\datn\apache-maven-3.9.11\bin;C:\Program Files\nodejs\;C:\php-8.4.0-nts-Win32-vs17-x64;C:\Users\Administrator\AppData\Local\Microsoft\WindowsApps;C:\Program Files\Azure Data Studio\bin;C:\Users\Administrator\.dotnet\tools;C:\php-8.3.14-nts-Win32-vs16-x64;C:\Users\Administrator\AppData\Roaming\Composer\vendor\bin;D:\datn\jdk-17.0.16+8;C:\axis2-1.;C:\php-8.4.0-nts-Win32-vs17-x64;C:\Users\Administrator\AppData\Local\Microsoft\WindowsApps;C:\Program Files\Azure Data Studio\bin;C:\Users\Administrator\AppData\Local\Programs\Microsoft VS Code\bin;C:\Users\Administrator\.dotnet\tools;C:\php-8.3.14-nts-Win32-vs16-x64;C:\Users\Administrator\AppData\Roaming\Composer\vendor\bin;D:\datn\jdk-17.0.16+8;C:\axis2-1.8.2;D:\cursor\resources\app\bin;D:\datn\apache-maven-3.9.11\bin;C:\Users\Administrator\AppData\Roaming\npm;C:\Users\Administrator\AppData\Local\Programs\Antigravity\bin
USERNAME=Administrator
OS=Windows_NT
PROCESSOR_IDENTIFIER=Intel64 Family 6 Model 142 Stepping 12, GenuineIntel
TMP=C:\Users\ADMINI~1\AppData\Local\Temp
TEMP=C:\Users\ADMINI~1\AppData\Local\Temp




Periodic native trim disabled

---------------  S Y S T E M  ---------------

OS:
 Windows 10 , 64 bit Build 18362 (10.0.18362.1500)
OS uptime: 22 days 0:25 hours

CPU: total 8 (initial active 8) (4 cores per cpu, 2 threads per core) family 6 model 142 stepping 12 microcode 0xde, cx8, cmov, fxsr, ht, mmx, 3dnowpref, sse, sse2, sse3, ssse3, sse4.1, sse4.2, popcnt, lzcnt, tsc, tscinvbit, avx, avx2, aes, erms, clmul, bmi1, bmi2, adx, fma, vzeroupper, clflush, clflushopt, rdtscp, f16c
Processor Information for the first 8 processors :
  Max Mhz: 1800, Current Mhz: 1600, Mhz Limit: 1584

Memory: 4k page, system-wide physical 3889M (108M free)
TotalPageFile size 15665M (AvailPageFile size 5M)
current process WorkingSet (physical memory assigned to process): 160M, peak: 164M
current process commit charge ("private bytes"): 281M, peak: 297M

vm_info: OpenJDK 64-Bit Server VM (21.0.9+10-LTS) for windows-amd64 JRE (21.0.9+10-LTS), built on 2025-10-21T00:00:00Z by "admin" with unknown MS VC++:1942

END.
