#
# There is insufficient memory for the Java Runtime Environment to continue.
# Native memory allocation (malloc) failed to allocate 670928 bytes. Error detail: Chunk::new
# Possible reasons:
#   The system is out of physical RAM or swap space
#   This process is running with CompressedOops enabled, and the Java Heap may be blocking the growth of the native heap
# Possible solutions:
#   Reduce memory load on the system
#   Increase physical memory or swap space
#   Check if swap backing store is full
#   Decrease Java heap size (-Xmx/-Xms)
#   Decrease number of Java threads
#   Decrease Java thread stack sizes (-Xss)
#   Set larger code cache with -XX:ReservedCodeCacheSize=
#   JVM is running with Unscaled Compressed Oops mode in which the Java heap is
#     placed in the first 4GB address space. The Java Heap base address is the
#     maximum limit for the native heap growth. Please use -XX:HeapBaseMinAddress
#     to set the Java Heap base and to place the Java Heap above 4GB virtual address.
# This output file may be truncated or incomplete.
#
#  Out of Memory Error (arena.cpp:168), pid=20200, tid=15072
#
# JRE version: OpenJDK Runtime Environment Temurin-21.0.9+10 (21.0.9+10) (build 21.0.9+10-LTS)
# Java VM: OpenJDK 64-Bit Server VM Temurin-21.0.9+10 (21.0.9+10-LTS, mixed mode, sharing, tiered, compressed oops, compressed class ptrs, parallel gc, windows-amd64)
# No core dump will be written. Minidumps are not enabled by default on client versions of Windows
#

---------------  S U M M A R Y ------------

Command Line: --add-modules=ALL-SYSTEM --add-opens=java.base/java.util=ALL-UNNAMED --add-opens=java.base/java.lang=ALL-UNNAMED --add-opens=java.base/sun.nio.fs=ALL-UNNAMED -Declipse.application=org.eclipse.jdt.ls.core.id1 -Dosgi.bundles.defaultStartLevel=4 -Declipse.product=org.eclipse.jdt.ls.core.product -Djava.import.generatesMetadataFilesAtProjectRoot=false -DDetectVMInstallationsJob.disabled=true -Dfile.encoding=utf8 -XX:+UseParallelGC -XX:GCTimeRatio=4 -XX:AdaptiveSizePolicyWeight=90 -Dsun.zip.disableMemoryMapping=true -Xmx2G -Xms100m -Xlog:disable -javaagent:c:\Users\Administrator\.antigravity\extensions\redhat.java-1.51.0-win32-x64\lombok\lombok-1.18.39-4050.jar c:\Users\Administrator\.antigravity\extensions\redhat.java-1.51.0-win32-x64\server\plugins\org.eclipse.equinox.launcher_1.7.100.v20251111-0406.jar -configuration c:\Users\Administrator\AppData\Roaming\Antigravity\User\globalStorage\redhat.java\1.51.0\config_ss_win -data c:\Users\Administrator\AppData\Roaming\Antigravity\User\workspaceStorage\9dc1cad281cafc8938dd036e9dabeaab\redhat.java\ss_ws --pipe=\\.\pipe\lsp-c09555c5802a0bc183bfdf1f2b12820c-sock

Host: Intel(R) Core(TM) i5-8265U CPU @ 1.60GHz, 8 cores, 3G,  Windows 10 , 64 bit Build 18362 (10.0.18362.1500)
Time: Sun Jan 25 17:34:38 2026 SE Asia Standard Time elapsed time: 21.837125 seconds (0d 0h 0m 21s)

---------------  T H R E A D  ---------------

Current thread (0x00000235b34ea8d0):  JavaThread "C2 CompilerThread0" daemon [_thread_in_native, id=15072, stack(0x000000bfd4400000,0x000000bfd4500000) (1024K)]


Current CompileTask:
C2:21837 5831       4       org.eclipse.jdt.internal.compiler.parser.Scanner::internalScanIdentifierOrKeyword (5041 bytes)

Stack: [0x000000bfd4400000,0x000000bfd4500000]
Native frames: (J=compiled Java code, j=interpreted, Vv=VM code, C=native code)
V  [jvm.dll+0x6d6e29]
V  [jvm.dll+0x8b4b76]
V  [jvm.dll+0x8b712e]
V  [jvm.dll+0x8b7813]
V  [jvm.dll+0x283d86]
V  [jvm.dll+0xc66ed]
V  [jvm.dll+0xc6c31]
V  [jvm.dll+0x3be53b]
V  [jvm.dll+0x38ab92]
V  [jvm.dll+0x389fda]
V  [jvm.dll+0x24bfa0]
V  [jvm.dll+0x24b580]
V  [jvm.dll+0x1cb13e]
V  [jvm.dll+0x25b29d]
V  [jvm.dll+0x25982a]
V  [jvm.dll+0x3f7ea6]
V  [jvm.dll+0x85e9ad]
V  [jvm.dll+0x6d565d]
C  [ucrtbase.dll+0x210b2]
C  [KERNEL32.DLL+0x17c24]
C  [ntdll.dll+0x6d721]


---------------  P R O C E S S  ---------------

Threads class SMR info:
_java_thread_list=0x0000023612c1cd70, length=33, elements={
0x00000235b1375200, 0x00000235b34dbee0, 0x00000235b34dcbf0, 0x00000235b34df6f0,
0x00000235b34e44b0, 0x00000235b34e5cb0, 0x00000235b34e6700, 0x00000235b34ea8d0,
0x00000235b34f34d0, 0x000002360ca7ce50, 0x000002360cba3400, 0x00000236116ec000,
0x00000236118fcd10, 0x00000236118fd370, 0x000002361170ec70, 0x00000236119f1d90,
0x0000023611b7f6a0, 0x0000023611b6dc80, 0x0000023612120a10, 0x0000023611b636b0,
0x0000023611b64a60, 0x0000023611b650f0, 0x0000023611b63d40, 0x0000023611b643d0,
0x0000023611b62300, 0x0000023611b62990, 0x0000023611b63020, 0x0000023611b61c70,
0x0000023612f15490, 0x0000023612f105d0, 0x0000023612f12d30, 0x0000023612f10c60,
0x0000023612f126a0
}

Java Threads: ( => current thread )
  0x00000235b1375200 JavaThread "main"                              [_thread_blocked, id=1552, stack(0x000000bfd3a00000,0x000000bfd3b00000) (1024K)]
  0x00000235b34dbee0 JavaThread "Reference Handler"          daemon [_thread_blocked, id=14024, stack(0x000000bfd3e00000,0x000000bfd3f00000) (1024K)]
  0x00000235b34dcbf0 JavaThread "Finalizer"                  daemon [_thread_blocked, id=12364, stack(0x000000bfd3f00000,0x000000bfd4000000) (1024K)]
  0x00000235b34df6f0 JavaThread "Signal Dispatcher"          daemon [_thread_blocked, id=13924, stack(0x000000bfd4000000,0x000000bfd4100000) (1024K)]
  0x00000235b34e44b0 JavaThread "Attach Listener"            daemon [_thread_blocked, id=13956, stack(0x000000bfd4100000,0x000000bfd4200000) (1024K)]
  0x00000235b34e5cb0 JavaThread "Service Thread"             daemon [_thread_blocked, id=10672, stack(0x000000bfd4200000,0x000000bfd4300000) (1024K)]
  0x00000235b34e6700 JavaThread "Monitor Deflation Thread"   daemon [_thread_blocked, id=12976, stack(0x000000bfd4300000,0x000000bfd4400000) (1024K)]
=>0x00000235b34ea8d0 JavaThread "C2 CompilerThread0"         daemon [_thread_in_native, id=15072, stack(0x000000bfd4400000,0x000000bfd4500000) (1024K)]
  0x00000235b34f34d0 JavaThread "C1 CompilerThread0"         daemon [_thread_blocked, id=20240, stack(0x000000bfd4500000,0x000000bfd4600000) (1024K)]
  0x000002360ca7ce50 JavaThread "Common-Cleaner"             daemon [_thread_blocked, id=7632, stack(0x000000bfd4700000,0x000000bfd4800000) (1024K)]
  0x000002360cba3400 JavaThread "Notification Thread"        daemon [_thread_blocked, id=9684, stack(0x000000bfd4800000,0x000000bfd4900000) (1024K)]
  0x00000236116ec000 JavaThread "Active Thread: Equinox Container: 77b7194a-9dec-43a1-800a-9627fdce68be"        [_thread_blocked, id=13444, stack(0x000000bfd4f00000,0x000000bfd5000000) (1024K)]
  0x00000236118fcd10 JavaThread "Framework Event Dispatcher: Equinox Container: 77b7194a-9dec-43a1-800a-9627fdce68be" daemon [_thread_blocked, id=10760, stack(0x000000bfd5000000,0x000000bfd5100000) (1024K)]
  0x00000236118fd370 JavaThread "Start Level: Equinox Container: 77b7194a-9dec-43a1-800a-9627fdce68be" daemon [_thread_blocked, id=14892, stack(0x000000bfd5100000,0x000000bfd5200000) (1024K)]
  0x000002361170ec70 JavaThread "SCR Component Actor"        daemon [_thread_blocked, id=16040, stack(0x000000bfd5200000,0x000000bfd5300000) (1024K)]
  0x00000236119f1d90 JavaThread "Worker-JM"                         [_thread_blocked, id=16772, stack(0x000000bfd5300000,0x000000bfd5400000) (1024K)]
  0x0000023611b7f6a0 JavaThread "JNA Cleaner"                daemon [_thread_blocked, id=8124, stack(0x000000bfd5400000,0x000000bfd5500000) (1024K)]
  0x0000023611b6dc80 JavaThread "Worker-0"                          [_thread_blocked, id=9536, stack(0x000000bfd5500000,0x000000bfd5600000) (1024K)]
  0x0000023612120a10 JavaThread "Worker-1"                          [_thread_blocked, id=18988, stack(0x000000bfd5600000,0x000000bfd5700000) (1024K)]
  0x0000023611b636b0 JavaThread "Worker-2"                          [_thread_blocked, id=19164, stack(0x000000bfd5700000,0x000000bfd5800000) (1024K)]
  0x0000023611b64a60 JavaThread "Thread-1"                   daemon [_thread_in_native, id=11336, stack(0x000000bfd5800000,0x000000bfd5900000) (1024K)]
  0x0000023611b650f0 JavaThread "Thread-2"                   daemon [_thread_in_native, id=1512, stack(0x000000bfd5900000,0x000000bfd5a00000) (1024K)]
  0x0000023611b63d40 JavaThread "Thread-3"                   daemon [_thread_in_native, id=19884, stack(0x000000bfd5a00000,0x000000bfd5b00000) (1024K)]
  0x0000023611b643d0 JavaThread "Thread-4"                   daemon [_thread_in_native, id=18836, stack(0x000000bfd5b00000,0x000000bfd5c00000) (1024K)]
  0x0000023611b62300 JavaThread "Thread-5"                   daemon [_thread_in_native, id=5436, stack(0x000000bfd5c00000,0x000000bfd5d00000) (1024K)]
  0x0000023611b62990 JavaThread "Thread-6"                   daemon [_thread_in_native, id=19512, stack(0x000000bfd5d00000,0x000000bfd5e00000) (1024K)]
  0x0000023611b63020 JavaThread "Thread-7"                   daemon [_thread_in_native, id=7372, stack(0x000000bfd5e00000,0x000000bfd5f00000) (1024K)]
  0x0000023611b61c70 JavaThread "Thread-8"                   daemon [_thread_in_native, id=15400, stack(0x000000bfd5f00000,0x000000bfd6000000) (1024K)]
  0x0000023612f15490 JavaThread "Thread-9"                   daemon [_thread_in_native, id=140, stack(0x000000bfd6000000,0x000000bfd6100000) (1024K)]
  0x0000023612f105d0 JavaThread "pool-2-thread-1"                   [_thread_blocked, id=18816, stack(0x000000bfd6100000,0x000000bfd6200000) (1024K)]
  0x0000023612f12d30 JavaThread "WorkspaceEventsHandler"            [_thread_blocked, id=272, stack(0x000000bfd6200000,0x000000bfd6300000) (1024K)]
  0x0000023612f10c60 JavaThread "pool-1-thread-1"                   [_thread_in_vm, id=10556, stack(0x000000bfd6300000,0x000000bfd6400000) (1024K)]
  0x0000023612f126a0 JavaThread "Worker-3"                          [_thread_blocked, id=11484, stack(0x000000bfd6400000,0x000000bfd6500000) (1024K)]
Total: 33

Other Threads:
  0x00000235b34c2550 VMThread "VM Thread"                           [id=11624, stack(0x000000bfd3d00000,0x000000bfd3e00000) (1024K)]
  0x00000235b33fbb20 WatcherThread "VM Periodic Task Thread"        [id=18236, stack(0x000000bfd3c00000,0x000000bfd3d00000) (1024K)]
  0x00000235b358c5e0 WorkerThread "GC Thread#0"                     [id=18104, stack(0x000000bfd3b00000,0x000000bfd3c00000) (1024K)]
  0x000002361139f840 WorkerThread "GC Thread#1"                     [id=5104, stack(0x000000bfd4900000,0x000000bfd4a00000) (1024K)]
  0x00000236115cdad0 WorkerThread "GC Thread#2"                     [id=9384, stack(0x000000bfd4a00000,0x000000bfd4b00000) (1024K)]
  0x000002361150c710 WorkerThread "GC Thread#3"                     [id=12716, stack(0x000000bfd4b00000,0x000000bfd4c00000) (1024K)]
  0x00000236118200d0 WorkerThread "GC Thread#4"                     [id=10680, stack(0x000000bfd4c00000,0x000000bfd4d00000) (1024K)]
  0x00000236113c8fd0 WorkerThread "GC Thread#5"                     [id=20176, stack(0x000000bfd4d00000,0x000000bfd4e00000) (1024K)]
  0x00000236113c9b80 WorkerThread "GC Thread#6"                     [id=10268, stack(0x000000bfd4e00000,0x000000bfd4f00000) (1024K)]
  0x00000236118bfe40 WorkerThread "GC Thread#7"                     [id=17728, stack(0x000000bfd4600000,0x000000bfd4700000) (1024K)]
Total: 10

Threads with active compile tasks:
C2 CompilerThread0  21910 5831       4       org.eclipse.jdt.internal.compiler.parser.Scanner::internalScanIdentifierOrKeyword (5041 bytes)
Total: 1

VM state: not at safepoint (normal execution)

VM Mutex/Monitor currently owned by a thread: None

Heap address: 0x0000000080000000, size: 2048 MB, Compressed Oops mode: 32-bit

CDS archive(s) mapped at: [0x00000235ca000000-0x00000235caba0000-0x00000235caba0000), size 12189696, SharedBaseAddress: 0x00000235ca000000, ArchiveRelocationMode: 1.
Compressed class space mapped at: 0x00000235cb000000-0x000002360b000000, reserved size: 1073741824
Narrow klass base: 0x00000235ca000000, Narrow klass shift: 0, Narrow klass range: 0x100000000

GC Precious Log:
 CardTable entry size: 512
 CPUs: 8 total, 8 available
 Memory: 3889M
 Large Page Support: Disabled
 NUMA Support: Disabled
 Compressed Oops: Enabled (32-bit)
 Alignments: Space 512K, Generation 512K, Heap 2M
 Heap Min Capacity: 100M
 Heap Initial Capacity: 100M
 Heap Max Capacity: 2G
 Pre-touch: Disabled
 Parallel Workers: 8

Heap:
 PSYoungGen      total 22016K, used 21388K [0x00000000d5580000, 0x00000000d6c00000, 0x0000000100000000)
  eden space 20992K, 98% used [0x00000000d5580000,0x00000000d69c3090,0x00000000d6a00000)
  from space 1024K, 62% used [0x00000000d6b00000,0x00000000d6ba0000,0x00000000d6c00000)
  to   space 1024K, 0% used [0x00000000d6a00000,0x00000000d6a00000,0x00000000d6b00000)
 ParOldGen       total 68608K, used 31851K [0x0000000080000000, 0x0000000084300000, 0x00000000d5580000)
  object space 68608K, 46% used [0x0000000080000000,0x0000000081f1ad30,0x0000000084300000)
 Metaspace       used 39596K, committed 40640K, reserved 1114112K
  class space    used 3965K, committed 4416K, reserved 1048576K

Card table byte_map: [0x00000235b2f10000,0x00000235b3320000] _byte_map_base: 0x00000235b2b10000

Marking Bits: (ParMarkBitMap*) 0x00007ffc9de42460
 Begin Bits: [0x00000235c5a20000, 0x00000235c7a20000)
 End Bits:   [0x00000235c7a20000, 0x00000235c9a20000)

Polling page: 0x00000235b1310000

Metaspace:

Usage:
  Non-class:     34.80 MB used.
      Class:      3.87 MB used.
       Both:     38.67 MB used.

Virtual space:
  Non-class space:       64.00 MB reserved,      35.38 MB ( 55%) committed,  1 nodes.
      Class space:        1.00 GB reserved,       4.31 MB ( <1%) committed,  1 nodes.
             Both:        1.06 GB reserved,      39.69 MB (  4%) committed. 

Chunk freelists:
   Non-Class:  12.58 MB
       Class:  11.64 MB
        Both:  24.21 MB

MaxMetaspaceSize: unlimited
CompressedClassSpaceSize: 1.00 GB
Initial GC threshold: 21.00 MB
Current GC threshold: 58.38 MB
CDS: on
 - commit_granule_bytes: 65536.
 - commit_granule_words: 8192.
 - virtual_space_node_default_size: 8388608.
 - enlarge_chunks_in_place: 1.
 - use_allocation_guard: 0.


Internal statistics:

num_allocs_failed_limit: 6.
num_arena_births: 814.
num_arena_deaths: 14.
num_vsnodes_births: 2.
num_vsnodes_deaths: 0.
num_space_committed: 635.
num_space_uncommitted: 0.
num_chunks_returned_to_freelist: 20.
num_chunks_taken_from_freelist: 2464.
num_chunk_merges: 12.
num_chunk_splits: 1587.
num_chunks_enlarged: 990.
num_inconsistent_stats: 0.

CodeHeap 'non-profiled nmethods': size=120000Kb used=3220Kb max_used=3220Kb free=116779Kb
 bounds [0x00000235be240000, 0x00000235be570000, 0x00000235c5770000]
CodeHeap 'profiled nmethods': size=120000Kb used=12122Kb max_used=12122Kb free=107877Kb
 bounds [0x00000235b6770000, 0x00000235b7350000, 0x00000235bdca0000]
CodeHeap 'non-nmethods': size=5760Kb used=1388Kb max_used=1470Kb free=4372Kb
 bounds [0x00000235bdca0000, 0x00000235bdf10000, 0x00000235be240000]
CodeCache: size=245760Kb, used=16730Kb, max_used=16812Kb, free=229028Kb
 total_blobs=6241, nmethods=5552, adapters=593, full_count=0
Compilation: enabled, stopped_count=0, restarted_count=0

Compilation events (20 events):
Event: 21.680 Thread 0x00000235b34ea8d0 nmethod 5928 0x00000235be561090 code [0x00000235be561280, 0x00000235be561a58]
Event: 21.680 Thread 0x00000235b34ea8d0 5929       4       java.io.File::getParentFile (41 bytes)
Event: 21.703 Thread 0x00000235b34ea8d0 nmethod 5929 0x00000235be561e10 code [0x00000235be562000, 0x00000235be5628c8]
Event: 21.703 Thread 0x00000235b34ea8d0 5841       4       org.eclipse.jdt.internal.compiler.parser.Scanner::addTokenToLookBack (137 bytes)
Event: 21.711 Thread 0x00000235b34ea8d0 nmethod 5841 0x00000235be562d90 code [0x00000235be562f40, 0x00000235be563188]
Event: 21.711 Thread 0x00000235b34ea8d0 5845       4       org.eclipse.jdt.internal.compiler.parser.Scanner::getNextToken (176 bytes)
Event: 21.726 Thread 0x00000235b34ea8d0 nmethod 5845 0x00000235be563390 code [0x00000235be5635e0, 0x00000235be563b48]
Event: 21.726 Thread 0x00000235b34ea8d0 5948   !   4       jdk.internal.reflect.MethodHandleObjectFieldAccessorImpl::set (70 bytes)
Event: 21.736 Thread 0x00000235b34ea8d0 nmethod 5948 0x00000235be564010 code [0x00000235be564220, 0x00000235be5646f0]
Event: 21.736 Thread 0x00000235b34ea8d0 5831       4       org.eclipse.jdt.internal.compiler.parser.Scanner::internalScanIdentifierOrKeyword (5041 bytes)
Event: 21.783 Thread 0x00000235b34f34d0 5950       3       org.eclipse.jdt.internal.compiler.ast.NullLiteral::<init> (7 bytes)
Event: 21.783 Thread 0x00000235b34f34d0 nmethod 5950 0x00000235b733f190 code [0x00000235b733f360, 0x00000235b733f6c0]
Event: 21.785 Thread 0x00000235b34f34d0 5952       3       org.eclipse.jdt.internal.compiler.ast.QualifiedTypeReference::traverse (99 bytes)
Event: 21.786 Thread 0x00000235b34f34d0 nmethod 5952 0x00000235b733f890 code [0x00000235b733faa0, 0x00000235b7340158]
Event: 21.786 Thread 0x00000235b34f34d0 5953       3       org.eclipse.jdt.internal.compiler.ASTVisitor::endVisit (1 bytes)
Event: 21.786 Thread 0x00000235b34f34d0 nmethod 5953 0x00000235b7340490 code [0x00000235b7340620, 0x00000235b7340728]
Event: 21.786 Thread 0x00000235b34f34d0 5954       3       lombok.eclipse.handlers.SetGeneratedByVisitor::visit (22 bytes)
Event: 21.786 Thread 0x00000235b34f34d0 nmethod 5954 0x00000235b7340790 code [0x00000235b7340960, 0x00000235b7340c70]
Event: 21.819 Thread 0x00000235b34f34d0 5957       3       lombok.eclipse.handlers.SetGeneratedByVisitor::visit (22 bytes)
Event: 21.819 Thread 0x00000235b34f34d0 nmethod 5957 0x00000235b7340e90 code [0x00000235b7341060, 0x00000235b7341330]

GC Heap History (20 events):
Event: 12.338 GC heap before
{Heap before GC invocations=15 (full 1):
 PSYoungGen      total 23552K, used 23522K [0x00000000d5580000, 0x00000000d7100000, 0x0000000100000000)
  eden space 20992K, 100% used [0x00000000d5580000,0x00000000d6a00000,0x00000000d6a00000)
  from space 2560K, 98% used [0x00000000d6a00000,0x00000000d6c78810,0x00000000d6c80000)
  to   space 3584K, 0% used [0x00000000d6d80000,0x00000000d6d80000,0x00000000d7100000)
 ParOldGen       total 68608K, used 22540K [0x0000000080000000, 0x0000000084300000, 0x00000000d5580000)
  object space 68608K, 32% used [0x0000000080000000,0x0000000081603208,0x0000000084300000)
 Metaspace       used 32189K, committed 33088K, reserved 1114112K
  class space    used 3241K, committed 3648K, reserved 1048576K
}
Event: 12.344 GC heap after
{Heap after GC invocations=15 (full 1):
 PSYoungGen      total 23552K, used 2340K [0x00000000d5580000, 0x00000000d7000000, 0x0000000100000000)
  eden space 20992K, 0% used [0x00000000d5580000,0x00000000d5580000,0x00000000d6a00000)
  from space 2560K, 91% used [0x00000000d6d80000,0x00000000d6fc9000,0x00000000d7000000)
  to   space 2560K, 0% used [0x00000000d6a00000,0x00000000d6a00000,0x00000000d6c80000)
 ParOldGen       total 68608K, used 24882K [0x0000000080000000, 0x0000000084300000, 0x00000000d5580000)
  object space 68608K, 36% used [0x0000000080000000,0x000000008184cbc8,0x0000000084300000)
 Metaspace       used 32189K, committed 33088K, reserved 1114112K
  class space    used 3241K, committed 3648K, reserved 1048576K
}
Event: 12.581 GC heap before
{Heap before GC invocations=16 (full 1):
 PSYoungGen      total 23552K, used 23332K [0x00000000d5580000, 0x00000000d7000000, 0x0000000100000000)
  eden space 20992K, 100% used [0x00000000d5580000,0x00000000d6a00000,0x00000000d6a00000)
  from space 2560K, 91% used [0x00000000d6d80000,0x00000000d6fc9000,0x00000000d7000000)
  to   space 2560K, 0% used [0x00000000d6a00000,0x00000000d6a00000,0x00000000d6c80000)
 ParOldGen       total 68608K, used 24882K [0x0000000080000000, 0x0000000084300000, 0x00000000d5580000)
  object space 68608K, 36% used [0x0000000080000000,0x000000008184cbc8,0x0000000084300000)
 Metaspace       used 32218K, committed 33152K, reserved 1114112K
  class space    used 3242K, committed 3712K, reserved 1048576K
}
Event: 12.589 GC heap after
{Heap after GC invocations=16 (full 1):
 PSYoungGen      total 23552K, used 2368K [0x00000000d5580000, 0x00000000d6f00000, 0x0000000100000000)
  eden space 20992K, 0% used [0x00000000d5580000,0x00000000d5580000,0x00000000d6a00000)
  from space 2560K, 92% used [0x00000000d6a00000,0x00000000d6c50010,0x00000000d6c80000)
  to   space 2560K, 0% used [0x00000000d6c80000,0x00000000d6c80000,0x00000000d6f00000)
 ParOldGen       total 68608K, used 27064K [0x0000000080000000, 0x0000000084300000, 0x00000000d5580000)
  object space 68608K, 39% used [0x0000000080000000,0x0000000081a6e1f0,0x0000000084300000)
 Metaspace       used 32218K, committed 33152K, reserved 1114112K
  class space    used 3242K, committed 3712K, reserved 1048576K
}
Event: 12.901 GC heap before
{Heap before GC invocations=17 (full 1):
 PSYoungGen      total 23552K, used 23360K [0x00000000d5580000, 0x00000000d6f00000, 0x0000000100000000)
  eden space 20992K, 100% used [0x00000000d5580000,0x00000000d6a00000,0x00000000d6a00000)
  from space 2560K, 92% used [0x00000000d6a00000,0x00000000d6c50010,0x00000000d6c80000)
  to   space 2560K, 0% used [0x00000000d6c80000,0x00000000d6c80000,0x00000000d6f00000)
 ParOldGen       total 68608K, used 27064K [0x0000000080000000, 0x0000000084300000, 0x00000000d5580000)
  object space 68608K, 39% used [0x0000000080000000,0x0000000081a6e1f0,0x0000000084300000)
 Metaspace       used 32454K, committed 33408K, reserved 1114112K
  class space    used 3275K, committed 3712K, reserved 1048576K
}
Event: 12.909 GC heap after
{Heap after GC invocations=17 (full 1):
 PSYoungGen      total 23552K, used 1912K [0x00000000d5580000, 0x00000000d6f00000, 0x0000000100000000)
  eden space 20992K, 0% used [0x00000000d5580000,0x00000000d5580000,0x00000000d6a00000)
  from space 2560K, 74% used [0x00000000d6c80000,0x00000000d6e5e200,0x00000000d6f00000)
  to   space 2560K, 0% used [0x00000000d6a00000,0x00000000d6a00000,0x00000000d6c80000)
 ParOldGen       total 68608K, used 29320K [0x0000000080000000, 0x0000000084300000, 0x00000000d5580000)
  object space 68608K, 42% used [0x0000000080000000,0x0000000081ca2200,0x0000000084300000)
 Metaspace       used 32454K, committed 33408K, reserved 1114112K
  class space    used 3275K, committed 3712K, reserved 1048576K
}
Event: 13.971 GC heap before
{Heap before GC invocations=18 (full 1):
 PSYoungGen      total 23552K, used 22904K [0x00000000d5580000, 0x00000000d6f00000, 0x0000000100000000)
  eden space 20992K, 100% used [0x00000000d5580000,0x00000000d6a00000,0x00000000d6a00000)
  from space 2560K, 74% used [0x00000000d6c80000,0x00000000d6e5e200,0x00000000d6f00000)
  to   space 2560K, 0% used [0x00000000d6a00000,0x00000000d6a00000,0x00000000d6c80000)
 ParOldGen       total 68608K, used 29320K [0x0000000080000000, 0x0000000084300000, 0x00000000d5580000)
  object space 68608K, 42% used [0x0000000080000000,0x0000000081ca2200,0x0000000084300000)
 Metaspace       used 34374K, committed 35392K, reserved 1114112K
  class space    used 3537K, committed 3968K, reserved 1048576K
}
Event: 13.979 GC heap after
{Heap after GC invocations=18 (full 1):
 PSYoungGen      total 22016K, used 776K [0x00000000d5580000, 0x00000000d6d00000, 0x0000000100000000)
  eden space 20992K, 0% used [0x00000000d5580000,0x00000000d5580000,0x00000000d6a00000)
  from space 1024K, 75% used [0x00000000d6a00000,0x00000000d6ac2220,0x00000000d6b00000)
  to   space 1536K, 0% used [0x00000000d6b80000,0x00000000d6b80000,0x00000000d6d00000)
 ParOldGen       total 68608K, used 31093K [0x0000000080000000, 0x0000000084300000, 0x00000000d5580000)
  object space 68608K, 45% used [0x0000000080000000,0x0000000081e5d690,0x0000000084300000)
 Metaspace       used 34374K, committed 35392K, reserved 1114112K
  class space    used 3537K, committed 3968K, reserved 1048576K
}
Event: 14.392 GC heap before
{Heap before GC invocations=19 (full 1):
 PSYoungGen      total 22016K, used 8820K [0x00000000d5580000, 0x00000000d6d00000, 0x0000000100000000)
  eden space 20992K, 38% used [0x00000000d5580000,0x00000000d5d5af68,0x00000000d6a00000)
  from space 1024K, 75% used [0x00000000d6a00000,0x00000000d6ac2220,0x00000000d6b00000)
  to   space 1536K, 0% used [0x00000000d6b80000,0x00000000d6b80000,0x00000000d6d00000)
 ParOldGen       total 68608K, used 31093K [0x0000000080000000, 0x0000000084300000, 0x00000000d5580000)
  object space 68608K, 45% used [0x0000000080000000,0x0000000081e5d690,0x0000000084300000)
 Metaspace       used 34908K, committed 35840K, reserved 1114112K
  class space    used 3581K, committed 4032K, reserved 1048576K
}
Event: 14.394 GC heap after
{Heap after GC invocations=19 (full 1):
 PSYoungGen      total 21504K, used 320K [0x00000000d5580000, 0x00000000d6c00000, 0x0000000100000000)
  eden space 20992K, 0% used [0x00000000d5580000,0x00000000d5580000,0x00000000d6a00000)
  from space 512K, 62% used [0x00000000d6b80000,0x00000000d6bd0000,0x00000000d6c00000)
  to   space 1024K, 0% used [0x00000000d6a00000,0x00000000d6a00000,0x00000000d6b00000)
 ParOldGen       total 68608K, used 31808K [0x0000000080000000, 0x0000000084300000, 0x00000000d5580000)
  object space 68608K, 46% used [0x0000000080000000,0x0000000081f10298,0x0000000084300000)
 Metaspace       used 34908K, committed 35840K, reserved 1114112K
  class space    used 3581K, committed 4032K, reserved 1048576K
}
Event: 14.394 GC heap before
{Heap before GC invocations=20 (full 2):
 PSYoungGen      total 21504K, used 320K [0x00000000d5580000, 0x00000000d6c00000, 0x0000000100000000)
  eden space 20992K, 0% used [0x00000000d5580000,0x00000000d5580000,0x00000000d6a00000)
  from space 512K, 62% used [0x00000000d6b80000,0x00000000d6bd0000,0x00000000d6c00000)
  to   space 1024K, 0% used [0x00000000d6a00000,0x00000000d6a00000,0x00000000d6b00000)
 ParOldGen       total 68608K, used 31808K [0x0000000080000000, 0x0000000084300000, 0x00000000d5580000)
  object space 68608K, 46% used [0x0000000080000000,0x0000000081f10298,0x0000000084300000)
 Metaspace       used 34908K, committed 35840K, reserved 1114112K
  class space    used 3581K, committed 4032K, reserved 1048576K
}
Event: 14.487 GC heap after
{Heap after GC invocations=20 (full 2):
 PSYoungGen      total 21504K, used 0K [0x00000000d5580000, 0x00000000d6c00000, 0x0000000100000000)
  eden space 20992K, 0% used [0x00000000d5580000,0x00000000d5580000,0x00000000d6a00000)
  from space 512K, 0% used [0x00000000d6b80000,0x00000000d6b80000,0x00000000d6c00000)
  to   space 1024K, 0% used [0x00000000d6a00000,0x00000000d6a00000,0x00000000d6b00000)
 ParOldGen       total 68608K, used 30797K [0x0000000080000000, 0x0000000084300000, 0x00000000d5580000)
  object space 68608K, 44% used [0x0000000080000000,0x0000000081e13640,0x0000000084300000)
 Metaspace       used 34908K, committed 35840K, reserved 1114112K
  class space    used 3581K, committed 4032K, reserved 1048576K
}
Event: 15.265 GC heap before
{Heap before GC invocations=21 (full 2):
 PSYoungGen      total 21504K, used 20992K [0x00000000d5580000, 0x00000000d6c00000, 0x0000000100000000)
  eden space 20992K, 100% used [0x00000000d5580000,0x00000000d6a00000,0x00000000d6a00000)
  from space 512K, 0% used [0x00000000d6b80000,0x00000000d6b80000,0x00000000d6c00000)
  to   space 1024K, 0% used [0x00000000d6a00000,0x00000000d6a00000,0x00000000d6b00000)
 ParOldGen       total 68608K, used 30797K [0x0000000080000000, 0x0000000084300000, 0x00000000d5580000)
  object space 68608K, 44% used [0x0000000080000000,0x0000000081e13640,0x0000000084300000)
 Metaspace       used 35979K, committed 36928K, reserved 1114112K
  class space    used 3679K, committed 4096K, reserved 1048576K
}
Event: 15.268 GC heap after
{Heap after GC invocations=21 (full 2):
 PSYoungGen      total 22016K, used 1011K [0x00000000d5580000, 0x00000000d6d00000, 0x0000000100000000)
  eden space 20992K, 0% used [0x00000000d5580000,0x00000000d5580000,0x00000000d6a00000)
  from space 1024K, 98% used [0x00000000d6a00000,0x00000000d6afcfa0,0x00000000d6b00000)
  to   space 1536K, 0% used [0x00000000d6b80000,0x00000000d6b80000,0x00000000d6d00000)
 ParOldGen       total 68608K, used 30877K [0x0000000080000000, 0x0000000084300000, 0x00000000d5580000)
  object space 68608K, 45% used [0x0000000080000000,0x0000000081e27640,0x0000000084300000)
 Metaspace       used 35979K, committed 36928K, reserved 1114112K
  class space    used 3679K, committed 4096K, reserved 1048576K
}
Event: 15.731 GC heap before
{Heap before GC invocations=22 (full 2):
 PSYoungGen      total 22016K, used 22003K [0x00000000d5580000, 0x00000000d6d00000, 0x0000000100000000)
  eden space 20992K, 100% used [0x00000000d5580000,0x00000000d6a00000,0x00000000d6a00000)
  from space 1024K, 98% used [0x00000000d6a00000,0x00000000d6afcfa0,0x00000000d6b00000)
  to   space 1536K, 0% used [0x00000000d6b80000,0x00000000d6b80000,0x00000000d6d00000)
 ParOldGen       total 68608K, used 30877K [0x0000000080000000, 0x0000000084300000, 0x00000000d5580000)
  object space 68608K, 45% used [0x0000000080000000,0x0000000081e27640,0x0000000084300000)
 Metaspace       used 35996K, committed 36992K, reserved 1114112K
  class space    used 3679K, committed 4096K, reserved 1048576K
}
Event: 15.733 GC heap after
{Heap after GC invocations=22 (full 2):
 PSYoungGen      total 22528K, used 1124K [0x00000000d5580000, 0x00000000d6d00000, 0x0000000100000000)
  eden space 20992K, 0% used [0x00000000d5580000,0x00000000d5580000,0x00000000d6a00000)
  from space 1536K, 73% used [0x00000000d6b80000,0x00000000d6c991b8,0x00000000d6d00000)
  to   space 1536K, 0% used [0x00000000d6a00000,0x00000000d6a00000,0x00000000d6b80000)
 ParOldGen       total 68608K, used 31499K [0x0000000080000000, 0x0000000084300000, 0x00000000d5580000)
  object space 68608K, 45% used [0x0000000080000000,0x0000000081ec2d30,0x0000000084300000)
 Metaspace       used 35996K, committed 36992K, reserved 1114112K
  class space    used 3679K, committed 4096K, reserved 1048576K
}
Event: 17.921 GC heap before
{Heap before GC invocations=23 (full 2):
 PSYoungGen      total 22528K, used 22116K [0x00000000d5580000, 0x00000000d6d00000, 0x0000000100000000)
  eden space 20992K, 100% used [0x00000000d5580000,0x00000000d6a00000,0x00000000d6a00000)
  from space 1536K, 73% used [0x00000000d6b80000,0x00000000d6c991b8,0x00000000d6d00000)
  to   space 1536K, 0% used [0x00000000d6a00000,0x00000000d6a00000,0x00000000d6b80000)
 ParOldGen       total 68608K, used 31499K [0x0000000080000000, 0x0000000084300000, 0x00000000d5580000)
  object space 68608K, 45% used [0x0000000080000000,0x0000000081ec2d30,0x0000000084300000)
 Metaspace       used 38487K, committed 39488K, reserved 1114112K
  class space    used 3890K, committed 4352K, reserved 1048576K
}
Event: 17.923 GC heap after
{Heap after GC invocations=23 (full 2):
 PSYoungGen      total 22016K, used 576K [0x00000000d5580000, 0x00000000d6c00000, 0x0000000100000000)
  eden space 20992K, 0% used [0x00000000d5580000,0x00000000d5580000,0x00000000d6a00000)
  from space 1024K, 56% used [0x00000000d6a00000,0x00000000d6a90000,0x00000000d6b00000)
  to   space 1024K, 0% used [0x00000000d6b00000,0x00000000d6b00000,0x00000000d6c00000)
 ParOldGen       total 68608K, used 31523K [0x0000000080000000, 0x0000000084300000, 0x00000000d5580000)
  object space 68608K, 45% used [0x0000000080000000,0x0000000081ec8d30,0x0000000084300000)
 Metaspace       used 38487K, committed 39488K, reserved 1114112K
  class space    used 3890K, committed 4352K, reserved 1048576K
}
Event: 20.058 GC heap before
{Heap before GC invocations=24 (full 2):
 PSYoungGen      total 22016K, used 21568K [0x00000000d5580000, 0x00000000d6c00000, 0x0000000100000000)
  eden space 20992K, 100% used [0x00000000d5580000,0x00000000d6a00000,0x00000000d6a00000)
  from space 1024K, 56% used [0x00000000d6a00000,0x00000000d6a90000,0x00000000d6b00000)
  to   space 1024K, 0% used [0x00000000d6b00000,0x00000000d6b00000,0x00000000d6c00000)
 ParOldGen       total 68608K, used 31523K [0x0000000080000000, 0x0000000084300000, 0x00000000d5580000)
  object space 68608K, 45% used [0x0000000080000000,0x0000000081ec8d30,0x0000000084300000)
 Metaspace       used 39193K, committed 40192K, reserved 1114112K
  class space    used 3949K, committed 4416K, reserved 1048576K
}
Event: 20.062 GC heap after
{Heap after GC invocations=24 (full 2):
 PSYoungGen      total 22016K, used 640K [0x00000000d5580000, 0x00000000d6c00000, 0x0000000100000000)
  eden space 20992K, 0% used [0x00000000d5580000,0x00000000d5580000,0x00000000d6a00000)
  from space 1024K, 62% used [0x00000000d6b00000,0x00000000d6ba0000,0x00000000d6c00000)
  to   space 1024K, 0% used [0x00000000d6a00000,0x00000000d6a00000,0x00000000d6b00000)
 ParOldGen       total 68608K, used 31851K [0x0000000080000000, 0x0000000084300000, 0x00000000d5580000)
  object space 68608K, 46% used [0x0000000080000000,0x0000000081f1ad30,0x0000000084300000)
 Metaspace       used 39193K, committed 40192K, reserved 1114112K
  class space    used 3949K, committed 4416K, reserved 1048576K
}

Dll operation events (10 events):
Event: 0.009 Loaded shared library c:\Users\Administrator\.antigravity\extensions\redhat.java-1.51.0-win32-x64\jre\21.0.9-win32-x86_64\bin\java.dll
Event: 0.077 Loaded shared library c:\Users\Administrator\.antigravity\extensions\redhat.java-1.51.0-win32-x64\jre\21.0.9-win32-x86_64\bin\zip.dll
Event: 0.106 Loaded shared library C:\Users\Administrator\.antigravity\extensions\redhat.java-1.51.0-win32-x64\jre\21.0.9-win32-x86_64\bin\instrument.dll
Event: 0.114 Loaded shared library C:\Users\Administrator\.antigravity\extensions\redhat.java-1.51.0-win32-x64\jre\21.0.9-win32-x86_64\bin\net.dll
Event: 0.118 Loaded shared library C:\Users\Administrator\.antigravity\extensions\redhat.java-1.51.0-win32-x64\jre\21.0.9-win32-x86_64\bin\nio.dll
Event: 0.124 Loaded shared library C:\Users\Administrator\.antigravity\extensions\redhat.java-1.51.0-win32-x64\jre\21.0.9-win32-x86_64\bin\zip.dll
Event: 0.155 Loaded shared library C:\Users\Administrator\.antigravity\extensions\redhat.java-1.51.0-win32-x64\jre\21.0.9-win32-x86_64\bin\jimage.dll
Event: 0.253 Loaded shared library c:\Users\Administrator\.antigravity\extensions\redhat.java-1.51.0-win32-x64\jre\21.0.9-win32-x86_64\bin\verify.dll
Event: 2.502 Loaded shared library C:\Users\Administrator\AppData\Roaming\Antigravity\User\globalStorage\redhat.java\1.51.0\config_ss_win\org.eclipse.equinox.launcher\org.eclipse.equinox.launcher.win32.win32.x86_64_1.2.1400.v20250801-0854\eclipse_11916.dll
Event: 6.358 Loaded shared library C:\Users\Administrator\AppData\Local\Temp\jna-146731693\jna7659522048307249414.dll

Deoptimization events (20 events):
Event: 20.937 Thread 0x0000023612f10c60 DEOPT PACKING pc=0x00000235be5041fc sp=0x000000bfd63fc650
Event: 20.937 Thread 0x0000023612f10c60 DEOPT UNPACKING pc=0x00000235bdcf3aa2 sp=0x000000bfd63fc610 mode 2
Event: 20.951 Thread 0x0000023612f10c60 Uncommon trap: trap_request=0xffffffde fr.pc=0x00000235be2792cc relative=0x000000000000062c
Event: 20.951 Thread 0x0000023612f10c60 Uncommon trap: reason=class_check action=maybe_recompile pc=0x00000235be2792cc method=java.util.regex.Pattern$CharPropertyGreedy.match(Ljava/util/regex/Matcher;ILjava/lang/CharSequence;)Z @ 113 c2
Event: 20.951 Thread 0x0000023612f10c60 DEOPT PACKING pc=0x00000235be2792cc sp=0x000000bfd63fc6d0
Event: 20.951 Thread 0x0000023612f10c60 DEOPT UNPACKING pc=0x00000235bdcf3aa2 sp=0x000000bfd63fc660 mode 2
Event: 20.953 Thread 0x0000023612f10c60 Uncommon trap: trap_request=0xffffff6e fr.pc=0x00000235be4e95c4 relative=0x00000000000008e4
Event: 20.953 Thread 0x0000023612f10c60 Uncommon trap: reason=loop_limit_check action=maybe_recompile pc=0x00000235be4e95c4 method=java.util.regex.Pattern$Start.match(Ljava/util/regex/Matcher;ILjava/lang/CharSequence;)Z @ 34 c2
Event: 20.953 Thread 0x0000023612f10c60 DEOPT PACKING pc=0x00000235be4e95c4 sp=0x000000bfd63fc780
Event: 20.953 Thread 0x0000023612f10c60 DEOPT UNPACKING pc=0x00000235bdcf3aa2 sp=0x000000bfd63fc678 mode 2
Event: 20.962 Thread 0x0000023612f10c60 Uncommon trap: trap_request=0xffffff45 fr.pc=0x00000235be534268 relative=0x0000000000000c68
Event: 20.962 Thread 0x0000023612f10c60 Uncommon trap: reason=unstable_if action=reinterpret pc=0x00000235be534268 method=lombok.eclipse.EclipseNode.traverse(Llombok/eclipse/EclipseASTVisitor;)V @ 251 c2
Event: 20.962 Thread 0x0000023612f10c60 DEOPT PACKING pc=0x00000235be534268 sp=0x000000bfd63fd7d0
Event: 20.962 Thread 0x0000023612f10c60 DEOPT UNPACKING pc=0x00000235bdcf3aa2 sp=0x000000bfd63fd778 mode 2
Event: 21.455 Thread 0x0000023612f10c60 DEOPT PACKING pc=0x00000235b6df9927 sp=0x000000bfd63fe5f0
Event: 21.455 Thread 0x0000023612f10c60 DEOPT UNPACKING pc=0x00000235bdcf4242 sp=0x000000bfd63fdae8 mode 0
Event: 21.482 Thread 0x0000023612f10c60 Uncommon trap: trap_request=0xffffff45 fr.pc=0x00000235be491a98 relative=0x0000000000000158
Event: 21.482 Thread 0x0000023612f10c60 Uncommon trap: reason=unstable_if action=reinterpret pc=0x00000235be491a98 method=java.util.ArrayList.equals(Ljava/lang/Object;)Z @ 27 c2
Event: 21.482 Thread 0x0000023612f10c60 DEOPT PACKING pc=0x00000235be491a98 sp=0x000000bfd63fe7c0
Event: 21.482 Thread 0x0000023612f10c60 DEOPT UNPACKING pc=0x00000235bdcf3aa2 sp=0x000000bfd63fe758 mode 2

Classes loaded (20 events):
Event: 14.020 Loading class java/util/Vector$1
Event: 14.020 Loading class java/util/Vector$1 done
Event: 14.856 Loading class java/util/regex/Pattern$Caret
Event: 14.859 Loading class java/util/regex/Pattern$Caret done
Event: 15.071 Loading class java/util/stream/ReferencePipeline$4
Event: 15.071 Loading class java/util/stream/ReferencePipeline$4 done
Event: 15.072 Loading class java/util/stream/Nodes$IntFixedNodeBuilder
Event: 15.072 Loading class java/util/stream/Node$Builder$OfInt
Event: 15.074 Loading class java/util/stream/Node$Builder$OfInt done
Event: 15.074 Loading class java/util/stream/Nodes$IntArrayNode
Event: 15.074 Loading class java/util/stream/Nodes$IntArrayNode done
Event: 15.074 Loading class java/util/stream/Nodes$IntFixedNodeBuilder done
Event: 15.074 Loading class java/util/stream/ReferencePipeline$4$1
Event: 15.074 Loading class java/util/stream/ReferencePipeline$4$1 done
Event: 16.408 Loading class java/util/Hashtable$ValueCollection
Event: 16.409 Loading class java/util/Hashtable$ValueCollection done
Event: 17.272 Loading class java/util/WeakHashMap$KeyIterator
Event: 17.274 Loading class java/util/WeakHashMap$KeyIterator done
Event: 17.804 Loading class java/util/regex/Pattern$Pos
Event: 17.805 Loading class java/util/regex/Pattern$Pos done

Classes unloaded (7 events):
Event: 7.765 Thread 0x00000235b34c2550 Unloading class 0x00000235cb191400 'java/lang/invoke/LambdaForm$MH+0x00000235cb191400'
Event: 7.765 Thread 0x00000235b34c2550 Unloading class 0x00000235cb191000 'java/lang/invoke/LambdaForm$MH+0x00000235cb191000'
Event: 7.765 Thread 0x00000235b34c2550 Unloading class 0x00000235cb190c00 'java/lang/invoke/LambdaForm$MH+0x00000235cb190c00'
Event: 7.765 Thread 0x00000235b34c2550 Unloading class 0x00000235cb190800 'java/lang/invoke/LambdaForm$MH+0x00000235cb190800'
Event: 7.765 Thread 0x00000235b34c2550 Unloading class 0x00000235cb190400 'java/lang/invoke/LambdaForm$BMH+0x00000235cb190400'
Event: 7.765 Thread 0x00000235b34c2550 Unloading class 0x00000235cb190000 'java/lang/invoke/LambdaForm$DMH+0x00000235cb190000'
Event: 7.765 Thread 0x00000235b34c2550 Unloading class 0x00000235cb18ec00 'java/lang/invoke/LambdaForm$DMH+0x00000235cb18ec00'

Classes redefined (0 events):
No events

Internal exceptions (20 events):
Event: 11.150 Thread 0x0000023612f10c60 Exception <a 'java/lang/IncompatibleClassChangeError'{0x00000000d55c68b0}: Found class java.lang.Object, but interface was expected> (0x00000000d55c68b0) 
thrown [s\src\hotspot\share\interpreter\linkResolver.cpp, line 840]
Event: 11.365 Thread 0x0000023612f10c60 Implicit null exception at 0x00000235be40dab1 to 0x00000235be40dd98
Event: 11.366 Thread 0x0000023612f10c60 Exception <a 'java/lang/NoSuchMethodError'{0x00000000d59fbff0}: 'long java.lang.invoke.DirectMethodHandle$Holder.invokeStatic(java.lang.Object, java.lang.Object, int)'> (0x00000000d59fbff0) 
thrown [s\src\hotspot\share\interpreter\linkResolver.cpp, line 773]
Event: 11.367 Thread 0x0000023612f10c60 Exception <a 'java/lang/NoSuchMethodError'{0x00000000d5a065f0}: 'java.lang.Object java.lang.invoke.DelegatingMethodHandle$Holder.reinvoke_L(java.lang.Object, int, long, java.lang.Object, java.lang.Object, int, java.lang.Object)'> (0x00000000d5a065f0) 
thrown [s\src\hotspot\share\interpreter\linkResolver.cpp, line 773]
Event: 11.601 Thread 0x0000023612f10c60 Exception <a 'java/lang/NoSuchMethodError'{0x00000000d5f9f8e8}: 'java.lang.Object java.lang.invoke.DirectMethodHandle$Holder.invokeStaticInit(java.lang.Object, java.lang.Object, java.lang.Object, java.lang.Object, java.lang.Object, java.lang.Object, java.lang.Object)'> (0x00000000d5f9f8e8) 
thrown [s\src\hotspot\share\interpreter\linkResolver.cpp, line 773]
Event: 11.603 Thread 0x0000023612f10c60 Exception <a 'java/lang/NoSuchMethodError'{0x00000000d5fa48a0}: 'java.lang.Object java.lang.invoke.Invokers$Holder.invoke_MT(java.lang.Object, java.lang.Object, java.lang.Object, java.lang.Object, java.lang.Object, java.lang.Object, java.lang.Object, java.lang.Object, java.lang.Object, java.lang.Object)'> (0x00000000d5fa48a0) 
thrown [s\src\hotspot\share\interpreter\linkResolver.cpp, line 773]
Event: 11.610 Thread 0x0000023612f10c60 Exception <a 'java/lang/NoSuchMethodError'{0x00000000d5fe4b48}: 'int java.lang.invoke.DirectMethodHandle$Holder.invokeVirtual(java.lang.Object, java.lang.Object, java.lang.Object)'> (0x00000000d5fe4b48) 
thrown [s\src\hotspot\share\interpreter\linkResolver.cpp, line 773]
Event: 11.612 Thread 0x0000023612f10c60 Exception <a 'java/lang/NoSuchMethodError'{0x00000000d5fe8ef0}: 'int java.lang.invoke.DirectMethodHandle$Holder.invokeStaticInit(java.lang.Object, int, int)'> (0x00000000d5fe8ef0) 
thrown [s\src\hotspot\share\interpreter\linkResolver.cpp, line 773]
Event: 11.613 Thread 0x0000023612f10c60 Exception <a 'java/lang/NoSuchMethodError'{0x00000000d5ff0698}: 'int java.lang.invoke.DirectMethodHandle$Holder.invokeStaticInit(java.lang.Object, long, long)'> (0x00000000d5ff0698) 
thrown [s\src\hotspot\share\interpreter\linkResolver.cpp, line 773]
Event: 11.614 Thread 0x0000023612f10c60 Exception <a 'java/lang/NoSuchMethodError'{0x00000000d5ff73e0}: 'int java.lang.invoke.DirectMethodHandle$Holder.invokeStaticInit(java.lang.Object, float, float)'> (0x00000000d5ff73e0) 
thrown [s\src\hotspot\share\interpreter\linkResolver.cpp, line 773]
Event: 11.615 Thread 0x0000023612f10c60 Exception <a 'java/lang/NoSuchMethodError'{0x00000000d5ffe438}: 'int java.lang.invoke.DirectMethodHandle$Holder.invokeStaticInit(java.lang.Object, double, double)'> (0x00000000d5ffe438) 
thrown [s\src\hotspot\share\interpreter\linkResolver.cpp, line 773]
Event: 11.616 Thread 0x0000023612f10c60 Exception <a 'java/lang/NoSuchMethodError'{0x00000000d6002e78}: 'int java.lang.invoke.DirectMethodHandle$Holder.invokeStatic(java.lang.Object, long)'> (0x00000000d6002e78) 
thrown [s\src\hotspot\share\interpreter\linkResolver.cpp, line 773]
Event: 11.622 Thread 0x0000023612f10c60 Exception <a 'java/lang/NoSuchMethodError'{0x00000000d6021d28}: 'int java.lang.invoke.Invokers$Holder.linkToTargetMethod(java.lang.Object, java.lang.Object)'> (0x00000000d6021d28) 
thrown [s\src\hotspot\share\interpreter\linkResolver.cpp, line 773]
Event: 13.302 Thread 0x0000023612f10c60 Exception <a 'java/lang/NoSuchMethodError'{0x00000000d5cb2a70}: 'java.lang.Object java.lang.invoke.DirectMethodHandle$Holder.invokeVirtual(java.lang.Object, java.lang.Object, int)'> (0x00000000d5cb2a70) 
thrown [s\src\hotspot\share\interpreter\linkResolver.cpp, line 773]
Event: 14.742 Thread 0x0000023612f10c60 Implicit null exception at 0x00000235be4a63a0 to 0x00000235be4a6f7c
Event: 17.781 Thread 0x0000023612f126a0 Exception <a 'java/lang/NoSuchMethodError'{0x00000000d6812df8}: 'java.lang.Object java.lang.invoke.DirectMethodHandle$Holder.invokeSpecial(java.lang.Object, java.lang.Object, int, long)'> (0x00000000d6812df8) 
thrown [s\src\hotspot\share\interpreter\linkResolver.cpp, line 773]
Event: 18.118 Thread 0x0000023612f10c60 Implicit null exception at 0x00000235be28c9db to 0x00000235be28cba9
Event: 18.227 Thread 0x0000023612f10c60 Implicit null exception at 0x00000235be2e7e06 to 0x00000235be2e7fa9
Event: 18.580 Thread 0x0000023612f10c60 Exception <a 'java/lang/NoSuchMethodError'{0x00000000d5d2f878}: 'java.lang.Object java.lang.invoke.DirectMethodHandle$Holder.invokeStatic(java.lang.Object, java.lang.Object, int, int)'> (0x00000000d5d2f878) 
thrown [s\src\hotspot\share\interpreter\linkResolver.cpp, line 773]
Event: 18.581 Thread 0x0000023612f10c60 Exception <a 'java/lang/NoSuchMethodError'{0x00000000d5d33c78}: 'java.lang.Object java.lang.invoke.DirectMethodHandle$Holder.invokeSpecial(java.lang.Object, java.lang.Object, java.lang.Object, int, int)'> (0x00000000d5d33c78) 
thrown [s\src\hotspot\share\interpreter\linkResolver.cpp, line 773]

ZGC Phase Switch (0 events):
No events

VM Operations (20 events):
Event: 14.392 Executing VM operation: CollectForMetadataAllocation (Metadata GC Threshold)
Event: 14.488 Executing VM operation: CollectForMetadataAllocation (Metadata GC Threshold) done
Event: 15.265 Executing VM operation: ParallelGCFailedAllocation (Allocation Failure)
Event: 15.268 Executing VM operation: ParallelGCFailedAllocation (Allocation Failure) done
Event: 15.731 Executing VM operation: ParallelGCFailedAllocation (Allocation Failure)
Event: 15.733 Executing VM operation: ParallelGCFailedAllocation (Allocation Failure) done
Event: 16.733 Executing VM operation: Cleanup
Event: 16.733 Executing VM operation: Cleanup done
Event: 17.921 Executing VM operation: ParallelGCFailedAllocation (Allocation Failure)
Event: 17.923 Executing VM operation: ParallelGCFailedAllocation (Allocation Failure) done
Event: 18.776 Executing VM operation: ICBufferFull
Event: 18.777 Executing VM operation: ICBufferFull done
Event: 19.777 Executing VM operation: Cleanup
Event: 19.777 Executing VM operation: Cleanup done
Event: 20.058 Executing VM operation: ParallelGCFailedAllocation (Allocation Failure)
Event: 20.062 Executing VM operation: ParallelGCFailedAllocation (Allocation Failure) done
Event: 20.961 Executing VM operation: HandshakeAllThreads (Deoptimize)
Event: 20.962 Executing VM operation: HandshakeAllThreads (Deoptimize) done
Event: 21.455 Executing VM operation: ICBufferFull
Event: 21.456 Executing VM operation: ICBufferFull done

Memory protections (0 events):
No events

Nmethod flushes (20 events):
Event: 14.431 Thread 0x00000235b34c2550 flushing  nmethod 0x00000235b6bfa210
Event: 14.431 Thread 0x00000235b34c2550 flushing  nmethod 0x00000235b6bfab90
Event: 14.431 Thread 0x00000235b34c2550 flushing  nmethod 0x00000235b6bfd690
Event: 14.431 Thread 0x00000235b34c2550 flushing  nmethod 0x00000235b6bfdd90
Event: 14.431 Thread 0x00000235b34c2550 flushing  nmethod 0x00000235b6bfef90
Event: 14.431 Thread 0x00000235b34c2550 flushing  nmethod 0x00000235b6c00290
Event: 14.431 Thread 0x00000235b34c2550 flushing  nmethod 0x00000235b6c00790
Event: 14.431 Thread 0x00000235b34c2550 flushing  nmethod 0x00000235b6c00b90
Event: 14.431 Thread 0x00000235b34c2550 flushing  nmethod 0x00000235b6c00f10
Event: 14.431 Thread 0x00000235b34c2550 flushing  nmethod 0x00000235b6c02490
Event: 14.431 Thread 0x00000235b34c2550 flushing  nmethod 0x00000235b6c02c90
Event: 14.431 Thread 0x00000235b34c2550 flushing  nmethod 0x00000235b6c2bc10
Event: 14.431 Thread 0x00000235b34c2550 flushing  nmethod 0x00000235b6c5b610
Event: 14.431 Thread 0x00000235b34c2550 flushing  nmethod 0x00000235b6c5be90
Event: 14.431 Thread 0x00000235b34c2550 flushing  nmethod 0x00000235b6c5c290
Event: 14.431 Thread 0x00000235b34c2550 flushing  nmethod 0x00000235b6c6c510
Event: 14.431 Thread 0x00000235b34c2550 flushing  nmethod 0x00000235b6c6ec90
Event: 14.431 Thread 0x00000235b34c2550 flushing  nmethod 0x00000235b6c71690
Event: 14.431 Thread 0x00000235b34c2550 flushing  nmethod 0x00000235b6c72590
Event: 14.431 Thread 0x00000235b34c2550 flushing  nmethod 0x00000235b6c93610

Events (20 events):
Event: 4.124 Thread 0x00000236118fd370 Thread added: 0x00000236119f1d90
Event: 6.405 Thread 0x00000236118fd370 Thread added: 0x0000023611b7f6a0
Event: 6.490 Thread 0x00000236118fd370 Thread added: 0x0000023611b6dc80
Event: 6.553 Thread 0x00000236118fd370 Thread added: 0x0000023612120a10
Event: 7.816 Thread 0x0000023612120a10 Thread added: 0x0000023611b636b0
Event: 8.502 Thread 0x00000236118fd370 Thread added: 0x0000023611b63d40
Event: 8.848 Thread 0x0000023611b63d40 Thread exited: 0x0000023611b63d40
Event: 9.969 Thread 0x00000235b1375200 Thread added: 0x0000023611b64a60
Event: 9.970 Thread 0x00000235b1375200 Thread added: 0x0000023611b650f0
Event: 9.970 Thread 0x00000235b1375200 Thread added: 0x0000023611b63d40
Event: 9.970 Thread 0x00000235b1375200 Thread added: 0x0000023611b643d0
Event: 9.970 Thread 0x00000235b1375200 Thread added: 0x0000023611b62300
Event: 9.971 Thread 0x00000235b1375200 Thread added: 0x0000023611b62990
Event: 9.971 Thread 0x00000235b1375200 Thread added: 0x0000023611b63020
Event: 9.971 Thread 0x00000235b1375200 Thread added: 0x0000023611b61c70
Event: 9.971 Thread 0x00000235b1375200 Thread added: 0x0000023612f15490
Event: 10.006 Thread 0x00000235b1375200 Thread added: 0x0000023612f105d0
Event: 10.500 Thread 0x00000235b1375200 Thread added: 0x0000023612f12d30
Event: 10.501 Thread 0x00000235b1375200 Thread added: 0x0000023612f10c60
Event: 10.999 Thread 0x0000023611b6dc80 Thread added: 0x0000023612f126a0


Dynamic libraries:
0x00007ff72feb0000 - 0x00007ff72febe000 	c:\Users\Administrator\.antigravity\extensions\redhat.java-1.51.0-win32-x64\jre\21.0.9-win32-x86_64\bin\java.exe
0x00007ffd13080000 - 0x00007ffd13270000 	C:\Windows\SYSTEM32\ntdll.dll
0x00007ffd116a0000 - 0x00007ffd11752000 	C:\Windows\System32\KERNEL32.DLL
0x00007ffd10c00000 - 0x00007ffd10ea5000 	C:\Windows\System32\KERNELBASE.dll
0x00007ffd10b00000 - 0x00007ffd10bfa000 	C:\Windows\System32\ucrtbase.dll
0x00007ffcf5db0000 - 0x00007ffcf5dc8000 	c:\Users\Administrator\.antigravity\extensions\redhat.java-1.51.0-win32-x64\jre\21.0.9-win32-x86_64\bin\jli.dll
0x00007ffce2010000 - 0x00007ffce202e000 	c:\Users\Administrator\.antigravity\extensions\redhat.java-1.51.0-win32-x64\jre\21.0.9-win32-x86_64\bin\VCRUNTIME140.dll
0x00007ffd12600000 - 0x00007ffd12794000 	C:\Windows\System32\USER32.dll
0x00007ffcf7250000 - 0x00007ffcf74d4000 	C:\Windows\WinSxS\amd64_microsoft.windows.common-controls_6595b64144ccf1df_6.0.18362.1556_none_9e7e372fe45e41d5\COMCTL32.dll
0x00007ffd0fff0000 - 0x00007ffd10011000 	C:\Windows\System32\win32u.dll
0x00007ffd11760000 - 0x00007ffd117fe000 	C:\Windows\System32\msvcrt.dll
0x00007ffd11670000 - 0x00007ffd11696000 	C:\Windows\System32\GDI32.dll
0x00007ffd108b0000 - 0x00007ffd10a48000 	C:\Windows\System32\gdi32full.dll
0x00007ffd12940000 - 0x00007ffd12c76000 	C:\Windows\System32\combase.dll
0x00007ffd10810000 - 0x00007ffd108ae000 	C:\Windows\System32\msvcp_win.dll
0x00007ffd12820000 - 0x00007ffd1293f000 	C:\Windows\System32\RPCRT4.dll
0x00007ffd10eb0000 - 0x00007ffd10f31000 	C:\Windows\System32\bcryptPrimitives.dll
0x00007ffd12dc0000 - 0x00007ffd12dee000 	C:\Windows\System32\IMM32.DLL
0x00007ffd08930000 - 0x00007ffd0893c000 	c:\Users\Administrator\.antigravity\extensions\redhat.java-1.51.0-win32-x64\jre\21.0.9-win32-x86_64\bin\vcruntime140_1.dll
0x00007ffcc8270000 - 0x00007ffcc82fd000 	c:\Users\Administrator\.antigravity\extensions\redhat.java-1.51.0-win32-x64\jre\21.0.9-win32-x86_64\bin\msvcp140.dll
0x00007ffc9d180000 - 0x00007ffc9df20000 	c:\Users\Administrator\.antigravity\extensions\redhat.java-1.51.0-win32-x64\jre\21.0.9-win32-x86_64\bin\server\jvm.dll
0x00007ffd12470000 - 0x00007ffd12513000 	C:\Windows\System32\ADVAPI32.dll
0x00007ffd12df0000 - 0x00007ffd12e87000 	C:\Windows\System32\sechost.dll
0x00007ffd0ff40000 - 0x00007ffd0ff8a000 	C:\Windows\System32\POWRPROF.dll
0x00007ffd0ff30000 - 0x00007ffd0ff40000 	C:\Windows\System32\UMPDC.dll
0x00007ffd12e90000 - 0x00007ffd12eff000 	C:\Windows\System32\WS2_32.dll
0x00007ffd06660000 - 0x00007ffd0666a000 	C:\Windows\SYSTEM32\VERSION.dll
0x00007ffd08fa0000 - 0x00007ffd08fc4000 	C:\Windows\SYSTEM32\WINMM.dll
0x00007ffd08f70000 - 0x00007ffd08f9d000 	C:\Windows\SYSTEM32\winmmbase.dll
0x00007ffd10020000 - 0x00007ffd1006a000 	C:\Windows\System32\cfgmgr32.dll
0x00007ffd0ffb0000 - 0x00007ffd0ffc1000 	C:\Windows\System32\kernel.appcore.dll
0x00007ffd03290000 - 0x00007ffd0329a000 	c:\Users\Administrator\.antigravity\extensions\redhat.java-1.51.0-win32-x64\jre\21.0.9-win32-x86_64\bin\jimage.dll
0x00007ffd0e840000 - 0x00007ffd0ea34000 	C:\Windows\SYSTEM32\DBGHELP.DLL
0x00007ffcf46e0000 - 0x00007ffcf470a000 	C:\Windows\SYSTEM32\dbgcore.DLL
0x00007ffcfc6a0000 - 0x00007ffcfc6af000 	c:\Users\Administrator\.antigravity\extensions\redhat.java-1.51.0-win32-x64\jre\21.0.9-win32-x86_64\bin\instrument.dll
0x00007ffce0790000 - 0x00007ffce07b0000 	c:\Users\Administrator\.antigravity\extensions\redhat.java-1.51.0-win32-x64\jre\21.0.9-win32-x86_64\bin\java.dll
0x00007ffd11c40000 - 0x00007ffd12327000 	C:\Windows\System32\SHELL32.dll
0x00007ffd12d10000 - 0x00007ffd12db8000 	C:\Windows\System32\shcore.dll
0x00007ffd10090000 - 0x00007ffd1080b000 	C:\Windows\System32\windows.storage.dll
0x00007ffd0ff90000 - 0x00007ffd0ffae000 	C:\Windows\System32\profapi.dll
0x00007ffd11be0000 - 0x00007ffd11c32000 	C:\Windows\System32\shlwapi.dll
0x00007ffd10070000 - 0x00007ffd10087000 	C:\Windows\System32\cryptsp.dll
0x00007ffce06d0000 - 0x00007ffce06e8000 	c:\Users\Administrator\.antigravity\extensions\redhat.java-1.51.0-win32-x64\jre\21.0.9-win32-x86_64\bin\zip.dll
0x00007ffcfb0d0000 - 0x00007ffcfb0e0000 	C:\Users\Administrator\.antigravity\extensions\redhat.java-1.51.0-win32-x64\jre\21.0.9-win32-x86_64\bin\net.dll
0x00007ffd08d40000 - 0x00007ffd08e3a000 	C:\Windows\SYSTEM32\WINHTTP.dll
0x00007ffd0f770000 - 0x00007ffd0f7d7000 	C:\Windows\system32\mswsock.dll
0x00007ffce0480000 - 0x00007ffce0496000 	C:\Users\Administrator\.antigravity\extensions\redhat.java-1.51.0-win32-x64\jre\21.0.9-win32-x86_64\bin\nio.dll
0x00007ffcf6cf0000 - 0x00007ffcf6d00000 	c:\Users\Administrator\.antigravity\extensions\redhat.java-1.51.0-win32-x64\jre\21.0.9-win32-x86_64\bin\verify.dll
0x00007ffccb920000 - 0x00007ffccb964000 	C:\Users\Administrator\AppData\Roaming\Antigravity\User\globalStorage\redhat.java\1.51.0\config_ss_win\org.eclipse.equinox.launcher\org.eclipse.equinox.launcher.win32.win32.x86_64_1.2.1400.v20250801-0854\eclipse_11916.dll
0x00007ffd119b0000 - 0x00007ffd11b07000 	C:\Windows\System32\ole32.dll
0x00007ffd0f2f0000 - 0x00007ffd0f323000 	C:\Windows\system32\rsaenh.dll
0x00007ffd10f40000 - 0x00007ffd10f66000 	C:\Windows\System32\bcrypt.dll
0x00007ffd0fe20000 - 0x00007ffd0fe45000 	C:\Windows\SYSTEM32\USERENV.dll
0x00007ffd0f940000 - 0x00007ffd0f94c000 	C:\Windows\SYSTEM32\CRYPTBASE.dll
0x00007ffd0f480000 - 0x00007ffd0f4ba000 	C:\Windows\SYSTEM32\IPHLPAPI.DLL
0x00007ffd125f0000 - 0x00007ffd125f8000 	C:\Windows\System32\NSI.dll
0x00007ffcc5950000 - 0x00007ffcc5999000 	C:\Users\Administrator\AppData\Local\Temp\jna-146731693\jna7659522048307249414.dll
0x00007ffd12c80000 - 0x00007ffd12c88000 	C:\Windows\System32\PSAPI.DLL
0x00007ffd04fe0000 - 0x00007ffd04ff6000 	C:\Windows\SYSTEM32\dhcpcsvc6.DLL
0x00007ffd06180000 - 0x00007ffd0619c000 	C:\Windows\SYSTEM32\dhcpcsvc.DLL

JVMTI agents:
c:\Users\Administrator\.antigravity\extensions\redhat.java-1.51.0-win32-x64\lombok\lombok-1.18.39-4050.jar path:c:\Users\Administrator\.antigravity\extensions\redhat.java-1.51.0-win32-x64\jre\21.0.9-win32-x86_64\bin\instrument.dll, loaded, initialized, instrumentlib options:none

dbghelp: loaded successfully - version: 4.0.5 - missing functions: none
symbol engine: initialized successfully - sym options: 0x614 - pdb path: .;c:\Users\Administrator\.antigravity\extensions\redhat.java-1.51.0-win32-x64\jre\21.0.9-win32-x86_64\bin;C:\Windows\SYSTEM32;C:\Windows\WinSxS\amd64_microsoft.windows.common-controls_6595b64144ccf1df_6.0.18362.1556_none_9e7e372fe45e41d5;c:\Users\Administrator\.antigravity\extensions\redhat.java-1.51.0-win32-x64\jre\21.0.9-win32-x86_64\bin\server;C:\Users\Administrator\AppData\Roaming\Antigravity\User\globalStorage\redhat.java\1.51.0\config_ss_win\org.eclipse.equinox.launcher\org.eclipse.equinox.launcher.win32.win32.x86_64_1.2.1400.v20250801-0854;C:\Users\Administrator\AppData\Local\Temp\jna-146731693

VM Arguments:
jvm_args: --add-modules=ALL-SYSTEM --add-opens=java.base/java.util=ALL-UNNAMED --add-opens=java.base/java.lang=ALL-UNNAMED --add-opens=java.base/sun.nio.fs=ALL-UNNAMED -Declipse.application=org.eclipse.jdt.ls.core.id1 -Dosgi.bundles.defaultStartLevel=4 -Declipse.product=org.eclipse.jdt.ls.core.product -Djava.import.generatesMetadataFilesAtProjectRoot=false -DDetectVMInstallationsJob.disabled=true -Dfile.encoding=utf8 -XX:+UseParallelGC -XX:GCTimeRatio=4 -XX:AdaptiveSizePolicyWeight=90 -Dsun.zip.disableMemoryMapping=true -Xmx2G -Xms100m -Xlog:disable -javaagent:c:\Users\Administrator\.antigravity\extensions\redhat.java-1.51.0-win32-x64\lombok\lombok-1.18.39-4050.jar 
java_command: c:\Users\Administrator\.antigravity\extensions\redhat.java-1.51.0-win32-x64\server\plugins\org.eclipse.equinox.launcher_1.7.100.v20251111-0406.jar -configuration c:\Users\Administrator\AppData\Roaming\Antigravity\User\globalStorage\redhat.java\1.51.0\config_ss_win -data c:\Users\Administrator\AppData\Roaming\Antigravity\User\workspaceStorage\9dc1cad281cafc8938dd036e9dabeaab\redhat.java\ss_ws --pipe=\\.\pipe\lsp-c09555c5802a0bc183bfdf1f2b12820c-sock
java_class_path (initial): c:\Users\Administrator\.antigravity\extensions\redhat.java-1.51.0-win32-x64\server\plugins\org.eclipse.equinox.launcher_1.7.100.v20251111-0406.jar
Launcher Type: SUN_STANDARD

[Global flags]
    uintx AdaptiveSizePolicyWeight                 = 90                                        {product} {command line}
     intx CICompilerCount                          = 4                                         {product} {ergonomic}
    uintx GCTimeRatio                              = 4                                         {product} {command line}
   size_t InitialHeapSize                          = 104857600                                 {product} {command line}
   size_t MaxHeapSize                              = 2147483648                                {product} {command line}
   size_t MaxNewSize                               = 715653120                                 {product} {ergonomic}
   size_t MinHeapDeltaBytes                        = 524288                                    {product} {ergonomic}
   size_t MinHeapSize                              = 104857600                                 {product} {command line}
   size_t NewSize                                  = 34603008                                  {product} {ergonomic}
    uintx NonNMethodCodeHeapSize                   = 5839372                                {pd product} {ergonomic}
    uintx NonProfiledCodeHeapSize                  = 122909434                              {pd product} {ergonomic}
   size_t OldSize                                  = 70254592                                  {product} {ergonomic}
    uintx ProfiledCodeHeapSize                     = 122909434                              {pd product} {ergonomic}
    uintx ReservedCodeCacheSize                    = 251658240                              {pd product} {ergonomic}
     bool SegmentedCodeCache                       = true                                      {product} {ergonomic}
   size_t SoftMaxHeapSize                          = 2147483648                             {manageable} {ergonomic}
     bool UseCompressedOops                        = true                           {product lp64_product} {ergonomic}
     bool UseLargePagesIndividualAllocation        = false                                  {pd product} {ergonomic}
     bool UseParallelGC                            = true                                      {product} {command line}

Logging:
Log output configuration:
 #0: stdout all=off uptime,level,tags foldmultilines=false
 #1: stderr all=off uptime,level,tags foldmultilines=false

Release file:
JAVA_VERSION="21.0.9" 
MODULES="java.base java.compiler java.datatransfer java.xml java.prefs java.desktop java.instrument java.logging java.management java.security.sasl java.naming java.rmi java.management.rmi java.net.http java.scripting java.security.jgss java.transaction.xa java.sql java.sql.rowset java.xml.crypto java.se java.smartcardio jdk.accessibility jdk.internal.jvmstat jdk.attach jdk.charsets jdk.internal.opt jdk.zipfs jdk.compiler jdk.crypto.ec jdk.crypto.cryptoki jdk.crypto.mscapi jdk.dynalink jdk.internal.ed jdk.editpad jdk.hotspot.agent jdk.httpserver jdk.internal.le jdk.internal.vm.ci jdk.internal.vm.compiler jdk.internal.vm.compiler.management jdk.jartool jdk.javadoc jdk.jcmd jdk.management jdk.management.agent jdk.jconsole jdk.jdeps jdk.jdwp.agent jdk.jdi jdk.jfr jdk.jshell jdk.jsobject jdk.jstatd jdk.localedata jdk.management.jfr jdk.naming.dns jdk.naming.rmi jdk.net jdk.nio.mapmode jdk.random jdk.sctp jdk.security.auth jdk.security.jgss jdk.unsupported jdk.unsupported.desktop jdk.xml.dom" 

Environment Variables:
JAVA_HOME=D:\datn\jdk-17.0.16+8
PATH=d:\cursor\resources\app\bin;C:\Program Files\Python313\Scripts\;C:\Program Files\Python313\;C:\php-8.3.14-nts-Win32-vs16-x64;C:\Windows\system32;C:\Windows;C:\Windows\System32\Wbem;C:\Windows\System32\WindowsPowerShell\v1.0\;C:\Windows\System32\OpenSSH\;C:\Program Files\Microsoft SQL Server\Client SDK\ODBC\170\Tools\Binn\;C:\Program Files (x86)\Microsoft SQL Server\150\Tools\Binn\;C:\Program Files\Microsoft SQL Server\150\Tools\Binn\;C:\Program Files\Microsoft SQL Server\150\DTS\Binn\;C:\Program Files\Azure Data Studio\bin;C:\Program Files\dotnet\;D:\Git\cmd;C:\php-8.4.0-nts-Win32-vs17-x64;C:\ProgramData\ComposerSetup\bin;D:\datn\jdk-17.0.16+8\bin;C:\axis2-1.8.2\bin;D:\datn\apache-maven-3.9.11\bin;C:\Program Files\nodejs\;C:\php-8.4.0-nts-Win32-vs17-x64;C:\Users\Administrator\AppData\Local\Microsoft\WindowsApps;C:\Program Files\Azure Data Studio\bin;C:\Users\Administrator\.dotnet\tools;C:\php-8.3.14-nts-Win32-vs16-x64;C:\Users\Administrator\AppData\Roaming\Composer\vendor\bin;D:\datn\jdk-17.0.16+8;C:\axis2-1.;C:\php-8.4.0-nts-Win32-vs17-x64;C:\Users\Administrator\AppData\Local\Microsoft\WindowsApps;C:\Program Files\Azure Data Studio\bin;C:\Users\Administrator\AppData\Local\Programs\Microsoft VS Code\bin;C:\Users\Administrator\.dotnet\tools;C:\php-8.3.14-nts-Win32-vs16-x64;C:\Users\Administrator\AppData\Roaming\Composer\vendor\bin;D:\datn\jdk-17.0.16+8;C:\axis2-1.8.2;D:\cursor\resources\app\bin;D:\datn\apache-maven-3.9.11\bin;C:\Users\Administrator\AppData\Roaming\npm;C:\Users\Administrator\AppData\Local\Programs\Antigravity\bin
USERNAME=Administrator
OS=Windows_NT
PROCESSOR_IDENTIFIER=Intel64 Family 6 Model 142 Stepping 12, GenuineIntel
TMP=C:\Users\ADMINI~1\AppData\Local\Temp
TEMP=C:\Users\ADMINI~1\AppData\Local\Temp




Periodic native trim disabled

---------------  S Y S T E M  ---------------

OS:
 Windows 10 , 64 bit Build 18362 (10.0.18362.1500)
OS uptime: 22 days 0:33 hours

CPU: total 8 (initial active 8) (4 cores per cpu, 2 threads per core) family 6 model 142 stepping 12 microcode 0xde, cx8, cmov, fxsr, ht, mmx, 3dnowpref, sse, sse2, sse3, ssse3, sse4.1, sse4.2, popcnt, lzcnt, tsc, tscinvbit, avx, avx2, aes, erms, clmul, bmi1, bmi2, adx, fma, vzeroupper, clflush, clflushopt, rdtscp, f16c
Processor Information for the first 8 processors :
  Max Mhz: 1800, Current Mhz: 1600, Mhz Limit: 1584

Memory: 4k page, system-wide physical 3889M (86M free)
TotalPageFile size 15665M (AvailPageFile size 7M)
current process WorkingSet (physical memory assigned to process): 173M, peak: 176M
current process commit charge ("private bytes"): 309M, peak: 315M

vm_info: OpenJDK 64-Bit Server VM (21.0.9+10-LTS) for windows-amd64 JRE (21.0.9+10-LTS), built on 2025-10-21T00:00:00Z by "admin" with unknown MS VC++:1942

END.
