#
# There is insufficient memory for the Java Runtime Environment to continue.
# Native memory allocation (mmap) failed to map 65536 bytes. Error detail: Failed to commit metaspace.
# Possible reasons:
#   The system is out of physical RAM or swap space
#   This process is running with CompressedOops enabled, and the Java Heap may be blocking the growth of the native heap
# Possible solutions:
#   Reduce memory load on the system
#   Increase physical memory or swap space
#   Check if swap backing store is full
#   Decrease Java heap size (-Xmx/-Xms)
#   Decrease number of Java threads
#   Decrease Java thread stack sizes (-Xss)
#   Set larger code cache with -XX:ReservedCodeCacheSize=
#   JVM is running with Unscaled Compressed Oops mode in which the Java heap is
#     placed in the first 4GB address space. The Java Heap base address is the
#     maximum limit for the native heap growth. Please use -XX:HeapBaseMinAddress
#     to set the Java Heap base and to place the Java Heap above 4GB virtual address.
# This output file may be truncated or incomplete.
#
#  Out of Memory Error (virtualSpaceNode.cpp:113), pid=14760, tid=15220
#
# JRE version: OpenJDK Runtime Environment Temurin-21.0.7+6 (21.0.7+6) (build 21.0.7+6-LTS)
# Java VM: OpenJDK 64-Bit Server VM Temurin-21.0.7+6 (21.0.7+6-LTS, mixed mode, sharing, tiered, compressed oops, compressed class ptrs, parallel gc, windows-amd64)
# No core dump will be written. Minidumps are not enabled by default on client versions of Windows
#

---------------  S U M M A R Y ------------

Command Line: --add-modules=ALL-SYSTEM --add-opens=java.base/java.util=ALL-UNNAMED --add-opens=java.base/java.lang=ALL-UNNAMED --add-opens=java.base/sun.nio.fs=ALL-UNNAMED -Declipse.application=org.eclipse.jdt.ls.core.id1 -Dosgi.bundles.defaultStartLevel=4 -Declipse.product=org.eclipse.jdt.ls.core.product -Djava.import.generatesMetadataFilesAtProjectRoot=false -DDetectVMInstallationsJob.disabled=true -Dfile.encoding=utf8 -XX:+UseParallelGC -XX:GCTimeRatio=4 -XX:AdaptiveSizePolicyWeight=90 -Dsun.zip.disableMemoryMapping=true -Xmx1G -Xms100m -Xlog:disable -javaagent:c:\Users\Administrator\.cursor\extensions\redhat.java-1.42.0-win32-x64\lombok\lombok-1.18.36.jar -XX:+HeapDumpOnOutOfMemoryError -XX:HeapDumpPath=c:\Users\Administrator\AppData\Roaming\Cursor\User\workspaceStorage\9dc1cad281cafc8938dd036e9dabeaab\redhat.java -Daether.dependencyCollector.impl=bf c:\Users\Administrator\.cursor\extensions\redhat.java-1.42.0-win32-x64\server\plugins\org.eclipse.equinox.launcher_1.7.0.v20250424-1814.jar -configuration c:\Users\Administrator\AppData\Roaming\Cursor\User\globalStorage\redhat.java\1.42.0\config_win -data c:\Users\Administrator\AppData\Roaming\Cursor\User\workspaceStorage\9dc1cad281cafc8938dd036e9dabeaab\redhat.java\jdt_ws --pipe=\\.\pipe\lsp-46dc6b1d3d6e7edec94727d03df8a24d-sock

Host: Intel(R) Core(TM) i5-8265U CPU @ 1.60GHz, 8 cores, 3G,  Windows 10 , 64 bit Build 18362 (10.0.18362.1500)
Time: Mon Dec 22 16:18:58 2025 SE Asia Standard Time elapsed time: 1.082078 seconds (0d 0h 0m 1s)

---------------  T H R E A D  ---------------

Current thread (0x000001a2aacf7ee0):  JavaThread "main"             [_thread_in_vm, id=15220, stack(0x0000005e73400000,0x0000005e73500000) (1024K)]

Stack: [0x0000005e73400000,0x0000005e73500000]
Native frames: (J=compiled Java code, j=interpreted, Vv=VM code, C=native code)
V  [jvm.dll+0x6ce119]
V  [jvm.dll+0x8a84a1]
V  [jvm.dll+0x8aa9ce]
V  [jvm.dll+0x8ab0b3]
V  [jvm.dll+0x27f8a6]
V  [jvm.dll+0x8a41ee]
V  [jvm.dll+0x670575]
V  [jvm.dll+0x6705da]
V  [jvm.dll+0x672dc2]
V  [jvm.dll+0x672c92]
V  [jvm.dll+0x670f4e]
V  [jvm.dll+0x26a8d0]
V  [jvm.dll+0x67e4db]
V  [jvm.dll+0x81ebd3]
V  [jvm.dll+0x5d34c0]
V  [jvm.dll+0x5d54ca]
V  [jvm.dll+0x5d2d4e]
V  [jvm.dll+0x5d5a4f]
V  [jvm.dll+0x68ac1f]
V  [jvm.dll+0x687569]
C  0x000001a2b59d2e63

The last pc belongs to native nmethod (printed below).
Java frames: (J=compiled Java code, j=interpreted, Vv=VM code)
J 229  java.lang.invoke.MethodHandleNatives.resolve(Ljava/lang/invoke/MemberName;Ljava/lang/Class;IZ)Ljava/lang/invoke/MemberName; java.base@21.0.7 (0 bytes) @ 0x000001a2b59d2dc8 [0x000001a2b59d2d40+0x0000000000000088]
J 491 c1 java.lang.invoke.MemberName$Factory.resolve(BLjava/lang/invoke/MemberName;Ljava/lang/Class;IZ)Ljava/lang/invoke/MemberName; java.base@21.0.7 (159 bytes) @ 0x000001a2adf98a4c [0x000001a2adf98840+0x000000000000020c]
j  java.lang.invoke.MemberName$Factory.resolveOrFail(BLjava/lang/invoke/MemberName;Ljava/lang/Class;ILjava/lang/Class;)Ljava/lang/invoke/MemberName;+31 java.base@21.0.7
j  java.lang.invoke.DirectMethodHandle.makePreparedLambdaForm(Ljava/lang/invoke/MethodType;I)Ljava/lang/invoke/LambdaForm;+330 java.base@21.0.7
j  java.lang.invoke.DirectMethodHandle.preparedLambdaForm(Ljava/lang/invoke/MethodType;I)Ljava/lang/invoke/LambdaForm;+17 java.base@21.0.7
j  java.lang.invoke.DirectMethodHandle.preparedLambdaForm(Ljava/lang/invoke/MemberName;Z)Ljava/lang/invoke/LambdaForm;+159 java.base@21.0.7
j  java.lang.invoke.DirectMethodHandle.preparedLambdaForm(Ljava/lang/invoke/MemberName;)Ljava/lang/invoke/LambdaForm;+2 java.base@21.0.7
j  java.lang.invoke.DirectMethodHandle.make(BLjava/lang/Class;Ljava/lang/invoke/MemberName;Ljava/lang/Class;)Ljava/lang/invoke/DirectMethodHandle;+163 java.base@21.0.7
j  java.lang.invoke.DirectMethodHandle.make(Ljava/lang/Class;Ljava/lang/invoke/MemberName;)Ljava/lang/invoke/DirectMethodHandle;+17 java.base@21.0.7
j  java.lang.invoke.DirectMethodHandle.make(Ljava/lang/invoke/MemberName;)Ljava/lang/invoke/DirectMethodHandle;+17 java.base@21.0.7
j  java.lang.invoke.Invokers.basicInvoker()Ljava/lang/invoke/MethodHandle;+60 java.base@21.0.7
j  java.lang.invoke.LambdaForm$NamedFunction.<init>(Ljava/lang/invoke/MethodType;)V+42 java.base@21.0.7
j  java.lang.invoke.LambdaForm$Name.<init>(Ljava/lang/invoke/MethodType;[Ljava/lang/Object;)V+6 java.base@21.0.7
j  java.lang.invoke.DelegatingMethodHandle.makeReinvokerForm(Ljava/lang/invoke/MethodHandle;ILjava/lang/Object;ZLjava/lang/invoke/LambdaForm$NamedFunction;Ljava/lang/invoke/LambdaForm$NamedFunction;)Ljava/lang/invoke/LambdaForm;+289 java.base@21.0.7
j  java.lang.invoke.DelegatingMethodHandle.makeReinvokerForm(Ljava/lang/invoke/MethodHandle;ILjava/lang/Object;Ljava/lang/invoke/LambdaForm$NamedFunction;)Ljava/lang/invoke/LambdaForm;+6 java.base@21.0.7
j  java.lang.invoke.BoundMethodHandle.makeReinvoker(Ljava/lang/invoke/MethodHandle;)Ljava/lang/invoke/BoundMethodHandle;+13 java.base@21.0.7
j  java.lang.invoke.DirectMethodHandle.rebind()Ljava/lang/invoke/BoundMethodHandle;+1 java.base@21.0.7
j  java.lang.invoke.StringConcatFactory.prepender(Ljava/lang/Class;)Ljava/lang/invoke/MethodHandle;+70 java.base@21.0.7
j  java.lang.invoke.StringConcatFactory.prepender(Ljava/lang/String;Ljava/lang/Class;)Ljava/lang/invoke/MethodHandle;+24 java.base@21.0.7
j  java.lang.invoke.StringConcatFactory.prepender(Ljava/lang/String;Ljava/lang/Class;Ljava/lang/String;Ljava/lang/Class;)Ljava/lang/invoke/MethodHandle;+70 java.base@21.0.7
j  java.lang.invoke.StringConcatFactory.prepender(I[Ljava/lang/String;[Ljava/lang/Class;I)Ljava/lang/invoke/MethodHandle;+36 java.base@21.0.7
j  java.lang.invoke.StringConcatFactory.filterInPrependers(Ljava/lang/invoke/MethodHandle;[Ljava/lang/String;[Ljava/lang/Class;)Ljava/lang/invoke/MethodHandle;+64 java.base@21.0.7
j  java.lang.invoke.StringConcatFactory.generateMHInlineCopy(Ljava/lang/invoke/MethodType;[Ljava/lang/String;)Ljava/lang/invoke/MethodHandle;+388 java.base@21.0.7
j  java.lang.invoke.StringConcatFactory.makeConcatWithConstants(Ljava/lang/invoke/MethodHandles$Lookup;Ljava/lang/String;Ljava/lang/invoke/MethodType;Ljava/lang/String;[Ljava/lang/Object;)Ljava/lang/invoke/CallSite;+227 java.base@21.0.7
j  java.lang.invoke.DirectMethodHandle$Holder.invokeStatic(Ljava/lang/Object;Ljava/lang/Object;Ljava/lang/Object;Ljava/lang/Object;Ljava/lang/Object;Ljava/lang/Object;)Ljava/lang/Object;+18 java.base@21.0.7
j  java.lang.invoke.DelegatingMethodHandle$Holder.delegate(Ljava/lang/Object;Ljava/lang/Object;Ljava/lang/Object;Ljava/lang/Object;Ljava/lang/Object;Ljava/lang/Object;)Ljava/lang/Object;+21 java.base@21.0.7
j  java.lang.invoke.Invokers$Holder.invokeExact_MT(Ljava/lang/Object;Ljava/lang/Object;Ljava/lang/Object;Ljava/lang/Object;Ljava/lang/Object;Ljava/lang/Object;Ljava/lang/Object;)Ljava/lang/Object;+26 java.base@21.0.7
j  java.lang.invoke.BootstrapMethodInvoker.invoke(Ljava/lang/Class;Ljava/lang/invoke/MethodHandle;Ljava/lang/String;Ljava/lang/Object;Ljava/lang/Object;Ljava/lang/Class;)Ljava/lang/Object;+157 java.base@21.0.7
j  java.lang.invoke.CallSite.makeSite(Ljava/lang/invoke/MethodHandle;Ljava/lang/String;Ljava/lang/invoke/MethodType;Ljava/lang/Object;Ljava/lang/Class;)Ljava/lang/invoke/CallSite;+8 java.base@21.0.7
j  java.lang.invoke.MethodHandleNatives.linkCallSiteImpl(Ljava/lang/Class;Ljava/lang/invoke/MethodHandle;Ljava/lang/String;Ljava/lang/invoke/MethodType;Ljava/lang/Object;[Ljava/lang/Object;)Ljava/lang/invoke/MemberName;+6 java.base@21.0.7
j  java.lang.invoke.MethodHandleNatives.linkCallSite(Ljava/lang/Object;Ljava/lang/Object;Ljava/lang/Object;Ljava/lang/Object;Ljava/lang/Object;[Ljava/lang/Object;)Ljava/lang/invoke/MemberName;+45 java.base@21.0.7
v  ~StubRoutines::call_stub 0x000001a2b542100d
j  org.eclipse.equinox.launcher.Main.getInstallLocation()Ljava/net/URL;+287
j  org.eclipse.equinox.launcher.Main.processConfiguration()V+208
j  org.eclipse.equinox.launcher.Main.basicRun([Ljava/lang/String;)V+72
j  org.eclipse.equinox.launcher.Main.run([Ljava/lang/String;)I+4
j  org.eclipse.equinox.launcher.Main.main([Ljava/lang/String;)V+10
v  ~StubRoutines::call_stub 0x000001a2b542100d

Compiled method (n/a) 1132  229     n 0       java.lang.invoke.MethodHandleNatives::resolve (native)
 total in heap  [0x000001a2b59d2b90,0x000001a2b59d2fd0] = 1088
 relocation     [0x000001a2b59d2cf0,0x000001a2b59d2d28] = 56
 main code      [0x000001a2b59d2d40,0x000001a2b59d2fcd] = 653
 stub code      [0x000001a2b59d2fcd,0x000001a2b59d2fd0] = 3

[Constant Pool (empty)]

[MachCode]
[Entry Point]
  # {method} {0x000001a2bf0a5f58} 'resolve' '(Ljava/lang/invoke/MemberName;Ljava/lang/Class;IZ)Ljava/lang/invoke/MemberName;' in 'java/lang/invoke/MethodHandleNatives'
  # parm0:    rdx:rdx   = 'java/lang/invoke/MemberName'
  # parm1:    r8:r8     = 'java/lang/Class'
  # parm2:    r9        = int
  # parm3:    rdi       = boolean
  #           [sp+0x80]  (sp of caller)
  0x000001a2b59d2d40: 448b 5208 | 49bb 0000 | 00bf a201 | 0000 4d03 | d349 3bc2 | 0f84 0600 

  0x000001a2b59d2d58: ;   {runtime_call ic_miss_stub}
  0x000001a2b59d2d58: 0000 e921 | b7a9 ff90 
[Verified Entry Point]
  0x000001a2b59d2d60: 8984 2400 | 80ff ff55 | 488b ec48 | 83ec 7090 | 4181 7f20 | 0100 0000 

  0x000001a2b59d2d78: ;   {runtime_call StubRoutines (final stubs)}
  0x000001a2b59d2d78: 7405 e861 | 5ca8 ff48 | 897c 2428 | 4c89 4c24 | 204c 8944 | 2438 4983 | f800 4c8d | 4c24 384c 
  0x000001a2b59d2d98: 0f44 4c24 | 3848 8954 | 2430 4883 | fa00 4c8d | 4424 304c | 0f44 4424 

  0x000001a2b59d2db0: ;   {oop(a 'java/lang/Class'{0x00000000eab050e8} = 'java/lang/invoke/MethodHandleNatives')}
  0x000001a2b59d2db0: 3049 bee8 | 50b0 ea00 | 0000 004c | 8974 2460 | 4c8d 7424 | 6049 8bd6 

  0x000001a2b59d2dc8: ;   {internal_word}
  0x000001a2b59d2dc8: c5f8 7749 | bac8 2d9d | b5a2 0100 | 004d 8997 | a003 0000 | 4989 a798 

  0x000001a2b59d2de0: ;   {external_word}
  0x000001a2b59d2de0: 0300 0049 | ba3d 5b15 | 4aff 7f00 | 0041 803a | 000f 844e | 0000 0052 | 4150 4151 

  0x000001a2b59d2dfc: ;   {metadata({method} {0x000001a2bf0a5f58} 'resolve' '(Ljava/lang/invoke/MemberName;Ljava/lang/Class;IZ)Ljava/lang/invoke/MemberName;' in 'java/lang/invoke/MethodHandleNatives')}
  0x000001a2b59d2dfc: 48ba 505f | 0abf a201 | 0000 498b | cf48 83ec | 2040 f6c4 | 0f0f 8419 | 0000 0048 

  0x000001a2b59d2e18: ;   {runtime_call}
  0x000001a2b59d2e18: 83ec 0848 | b850 4bbf | 49ff 7f00 | 00ff d048 | 83c4 08e9 | 0c00 0000 

  0x000001a2b59d2e30: ;   {runtime_call}
  0x000001a2b59d2e30: 48b8 504b | bf49 ff7f | 0000 ffd0 | 4883 c420 | 4159 4158 | 5a49 8d8f | b803 0000 | 41c7 8744 
  0x000001a2b59d2e50: 0400 0004 

  0x000001a2b59d2e54: ;   {runtime_call}
  0x000001a2b59d2e54: 0000 0048 | b840 73b4 | 49ff 7f00 | 00ff d0c5 | f877 41c7 | 8744 0400 | 0005 0000 | 00f0 8344 
  0x000001a2b59d2e74: 24c0 0049 | 3baf 4804 | 0000 0f87 | 0e00 0000 | 4183 bf40 | 0400 0000 | 0f84 2b00 | 0000 c5f8 
  0x000001a2b59d2e94: 7748 8945 | f849 8bcf | 4c8b e448 | 83ec 2048 

  0x000001a2b59d2ea4: ;   {runtime_call}
  0x000001a2b59d2ea4: 83e4 f048 | b800 d18a | 49ff 7f00 | 00ff d049 | 8be4 4d33 | e448 8b45 | f841 c787 | 4404 0000 
  0x000001a2b59d2ec4: 0800 0000 | 4183 bfc0 | 0400 0002 | 0f84 ca00 

  0x000001a2b59d2ed4: ;   {external_word}
  0x000001a2b59d2ed4: 0000 49ba | 3d5b 154a | ff7f 0000 | 4180 3a00 | 0f84 4c00 | 0000 4889 

  0x000001a2b59d2eec: ;   {metadata({method} {0x000001a2bf0a5f58} 'resolve' '(Ljava/lang/invoke/MemberName;Ljava/lang/Class;IZ)Ljava/lang/invoke/MemberName;' in 'java/lang/invoke/MethodHandleNatives')}
  0x000001a2b59d2eec: 45f8 48ba | 505f 0abf | a201 0000 | 498b cf48 | 83ec 2040 | f6c4 0f0f | 8419 0000 | 0048 83ec 
  0x000001a2b59d2f0c: ;   {runtime_call}
  0x000001a2b59d2f0c: 0848 b850 | 4bbf 49ff | 7f00 00ff | d048 83c4 | 08e9 0c00 

  0x000001a2b59d2f20: ;   {runtime_call}
  0x000001a2b59d2f20: 0000 48b8 | 504b bf49 | ff7f 0000 | ffd0 4883 | c420 488b | 45f8 49c7 | 8798 0300 | 0000 0000 
  0x000001a2b59d2f40: 0049 c787 | a003 0000 | 0000 0000 | c5f8 7748 | 85c0 0f84 | 2500 0000 | a803 0f85 | 0800 0000 
  0x000001a2b59d2f60: 488b 00e9 | 1500 0000 | a801 0f85 | 0900 0000 | 488b 40fe | e904 0000 | 0048 8b40 | ff49 8b8f 
  0x000001a2b59d2f80: 2804 0000 | c781 0001 | 0000 0000 | 0000 c949 | 837f 0800 | 0f85 0100 

  0x000001a2b59d2f98: ;   {runtime_call StubRoutines (initial stubs)}
  0x000001a2b59d2f98: 0000 c3e9 | 60df a4ff | c5f8 7748 | 8945 f84c | 8be4 4883 | ec20 4883 

  0x000001a2b59d2fb0: ;   {runtime_call}
  0x000001a2b59d2fb0: e4f0 48b8 | 3083 bf49 | ff7f 0000 | ffd0 498b | e44d 33e4 | 488b 45f8 | e909 ffff | fff4 f4f4 
[/MachCode]


Compiled method (c1) 1140  491   !   3       java.lang.invoke.MemberName$Factory::resolve (159 bytes)
 total in heap  [0x000001a2adf98610,0x000001a2adf99160] = 2896
 relocation     [0x000001a2adf98770,0x000001a2adf98838] = 200
 main code      [0x000001a2adf98840,0x000001a2adf98e38] = 1528
 stub code      [0x000001a2adf98e38,0x000001a2adf98ec0] = 136
 metadata       [0x000001a2adf98ec0,0x000001a2adf98ee0] = 32
 scopes data    [0x000001a2adf98ee0,0x000001a2adf98fc8] = 232
 scopes pcs     [0x000001a2adf98fc8,0x000001a2adf990b8] = 240
 dependencies   [0x000001a2adf990b8,0x000001a2adf990c8] = 16
 handler table  [0x000001a2adf990c8,0x000001a2adf99140] = 120
 nul chk table  [0x000001a2adf99140,0x000001a2adf99160] = 32

[Constant Pool (empty)]

[MachCode]
[Entry Point]
  # {method} {0x000001a2bf149e98} 'resolve' '(BLjava/lang/invoke/MemberName;Ljava/lang/Class;IZ)Ljava/lang/invoke/MemberName;' in 'java/lang/invoke/MemberName$Factory'
  # this:     rdx:rdx   = 'java/lang/invoke/MemberName$Factory'
  # parm0:    r8        = byte
  # parm1:    r9:r9     = 'java/lang/invoke/MemberName'
  # parm2:    rdi:rdi   = 'java/lang/Class'
  # parm3:    rsi       = int
  # parm4:    rcx       = boolean
  #           [sp+0xa0]  (sp of caller)
  0x000001a2adf98840: 448b 5208 | 49bb 0000 | 00bf a201 | 0000 4d03 | d34c 3bd0 

  0x000001a2adf98854: ;   {runtime_call ic_miss_stub}
  0x000001a2adf98854: 0f85 265c | 4d07 660f | 1f44 0000 
[Verified Entry Point]
  0x000001a2adf98860: 8984 2400 | 80ff ff55 | 4881 ec90 | 0000 0090 | 4181 7f20 | 0100 0000 

  0x000001a2adf98878: ;   {runtime_call StubRoutines (final stubs)}
  0x000001a2adf98878: 7405 e861 | 014c 0744 | 8944 2468 | 4889 7c24 | 5889 7424 | 6089 4c24 

  0x000001a2adf98890: ;   {metadata(method data for {method} {0x000001a2bf149e98} 'resolve' '(BLjava/lang/invoke/MemberName;Ljava/lang/Class;IZ)Ljava/lang/invoke/MemberName;' in 'java/lang/invoke/MemberName$Factory')}
  0x000001a2adf98890: 6448 bbc8 | 330a 02a3 | 0100 008b | 83cc 0000 | 0083 c002 | 8983 cc00 | 0000 25fe | 0700 0085 
  0x000001a2adf988b0: c00f 8452 | 0400 0049 | 3b01 498b 

  0x000001a2adf988bc: ;   {metadata(method data for {method} {0x000001a2bf149e98} 'resolve' '(BLjava/lang/invoke/MemberName;Ljava/lang/Class;IZ)Ljava/lang/invoke/MemberName;' in 'java/lang/invoke/MemberName$Factory')}
  0x000001a2adf988bc: d148 bbc8 | 330a 02a3 | 0100 0048 | 8383 1001 

  0x000001a2adf988cc: ;   {metadata(method data for {method} {0x000001a2bf3e9788} 'clone' '()Ljava/lang/invoke/MemberName;' in 'java/lang/invoke/MemberName')}
  0x000001a2adf988cc: 0000 0148 | ba58 3409 | 02a3 0100 | 008b 9acc | 0000 0083 | c302 899a | cc00 0000 | 81e3 feff 
  0x000001a2adf988ec: 1f00 85db | 0f84 3904 | 0000 498b 

  0x000001a2adf988f8: ;   {metadata(method data for {method} {0x000001a2bf3e9788} 'clone' '()Ljava/lang/invoke/MemberName;' in 'java/lang/invoke/MemberName')}
  0x000001a2adf988f8: d148 bb58 | 3409 02a3 | 0100 0048 | 8383 1001 | 0000 0149 

  0x000001a2adf9890c: ;   {optimized virtual_call}
  0x000001a2adf9890c: 8bd1 90e8 

  0x000001a2adf98910: ; ImmutableOopMap {[88]=Oop }
                      ;*invokespecial clone {reexecute=0 rethrow=0 return_oop=0}
                      ; - java.lang.invoke.MemberName::clone@1
                      ; - java.lang.invoke.MemberName$Factory::resolve@1
  0x000001a2adf98910: 2cd1 a207 

  0x000001a2adf98914: ;   {other}
  0x000001a2adf98914: 0f1f 8400 | 0403 0000 | 4885 c075 

  0x000001a2adf98920: ;   {metadata(method data for {method} {0x000001a2bf3e9788} 'clone' '()Ljava/lang/invoke/MemberName;' in 'java/lang/invoke/MemberName')}
  0x000001a2adf98920: 1749 b858 | 3409 02a3 | 0100 0041 | 8088 1901 | 0000 01e9 | cd00 0000 

  0x000001a2adf98938: ;   {metadata('java/lang/invoke/MemberName')}
  0x000001a2adf98938: 49b9 402b | 09bf a201 | 0000 8b50 | 0849 ba00 | 0000 bfa2 | 0100 0049 | 03d2 4c3b | ca0f 858e 
  0x000001a2adf98958: ;   {metadata(method data for {method} {0x000001a2bf3e9788} 'clone' '()Ljava/lang/invoke/MemberName;' in 'java/lang/invoke/MemberName')}
  0x000001a2adf98958: 0000 0049 | b858 3409 | 02a3 0100 | 0044 8b48 | 0849 ba00 | 0000 bfa2 | 0100 004d | 03ca 4d3b 
  0x000001a2adf98978: 8830 0100 | 0075 0d49 | 8380 3801 | 0000 01e9 | 7900 0000 | 4d3b 8840 | 0100 0075 | 0d49 8380 
  0x000001a2adf98998: 4801 0000 | 01e9 6300 | 0000 4983 | b830 0100 | 0000 7517 | 4d89 8830 | 0100 0049 | c780 3801 
  0x000001a2adf989b8: 0000 0100 | 0000 e942 | 0000 0049 | 83b8 4001 | 0000 0075 | 174d 8988 | 4001 0000 | 49c7 8048 
  0x000001a2adf989d8: 0100 0001 | 0000 00e9 | 2100 0000 | e91c 0000 

  0x000001a2adf989e8: ;   {metadata(method data for {method} {0x000001a2bf3e9788} 'clone' '()Ljava/lang/invoke/MemberName;' in 'java/lang/invoke/MemberName')}
  0x000001a2adf989e8: 0049 b858 | 3409 02a3 | 0100 0049 | 83a8 2001 | 0000 01e9 | 5003 0000 | e900 0000 | 0048 8bf0 
  0x000001a2adf98a08: ;   {metadata(method data for {method} {0x000001a2bf149e98} 'resolve' '(BLjava/lang/invoke/MemberName;Ljava/lang/Class;IZ)Ljava/lang/invoke/MemberName;' in 'java/lang/invoke/MemberName$Factory')}
  0x000001a2adf98a08: 48ba c833 | 0a02 a301 | 0000 ff82 | 4801 0000 

  0x000001a2adf98a18: ;   {metadata(method data for {method} {0x000001a2bf149e98} 'resolve' '(BLjava/lang/invoke/MemberName;Ljava/lang/Class;IZ)Ljava/lang/invoke/MemberName;' in 'java/lang/invoke/MemberName$Factory')}
  0x000001a2adf98a18: 48ba c833 | 0a02 a301 | 0000 4883 | 82d0 0100 | 0001 488b | d64c 8b44 | 2458 448b | 4c24 608b 
  0x000001a2adf98a38: 7c24 6448 | 8974 2470 | 0f1f 8000 

  0x000001a2adf98a44: ;   {static_call}
  0x000001a2adf98a44: 0000 00e8 

  0x000001a2adf98a48: ; ImmutableOopMap {[112]=Oop }
                      ;*invokestatic resolve {reexecute=0 rethrow=0 return_oop=0}
                      ; - java.lang.invoke.MemberName$Factory::resolve@36
  0x000001a2adf98a48: 14a3 a307 

  0x000001a2adf98a4c: ;   {other}
  0x000001a2adf98a4c: 0f1f 8400 | 3c04 0001 | 4889 4424 | 7848 85c0 

  0x000001a2adf98a5c: ;   {metadata(method data for {method} {0x000001a2bf149e98} 'resolve' '(BLjava/lang/invoke/MemberName;Ljava/lang/Class;IZ)Ljava/lang/invoke/MemberName;' in 'java/lang/invoke/MemberName$Factory')}
  0x000001a2adf98a5c: 49b8 c833 | 0a02 a301 | 0000 48c7 | c2e0 0100 | 0075 0748 | c7c2 f001 | 0000 498b | 3410 488d 
  0x000001a2adf98a7c: 7601 4989 | 3410 0f85 | 3200 0000 | 8b4c 2464 

  0x000001a2adf98a8c: ;   {metadata(method data for {method} {0x000001a2bf149e98} 'resolve' '(BLjava/lang/invoke/MemberName;Ljava/lang/Class;IZ)Ljava/lang/invoke/MemberName;' in 'java/lang/invoke/MemberName$Factory')}
  0x000001a2adf98a8c: 85c9 49b8 | c833 0a02 | a301 0000 | 48c7 c210 | 0200 0075 | 0748 c7c2 | 0002 0000 | 498b 3410 
  0x000001a2adf98aac: 488d 7601 | 4989 3410 | 0f85 dd00 | 0000 483b | 004c 8bc0 

  0x000001a2adf98ac0: ;   {metadata(method data for {method} {0x000001a2bf149e98} 'resolve' '(BLjava/lang/invoke/MemberName;Ljava/lang/Class;IZ)Ljava/lang/invoke/MemberName;' in 'java/lang/invoke/MemberName$Factory')}
  0x000001a2adf98ac0: 48ba c833 | 0a02 a301 | 0000 4883 | 8220 0200 | 0001 448b | 4018 488b 

  0x000001a2adf98ad8: ;   {metadata(method data for {method} {0x000001a2bf149e98} 'resolve' '(BLjava/lang/invoke/MemberName;Ljava/lang/Class;IZ)Ljava/lang/invoke/MemberName;' in 'java/lang/invoke/MemberName$Factory')}
  0x000001a2adf98ad8: d048 bec8 | 330a 02a3 | 0100 0048 | 8386 5802 | 0000 0148 

  0x000001a2adf98aec: ;   {optimized virtual_call}
  0x000001a2adf98aec: 8bd0 90e8 

  0x000001a2adf98af0: ; ImmutableOopMap {[120]=Oop }
                      ;*invokevirtual checkForTypeAlias {reexecute=0 rethrow=0 return_oop=0}
                      ; - java.lang.invoke.MemberName$Factory::resolve@60
  0x000001a2adf98af0: 7603 0000 

  0x000001a2adf98af4: ;   {other}
  0x000001a2adf98af4: 0f1f 8400 | e404 0002 | 488b 4424 | 78c7 4028 | 0000 0000 | 4c8d 0049 | c1e8 0948 | ba00 000a 
  0x000001a2adf98b14: aaa2 0100 | 0041 c604 

  0x000001a2adf98b1c: ;   {metadata(method data for {method} {0x000001a2bf149e98} 'resolve' '(BLjava/lang/invoke/MemberName;Ljava/lang/Class;IZ)Ljava/lang/invoke/MemberName;' in 'java/lang/invoke/MemberName$Factory')}
  0x000001a2adf98b1c: 1000 49b8 | c833 0a02 | a301 0000 | 41ff 8090 

  0x000001a2adf98b2c: ;   {metadata(method data for {method} {0x000001a2bf149e98} 'resolve' '(BLjava/lang/invoke/MemberName;Ljava/lang/Class;IZ)Ljava/lang/invoke/MemberName;' in 'java/lang/invoke/MemberName$Factory')}
  0x000001a2adf98b2c: 0200 0049 | b8c8 330a | 02a3 0100 | 0041 ff80 | 3003 0000 

  0x000001a2adf98b40: ;   {metadata(method data for {method} {0x000001a2bf149e98} 'resolve' '(BLjava/lang/invoke/MemberName;Ljava/lang/Class;IZ)Ljava/lang/invoke/MemberName;' in 'java/lang/invoke/MemberName$Factory')}
  0x000001a2adf98b40: 4c8b c048 | bac8 330a | 02a3 0100 | 0048 8382 | b803 0000 | 0141 b801 | 0000 0048 

  0x000001a2adf98b5c: ;   {optimized virtual_call}
  0x000001a2adf98b5c: 8bd0 90e8 

  0x000001a2adf98b60: ; ImmutableOopMap {[120]=Oop }
                      ;*invokevirtual initResolved {reexecute=0 rethrow=0 return_oop=0}
                      ; - java.lang.invoke.MemberName$Factory::resolve@131
  0x000001a2adf98b60: 7cdd f8ff 

  0x000001a2adf98b64: ;   {other}
  0x000001a2adf98b64: 0f1f 8400 | 5405 0003 

  0x000001a2adf98b6c: ;   {metadata(method data for {method} {0x000001a2bf149e98} 'resolve' '(BLjava/lang/invoke/MemberName;Ljava/lang/Class;IZ)Ljava/lang/invoke/MemberName;' in 'java/lang/invoke/MemberName$Factory')}
  0x000001a2adf98b6c: 48b8 c833 | 0a02 a301 | 0000 ff80 | f003 0000 | 488b 4424 | 7848 81c4 | 9000 0000 

  0x000001a2adf98b88: ;   {poll_return}
  0x000001a2adf98b88: 5d49 3ba7 | 4804 0000 | 0f87 c801 

  0x000001a2adf98b94: ;   {oop(nullptr)}
  0x000001a2adf98b94: 0000 c348 | b800 0000 | 0000 0000 | 0048 81c4 | 9000 0000 

  0x000001a2adf98ba8: ;   {poll_return}
  0x000001a2adf98ba8: 5d49 3ba7 | 4804 0000 | 0f87 be01 | 0000 c349 | 8b87 f804 | 0000 4d33 | d24d 8997 | f804 0000 
  0x000001a2adf98bc8: 4d33 d24d | 8997 0005 

  0x000001a2adf98bd0: ;   {metadata(method data for {method} {0x000001a2bf149e98} 'resolve' '(BLjava/lang/invoke/MemberName;Ljava/lang/Class;IZ)Ljava/lang/invoke/MemberName;' in 'java/lang/invoke/MemberName$Factory')}
  0x000001a2adf98bd0: 0000 48be | c833 0a02 | a301 0000 | ff86 a802 | 0000 4c8b | d044 8952 | 2848 8d02 | 48c1 e809 
  0x000001a2adf98bf0: 48be 0000 | 0aaa a201 | 0000 c604 | 3000 488b | c248 81c4 | 9000 0000 

  0x000001a2adf98c08: ;   {poll_return}
  0x000001a2adf98c08: 5d49 3ba7 | 4804 0000 | 0f87 7901 | 0000 c349 | 8b87 f804 | 0000 4d33 | d24d 8997 | f804 0000 
  0x000001a2adf98c28: 4d33 d24d | 8997 0005 | 0000 488b 

  0x000001a2adf98c34: ;   {metadata(method data for {method} {0x000001a2bf3e9788} 'clone' '()Ljava/lang/invoke/MemberName;' in 'java/lang/invoke/MemberName')}
  0x000001a2adf98c34: d848 ba58 | 3409 02a3 | 0100 0048 | 8382 5801 

  0x000001a2adf98c44: ;   {metadata(method data for {method} {0x000001a2bf3fff30} 'newInternalError' '(Ljava/lang/Exception;)Ljava/lang/InternalError;' in 'java/lang/invoke/MethodHandleStatics')}
  0x000001a2adf98c44: 0000 0148 | ba00 3609 | 02a3 0100 | 008b 82cc | 0000 0083 | c002 8982 | cc00 0000 | 25fe ff1f 
  0x000001a2adf98c64: 0085 c00f | 8438 0100 

  0x000001a2adf98c6c: ;   {metadata('java/lang/InternalError')}
  0x000001a2adf98c6c: 0048 ba70 | 0501 bfa2 | 0100 0049 | 8b87 b801 | 0000 488d | 7828 493b | bfc8 0100 | 000f 8737 
  0x000001a2adf98c8c: 0100 0049 | 89bf b801 | 0000 48c7 | 0001 0000 | 0048 8bca | 49ba 0000 | 00bf a201 | 0000 492b 
  0x000001a2adf98cac: ca89 4808 | 4833 c989 | 480c 4833 | c948 8948 | 1048 8948 | 1848 8948 | 2048 8bd0 

  0x000001a2adf98cc8: ;   {metadata(method data for {method} {0x000001a2bf3fff30} 'newInternalError' '(Ljava/lang/Exception;)Ljava/lang/InternalError;' in 'java/lang/invoke/MethodHandleStatics')}
  0x000001a2adf98cc8: 48be 0036 | 0902 a301 | 0000 4883 | 8610 0100 | 0001 4c8b | c348 8bd0 | 4889 8424 | 8000 0000 
  0x000001a2adf98ce8: 0f1f 8000 

  0x000001a2adf98cec: ;   {optimized virtual_call}
  0x000001a2adf98cec: 0000 00e8 

  0x000001a2adf98cf0: ; ImmutableOopMap {[88]=Oop [128]=Oop }
                      ;*invokespecial <init> {reexecute=0 rethrow=0 return_oop=0}
                      ; - java.lang.invoke.MethodHandleStatics::newInternalError@5
                      ; - java.lang.invoke.MemberName::clone@10
                      ; - java.lang.invoke.MemberName$Factory::resolve@1
  0x000001a2adf98cf0: 8c5a 4d07 

  0x000001a2adf98cf4: ;   {other}
  0x000001a2adf98cf4: 0f1f 8400 | e406 0004 | 488b 8424 | 8000 0000 | e91f 0100 

  0x000001a2adf98d08: ;   {metadata({method} {0x000001a2bf149e98} 'resolve' '(BLjava/lang/invoke/MemberName;Ljava/lang/Class;IZ)Ljava/lang/invoke/MemberName;' in 'java/lang/invoke/MemberName$Factory')}
  0x000001a2adf98d08: 0049 ba90 | 9e14 bfa2 | 0100 004c | 8954 2408 | 48c7 0424 | ffff ffff 

  0x000001a2adf98d20: ;   {runtime_call counter_overflow Runtime1 stub}
  0x000001a2adf98d20: e85b b158 

  0x000001a2adf98d24: ; ImmutableOopMap {rdx=Oop r9=Oop rdi=Oop [88]=Oop }
                      ;*synchronization entry
                      ; - java.lang.invoke.MemberName$Factory::resolve@-1
  0x000001a2adf98d24: 07e9 8dfb 

  0x000001a2adf98d28: ;   {runtime_call throw_null_pointer_exception Runtime1 stub}
  0x000001a2adf98d28: ffff e8d1 

  0x000001a2adf98d2c: ; ImmutableOopMap {r9=Oop [88]=Oop }
                      ;*invokevirtual clone {reexecute=0 rethrow=0 return_oop=0}
                      ; - java.lang.invoke.MemberName$Factory::resolve@1
                      ;   {metadata({method} {0x000001a2bf3e9788} 'clone' '()Ljava/lang/invoke/MemberName;' in 'java/lang/invoke/MemberName')}
  0x000001a2adf98d2c: 984f 0749 | ba80 973e | bfa2 0100 | 004c 8954 | 2408 48c7 | 0424 ffff 

  0x000001a2adf98d44: ;   {runtime_call counter_overflow Runtime1 stub}
  0x000001a2adf98d44: ffff e835 

  0x000001a2adf98d48: ; ImmutableOopMap {r9=Oop [88]=Oop }
                      ;*synchronization entry
                      ; - java.lang.invoke.MemberName::clone@-1
                      ; - java.lang.invoke.MemberName$Factory::resolve@1
  0x000001a2adf98d48: b158 07e9 | a6fb ffff | 4889 0424 

  0x000001a2adf98d54: ;   {runtime_call throw_class_cast_exception Runtime1 stub}
  0x000001a2adf98d54: e8a7 744f 

  0x000001a2adf98d58: ; ImmutableOopMap {[88]=Oop }
                      ;*checkcast {reexecute=0 rethrow=0 return_oop=0}
                      ; - java.lang.invoke.MemberName::clone@4
                      ; - java.lang.invoke.MemberName$Factory::resolve@1
                      ;   {runtime_call throw_null_pointer_exception Runtime1 stub}
  0x000001a2adf98d58: 07e8 a298 

  0x000001a2adf98d5c: ; ImmutableOopMap {rax=Oop [120]=Oop }
                      ;*invokevirtual getDeclaringClass {reexecute=0 rethrow=0 return_oop=0}
                      ; - java.lang.invoke.MemberName$Factory::resolve@57
                      ;   {internal_word}
  0x000001a2adf98d5c: 4f07 49ba | 898b f9ad | a201 0000 | 4d89 9760 

  0x000001a2adf98d6c: ;   {runtime_call SafepointBlob}
  0x000001a2adf98d6c: 0400 00e9 | 8cbd 4d07 

  0x000001a2adf98d74: ;   {internal_word}
  0x000001a2adf98d74: 49ba a98b | f9ad a201 | 0000 4d89 | 9760 0400 

  0x000001a2adf98d84: ;   {runtime_call SafepointBlob}
  0x000001a2adf98d84: 00e9 76bd 

  0x000001a2adf98d88: ;   {runtime_call throw_null_pointer_exception Runtime1 stub}
  0x000001a2adf98d88: 4d07 e871 

  0x000001a2adf98d8c: ; ImmutableOopMap {rdx=Oop }
                      ;*putfield resolution {reexecute=1 rethrow=0 return_oop=0}
                      ; - (reexecute) java.lang.invoke.MemberName$Factory::resolve@100
                      ;   {internal_word}
  0x000001a2adf98d8c: 984f 0749 | ba09 8cf9 | ada2 0100 | 004d 8997 | 6004 0000 

  0x000001a2adf98da0: ;   {runtime_call SafepointBlob}
  0x000001a2adf98da0: e95b bd4d 

  0x000001a2adf98da4: ;   {metadata({method} {0x000001a2bf3fff30} 'newInternalError' '(Ljava/lang/Exception;)Ljava/lang/InternalError;' in 'java/lang/invoke/MethodHandleStatics')}
  0x000001a2adf98da4: 0749 ba28 | ff3f bfa2 | 0100 004c | 8954 2408 | 48c7 0424 | ffff ffff 

  0x000001a2adf98dbc: ;   {runtime_call counter_overflow Runtime1 stub}
  0x000001a2adf98dbc: e8bf b058 

  0x000001a2adf98dc0: ; ImmutableOopMap {rbx=Oop [88]=Oop }
                      ;*synchronization entry
                      ; - java.lang.invoke.MethodHandleStatics::newInternalError@-1
                      ; - java.lang.invoke.MemberName::clone@10
                      ; - java.lang.invoke.MemberName$Factory::resolve@1
  0x000001a2adf98dc0: 07e9 a7fe | ffff 488b 

  0x000001a2adf98dc8: ;   {runtime_call fast_new_instance Runtime1 stub}
  0x000001a2adf98dc8: d2e8 328f 

  0x000001a2adf98dcc: ; ImmutableOopMap {rbx=Oop [88]=Oop }
                      ;*new {reexecute=0 rethrow=0 return_oop=0}
                      ; - java.lang.invoke.MethodHandleStatics::newInternalError@0
                      ; - java.lang.invoke.MemberName::clone@10
                      ; - java.lang.invoke.MemberName$Factory::resolve@1
  0x000001a2adf98dcc: 4f07 e9f2 | feff ff48 | 8b54 2470 | e9da fdff | ff48 8b54 | 2470 e9d0 | fdff ff48 | 8b54 2478 
  0x000001a2adf98dec: e9c6 fdff | ff48 8b54 | 2478 e9bc | fdff ff48 | 8bd0 e9b4 | fdff ff48 | 8bd0 e9ac | fdff ff49 
  0x000001a2adf98e0c: 8b87 f804 | 0000 49c7 | 87f8 0400 | 0000 0000 | 0049 c787 | 0005 0000 | 0000 0000 | 4881 c490 
  0x000001a2adf98e2c: 0000 005d 

  0x000001a2adf98e30: ;   {runtime_call unwind_exception Runtime1 stub}
  0x000001a2adf98e30: e94b 9e58 | 07f4 f4f4 
[Stub Code]
  0x000001a2adf98e38: ;   {no_reloc}
  0x000001a2adf98e38: 0f1f 4400 

  0x000001a2adf98e3c: ;   {static_stub}
  0x000001a2adf98e3c: 0048 bb00 | 0000 0000 

  0x000001a2adf98e44: ;   {runtime_call nmethod}
  0x000001a2adf98e44: 0000 00e9 | fbff ffff 

  0x000001a2adf98e4c: ;   {static_stub}
  0x000001a2adf98e4c: 48bb 0000 | 0000 0000 

  0x000001a2adf98e54: ;   {runtime_call nmethod}
  0x000001a2adf98e54: 0000 e9fb 

  0x000001a2adf98e58: ;   {static_stub}
  0x000001a2adf98e58: ffff ff48 | bb00 0000 | 0000 0000 

  0x000001a2adf98e64: ;   {runtime_call nmethod}
  0x000001a2adf98e64: 00e9 fbff 

  0x000001a2adf98e68: ;   {static_stub}
  0x000001a2adf98e68: ffff 48bb | 3883 3ebf | a201 0000 

  0x000001a2adf98e74: ;   {runtime_call I2C/C2I adapters}
  0x000001a2adf98e74: e9ee a84d 

  0x000001a2adf98e78: ;   {static_stub}
  0x000001a2adf98e78: 0748 bb00 | 0000 0000 

  0x000001a2adf98e80: ;   {runtime_call nmethod}
  0x000001a2adf98e80: 0000 00e9 | fbff ffff 
[Exception Handler]
  0x000001a2adf98e88: ;   {runtime_call handle_exception_from_callee Runtime1 stub}
  0x000001a2adf98e88: e873 794f 

  0x000001a2adf98e8c: ;   {external_word}
  0x000001a2adf98e8c: 0748 b990 | 7feb 49ff | 7f00 0048 

  0x000001a2adf98e98: ;   {runtime_call}
  0x000001a2adf98e98: 83e4 f048 | b8e0 44ae | 49ff 7f00 | 00ff d0f4 
[Deopt Handler Code]
  0x000001a2adf98ea8: ;   {section_word}
  0x000001a2adf98ea8: 49ba a88e | f9ad a201 | 0000 4152 

  0x000001a2adf98eb4: ;   {runtime_call DeoptimizationBlob}
  0x000001a2adf98eb4: e9e7 ae4d | 07f4 f4f4 | f4f4 f4f4 
[/MachCode]


---------------  P R O C E S S  ---------------

Threads class SMR info:
_java_thread_list=0x000001a301d8f070, length=11, elements={
0x000001a2aacf7ee0, 0x000001a2aadbd100, 0x000001a2aadbe760, 0x000001a3001c5790,
0x000001a3001c61e0, 0x000001a3001c6c30, 0x000001a3001c7680, 0x000001a3001c8400,
0x000001a301aa8fd0, 0x000001a301b38c10, 0x000001a301d4df40
}

Java Threads: ( => current thread )
=>0x000001a2aacf7ee0 JavaThread "main"                              [_thread_in_vm, id=15220, stack(0x0000005e73400000,0x0000005e73500000) (1024K)]
  0x000001a2aadbd100 JavaThread "Reference Handler"          daemon [_thread_blocked, id=10780, stack(0x0000005e73800000,0x0000005e73900000) (1024K)]
  0x000001a2aadbe760 JavaThread "Finalizer"                  daemon [_thread_blocked, id=14984, stack(0x0000005e73900000,0x0000005e73a00000) (1024K)]
  0x000001a3001c5790 JavaThread "Signal Dispatcher"          daemon [_thread_blocked, id=6608, stack(0x0000005e73a00000,0x0000005e73b00000) (1024K)]
  0x000001a3001c61e0 JavaThread "Attach Listener"            daemon [_thread_blocked, id=10996, stack(0x0000005e73b00000,0x0000005e73c00000) (1024K)]
  0x000001a3001c6c30 JavaThread "Service Thread"             daemon [_thread_blocked, id=15304, stack(0x0000005e73c00000,0x0000005e73d00000) (1024K)]
  0x000001a3001c7680 JavaThread "Monitor Deflation Thread"   daemon [_thread_blocked, id=15264, stack(0x0000005e73d00000,0x0000005e73e00000) (1024K)]
  0x000001a3001c8400 JavaThread "C2 CompilerThread0"         daemon [_thread_in_native, id=2572, stack(0x0000005e73e00000,0x0000005e73f00000) (1024K)]
  0x000001a301aa8fd0 JavaThread "C1 CompilerThread0"         daemon [_thread_blocked, id=14820, stack(0x0000005e73f00000,0x0000005e74000000) (1024K)]
  0x000001a301b38c10 JavaThread "Common-Cleaner"             daemon [_thread_blocked, id=9996, stack(0x0000005e74000000,0x0000005e74100000) (1024K)]
  0x000001a301d4df40 JavaThread "Notification Thread"        daemon [_thread_blocked, id=6252, stack(0x0000005e74100000,0x0000005e74200000) (1024K)]
Total: 11

Other Threads:
  0x000001a2aad9e520 VMThread "VM Thread"                           [id=15136, stack(0x0000005e73700000,0x0000005e73800000) (1024K)]
  0x000001a3000dcb20 WatcherThread "VM Periodic Task Thread"        [id=14480, stack(0x0000005e73600000,0x0000005e73700000) (1024K)]
  0x000001a2aad17590 WorkerThread "GC Thread#0"                     [id=5264, stack(0x0000005e73500000,0x0000005e73600000) (1024K)]
Total: 3

Threads with active compile tasks:
C2 CompilerThread0  1164  677       4       java.util.HashMap$KeySet::iterator (12 bytes)
Total: 1

VM state: not at safepoint (normal execution)

VM Mutex/Monitor currently owned by a thread:  ([mutex/lock_event])
[0x00007fff4a16c308] Metaspace_lock - owner thread: 0x000001a2aacf7ee0

Heap address: 0x00000000c0000000, size: 1024 MB, Compressed Oops mode: 32-bit

CDS archive(s) mapped at: [0x000001a2bf000000-0x000001a2bfba0000-0x000001a2bfba0000), size 12189696, SharedBaseAddress: 0x000001a2bf000000, ArchiveRelocationMode: 1.
Compressed class space mapped at: 0x000001a2c0000000-0x000001a300000000, reserved size: 1073741824
Narrow klass base: 0x000001a2bf000000, Narrow klass shift: 0, Narrow klass range: 0x100000000

GC Precious Log:
 CardTable entry size: 512
 CPUs: 8 total, 8 available
 Memory: 3889M
 Large Page Support: Disabled
 NUMA Support: Disabled
 Compressed Oops: Enabled (32-bit)
 Alignments: Space 512K, Generation 512K, Heap 2M
 Heap Min Capacity: 100M
 Heap Initial Capacity: 100M
 Heap Max Capacity: 1G
 Pre-touch: Disabled
 Parallel Workers: 8

Heap:
 PSYoungGen      total 29696K, used 15566K [0x00000000eab00000, 0x00000000ecc00000, 0x0000000100000000)
  eden space 25600K, 60% used [0x00000000eab00000,0x00000000eba33ab8,0x00000000ec400000)
  from space 4096K, 0% used [0x00000000ec800000,0x00000000ec800000,0x00000000ecc00000)
  to   space 4096K, 0% used [0x00000000ec400000,0x00000000ec400000,0x00000000ec800000)
 ParOldGen       total 68608K, used 0K [0x00000000c0000000, 0x00000000c4300000, 0x00000000eab00000)
  object space 68608K, 0% used [0x00000000c0000000,0x00000000c0000000,0x00000000c4300000)
 Metaspace       used 3008K, committed 3200K, reserved 1114112K
  class space    used 303K, committed 384K, reserved 1048576K

Card table byte_map: [0x000001a2aa6a0000,0x000001a2aa8b0000] _byte_map_base: 0x000001a2aa0a0000

Marking Bits: (ParMarkBitMap*) 0x00007fff4a1731f0
 Begin Bits: [0x000001a2bcef0000, 0x000001a2bdef0000)
 End Bits:   [0x000001a2bdef0000, 0x000001a2beef0000)

Polling page: 0x000001a2a8aa0000

Metaspace:

Usage:
  Non-class:      2.64 MB used.
      Class:    303.51 KB used.
       Both:      2.94 MB used.

Virtual space:
  Non-class space:       64.00 MB reserved,       2.75 MB (  4%) committed,  1 nodes.
      Class space:        1.00 GB reserved,     384.00 KB ( <1%) committed,  1 nodes.
             Both:        1.06 GB reserved,       3.13 MB ( <1%) committed. 

Chunk freelists:
   Non-Class:  11.56 MB
       Class:  15.66 MB
        Both:  27.22 MB

MaxMetaspaceSize: unlimited
CompressedClassSpaceSize: 1.00 GB
Initial GC threshold: 21.00 MB
Current GC threshold: 21.00 MB
CDS: on
 - commit_granule_bytes: 65536.
 - commit_granule_words: 8192.
 - virtual_space_node_default_size: 8388608.
 - enlarge_chunks_in_place: 1.
 - use_allocation_guard: 0.


Internal statistics:

num_allocs_failed_limit: 0.
num_arena_births: 94.
num_arena_deaths: 0.
num_vsnodes_births: 2.
num_vsnodes_deaths: 0.
num_space_committed: 50.
num_space_uncommitted: 0.
num_chunks_returned_to_freelist: 0.
num_chunks_taken_from_freelist: 122.
num_chunk_merges: 0.
num_chunk_splits: 82.
num_chunks_enlarged: 51.
num_inconsistent_stats: 0.

CodeHeap 'non-profiled nmethods': size=120000Kb used=288Kb max_used=288Kb free=119711Kb
 bounds [0x000001a2b59c0000, 0x000001a2b5c30000, 0x000001a2bcef0000]
CodeHeap 'profiled nmethods': size=120000Kb used=1175Kb max_used=1175Kb free=118824Kb
 bounds [0x000001a2adef0000, 0x000001a2ae160000, 0x000001a2b5420000]
CodeHeap 'non-nmethods': size=5760Kb used=1187Kb max_used=1209Kb free=4573Kb
 bounds [0x000001a2b5420000, 0x000001a2b5690000, 0x000001a2b59c0000]
 total_blobs=1207 nmethods=761 adapters=353
 compilation: enabled
              stopped_count=0, restarted_count=0
 full_count=0

Compilation events (20 events):
Event: 1.070 Thread 0x000001a301aa8fd0  743       3       java.util.Properties::loadConvert (540 bytes)
Event: 1.072 Thread 0x000001a301aa8fd0 nmethod 743 0x000001a2ae011010 code [0x000001a2ae011300, 0x000001a2ae0125a8]
Event: 1.072 Thread 0x000001a301aa8fd0  752       3       java.lang.invoke.LambdaForm::uncustomize (57 bytes)
Event: 1.072 Thread 0x000001a301aa8fd0 nmethod 752 0x000001a2ae012c10 code [0x000001a2ae012de0, 0x000001a2ae0130f0]
Event: 1.072 Thread 0x000001a301aa8fd0  751       3       java.lang.invoke.MemberName::getInvocationType (56 bytes)
Event: 1.073 Thread 0x000001a301aa8fd0 nmethod 751 0x000001a2ae013210 code [0x000001a2ae013440, 0x000001a2ae013c60]
Event: 1.073 Thread 0x000001a301aa8fd0  753       3       java.lang.invoke.LambdaForm$BasicType::basicTypeSlots (8 bytes)
Event: 1.073 Thread 0x000001a301aa8fd0 nmethod 753 0x000001a2ae013f10 code [0x000001a2ae0140c0, 0x000001a2ae014238]
Event: 1.073 Thread 0x000001a301aa8fd0  754       3       sun.invoke.util.Wrapper::stackSlots (9 bytes)
Event: 1.073 Thread 0x000001a301aa8fd0 nmethod 754 0x000001a2ae014310 code [0x000001a2ae0144a0, 0x000001a2ae0145b0]
Event: 1.073 Thread 0x000001a301aa8fd0  746       3       java.lang.invoke.MethodType::basicType (8 bytes)
Event: 1.074 Thread 0x000001a301aa8fd0 nmethod 746 0x000001a2ae014610 code [0x000001a2ae0147a0, 0x000001a2ae0148d0]
Event: 1.074 Thread 0x000001a301aa8fd0  747       1       java.lang.invoke.DirectMethodHandle::internalMemberName (5 bytes)
Event: 1.074 Thread 0x000001a301aa8fd0 nmethod 747 0x000001a2b5a00810 code [0x000001a2b5a009a0, 0x000001a2b5a00a68]
Event: 1.074 Thread 0x000001a301aa8fd0  755       1       jdk.internal.org.objectweb.asm.MethodWriter::hasAsmInstructions (5 bytes)
Event: 1.074 Thread 0x000001a301aa8fd0 nmethod 755 0x000001a2b5a00e10 code [0x000001a2b5a00fa0, 0x000001a2b5a01070]
Event: 1.074 Thread 0x000001a301aa8fd0  761       3       java.util.Arrays::rangeCheck (74 bytes)
Event: 1.075 Thread 0x000001a301aa8fd0 nmethod 761 0x000001a2ae014990 code [0x000001a2ae014c40, 0x000001a2ae015568]
Event: 1.075 Thread 0x000001a301aa8fd0  762       3       java.lang.invoke.LambdaForm::parameterType (9 bytes)
Event: 1.075 Thread 0x000001a301aa8fd0 nmethod 762 0x000001a2ae015990 code [0x000001a2ae015b40, 0x000001a2ae015ca0]

GC Heap History (0 events):
No events

Dll operation events (8 events):
Event: 0.027 Loaded shared library c:\Users\Administrator\.cursor\extensions\redhat.java-1.42.0-win32-x64\jre\21.0.7-win32-x86_64\bin\java.dll
Event: 0.315 Loaded shared library c:\Users\Administrator\.cursor\extensions\redhat.java-1.42.0-win32-x64\jre\21.0.7-win32-x86_64\bin\zip.dll
Event: 0.355 Loaded shared library C:\Users\Administrator\.cursor\extensions\redhat.java-1.42.0-win32-x64\jre\21.0.7-win32-x86_64\bin\instrument.dll
Event: 0.365 Loaded shared library C:\Users\Administrator\.cursor\extensions\redhat.java-1.42.0-win32-x64\jre\21.0.7-win32-x86_64\bin\net.dll
Event: 0.371 Loaded shared library C:\Users\Administrator\.cursor\extensions\redhat.java-1.42.0-win32-x64\jre\21.0.7-win32-x86_64\bin\nio.dll
Event: 0.377 Loaded shared library C:\Users\Administrator\.cursor\extensions\redhat.java-1.42.0-win32-x64\jre\21.0.7-win32-x86_64\bin\zip.dll
Event: 0.416 Loaded shared library C:\Users\Administrator\.cursor\extensions\redhat.java-1.42.0-win32-x64\jre\21.0.7-win32-x86_64\bin\jimage.dll
Event: 0.571 Loaded shared library c:\Users\Administrator\.cursor\extensions\redhat.java-1.42.0-win32-x64\jre\21.0.7-win32-x86_64\bin\verify.dll

Deoptimization events (20 events):
Event: 0.891 Thread 0x000001a2aacf7ee0 Uncommon trap: trap_request=0xffffff45 fr.pc=0x000001a2b59f1b04 relative=0x0000000000000164
Event: 0.891 Thread 0x000001a2aacf7ee0 Uncommon trap: reason=unstable_if action=reinterpret pc=0x000001a2b59f1b04 method=jdk.internal.util.ArraysSupport.vectorizedHashCode(Ljava/lang/Object;IIII)I @ 2 c2
Event: 0.891 Thread 0x000001a2aacf7ee0 DEOPT PACKING pc=0x000001a2b59f1b04 sp=0x0000005e734fcaf0
Event: 0.891 Thread 0x000001a2aacf7ee0 DEOPT UNPACKING pc=0x000001a2b5473aa2 sp=0x0000005e734fcaa0 mode 2
Event: 0.904 Thread 0x000001a2aacf7ee0 Uncommon trap: trap_request=0xffffff45 fr.pc=0x000001a2b59e2d84 relative=0x00000000000000e4
Event: 0.904 Thread 0x000001a2aacf7ee0 Uncommon trap: reason=unstable_if action=reinterpret pc=0x000001a2b59e2d84 method=java.net.URI.match(CJJ)Z @ 45 c2
Event: 0.904 Thread 0x000001a2aacf7ee0 DEOPT PACKING pc=0x000001a2b59e2d84 sp=0x0000005e734fcd90
Event: 0.904 Thread 0x000001a2aacf7ee0 DEOPT UNPACKING pc=0x000001a2b5473aa2 sp=0x0000005e734fccf8 mode 2
Event: 0.968 Thread 0x000001a2aacf7ee0 Uncommon trap: trap_request=0xffffff45 fr.pc=0x000001a2b59e13c0 relative=0x00000000000001a0
Event: 0.968 Thread 0x000001a2aacf7ee0 Uncommon trap: reason=unstable_if action=reinterpret pc=0x000001a2b59e13c0 method=java.lang.StringUTF16.compress([CI[BII)I @ 20 c2
Event: 0.968 Thread 0x000001a2aacf7ee0 DEOPT PACKING pc=0x000001a2b59e13c0 sp=0x0000005e734fb800
Event: 0.968 Thread 0x000001a2aacf7ee0 DEOPT UNPACKING pc=0x000001a2b5473aa2 sp=0x0000005e734fb770 mode 2
Event: 0.993 Thread 0x000001a2aacf7ee0 Uncommon trap: trap_request=0xffffffde fr.pc=0x000001a2b59ee6c4 relative=0x0000000000000964
Event: 0.993 Thread 0x000001a2aacf7ee0 Uncommon trap: reason=class_check action=maybe_recompile pc=0x000001a2b59ee6c4 method=java.util.HashMap.putVal(ILjava/lang/Object;Ljava/lang/Object;ZZ)Ljava/lang/Object; @ 91 c2
Event: 0.993 Thread 0x000001a2aacf7ee0 DEOPT PACKING pc=0x000001a2b59ee6c4 sp=0x0000005e734fdb30
Event: 0.993 Thread 0x000001a2aacf7ee0 DEOPT UNPACKING pc=0x000001a2b5473aa2 sp=0x0000005e734fdae0 mode 2
Event: 0.994 Thread 0x000001a2aacf7ee0 Uncommon trap: trap_request=0xffffffde fr.pc=0x000001a2b59ee6c4 relative=0x0000000000000964
Event: 0.994 Thread 0x000001a2aacf7ee0 Uncommon trap: reason=class_check action=maybe_recompile pc=0x000001a2b59ee6c4 method=java.util.HashMap.putVal(ILjava/lang/Object;Ljava/lang/Object;ZZ)Ljava/lang/Object; @ 91 c2
Event: 0.994 Thread 0x000001a2aacf7ee0 DEOPT PACKING pc=0x000001a2b59ee6c4 sp=0x0000005e734fdc50
Event: 0.994 Thread 0x000001a2aacf7ee0 DEOPT UNPACKING pc=0x000001a2b5473aa2 sp=0x0000005e734fdbd0 mode 2

Classes loaded (20 events):
Event: 1.043 Loading class java/net/URISyntaxException
Event: 1.043 Loading class java/net/URISyntaxException done
Event: 1.044 Loading class java/security/Policy
Event: 1.045 Loading class java/security/Policy done
Event: 1.048 Loading class java/lang/SecurityException
Event: 1.048 Loading class java/lang/SecurityException done
Event: 1.050 Loading class java/nio/file/attribute/PosixFilePermissions
Event: 1.051 Loading class java/nio/file/attribute/PosixFilePermissions done
Event: 1.051 Loading class java/nio/file/attribute/PosixFilePermission
Event: 1.051 Loading class java/nio/file/attribute/PosixFilePermission done
Event: 1.052 Loading class java/lang/Thread$ThreadNumbering
Event: 1.052 Loading class java/lang/Thread$ThreadNumbering done
Event: 1.057 Loading class java/net/URL$ThreadTrackHolder
Event: 1.057 Loading class java/net/URL$ThreadTrackHolder done
Event: 1.057 Loading class java/net/URL$2
Event: 1.058 Loading class java/net/URL$2 done
Event: 1.058 Loading class java/net/URL$1
Event: 1.058 Loading class java/net/URL$1 done
Event: 1.058 Loading class java/net/spi/URLStreamHandlerProvider
Event: 1.058 Loading class java/net/spi/URLStreamHandlerProvider done

Classes unloaded (0 events):
No events

Classes redefined (0 events):
No events

Internal exceptions (14 events):
Event: 0.303 Thread 0x000001a2aacf7ee0 Exception <a 'java/lang/NoSuchMethodError'{0x00000000ead2a408}: 'void java.lang.invoke.DirectMethodHandle$Holder.invokeStatic(java.lang.Object, java.lang.Object, java.lang.Object)'> (0x00000000ead2a408) 
thrown [s\src\hotspot\share\interpreter\linkResolver.cpp, line 773]
Event: 0.404 Thread 0x000001a2aacf7ee0 Exception <a 'java/lang/NoSuchMethodError'{0x00000000eae92dd8}: 'java.lang.Object java.lang.invoke.Invokers$Holder.invokeExact_MT(java.lang.Object, java.lang.Object, java.lang.Object, java.lang.Object, java.lang.Object)'> (0x00000000eae92dd8) 
thrown [s\src\hotspot\share\interpreter\linkResolver.cpp, line 773]
Event: 0.480 Thread 0x000001a2aacf7ee0 Exception <a 'java/lang/NoSuchMethodError'{0x00000000eaf4c088}: 'int java.lang.invoke.DirectMethodHandle$Holder.invokeSpecial(java.lang.Object, java.lang.Object, java.lang.Object, int)'> (0x00000000eaf4c088) 
thrown [s\src\hotspot\share\interpreter\linkResolver.cpp, line 773]
Event: 0.487 Thread 0x000001a2aacf7ee0 Exception <a 'java/lang/NoSuchMethodError'{0x00000000eaf5ea70}: 'java.lang.Object java.lang.invoke.DirectMethodHandle$Holder.invokeStatic(java.lang.Object, java.lang.Object, java.lang.Object, java.lang.Object, int)'> (0x00000000eaf5ea70) 
thrown [s\src\hotspot\share\interpreter\linkResolver.cpp, line 773]
Event: 0.497 Thread 0x000001a2aacf7ee0 Exception <a 'java/lang/NoSuchMethodError'{0x00000000eaf69eb0}: 'void java.lang.invoke.DelegatingMethodHandle$Holder.reinvoke_L(java.lang.Object, java.lang.Object, java.lang.Object, int, java.lang.Object)'> (0x00000000eaf69eb0) 
thrown [s\src\hotspot\share\interpreter\linkResolver.cpp, line 773]
Event: 0.505 Thread 0x000001a2aacf7ee0 Exception <a 'java/lang/NoSuchMethodError'{0x00000000eaf7a800}: 'int java.lang.invoke.DirectMethodHandle$Holder.invokeSpecial(java.lang.Object, java.lang.Object, java.lang.Object)'> (0x00000000eaf7a800) 
thrown [s\src\hotspot\share\interpreter\linkResolver.cpp, line 773]
Event: 0.510 Thread 0x000001a2aacf7ee0 Exception <a 'java/lang/NoSuchMethodError'{0x00000000eaf864c0}: 'java.lang.Object java.lang.invoke.DirectMethodHandle$Holder.invokeStatic(java.lang.Object, java.lang.Object, int)'> (0x00000000eaf864c0) 
thrown [s\src\hotspot\share\interpreter\linkResolver.cpp, line 773]
Event: 0.511 Thread 0x000001a2aacf7ee0 Exception <a 'java/lang/NoSuchMethodError'{0x00000000eaf8ae10}: 'void java.lang.invoke.DirectMethodHandle$Holder.invokeStatic(java.lang.Object, java.lang.Object, int, java.lang.Object)'> (0x00000000eaf8ae10) 
thrown [s\src\hotspot\share\interpreter\linkResolver.cpp, line 773]
Event: 0.512 Thread 0x000001a2aacf7ee0 Exception <a 'java/lang/NoSuchMethodError'{0x00000000eaf8e9a0}: 'void java.lang.invoke.DirectMethodHandle$Holder.invokeSpecial(java.lang.Object, java.lang.Object, java.lang.Object, int, java.lang.Object)'> (0x00000000eaf8e9a0) 
thrown [s\src\hotspot\share\interpreter\linkResolver.cpp, line 773]
Event: 0.513 Thread 0x000001a2aacf7ee0 Exception <a 'java/lang/NoSuchMethodError'{0x00000000eaf92060}: 'void java.lang.invoke.DelegatingMethodHandle$Holder.delegate(java.lang.Object, java.lang.Object, int, java.lang.Object)'> (0x00000000eaf92060) 
thrown [s\src\hotspot\share\interpreter\linkResolver.cpp, line 773]
Event: 0.622 Thread 0x000001a2aacf7ee0 Exception <a 'java/lang/NoSuchMethodError'{0x00000000eb14fea8}: 'void java.lang.invoke.DelegatingMethodHandle$Holder.reinvoke_L(java.lang.Object, java.lang.Object, java.lang.Object, int)'> (0x00000000eb14fea8) 
thrown [s\src\hotspot\share\interpreter\linkResolver.cpp, line 773]
Event: 0.875 Thread 0x000001a2aacf7ee0 Exception <a 'java/lang/NoSuchMethodError'{0x00000000eb5da418}: 'void java.lang.invoke.DirectMethodHandle$Holder.invokeVirtual(java.lang.Object, java.lang.Object)'> (0x00000000eb5da418) 
thrown [s\src\hotspot\share\interpreter\linkResolver.cpp, line 773]
Event: 1.054 Thread 0x000001a2aacf7ee0 Exception <a 'java/lang/NoSuchMethodError'{0x00000000eb9be6a8}: 'void java.lang.invoke.DirectMethodHandle$Holder.invokeStatic(java.lang.Object, java.lang.Object)'> (0x00000000eb9be6a8) 
thrown [s\src\hotspot\share\interpreter\linkResolver.cpp, line 773]
Event: 1.061 Thread 0x000001a2aacf7ee0 Exception <a 'java/lang/ClassNotFoundException'{0x00000000eb9e6830}: sun/net/www/protocol/c/Handler> (0x00000000eb9e6830) 
thrown [s\src\hotspot\share\classfile\systemDictionary.cpp, line 312]

ZGC Phase Switch (0 events):
No events

VM Operations (6 events):
Event: 0.313 Executing VM operation: HandshakeAllThreads (Deoptimize)
Event: 0.313 Executing VM operation: HandshakeAllThreads (Deoptimize) done
Event: 0.447 Executing VM operation: HandshakeAllThreads (Deoptimize)
Event: 0.447 Executing VM operation: HandshakeAllThreads (Deoptimize) done
Event: 1.047 Executing VM operation: HandshakeAllThreads (Deoptimize)
Event: 1.048 Executing VM operation: HandshakeAllThreads (Deoptimize) done

Memory protections (0 events):
No events

Nmethod flushes (0 events):
No events

Events (11 events):
Event: 0.109 Thread 0x000001a2aacf7ee0 Thread added: 0x000001a2aacf7ee0
Event: 0.183 Thread 0x000001a2aacf7ee0 Thread added: 0x000001a2aadbd100
Event: 0.184 Thread 0x000001a2aacf7ee0 Thread added: 0x000001a2aadbe760
Event: 0.185 Thread 0x000001a2aacf7ee0 Thread added: 0x000001a3001c5790
Event: 0.185 Thread 0x000001a2aacf7ee0 Thread added: 0x000001a3001c61e0
Event: 0.185 Thread 0x000001a2aacf7ee0 Thread added: 0x000001a3001c6c30
Event: 0.185 Thread 0x000001a2aacf7ee0 Thread added: 0x000001a3001c7680
Event: 0.186 Thread 0x000001a2aacf7ee0 Thread added: 0x000001a3001c8400
Event: 0.195 Thread 0x000001a2aacf7ee0 Thread added: 0x000001a301aa8fd0
Event: 0.281 Thread 0x000001a2aacf7ee0 Thread added: 0x000001a301b38c10
Event: 0.751 Thread 0x000001a2aacf7ee0 Thread added: 0x000001a301d4df40


Dynamic libraries:
0x00007ff700220000 - 0x00007ff70022e000 	c:\Users\Administrator\.cursor\extensions\redhat.java-1.42.0-win32-x64\jre\21.0.7-win32-x86_64\bin\java.exe
0x00007fffa7700000 - 0x00007fffa78f0000 	C:\Windows\SYSTEM32\ntdll.dll
0x00007fffa57b0000 - 0x00007fffa5862000 	C:\Windows\System32\KERNEL32.DLL
0x00007fffa4a50000 - 0x00007fffa4cf5000 	C:\Windows\System32\KERNELBASE.dll
0x00007fffa4f00000 - 0x00007fffa4ffa000 	C:\Windows\System32\ucrtbase.dll
0x00007fff54fa0000 - 0x00007fff54fb8000 	c:\Users\Administrator\.cursor\extensions\redhat.java-1.42.0-win32-x64\jre\21.0.7-win32-x86_64\bin\jli.dll
0x00007fffa64e0000 - 0x00007fffa6674000 	C:\Windows\System32\USER32.dll
0x00007fffa4670000 - 0x00007fffa4691000 	C:\Windows\System32\win32u.dll
0x00007fffa74d0000 - 0x00007fffa74f6000 	C:\Windows\System32\GDI32.dll
0x00007fffa4730000 - 0x00007fffa48c8000 	C:\Windows\System32\gdi32full.dll
0x00007fffa4d00000 - 0x00007fffa4d9e000 	C:\Windows\System32\msvcp_win.dll
0x00007fff54f80000 - 0x00007fff54f9e000 	c:\Users\Administrator\.cursor\extensions\redhat.java-1.42.0-win32-x64\jre\21.0.7-win32-x86_64\bin\VCRUNTIME140.dll
0x00007fff92270000 - 0x00007fff924f4000 	C:\Windows\WinSxS\amd64_microsoft.windows.common-controls_6595b64144ccf1df_6.0.18362.1556_none_9e7e372fe45e41d5\COMCTL32.dll
0x00007fffa70a0000 - 0x00007fffa713e000 	C:\Windows\System32\msvcrt.dll
0x00007fffa6130000 - 0x00007fffa6466000 	C:\Windows\System32\combase.dll
0x00007fffa6000000 - 0x00007fffa611f000 	C:\Windows\System32\RPCRT4.dll
0x00007fffa46a0000 - 0x00007fffa4721000 	C:\Windows\System32\bcryptPrimitives.dll
0x00007fffa7140000 - 0x00007fffa716e000 	C:\Windows\System32\IMM32.DLL
0x00007fff92070000 - 0x00007fff9207c000 	c:\Users\Administrator\.cursor\extensions\redhat.java-1.42.0-win32-x64\jre\21.0.7-win32-x86_64\bin\vcruntime140_1.dll
0x00007fff518b0000 - 0x00007fff5193d000 	c:\Users\Administrator\.cursor\extensions\redhat.java-1.42.0-win32-x64\jre\21.0.7-win32-x86_64\bin\msvcp140.dll
0x00007fff494c0000 - 0x00007fff4a250000 	c:\Users\Administrator\.cursor\extensions\redhat.java-1.42.0-win32-x64\jre\21.0.7-win32-x86_64\bin\server\jvm.dll
0x00007fffa6ad0000 - 0x00007fffa6b73000 	C:\Windows\System32\ADVAPI32.dll
0x00007fffa7430000 - 0x00007fffa74c7000 	C:\Windows\System32\sechost.dll
0x00007fffa45e0000 - 0x00007fffa462a000 	C:\Windows\System32\POWRPROF.dll
0x00007fffa45b0000 - 0x00007fffa45c0000 	C:\Windows\System32\UMPDC.dll
0x00007fffa7170000 - 0x00007fffa71df000 	C:\Windows\System32\WS2_32.dll
0x00007fff92510000 - 0x00007fff92534000 	C:\Windows\SYSTEM32\WINMM.dll
0x00007fff9c3f0000 - 0x00007fff9c3fa000 	C:\Windows\SYSTEM32\VERSION.dll
0x00007fff92240000 - 0x00007fff9226d000 	C:\Windows\SYSTEM32\WINMMBASE.dll
0x00007fffa4950000 - 0x00007fffa499a000 	C:\Windows\System32\cfgmgr32.dll
0x00007fffa4650000 - 0x00007fffa4661000 	C:\Windows\System32\kernel.appcore.dll
0x00007fff86d80000 - 0x00007fff86d8a000 	c:\Users\Administrator\.cursor\extensions\redhat.java-1.42.0-win32-x64\jre\21.0.7-win32-x86_64\bin\jimage.dll
0x00007fffa2eb0000 - 0x00007fffa30a4000 	C:\Windows\SYSTEM32\DBGHELP.DLL
0x00007fff9a7e0000 - 0x00007fff9a80a000 	C:\Windows\SYSTEM32\dbgcore.DLL
0x00007fff805a0000 - 0x00007fff805af000 	c:\Users\Administrator\.cursor\extensions\redhat.java-1.42.0-win32-x64\jre\21.0.7-win32-x86_64\bin\instrument.dll
0x00007fff53210000 - 0x00007fff5322f000 	c:\Users\Administrator\.cursor\extensions\redhat.java-1.42.0-win32-x64\jre\21.0.7-win32-x86_64\bin\java.dll
0x00007fffa58f0000 - 0x00007fffa5fd7000 	C:\Windows\System32\SHELL32.dll
0x00007fffa66e0000 - 0x00007fffa6788000 	C:\Windows\System32\shcore.dll
0x00007fffa5000000 - 0x00007fffa577b000 	C:\Windows\System32\windows.storage.dll
0x00007fffa4630000 - 0x00007fffa464e000 	C:\Windows\System32\profapi.dll
0x00007fffa68d0000 - 0x00007fffa6922000 	C:\Windows\System32\shlwapi.dll
0x00007fffa48d0000 - 0x00007fffa48e7000 	C:\Windows\System32\cryptsp.dll
0x00007fff519e0000 - 0x00007fff519f8000 	c:\Users\Administrator\.cursor\extensions\redhat.java-1.42.0-win32-x64\jre\21.0.7-win32-x86_64\bin\zip.dll
0x00007fff7f2b0000 - 0x00007fff7f2c0000 	C:\Users\Administrator\.cursor\extensions\redhat.java-1.42.0-win32-x64\jre\21.0.7-win32-x86_64\bin\net.dll
0x00007fff9d670000 - 0x00007fff9d76a000 	C:\Windows\SYSTEM32\WINHTTP.dll
0x00007fffa3df0000 - 0x00007fffa3e57000 	C:\Windows\system32\mswsock.dll
0x00007fff519c0000 - 0x00007fff519d6000 	C:\Users\Administrator\.cursor\extensions\redhat.java-1.42.0-win32-x64\jre\21.0.7-win32-x86_64\bin\nio.dll
0x00007fff7ded0000 - 0x00007fff7dee0000 	c:\Users\Administrator\.cursor\extensions\redhat.java-1.42.0-win32-x64\jre\21.0.7-win32-x86_64\bin\verify.dll

dbghelp: loaded successfully - version: 4.0.5 - missing functions: none
symbol engine: initialized successfully - sym options: 0x614 - pdb path: .;c:\Users\Administrator\.cursor\extensions\redhat.java-1.42.0-win32-x64\jre\21.0.7-win32-x86_64\bin;C:\Windows\SYSTEM32;C:\Windows\WinSxS\amd64_microsoft.windows.common-controls_6595b64144ccf1df_6.0.18362.1556_none_9e7e372fe45e41d5;c:\Users\Administrator\.cursor\extensions\redhat.java-1.42.0-win32-x64\jre\21.0.7-win32-x86_64\bin\server

VM Arguments:
jvm_args: --add-modules=ALL-SYSTEM --add-opens=java.base/java.util=ALL-UNNAMED --add-opens=java.base/java.lang=ALL-UNNAMED --add-opens=java.base/sun.nio.fs=ALL-UNNAMED -Declipse.application=org.eclipse.jdt.ls.core.id1 -Dosgi.bundles.defaultStartLevel=4 -Declipse.product=org.eclipse.jdt.ls.core.product -Djava.import.generatesMetadataFilesAtProjectRoot=false -DDetectVMInstallationsJob.disabled=true -Dfile.encoding=utf8 -XX:+UseParallelGC -XX:GCTimeRatio=4 -XX:AdaptiveSizePolicyWeight=90 -Dsun.zip.disableMemoryMapping=true -Xmx1G -Xms100m -Xlog:disable -javaagent:c:\Users\Administrator\.cursor\extensions\redhat.java-1.42.0-win32-x64\lombok\lombok-1.18.36.jar -XX:+HeapDumpOnOutOfMemoryError -XX:HeapDumpPath=c:\Users\Administrator\AppData\Roaming\Cursor\User\workspaceStorage\9dc1cad281cafc8938dd036e9dabeaab\redhat.java -Daether.dependencyCollector.impl=bf 
java_command: c:\Users\Administrator\.cursor\extensions\redhat.java-1.42.0-win32-x64\server\plugins\org.eclipse.equinox.launcher_1.7.0.v20250424-1814.jar -configuration c:\Users\Administrator\AppData\Roaming\Cursor\User\globalStorage\redhat.java\1.42.0\config_win -data c:\Users\Administrator\AppData\Roaming\Cursor\User\workspaceStorage\9dc1cad281cafc8938dd036e9dabeaab\redhat.java\jdt_ws --pipe=\\.\pipe\lsp-46dc6b1d3d6e7edec94727d03df8a24d-sock
java_class_path (initial): c:\Users\Administrator\.cursor\extensions\redhat.java-1.42.0-win32-x64\server\plugins\org.eclipse.equinox.launcher_1.7.0.v20250424-1814.jar
Launcher Type: SUN_STANDARD

[Global flags]
    uintx AdaptiveSizePolicyWeight                 = 90                                        {product} {command line}
     intx CICompilerCount                          = 4                                         {product} {ergonomic}
    uintx GCTimeRatio                              = 4                                         {product} {command line}
     bool HeapDumpOnOutOfMemoryError               = true                                   {manageable} {command line}
    ccstr HeapDumpPath                             = c:\Users\Administrator\AppData\Roaming\Cursor\User\workspaceStorage\9dc1cad281cafc8938dd036e9dabeaab\redhat.java         {manageable} {command line}
   size_t InitialHeapSize                          = 104857600                                 {product} {command line}
   size_t MaxHeapSize                              = 1073741824                                {product} {command line}
   size_t MaxNewSize                               = 357564416                                 {product} {ergonomic}
   size_t MinHeapDeltaBytes                        = 524288                                    {product} {ergonomic}
   size_t MinHeapSize                              = 104857600                                 {product} {command line}
   size_t NewSize                                  = 34603008                                  {product} {ergonomic}
    uintx NonNMethodCodeHeapSize                   = 5839372                                {pd product} {ergonomic}
    uintx NonProfiledCodeHeapSize                  = 122909434                              {pd product} {ergonomic}
   size_t OldSize                                  = 70254592                                  {product} {ergonomic}
    uintx ProfiledCodeHeapSize                     = 122909434                              {pd product} {ergonomic}
    uintx ReservedCodeCacheSize                    = 251658240                              {pd product} {ergonomic}
     bool SegmentedCodeCache                       = true                                      {product} {ergonomic}
   size_t SoftMaxHeapSize                          = 1073741824                             {manageable} {ergonomic}
     bool UseCompressedOops                        = true                           {product lp64_product} {ergonomic}
     bool UseLargePagesIndividualAllocation        = false                                  {pd product} {ergonomic}
     bool UseParallelGC                            = true                                      {product} {command line}

Logging:
Log output configuration:
 #0: stdout all=off uptime,level,tags foldmultilines=false
 #1: stderr all=off uptime,level,tags foldmultilines=false

Environment Variables:
JAVA_HOME=D:\datn\jdk-17.0.16+8
PATH=C:\Program Files\Python313\Scripts\;C:\Program Files\Python313\;C:\php-8.3.14-nts-Win32-vs16-x64;C:\Windows\system32;C:\Windows;C:\Windows\System32\Wbem;C:\Windows\System32\WindowsPowerShell\v1.0\;C:\Windows\System32\OpenSSH\;C:\Program Files\Microsoft SQL Server\Client SDK\ODBC\170\Tools\Binn\;C:\Program Files (x86)\Microsoft SQL Server\150\Tools\Binn\;C:\Program Files\Microsoft SQL Server\150\Tools\Binn\;C:\Program Files\Microsoft SQL Server\150\DTS\Binn\;C:\Program Files\Azure Data Studio\bin;C:\Program Files\dotnet\;D:\Git\cmd;C:\php-8.4.0-nts-Win32-vs17-x64;C:\ProgramData\ComposerSetup\bin;D:\datn\jdk-17.0.16+8\bin;C:\axis2-1.8.2\bin;D:\datn\apache-maven-3.9.11\bin;C:\Program Files\nodejs\;C:\php-8.4.0-nts-Win32-vs17-x64;C:\Users\Administrator\AppData\Local\Microsoft\WindowsApps;C:\Program Files\Azure Data Studio\bin;C:\Users\Administrator\AppData\Local\Programs\Microsoft VS Code\bin;C:\Users\Administrator\.dotnet\tools;C:\php-8.3.14-nts-Win32-vs16-x64;C:\Users\Administrator\AppData\Roaming\Composer\vendor\bin;D:\datn\jdk-17.0.16+8;C:\axis2-1.8.2;D:\cursor\resources\app\bin;D:\datn\apache-maven-3.9.11\bin;C:\Users\Administrator\AppData\Roaming\npm
USERNAME=Administrator
OS=Windows_NT
PROCESSOR_IDENTIFIER=Intel64 Family 6 Model 142 Stepping 12, GenuineIntel
TMP=C:\Users\ADMINI~1\AppData\Local\Temp
TEMP=C:\Users\ADMINI~1\AppData\Local\Temp




Periodic native trim disabled

---------------  S Y S T E M  ---------------

OS:
 Windows 10 , 64 bit Build 18362 (10.0.18362.1500)
OS uptime: 3 days 5:27 hours

CPU: total 8 (initial active 8) (4 cores per cpu, 2 threads per core) family 6 model 142 stepping 12 microcode 0xde, cx8, cmov, fxsr, ht, mmx, 3dnowpref, sse, sse2, sse3, ssse3, sse4.1, sse4.2, popcnt, lzcnt, tsc, tscinvbit, avx, avx2, aes, erms, clmul, bmi1, bmi2, adx, fma, vzeroupper, clflush, clflushopt, rdtscp, f16c
Processor Information for the first 8 processors :
  Max Mhz: 1800, Current Mhz: 1600, Mhz Limit: 1584

Memory: 4k page, system-wide physical 3889M (126M free)
TotalPageFile size 15665M (AvailPageFile size 7M)
current process WorkingSet (physical memory assigned to process): 57M, peak: 58M
current process commit charge ("private bytes"): 195M, peak: 196M

vm_info: OpenJDK 64-Bit Server VM (21.0.7+6-LTS) for windows-amd64 JRE (21.0.7+6-LTS), built on 2025-04-15T00:00:00Z by "admin" with MS VC++ 17.7 (VS2022)

END.
