[INFO] Scanning for projects...
[INFO] 
[INFO] ---------------------< haukientruc:hr-management >----------------------
[INFO] Building hr-management 0.0.1-SNAPSHOT
[INFO]   from pom.xml
[INFO] --------------------------------[ jar ]---------------------------------
[INFO] 
[INFO] >>> spring-boot:3.5.6:run (default-cli) > test-compile @ hr-management >>>
[INFO] 
[INFO] --- resources:3.3.1:resources (default-resources) @ hr-management ---
[INFO] Copying 1 resource from src\main\resources to target\classes
[INFO] Copying 1 resource from src\main\resources to target\classes
[INFO] 
[INFO] --- compiler:3.14.0:compile (default-compile) @ hr-management ---
[INFO] Nothing to compile - all classes are up to date.
[INFO] 
[INFO] --- resources:3.3.1:testResources (default-testResources) @ hr-management ---
[INFO] skip non existing resourceDirectory D:\datn\my-project\hr-management\src\test\resources
[INFO] 
[INFO] --- compiler:3.14.0:testCompile (default-testCompile) @ hr-management ---
[INFO] Nothing to compile - all classes are up to date.
[INFO] 
[INFO] <<< spring-boot:3.5.6:run (default-cli) < test-compile @ hr-management <<<
[INFO] 
[INFO] 
[INFO] --- spring-boot:3.5.6:run (default-cli) @ hr-management ---
[INFO] Attaching agents: []

  .   ____          _            __ _ _
 /\\ / ___'_ __ _ _(_)_ __  __ _ \ \ \ \
( ( )\___ | '_ | '_| | '_ \/ _` | \ \ \ \
 \\/  ___)| |_)| | | | | || (_| |  ) ) ) )
  '  |____| .__|_| |_|_| |_\__, | / / / /
 =========|_|==============|___/=/_/_/_/

 :: Spring Boot ::                (v3.5.6)

2025-12-26T17:17:29.976+07:00  INFO 6584 --- [  restartedMain] haukientruc.hr.HrManagementApplication   : Starting HrManagementApplication using Java 17.0.16 with PID 6584 (D:\datn\my-project\hr-management\target\classes started by Administrator in D:\datn\my-project\hr-management)
2025-12-26T17:17:29.979+07:00 DEBUG 6584 --- [  restartedMain] haukientruc.hr.HrManagementApplication   : Running with Spring Boot v3.5.6, Spring v6.2.11
2025-12-26T17:17:29.980+07:00  INFO 6584 --- [  restartedMain] haukientruc.hr.HrManagementApplication   : No active profile set, falling back to 1 default profile: "default"
2025-12-26T17:17:30.045+07:00  INFO 6584 --- [  restartedMain] .e.DevToolsPropertyDefaultsPostProcessor : Devtools property defaults active! Set 'spring.devtools.add-properties' to 'false' to disable
2025-12-26T17:17:30.045+07:00  INFO 6584 --- [  restartedMain] .e.DevToolsPropertyDefaultsPostProcessor : For additional web related logging consider setting the 'logging.level.web' property to 'DEBUG'
2025-12-26T17:17:31.317+07:00  INFO 6584 --- [  restartedMain] .s.d.r.c.RepositoryConfigurationDelegate : Bootstrapping Spring Data JPA repositories in DEFAULT mode.
2025-12-26T17:17:31.456+07:00  INFO 6584 --- [  restartedMain] .s.d.r.c.RepositoryConfigurationDelegate : Finished Spring Data repository scanning in 121 ms. Found 10 JPA repository interfaces.
2025-12-26T17:17:32.193+07:00  INFO 6584 --- [  restartedMain] o.s.b.w.embedded.tomcat.TomcatWebServer  : Tomcat initialized with port 8080 (http)
2025-12-26T17:17:32.214+07:00  INFO 6584 --- [  restartedMain] o.apache.catalina.core.StandardService   : Starting service [Tomcat]
2025-12-26T17:17:32.214+07:00  INFO 6584 --- [  restartedMain] o.apache.catalina.core.StandardEngine    : Starting Servlet engine: [Apache Tomcat/10.1.46]
2025-12-26T17:17:32.273+07:00  INFO 6584 --- [  restartedMain] o.a.c.c.C.[Tomcat].[localhost].[/]       : Initializing Spring embedded WebApplicationContext
2025-12-26T17:17:32.274+07:00  INFO 6584 --- [  restartedMain] w.s.c.ServletWebServerApplicationContext : Root WebApplicationContext: initialization completed in 2227 ms
2025-12-26T17:17:32.338+07:00 DEBUG 6584 --- [  restartedMain] h.hr.security.JwtAuthenticationFilter    : Filter 'jwtAuthenticationFilter' configured for use
2025-12-26T17:17:32.393+07:00  INFO 6584 --- [  restartedMain] com.zaxxer.hikari.HikariDataSource       : HikariPool-1 - Starting...
2025-12-26T17:17:32.701+07:00  INFO 6584 --- [  restartedMain] com.zaxxer.hikari.pool.HikariPool        : HikariPool-1 - Added connection org.postgresql.jdbc.PgConnection@6ca15c2a
2025-12-26T17:17:32.703+07:00  INFO 6584 --- [  restartedMain] com.zaxxer.hikari.HikariDataSource       : HikariPool-1 - Start completed.
2025-12-26T17:17:32.781+07:00  INFO 6584 --- [  restartedMain] o.hibernate.jpa.internal.util.LogHelper  : HHH000204: Processing PersistenceUnitInfo [name: default]
2025-12-26T17:17:32.848+07:00  INFO 6584 --- [  restartedMain] org.hibernate.Version                    : HHH000412: Hibernate ORM core version 6.6.29.Final
2025-12-26T17:17:32.893+07:00  INFO 6584 --- [  restartedMain] o.h.c.internal.RegionFactoryInitiator    : HHH000026: Second-level cache disabled
2025-12-26T17:17:33.235+07:00  INFO 6584 --- [  restartedMain] o.s.o.j.p.SpringPersistenceUnitInfo      : No LoadTimeWeaver setup: ignoring JPA class transformer
2025-12-26T17:17:33.356+07:00  WARN 6584 --- [  restartedMain] org.hibernate.orm.deprecation            : HHH90000025: PostgreSQLDialect does not need to be specified explicitly using 'hibernate.dialect' (remove the property setting and it will be selected by default)
2025-12-26T17:17:33.378+07:00  INFO 6584 --- [  restartedMain] org.hibernate.orm.connections.pooling    : HHH10001005: Database info:
	Database JDBC URL [Connecting through datasource 'HikariDataSource (HikariPool-1)']
	Database driver: undefined/unknown
	Database version: 17.5
	Autocommit mode: undefined/unknown
	Isolation level: undefined/unknown
	Minimum pool size: undefined/unknown
	Maximum pool size: undefined/unknown
2025-12-26T17:17:34.915+07:00  INFO 6584 --- [  restartedMain] o.h.e.t.j.p.i.JtaPlatformInitiator       : HHH000489: No JTA platform available (set 'hibernate.transaction.jta.platform' to enable JTA platform integration)
2025-12-26T17:17:36.344+07:00  INFO 6584 --- [  restartedMain] j.LocalContainerEntityManagerFactoryBean : Initialized JPA EntityManagerFactory for persistence unit 'default'
2025-12-26T17:17:36.766+07:00  INFO 6584 --- [  restartedMain] o.s.d.j.r.query.QueryEnhancerFactory     : Hibernate is in classpath; If applicable, HQL parser will be used.
2025-12-26T17:17:37.796+07:00  INFO 6584 --- [  restartedMain] haukientruc.hr.service.LuceneService     : Lucene index directory initialized at: lucene-index/master
Hibernate: select u1_0.user_id,u1_0.avatar,u1_0.cccd,u1_0.contract_end,u1_0.contract_start,u1_0.created_at,u1_0.department_id,u1_0.dob,u1_0.education_level,u1_0.email,u1_0.ethnicity,u1_0.faculty_id,u1_0.full_name,u1_0.gender,u1_0.is_active,u1_0.join_date,u1_0.nationality,u1_0.password_hash,u1_0.phone,u1_0.position_id,u1_0.role_id,u1_0.status,u1_0.username,u1_0.working_status from users u1_0
Hibernate: select r1_0.role_id,r1_0.role_code,r1_0.role_name from roles r1_0 where r1_0.role_id=?
Hibernate: select r1_0.role_id,r1_0.role_code,r1_0.role_name from roles r1_0 where r1_0.role_id=?
Hibernate: select r1_0.role_id,r1_0.role_code,r1_0.role_name from roles r1_0 where r1_0.role_id=?
Hibernate: select r1_0.role_id,r1_0.role_code,r1_0.role_name from roles r1_0 where r1_0.role_id=?
2025-12-26T17:17:39.480+07:00  INFO 6584 --- [  restartedMain] haukientruc.hr.service.UserService       : Finished initial indexing of 4 users
2025-12-26T17:17:39.691+07:00  WARN 6584 --- [  restartedMain] JpaBaseConfiguration$JpaWebConfiguration : spring.jpa.open-in-view is enabled by default. Therefore, database queries may be performed during view rendering. Explicitly configure spring.jpa.open-in-view to disable this warning
2025-12-26T17:17:39.903+07:00  INFO 6584 --- [  restartedMain] r$InitializeUserDetailsManagerConfigurer : Global AuthenticationManager configured with UserDetailsService bean with name userDetailsServiceImpl
2025-12-26T17:17:40.072+07:00 DEBUG 6584 --- [  restartedMain] o.s.s.web.DefaultSecurityFilterChain     : Will secure any request with filters: DisableEncodeUrlFilter, WebAsyncManagerIntegrationFilter, SecurityContextHolderFilter, HeaderWriterFilter, CorsFilter, LogoutFilter, JwtAuthenticationFilter, RequestCacheAwareFilter, SecurityContextHolderAwareRequestFilter, AnonymousAuthenticationFilter, SessionManagementFilter, ExceptionTranslationFilter, AuthorizationFilter
2025-12-26T17:17:40.309+07:00  INFO 6584 --- [  restartedMain] o.s.b.d.a.OptionalLiveReloadServer       : LiveReload server is running on port 35729
2025-12-26T17:17:40.366+07:00  INFO 6584 --- [  restartedMain] o.s.b.w.embedded.tomcat.TomcatWebServer  : Tomcat started on port 8080 (http) with context path '/'
2025-12-26T17:17:40.384+07:00  INFO 6584 --- [  restartedMain] haukientruc.hr.HrManagementApplication   : Started HrManagementApplication in 10.958 seconds (process running for 11.635)
Hibernate: select u1_0.user_id,u1_0.avatar,u1_0.cccd,u1_0.contract_end,u1_0.contract_start,u1_0.created_at,u1_0.department_id,u1_0.dob,u1_0.education_level,u1_0.email,u1_0.ethnicity,u1_0.faculty_id,u1_0.full_name,u1_0.gender,u1_0.is_active,u1_0.join_date,u1_0.nationality,u1_0.password_hash,u1_0.phone,u1_0.position_id,u1_0.role_id,u1_0.status,u1_0.username,u1_0.working_status from users u1_0
Hibernate: select r1_0.role_id,r1_0.role_code,r1_0.role_name from roles r1_0 where r1_0.role_id=?
Hibernate: select r1_0.role_id,r1_0.role_code,r1_0.role_name from roles r1_0 where r1_0.role_id=?
Hibernate: select r1_0.role_id,r1_0.role_code,r1_0.role_name from roles r1_0 where r1_0.role_id=?
Hibernate: select r1_0.role_id,r1_0.role_code,r1_0.role_name from roles r1_0 where r1_0.role_id=?
?? Starting system initialization...
? Schema fixed: Column 'avatar' changed to TEXT
? Role checked/seeded: admin
? Role checked/seeded: hieu_truong
? Role checked/seeded: truong_don_vi
? Role checked/seeded: nhan_su
? User checked/seeded: admin with role admin
? User checked/seeded: hieutruong with role hieu_truong
? User checked/seeded: truongkhoa with role truong_don_vi
? User checked/seeded: giangvien with role nhan_su
? System ready for login!
